[2023-12-03T18:18:45.306+0000] {processor.py:157} INFO - Started process (PID=38) to work on /home/airflow/.local/lib/python3.8/site-packages/airflow/example_dags/example_params_trigger_ui.py
[2023-12-03T18:18:45.308+0000] {processor.py:829} INFO - Processing file /home/airflow/.local/lib/python3.8/site-packages/airflow/example_dags/example_params_trigger_ui.py for tasks to queue
[2023-12-03T18:18:45.312+0000] {logging_mixin.py:154} INFO - [2023-12-03T18:18:45.312+0000] {dagbag.py:536} INFO - Filling up the DagBag from /home/airflow/.local/lib/python3.8/site-packages/airflow/example_dags/example_params_trigger_ui.py
[2023-12-03T18:18:45.360+0000] {processor.py:839} INFO - DAG(s) dict_keys(['example_params_trigger_ui']) retrieved from /home/airflow/.local/lib/python3.8/site-packages/airflow/example_dags/example_params_trigger_ui.py
[2023-12-03T18:18:45.507+0000] {logging_mixin.py:154} INFO - [2023-12-03T18:18:45.506+0000] {dag.py:2941} INFO - Sync 1 DAGs
[2023-12-03T18:18:45.539+0000] {logging_mixin.py:154} INFO - [2023-12-03T18:18:45.538+0000] {dag.py:3722} INFO - Setting next_dagrun for example_params_trigger_ui to None, run_after=None
[2023-12-03T18:18:45.579+0000] {processor.py:179} INFO - Processing /home/airflow/.local/lib/python3.8/site-packages/airflow/example_dags/example_params_trigger_ui.py took 0.279 seconds
[2023-12-03T18:19:15.723+0000] {processor.py:157} INFO - Started process (PID=92) to work on /home/airflow/.local/lib/python3.8/site-packages/airflow/example_dags/example_params_trigger_ui.py
[2023-12-03T18:19:15.725+0000] {processor.py:829} INFO - Processing file /home/airflow/.local/lib/python3.8/site-packages/airflow/example_dags/example_params_trigger_ui.py for tasks to queue
[2023-12-03T18:19:15.730+0000] {logging_mixin.py:154} INFO - [2023-12-03T18:19:15.729+0000] {dagbag.py:536} INFO - Filling up the DagBag from /home/airflow/.local/lib/python3.8/site-packages/airflow/example_dags/example_params_trigger_ui.py
[2023-12-03T18:19:15.762+0000] {processor.py:839} INFO - DAG(s) dict_keys(['example_params_trigger_ui']) retrieved from /home/airflow/.local/lib/python3.8/site-packages/airflow/example_dags/example_params_trigger_ui.py
[2023-12-03T18:19:15.858+0000] {logging_mixin.py:154} INFO - [2023-12-03T18:19:15.858+0000] {dag.py:2941} INFO - Sync 1 DAGs
[2023-12-03T18:19:15.887+0000] {logging_mixin.py:154} INFO - [2023-12-03T18:19:15.887+0000] {dag.py:3722} INFO - Setting next_dagrun for example_params_trigger_ui to None, run_after=None
[2023-12-03T18:19:15.945+0000] {processor.py:179} INFO - Processing /home/airflow/.local/lib/python3.8/site-packages/airflow/example_dags/example_params_trigger_ui.py took 0.229 seconds
[2023-12-03T18:19:46.538+0000] {processor.py:157} INFO - Started process (PID=146) to work on /home/airflow/.local/lib/python3.8/site-packages/airflow/example_dags/example_params_trigger_ui.py
[2023-12-03T18:19:46.540+0000] {processor.py:829} INFO - Processing file /home/airflow/.local/lib/python3.8/site-packages/airflow/example_dags/example_params_trigger_ui.py for tasks to queue
[2023-12-03T18:19:46.545+0000] {logging_mixin.py:154} INFO - [2023-12-03T18:19:46.544+0000] {dagbag.py:536} INFO - Filling up the DagBag from /home/airflow/.local/lib/python3.8/site-packages/airflow/example_dags/example_params_trigger_ui.py
[2023-12-03T18:19:46.581+0000] {processor.py:839} INFO - DAG(s) dict_keys(['example_params_trigger_ui']) retrieved from /home/airflow/.local/lib/python3.8/site-packages/airflow/example_dags/example_params_trigger_ui.py
[2023-12-03T18:19:46.603+0000] {logging_mixin.py:154} INFO - [2023-12-03T18:19:46.603+0000] {dag.py:2941} INFO - Sync 1 DAGs
[2023-12-03T18:19:46.631+0000] {logging_mixin.py:154} INFO - [2023-12-03T18:19:46.630+0000] {dag.py:3722} INFO - Setting next_dagrun for example_params_trigger_ui to None, run_after=None
[2023-12-03T18:19:46.676+0000] {processor.py:179} INFO - Processing /home/airflow/.local/lib/python3.8/site-packages/airflow/example_dags/example_params_trigger_ui.py took 0.144 seconds
[2023-12-03T18:20:17.138+0000] {processor.py:157} INFO - Started process (PID=200) to work on /home/airflow/.local/lib/python3.8/site-packages/airflow/example_dags/example_params_trigger_ui.py
[2023-12-03T18:20:17.139+0000] {processor.py:829} INFO - Processing file /home/airflow/.local/lib/python3.8/site-packages/airflow/example_dags/example_params_trigger_ui.py for tasks to queue
[2023-12-03T18:20:17.144+0000] {logging_mixin.py:154} INFO - [2023-12-03T18:20:17.143+0000] {dagbag.py:536} INFO - Filling up the DagBag from /home/airflow/.local/lib/python3.8/site-packages/airflow/example_dags/example_params_trigger_ui.py
[2023-12-03T18:20:17.174+0000] {processor.py:839} INFO - DAG(s) dict_keys(['example_params_trigger_ui']) retrieved from /home/airflow/.local/lib/python3.8/site-packages/airflow/example_dags/example_params_trigger_ui.py
[2023-12-03T18:20:17.290+0000] {logging_mixin.py:154} INFO - [2023-12-03T18:20:17.290+0000] {dag.py:2941} INFO - Sync 1 DAGs
[2023-12-03T18:20:17.311+0000] {logging_mixin.py:154} INFO - [2023-12-03T18:20:17.311+0000] {dag.py:3722} INFO - Setting next_dagrun for example_params_trigger_ui to None, run_after=None
[2023-12-03T18:20:17.341+0000] {processor.py:179} INFO - Processing /home/airflow/.local/lib/python3.8/site-packages/airflow/example_dags/example_params_trigger_ui.py took 0.210 seconds
[2023-12-03T18:20:47.661+0000] {processor.py:157} INFO - Started process (PID=254) to work on /home/airflow/.local/lib/python3.8/site-packages/airflow/example_dags/example_params_trigger_ui.py
[2023-12-03T18:20:47.662+0000] {processor.py:829} INFO - Processing file /home/airflow/.local/lib/python3.8/site-packages/airflow/example_dags/example_params_trigger_ui.py for tasks to queue
[2023-12-03T18:20:47.666+0000] {logging_mixin.py:154} INFO - [2023-12-03T18:20:47.665+0000] {dagbag.py:536} INFO - Filling up the DagBag from /home/airflow/.local/lib/python3.8/site-packages/airflow/example_dags/example_params_trigger_ui.py
[2023-12-03T18:20:47.690+0000] {processor.py:839} INFO - DAG(s) dict_keys(['example_params_trigger_ui']) retrieved from /home/airflow/.local/lib/python3.8/site-packages/airflow/example_dags/example_params_trigger_ui.py
[2023-12-03T18:20:47.756+0000] {logging_mixin.py:154} INFO - [2023-12-03T18:20:47.756+0000] {dag.py:2941} INFO - Sync 1 DAGs
[2023-12-03T18:20:47.774+0000] {logging_mixin.py:154} INFO - [2023-12-03T18:20:47.774+0000] {dag.py:3722} INFO - Setting next_dagrun for example_params_trigger_ui to None, run_after=None
[2023-12-03T18:20:47.810+0000] {processor.py:179} INFO - Processing /home/airflow/.local/lib/python3.8/site-packages/airflow/example_dags/example_params_trigger_ui.py took 0.155 seconds
[2023-12-03T18:21:18.309+0000] {processor.py:157} INFO - Started process (PID=308) to work on /home/airflow/.local/lib/python3.8/site-packages/airflow/example_dags/example_params_trigger_ui.py
[2023-12-03T18:21:18.311+0000] {processor.py:829} INFO - Processing file /home/airflow/.local/lib/python3.8/site-packages/airflow/example_dags/example_params_trigger_ui.py for tasks to queue
[2023-12-03T18:21:18.315+0000] {logging_mixin.py:154} INFO - [2023-12-03T18:21:18.314+0000] {dagbag.py:536} INFO - Filling up the DagBag from /home/airflow/.local/lib/python3.8/site-packages/airflow/example_dags/example_params_trigger_ui.py
[2023-12-03T18:21:18.340+0000] {processor.py:839} INFO - DAG(s) dict_keys(['example_params_trigger_ui']) retrieved from /home/airflow/.local/lib/python3.8/site-packages/airflow/example_dags/example_params_trigger_ui.py
[2023-12-03T18:21:18.362+0000] {logging_mixin.py:154} INFO - [2023-12-03T18:21:18.362+0000] {dag.py:2941} INFO - Sync 1 DAGs
[2023-12-03T18:21:18.384+0000] {logging_mixin.py:154} INFO - [2023-12-03T18:21:18.384+0000] {dag.py:3722} INFO - Setting next_dagrun for example_params_trigger_ui to None, run_after=None
[2023-12-03T18:21:18.420+0000] {processor.py:179} INFO - Processing /home/airflow/.local/lib/python3.8/site-packages/airflow/example_dags/example_params_trigger_ui.py took 0.116 seconds
[2023-12-03T18:21:48.515+0000] {processor.py:157} INFO - Started process (PID=362) to work on /home/airflow/.local/lib/python3.8/site-packages/airflow/example_dags/example_params_trigger_ui.py
[2023-12-03T18:21:48.517+0000] {processor.py:829} INFO - Processing file /home/airflow/.local/lib/python3.8/site-packages/airflow/example_dags/example_params_trigger_ui.py for tasks to queue
[2023-12-03T18:21:48.521+0000] {logging_mixin.py:154} INFO - [2023-12-03T18:21:48.521+0000] {dagbag.py:536} INFO - Filling up the DagBag from /home/airflow/.local/lib/python3.8/site-packages/airflow/example_dags/example_params_trigger_ui.py
[2023-12-03T18:21:48.551+0000] {processor.py:839} INFO - DAG(s) dict_keys(['example_params_trigger_ui']) retrieved from /home/airflow/.local/lib/python3.8/site-packages/airflow/example_dags/example_params_trigger_ui.py
[2023-12-03T18:21:48.659+0000] {logging_mixin.py:154} INFO - [2023-12-03T18:21:48.659+0000] {dag.py:2941} INFO - Sync 1 DAGs
[2023-12-03T18:21:48.677+0000] {logging_mixin.py:154} INFO - [2023-12-03T18:21:48.677+0000] {dag.py:3722} INFO - Setting next_dagrun for example_params_trigger_ui to None, run_after=None
[2023-12-03T18:21:48.706+0000] {processor.py:179} INFO - Processing /home/airflow/.local/lib/python3.8/site-packages/airflow/example_dags/example_params_trigger_ui.py took 0.197 seconds
[2023-12-03T18:22:18.825+0000] {processor.py:157} INFO - Started process (PID=416) to work on /home/airflow/.local/lib/python3.8/site-packages/airflow/example_dags/example_params_trigger_ui.py
[2023-12-03T18:22:18.826+0000] {processor.py:829} INFO - Processing file /home/airflow/.local/lib/python3.8/site-packages/airflow/example_dags/example_params_trigger_ui.py for tasks to queue
[2023-12-03T18:22:18.830+0000] {logging_mixin.py:154} INFO - [2023-12-03T18:22:18.830+0000] {dagbag.py:536} INFO - Filling up the DagBag from /home/airflow/.local/lib/python3.8/site-packages/airflow/example_dags/example_params_trigger_ui.py
[2023-12-03T18:22:18.857+0000] {processor.py:839} INFO - DAG(s) dict_keys(['example_params_trigger_ui']) retrieved from /home/airflow/.local/lib/python3.8/site-packages/airflow/example_dags/example_params_trigger_ui.py
[2023-12-03T18:22:18.950+0000] {logging_mixin.py:154} INFO - [2023-12-03T18:22:18.950+0000] {dag.py:2941} INFO - Sync 1 DAGs
[2023-12-03T18:22:18.977+0000] {logging_mixin.py:154} INFO - [2023-12-03T18:22:18.976+0000] {dag.py:3722} INFO - Setting next_dagrun for example_params_trigger_ui to None, run_after=None
[2023-12-03T18:22:19.014+0000] {processor.py:179} INFO - Processing /home/airflow/.local/lib/python3.8/site-packages/airflow/example_dags/example_params_trigger_ui.py took 0.194 seconds
[2023-12-03T18:22:49.446+0000] {processor.py:157} INFO - Started process (PID=470) to work on /home/airflow/.local/lib/python3.8/site-packages/airflow/example_dags/example_params_trigger_ui.py
[2023-12-03T18:22:49.448+0000] {processor.py:829} INFO - Processing file /home/airflow/.local/lib/python3.8/site-packages/airflow/example_dags/example_params_trigger_ui.py for tasks to queue
[2023-12-03T18:22:49.452+0000] {logging_mixin.py:154} INFO - [2023-12-03T18:22:49.452+0000] {dagbag.py:536} INFO - Filling up the DagBag from /home/airflow/.local/lib/python3.8/site-packages/airflow/example_dags/example_params_trigger_ui.py
[2023-12-03T18:22:49.486+0000] {processor.py:839} INFO - DAG(s) dict_keys(['example_params_trigger_ui']) retrieved from /home/airflow/.local/lib/python3.8/site-packages/airflow/example_dags/example_params_trigger_ui.py
[2023-12-03T18:22:49.649+0000] {logging_mixin.py:154} INFO - [2023-12-03T18:22:49.648+0000] {dag.py:2941} INFO - Sync 1 DAGs
[2023-12-03T18:22:49.709+0000] {logging_mixin.py:154} INFO - [2023-12-03T18:22:49.709+0000] {dag.py:3722} INFO - Setting next_dagrun for example_params_trigger_ui to None, run_after=None
[2023-12-03T18:22:49.761+0000] {processor.py:179} INFO - Processing /home/airflow/.local/lib/python3.8/site-packages/airflow/example_dags/example_params_trigger_ui.py took 0.321 seconds
[2023-12-03T18:23:55.329+0000] {processor.py:157} INFO - Started process (PID=38) to work on /home/airflow/.local/lib/python3.8/site-packages/airflow/example_dags/example_params_trigger_ui.py
[2023-12-03T18:23:55.330+0000] {processor.py:829} INFO - Processing file /home/airflow/.local/lib/python3.8/site-packages/airflow/example_dags/example_params_trigger_ui.py for tasks to queue
[2023-12-03T18:23:55.335+0000] {logging_mixin.py:154} INFO - [2023-12-03T18:23:55.334+0000] {dagbag.py:536} INFO - Filling up the DagBag from /home/airflow/.local/lib/python3.8/site-packages/airflow/example_dags/example_params_trigger_ui.py
[2023-12-03T18:23:55.386+0000] {processor.py:839} INFO - DAG(s) dict_keys(['example_params_trigger_ui']) retrieved from /home/airflow/.local/lib/python3.8/site-packages/airflow/example_dags/example_params_trigger_ui.py
[2023-12-03T18:23:55.410+0000] {logging_mixin.py:154} INFO - [2023-12-03T18:23:55.410+0000] {dag.py:2941} INFO - Sync 1 DAGs
[2023-12-03T18:23:55.438+0000] {logging_mixin.py:154} INFO - [2023-12-03T18:23:55.438+0000] {dag.py:3722} INFO - Setting next_dagrun for example_params_trigger_ui to None, run_after=None
[2023-12-03T18:23:55.486+0000] {processor.py:179} INFO - Processing /home/airflow/.local/lib/python3.8/site-packages/airflow/example_dags/example_params_trigger_ui.py took 0.162 seconds
[2023-12-03T18:24:25.649+0000] {processor.py:157} INFO - Started process (PID=92) to work on /home/airflow/.local/lib/python3.8/site-packages/airflow/example_dags/example_params_trigger_ui.py
[2023-12-03T18:24:25.651+0000] {processor.py:829} INFO - Processing file /home/airflow/.local/lib/python3.8/site-packages/airflow/example_dags/example_params_trigger_ui.py for tasks to queue
[2023-12-03T18:24:25.655+0000] {logging_mixin.py:154} INFO - [2023-12-03T18:24:25.655+0000] {dagbag.py:536} INFO - Filling up the DagBag from /home/airflow/.local/lib/python3.8/site-packages/airflow/example_dags/example_params_trigger_ui.py
[2023-12-03T18:24:25.696+0000] {processor.py:839} INFO - DAG(s) dict_keys(['example_params_trigger_ui']) retrieved from /home/airflow/.local/lib/python3.8/site-packages/airflow/example_dags/example_params_trigger_ui.py
[2023-12-03T18:24:25.788+0000] {logging_mixin.py:154} INFO - [2023-12-03T18:24:25.788+0000] {dag.py:2941} INFO - Sync 1 DAGs
[2023-12-03T18:24:25.816+0000] {logging_mixin.py:154} INFO - [2023-12-03T18:24:25.815+0000] {dag.py:3722} INFO - Setting next_dagrun for example_params_trigger_ui to None, run_after=None
[2023-12-03T18:24:25.855+0000] {processor.py:179} INFO - Processing /home/airflow/.local/lib/python3.8/site-packages/airflow/example_dags/example_params_trigger_ui.py took 0.212 seconds
[2023-12-03T18:24:55.983+0000] {processor.py:157} INFO - Started process (PID=146) to work on /home/airflow/.local/lib/python3.8/site-packages/airflow/example_dags/example_params_trigger_ui.py
[2023-12-03T18:24:55.984+0000] {processor.py:829} INFO - Processing file /home/airflow/.local/lib/python3.8/site-packages/airflow/example_dags/example_params_trigger_ui.py for tasks to queue
[2023-12-03T18:24:55.987+0000] {logging_mixin.py:154} INFO - [2023-12-03T18:24:55.987+0000] {dagbag.py:536} INFO - Filling up the DagBag from /home/airflow/.local/lib/python3.8/site-packages/airflow/example_dags/example_params_trigger_ui.py
[2023-12-03T18:24:56.015+0000] {processor.py:839} INFO - DAG(s) dict_keys(['example_params_trigger_ui']) retrieved from /home/airflow/.local/lib/python3.8/site-packages/airflow/example_dags/example_params_trigger_ui.py
[2023-12-03T18:24:56.093+0000] {logging_mixin.py:154} INFO - [2023-12-03T18:24:56.093+0000] {dag.py:2941} INFO - Sync 1 DAGs
[2023-12-03T18:24:56.118+0000] {logging_mixin.py:154} INFO - [2023-12-03T18:24:56.117+0000] {dag.py:3722} INFO - Setting next_dagrun for example_params_trigger_ui to None, run_after=None
[2023-12-03T18:24:56.155+0000] {processor.py:179} INFO - Processing /home/airflow/.local/lib/python3.8/site-packages/airflow/example_dags/example_params_trigger_ui.py took 0.177 seconds
[2023-12-03T18:25:26.363+0000] {processor.py:157} INFO - Started process (PID=200) to work on /home/airflow/.local/lib/python3.8/site-packages/airflow/example_dags/example_params_trigger_ui.py
[2023-12-03T18:25:26.366+0000] {processor.py:829} INFO - Processing file /home/airflow/.local/lib/python3.8/site-packages/airflow/example_dags/example_params_trigger_ui.py for tasks to queue
[2023-12-03T18:25:26.375+0000] {logging_mixin.py:154} INFO - [2023-12-03T18:25:26.373+0000] {dagbag.py:536} INFO - Filling up the DagBag from /home/airflow/.local/lib/python3.8/site-packages/airflow/example_dags/example_params_trigger_ui.py
[2023-12-03T18:25:26.416+0000] {processor.py:839} INFO - DAG(s) dict_keys(['example_params_trigger_ui']) retrieved from /home/airflow/.local/lib/python3.8/site-packages/airflow/example_dags/example_params_trigger_ui.py
[2023-12-03T18:25:26.492+0000] {logging_mixin.py:154} INFO - [2023-12-03T18:25:26.492+0000] {dag.py:2941} INFO - Sync 1 DAGs
[2023-12-03T18:25:26.514+0000] {logging_mixin.py:154} INFO - [2023-12-03T18:25:26.514+0000] {dag.py:3722} INFO - Setting next_dagrun for example_params_trigger_ui to None, run_after=None
[2023-12-03T18:25:26.546+0000] {processor.py:179} INFO - Processing /home/airflow/.local/lib/python3.8/site-packages/airflow/example_dags/example_params_trigger_ui.py took 0.193 seconds
[2023-12-03T18:25:56.914+0000] {processor.py:157} INFO - Started process (PID=254) to work on /home/airflow/.local/lib/python3.8/site-packages/airflow/example_dags/example_params_trigger_ui.py
[2023-12-03T18:25:56.915+0000] {processor.py:829} INFO - Processing file /home/airflow/.local/lib/python3.8/site-packages/airflow/example_dags/example_params_trigger_ui.py for tasks to queue
[2023-12-03T18:25:56.918+0000] {logging_mixin.py:154} INFO - [2023-12-03T18:25:56.918+0000] {dagbag.py:536} INFO - Filling up the DagBag from /home/airflow/.local/lib/python3.8/site-packages/airflow/example_dags/example_params_trigger_ui.py
[2023-12-03T18:25:56.941+0000] {processor.py:839} INFO - DAG(s) dict_keys(['example_params_trigger_ui']) retrieved from /home/airflow/.local/lib/python3.8/site-packages/airflow/example_dags/example_params_trigger_ui.py
[2023-12-03T18:25:57.015+0000] {logging_mixin.py:154} INFO - [2023-12-03T18:25:57.015+0000] {dag.py:2941} INFO - Sync 1 DAGs
[2023-12-03T18:25:57.034+0000] {logging_mixin.py:154} INFO - [2023-12-03T18:25:57.033+0000] {dag.py:3722} INFO - Setting next_dagrun for example_params_trigger_ui to None, run_after=None
[2023-12-03T18:25:57.064+0000] {processor.py:179} INFO - Processing /home/airflow/.local/lib/python3.8/site-packages/airflow/example_dags/example_params_trigger_ui.py took 0.155 seconds
[2023-12-03T18:26:27.537+0000] {processor.py:157} INFO - Started process (PID=308) to work on /home/airflow/.local/lib/python3.8/site-packages/airflow/example_dags/example_params_trigger_ui.py
[2023-12-03T18:26:27.538+0000] {processor.py:829} INFO - Processing file /home/airflow/.local/lib/python3.8/site-packages/airflow/example_dags/example_params_trigger_ui.py for tasks to queue
[2023-12-03T18:26:27.542+0000] {logging_mixin.py:154} INFO - [2023-12-03T18:26:27.541+0000] {dagbag.py:536} INFO - Filling up the DagBag from /home/airflow/.local/lib/python3.8/site-packages/airflow/example_dags/example_params_trigger_ui.py
[2023-12-03T18:26:27.567+0000] {processor.py:839} INFO - DAG(s) dict_keys(['example_params_trigger_ui']) retrieved from /home/airflow/.local/lib/python3.8/site-packages/airflow/example_dags/example_params_trigger_ui.py
[2023-12-03T18:26:27.647+0000] {logging_mixin.py:154} INFO - [2023-12-03T18:26:27.646+0000] {dag.py:2941} INFO - Sync 1 DAGs
[2023-12-03T18:26:27.669+0000] {logging_mixin.py:154} INFO - [2023-12-03T18:26:27.668+0000] {dag.py:3722} INFO - Setting next_dagrun for example_params_trigger_ui to None, run_after=None
[2023-12-03T18:26:27.702+0000] {processor.py:179} INFO - Processing /home/airflow/.local/lib/python3.8/site-packages/airflow/example_dags/example_params_trigger_ui.py took 0.171 seconds
[2023-12-03T18:26:58.064+0000] {processor.py:157} INFO - Started process (PID=362) to work on /home/airflow/.local/lib/python3.8/site-packages/airflow/example_dags/example_params_trigger_ui.py
[2023-12-03T18:26:58.065+0000] {processor.py:829} INFO - Processing file /home/airflow/.local/lib/python3.8/site-packages/airflow/example_dags/example_params_trigger_ui.py for tasks to queue
[2023-12-03T18:26:58.070+0000] {logging_mixin.py:154} INFO - [2023-12-03T18:26:58.069+0000] {dagbag.py:536} INFO - Filling up the DagBag from /home/airflow/.local/lib/python3.8/site-packages/airflow/example_dags/example_params_trigger_ui.py
[2023-12-03T18:26:58.105+0000] {processor.py:839} INFO - DAG(s) dict_keys(['example_params_trigger_ui']) retrieved from /home/airflow/.local/lib/python3.8/site-packages/airflow/example_dags/example_params_trigger_ui.py
[2023-12-03T18:26:58.177+0000] {logging_mixin.py:154} INFO - [2023-12-03T18:26:58.177+0000] {dag.py:2941} INFO - Sync 1 DAGs
[2023-12-03T18:26:58.197+0000] {logging_mixin.py:154} INFO - [2023-12-03T18:26:58.197+0000] {dag.py:3722} INFO - Setting next_dagrun for example_params_trigger_ui to None, run_after=None
[2023-12-03T18:26:58.243+0000] {processor.py:179} INFO - Processing /home/airflow/.local/lib/python3.8/site-packages/airflow/example_dags/example_params_trigger_ui.py took 0.184 seconds
[2023-12-03T18:27:28.473+0000] {processor.py:157} INFO - Started process (PID=416) to work on /home/airflow/.local/lib/python3.8/site-packages/airflow/example_dags/example_params_trigger_ui.py
[2023-12-03T18:27:28.475+0000] {processor.py:829} INFO - Processing file /home/airflow/.local/lib/python3.8/site-packages/airflow/example_dags/example_params_trigger_ui.py for tasks to queue
[2023-12-03T18:27:28.478+0000] {logging_mixin.py:154} INFO - [2023-12-03T18:27:28.478+0000] {dagbag.py:536} INFO - Filling up the DagBag from /home/airflow/.local/lib/python3.8/site-packages/airflow/example_dags/example_params_trigger_ui.py
[2023-12-03T18:27:28.505+0000] {processor.py:839} INFO - DAG(s) dict_keys(['example_params_trigger_ui']) retrieved from /home/airflow/.local/lib/python3.8/site-packages/airflow/example_dags/example_params_trigger_ui.py
[2023-12-03T18:27:28.582+0000] {logging_mixin.py:154} INFO - [2023-12-03T18:27:28.582+0000] {dag.py:2941} INFO - Sync 1 DAGs
[2023-12-03T18:27:28.606+0000] {logging_mixin.py:154} INFO - [2023-12-03T18:27:28.606+0000] {dag.py:3722} INFO - Setting next_dagrun for example_params_trigger_ui to None, run_after=None
[2023-12-03T18:27:28.637+0000] {processor.py:179} INFO - Processing /home/airflow/.local/lib/python3.8/site-packages/airflow/example_dags/example_params_trigger_ui.py took 0.169 seconds
[2023-12-03T18:27:58.932+0000] {processor.py:157} INFO - Started process (PID=470) to work on /home/airflow/.local/lib/python3.8/site-packages/airflow/example_dags/example_params_trigger_ui.py
[2023-12-03T18:27:58.933+0000] {processor.py:829} INFO - Processing file /home/airflow/.local/lib/python3.8/site-packages/airflow/example_dags/example_params_trigger_ui.py for tasks to queue
[2023-12-03T18:27:58.937+0000] {logging_mixin.py:154} INFO - [2023-12-03T18:27:58.937+0000] {dagbag.py:536} INFO - Filling up the DagBag from /home/airflow/.local/lib/python3.8/site-packages/airflow/example_dags/example_params_trigger_ui.py
[2023-12-03T18:27:58.961+0000] {processor.py:839} INFO - DAG(s) dict_keys(['example_params_trigger_ui']) retrieved from /home/airflow/.local/lib/python3.8/site-packages/airflow/example_dags/example_params_trigger_ui.py
[2023-12-03T18:27:59.045+0000] {logging_mixin.py:154} INFO - [2023-12-03T18:27:59.044+0000] {dag.py:2941} INFO - Sync 1 DAGs
[2023-12-03T18:27:59.065+0000] {logging_mixin.py:154} INFO - [2023-12-03T18:27:59.064+0000] {dag.py:3722} INFO - Setting next_dagrun for example_params_trigger_ui to None, run_after=None
[2023-12-03T18:27:59.099+0000] {processor.py:179} INFO - Processing /home/airflow/.local/lib/python3.8/site-packages/airflow/example_dags/example_params_trigger_ui.py took 0.172 seconds
[2023-12-03T18:28:29.737+0000] {processor.py:157} INFO - Started process (PID=524) to work on /home/airflow/.local/lib/python3.8/site-packages/airflow/example_dags/example_params_trigger_ui.py
[2023-12-03T18:28:29.739+0000] {processor.py:829} INFO - Processing file /home/airflow/.local/lib/python3.8/site-packages/airflow/example_dags/example_params_trigger_ui.py for tasks to queue
[2023-12-03T18:28:29.743+0000] {logging_mixin.py:154} INFO - [2023-12-03T18:28:29.742+0000] {dagbag.py:536} INFO - Filling up the DagBag from /home/airflow/.local/lib/python3.8/site-packages/airflow/example_dags/example_params_trigger_ui.py
[2023-12-03T18:28:29.769+0000] {processor.py:839} INFO - DAG(s) dict_keys(['example_params_trigger_ui']) retrieved from /home/airflow/.local/lib/python3.8/site-packages/airflow/example_dags/example_params_trigger_ui.py
[2023-12-03T18:28:29.857+0000] {logging_mixin.py:154} INFO - [2023-12-03T18:28:29.857+0000] {dag.py:2941} INFO - Sync 1 DAGs
[2023-12-03T18:28:29.878+0000] {logging_mixin.py:154} INFO - [2023-12-03T18:28:29.878+0000] {dag.py:3722} INFO - Setting next_dagrun for example_params_trigger_ui to None, run_after=None
[2023-12-03T18:28:29.914+0000] {processor.py:179} INFO - Processing /home/airflow/.local/lib/python3.8/site-packages/airflow/example_dags/example_params_trigger_ui.py took 0.181 seconds
[2023-12-03T18:29:46.707+0000] {processor.py:157} INFO - Started process (PID=39) to work on /home/airflow/.local/lib/python3.8/site-packages/airflow/example_dags/example_params_trigger_ui.py
[2023-12-03T18:29:46.709+0000] {processor.py:829} INFO - Processing file /home/airflow/.local/lib/python3.8/site-packages/airflow/example_dags/example_params_trigger_ui.py for tasks to queue
[2023-12-03T18:29:46.712+0000] {logging_mixin.py:154} INFO - [2023-12-03T18:29:46.712+0000] {dagbag.py:536} INFO - Filling up the DagBag from /home/airflow/.local/lib/python3.8/site-packages/airflow/example_dags/example_params_trigger_ui.py
[2023-12-03T18:29:46.760+0000] {processor.py:839} INFO - DAG(s) dict_keys(['example_params_trigger_ui']) retrieved from /home/airflow/.local/lib/python3.8/site-packages/airflow/example_dags/example_params_trigger_ui.py
[2023-12-03T18:29:46.893+0000] {logging_mixin.py:154} INFO - [2023-12-03T18:29:46.893+0000] {dag.py:2941} INFO - Sync 1 DAGs
[2023-12-03T18:29:46.923+0000] {logging_mixin.py:154} INFO - [2023-12-03T18:29:46.922+0000] {dag.py:3722} INFO - Setting next_dagrun for example_params_trigger_ui to None, run_after=None
[2023-12-03T18:29:47.013+0000] {processor.py:179} INFO - Processing /home/airflow/.local/lib/python3.8/site-packages/airflow/example_dags/example_params_trigger_ui.py took 0.310 seconds
[2023-12-03T18:30:17.922+0000] {processor.py:157} INFO - Started process (PID=94) to work on /home/airflow/.local/lib/python3.8/site-packages/airflow/example_dags/example_params_trigger_ui.py
[2023-12-03T18:30:17.925+0000] {processor.py:829} INFO - Processing file /home/airflow/.local/lib/python3.8/site-packages/airflow/example_dags/example_params_trigger_ui.py for tasks to queue
[2023-12-03T18:30:17.932+0000] {logging_mixin.py:154} INFO - [2023-12-03T18:30:17.931+0000] {dagbag.py:536} INFO - Filling up the DagBag from /home/airflow/.local/lib/python3.8/site-packages/airflow/example_dags/example_params_trigger_ui.py
[2023-12-03T18:30:17.987+0000] {processor.py:839} INFO - DAG(s) dict_keys(['example_params_trigger_ui']) retrieved from /home/airflow/.local/lib/python3.8/site-packages/airflow/example_dags/example_params_trigger_ui.py
[2023-12-03T18:30:18.104+0000] {logging_mixin.py:154} INFO - [2023-12-03T18:30:18.104+0000] {dag.py:2941} INFO - Sync 1 DAGs
[2023-12-03T18:30:18.125+0000] {logging_mixin.py:154} INFO - [2023-12-03T18:30:18.124+0000] {dag.py:3722} INFO - Setting next_dagrun for example_params_trigger_ui to None, run_after=None
[2023-12-03T18:30:18.157+0000] {processor.py:179} INFO - Processing /home/airflow/.local/lib/python3.8/site-packages/airflow/example_dags/example_params_trigger_ui.py took 0.243 seconds
[2023-12-03T18:30:48.685+0000] {processor.py:157} INFO - Started process (PID=149) to work on /home/airflow/.local/lib/python3.8/site-packages/airflow/example_dags/example_params_trigger_ui.py
[2023-12-03T18:30:48.688+0000] {processor.py:829} INFO - Processing file /home/airflow/.local/lib/python3.8/site-packages/airflow/example_dags/example_params_trigger_ui.py for tasks to queue
[2023-12-03T18:30:48.695+0000] {logging_mixin.py:154} INFO - [2023-12-03T18:30:48.694+0000] {dagbag.py:536} INFO - Filling up the DagBag from /home/airflow/.local/lib/python3.8/site-packages/airflow/example_dags/example_params_trigger_ui.py
[2023-12-03T18:30:48.753+0000] {processor.py:839} INFO - DAG(s) dict_keys(['example_params_trigger_ui']) retrieved from /home/airflow/.local/lib/python3.8/site-packages/airflow/example_dags/example_params_trigger_ui.py
[2023-12-03T18:30:48.863+0000] {logging_mixin.py:154} INFO - [2023-12-03T18:30:48.863+0000] {dag.py:2941} INFO - Sync 1 DAGs
[2023-12-03T18:30:48.884+0000] {logging_mixin.py:154} INFO - [2023-12-03T18:30:48.884+0000] {dag.py:3722} INFO - Setting next_dagrun for example_params_trigger_ui to None, run_after=None
[2023-12-03T18:30:48.922+0000] {processor.py:179} INFO - Processing /home/airflow/.local/lib/python3.8/site-packages/airflow/example_dags/example_params_trigger_ui.py took 0.244 seconds
[2023-12-03T18:31:19.054+0000] {processor.py:157} INFO - Started process (PID=208) to work on /home/airflow/.local/lib/python3.8/site-packages/airflow/example_dags/example_params_trigger_ui.py
[2023-12-03T18:31:19.056+0000] {processor.py:829} INFO - Processing file /home/airflow/.local/lib/python3.8/site-packages/airflow/example_dags/example_params_trigger_ui.py for tasks to queue
[2023-12-03T18:31:19.060+0000] {logging_mixin.py:154} INFO - [2023-12-03T18:31:19.059+0000] {dagbag.py:536} INFO - Filling up the DagBag from /home/airflow/.local/lib/python3.8/site-packages/airflow/example_dags/example_params_trigger_ui.py
[2023-12-03T18:31:19.088+0000] {processor.py:839} INFO - DAG(s) dict_keys(['example_params_trigger_ui']) retrieved from /home/airflow/.local/lib/python3.8/site-packages/airflow/example_dags/example_params_trigger_ui.py
[2023-12-03T18:31:19.175+0000] {logging_mixin.py:154} INFO - [2023-12-03T18:31:19.175+0000] {dag.py:2941} INFO - Sync 1 DAGs
[2023-12-03T18:31:19.198+0000] {logging_mixin.py:154} INFO - [2023-12-03T18:31:19.197+0000] {dag.py:3722} INFO - Setting next_dagrun for example_params_trigger_ui to None, run_after=None
[2023-12-03T18:31:19.242+0000] {processor.py:179} INFO - Processing /home/airflow/.local/lib/python3.8/site-packages/airflow/example_dags/example_params_trigger_ui.py took 0.192 seconds
[2023-12-03T18:31:49.360+0000] {processor.py:157} INFO - Started process (PID=267) to work on /home/airflow/.local/lib/python3.8/site-packages/airflow/example_dags/example_params_trigger_ui.py
[2023-12-03T18:31:49.362+0000] {processor.py:829} INFO - Processing file /home/airflow/.local/lib/python3.8/site-packages/airflow/example_dags/example_params_trigger_ui.py for tasks to queue
[2023-12-03T18:31:49.367+0000] {logging_mixin.py:154} INFO - [2023-12-03T18:31:49.366+0000] {dagbag.py:536} INFO - Filling up the DagBag from /home/airflow/.local/lib/python3.8/site-packages/airflow/example_dags/example_params_trigger_ui.py
[2023-12-03T18:31:49.394+0000] {processor.py:839} INFO - DAG(s) dict_keys(['example_params_trigger_ui']) retrieved from /home/airflow/.local/lib/python3.8/site-packages/airflow/example_dags/example_params_trigger_ui.py
[2023-12-03T18:31:49.476+0000] {logging_mixin.py:154} INFO - [2023-12-03T18:31:49.475+0000] {dag.py:2941} INFO - Sync 1 DAGs
[2023-12-03T18:31:49.496+0000] {logging_mixin.py:154} INFO - [2023-12-03T18:31:49.496+0000] {dag.py:3722} INFO - Setting next_dagrun for example_params_trigger_ui to None, run_after=None
[2023-12-03T18:31:49.526+0000] {processor.py:179} INFO - Processing /home/airflow/.local/lib/python3.8/site-packages/airflow/example_dags/example_params_trigger_ui.py took 0.171 seconds
[2023-12-03T18:32:20.192+0000] {processor.py:157} INFO - Started process (PID=322) to work on /home/airflow/.local/lib/python3.8/site-packages/airflow/example_dags/example_params_trigger_ui.py
[2023-12-03T18:32:20.194+0000] {processor.py:829} INFO - Processing file /home/airflow/.local/lib/python3.8/site-packages/airflow/example_dags/example_params_trigger_ui.py for tasks to queue
[2023-12-03T18:32:20.202+0000] {logging_mixin.py:154} INFO - [2023-12-03T18:32:20.201+0000] {dagbag.py:536} INFO - Filling up the DagBag from /home/airflow/.local/lib/python3.8/site-packages/airflow/example_dags/example_params_trigger_ui.py
[2023-12-03T18:32:20.253+0000] {processor.py:839} INFO - DAG(s) dict_keys(['example_params_trigger_ui']) retrieved from /home/airflow/.local/lib/python3.8/site-packages/airflow/example_dags/example_params_trigger_ui.py
[2023-12-03T18:32:20.374+0000] {logging_mixin.py:154} INFO - [2023-12-03T18:32:20.373+0000] {dag.py:2941} INFO - Sync 1 DAGs
[2023-12-03T18:32:20.396+0000] {logging_mixin.py:154} INFO - [2023-12-03T18:32:20.395+0000] {dag.py:3722} INFO - Setting next_dagrun for example_params_trigger_ui to None, run_after=None
[2023-12-03T18:32:20.424+0000] {processor.py:179} INFO - Processing /home/airflow/.local/lib/python3.8/site-packages/airflow/example_dags/example_params_trigger_ui.py took 0.242 seconds
[2023-12-03T18:32:50.569+0000] {processor.py:157} INFO - Started process (PID=377) to work on /home/airflow/.local/lib/python3.8/site-packages/airflow/example_dags/example_params_trigger_ui.py
[2023-12-03T18:32:50.570+0000] {processor.py:829} INFO - Processing file /home/airflow/.local/lib/python3.8/site-packages/airflow/example_dags/example_params_trigger_ui.py for tasks to queue
[2023-12-03T18:32:50.573+0000] {logging_mixin.py:154} INFO - [2023-12-03T18:32:50.573+0000] {dagbag.py:536} INFO - Filling up the DagBag from /home/airflow/.local/lib/python3.8/site-packages/airflow/example_dags/example_params_trigger_ui.py
[2023-12-03T18:32:50.594+0000] {processor.py:839} INFO - DAG(s) dict_keys(['example_params_trigger_ui']) retrieved from /home/airflow/.local/lib/python3.8/site-packages/airflow/example_dags/example_params_trigger_ui.py
[2023-12-03T18:32:50.662+0000] {logging_mixin.py:154} INFO - [2023-12-03T18:32:50.662+0000] {dag.py:2941} INFO - Sync 1 DAGs
[2023-12-03T18:32:50.680+0000] {logging_mixin.py:154} INFO - [2023-12-03T18:32:50.680+0000] {dag.py:3722} INFO - Setting next_dagrun for example_params_trigger_ui to None, run_after=None
[2023-12-03T18:32:50.719+0000] {processor.py:179} INFO - Processing /home/airflow/.local/lib/python3.8/site-packages/airflow/example_dags/example_params_trigger_ui.py took 0.155 seconds
[2023-12-03T18:33:21.488+0000] {processor.py:157} INFO - Started process (PID=432) to work on /home/airflow/.local/lib/python3.8/site-packages/airflow/example_dags/example_params_trigger_ui.py
[2023-12-03T18:33:21.490+0000] {processor.py:829} INFO - Processing file /home/airflow/.local/lib/python3.8/site-packages/airflow/example_dags/example_params_trigger_ui.py for tasks to queue
[2023-12-03T18:33:21.494+0000] {logging_mixin.py:154} INFO - [2023-12-03T18:33:21.494+0000] {dagbag.py:536} INFO - Filling up the DagBag from /home/airflow/.local/lib/python3.8/site-packages/airflow/example_dags/example_params_trigger_ui.py
[2023-12-03T18:33:21.519+0000] {processor.py:839} INFO - DAG(s) dict_keys(['example_params_trigger_ui']) retrieved from /home/airflow/.local/lib/python3.8/site-packages/airflow/example_dags/example_params_trigger_ui.py
[2023-12-03T18:33:21.613+0000] {logging_mixin.py:154} INFO - [2023-12-03T18:33:21.613+0000] {dag.py:2941} INFO - Sync 1 DAGs
[2023-12-03T18:33:21.634+0000] {logging_mixin.py:154} INFO - [2023-12-03T18:33:21.634+0000] {dag.py:3722} INFO - Setting next_dagrun for example_params_trigger_ui to None, run_after=None
[2023-12-03T18:33:21.833+0000] {processor.py:179} INFO - Processing /home/airflow/.local/lib/python3.8/site-packages/airflow/example_dags/example_params_trigger_ui.py took 0.353 seconds
[2023-12-03T18:33:52.333+0000] {processor.py:157} INFO - Started process (PID=487) to work on /home/airflow/.local/lib/python3.8/site-packages/airflow/example_dags/example_params_trigger_ui.py
[2023-12-03T18:33:52.335+0000] {processor.py:829} INFO - Processing file /home/airflow/.local/lib/python3.8/site-packages/airflow/example_dags/example_params_trigger_ui.py for tasks to queue
[2023-12-03T18:33:52.339+0000] {logging_mixin.py:154} INFO - [2023-12-03T18:33:52.338+0000] {dagbag.py:536} INFO - Filling up the DagBag from /home/airflow/.local/lib/python3.8/site-packages/airflow/example_dags/example_params_trigger_ui.py
[2023-12-03T18:33:52.362+0000] {processor.py:839} INFO - DAG(s) dict_keys(['example_params_trigger_ui']) retrieved from /home/airflow/.local/lib/python3.8/site-packages/airflow/example_dags/example_params_trigger_ui.py
[2023-12-03T18:33:52.432+0000] {logging_mixin.py:154} INFO - [2023-12-03T18:33:52.432+0000] {dag.py:2941} INFO - Sync 1 DAGs
[2023-12-03T18:33:52.452+0000] {logging_mixin.py:154} INFO - [2023-12-03T18:33:52.452+0000] {dag.py:3722} INFO - Setting next_dagrun for example_params_trigger_ui to None, run_after=None
[2023-12-03T18:33:52.643+0000] {processor.py:179} INFO - Processing /home/airflow/.local/lib/python3.8/site-packages/airflow/example_dags/example_params_trigger_ui.py took 0.314 seconds
[2023-12-03T18:34:23.126+0000] {processor.py:157} INFO - Started process (PID=542) to work on /home/airflow/.local/lib/python3.8/site-packages/airflow/example_dags/example_params_trigger_ui.py
[2023-12-03T18:34:23.129+0000] {processor.py:829} INFO - Processing file /home/airflow/.local/lib/python3.8/site-packages/airflow/example_dags/example_params_trigger_ui.py for tasks to queue
[2023-12-03T18:34:23.134+0000] {logging_mixin.py:154} INFO - [2023-12-03T18:34:23.133+0000] {dagbag.py:536} INFO - Filling up the DagBag from /home/airflow/.local/lib/python3.8/site-packages/airflow/example_dags/example_params_trigger_ui.py
[2023-12-03T18:34:23.186+0000] {processor.py:839} INFO - DAG(s) dict_keys(['example_params_trigger_ui']) retrieved from /home/airflow/.local/lib/python3.8/site-packages/airflow/example_dags/example_params_trigger_ui.py
[2023-12-03T18:34:23.300+0000] {logging_mixin.py:154} INFO - [2023-12-03T18:34:23.300+0000] {dag.py:2941} INFO - Sync 1 DAGs
[2023-12-03T18:34:23.324+0000] {logging_mixin.py:154} INFO - [2023-12-03T18:34:23.323+0000] {dag.py:3722} INFO - Setting next_dagrun for example_params_trigger_ui to None, run_after=None
[2023-12-03T18:34:23.554+0000] {processor.py:179} INFO - Processing /home/airflow/.local/lib/python3.8/site-packages/airflow/example_dags/example_params_trigger_ui.py took 0.437 seconds
[2023-12-03T18:34:53.881+0000] {processor.py:157} INFO - Started process (PID=597) to work on /home/airflow/.local/lib/python3.8/site-packages/airflow/example_dags/example_params_trigger_ui.py
[2023-12-03T18:34:53.882+0000] {processor.py:829} INFO - Processing file /home/airflow/.local/lib/python3.8/site-packages/airflow/example_dags/example_params_trigger_ui.py for tasks to queue
[2023-12-03T18:34:53.886+0000] {logging_mixin.py:154} INFO - [2023-12-03T18:34:53.886+0000] {dagbag.py:536} INFO - Filling up the DagBag from /home/airflow/.local/lib/python3.8/site-packages/airflow/example_dags/example_params_trigger_ui.py
[2023-12-03T18:34:53.914+0000] {processor.py:839} INFO - DAG(s) dict_keys(['example_params_trigger_ui']) retrieved from /home/airflow/.local/lib/python3.8/site-packages/airflow/example_dags/example_params_trigger_ui.py
[2023-12-03T18:34:53.992+0000] {logging_mixin.py:154} INFO - [2023-12-03T18:34:53.992+0000] {dag.py:2941} INFO - Sync 1 DAGs
[2023-12-03T18:34:54.014+0000] {logging_mixin.py:154} INFO - [2023-12-03T18:34:54.014+0000] {dag.py:3722} INFO - Setting next_dagrun for example_params_trigger_ui to None, run_after=None
[2023-12-03T18:34:54.204+0000] {processor.py:179} INFO - Processing /home/airflow/.local/lib/python3.8/site-packages/airflow/example_dags/example_params_trigger_ui.py took 0.328 seconds
[2023-12-03T18:35:25.092+0000] {processor.py:157} INFO - Started process (PID=652) to work on /home/airflow/.local/lib/python3.8/site-packages/airflow/example_dags/example_params_trigger_ui.py
[2023-12-03T18:35:25.096+0000] {processor.py:829} INFO - Processing file /home/airflow/.local/lib/python3.8/site-packages/airflow/example_dags/example_params_trigger_ui.py for tasks to queue
[2023-12-03T18:35:25.100+0000] {logging_mixin.py:154} INFO - [2023-12-03T18:35:25.099+0000] {dagbag.py:536} INFO - Filling up the DagBag from /home/airflow/.local/lib/python3.8/site-packages/airflow/example_dags/example_params_trigger_ui.py
[2023-12-03T18:35:25.129+0000] {processor.py:839} INFO - DAG(s) dict_keys(['example_params_trigger_ui']) retrieved from /home/airflow/.local/lib/python3.8/site-packages/airflow/example_dags/example_params_trigger_ui.py
[2023-12-03T18:35:25.207+0000] {logging_mixin.py:154} INFO - [2023-12-03T18:35:25.207+0000] {dag.py:2941} INFO - Sync 1 DAGs
[2023-12-03T18:35:25.234+0000] {logging_mixin.py:154} INFO - [2023-12-03T18:35:25.233+0000] {dag.py:3722} INFO - Setting next_dagrun for example_params_trigger_ui to None, run_after=None
[2023-12-03T18:35:25.431+0000] {processor.py:179} INFO - Processing /home/airflow/.local/lib/python3.8/site-packages/airflow/example_dags/example_params_trigger_ui.py took 0.352 seconds
[2023-12-03T18:35:55.878+0000] {processor.py:157} INFO - Started process (PID=707) to work on /home/airflow/.local/lib/python3.8/site-packages/airflow/example_dags/example_params_trigger_ui.py
[2023-12-03T18:35:55.881+0000] {processor.py:829} INFO - Processing file /home/airflow/.local/lib/python3.8/site-packages/airflow/example_dags/example_params_trigger_ui.py for tasks to queue
[2023-12-03T18:35:55.890+0000] {logging_mixin.py:154} INFO - [2023-12-03T18:35:55.889+0000] {dagbag.py:536} INFO - Filling up the DagBag from /home/airflow/.local/lib/python3.8/site-packages/airflow/example_dags/example_params_trigger_ui.py
[2023-12-03T18:35:55.918+0000] {processor.py:839} INFO - DAG(s) dict_keys(['example_params_trigger_ui']) retrieved from /home/airflow/.local/lib/python3.8/site-packages/airflow/example_dags/example_params_trigger_ui.py
[2023-12-03T18:35:56.001+0000] {logging_mixin.py:154} INFO - [2023-12-03T18:35:56.001+0000] {dag.py:2941} INFO - Sync 1 DAGs
[2023-12-03T18:35:56.022+0000] {logging_mixin.py:154} INFO - [2023-12-03T18:35:56.022+0000] {dag.py:3722} INFO - Setting next_dagrun for example_params_trigger_ui to None, run_after=None
[2023-12-03T18:35:56.059+0000] {processor.py:179} INFO - Processing /home/airflow/.local/lib/python3.8/site-packages/airflow/example_dags/example_params_trigger_ui.py took 0.189 seconds
[2023-12-03T18:36:26.849+0000] {processor.py:157} INFO - Started process (PID=769) to work on /home/airflow/.local/lib/python3.8/site-packages/airflow/example_dags/example_params_trigger_ui.py
[2023-12-03T18:36:26.851+0000] {processor.py:829} INFO - Processing file /home/airflow/.local/lib/python3.8/site-packages/airflow/example_dags/example_params_trigger_ui.py for tasks to queue
[2023-12-03T18:36:26.859+0000] {logging_mixin.py:154} INFO - [2023-12-03T18:36:26.858+0000] {dagbag.py:536} INFO - Filling up the DagBag from /home/airflow/.local/lib/python3.8/site-packages/airflow/example_dags/example_params_trigger_ui.py
[2023-12-03T18:36:26.914+0000] {processor.py:839} INFO - DAG(s) dict_keys(['example_params_trigger_ui']) retrieved from /home/airflow/.local/lib/python3.8/site-packages/airflow/example_dags/example_params_trigger_ui.py
[2023-12-03T18:36:26.990+0000] {logging_mixin.py:154} INFO - [2023-12-03T18:36:26.989+0000] {dag.py:2941} INFO - Sync 1 DAGs
[2023-12-03T18:36:27.010+0000] {logging_mixin.py:154} INFO - [2023-12-03T18:36:27.010+0000] {dag.py:3722} INFO - Setting next_dagrun for example_params_trigger_ui to None, run_after=None
[2023-12-03T18:36:27.043+0000] {processor.py:179} INFO - Processing /home/airflow/.local/lib/python3.8/site-packages/airflow/example_dags/example_params_trigger_ui.py took 0.204 seconds
[2023-12-03T18:36:57.724+0000] {processor.py:157} INFO - Started process (PID=824) to work on /home/airflow/.local/lib/python3.8/site-packages/airflow/example_dags/example_params_trigger_ui.py
[2023-12-03T18:36:57.727+0000] {processor.py:829} INFO - Processing file /home/airflow/.local/lib/python3.8/site-packages/airflow/example_dags/example_params_trigger_ui.py for tasks to queue
[2023-12-03T18:36:57.736+0000] {logging_mixin.py:154} INFO - [2023-12-03T18:36:57.734+0000] {dagbag.py:536} INFO - Filling up the DagBag from /home/airflow/.local/lib/python3.8/site-packages/airflow/example_dags/example_params_trigger_ui.py
[2023-12-03T18:36:57.766+0000] {processor.py:839} INFO - DAG(s) dict_keys(['example_params_trigger_ui']) retrieved from /home/airflow/.local/lib/python3.8/site-packages/airflow/example_dags/example_params_trigger_ui.py
[2023-12-03T18:36:57.876+0000] {logging_mixin.py:154} INFO - [2023-12-03T18:36:57.876+0000] {dag.py:2941} INFO - Sync 1 DAGs
[2023-12-03T18:36:57.899+0000] {logging_mixin.py:154} INFO - [2023-12-03T18:36:57.899+0000] {dag.py:3722} INFO - Setting next_dagrun for example_params_trigger_ui to None, run_after=None
[2023-12-03T18:36:57.953+0000] {processor.py:179} INFO - Processing /home/airflow/.local/lib/python3.8/site-packages/airflow/example_dags/example_params_trigger_ui.py took 0.241 seconds
[2023-12-03T18:37:28.293+0000] {processor.py:157} INFO - Started process (PID=879) to work on /home/airflow/.local/lib/python3.8/site-packages/airflow/example_dags/example_params_trigger_ui.py
[2023-12-03T18:37:28.296+0000] {processor.py:829} INFO - Processing file /home/airflow/.local/lib/python3.8/site-packages/airflow/example_dags/example_params_trigger_ui.py for tasks to queue
[2023-12-03T18:37:28.311+0000] {logging_mixin.py:154} INFO - [2023-12-03T18:37:28.310+0000] {dagbag.py:536} INFO - Filling up the DagBag from /home/airflow/.local/lib/python3.8/site-packages/airflow/example_dags/example_params_trigger_ui.py
[2023-12-03T18:37:28.375+0000] {processor.py:839} INFO - DAG(s) dict_keys(['example_params_trigger_ui']) retrieved from /home/airflow/.local/lib/python3.8/site-packages/airflow/example_dags/example_params_trigger_ui.py
[2023-12-03T18:37:28.485+0000] {logging_mixin.py:154} INFO - [2023-12-03T18:37:28.484+0000] {dag.py:2941} INFO - Sync 1 DAGs
[2023-12-03T18:37:28.510+0000] {logging_mixin.py:154} INFO - [2023-12-03T18:37:28.509+0000] {dag.py:3722} INFO - Setting next_dagrun for example_params_trigger_ui to None, run_after=None
[2023-12-03T18:37:28.543+0000] {processor.py:179} INFO - Processing /home/airflow/.local/lib/python3.8/site-packages/airflow/example_dags/example_params_trigger_ui.py took 0.264 seconds
[2023-12-03T18:37:59.063+0000] {processor.py:157} INFO - Started process (PID=934) to work on /home/airflow/.local/lib/python3.8/site-packages/airflow/example_dags/example_params_trigger_ui.py
[2023-12-03T18:37:59.065+0000] {processor.py:829} INFO - Processing file /home/airflow/.local/lib/python3.8/site-packages/airflow/example_dags/example_params_trigger_ui.py for tasks to queue
[2023-12-03T18:37:59.074+0000] {logging_mixin.py:154} INFO - [2023-12-03T18:37:59.072+0000] {dagbag.py:536} INFO - Filling up the DagBag from /home/airflow/.local/lib/python3.8/site-packages/airflow/example_dags/example_params_trigger_ui.py
[2023-12-03T18:37:59.118+0000] {processor.py:839} INFO - DAG(s) dict_keys(['example_params_trigger_ui']) retrieved from /home/airflow/.local/lib/python3.8/site-packages/airflow/example_dags/example_params_trigger_ui.py
[2023-12-03T18:37:59.201+0000] {logging_mixin.py:154} INFO - [2023-12-03T18:37:59.201+0000] {dag.py:2941} INFO - Sync 1 DAGs
[2023-12-03T18:37:59.222+0000] {logging_mixin.py:154} INFO - [2023-12-03T18:37:59.222+0000] {dag.py:3722} INFO - Setting next_dagrun for example_params_trigger_ui to None, run_after=None
[2023-12-03T18:37:59.261+0000] {processor.py:179} INFO - Processing /home/airflow/.local/lib/python3.8/site-packages/airflow/example_dags/example_params_trigger_ui.py took 0.213 seconds
[2023-12-03T18:38:29.507+0000] {processor.py:157} INFO - Started process (PID=989) to work on /home/airflow/.local/lib/python3.8/site-packages/airflow/example_dags/example_params_trigger_ui.py
[2023-12-03T18:38:29.509+0000] {processor.py:829} INFO - Processing file /home/airflow/.local/lib/python3.8/site-packages/airflow/example_dags/example_params_trigger_ui.py for tasks to queue
[2023-12-03T18:38:29.518+0000] {logging_mixin.py:154} INFO - [2023-12-03T18:38:29.517+0000] {dagbag.py:536} INFO - Filling up the DagBag from /home/airflow/.local/lib/python3.8/site-packages/airflow/example_dags/example_params_trigger_ui.py
[2023-12-03T18:38:29.574+0000] {processor.py:839} INFO - DAG(s) dict_keys(['example_params_trigger_ui']) retrieved from /home/airflow/.local/lib/python3.8/site-packages/airflow/example_dags/example_params_trigger_ui.py
[2023-12-03T18:38:29.656+0000] {logging_mixin.py:154} INFO - [2023-12-03T18:38:29.656+0000] {dag.py:2941} INFO - Sync 1 DAGs
[2023-12-03T18:38:29.675+0000] {logging_mixin.py:154} INFO - [2023-12-03T18:38:29.675+0000] {dag.py:3722} INFO - Setting next_dagrun for example_params_trigger_ui to None, run_after=None
[2023-12-03T18:38:29.709+0000] {processor.py:179} INFO - Processing /home/airflow/.local/lib/python3.8/site-packages/airflow/example_dags/example_params_trigger_ui.py took 0.212 seconds
[2023-12-03T18:39:00.147+0000] {processor.py:157} INFO - Started process (PID=1044) to work on /home/airflow/.local/lib/python3.8/site-packages/airflow/example_dags/example_params_trigger_ui.py
[2023-12-03T18:39:00.149+0000] {processor.py:829} INFO - Processing file /home/airflow/.local/lib/python3.8/site-packages/airflow/example_dags/example_params_trigger_ui.py for tasks to queue
[2023-12-03T18:39:00.157+0000] {logging_mixin.py:154} INFO - [2023-12-03T18:39:00.156+0000] {dagbag.py:536} INFO - Filling up the DagBag from /home/airflow/.local/lib/python3.8/site-packages/airflow/example_dags/example_params_trigger_ui.py
[2023-12-03T18:39:00.211+0000] {processor.py:839} INFO - DAG(s) dict_keys(['example_params_trigger_ui']) retrieved from /home/airflow/.local/lib/python3.8/site-packages/airflow/example_dags/example_params_trigger_ui.py
[2023-12-03T18:39:00.331+0000] {logging_mixin.py:154} INFO - [2023-12-03T18:39:00.330+0000] {dag.py:2941} INFO - Sync 1 DAGs
[2023-12-03T18:39:00.349+0000] {logging_mixin.py:154} INFO - [2023-12-03T18:39:00.349+0000] {dag.py:3722} INFO - Setting next_dagrun for example_params_trigger_ui to None, run_after=None
[2023-12-03T18:39:00.383+0000] {processor.py:179} INFO - Processing /home/airflow/.local/lib/python3.8/site-packages/airflow/example_dags/example_params_trigger_ui.py took 0.246 seconds
[2023-12-03T18:39:30.476+0000] {processor.py:157} INFO - Started process (PID=1099) to work on /home/airflow/.local/lib/python3.8/site-packages/airflow/example_dags/example_params_trigger_ui.py
[2023-12-03T18:39:30.478+0000] {processor.py:829} INFO - Processing file /home/airflow/.local/lib/python3.8/site-packages/airflow/example_dags/example_params_trigger_ui.py for tasks to queue
[2023-12-03T18:39:30.486+0000] {logging_mixin.py:154} INFO - [2023-12-03T18:39:30.485+0000] {dagbag.py:536} INFO - Filling up the DagBag from /home/airflow/.local/lib/python3.8/site-packages/airflow/example_dags/example_params_trigger_ui.py
[2023-12-03T18:39:30.525+0000] {processor.py:839} INFO - DAG(s) dict_keys(['example_params_trigger_ui']) retrieved from /home/airflow/.local/lib/python3.8/site-packages/airflow/example_dags/example_params_trigger_ui.py
[2023-12-03T18:39:30.636+0000] {logging_mixin.py:154} INFO - [2023-12-03T18:39:30.636+0000] {dag.py:2941} INFO - Sync 1 DAGs
[2023-12-03T18:39:30.653+0000] {logging_mixin.py:154} INFO - [2023-12-03T18:39:30.653+0000] {dag.py:3722} INFO - Setting next_dagrun for example_params_trigger_ui to None, run_after=None
[2023-12-03T18:39:30.684+0000] {processor.py:179} INFO - Processing /home/airflow/.local/lib/python3.8/site-packages/airflow/example_dags/example_params_trigger_ui.py took 0.212 seconds
[2023-12-03T18:40:00.796+0000] {processor.py:157} INFO - Started process (PID=1154) to work on /home/airflow/.local/lib/python3.8/site-packages/airflow/example_dags/example_params_trigger_ui.py
[2023-12-03T18:40:00.798+0000] {processor.py:829} INFO - Processing file /home/airflow/.local/lib/python3.8/site-packages/airflow/example_dags/example_params_trigger_ui.py for tasks to queue
[2023-12-03T18:40:00.806+0000] {logging_mixin.py:154} INFO - [2023-12-03T18:40:00.805+0000] {dagbag.py:536} INFO - Filling up the DagBag from /home/airflow/.local/lib/python3.8/site-packages/airflow/example_dags/example_params_trigger_ui.py
[2023-12-03T18:40:00.842+0000] {processor.py:839} INFO - DAG(s) dict_keys(['example_params_trigger_ui']) retrieved from /home/airflow/.local/lib/python3.8/site-packages/airflow/example_dags/example_params_trigger_ui.py
[2023-12-03T18:40:00.928+0000] {logging_mixin.py:154} INFO - [2023-12-03T18:40:00.928+0000] {dag.py:2941} INFO - Sync 1 DAGs
[2023-12-03T18:40:00.951+0000] {logging_mixin.py:154} INFO - [2023-12-03T18:40:00.951+0000] {dag.py:3722} INFO - Setting next_dagrun for example_params_trigger_ui to None, run_after=None
[2023-12-03T18:40:00.984+0000] {processor.py:179} INFO - Processing /home/airflow/.local/lib/python3.8/site-packages/airflow/example_dags/example_params_trigger_ui.py took 0.199 seconds
[2023-12-03T18:41:30.239+0000] {processor.py:157} INFO - Started process (PID=39) to work on /home/airflow/.local/lib/python3.8/site-packages/airflow/example_dags/example_params_trigger_ui.py
[2023-12-03T18:41:30.241+0000] {processor.py:829} INFO - Processing file /home/airflow/.local/lib/python3.8/site-packages/airflow/example_dags/example_params_trigger_ui.py for tasks to queue
[2023-12-03T18:41:30.247+0000] {logging_mixin.py:154} INFO - [2023-12-03T18:41:30.246+0000] {dagbag.py:536} INFO - Filling up the DagBag from /home/airflow/.local/lib/python3.8/site-packages/airflow/example_dags/example_params_trigger_ui.py
[2023-12-03T18:41:30.306+0000] {processor.py:839} INFO - DAG(s) dict_keys(['example_params_trigger_ui']) retrieved from /home/airflow/.local/lib/python3.8/site-packages/airflow/example_dags/example_params_trigger_ui.py
[2023-12-03T18:41:30.327+0000] {logging_mixin.py:154} INFO - [2023-12-03T18:41:30.327+0000] {dag.py:2941} INFO - Sync 1 DAGs
[2023-12-03T18:41:30.380+0000] {logging_mixin.py:154} INFO - [2023-12-03T18:41:30.380+0000] {dag.py:3722} INFO - Setting next_dagrun for example_params_trigger_ui to None, run_after=None
[2023-12-03T18:41:30.417+0000] {processor.py:179} INFO - Processing /home/airflow/.local/lib/python3.8/site-packages/airflow/example_dags/example_params_trigger_ui.py took 0.184 seconds
[2023-12-03T18:41:55.128+0000] {processor.py:157} INFO - Started process (PID=38) to work on /home/airflow/.local/lib/python3.8/site-packages/airflow/example_dags/example_params_trigger_ui.py
[2023-12-03T18:41:55.129+0000] {processor.py:829} INFO - Processing file /home/airflow/.local/lib/python3.8/site-packages/airflow/example_dags/example_params_trigger_ui.py for tasks to queue
[2023-12-03T18:41:55.133+0000] {logging_mixin.py:154} INFO - [2023-12-03T18:41:55.133+0000] {dagbag.py:536} INFO - Filling up the DagBag from /home/airflow/.local/lib/python3.8/site-packages/airflow/example_dags/example_params_trigger_ui.py
[2023-12-03T18:41:55.164+0000] {processor.py:839} INFO - DAG(s) dict_keys(['example_params_trigger_ui']) retrieved from /home/airflow/.local/lib/python3.8/site-packages/airflow/example_dags/example_params_trigger_ui.py
[2023-12-03T18:41:55.258+0000] {logging_mixin.py:154} INFO - [2023-12-03T18:41:55.257+0000] {dag.py:2941} INFO - Sync 1 DAGs
[2023-12-03T18:41:55.293+0000] {logging_mixin.py:154} INFO - [2023-12-03T18:41:55.292+0000] {dag.py:3722} INFO - Setting next_dagrun for example_params_trigger_ui to None, run_after=None
[2023-12-03T18:41:55.325+0000] {processor.py:179} INFO - Processing /home/airflow/.local/lib/python3.8/site-packages/airflow/example_dags/example_params_trigger_ui.py took 0.203 seconds
[2023-12-03T18:42:25.792+0000] {processor.py:157} INFO - Started process (PID=93) to work on /home/airflow/.local/lib/python3.8/site-packages/airflow/example_dags/example_params_trigger_ui.py
[2023-12-03T18:42:25.793+0000] {processor.py:829} INFO - Processing file /home/airflow/.local/lib/python3.8/site-packages/airflow/example_dags/example_params_trigger_ui.py for tasks to queue
[2023-12-03T18:42:25.798+0000] {logging_mixin.py:154} INFO - [2023-12-03T18:42:25.797+0000] {dagbag.py:536} INFO - Filling up the DagBag from /home/airflow/.local/lib/python3.8/site-packages/airflow/example_dags/example_params_trigger_ui.py
[2023-12-03T18:42:25.825+0000] {processor.py:839} INFO - DAG(s) dict_keys(['example_params_trigger_ui']) retrieved from /home/airflow/.local/lib/python3.8/site-packages/airflow/example_dags/example_params_trigger_ui.py
[2023-12-03T18:42:25.901+0000] {logging_mixin.py:154} INFO - [2023-12-03T18:42:25.901+0000] {dag.py:2941} INFO - Sync 1 DAGs
[2023-12-03T18:42:25.921+0000] {logging_mixin.py:154} INFO - [2023-12-03T18:42:25.921+0000] {dag.py:3722} INFO - Setting next_dagrun for example_params_trigger_ui to None, run_after=None
[2023-12-03T18:42:25.956+0000] {processor.py:179} INFO - Processing /home/airflow/.local/lib/python3.8/site-packages/airflow/example_dags/example_params_trigger_ui.py took 0.168 seconds
[2023-12-03T18:42:56.775+0000] {processor.py:157} INFO - Started process (PID=149) to work on /home/airflow/.local/lib/python3.8/site-packages/airflow/example_dags/example_params_trigger_ui.py
[2023-12-03T18:42:56.777+0000] {processor.py:829} INFO - Processing file /home/airflow/.local/lib/python3.8/site-packages/airflow/example_dags/example_params_trigger_ui.py for tasks to queue
[2023-12-03T18:42:56.780+0000] {logging_mixin.py:154} INFO - [2023-12-03T18:42:56.780+0000] {dagbag.py:536} INFO - Filling up the DagBag from /home/airflow/.local/lib/python3.8/site-packages/airflow/example_dags/example_params_trigger_ui.py
[2023-12-03T18:42:56.808+0000] {processor.py:839} INFO - DAG(s) dict_keys(['example_params_trigger_ui']) retrieved from /home/airflow/.local/lib/python3.8/site-packages/airflow/example_dags/example_params_trigger_ui.py
[2023-12-03T18:42:56.884+0000] {logging_mixin.py:154} INFO - [2023-12-03T18:42:56.884+0000] {dag.py:2941} INFO - Sync 1 DAGs
[2023-12-03T18:42:56.906+0000] {logging_mixin.py:154} INFO - [2023-12-03T18:42:56.906+0000] {dag.py:3722} INFO - Setting next_dagrun for example_params_trigger_ui to None, run_after=None
[2023-12-03T18:42:56.943+0000] {processor.py:179} INFO - Processing /home/airflow/.local/lib/python3.8/site-packages/airflow/example_dags/example_params_trigger_ui.py took 0.174 seconds
[2023-12-03T18:43:27.538+0000] {processor.py:157} INFO - Started process (PID=204) to work on /home/airflow/.local/lib/python3.8/site-packages/airflow/example_dags/example_params_trigger_ui.py
[2023-12-03T18:43:27.540+0000] {processor.py:829} INFO - Processing file /home/airflow/.local/lib/python3.8/site-packages/airflow/example_dags/example_params_trigger_ui.py for tasks to queue
[2023-12-03T18:43:27.544+0000] {logging_mixin.py:154} INFO - [2023-12-03T18:43:27.543+0000] {dagbag.py:536} INFO - Filling up the DagBag from /home/airflow/.local/lib/python3.8/site-packages/airflow/example_dags/example_params_trigger_ui.py
[2023-12-03T18:43:27.566+0000] {processor.py:839} INFO - DAG(s) dict_keys(['example_params_trigger_ui']) retrieved from /home/airflow/.local/lib/python3.8/site-packages/airflow/example_dags/example_params_trigger_ui.py
[2023-12-03T18:43:27.639+0000] {logging_mixin.py:154} INFO - [2023-12-03T18:43:27.639+0000] {dag.py:2941} INFO - Sync 1 DAGs
[2023-12-03T18:43:27.657+0000] {logging_mixin.py:154} INFO - [2023-12-03T18:43:27.657+0000] {dag.py:3722} INFO - Setting next_dagrun for example_params_trigger_ui to None, run_after=None
[2023-12-03T18:43:27.694+0000] {processor.py:179} INFO - Processing /home/airflow/.local/lib/python3.8/site-packages/airflow/example_dags/example_params_trigger_ui.py took 0.161 seconds
[2023-12-03T18:43:58.390+0000] {processor.py:157} INFO - Started process (PID=259) to work on /home/airflow/.local/lib/python3.8/site-packages/airflow/example_dags/example_params_trigger_ui.py
[2023-12-03T18:43:58.391+0000] {processor.py:829} INFO - Processing file /home/airflow/.local/lib/python3.8/site-packages/airflow/example_dags/example_params_trigger_ui.py for tasks to queue
[2023-12-03T18:43:58.395+0000] {logging_mixin.py:154} INFO - [2023-12-03T18:43:58.394+0000] {dagbag.py:536} INFO - Filling up the DagBag from /home/airflow/.local/lib/python3.8/site-packages/airflow/example_dags/example_params_trigger_ui.py
[2023-12-03T18:43:58.419+0000] {processor.py:839} INFO - DAG(s) dict_keys(['example_params_trigger_ui']) retrieved from /home/airflow/.local/lib/python3.8/site-packages/airflow/example_dags/example_params_trigger_ui.py
[2023-12-03T18:43:58.492+0000] {logging_mixin.py:154} INFO - [2023-12-03T18:43:58.492+0000] {dag.py:2941} INFO - Sync 1 DAGs
[2023-12-03T18:43:58.509+0000] {logging_mixin.py:154} INFO - [2023-12-03T18:43:58.509+0000] {dag.py:3722} INFO - Setting next_dagrun for example_params_trigger_ui to None, run_after=None
[2023-12-03T18:43:58.540+0000] {processor.py:179} INFO - Processing /home/airflow/.local/lib/python3.8/site-packages/airflow/example_dags/example_params_trigger_ui.py took 0.157 seconds
[2023-12-03T18:44:29.340+0000] {processor.py:157} INFO - Started process (PID=314) to work on /home/airflow/.local/lib/python3.8/site-packages/airflow/example_dags/example_params_trigger_ui.py
[2023-12-03T18:44:29.342+0000] {processor.py:829} INFO - Processing file /home/airflow/.local/lib/python3.8/site-packages/airflow/example_dags/example_params_trigger_ui.py for tasks to queue
[2023-12-03T18:44:29.346+0000] {logging_mixin.py:154} INFO - [2023-12-03T18:44:29.345+0000] {dagbag.py:536} INFO - Filling up the DagBag from /home/airflow/.local/lib/python3.8/site-packages/airflow/example_dags/example_params_trigger_ui.py
[2023-12-03T18:44:29.378+0000] {processor.py:839} INFO - DAG(s) dict_keys(['example_params_trigger_ui']) retrieved from /home/airflow/.local/lib/python3.8/site-packages/airflow/example_dags/example_params_trigger_ui.py
[2023-12-03T18:44:29.456+0000] {logging_mixin.py:154} INFO - [2023-12-03T18:44:29.456+0000] {dag.py:2941} INFO - Sync 1 DAGs
[2023-12-03T18:44:29.476+0000] {logging_mixin.py:154} INFO - [2023-12-03T18:44:29.475+0000] {dag.py:3722} INFO - Setting next_dagrun for example_params_trigger_ui to None, run_after=None
[2023-12-03T18:44:29.524+0000] {processor.py:179} INFO - Processing /home/airflow/.local/lib/python3.8/site-packages/airflow/example_dags/example_params_trigger_ui.py took 0.188 seconds
[2023-12-03T18:48:26.641+0000] {processor.py:157} INFO - Started process (PID=42) to work on /home/airflow/.local/lib/python3.8/site-packages/airflow/example_dags/example_params_trigger_ui.py
[2023-12-03T18:48:26.642+0000] {processor.py:829} INFO - Processing file /home/airflow/.local/lib/python3.8/site-packages/airflow/example_dags/example_params_trigger_ui.py for tasks to queue
[2023-12-03T18:48:26.646+0000] {logging_mixin.py:154} INFO - [2023-12-03T18:48:26.645+0000] {dagbag.py:536} INFO - Filling up the DagBag from /home/airflow/.local/lib/python3.8/site-packages/airflow/example_dags/example_params_trigger_ui.py
[2023-12-03T18:48:26.685+0000] {processor.py:839} INFO - DAG(s) dict_keys(['example_params_trigger_ui']) retrieved from /home/airflow/.local/lib/python3.8/site-packages/airflow/example_dags/example_params_trigger_ui.py
[2023-12-03T18:48:26.706+0000] {logging_mixin.py:154} INFO - [2023-12-03T18:48:26.706+0000] {dag.py:2941} INFO - Sync 1 DAGs
[2023-12-03T18:48:26.736+0000] {logging_mixin.py:154} INFO - [2023-12-03T18:48:26.736+0000] {dag.py:3722} INFO - Setting next_dagrun for example_params_trigger_ui to None, run_after=None
[2023-12-03T18:48:26.773+0000] {processor.py:179} INFO - Processing /home/airflow/.local/lib/python3.8/site-packages/airflow/example_dags/example_params_trigger_ui.py took 0.138 seconds
[2023-12-03T18:48:57.188+0000] {processor.py:157} INFO - Started process (PID=97) to work on /home/airflow/.local/lib/python3.8/site-packages/airflow/example_dags/example_params_trigger_ui.py
[2023-12-03T18:48:57.190+0000] {processor.py:829} INFO - Processing file /home/airflow/.local/lib/python3.8/site-packages/airflow/example_dags/example_params_trigger_ui.py for tasks to queue
[2023-12-03T18:48:57.194+0000] {logging_mixin.py:154} INFO - [2023-12-03T18:48:57.193+0000] {dagbag.py:536} INFO - Filling up the DagBag from /home/airflow/.local/lib/python3.8/site-packages/airflow/example_dags/example_params_trigger_ui.py
[2023-12-03T18:48:57.232+0000] {processor.py:839} INFO - DAG(s) dict_keys(['example_params_trigger_ui']) retrieved from /home/airflow/.local/lib/python3.8/site-packages/airflow/example_dags/example_params_trigger_ui.py
[2023-12-03T18:48:57.324+0000] {logging_mixin.py:154} INFO - [2023-12-03T18:48:57.323+0000] {dag.py:2941} INFO - Sync 1 DAGs
[2023-12-03T18:48:57.347+0000] {logging_mixin.py:154} INFO - [2023-12-03T18:48:57.346+0000] {dag.py:3722} INFO - Setting next_dagrun for example_params_trigger_ui to None, run_after=None
[2023-12-03T18:48:57.382+0000] {processor.py:179} INFO - Processing /home/airflow/.local/lib/python3.8/site-packages/airflow/example_dags/example_params_trigger_ui.py took 0.200 seconds
[2023-12-03T18:49:27.924+0000] {processor.py:157} INFO - Started process (PID=152) to work on /home/airflow/.local/lib/python3.8/site-packages/airflow/example_dags/example_params_trigger_ui.py
[2023-12-03T18:49:27.925+0000] {processor.py:829} INFO - Processing file /home/airflow/.local/lib/python3.8/site-packages/airflow/example_dags/example_params_trigger_ui.py for tasks to queue
[2023-12-03T18:49:27.929+0000] {logging_mixin.py:154} INFO - [2023-12-03T18:49:27.928+0000] {dagbag.py:536} INFO - Filling up the DagBag from /home/airflow/.local/lib/python3.8/site-packages/airflow/example_dags/example_params_trigger_ui.py
[2023-12-03T18:49:27.951+0000] {processor.py:839} INFO - DAG(s) dict_keys(['example_params_trigger_ui']) retrieved from /home/airflow/.local/lib/python3.8/site-packages/airflow/example_dags/example_params_trigger_ui.py
[2023-12-03T18:49:28.035+0000] {logging_mixin.py:154} INFO - [2023-12-03T18:49:28.035+0000] {dag.py:2941} INFO - Sync 1 DAGs
[2023-12-03T18:49:28.056+0000] {logging_mixin.py:154} INFO - [2023-12-03T18:49:28.055+0000] {dag.py:3722} INFO - Setting next_dagrun for example_params_trigger_ui to None, run_after=None
[2023-12-03T18:49:28.089+0000] {processor.py:179} INFO - Processing /home/airflow/.local/lib/python3.8/site-packages/airflow/example_dags/example_params_trigger_ui.py took 0.169 seconds
