[2023-12-03T18:18:47.393+0000] {processor.py:157} INFO - Started process (PID=52) to work on /home/airflow/.local/lib/python3.8/site-packages/airflow/example_dags/example_latest_only.py
[2023-12-03T18:18:47.394+0000] {processor.py:829} INFO - Processing file /home/airflow/.local/lib/python3.8/site-packages/airflow/example_dags/example_latest_only.py for tasks to queue
[2023-12-03T18:18:47.399+0000] {logging_mixin.py:154} INFO - [2023-12-03T18:18:47.398+0000] {dagbag.py:536} INFO - Filling up the DagBag from /home/airflow/.local/lib/python3.8/site-packages/airflow/example_dags/example_latest_only.py
[2023-12-03T18:18:47.409+0000] {processor.py:839} INFO - DAG(s) dict_keys(['latest_only']) retrieved from /home/airflow/.local/lib/python3.8/site-packages/airflow/example_dags/example_latest_only.py
[2023-12-03T18:18:47.463+0000] {logging_mixin.py:154} INFO - [2023-12-03T18:18:47.462+0000] {dag.py:2941} INFO - Sync 1 DAGs
[2023-12-03T18:18:47.504+0000] {logging_mixin.py:154} INFO - [2023-12-03T18:18:47.503+0000] {dag.py:3722} INFO - Setting next_dagrun for latest_only to 2023-12-03T14:18:47.503283+00:00, run_after=2023-12-03T18:18:47.503283+00:00
[2023-12-03T18:18:47.536+0000] {processor.py:179} INFO - Processing /home/airflow/.local/lib/python3.8/site-packages/airflow/example_dags/example_latest_only.py took 0.149 seconds
[2023-12-03T18:19:18.533+0000] {processor.py:157} INFO - Started process (PID=106) to work on /home/airflow/.local/lib/python3.8/site-packages/airflow/example_dags/example_latest_only.py
[2023-12-03T18:19:18.536+0000] {processor.py:829} INFO - Processing file /home/airflow/.local/lib/python3.8/site-packages/airflow/example_dags/example_latest_only.py for tasks to queue
[2023-12-03T18:19:18.542+0000] {logging_mixin.py:154} INFO - [2023-12-03T18:19:18.541+0000] {dagbag.py:536} INFO - Filling up the DagBag from /home/airflow/.local/lib/python3.8/site-packages/airflow/example_dags/example_latest_only.py
[2023-12-03T18:19:18.555+0000] {processor.py:839} INFO - DAG(s) dict_keys(['latest_only']) retrieved from /home/airflow/.local/lib/python3.8/site-packages/airflow/example_dags/example_latest_only.py
[2023-12-03T18:19:18.603+0000] {logging_mixin.py:154} INFO - [2023-12-03T18:19:18.602+0000] {dag.py:2941} INFO - Sync 1 DAGs
[2023-12-03T18:19:18.673+0000] {logging_mixin.py:154} INFO - [2023-12-03T18:19:18.672+0000] {dag.py:3722} INFO - Setting next_dagrun for latest_only to 2023-12-03T14:19:18.672022+00:00, run_after=2023-12-03T18:19:18.672022+00:00
[2023-12-03T18:19:18.721+0000] {processor.py:179} INFO - Processing /home/airflow/.local/lib/python3.8/site-packages/airflow/example_dags/example_latest_only.py took 0.195 seconds
[2023-12-03T18:19:49.330+0000] {processor.py:157} INFO - Started process (PID=160) to work on /home/airflow/.local/lib/python3.8/site-packages/airflow/example_dags/example_latest_only.py
[2023-12-03T18:19:49.332+0000] {processor.py:829} INFO - Processing file /home/airflow/.local/lib/python3.8/site-packages/airflow/example_dags/example_latest_only.py for tasks to queue
[2023-12-03T18:19:49.338+0000] {logging_mixin.py:154} INFO - [2023-12-03T18:19:49.337+0000] {dagbag.py:536} INFO - Filling up the DagBag from /home/airflow/.local/lib/python3.8/site-packages/airflow/example_dags/example_latest_only.py
[2023-12-03T18:19:49.350+0000] {processor.py:839} INFO - DAG(s) dict_keys(['latest_only']) retrieved from /home/airflow/.local/lib/python3.8/site-packages/airflow/example_dags/example_latest_only.py
[2023-12-03T18:19:49.379+0000] {logging_mixin.py:154} INFO - [2023-12-03T18:19:49.379+0000] {dag.py:2941} INFO - Sync 1 DAGs
[2023-12-03T18:19:49.437+0000] {logging_mixin.py:154} INFO - [2023-12-03T18:19:49.437+0000] {dag.py:3722} INFO - Setting next_dagrun for latest_only to 2023-12-03T14:19:49.436784+00:00, run_after=2023-12-03T18:19:49.436784+00:00
[2023-12-03T18:19:49.491+0000] {processor.py:179} INFO - Processing /home/airflow/.local/lib/python3.8/site-packages/airflow/example_dags/example_latest_only.py took 0.169 seconds
[2023-12-03T18:20:19.900+0000] {processor.py:157} INFO - Started process (PID=214) to work on /home/airflow/.local/lib/python3.8/site-packages/airflow/example_dags/example_latest_only.py
[2023-12-03T18:20:19.902+0000] {processor.py:829} INFO - Processing file /home/airflow/.local/lib/python3.8/site-packages/airflow/example_dags/example_latest_only.py for tasks to queue
[2023-12-03T18:20:19.905+0000] {logging_mixin.py:154} INFO - [2023-12-03T18:20:19.905+0000] {dagbag.py:536} INFO - Filling up the DagBag from /home/airflow/.local/lib/python3.8/site-packages/airflow/example_dags/example_latest_only.py
[2023-12-03T18:20:19.914+0000] {processor.py:839} INFO - DAG(s) dict_keys(['latest_only']) retrieved from /home/airflow/.local/lib/python3.8/site-packages/airflow/example_dags/example_latest_only.py
[2023-12-03T18:20:19.946+0000] {logging_mixin.py:154} INFO - [2023-12-03T18:20:19.946+0000] {dag.py:2941} INFO - Sync 1 DAGs
[2023-12-03T18:20:19.991+0000] {logging_mixin.py:154} INFO - [2023-12-03T18:20:19.991+0000] {dag.py:3722} INFO - Setting next_dagrun for latest_only to 2023-12-03T14:20:19.990638+00:00, run_after=2023-12-03T18:20:19.990638+00:00
[2023-12-03T18:20:20.035+0000] {processor.py:179} INFO - Processing /home/airflow/.local/lib/python3.8/site-packages/airflow/example_dags/example_latest_only.py took 0.141 seconds
[2023-12-03T18:20:50.617+0000] {processor.py:157} INFO - Started process (PID=268) to work on /home/airflow/.local/lib/python3.8/site-packages/airflow/example_dags/example_latest_only.py
[2023-12-03T18:20:50.621+0000] {processor.py:829} INFO - Processing file /home/airflow/.local/lib/python3.8/site-packages/airflow/example_dags/example_latest_only.py for tasks to queue
[2023-12-03T18:20:50.629+0000] {logging_mixin.py:154} INFO - [2023-12-03T18:20:50.628+0000] {dagbag.py:536} INFO - Filling up the DagBag from /home/airflow/.local/lib/python3.8/site-packages/airflow/example_dags/example_latest_only.py
[2023-12-03T18:20:50.646+0000] {processor.py:839} INFO - DAG(s) dict_keys(['latest_only']) retrieved from /home/airflow/.local/lib/python3.8/site-packages/airflow/example_dags/example_latest_only.py
[2023-12-03T18:20:50.701+0000] {logging_mixin.py:154} INFO - [2023-12-03T18:20:50.700+0000] {dag.py:2941} INFO - Sync 1 DAGs
[2023-12-03T18:20:50.769+0000] {logging_mixin.py:154} INFO - [2023-12-03T18:20:50.768+0000] {dag.py:3722} INFO - Setting next_dagrun for latest_only to 2023-12-03T14:20:50.767865+00:00, run_after=2023-12-03T18:20:50.767865+00:00
[2023-12-03T18:20:50.833+0000] {processor.py:179} INFO - Processing /home/airflow/.local/lib/python3.8/site-packages/airflow/example_dags/example_latest_only.py took 0.223 seconds
[2023-12-03T18:21:21.715+0000] {processor.py:157} INFO - Started process (PID=329) to work on /home/airflow/.local/lib/python3.8/site-packages/airflow/example_dags/example_latest_only.py
[2023-12-03T18:21:21.716+0000] {processor.py:829} INFO - Processing file /home/airflow/.local/lib/python3.8/site-packages/airflow/example_dags/example_latest_only.py for tasks to queue
[2023-12-03T18:21:21.720+0000] {logging_mixin.py:154} INFO - [2023-12-03T18:21:21.720+0000] {dagbag.py:536} INFO - Filling up the DagBag from /home/airflow/.local/lib/python3.8/site-packages/airflow/example_dags/example_latest_only.py
[2023-12-03T18:21:21.729+0000] {processor.py:839} INFO - DAG(s) dict_keys(['latest_only']) retrieved from /home/airflow/.local/lib/python3.8/site-packages/airflow/example_dags/example_latest_only.py
[2023-12-03T18:21:21.748+0000] {logging_mixin.py:154} INFO - [2023-12-03T18:21:21.748+0000] {dag.py:2941} INFO - Sync 1 DAGs
[2023-12-03T18:21:21.784+0000] {logging_mixin.py:154} INFO - [2023-12-03T18:21:21.784+0000] {dag.py:3722} INFO - Setting next_dagrun for latest_only to 2023-12-03T14:21:21.783776+00:00, run_after=2023-12-03T18:21:21.783776+00:00
[2023-12-03T18:21:21.817+0000] {processor.py:179} INFO - Processing /home/airflow/.local/lib/python3.8/site-packages/airflow/example_dags/example_latest_only.py took 0.108 seconds
[2023-12-03T18:21:52.293+0000] {processor.py:157} INFO - Started process (PID=383) to work on /home/airflow/.local/lib/python3.8/site-packages/airflow/example_dags/example_latest_only.py
[2023-12-03T18:21:52.294+0000] {processor.py:829} INFO - Processing file /home/airflow/.local/lib/python3.8/site-packages/airflow/example_dags/example_latest_only.py for tasks to queue
[2023-12-03T18:21:52.298+0000] {logging_mixin.py:154} INFO - [2023-12-03T18:21:52.297+0000] {dagbag.py:536} INFO - Filling up the DagBag from /home/airflow/.local/lib/python3.8/site-packages/airflow/example_dags/example_latest_only.py
[2023-12-03T18:21:52.307+0000] {processor.py:839} INFO - DAG(s) dict_keys(['latest_only']) retrieved from /home/airflow/.local/lib/python3.8/site-packages/airflow/example_dags/example_latest_only.py
[2023-12-03T18:21:52.340+0000] {logging_mixin.py:154} INFO - [2023-12-03T18:21:52.339+0000] {dag.py:2941} INFO - Sync 1 DAGs
[2023-12-03T18:21:52.376+0000] {logging_mixin.py:154} INFO - [2023-12-03T18:21:52.375+0000] {dag.py:3722} INFO - Setting next_dagrun for latest_only to 2023-12-03T14:21:52.375394+00:00, run_after=2023-12-03T18:21:52.375394+00:00
[2023-12-03T18:21:52.413+0000] {processor.py:179} INFO - Processing /home/airflow/.local/lib/python3.8/site-packages/airflow/example_dags/example_latest_only.py took 0.125 seconds
[2023-12-03T18:22:23.101+0000] {processor.py:157} INFO - Started process (PID=437) to work on /home/airflow/.local/lib/python3.8/site-packages/airflow/example_dags/example_latest_only.py
[2023-12-03T18:22:23.103+0000] {processor.py:829} INFO - Processing file /home/airflow/.local/lib/python3.8/site-packages/airflow/example_dags/example_latest_only.py for tasks to queue
[2023-12-03T18:22:23.109+0000] {logging_mixin.py:154} INFO - [2023-12-03T18:22:23.108+0000] {dagbag.py:536} INFO - Filling up the DagBag from /home/airflow/.local/lib/python3.8/site-packages/airflow/example_dags/example_latest_only.py
[2023-12-03T18:22:23.123+0000] {processor.py:839} INFO - DAG(s) dict_keys(['latest_only']) retrieved from /home/airflow/.local/lib/python3.8/site-packages/airflow/example_dags/example_latest_only.py
[2023-12-03T18:22:23.174+0000] {logging_mixin.py:154} INFO - [2023-12-03T18:22:23.173+0000] {dag.py:2941} INFO - Sync 1 DAGs
[2023-12-03T18:22:23.262+0000] {logging_mixin.py:154} INFO - [2023-12-03T18:22:23.262+0000] {dag.py:3722} INFO - Setting next_dagrun for latest_only to 2023-12-03T14:22:23.261840+00:00, run_after=2023-12-03T18:22:23.261840+00:00
[2023-12-03T18:22:23.318+0000] {processor.py:179} INFO - Processing /home/airflow/.local/lib/python3.8/site-packages/airflow/example_dags/example_latest_only.py took 0.223 seconds
[2023-12-03T18:23:57.191+0000] {processor.py:157} INFO - Started process (PID=52) to work on /home/airflow/.local/lib/python3.8/site-packages/airflow/example_dags/example_latest_only.py
[2023-12-03T18:23:57.193+0000] {processor.py:829} INFO - Processing file /home/airflow/.local/lib/python3.8/site-packages/airflow/example_dags/example_latest_only.py for tasks to queue
[2023-12-03T18:23:57.196+0000] {logging_mixin.py:154} INFO - [2023-12-03T18:23:57.196+0000] {dagbag.py:536} INFO - Filling up the DagBag from /home/airflow/.local/lib/python3.8/site-packages/airflow/example_dags/example_latest_only.py
[2023-12-03T18:23:57.207+0000] {processor.py:839} INFO - DAG(s) dict_keys(['latest_only']) retrieved from /home/airflow/.local/lib/python3.8/site-packages/airflow/example_dags/example_latest_only.py
[2023-12-03T18:23:57.229+0000] {logging_mixin.py:154} INFO - [2023-12-03T18:23:57.229+0000] {dag.py:2941} INFO - Sync 1 DAGs
[2023-12-03T18:23:57.280+0000] {logging_mixin.py:154} INFO - [2023-12-03T18:23:57.279+0000] {dag.py:3722} INFO - Setting next_dagrun for latest_only to 2023-12-03T14:23:57.279462+00:00, run_after=2023-12-03T18:23:57.279462+00:00
[2023-12-03T18:23:57.323+0000] {processor.py:179} INFO - Processing /home/airflow/.local/lib/python3.8/site-packages/airflow/example_dags/example_latest_only.py took 0.140 seconds
[2023-12-03T18:24:28.473+0000] {processor.py:157} INFO - Started process (PID=106) to work on /home/airflow/.local/lib/python3.8/site-packages/airflow/example_dags/example_latest_only.py
[2023-12-03T18:24:28.475+0000] {processor.py:829} INFO - Processing file /home/airflow/.local/lib/python3.8/site-packages/airflow/example_dags/example_latest_only.py for tasks to queue
[2023-12-03T18:24:28.480+0000] {logging_mixin.py:154} INFO - [2023-12-03T18:24:28.479+0000] {dagbag.py:536} INFO - Filling up the DagBag from /home/airflow/.local/lib/python3.8/site-packages/airflow/example_dags/example_latest_only.py
[2023-12-03T18:24:28.489+0000] {processor.py:839} INFO - DAG(s) dict_keys(['latest_only']) retrieved from /home/airflow/.local/lib/python3.8/site-packages/airflow/example_dags/example_latest_only.py
[2023-12-03T18:24:28.524+0000] {logging_mixin.py:154} INFO - [2023-12-03T18:24:28.523+0000] {dag.py:2941} INFO - Sync 1 DAGs
[2023-12-03T18:24:28.557+0000] {logging_mixin.py:154} INFO - [2023-12-03T18:24:28.557+0000] {dag.py:3722} INFO - Setting next_dagrun for latest_only to 2023-12-03T14:24:28.556696+00:00, run_after=2023-12-03T18:24:28.556696+00:00
[2023-12-03T18:24:28.596+0000] {processor.py:179} INFO - Processing /home/airflow/.local/lib/python3.8/site-packages/airflow/example_dags/example_latest_only.py took 0.127 seconds
[2023-12-03T18:24:59.512+0000] {processor.py:157} INFO - Started process (PID=160) to work on /home/airflow/.local/lib/python3.8/site-packages/airflow/example_dags/example_latest_only.py
[2023-12-03T18:24:59.513+0000] {processor.py:829} INFO - Processing file /home/airflow/.local/lib/python3.8/site-packages/airflow/example_dags/example_latest_only.py for tasks to queue
[2023-12-03T18:24:59.516+0000] {logging_mixin.py:154} INFO - [2023-12-03T18:24:59.516+0000] {dagbag.py:536} INFO - Filling up the DagBag from /home/airflow/.local/lib/python3.8/site-packages/airflow/example_dags/example_latest_only.py
[2023-12-03T18:24:59.524+0000] {processor.py:839} INFO - DAG(s) dict_keys(['latest_only']) retrieved from /home/airflow/.local/lib/python3.8/site-packages/airflow/example_dags/example_latest_only.py
[2023-12-03T18:24:59.554+0000] {logging_mixin.py:154} INFO - [2023-12-03T18:24:59.554+0000] {dag.py:2941} INFO - Sync 1 DAGs
[2023-12-03T18:24:59.589+0000] {logging_mixin.py:154} INFO - [2023-12-03T18:24:59.588+0000] {dag.py:3722} INFO - Setting next_dagrun for latest_only to 2023-12-03T14:24:59.588330+00:00, run_after=2023-12-03T18:24:59.588330+00:00
[2023-12-03T18:24:59.620+0000] {processor.py:179} INFO - Processing /home/airflow/.local/lib/python3.8/site-packages/airflow/example_dags/example_latest_only.py took 0.114 seconds
[2023-12-03T18:25:29.954+0000] {processor.py:157} INFO - Started process (PID=214) to work on /home/airflow/.local/lib/python3.8/site-packages/airflow/example_dags/example_latest_only.py
[2023-12-03T18:25:29.956+0000] {processor.py:829} INFO - Processing file /home/airflow/.local/lib/python3.8/site-packages/airflow/example_dags/example_latest_only.py for tasks to queue
[2023-12-03T18:25:29.959+0000] {logging_mixin.py:154} INFO - [2023-12-03T18:25:29.958+0000] {dagbag.py:536} INFO - Filling up the DagBag from /home/airflow/.local/lib/python3.8/site-packages/airflow/example_dags/example_latest_only.py
[2023-12-03T18:25:29.969+0000] {processor.py:839} INFO - DAG(s) dict_keys(['latest_only']) retrieved from /home/airflow/.local/lib/python3.8/site-packages/airflow/example_dags/example_latest_only.py
[2023-12-03T18:25:29.999+0000] {logging_mixin.py:154} INFO - [2023-12-03T18:25:29.999+0000] {dag.py:2941} INFO - Sync 1 DAGs
[2023-12-03T18:25:30.039+0000] {logging_mixin.py:154} INFO - [2023-12-03T18:25:30.039+0000] {dag.py:3722} INFO - Setting next_dagrun for latest_only to 2023-12-03T14:25:30.038615+00:00, run_after=2023-12-03T18:25:30.038615+00:00
[2023-12-03T18:25:30.071+0000] {processor.py:179} INFO - Processing /home/airflow/.local/lib/python3.8/site-packages/airflow/example_dags/example_latest_only.py took 0.122 seconds
[2023-12-03T18:26:00.606+0000] {processor.py:157} INFO - Started process (PID=268) to work on /home/airflow/.local/lib/python3.8/site-packages/airflow/example_dags/example_latest_only.py
[2023-12-03T18:26:00.608+0000] {processor.py:829} INFO - Processing file /home/airflow/.local/lib/python3.8/site-packages/airflow/example_dags/example_latest_only.py for tasks to queue
[2023-12-03T18:26:00.612+0000] {logging_mixin.py:154} INFO - [2023-12-03T18:26:00.611+0000] {dagbag.py:536} INFO - Filling up the DagBag from /home/airflow/.local/lib/python3.8/site-packages/airflow/example_dags/example_latest_only.py
[2023-12-03T18:26:00.620+0000] {processor.py:839} INFO - DAG(s) dict_keys(['latest_only']) retrieved from /home/airflow/.local/lib/python3.8/site-packages/airflow/example_dags/example_latest_only.py
[2023-12-03T18:26:00.656+0000] {logging_mixin.py:154} INFO - [2023-12-03T18:26:00.655+0000] {dag.py:2941} INFO - Sync 1 DAGs
[2023-12-03T18:26:00.697+0000] {logging_mixin.py:154} INFO - [2023-12-03T18:26:00.697+0000] {dag.py:3722} INFO - Setting next_dagrun for latest_only to 2023-12-03T14:26:00.696746+00:00, run_after=2023-12-03T18:26:00.696746+00:00
[2023-12-03T18:26:00.734+0000] {processor.py:179} INFO - Processing /home/airflow/.local/lib/python3.8/site-packages/airflow/example_dags/example_latest_only.py took 0.132 seconds
[2023-12-03T18:26:30.995+0000] {processor.py:157} INFO - Started process (PID=322) to work on /home/airflow/.local/lib/python3.8/site-packages/airflow/example_dags/example_latest_only.py
[2023-12-03T18:26:30.996+0000] {processor.py:829} INFO - Processing file /home/airflow/.local/lib/python3.8/site-packages/airflow/example_dags/example_latest_only.py for tasks to queue
[2023-12-03T18:26:30.999+0000] {logging_mixin.py:154} INFO - [2023-12-03T18:26:30.998+0000] {dagbag.py:536} INFO - Filling up the DagBag from /home/airflow/.local/lib/python3.8/site-packages/airflow/example_dags/example_latest_only.py
[2023-12-03T18:26:31.008+0000] {processor.py:839} INFO - DAG(s) dict_keys(['latest_only']) retrieved from /home/airflow/.local/lib/python3.8/site-packages/airflow/example_dags/example_latest_only.py
[2023-12-03T18:26:31.038+0000] {logging_mixin.py:154} INFO - [2023-12-03T18:26:31.038+0000] {dag.py:2941} INFO - Sync 1 DAGs
[2023-12-03T18:26:31.074+0000] {logging_mixin.py:154} INFO - [2023-12-03T18:26:31.074+0000] {dag.py:3722} INFO - Setting next_dagrun for latest_only to 2023-12-03T14:26:31.073862+00:00, run_after=2023-12-03T18:26:31.073862+00:00
[2023-12-03T18:26:31.110+0000] {processor.py:179} INFO - Processing /home/airflow/.local/lib/python3.8/site-packages/airflow/example_dags/example_latest_only.py took 0.120 seconds
[2023-12-03T18:27:01.705+0000] {processor.py:157} INFO - Started process (PID=376) to work on /home/airflow/.local/lib/python3.8/site-packages/airflow/example_dags/example_latest_only.py
[2023-12-03T18:27:01.707+0000] {processor.py:829} INFO - Processing file /home/airflow/.local/lib/python3.8/site-packages/airflow/example_dags/example_latest_only.py for tasks to queue
[2023-12-03T18:27:01.714+0000] {logging_mixin.py:154} INFO - [2023-12-03T18:27:01.713+0000] {dagbag.py:536} INFO - Filling up the DagBag from /home/airflow/.local/lib/python3.8/site-packages/airflow/example_dags/example_latest_only.py
[2023-12-03T18:27:01.729+0000] {processor.py:839} INFO - DAG(s) dict_keys(['latest_only']) retrieved from /home/airflow/.local/lib/python3.8/site-packages/airflow/example_dags/example_latest_only.py
[2023-12-03T18:27:01.773+0000] {logging_mixin.py:154} INFO - [2023-12-03T18:27:01.772+0000] {dag.py:2941} INFO - Sync 1 DAGs
[2023-12-03T18:27:01.812+0000] {logging_mixin.py:154} INFO - [2023-12-03T18:27:01.812+0000] {dag.py:3722} INFO - Setting next_dagrun for latest_only to 2023-12-03T14:27:01.812020+00:00, run_after=2023-12-03T18:27:01.812020+00:00
[2023-12-03T18:27:01.843+0000] {processor.py:179} INFO - Processing /home/airflow/.local/lib/python3.8/site-packages/airflow/example_dags/example_latest_only.py took 0.150 seconds
[2023-12-03T18:27:31.932+0000] {processor.py:157} INFO - Started process (PID=430) to work on /home/airflow/.local/lib/python3.8/site-packages/airflow/example_dags/example_latest_only.py
[2023-12-03T18:27:31.933+0000] {processor.py:829} INFO - Processing file /home/airflow/.local/lib/python3.8/site-packages/airflow/example_dags/example_latest_only.py for tasks to queue
[2023-12-03T18:27:31.937+0000] {logging_mixin.py:154} INFO - [2023-12-03T18:27:31.936+0000] {dagbag.py:536} INFO - Filling up the DagBag from /home/airflow/.local/lib/python3.8/site-packages/airflow/example_dags/example_latest_only.py
[2023-12-03T18:27:31.947+0000] {processor.py:839} INFO - DAG(s) dict_keys(['latest_only']) retrieved from /home/airflow/.local/lib/python3.8/site-packages/airflow/example_dags/example_latest_only.py
[2023-12-03T18:27:31.976+0000] {logging_mixin.py:154} INFO - [2023-12-03T18:27:31.975+0000] {dag.py:2941} INFO - Sync 1 DAGs
[2023-12-03T18:27:32.011+0000] {logging_mixin.py:154} INFO - [2023-12-03T18:27:32.010+0000] {dag.py:3722} INFO - Setting next_dagrun for latest_only to 2023-12-03T14:27:32.010541+00:00, run_after=2023-12-03T18:27:32.010541+00:00
[2023-12-03T18:27:32.040+0000] {processor.py:179} INFO - Processing /home/airflow/.local/lib/python3.8/site-packages/airflow/example_dags/example_latest_only.py took 0.112 seconds
[2023-12-03T18:28:02.640+0000] {processor.py:157} INFO - Started process (PID=484) to work on /home/airflow/.local/lib/python3.8/site-packages/airflow/example_dags/example_latest_only.py
[2023-12-03T18:28:02.642+0000] {processor.py:829} INFO - Processing file /home/airflow/.local/lib/python3.8/site-packages/airflow/example_dags/example_latest_only.py for tasks to queue
[2023-12-03T18:28:02.647+0000] {logging_mixin.py:154} INFO - [2023-12-03T18:28:02.646+0000] {dagbag.py:536} INFO - Filling up the DagBag from /home/airflow/.local/lib/python3.8/site-packages/airflow/example_dags/example_latest_only.py
[2023-12-03T18:28:02.656+0000] {processor.py:839} INFO - DAG(s) dict_keys(['latest_only']) retrieved from /home/airflow/.local/lib/python3.8/site-packages/airflow/example_dags/example_latest_only.py
[2023-12-03T18:28:02.687+0000] {logging_mixin.py:154} INFO - [2023-12-03T18:28:02.687+0000] {dag.py:2941} INFO - Sync 1 DAGs
[2023-12-03T18:28:02.725+0000] {logging_mixin.py:154} INFO - [2023-12-03T18:28:02.725+0000] {dag.py:3722} INFO - Setting next_dagrun for latest_only to 2023-12-03T14:28:02.724974+00:00, run_after=2023-12-03T18:28:02.724974+00:00
[2023-12-03T18:28:02.758+0000] {processor.py:179} INFO - Processing /home/airflow/.local/lib/python3.8/site-packages/airflow/example_dags/example_latest_only.py took 0.122 seconds
[2023-12-03T18:28:33.187+0000] {processor.py:157} INFO - Started process (PID=538) to work on /home/airflow/.local/lib/python3.8/site-packages/airflow/example_dags/example_latest_only.py
[2023-12-03T18:28:33.188+0000] {processor.py:829} INFO - Processing file /home/airflow/.local/lib/python3.8/site-packages/airflow/example_dags/example_latest_only.py for tasks to queue
[2023-12-03T18:28:33.192+0000] {logging_mixin.py:154} INFO - [2023-12-03T18:28:33.192+0000] {dagbag.py:536} INFO - Filling up the DagBag from /home/airflow/.local/lib/python3.8/site-packages/airflow/example_dags/example_latest_only.py
[2023-12-03T18:28:33.202+0000] {processor.py:839} INFO - DAG(s) dict_keys(['latest_only']) retrieved from /home/airflow/.local/lib/python3.8/site-packages/airflow/example_dags/example_latest_only.py
[2023-12-03T18:28:33.236+0000] {logging_mixin.py:154} INFO - [2023-12-03T18:28:33.235+0000] {dag.py:2941} INFO - Sync 1 DAGs
[2023-12-03T18:28:33.274+0000] {logging_mixin.py:154} INFO - [2023-12-03T18:28:33.273+0000] {dag.py:3722} INFO - Setting next_dagrun for latest_only to 2023-12-03T14:28:33.273471+00:00, run_after=2023-12-03T18:28:33.273471+00:00
[2023-12-03T18:28:33.306+0000] {processor.py:179} INFO - Processing /home/airflow/.local/lib/python3.8/site-packages/airflow/example_dags/example_latest_only.py took 0.124 seconds
[2023-12-03T18:29:48.959+0000] {processor.py:157} INFO - Started process (PID=53) to work on /home/airflow/.local/lib/python3.8/site-packages/airflow/example_dags/example_latest_only.py
[2023-12-03T18:29:48.960+0000] {processor.py:829} INFO - Processing file /home/airflow/.local/lib/python3.8/site-packages/airflow/example_dags/example_latest_only.py for tasks to queue
[2023-12-03T18:29:48.964+0000] {logging_mixin.py:154} INFO - [2023-12-03T18:29:48.963+0000] {dagbag.py:536} INFO - Filling up the DagBag from /home/airflow/.local/lib/python3.8/site-packages/airflow/example_dags/example_latest_only.py
[2023-12-03T18:29:48.974+0000] {processor.py:839} INFO - DAG(s) dict_keys(['latest_only']) retrieved from /home/airflow/.local/lib/python3.8/site-packages/airflow/example_dags/example_latest_only.py
[2023-12-03T18:29:49.014+0000] {logging_mixin.py:154} INFO - [2023-12-03T18:29:49.014+0000] {dag.py:2941} INFO - Sync 1 DAGs
[2023-12-03T18:29:49.047+0000] {logging_mixin.py:154} INFO - [2023-12-03T18:29:49.047+0000] {dag.py:3722} INFO - Setting next_dagrun for latest_only to 2023-12-03T14:29:49.046754+00:00, run_after=2023-12-03T18:29:49.046754+00:00
[2023-12-03T18:29:49.275+0000] {processor.py:179} INFO - Processing /home/airflow/.local/lib/python3.8/site-packages/airflow/example_dags/example_latest_only.py took 0.321 seconds
[2023-12-03T18:30:19.565+0000] {processor.py:157} INFO - Started process (PID=108) to work on /home/airflow/.local/lib/python3.8/site-packages/airflow/example_dags/example_latest_only.py
[2023-12-03T18:30:19.567+0000] {processor.py:829} INFO - Processing file /home/airflow/.local/lib/python3.8/site-packages/airflow/example_dags/example_latest_only.py for tasks to queue
[2023-12-03T18:30:19.571+0000] {logging_mixin.py:154} INFO - [2023-12-03T18:30:19.570+0000] {dagbag.py:536} INFO - Filling up the DagBag from /home/airflow/.local/lib/python3.8/site-packages/airflow/example_dags/example_latest_only.py
[2023-12-03T18:30:19.585+0000] {processor.py:839} INFO - DAG(s) dict_keys(['latest_only']) retrieved from /home/airflow/.local/lib/python3.8/site-packages/airflow/example_dags/example_latest_only.py
[2023-12-03T18:30:19.617+0000] {logging_mixin.py:154} INFO - [2023-12-03T18:30:19.617+0000] {dag.py:2941} INFO - Sync 1 DAGs
[2023-12-03T18:30:19.655+0000] {logging_mixin.py:154} INFO - [2023-12-03T18:30:19.655+0000] {dag.py:3722} INFO - Setting next_dagrun for latest_only to 2023-12-03T14:30:19.654278+00:00, run_after=2023-12-03T18:30:19.654278+00:00
[2023-12-03T18:30:19.836+0000] {processor.py:179} INFO - Processing /home/airflow/.local/lib/python3.8/site-packages/airflow/example_dags/example_latest_only.py took 0.275 seconds
[2023-12-03T18:30:50.643+0000] {processor.py:157} INFO - Started process (PID=163) to work on /home/airflow/.local/lib/python3.8/site-packages/airflow/example_dags/example_latest_only.py
[2023-12-03T18:30:50.644+0000] {processor.py:829} INFO - Processing file /home/airflow/.local/lib/python3.8/site-packages/airflow/example_dags/example_latest_only.py for tasks to queue
[2023-12-03T18:30:50.647+0000] {logging_mixin.py:154} INFO - [2023-12-03T18:30:50.647+0000] {dagbag.py:536} INFO - Filling up the DagBag from /home/airflow/.local/lib/python3.8/site-packages/airflow/example_dags/example_latest_only.py
[2023-12-03T18:30:50.655+0000] {processor.py:839} INFO - DAG(s) dict_keys(['latest_only']) retrieved from /home/airflow/.local/lib/python3.8/site-packages/airflow/example_dags/example_latest_only.py
[2023-12-03T18:30:50.686+0000] {logging_mixin.py:154} INFO - [2023-12-03T18:30:50.686+0000] {dag.py:2941} INFO - Sync 1 DAGs
[2023-12-03T18:30:50.719+0000] {logging_mixin.py:154} INFO - [2023-12-03T18:30:50.719+0000] {dag.py:3722} INFO - Setting next_dagrun for latest_only to 2023-12-03T14:30:50.718919+00:00, run_after=2023-12-03T18:30:50.718919+00:00
[2023-12-03T18:30:50.918+0000] {processor.py:179} INFO - Processing /home/airflow/.local/lib/python3.8/site-packages/airflow/example_dags/example_latest_only.py took 0.279 seconds
[2023-12-03T18:31:21.583+0000] {processor.py:157} INFO - Started process (PID=222) to work on /home/airflow/.local/lib/python3.8/site-packages/airflow/example_dags/example_latest_only.py
[2023-12-03T18:31:21.584+0000] {processor.py:829} INFO - Processing file /home/airflow/.local/lib/python3.8/site-packages/airflow/example_dags/example_latest_only.py for tasks to queue
[2023-12-03T18:31:21.589+0000] {logging_mixin.py:154} INFO - [2023-12-03T18:31:21.588+0000] {dagbag.py:536} INFO - Filling up the DagBag from /home/airflow/.local/lib/python3.8/site-packages/airflow/example_dags/example_latest_only.py
[2023-12-03T18:31:21.599+0000] {processor.py:839} INFO - DAG(s) dict_keys(['latest_only']) retrieved from /home/airflow/.local/lib/python3.8/site-packages/airflow/example_dags/example_latest_only.py
[2023-12-03T18:31:21.640+0000] {logging_mixin.py:154} INFO - [2023-12-03T18:31:21.640+0000] {dag.py:2941} INFO - Sync 1 DAGs
[2023-12-03T18:31:21.693+0000] {logging_mixin.py:154} INFO - [2023-12-03T18:31:21.692+0000] {dag.py:3722} INFO - Setting next_dagrun for latest_only to 2023-12-03T14:31:21.692217+00:00, run_after=2023-12-03T18:31:21.692217+00:00
[2023-12-03T18:31:21.964+0000] {processor.py:179} INFO - Processing /home/airflow/.local/lib/python3.8/site-packages/airflow/example_dags/example_latest_only.py took 0.385 seconds
[2023-12-03T18:31:52.918+0000] {processor.py:157} INFO - Started process (PID=281) to work on /home/airflow/.local/lib/python3.8/site-packages/airflow/example_dags/example_latest_only.py
[2023-12-03T18:31:52.919+0000] {processor.py:829} INFO - Processing file /home/airflow/.local/lib/python3.8/site-packages/airflow/example_dags/example_latest_only.py for tasks to queue
[2023-12-03T18:31:52.923+0000] {logging_mixin.py:154} INFO - [2023-12-03T18:31:52.922+0000] {dagbag.py:536} INFO - Filling up the DagBag from /home/airflow/.local/lib/python3.8/site-packages/airflow/example_dags/example_latest_only.py
[2023-12-03T18:31:52.931+0000] {processor.py:839} INFO - DAG(s) dict_keys(['latest_only']) retrieved from /home/airflow/.local/lib/python3.8/site-packages/airflow/example_dags/example_latest_only.py
[2023-12-03T18:31:52.969+0000] {logging_mixin.py:154} INFO - [2023-12-03T18:31:52.968+0000] {dag.py:2941} INFO - Sync 1 DAGs
[2023-12-03T18:31:53.011+0000] {logging_mixin.py:154} INFO - [2023-12-03T18:31:53.011+0000] {dag.py:3722} INFO - Setting next_dagrun for latest_only to 2023-12-03T14:31:53.010739+00:00, run_after=2023-12-03T18:31:53.010739+00:00
[2023-12-03T18:31:53.263+0000] {processor.py:179} INFO - Processing /home/airflow/.local/lib/python3.8/site-packages/airflow/example_dags/example_latest_only.py took 0.351 seconds
[2023-12-03T18:32:23.572+0000] {processor.py:157} INFO - Started process (PID=336) to work on /home/airflow/.local/lib/python3.8/site-packages/airflow/example_dags/example_latest_only.py
[2023-12-03T18:32:23.573+0000] {processor.py:829} INFO - Processing file /home/airflow/.local/lib/python3.8/site-packages/airflow/example_dags/example_latest_only.py for tasks to queue
[2023-12-03T18:32:23.577+0000] {logging_mixin.py:154} INFO - [2023-12-03T18:32:23.577+0000] {dagbag.py:536} INFO - Filling up the DagBag from /home/airflow/.local/lib/python3.8/site-packages/airflow/example_dags/example_latest_only.py
[2023-12-03T18:32:23.584+0000] {processor.py:839} INFO - DAG(s) dict_keys(['latest_only']) retrieved from /home/airflow/.local/lib/python3.8/site-packages/airflow/example_dags/example_latest_only.py
[2023-12-03T18:32:23.611+0000] {logging_mixin.py:154} INFO - [2023-12-03T18:32:23.610+0000] {dag.py:2941} INFO - Sync 1 DAGs
[2023-12-03T18:32:23.642+0000] {logging_mixin.py:154} INFO - [2023-12-03T18:32:23.642+0000] {dag.py:3722} INFO - Setting next_dagrun for latest_only to 2023-12-03T14:32:23.642169+00:00, run_after=2023-12-03T18:32:23.642169+00:00
[2023-12-03T18:32:23.824+0000] {processor.py:179} INFO - Processing /home/airflow/.local/lib/python3.8/site-packages/airflow/example_dags/example_latest_only.py took 0.256 seconds
[2023-12-03T18:32:54.295+0000] {processor.py:157} INFO - Started process (PID=391) to work on /home/airflow/.local/lib/python3.8/site-packages/airflow/example_dags/example_latest_only.py
[2023-12-03T18:32:54.296+0000] {processor.py:829} INFO - Processing file /home/airflow/.local/lib/python3.8/site-packages/airflow/example_dags/example_latest_only.py for tasks to queue
[2023-12-03T18:32:54.300+0000] {logging_mixin.py:154} INFO - [2023-12-03T18:32:54.299+0000] {dagbag.py:536} INFO - Filling up the DagBag from /home/airflow/.local/lib/python3.8/site-packages/airflow/example_dags/example_latest_only.py
[2023-12-03T18:32:54.307+0000] {processor.py:839} INFO - DAG(s) dict_keys(['latest_only']) retrieved from /home/airflow/.local/lib/python3.8/site-packages/airflow/example_dags/example_latest_only.py
[2023-12-03T18:32:54.337+0000] {logging_mixin.py:154} INFO - [2023-12-03T18:32:54.337+0000] {dag.py:2941} INFO - Sync 1 DAGs
[2023-12-03T18:32:54.514+0000] {logging_mixin.py:154} INFO - [2023-12-03T18:32:54.514+0000] {dag.py:3722} INFO - Setting next_dagrun for latest_only to 2023-12-03T14:32:54.514405+00:00, run_after=2023-12-03T18:32:54.514405+00:00
[2023-12-03T18:32:54.552+0000] {processor.py:179} INFO - Processing /home/airflow/.local/lib/python3.8/site-packages/airflow/example_dags/example_latest_only.py took 0.262 seconds
[2023-12-03T18:33:24.973+0000] {processor.py:157} INFO - Started process (PID=446) to work on /home/airflow/.local/lib/python3.8/site-packages/airflow/example_dags/example_latest_only.py
[2023-12-03T18:33:24.974+0000] {processor.py:829} INFO - Processing file /home/airflow/.local/lib/python3.8/site-packages/airflow/example_dags/example_latest_only.py for tasks to queue
[2023-12-03T18:33:24.978+0000] {logging_mixin.py:154} INFO - [2023-12-03T18:33:24.977+0000] {dagbag.py:536} INFO - Filling up the DagBag from /home/airflow/.local/lib/python3.8/site-packages/airflow/example_dags/example_latest_only.py
[2023-12-03T18:33:24.987+0000] {processor.py:839} INFO - DAG(s) dict_keys(['latest_only']) retrieved from /home/airflow/.local/lib/python3.8/site-packages/airflow/example_dags/example_latest_only.py
[2023-12-03T18:33:25.025+0000] {logging_mixin.py:154} INFO - [2023-12-03T18:33:25.024+0000] {dag.py:2941} INFO - Sync 1 DAGs
[2023-12-03T18:33:25.227+0000] {logging_mixin.py:154} INFO - [2023-12-03T18:33:25.227+0000] {dag.py:3722} INFO - Setting next_dagrun for latest_only to 2023-12-03T14:33:25.226697+00:00, run_after=2023-12-03T18:33:25.226697+00:00
[2023-12-03T18:33:25.269+0000] {processor.py:179} INFO - Processing /home/airflow/.local/lib/python3.8/site-packages/airflow/example_dags/example_latest_only.py took 0.300 seconds
[2023-12-03T18:33:55.953+0000] {processor.py:157} INFO - Started process (PID=508) to work on /home/airflow/.local/lib/python3.8/site-packages/airflow/example_dags/example_latest_only.py
[2023-12-03T18:33:55.954+0000] {processor.py:829} INFO - Processing file /home/airflow/.local/lib/python3.8/site-packages/airflow/example_dags/example_latest_only.py for tasks to queue
[2023-12-03T18:33:55.958+0000] {logging_mixin.py:154} INFO - [2023-12-03T18:33:55.957+0000] {dagbag.py:536} INFO - Filling up the DagBag from /home/airflow/.local/lib/python3.8/site-packages/airflow/example_dags/example_latest_only.py
[2023-12-03T18:33:55.966+0000] {processor.py:839} INFO - DAG(s) dict_keys(['latest_only']) retrieved from /home/airflow/.local/lib/python3.8/site-packages/airflow/example_dags/example_latest_only.py
[2023-12-03T18:33:56.001+0000] {logging_mixin.py:154} INFO - [2023-12-03T18:33:56.001+0000] {dag.py:2941} INFO - Sync 1 DAGs
[2023-12-03T18:33:56.202+0000] {logging_mixin.py:154} INFO - [2023-12-03T18:33:56.202+0000] {dag.py:3722} INFO - Setting next_dagrun for latest_only to 2023-12-03T14:33:56.201843+00:00, run_after=2023-12-03T18:33:56.201843+00:00
[2023-12-03T18:33:56.241+0000] {processor.py:179} INFO - Processing /home/airflow/.local/lib/python3.8/site-packages/airflow/example_dags/example_latest_only.py took 0.293 seconds
[2023-12-03T18:34:26.785+0000] {processor.py:157} INFO - Started process (PID=563) to work on /home/airflow/.local/lib/python3.8/site-packages/airflow/example_dags/example_latest_only.py
[2023-12-03T18:34:26.788+0000] {processor.py:829} INFO - Processing file /home/airflow/.local/lib/python3.8/site-packages/airflow/example_dags/example_latest_only.py for tasks to queue
[2023-12-03T18:34:26.794+0000] {logging_mixin.py:154} INFO - [2023-12-03T18:34:26.793+0000] {dagbag.py:536} INFO - Filling up the DagBag from /home/airflow/.local/lib/python3.8/site-packages/airflow/example_dags/example_latest_only.py
[2023-12-03T18:34:26.808+0000] {processor.py:839} INFO - DAG(s) dict_keys(['latest_only']) retrieved from /home/airflow/.local/lib/python3.8/site-packages/airflow/example_dags/example_latest_only.py
[2023-12-03T18:34:26.844+0000] {logging_mixin.py:154} INFO - [2023-12-03T18:34:26.843+0000] {dag.py:2941} INFO - Sync 1 DAGs
[2023-12-03T18:34:27.078+0000] {logging_mixin.py:154} INFO - [2023-12-03T18:34:27.077+0000] {dag.py:3722} INFO - Setting next_dagrun for latest_only to 2023-12-03T14:34:27.077615+00:00, run_after=2023-12-03T18:34:27.077615+00:00
[2023-12-03T18:34:27.112+0000] {processor.py:179} INFO - Processing /home/airflow/.local/lib/python3.8/site-packages/airflow/example_dags/example_latest_only.py took 0.335 seconds
[2023-12-03T18:34:57.535+0000] {processor.py:157} INFO - Started process (PID=618) to work on /home/airflow/.local/lib/python3.8/site-packages/airflow/example_dags/example_latest_only.py
[2023-12-03T18:34:57.538+0000] {processor.py:829} INFO - Processing file /home/airflow/.local/lib/python3.8/site-packages/airflow/example_dags/example_latest_only.py for tasks to queue
[2023-12-03T18:34:57.545+0000] {logging_mixin.py:154} INFO - [2023-12-03T18:34:57.544+0000] {dagbag.py:536} INFO - Filling up the DagBag from /home/airflow/.local/lib/python3.8/site-packages/airflow/example_dags/example_latest_only.py
[2023-12-03T18:34:57.560+0000] {processor.py:839} INFO - DAG(s) dict_keys(['latest_only']) retrieved from /home/airflow/.local/lib/python3.8/site-packages/airflow/example_dags/example_latest_only.py
[2023-12-03T18:34:57.601+0000] {logging_mixin.py:154} INFO - [2023-12-03T18:34:57.601+0000] {dag.py:2941} INFO - Sync 1 DAGs
[2023-12-03T18:34:57.832+0000] {logging_mixin.py:154} INFO - [2023-12-03T18:34:57.831+0000] {dag.py:3722} INFO - Setting next_dagrun for latest_only to 2023-12-03T14:34:57.831400+00:00, run_after=2023-12-03T18:34:57.831400+00:00
[2023-12-03T18:34:57.877+0000] {processor.py:179} INFO - Processing /home/airflow/.local/lib/python3.8/site-packages/airflow/example_dags/example_latest_only.py took 0.350 seconds
[2023-12-03T18:35:28.512+0000] {processor.py:157} INFO - Started process (PID=673) to work on /home/airflow/.local/lib/python3.8/site-packages/airflow/example_dags/example_latest_only.py
[2023-12-03T18:35:28.514+0000] {processor.py:829} INFO - Processing file /home/airflow/.local/lib/python3.8/site-packages/airflow/example_dags/example_latest_only.py for tasks to queue
[2023-12-03T18:35:28.517+0000] {logging_mixin.py:154} INFO - [2023-12-03T18:35:28.517+0000] {dagbag.py:536} INFO - Filling up the DagBag from /home/airflow/.local/lib/python3.8/site-packages/airflow/example_dags/example_latest_only.py
[2023-12-03T18:35:28.525+0000] {processor.py:839} INFO - DAG(s) dict_keys(['latest_only']) retrieved from /home/airflow/.local/lib/python3.8/site-packages/airflow/example_dags/example_latest_only.py
[2023-12-03T18:35:28.557+0000] {logging_mixin.py:154} INFO - [2023-12-03T18:35:28.557+0000] {dag.py:2941} INFO - Sync 1 DAGs
[2023-12-03T18:35:28.765+0000] {logging_mixin.py:154} INFO - [2023-12-03T18:35:28.764+0000] {dag.py:3722} INFO - Setting next_dagrun for latest_only to 2023-12-03T14:35:28.764510+00:00, run_after=2023-12-03T18:35:28.764510+00:00
[2023-12-03T18:35:28.798+0000] {processor.py:179} INFO - Processing /home/airflow/.local/lib/python3.8/site-packages/airflow/example_dags/example_latest_only.py took 0.291 seconds
[2023-12-03T18:35:59.208+0000] {processor.py:157} INFO - Started process (PID=728) to work on /home/airflow/.local/lib/python3.8/site-packages/airflow/example_dags/example_latest_only.py
[2023-12-03T18:35:59.209+0000] {processor.py:829} INFO - Processing file /home/airflow/.local/lib/python3.8/site-packages/airflow/example_dags/example_latest_only.py for tasks to queue
[2023-12-03T18:35:59.214+0000] {logging_mixin.py:154} INFO - [2023-12-03T18:35:59.214+0000] {dagbag.py:536} INFO - Filling up the DagBag from /home/airflow/.local/lib/python3.8/site-packages/airflow/example_dags/example_latest_only.py
[2023-12-03T18:35:59.221+0000] {processor.py:839} INFO - DAG(s) dict_keys(['latest_only']) retrieved from /home/airflow/.local/lib/python3.8/site-packages/airflow/example_dags/example_latest_only.py
[2023-12-03T18:35:59.255+0000] {logging_mixin.py:154} INFO - [2023-12-03T18:35:59.255+0000] {dag.py:2941} INFO - Sync 1 DAGs
[2023-12-03T18:35:59.295+0000] {logging_mixin.py:154} INFO - [2023-12-03T18:35:59.295+0000] {dag.py:3722} INFO - Setting next_dagrun for latest_only to 2023-12-03T14:35:59.294508+00:00, run_after=2023-12-03T18:35:59.294508+00:00
[2023-12-03T18:35:59.331+0000] {processor.py:179} INFO - Processing /home/airflow/.local/lib/python3.8/site-packages/airflow/example_dags/example_latest_only.py took 0.133 seconds
[2023-12-03T18:36:29.759+0000] {processor.py:157} INFO - Started process (PID=783) to work on /home/airflow/.local/lib/python3.8/site-packages/airflow/example_dags/example_latest_only.py
[2023-12-03T18:36:29.760+0000] {processor.py:829} INFO - Processing file /home/airflow/.local/lib/python3.8/site-packages/airflow/example_dags/example_latest_only.py for tasks to queue
[2023-12-03T18:36:29.764+0000] {logging_mixin.py:154} INFO - [2023-12-03T18:36:29.763+0000] {dagbag.py:536} INFO - Filling up the DagBag from /home/airflow/.local/lib/python3.8/site-packages/airflow/example_dags/example_latest_only.py
[2023-12-03T18:36:29.771+0000] {processor.py:839} INFO - DAG(s) dict_keys(['latest_only']) retrieved from /home/airflow/.local/lib/python3.8/site-packages/airflow/example_dags/example_latest_only.py
[2023-12-03T18:36:29.801+0000] {logging_mixin.py:154} INFO - [2023-12-03T18:36:29.801+0000] {dag.py:2941} INFO - Sync 1 DAGs
[2023-12-03T18:36:29.837+0000] {logging_mixin.py:154} INFO - [2023-12-03T18:36:29.837+0000] {dag.py:3722} INFO - Setting next_dagrun for latest_only to 2023-12-03T14:36:29.837056+00:00, run_after=2023-12-03T18:36:29.837056+00:00
[2023-12-03T18:36:29.874+0000] {processor.py:179} INFO - Processing /home/airflow/.local/lib/python3.8/site-packages/airflow/example_dags/example_latest_only.py took 0.120 seconds
[2023-12-03T18:37:00.588+0000] {processor.py:157} INFO - Started process (PID=838) to work on /home/airflow/.local/lib/python3.8/site-packages/airflow/example_dags/example_latest_only.py
[2023-12-03T18:37:00.590+0000] {processor.py:829} INFO - Processing file /home/airflow/.local/lib/python3.8/site-packages/airflow/example_dags/example_latest_only.py for tasks to queue
[2023-12-03T18:37:00.595+0000] {logging_mixin.py:154} INFO - [2023-12-03T18:37:00.594+0000] {dagbag.py:536} INFO - Filling up the DagBag from /home/airflow/.local/lib/python3.8/site-packages/airflow/example_dags/example_latest_only.py
[2023-12-03T18:37:00.606+0000] {processor.py:839} INFO - DAG(s) dict_keys(['latest_only']) retrieved from /home/airflow/.local/lib/python3.8/site-packages/airflow/example_dags/example_latest_only.py
[2023-12-03T18:37:00.641+0000] {logging_mixin.py:154} INFO - [2023-12-03T18:37:00.641+0000] {dag.py:2941} INFO - Sync 1 DAGs
[2023-12-03T18:37:00.680+0000] {logging_mixin.py:154} INFO - [2023-12-03T18:37:00.680+0000] {dag.py:3722} INFO - Setting next_dagrun for latest_only to 2023-12-03T14:37:00.679694+00:00, run_after=2023-12-03T18:37:00.679694+00:00
[2023-12-03T18:37:00.727+0000] {processor.py:179} INFO - Processing /home/airflow/.local/lib/python3.8/site-packages/airflow/example_dags/example_latest_only.py took 0.145 seconds
[2023-12-03T18:37:30.837+0000] {processor.py:157} INFO - Started process (PID=893) to work on /home/airflow/.local/lib/python3.8/site-packages/airflow/example_dags/example_latest_only.py
[2023-12-03T18:37:30.839+0000] {processor.py:829} INFO - Processing file /home/airflow/.local/lib/python3.8/site-packages/airflow/example_dags/example_latest_only.py for tasks to queue
[2023-12-03T18:37:30.843+0000] {logging_mixin.py:154} INFO - [2023-12-03T18:37:30.842+0000] {dagbag.py:536} INFO - Filling up the DagBag from /home/airflow/.local/lib/python3.8/site-packages/airflow/example_dags/example_latest_only.py
[2023-12-03T18:37:30.851+0000] {processor.py:839} INFO - DAG(s) dict_keys(['latest_only']) retrieved from /home/airflow/.local/lib/python3.8/site-packages/airflow/example_dags/example_latest_only.py
[2023-12-03T18:37:30.882+0000] {logging_mixin.py:154} INFO - [2023-12-03T18:37:30.882+0000] {dag.py:2941} INFO - Sync 1 DAGs
[2023-12-03T18:37:30.916+0000] {logging_mixin.py:154} INFO - [2023-12-03T18:37:30.916+0000] {dag.py:3722} INFO - Setting next_dagrun for latest_only to 2023-12-03T14:37:30.915697+00:00, run_after=2023-12-03T18:37:30.915697+00:00
[2023-12-03T18:37:30.944+0000] {processor.py:179} INFO - Processing /home/airflow/.local/lib/python3.8/site-packages/airflow/example_dags/example_latest_only.py took 0.113 seconds
[2023-12-03T18:38:01.559+0000] {processor.py:157} INFO - Started process (PID=948) to work on /home/airflow/.local/lib/python3.8/site-packages/airflow/example_dags/example_latest_only.py
[2023-12-03T18:38:01.561+0000] {processor.py:829} INFO - Processing file /home/airflow/.local/lib/python3.8/site-packages/airflow/example_dags/example_latest_only.py for tasks to queue
[2023-12-03T18:38:01.564+0000] {logging_mixin.py:154} INFO - [2023-12-03T18:38:01.563+0000] {dagbag.py:536} INFO - Filling up the DagBag from /home/airflow/.local/lib/python3.8/site-packages/airflow/example_dags/example_latest_only.py
[2023-12-03T18:38:01.571+0000] {processor.py:839} INFO - DAG(s) dict_keys(['latest_only']) retrieved from /home/airflow/.local/lib/python3.8/site-packages/airflow/example_dags/example_latest_only.py
[2023-12-03T18:38:01.601+0000] {logging_mixin.py:154} INFO - [2023-12-03T18:38:01.601+0000] {dag.py:2941} INFO - Sync 1 DAGs
[2023-12-03T18:38:01.630+0000] {logging_mixin.py:154} INFO - [2023-12-03T18:38:01.630+0000] {dag.py:3722} INFO - Setting next_dagrun for latest_only to 2023-12-03T14:38:01.630034+00:00, run_after=2023-12-03T18:38:01.630034+00:00
[2023-12-03T18:38:01.656+0000] {processor.py:179} INFO - Processing /home/airflow/.local/lib/python3.8/site-packages/airflow/example_dags/example_latest_only.py took 0.101 seconds
[2023-12-03T18:38:31.943+0000] {processor.py:157} INFO - Started process (PID=1003) to work on /home/airflow/.local/lib/python3.8/site-packages/airflow/example_dags/example_latest_only.py
[2023-12-03T18:38:31.945+0000] {processor.py:829} INFO - Processing file /home/airflow/.local/lib/python3.8/site-packages/airflow/example_dags/example_latest_only.py for tasks to queue
[2023-12-03T18:38:31.949+0000] {logging_mixin.py:154} INFO - [2023-12-03T18:38:31.948+0000] {dagbag.py:536} INFO - Filling up the DagBag from /home/airflow/.local/lib/python3.8/site-packages/airflow/example_dags/example_latest_only.py
[2023-12-03T18:38:31.957+0000] {processor.py:839} INFO - DAG(s) dict_keys(['latest_only']) retrieved from /home/airflow/.local/lib/python3.8/site-packages/airflow/example_dags/example_latest_only.py
[2023-12-03T18:38:31.990+0000] {logging_mixin.py:154} INFO - [2023-12-03T18:38:31.989+0000] {dag.py:2941} INFO - Sync 1 DAGs
[2023-12-03T18:38:32.024+0000] {logging_mixin.py:154} INFO - [2023-12-03T18:38:32.023+0000] {dag.py:3722} INFO - Setting next_dagrun for latest_only to 2023-12-03T14:38:32.023428+00:00, run_after=2023-12-03T18:38:32.023428+00:00
[2023-12-03T18:38:32.057+0000] {processor.py:179} INFO - Processing /home/airflow/.local/lib/python3.8/site-packages/airflow/example_dags/example_latest_only.py took 0.118 seconds
[2023-12-03T18:39:02.625+0000] {processor.py:157} INFO - Started process (PID=1058) to work on /home/airflow/.local/lib/python3.8/site-packages/airflow/example_dags/example_latest_only.py
[2023-12-03T18:39:02.627+0000] {processor.py:829} INFO - Processing file /home/airflow/.local/lib/python3.8/site-packages/airflow/example_dags/example_latest_only.py for tasks to queue
[2023-12-03T18:39:02.631+0000] {logging_mixin.py:154} INFO - [2023-12-03T18:39:02.630+0000] {dagbag.py:536} INFO - Filling up the DagBag from /home/airflow/.local/lib/python3.8/site-packages/airflow/example_dags/example_latest_only.py
[2023-12-03T18:39:02.640+0000] {processor.py:839} INFO - DAG(s) dict_keys(['latest_only']) retrieved from /home/airflow/.local/lib/python3.8/site-packages/airflow/example_dags/example_latest_only.py
[2023-12-03T18:39:02.670+0000] {logging_mixin.py:154} INFO - [2023-12-03T18:39:02.669+0000] {dag.py:2941} INFO - Sync 1 DAGs
[2023-12-03T18:39:02.707+0000] {logging_mixin.py:154} INFO - [2023-12-03T18:39:02.707+0000] {dag.py:3722} INFO - Setting next_dagrun for latest_only to 2023-12-03T14:39:02.707114+00:00, run_after=2023-12-03T18:39:02.707114+00:00
[2023-12-03T18:39:02.741+0000] {processor.py:179} INFO - Processing /home/airflow/.local/lib/python3.8/site-packages/airflow/example_dags/example_latest_only.py took 0.122 seconds
[2023-12-03T18:39:33.089+0000] {processor.py:157} INFO - Started process (PID=1113) to work on /home/airflow/.local/lib/python3.8/site-packages/airflow/example_dags/example_latest_only.py
[2023-12-03T18:39:33.091+0000] {processor.py:829} INFO - Processing file /home/airflow/.local/lib/python3.8/site-packages/airflow/example_dags/example_latest_only.py for tasks to queue
[2023-12-03T18:39:33.095+0000] {logging_mixin.py:154} INFO - [2023-12-03T18:39:33.094+0000] {dagbag.py:536} INFO - Filling up the DagBag from /home/airflow/.local/lib/python3.8/site-packages/airflow/example_dags/example_latest_only.py
[2023-12-03T18:39:33.103+0000] {processor.py:839} INFO - DAG(s) dict_keys(['latest_only']) retrieved from /home/airflow/.local/lib/python3.8/site-packages/airflow/example_dags/example_latest_only.py
[2023-12-03T18:39:33.136+0000] {logging_mixin.py:154} INFO - [2023-12-03T18:39:33.135+0000] {dag.py:2941} INFO - Sync 1 DAGs
[2023-12-03T18:39:33.176+0000] {logging_mixin.py:154} INFO - [2023-12-03T18:39:33.176+0000] {dag.py:3722} INFO - Setting next_dagrun for latest_only to 2023-12-03T14:39:33.175791+00:00, run_after=2023-12-03T18:39:33.175791+00:00
[2023-12-03T18:39:33.206+0000] {processor.py:179} INFO - Processing /home/airflow/.local/lib/python3.8/site-packages/airflow/example_dags/example_latest_only.py took 0.122 seconds
[2023-12-03T18:40:03.519+0000] {processor.py:157} INFO - Started process (PID=1168) to work on /home/airflow/.local/lib/python3.8/site-packages/airflow/example_dags/example_latest_only.py
[2023-12-03T18:40:03.520+0000] {processor.py:829} INFO - Processing file /home/airflow/.local/lib/python3.8/site-packages/airflow/example_dags/example_latest_only.py for tasks to queue
[2023-12-03T18:40:03.526+0000] {logging_mixin.py:154} INFO - [2023-12-03T18:40:03.525+0000] {dagbag.py:536} INFO - Filling up the DagBag from /home/airflow/.local/lib/python3.8/site-packages/airflow/example_dags/example_latest_only.py
[2023-12-03T18:40:03.537+0000] {processor.py:839} INFO - DAG(s) dict_keys(['latest_only']) retrieved from /home/airflow/.local/lib/python3.8/site-packages/airflow/example_dags/example_latest_only.py
[2023-12-03T18:40:03.572+0000] {logging_mixin.py:154} INFO - [2023-12-03T18:40:03.572+0000] {dag.py:2941} INFO - Sync 1 DAGs
[2023-12-03T18:40:03.607+0000] {logging_mixin.py:154} INFO - [2023-12-03T18:40:03.607+0000] {dag.py:3722} INFO - Setting next_dagrun for latest_only to 2023-12-03T14:40:03.606692+00:00, run_after=2023-12-03T18:40:03.606692+00:00
[2023-12-03T18:40:03.644+0000] {processor.py:179} INFO - Processing /home/airflow/.local/lib/python3.8/site-packages/airflow/example_dags/example_latest_only.py took 0.129 seconds
[2023-12-03T18:41:31.859+0000] {processor.py:157} INFO - Started process (PID=53) to work on /home/airflow/.local/lib/python3.8/site-packages/airflow/example_dags/example_latest_only.py
[2023-12-03T18:41:31.861+0000] {processor.py:829} INFO - Processing file /home/airflow/.local/lib/python3.8/site-packages/airflow/example_dags/example_latest_only.py for tasks to queue
[2023-12-03T18:41:31.865+0000] {logging_mixin.py:154} INFO - [2023-12-03T18:41:31.864+0000] {dagbag.py:536} INFO - Filling up the DagBag from /home/airflow/.local/lib/python3.8/site-packages/airflow/example_dags/example_latest_only.py
[2023-12-03T18:41:31.874+0000] {processor.py:839} INFO - DAG(s) dict_keys(['latest_only']) retrieved from /home/airflow/.local/lib/python3.8/site-packages/airflow/example_dags/example_latest_only.py
[2023-12-03T18:41:31.894+0000] {logging_mixin.py:154} INFO - [2023-12-03T18:41:31.893+0000] {dag.py:2941} INFO - Sync 1 DAGs
[2023-12-03T18:41:31.933+0000] {logging_mixin.py:154} INFO - [2023-12-03T18:41:31.933+0000] {dag.py:3722} INFO - Setting next_dagrun for latest_only to 2023-12-03T14:41:31.933050+00:00, run_after=2023-12-03T18:41:31.933050+00:00
[2023-12-03T18:41:31.969+0000] {processor.py:179} INFO - Processing /home/airflow/.local/lib/python3.8/site-packages/airflow/example_dags/example_latest_only.py took 0.116 seconds
[2023-12-03T18:41:56.764+0000] {processor.py:157} INFO - Started process (PID=52) to work on /home/airflow/.local/lib/python3.8/site-packages/airflow/example_dags/example_latest_only.py
[2023-12-03T18:41:56.766+0000] {processor.py:829} INFO - Processing file /home/airflow/.local/lib/python3.8/site-packages/airflow/example_dags/example_latest_only.py for tasks to queue
[2023-12-03T18:41:56.771+0000] {logging_mixin.py:154} INFO - [2023-12-03T18:41:56.770+0000] {dagbag.py:536} INFO - Filling up the DagBag from /home/airflow/.local/lib/python3.8/site-packages/airflow/example_dags/example_latest_only.py
[2023-12-03T18:41:56.781+0000] {processor.py:839} INFO - DAG(s) dict_keys(['latest_only']) retrieved from /home/airflow/.local/lib/python3.8/site-packages/airflow/example_dags/example_latest_only.py
[2023-12-03T18:41:56.827+0000] {logging_mixin.py:154} INFO - [2023-12-03T18:41:56.827+0000] {dag.py:2941} INFO - Sync 1 DAGs
[2023-12-03T18:41:56.871+0000] {logging_mixin.py:154} INFO - [2023-12-03T18:41:56.871+0000] {dag.py:3722} INFO - Setting next_dagrun for latest_only to 2023-12-03T14:41:56.870796+00:00, run_after=2023-12-03T18:41:56.870796+00:00
[2023-12-03T18:41:56.906+0000] {processor.py:179} INFO - Processing /home/airflow/.local/lib/python3.8/site-packages/airflow/example_dags/example_latest_only.py took 0.149 seconds
[2023-12-03T18:42:27.514+0000] {processor.py:157} INFO - Started process (PID=107) to work on /home/airflow/.local/lib/python3.8/site-packages/airflow/example_dags/example_latest_only.py
[2023-12-03T18:42:27.516+0000] {processor.py:829} INFO - Processing file /home/airflow/.local/lib/python3.8/site-packages/airflow/example_dags/example_latest_only.py for tasks to queue
[2023-12-03T18:42:27.520+0000] {logging_mixin.py:154} INFO - [2023-12-03T18:42:27.519+0000] {dagbag.py:536} INFO - Filling up the DagBag from /home/airflow/.local/lib/python3.8/site-packages/airflow/example_dags/example_latest_only.py
[2023-12-03T18:42:27.530+0000] {processor.py:839} INFO - DAG(s) dict_keys(['latest_only']) retrieved from /home/airflow/.local/lib/python3.8/site-packages/airflow/example_dags/example_latest_only.py
[2023-12-03T18:42:27.565+0000] {logging_mixin.py:154} INFO - [2023-12-03T18:42:27.565+0000] {dag.py:2941} INFO - Sync 1 DAGs
[2023-12-03T18:42:27.605+0000] {logging_mixin.py:154} INFO - [2023-12-03T18:42:27.605+0000] {dag.py:3722} INFO - Setting next_dagrun for latest_only to 2023-12-03T14:42:27.604405+00:00, run_after=2023-12-03T18:42:27.604405+00:00
[2023-12-03T18:42:27.649+0000] {processor.py:179} INFO - Processing /home/airflow/.local/lib/python3.8/site-packages/airflow/example_dags/example_latest_only.py took 0.140 seconds
[2023-12-03T18:42:58.441+0000] {processor.py:157} INFO - Started process (PID=163) to work on /home/airflow/.local/lib/python3.8/site-packages/airflow/example_dags/example_latest_only.py
[2023-12-03T18:42:58.442+0000] {processor.py:829} INFO - Processing file /home/airflow/.local/lib/python3.8/site-packages/airflow/example_dags/example_latest_only.py for tasks to queue
[2023-12-03T18:42:58.447+0000] {logging_mixin.py:154} INFO - [2023-12-03T18:42:58.446+0000] {dagbag.py:536} INFO - Filling up the DagBag from /home/airflow/.local/lib/python3.8/site-packages/airflow/example_dags/example_latest_only.py
[2023-12-03T18:42:58.456+0000] {processor.py:839} INFO - DAG(s) dict_keys(['latest_only']) retrieved from /home/airflow/.local/lib/python3.8/site-packages/airflow/example_dags/example_latest_only.py
[2023-12-03T18:42:58.487+0000] {logging_mixin.py:154} INFO - [2023-12-03T18:42:58.487+0000] {dag.py:2941} INFO - Sync 1 DAGs
[2023-12-03T18:42:58.527+0000] {logging_mixin.py:154} INFO - [2023-12-03T18:42:58.527+0000] {dag.py:3722} INFO - Setting next_dagrun for latest_only to 2023-12-03T14:42:58.527184+00:00, run_after=2023-12-03T18:42:58.527184+00:00
[2023-12-03T18:42:58.562+0000] {processor.py:179} INFO - Processing /home/airflow/.local/lib/python3.8/site-packages/airflow/example_dags/example_latest_only.py took 0.127 seconds
[2023-12-03T18:43:29.449+0000] {processor.py:157} INFO - Started process (PID=218) to work on /home/airflow/.local/lib/python3.8/site-packages/airflow/example_dags/example_latest_only.py
[2023-12-03T18:43:29.450+0000] {processor.py:829} INFO - Processing file /home/airflow/.local/lib/python3.8/site-packages/airflow/example_dags/example_latest_only.py for tasks to queue
[2023-12-03T18:43:29.454+0000] {logging_mixin.py:154} INFO - [2023-12-03T18:43:29.453+0000] {dagbag.py:536} INFO - Filling up the DagBag from /home/airflow/.local/lib/python3.8/site-packages/airflow/example_dags/example_latest_only.py
[2023-12-03T18:43:29.462+0000] {processor.py:839} INFO - DAG(s) dict_keys(['latest_only']) retrieved from /home/airflow/.local/lib/python3.8/site-packages/airflow/example_dags/example_latest_only.py
[2023-12-03T18:43:29.487+0000] {logging_mixin.py:154} INFO - [2023-12-03T18:43:29.487+0000] {dag.py:2941} INFO - Sync 1 DAGs
[2023-12-03T18:43:29.520+0000] {logging_mixin.py:154} INFO - [2023-12-03T18:43:29.520+0000] {dag.py:3722} INFO - Setting next_dagrun for latest_only to 2023-12-03T14:43:29.520217+00:00, run_after=2023-12-03T18:43:29.520217+00:00
[2023-12-03T18:43:29.546+0000] {processor.py:179} INFO - Processing /home/airflow/.local/lib/python3.8/site-packages/airflow/example_dags/example_latest_only.py took 0.102 seconds
[2023-12-03T18:44:00.192+0000] {processor.py:157} INFO - Started process (PID=273) to work on /home/airflow/.local/lib/python3.8/site-packages/airflow/example_dags/example_latest_only.py
[2023-12-03T18:44:00.193+0000] {processor.py:829} INFO - Processing file /home/airflow/.local/lib/python3.8/site-packages/airflow/example_dags/example_latest_only.py for tasks to queue
[2023-12-03T18:44:00.198+0000] {logging_mixin.py:154} INFO - [2023-12-03T18:44:00.197+0000] {dagbag.py:536} INFO - Filling up the DagBag from /home/airflow/.local/lib/python3.8/site-packages/airflow/example_dags/example_latest_only.py
[2023-12-03T18:44:00.207+0000] {processor.py:839} INFO - DAG(s) dict_keys(['latest_only']) retrieved from /home/airflow/.local/lib/python3.8/site-packages/airflow/example_dags/example_latest_only.py
[2023-12-03T18:44:00.239+0000] {logging_mixin.py:154} INFO - [2023-12-03T18:44:00.238+0000] {dag.py:2941} INFO - Sync 1 DAGs
[2023-12-03T18:44:00.278+0000] {logging_mixin.py:154} INFO - [2023-12-03T18:44:00.278+0000] {dag.py:3722} INFO - Setting next_dagrun for latest_only to 2023-12-03T14:44:00.278285+00:00, run_after=2023-12-03T18:44:00.278285+00:00
[2023-12-03T18:44:00.326+0000] {processor.py:179} INFO - Processing /home/airflow/.local/lib/python3.8/site-packages/airflow/example_dags/example_latest_only.py took 0.139 seconds
[2023-12-03T18:44:30.928+0000] {processor.py:157} INFO - Started process (PID=328) to work on /home/airflow/.local/lib/python3.8/site-packages/airflow/example_dags/example_latest_only.py
[2023-12-03T18:44:30.930+0000] {processor.py:829} INFO - Processing file /home/airflow/.local/lib/python3.8/site-packages/airflow/example_dags/example_latest_only.py for tasks to queue
[2023-12-03T18:44:30.934+0000] {logging_mixin.py:154} INFO - [2023-12-03T18:44:30.933+0000] {dagbag.py:536} INFO - Filling up the DagBag from /home/airflow/.local/lib/python3.8/site-packages/airflow/example_dags/example_latest_only.py
[2023-12-03T18:44:30.942+0000] {processor.py:839} INFO - DAG(s) dict_keys(['latest_only']) retrieved from /home/airflow/.local/lib/python3.8/site-packages/airflow/example_dags/example_latest_only.py
[2023-12-03T18:44:30.984+0000] {logging_mixin.py:154} INFO - [2023-12-03T18:44:30.983+0000] {dag.py:2941} INFO - Sync 1 DAGs
[2023-12-03T18:44:31.030+0000] {logging_mixin.py:154} INFO - [2023-12-03T18:44:31.029+0000] {dag.py:3722} INFO - Setting next_dagrun for latest_only to 2023-12-03T14:44:31.029427+00:00, run_after=2023-12-03T18:44:31.029427+00:00
[2023-12-03T18:44:31.068+0000] {processor.py:179} INFO - Processing /home/airflow/.local/lib/python3.8/site-packages/airflow/example_dags/example_latest_only.py took 0.147 seconds
[2023-12-03T18:48:28.153+0000] {processor.py:157} INFO - Started process (PID=56) to work on /home/airflow/.local/lib/python3.8/site-packages/airflow/example_dags/example_latest_only.py
[2023-12-03T18:48:28.155+0000] {processor.py:829} INFO - Processing file /home/airflow/.local/lib/python3.8/site-packages/airflow/example_dags/example_latest_only.py for tasks to queue
[2023-12-03T18:48:28.160+0000] {logging_mixin.py:154} INFO - [2023-12-03T18:48:28.159+0000] {dagbag.py:536} INFO - Filling up the DagBag from /home/airflow/.local/lib/python3.8/site-packages/airflow/example_dags/example_latest_only.py
[2023-12-03T18:48:28.174+0000] {processor.py:839} INFO - DAG(s) dict_keys(['latest_only']) retrieved from /home/airflow/.local/lib/python3.8/site-packages/airflow/example_dags/example_latest_only.py
[2023-12-03T18:48:28.208+0000] {logging_mixin.py:154} INFO - [2023-12-03T18:48:28.207+0000] {dag.py:2941} INFO - Sync 1 DAGs
[2023-12-03T18:48:28.263+0000] {logging_mixin.py:154} INFO - [2023-12-03T18:48:28.263+0000] {dag.py:3722} INFO - Setting next_dagrun for latest_only to 2023-12-03T14:48:28.262998+00:00, run_after=2023-12-03T18:48:28.262998+00:00
[2023-12-03T18:48:28.318+0000] {processor.py:179} INFO - Processing /home/airflow/.local/lib/python3.8/site-packages/airflow/example_dags/example_latest_only.py took 0.172 seconds
[2023-12-03T18:48:59.219+0000] {processor.py:157} INFO - Started process (PID=111) to work on /home/airflow/.local/lib/python3.8/site-packages/airflow/example_dags/example_latest_only.py
[2023-12-03T18:48:59.219+0000] {processor.py:829} INFO - Processing file /home/airflow/.local/lib/python3.8/site-packages/airflow/example_dags/example_latest_only.py for tasks to queue
[2023-12-03T18:48:59.223+0000] {logging_mixin.py:154} INFO - [2023-12-03T18:48:59.222+0000] {dagbag.py:536} INFO - Filling up the DagBag from /home/airflow/.local/lib/python3.8/site-packages/airflow/example_dags/example_latest_only.py
[2023-12-03T18:48:59.231+0000] {processor.py:839} INFO - DAG(s) dict_keys(['latest_only']) retrieved from /home/airflow/.local/lib/python3.8/site-packages/airflow/example_dags/example_latest_only.py
[2023-12-03T18:48:59.264+0000] {logging_mixin.py:154} INFO - [2023-12-03T18:48:59.264+0000] {dag.py:2941} INFO - Sync 1 DAGs
[2023-12-03T18:48:59.306+0000] {logging_mixin.py:154} INFO - [2023-12-03T18:48:59.306+0000] {dag.py:3722} INFO - Setting next_dagrun for latest_only to 2023-12-03T14:48:59.305888+00:00, run_after=2023-12-03T18:48:59.305888+00:00
[2023-12-03T18:48:59.350+0000] {processor.py:179} INFO - Processing /home/airflow/.local/lib/python3.8/site-packages/airflow/example_dags/example_latest_only.py took 0.137 seconds
[2023-12-03T18:49:29.567+0000] {processor.py:157} INFO - Started process (PID=166) to work on /home/airflow/.local/lib/python3.8/site-packages/airflow/example_dags/example_latest_only.py
[2023-12-03T18:49:29.569+0000] {processor.py:829} INFO - Processing file /home/airflow/.local/lib/python3.8/site-packages/airflow/example_dags/example_latest_only.py for tasks to queue
[2023-12-03T18:49:29.574+0000] {logging_mixin.py:154} INFO - [2023-12-03T18:49:29.574+0000] {dagbag.py:536} INFO - Filling up the DagBag from /home/airflow/.local/lib/python3.8/site-packages/airflow/example_dags/example_latest_only.py
[2023-12-03T18:49:29.584+0000] {processor.py:839} INFO - DAG(s) dict_keys(['latest_only']) retrieved from /home/airflow/.local/lib/python3.8/site-packages/airflow/example_dags/example_latest_only.py
[2023-12-03T18:49:29.615+0000] {logging_mixin.py:154} INFO - [2023-12-03T18:49:29.615+0000] {dag.py:2941} INFO - Sync 1 DAGs
[2023-12-03T18:49:29.651+0000] {logging_mixin.py:154} INFO - [2023-12-03T18:49:29.651+0000] {dag.py:3722} INFO - Setting next_dagrun for latest_only to 2023-12-03T14:49:29.650874+00:00, run_after=2023-12-03T18:49:29.650874+00:00
[2023-12-03T18:49:29.692+0000] {processor.py:179} INFO - Processing /home/airflow/.local/lib/python3.8/site-packages/airflow/example_dags/example_latest_only.py took 0.131 seconds
