[2023-12-03T18:18:49.882+0000] {processor.py:157} INFO - Started process (PID=74) to work on /home/airflow/.local/lib/python3.8/site-packages/airflow/example_dags/example_complex.py
[2023-12-03T18:18:49.884+0000] {processor.py:829} INFO - Processing file /home/airflow/.local/lib/python3.8/site-packages/airflow/example_dags/example_complex.py for tasks to queue
[2023-12-03T18:18:49.889+0000] {logging_mixin.py:154} INFO - [2023-12-03T18:18:49.888+0000] {dagbag.py:536} INFO - Filling up the DagBag from /home/airflow/.local/lib/python3.8/site-packages/airflow/example_dags/example_complex.py
[2023-12-03T18:18:49.920+0000] {processor.py:839} INFO - DAG(s) dict_keys(['example_complex']) retrieved from /home/airflow/.local/lib/python3.8/site-packages/airflow/example_dags/example_complex.py
[2023-12-03T18:18:49.981+0000] {logging_mixin.py:154} INFO - [2023-12-03T18:18:49.981+0000] {dag.py:2941} INFO - Sync 1 DAGs
[2023-12-03T18:18:50.006+0000] {logging_mixin.py:154} INFO - [2023-12-03T18:18:50.006+0000] {dag.py:3722} INFO - Setting next_dagrun for example_complex to None, run_after=None
[2023-12-03T18:18:50.053+0000] {processor.py:179} INFO - Processing /home/airflow/.local/lib/python3.8/site-packages/airflow/example_dags/example_complex.py took 0.176 seconds
[2023-12-03T18:19:20.925+0000] {processor.py:157} INFO - Started process (PID=128) to work on /home/airflow/.local/lib/python3.8/site-packages/airflow/example_dags/example_complex.py
[2023-12-03T18:19:20.927+0000] {processor.py:829} INFO - Processing file /home/airflow/.local/lib/python3.8/site-packages/airflow/example_dags/example_complex.py for tasks to queue
[2023-12-03T18:19:20.932+0000] {logging_mixin.py:154} INFO - [2023-12-03T18:19:20.931+0000] {dagbag.py:536} INFO - Filling up the DagBag from /home/airflow/.local/lib/python3.8/site-packages/airflow/example_dags/example_complex.py
[2023-12-03T18:19:20.956+0000] {processor.py:839} INFO - DAG(s) dict_keys(['example_complex']) retrieved from /home/airflow/.local/lib/python3.8/site-packages/airflow/example_dags/example_complex.py
[2023-12-03T18:19:21.008+0000] {logging_mixin.py:154} INFO - [2023-12-03T18:19:21.008+0000] {dag.py:2941} INFO - Sync 1 DAGs
[2023-12-03T18:19:21.030+0000] {logging_mixin.py:154} INFO - [2023-12-03T18:19:21.029+0000] {dag.py:3722} INFO - Setting next_dagrun for example_complex to None, run_after=None
[2023-12-03T18:19:21.068+0000] {processor.py:179} INFO - Processing /home/airflow/.local/lib/python3.8/site-packages/airflow/example_dags/example_complex.py took 0.148 seconds
[2023-12-03T18:19:52.042+0000] {processor.py:157} INFO - Started process (PID=189) to work on /home/airflow/.local/lib/python3.8/site-packages/airflow/example_dags/example_complex.py
[2023-12-03T18:19:52.044+0000] {processor.py:829} INFO - Processing file /home/airflow/.local/lib/python3.8/site-packages/airflow/example_dags/example_complex.py for tasks to queue
[2023-12-03T18:19:52.049+0000] {logging_mixin.py:154} INFO - [2023-12-03T18:19:52.048+0000] {dagbag.py:536} INFO - Filling up the DagBag from /home/airflow/.local/lib/python3.8/site-packages/airflow/example_dags/example_complex.py
[2023-12-03T18:19:52.077+0000] {processor.py:839} INFO - DAG(s) dict_keys(['example_complex']) retrieved from /home/airflow/.local/lib/python3.8/site-packages/airflow/example_dags/example_complex.py
[2023-12-03T18:19:52.103+0000] {logging_mixin.py:154} INFO - [2023-12-03T18:19:52.103+0000] {dag.py:2941} INFO - Sync 1 DAGs
[2023-12-03T18:19:52.136+0000] {logging_mixin.py:154} INFO - [2023-12-03T18:19:52.134+0000] {dag.py:3722} INFO - Setting next_dagrun for example_complex to None, run_after=None
[2023-12-03T18:19:52.192+0000] {processor.py:179} INFO - Processing /home/airflow/.local/lib/python3.8/site-packages/airflow/example_dags/example_complex.py took 0.156 seconds
[2023-12-03T18:20:22.457+0000] {processor.py:157} INFO - Started process (PID=243) to work on /home/airflow/.local/lib/python3.8/site-packages/airflow/example_dags/example_complex.py
[2023-12-03T18:20:22.459+0000] {processor.py:829} INFO - Processing file /home/airflow/.local/lib/python3.8/site-packages/airflow/example_dags/example_complex.py for tasks to queue
[2023-12-03T18:20:22.463+0000] {logging_mixin.py:154} INFO - [2023-12-03T18:20:22.462+0000] {dagbag.py:536} INFO - Filling up the DagBag from /home/airflow/.local/lib/python3.8/site-packages/airflow/example_dags/example_complex.py
[2023-12-03T18:20:22.484+0000] {processor.py:839} INFO - DAG(s) dict_keys(['example_complex']) retrieved from /home/airflow/.local/lib/python3.8/site-packages/airflow/example_dags/example_complex.py
[2023-12-03T18:20:22.542+0000] {logging_mixin.py:154} INFO - [2023-12-03T18:20:22.541+0000] {dag.py:2941} INFO - Sync 1 DAGs
[2023-12-03T18:20:22.571+0000] {logging_mixin.py:154} INFO - [2023-12-03T18:20:22.570+0000] {dag.py:3722} INFO - Setting next_dagrun for example_complex to None, run_after=None
[2023-12-03T18:20:22.620+0000] {processor.py:179} INFO - Processing /home/airflow/.local/lib/python3.8/site-packages/airflow/example_dags/example_complex.py took 0.168 seconds
[2023-12-03T18:20:53.440+0000] {processor.py:157} INFO - Started process (PID=297) to work on /home/airflow/.local/lib/python3.8/site-packages/airflow/example_dags/example_complex.py
[2023-12-03T18:20:53.441+0000] {processor.py:829} INFO - Processing file /home/airflow/.local/lib/python3.8/site-packages/airflow/example_dags/example_complex.py for tasks to queue
[2023-12-03T18:20:53.446+0000] {logging_mixin.py:154} INFO - [2023-12-03T18:20:53.445+0000] {dagbag.py:536} INFO - Filling up the DagBag from /home/airflow/.local/lib/python3.8/site-packages/airflow/example_dags/example_complex.py
[2023-12-03T18:20:53.468+0000] {processor.py:839} INFO - DAG(s) dict_keys(['example_complex']) retrieved from /home/airflow/.local/lib/python3.8/site-packages/airflow/example_dags/example_complex.py
[2023-12-03T18:20:53.543+0000] {logging_mixin.py:154} INFO - [2023-12-03T18:20:53.542+0000] {dag.py:2941} INFO - Sync 1 DAGs
[2023-12-03T18:20:53.573+0000] {logging_mixin.py:154} INFO - [2023-12-03T18:20:53.572+0000] {dag.py:3722} INFO - Setting next_dagrun for example_complex to None, run_after=None
[2023-12-03T18:20:53.623+0000] {processor.py:179} INFO - Processing /home/airflow/.local/lib/python3.8/site-packages/airflow/example_dags/example_complex.py took 0.191 seconds
[2023-12-03T18:21:24.139+0000] {processor.py:157} INFO - Started process (PID=351) to work on /home/airflow/.local/lib/python3.8/site-packages/airflow/example_dags/example_complex.py
[2023-12-03T18:21:24.140+0000] {processor.py:829} INFO - Processing file /home/airflow/.local/lib/python3.8/site-packages/airflow/example_dags/example_complex.py for tasks to queue
[2023-12-03T18:21:24.143+0000] {logging_mixin.py:154} INFO - [2023-12-03T18:21:24.143+0000] {dagbag.py:536} INFO - Filling up the DagBag from /home/airflow/.local/lib/python3.8/site-packages/airflow/example_dags/example_complex.py
[2023-12-03T18:21:24.157+0000] {processor.py:839} INFO - DAG(s) dict_keys(['example_complex']) retrieved from /home/airflow/.local/lib/python3.8/site-packages/airflow/example_dags/example_complex.py
[2023-12-03T18:21:24.174+0000] {logging_mixin.py:154} INFO - [2023-12-03T18:21:24.174+0000] {dag.py:2941} INFO - Sync 1 DAGs
[2023-12-03T18:21:24.190+0000] {logging_mixin.py:154} INFO - [2023-12-03T18:21:24.190+0000] {dag.py:3722} INFO - Setting next_dagrun for example_complex to None, run_after=None
[2023-12-03T18:21:24.214+0000] {processor.py:179} INFO - Processing /home/airflow/.local/lib/python3.8/site-packages/airflow/example_dags/example_complex.py took 0.080 seconds
[2023-12-03T18:21:54.854+0000] {processor.py:157} INFO - Started process (PID=405) to work on /home/airflow/.local/lib/python3.8/site-packages/airflow/example_dags/example_complex.py
[2023-12-03T18:21:54.856+0000] {processor.py:829} INFO - Processing file /home/airflow/.local/lib/python3.8/site-packages/airflow/example_dags/example_complex.py for tasks to queue
[2023-12-03T18:21:54.860+0000] {logging_mixin.py:154} INFO - [2023-12-03T18:21:54.860+0000] {dagbag.py:536} INFO - Filling up the DagBag from /home/airflow/.local/lib/python3.8/site-packages/airflow/example_dags/example_complex.py
[2023-12-03T18:21:54.900+0000] {processor.py:839} INFO - DAG(s) dict_keys(['example_complex']) retrieved from /home/airflow/.local/lib/python3.8/site-packages/airflow/example_dags/example_complex.py
[2023-12-03T18:21:55.006+0000] {logging_mixin.py:154} INFO - [2023-12-03T18:21:55.006+0000] {dag.py:2941} INFO - Sync 1 DAGs
[2023-12-03T18:21:55.037+0000] {logging_mixin.py:154} INFO - [2023-12-03T18:21:55.037+0000] {dag.py:3722} INFO - Setting next_dagrun for example_complex to None, run_after=None
[2023-12-03T18:21:55.073+0000] {processor.py:179} INFO - Processing /home/airflow/.local/lib/python3.8/site-packages/airflow/example_dags/example_complex.py took 0.224 seconds
[2023-12-03T18:22:26.808+0000] {processor.py:157} INFO - Started process (PID=459) to work on /home/airflow/.local/lib/python3.8/site-packages/airflow/example_dags/example_complex.py
[2023-12-03T18:22:26.809+0000] {processor.py:829} INFO - Processing file /home/airflow/.local/lib/python3.8/site-packages/airflow/example_dags/example_complex.py for tasks to queue
[2023-12-03T18:22:26.814+0000] {logging_mixin.py:154} INFO - [2023-12-03T18:22:26.813+0000] {dagbag.py:536} INFO - Filling up the DagBag from /home/airflow/.local/lib/python3.8/site-packages/airflow/example_dags/example_complex.py
[2023-12-03T18:22:26.836+0000] {processor.py:839} INFO - DAG(s) dict_keys(['example_complex']) retrieved from /home/airflow/.local/lib/python3.8/site-packages/airflow/example_dags/example_complex.py
[2023-12-03T18:22:26.894+0000] {logging_mixin.py:154} INFO - [2023-12-03T18:22:26.894+0000] {dag.py:2941} INFO - Sync 1 DAGs
[2023-12-03T18:22:26.917+0000] {logging_mixin.py:154} INFO - [2023-12-03T18:22:26.916+0000] {dag.py:3722} INFO - Setting next_dagrun for example_complex to None, run_after=None
[2023-12-03T18:22:26.953+0000] {processor.py:179} INFO - Processing /home/airflow/.local/lib/python3.8/site-packages/airflow/example_dags/example_complex.py took 0.150 seconds
[2023-12-03T18:24:00.082+0000] {processor.py:157} INFO - Started process (PID=74) to work on /home/airflow/.local/lib/python3.8/site-packages/airflow/example_dags/example_complex.py
[2023-12-03T18:24:00.084+0000] {processor.py:829} INFO - Processing file /home/airflow/.local/lib/python3.8/site-packages/airflow/example_dags/example_complex.py for tasks to queue
[2023-12-03T18:24:00.088+0000] {logging_mixin.py:154} INFO - [2023-12-03T18:24:00.087+0000] {dagbag.py:536} INFO - Filling up the DagBag from /home/airflow/.local/lib/python3.8/site-packages/airflow/example_dags/example_complex.py
[2023-12-03T18:24:00.113+0000] {processor.py:839} INFO - DAG(s) dict_keys(['example_complex']) retrieved from /home/airflow/.local/lib/python3.8/site-packages/airflow/example_dags/example_complex.py
[2023-12-03T18:24:00.168+0000] {logging_mixin.py:154} INFO - [2023-12-03T18:24:00.168+0000] {dag.py:2941} INFO - Sync 1 DAGs
[2023-12-03T18:24:00.196+0000] {logging_mixin.py:154} INFO - [2023-12-03T18:24:00.195+0000] {dag.py:3722} INFO - Setting next_dagrun for example_complex to None, run_after=None
[2023-12-03T18:24:00.234+0000] {processor.py:179} INFO - Processing /home/airflow/.local/lib/python3.8/site-packages/airflow/example_dags/example_complex.py took 0.156 seconds
[2023-12-03T18:24:30.917+0000] {processor.py:157} INFO - Started process (PID=128) to work on /home/airflow/.local/lib/python3.8/site-packages/airflow/example_dags/example_complex.py
[2023-12-03T18:24:30.919+0000] {processor.py:829} INFO - Processing file /home/airflow/.local/lib/python3.8/site-packages/airflow/example_dags/example_complex.py for tasks to queue
[2023-12-03T18:24:30.927+0000] {logging_mixin.py:154} INFO - [2023-12-03T18:24:30.926+0000] {dagbag.py:536} INFO - Filling up the DagBag from /home/airflow/.local/lib/python3.8/site-packages/airflow/example_dags/example_complex.py
[2023-12-03T18:24:30.956+0000] {processor.py:839} INFO - DAG(s) dict_keys(['example_complex']) retrieved from /home/airflow/.local/lib/python3.8/site-packages/airflow/example_dags/example_complex.py
[2023-12-03T18:24:31.010+0000] {logging_mixin.py:154} INFO - [2023-12-03T18:24:31.009+0000] {dag.py:2941} INFO - Sync 1 DAGs
[2023-12-03T18:24:31.033+0000] {logging_mixin.py:154} INFO - [2023-12-03T18:24:31.033+0000] {dag.py:3722} INFO - Setting next_dagrun for example_complex to None, run_after=None
[2023-12-03T18:24:31.084+0000] {processor.py:179} INFO - Processing /home/airflow/.local/lib/python3.8/site-packages/airflow/example_dags/example_complex.py took 0.176 seconds
[2023-12-03T18:25:01.599+0000] {processor.py:157} INFO - Started process (PID=182) to work on /home/airflow/.local/lib/python3.8/site-packages/airflow/example_dags/example_complex.py
[2023-12-03T18:25:01.601+0000] {processor.py:829} INFO - Processing file /home/airflow/.local/lib/python3.8/site-packages/airflow/example_dags/example_complex.py for tasks to queue
[2023-12-03T18:25:01.604+0000] {logging_mixin.py:154} INFO - [2023-12-03T18:25:01.604+0000] {dagbag.py:536} INFO - Filling up the DagBag from /home/airflow/.local/lib/python3.8/site-packages/airflow/example_dags/example_complex.py
[2023-12-03T18:25:01.624+0000] {processor.py:839} INFO - DAG(s) dict_keys(['example_complex']) retrieved from /home/airflow/.local/lib/python3.8/site-packages/airflow/example_dags/example_complex.py
[2023-12-03T18:25:01.712+0000] {logging_mixin.py:154} INFO - [2023-12-03T18:25:01.712+0000] {dag.py:2941} INFO - Sync 1 DAGs
[2023-12-03T18:25:01.731+0000] {logging_mixin.py:154} INFO - [2023-12-03T18:25:01.731+0000] {dag.py:3722} INFO - Setting next_dagrun for example_complex to None, run_after=None
[2023-12-03T18:25:01.759+0000] {processor.py:179} INFO - Processing /home/airflow/.local/lib/python3.8/site-packages/airflow/example_dags/example_complex.py took 0.165 seconds
[2023-12-03T18:25:32.264+0000] {processor.py:157} INFO - Started process (PID=236) to work on /home/airflow/.local/lib/python3.8/site-packages/airflow/example_dags/example_complex.py
[2023-12-03T18:25:32.265+0000] {processor.py:829} INFO - Processing file /home/airflow/.local/lib/python3.8/site-packages/airflow/example_dags/example_complex.py for tasks to queue
[2023-12-03T18:25:32.268+0000] {logging_mixin.py:154} INFO - [2023-12-03T18:25:32.267+0000] {dagbag.py:536} INFO - Filling up the DagBag from /home/airflow/.local/lib/python3.8/site-packages/airflow/example_dags/example_complex.py
[2023-12-03T18:25:32.283+0000] {processor.py:839} INFO - DAG(s) dict_keys(['example_complex']) retrieved from /home/airflow/.local/lib/python3.8/site-packages/airflow/example_dags/example_complex.py
[2023-12-03T18:25:32.356+0000] {logging_mixin.py:154} INFO - [2023-12-03T18:25:32.356+0000] {dag.py:2941} INFO - Sync 1 DAGs
[2023-12-03T18:25:32.381+0000] {logging_mixin.py:154} INFO - [2023-12-03T18:25:32.381+0000] {dag.py:3722} INFO - Setting next_dagrun for example_complex to None, run_after=None
[2023-12-03T18:25:32.416+0000] {processor.py:179} INFO - Processing /home/airflow/.local/lib/python3.8/site-packages/airflow/example_dags/example_complex.py took 0.157 seconds
[2023-12-03T18:26:02.669+0000] {processor.py:157} INFO - Started process (PID=290) to work on /home/airflow/.local/lib/python3.8/site-packages/airflow/example_dags/example_complex.py
[2023-12-03T18:26:02.671+0000] {processor.py:829} INFO - Processing file /home/airflow/.local/lib/python3.8/site-packages/airflow/example_dags/example_complex.py for tasks to queue
[2023-12-03T18:26:02.675+0000] {logging_mixin.py:154} INFO - [2023-12-03T18:26:02.674+0000] {dagbag.py:536} INFO - Filling up the DagBag from /home/airflow/.local/lib/python3.8/site-packages/airflow/example_dags/example_complex.py
[2023-12-03T18:26:02.692+0000] {processor.py:839} INFO - DAG(s) dict_keys(['example_complex']) retrieved from /home/airflow/.local/lib/python3.8/site-packages/airflow/example_dags/example_complex.py
[2023-12-03T18:26:02.736+0000] {logging_mixin.py:154} INFO - [2023-12-03T18:26:02.736+0000] {dag.py:2941} INFO - Sync 1 DAGs
[2023-12-03T18:26:02.756+0000] {logging_mixin.py:154} INFO - [2023-12-03T18:26:02.756+0000] {dag.py:3722} INFO - Setting next_dagrun for example_complex to None, run_after=None
[2023-12-03T18:26:02.794+0000] {processor.py:179} INFO - Processing /home/airflow/.local/lib/python3.8/site-packages/airflow/example_dags/example_complex.py took 0.129 seconds
[2023-12-03T18:26:33.119+0000] {processor.py:157} INFO - Started process (PID=344) to work on /home/airflow/.local/lib/python3.8/site-packages/airflow/example_dags/example_complex.py
[2023-12-03T18:26:33.121+0000] {processor.py:829} INFO - Processing file /home/airflow/.local/lib/python3.8/site-packages/airflow/example_dags/example_complex.py for tasks to queue
[2023-12-03T18:26:33.125+0000] {logging_mixin.py:154} INFO - [2023-12-03T18:26:33.124+0000] {dagbag.py:536} INFO - Filling up the DagBag from /home/airflow/.local/lib/python3.8/site-packages/airflow/example_dags/example_complex.py
[2023-12-03T18:26:33.143+0000] {processor.py:839} INFO - DAG(s) dict_keys(['example_complex']) retrieved from /home/airflow/.local/lib/python3.8/site-packages/airflow/example_dags/example_complex.py
[2023-12-03T18:26:33.204+0000] {logging_mixin.py:154} INFO - [2023-12-03T18:26:33.204+0000] {dag.py:2941} INFO - Sync 1 DAGs
[2023-12-03T18:26:33.227+0000] {logging_mixin.py:154} INFO - [2023-12-03T18:26:33.227+0000] {dag.py:3722} INFO - Setting next_dagrun for example_complex to None, run_after=None
[2023-12-03T18:26:33.262+0000] {processor.py:179} INFO - Processing /home/airflow/.local/lib/python3.8/site-packages/airflow/example_dags/example_complex.py took 0.148 seconds
[2023-12-03T18:27:03.891+0000] {processor.py:157} INFO - Started process (PID=398) to work on /home/airflow/.local/lib/python3.8/site-packages/airflow/example_dags/example_complex.py
[2023-12-03T18:27:03.892+0000] {processor.py:829} INFO - Processing file /home/airflow/.local/lib/python3.8/site-packages/airflow/example_dags/example_complex.py for tasks to queue
[2023-12-03T18:27:03.895+0000] {logging_mixin.py:154} INFO - [2023-12-03T18:27:03.895+0000] {dagbag.py:536} INFO - Filling up the DagBag from /home/airflow/.local/lib/python3.8/site-packages/airflow/example_dags/example_complex.py
[2023-12-03T18:27:03.910+0000] {processor.py:839} INFO - DAG(s) dict_keys(['example_complex']) retrieved from /home/airflow/.local/lib/python3.8/site-packages/airflow/example_dags/example_complex.py
[2023-12-03T18:27:03.955+0000] {logging_mixin.py:154} INFO - [2023-12-03T18:27:03.955+0000] {dag.py:2941} INFO - Sync 1 DAGs
[2023-12-03T18:27:03.977+0000] {logging_mixin.py:154} INFO - [2023-12-03T18:27:03.977+0000] {dag.py:3722} INFO - Setting next_dagrun for example_complex to None, run_after=None
[2023-12-03T18:27:04.016+0000] {processor.py:179} INFO - Processing /home/airflow/.local/lib/python3.8/site-packages/airflow/example_dags/example_complex.py took 0.129 seconds
[2023-12-03T18:27:34.463+0000] {processor.py:157} INFO - Started process (PID=452) to work on /home/airflow/.local/lib/python3.8/site-packages/airflow/example_dags/example_complex.py
[2023-12-03T18:27:34.464+0000] {processor.py:829} INFO - Processing file /home/airflow/.local/lib/python3.8/site-packages/airflow/example_dags/example_complex.py for tasks to queue
[2023-12-03T18:27:34.468+0000] {logging_mixin.py:154} INFO - [2023-12-03T18:27:34.467+0000] {dagbag.py:536} INFO - Filling up the DagBag from /home/airflow/.local/lib/python3.8/site-packages/airflow/example_dags/example_complex.py
[2023-12-03T18:27:34.484+0000] {processor.py:839} INFO - DAG(s) dict_keys(['example_complex']) retrieved from /home/airflow/.local/lib/python3.8/site-packages/airflow/example_dags/example_complex.py
[2023-12-03T18:27:34.535+0000] {logging_mixin.py:154} INFO - [2023-12-03T18:27:34.535+0000] {dag.py:2941} INFO - Sync 1 DAGs
[2023-12-03T18:27:34.556+0000] {logging_mixin.py:154} INFO - [2023-12-03T18:27:34.555+0000] {dag.py:3722} INFO - Setting next_dagrun for example_complex to None, run_after=None
[2023-12-03T18:27:34.595+0000] {processor.py:179} INFO - Processing /home/airflow/.local/lib/python3.8/site-packages/airflow/example_dags/example_complex.py took 0.137 seconds
[2023-12-03T18:28:04.664+0000] {processor.py:157} INFO - Started process (PID=506) to work on /home/airflow/.local/lib/python3.8/site-packages/airflow/example_dags/example_complex.py
[2023-12-03T18:28:04.666+0000] {processor.py:829} INFO - Processing file /home/airflow/.local/lib/python3.8/site-packages/airflow/example_dags/example_complex.py for tasks to queue
[2023-12-03T18:28:04.670+0000] {logging_mixin.py:154} INFO - [2023-12-03T18:28:04.669+0000] {dagbag.py:536} INFO - Filling up the DagBag from /home/airflow/.local/lib/python3.8/site-packages/airflow/example_dags/example_complex.py
[2023-12-03T18:28:04.685+0000] {processor.py:839} INFO - DAG(s) dict_keys(['example_complex']) retrieved from /home/airflow/.local/lib/python3.8/site-packages/airflow/example_dags/example_complex.py
[2023-12-03T18:28:04.728+0000] {logging_mixin.py:154} INFO - [2023-12-03T18:28:04.728+0000] {dag.py:2941} INFO - Sync 1 DAGs
[2023-12-03T18:28:04.748+0000] {logging_mixin.py:154} INFO - [2023-12-03T18:28:04.748+0000] {dag.py:3722} INFO - Setting next_dagrun for example_complex to None, run_after=None
[2023-12-03T18:28:04.786+0000] {processor.py:179} INFO - Processing /home/airflow/.local/lib/python3.8/site-packages/airflow/example_dags/example_complex.py took 0.126 seconds
[2023-12-03T18:29:52.407+0000] {processor.py:157} INFO - Started process (PID=75) to work on /home/airflow/.local/lib/python3.8/site-packages/airflow/example_dags/example_complex.py
[2023-12-03T18:29:52.409+0000] {processor.py:829} INFO - Processing file /home/airflow/.local/lib/python3.8/site-packages/airflow/example_dags/example_complex.py for tasks to queue
[2023-12-03T18:29:52.414+0000] {logging_mixin.py:154} INFO - [2023-12-03T18:29:52.413+0000] {dagbag.py:536} INFO - Filling up the DagBag from /home/airflow/.local/lib/python3.8/site-packages/airflow/example_dags/example_complex.py
[2023-12-03T18:29:52.457+0000] {processor.py:839} INFO - DAG(s) dict_keys(['example_complex']) retrieved from /home/airflow/.local/lib/python3.8/site-packages/airflow/example_dags/example_complex.py
[2023-12-03T18:29:52.500+0000] {logging_mixin.py:154} INFO - [2023-12-03T18:29:52.500+0000] {dag.py:2941} INFO - Sync 1 DAGs
[2023-12-03T18:29:52.527+0000] {logging_mixin.py:154} INFO - [2023-12-03T18:29:52.527+0000] {dag.py:3722} INFO - Setting next_dagrun for example_complex to None, run_after=None
[2023-12-03T18:29:52.560+0000] {processor.py:179} INFO - Processing /home/airflow/.local/lib/python3.8/site-packages/airflow/example_dags/example_complex.py took 0.157 seconds
[2023-12-03T18:30:23.281+0000] {processor.py:157} INFO - Started process (PID=130) to work on /home/airflow/.local/lib/python3.8/site-packages/airflow/example_dags/example_complex.py
[2023-12-03T18:30:23.283+0000] {processor.py:829} INFO - Processing file /home/airflow/.local/lib/python3.8/site-packages/airflow/example_dags/example_complex.py for tasks to queue
[2023-12-03T18:30:23.290+0000] {logging_mixin.py:154} INFO - [2023-12-03T18:30:23.289+0000] {dagbag.py:536} INFO - Filling up the DagBag from /home/airflow/.local/lib/python3.8/site-packages/airflow/example_dags/example_complex.py
[2023-12-03T18:30:23.324+0000] {processor.py:839} INFO - DAG(s) dict_keys(['example_complex']) retrieved from /home/airflow/.local/lib/python3.8/site-packages/airflow/example_dags/example_complex.py
[2023-12-03T18:30:23.375+0000] {logging_mixin.py:154} INFO - [2023-12-03T18:30:23.375+0000] {dag.py:2941} INFO - Sync 1 DAGs
[2023-12-03T18:30:23.395+0000] {logging_mixin.py:154} INFO - [2023-12-03T18:30:23.395+0000] {dag.py:3722} INFO - Setting next_dagrun for example_complex to None, run_after=None
[2023-12-03T18:30:23.428+0000] {processor.py:179} INFO - Processing /home/airflow/.local/lib/python3.8/site-packages/airflow/example_dags/example_complex.py took 0.155 seconds
[2023-12-03T18:30:54.869+0000] {processor.py:157} INFO - Started process (PID=185) to work on /home/airflow/.local/lib/python3.8/site-packages/airflow/example_dags/example_complex.py
[2023-12-03T18:30:54.871+0000] {processor.py:829} INFO - Processing file /home/airflow/.local/lib/python3.8/site-packages/airflow/example_dags/example_complex.py for tasks to queue
[2023-12-03T18:30:54.875+0000] {logging_mixin.py:154} INFO - [2023-12-03T18:30:54.874+0000] {dagbag.py:536} INFO - Filling up the DagBag from /home/airflow/.local/lib/python3.8/site-packages/airflow/example_dags/example_complex.py
[2023-12-03T18:30:54.897+0000] {processor.py:839} INFO - DAG(s) dict_keys(['example_complex']) retrieved from /home/airflow/.local/lib/python3.8/site-packages/airflow/example_dags/example_complex.py
[2023-12-03T18:30:54.947+0000] {logging_mixin.py:154} INFO - [2023-12-03T18:30:54.946+0000] {dag.py:2941} INFO - Sync 1 DAGs
[2023-12-03T18:30:54.970+0000] {logging_mixin.py:154} INFO - [2023-12-03T18:30:54.970+0000] {dag.py:3722} INFO - Setting next_dagrun for example_complex to None, run_after=None
[2023-12-03T18:30:55.015+0000] {processor.py:179} INFO - Processing /home/airflow/.local/lib/python3.8/site-packages/airflow/example_dags/example_complex.py took 0.151 seconds
[2023-12-03T18:31:26.194+0000] {processor.py:157} INFO - Started process (PID=255) to work on /home/airflow/.local/lib/python3.8/site-packages/airflow/example_dags/example_complex.py
[2023-12-03T18:31:26.196+0000] {processor.py:829} INFO - Processing file /home/airflow/.local/lib/python3.8/site-packages/airflow/example_dags/example_complex.py for tasks to queue
[2023-12-03T18:31:26.201+0000] {logging_mixin.py:154} INFO - [2023-12-03T18:31:26.200+0000] {dagbag.py:536} INFO - Filling up the DagBag from /home/airflow/.local/lib/python3.8/site-packages/airflow/example_dags/example_complex.py
[2023-12-03T18:31:26.230+0000] {processor.py:839} INFO - DAG(s) dict_keys(['example_complex']) retrieved from /home/airflow/.local/lib/python3.8/site-packages/airflow/example_dags/example_complex.py
[2023-12-03T18:31:26.292+0000] {logging_mixin.py:154} INFO - [2023-12-03T18:31:26.292+0000] {dag.py:2941} INFO - Sync 1 DAGs
[2023-12-03T18:31:26.315+0000] {logging_mixin.py:154} INFO - [2023-12-03T18:31:26.314+0000] {dag.py:3722} INFO - Setting next_dagrun for example_complex to None, run_after=None
[2023-12-03T18:31:26.349+0000] {processor.py:179} INFO - Processing /home/airflow/.local/lib/python3.8/site-packages/airflow/example_dags/example_complex.py took 0.161 seconds
[2023-12-03T18:31:58.151+0000] {processor.py:157} INFO - Started process (PID=310) to work on /home/airflow/.local/lib/python3.8/site-packages/airflow/example_dags/example_complex.py
[2023-12-03T18:31:58.153+0000] {processor.py:829} INFO - Processing file /home/airflow/.local/lib/python3.8/site-packages/airflow/example_dags/example_complex.py for tasks to queue
[2023-12-03T18:31:58.157+0000] {logging_mixin.py:154} INFO - [2023-12-03T18:31:58.156+0000] {dagbag.py:536} INFO - Filling up the DagBag from /home/airflow/.local/lib/python3.8/site-packages/airflow/example_dags/example_complex.py
[2023-12-03T18:31:58.176+0000] {processor.py:839} INFO - DAG(s) dict_keys(['example_complex']) retrieved from /home/airflow/.local/lib/python3.8/site-packages/airflow/example_dags/example_complex.py
[2023-12-03T18:31:58.230+0000] {logging_mixin.py:154} INFO - [2023-12-03T18:31:58.229+0000] {dag.py:2941} INFO - Sync 1 DAGs
[2023-12-03T18:31:58.253+0000] {logging_mixin.py:154} INFO - [2023-12-03T18:31:58.253+0000] {dag.py:3722} INFO - Setting next_dagrun for example_complex to None, run_after=None
[2023-12-03T18:31:58.295+0000] {processor.py:179} INFO - Processing /home/airflow/.local/lib/python3.8/site-packages/airflow/example_dags/example_complex.py took 0.149 seconds
[2023-12-03T18:32:29.276+0000] {processor.py:157} INFO - Started process (PID=365) to work on /home/airflow/.local/lib/python3.8/site-packages/airflow/example_dags/example_complex.py
[2023-12-03T18:32:29.279+0000] {processor.py:829} INFO - Processing file /home/airflow/.local/lib/python3.8/site-packages/airflow/example_dags/example_complex.py for tasks to queue
[2023-12-03T18:32:29.286+0000] {logging_mixin.py:154} INFO - [2023-12-03T18:32:29.285+0000] {dagbag.py:536} INFO - Filling up the DagBag from /home/airflow/.local/lib/python3.8/site-packages/airflow/example_dags/example_complex.py
[2023-12-03T18:32:29.304+0000] {processor.py:839} INFO - DAG(s) dict_keys(['example_complex']) retrieved from /home/airflow/.local/lib/python3.8/site-packages/airflow/example_dags/example_complex.py
[2023-12-03T18:32:29.349+0000] {logging_mixin.py:154} INFO - [2023-12-03T18:32:29.348+0000] {dag.py:2941} INFO - Sync 1 DAGs
[2023-12-03T18:32:29.366+0000] {logging_mixin.py:154} INFO - [2023-12-03T18:32:29.366+0000] {dag.py:3722} INFO - Setting next_dagrun for example_complex to None, run_after=None
[2023-12-03T18:32:29.406+0000] {processor.py:179} INFO - Processing /home/airflow/.local/lib/python3.8/site-packages/airflow/example_dags/example_complex.py took 0.142 seconds
[2023-12-03T18:33:00.039+0000] {processor.py:157} INFO - Started process (PID=420) to work on /home/airflow/.local/lib/python3.8/site-packages/airflow/example_dags/example_complex.py
[2023-12-03T18:33:00.040+0000] {processor.py:829} INFO - Processing file /home/airflow/.local/lib/python3.8/site-packages/airflow/example_dags/example_complex.py for tasks to queue
[2023-12-03T18:33:00.044+0000] {logging_mixin.py:154} INFO - [2023-12-03T18:33:00.043+0000] {dagbag.py:536} INFO - Filling up the DagBag from /home/airflow/.local/lib/python3.8/site-packages/airflow/example_dags/example_complex.py
[2023-12-03T18:33:00.059+0000] {processor.py:839} INFO - DAG(s) dict_keys(['example_complex']) retrieved from /home/airflow/.local/lib/python3.8/site-packages/airflow/example_dags/example_complex.py
[2023-12-03T18:33:00.136+0000] {logging_mixin.py:154} INFO - [2023-12-03T18:33:00.136+0000] {dag.py:2941} INFO - Sync 1 DAGs
[2023-12-03T18:33:00.160+0000] {logging_mixin.py:154} INFO - [2023-12-03T18:33:00.160+0000] {dag.py:3722} INFO - Setting next_dagrun for example_complex to None, run_after=None
[2023-12-03T18:33:00.198+0000] {processor.py:179} INFO - Processing /home/airflow/.local/lib/python3.8/site-packages/airflow/example_dags/example_complex.py took 0.164 seconds
[2023-12-03T18:33:30.920+0000] {processor.py:157} INFO - Started process (PID=475) to work on /home/airflow/.local/lib/python3.8/site-packages/airflow/example_dags/example_complex.py
[2023-12-03T18:33:30.922+0000] {processor.py:829} INFO - Processing file /home/airflow/.local/lib/python3.8/site-packages/airflow/example_dags/example_complex.py for tasks to queue
[2023-12-03T18:33:30.927+0000] {logging_mixin.py:154} INFO - [2023-12-03T18:33:30.926+0000] {dagbag.py:536} INFO - Filling up the DagBag from /home/airflow/.local/lib/python3.8/site-packages/airflow/example_dags/example_complex.py
[2023-12-03T18:33:30.947+0000] {processor.py:839} INFO - DAG(s) dict_keys(['example_complex']) retrieved from /home/airflow/.local/lib/python3.8/site-packages/airflow/example_dags/example_complex.py
[2023-12-03T18:33:30.992+0000] {logging_mixin.py:154} INFO - [2023-12-03T18:33:30.992+0000] {dag.py:2941} INFO - Sync 1 DAGs
[2023-12-03T18:33:31.011+0000] {logging_mixin.py:154} INFO - [2023-12-03T18:33:31.011+0000] {dag.py:3722} INFO - Setting next_dagrun for example_complex to None, run_after=None
[2023-12-03T18:33:31.050+0000] {processor.py:179} INFO - Processing /home/airflow/.local/lib/python3.8/site-packages/airflow/example_dags/example_complex.py took 0.135 seconds
[2023-12-03T18:34:02.123+0000] {processor.py:157} INFO - Started process (PID=530) to work on /home/airflow/.local/lib/python3.8/site-packages/airflow/example_dags/example_complex.py
[2023-12-03T18:34:02.125+0000] {processor.py:829} INFO - Processing file /home/airflow/.local/lib/python3.8/site-packages/airflow/example_dags/example_complex.py for tasks to queue
[2023-12-03T18:34:02.129+0000] {logging_mixin.py:154} INFO - [2023-12-03T18:34:02.129+0000] {dagbag.py:536} INFO - Filling up the DagBag from /home/airflow/.local/lib/python3.8/site-packages/airflow/example_dags/example_complex.py
[2023-12-03T18:34:02.151+0000] {processor.py:839} INFO - DAG(s) dict_keys(['example_complex']) retrieved from /home/airflow/.local/lib/python3.8/site-packages/airflow/example_dags/example_complex.py
[2023-12-03T18:34:02.212+0000] {logging_mixin.py:154} INFO - [2023-12-03T18:34:02.211+0000] {dag.py:2941} INFO - Sync 1 DAGs
[2023-12-03T18:34:02.243+0000] {logging_mixin.py:154} INFO - [2023-12-03T18:34:02.243+0000] {dag.py:3722} INFO - Setting next_dagrun for example_complex to None, run_after=None
[2023-12-03T18:34:02.284+0000] {processor.py:179} INFO - Processing /home/airflow/.local/lib/python3.8/site-packages/airflow/example_dags/example_complex.py took 0.166 seconds
[2023-12-03T18:34:32.567+0000] {processor.py:157} INFO - Started process (PID=585) to work on /home/airflow/.local/lib/python3.8/site-packages/airflow/example_dags/example_complex.py
[2023-12-03T18:34:32.569+0000] {processor.py:829} INFO - Processing file /home/airflow/.local/lib/python3.8/site-packages/airflow/example_dags/example_complex.py for tasks to queue
[2023-12-03T18:34:32.572+0000] {logging_mixin.py:154} INFO - [2023-12-03T18:34:32.572+0000] {dagbag.py:536} INFO - Filling up the DagBag from /home/airflow/.local/lib/python3.8/site-packages/airflow/example_dags/example_complex.py
[2023-12-03T18:34:32.604+0000] {processor.py:839} INFO - DAG(s) dict_keys(['example_complex']) retrieved from /home/airflow/.local/lib/python3.8/site-packages/airflow/example_dags/example_complex.py
[2023-12-03T18:34:32.843+0000] {logging_mixin.py:154} INFO - [2023-12-03T18:34:32.843+0000] {dag.py:2941} INFO - Sync 1 DAGs
[2023-12-03T18:34:32.861+0000] {logging_mixin.py:154} INFO - [2023-12-03T18:34:32.861+0000] {dag.py:3722} INFO - Setting next_dagrun for example_complex to None, run_after=None
[2023-12-03T18:34:32.896+0000] {processor.py:179} INFO - Processing /home/airflow/.local/lib/python3.8/site-packages/airflow/example_dags/example_complex.py took 0.333 seconds
[2023-12-03T18:35:03.072+0000] {processor.py:157} INFO - Started process (PID=640) to work on /home/airflow/.local/lib/python3.8/site-packages/airflow/example_dags/example_complex.py
[2023-12-03T18:35:03.073+0000] {processor.py:829} INFO - Processing file /home/airflow/.local/lib/python3.8/site-packages/airflow/example_dags/example_complex.py for tasks to queue
[2023-12-03T18:35:03.077+0000] {logging_mixin.py:154} INFO - [2023-12-03T18:35:03.077+0000] {dagbag.py:536} INFO - Filling up the DagBag from /home/airflow/.local/lib/python3.8/site-packages/airflow/example_dags/example_complex.py
[2023-12-03T18:35:03.098+0000] {processor.py:839} INFO - DAG(s) dict_keys(['example_complex']) retrieved from /home/airflow/.local/lib/python3.8/site-packages/airflow/example_dags/example_complex.py
[2023-12-03T18:35:03.343+0000] {logging_mixin.py:154} INFO - [2023-12-03T18:35:03.343+0000] {dag.py:2941} INFO - Sync 1 DAGs
[2023-12-03T18:35:03.363+0000] {logging_mixin.py:154} INFO - [2023-12-03T18:35:03.362+0000] {dag.py:3722} INFO - Setting next_dagrun for example_complex to None, run_after=None
[2023-12-03T18:35:03.407+0000] {processor.py:179} INFO - Processing /home/airflow/.local/lib/python3.8/site-packages/airflow/example_dags/example_complex.py took 0.339 seconds
[2023-12-03T18:35:33.988+0000] {processor.py:157} INFO - Started process (PID=695) to work on /home/airflow/.local/lib/python3.8/site-packages/airflow/example_dags/example_complex.py
[2023-12-03T18:35:33.989+0000] {processor.py:829} INFO - Processing file /home/airflow/.local/lib/python3.8/site-packages/airflow/example_dags/example_complex.py for tasks to queue
[2023-12-03T18:35:33.995+0000] {logging_mixin.py:154} INFO - [2023-12-03T18:35:33.993+0000] {dagbag.py:536} INFO - Filling up the DagBag from /home/airflow/.local/lib/python3.8/site-packages/airflow/example_dags/example_complex.py
[2023-12-03T18:35:34.024+0000] {processor.py:839} INFO - DAG(s) dict_keys(['example_complex']) retrieved from /home/airflow/.local/lib/python3.8/site-packages/airflow/example_dags/example_complex.py
[2023-12-03T18:35:34.275+0000] {logging_mixin.py:154} INFO - [2023-12-03T18:35:34.275+0000] {dag.py:2941} INFO - Sync 1 DAGs
[2023-12-03T18:35:34.297+0000] {logging_mixin.py:154} INFO - [2023-12-03T18:35:34.296+0000] {dag.py:3722} INFO - Setting next_dagrun for example_complex to None, run_after=None
[2023-12-03T18:35:34.328+0000] {processor.py:179} INFO - Processing /home/airflow/.local/lib/python3.8/site-packages/airflow/example_dags/example_complex.py took 0.345 seconds
[2023-12-03T18:36:04.374+0000] {processor.py:157} INFO - Started process (PID=750) to work on /home/airflow/.local/lib/python3.8/site-packages/airflow/example_dags/example_complex.py
[2023-12-03T18:36:04.375+0000] {processor.py:829} INFO - Processing file /home/airflow/.local/lib/python3.8/site-packages/airflow/example_dags/example_complex.py for tasks to queue
[2023-12-03T18:36:04.379+0000] {logging_mixin.py:154} INFO - [2023-12-03T18:36:04.379+0000] {dagbag.py:536} INFO - Filling up the DagBag from /home/airflow/.local/lib/python3.8/site-packages/airflow/example_dags/example_complex.py
[2023-12-03T18:36:04.395+0000] {processor.py:839} INFO - DAG(s) dict_keys(['example_complex']) retrieved from /home/airflow/.local/lib/python3.8/site-packages/airflow/example_dags/example_complex.py
[2023-12-03T18:36:04.438+0000] {logging_mixin.py:154} INFO - [2023-12-03T18:36:04.438+0000] {dag.py:2941} INFO - Sync 1 DAGs
[2023-12-03T18:36:04.456+0000] {logging_mixin.py:154} INFO - [2023-12-03T18:36:04.455+0000] {dag.py:3722} INFO - Setting next_dagrun for example_complex to None, run_after=None
[2023-12-03T18:36:04.490+0000] {processor.py:179} INFO - Processing /home/airflow/.local/lib/python3.8/site-packages/airflow/example_dags/example_complex.py took 0.121 seconds
[2023-12-03T18:36:35.076+0000] {processor.py:157} INFO - Started process (PID=805) to work on /home/airflow/.local/lib/python3.8/site-packages/airflow/example_dags/example_complex.py
[2023-12-03T18:36:35.078+0000] {processor.py:829} INFO - Processing file /home/airflow/.local/lib/python3.8/site-packages/airflow/example_dags/example_complex.py for tasks to queue
[2023-12-03T18:36:35.082+0000] {logging_mixin.py:154} INFO - [2023-12-03T18:36:35.082+0000] {dagbag.py:536} INFO - Filling up the DagBag from /home/airflow/.local/lib/python3.8/site-packages/airflow/example_dags/example_complex.py
[2023-12-03T18:36:35.113+0000] {processor.py:839} INFO - DAG(s) dict_keys(['example_complex']) retrieved from /home/airflow/.local/lib/python3.8/site-packages/airflow/example_dags/example_complex.py
[2023-12-03T18:36:35.170+0000] {logging_mixin.py:154} INFO - [2023-12-03T18:36:35.170+0000] {dag.py:2941} INFO - Sync 1 DAGs
[2023-12-03T18:36:35.203+0000] {logging_mixin.py:154} INFO - [2023-12-03T18:36:35.203+0000] {dag.py:3722} INFO - Setting next_dagrun for example_complex to None, run_after=None
[2023-12-03T18:36:35.242+0000] {processor.py:179} INFO - Processing /home/airflow/.local/lib/python3.8/site-packages/airflow/example_dags/example_complex.py took 0.171 seconds
[2023-12-03T18:37:05.814+0000] {processor.py:157} INFO - Started process (PID=860) to work on /home/airflow/.local/lib/python3.8/site-packages/airflow/example_dags/example_complex.py
[2023-12-03T18:37:05.816+0000] {processor.py:829} INFO - Processing file /home/airflow/.local/lib/python3.8/site-packages/airflow/example_dags/example_complex.py for tasks to queue
[2023-12-03T18:37:05.822+0000] {logging_mixin.py:154} INFO - [2023-12-03T18:37:05.820+0000] {dagbag.py:536} INFO - Filling up the DagBag from /home/airflow/.local/lib/python3.8/site-packages/airflow/example_dags/example_complex.py
[2023-12-03T18:37:05.851+0000] {processor.py:839} INFO - DAG(s) dict_keys(['example_complex']) retrieved from /home/airflow/.local/lib/python3.8/site-packages/airflow/example_dags/example_complex.py
[2023-12-03T18:37:05.912+0000] {logging_mixin.py:154} INFO - [2023-12-03T18:37:05.912+0000] {dag.py:2941} INFO - Sync 1 DAGs
[2023-12-03T18:37:05.941+0000] {logging_mixin.py:154} INFO - [2023-12-03T18:37:05.941+0000] {dag.py:3722} INFO - Setting next_dagrun for example_complex to None, run_after=None
[2023-12-03T18:37:05.979+0000] {processor.py:179} INFO - Processing /home/airflow/.local/lib/python3.8/site-packages/airflow/example_dags/example_complex.py took 0.171 seconds
[2023-12-03T18:37:36.295+0000] {processor.py:157} INFO - Started process (PID=915) to work on /home/airflow/.local/lib/python3.8/site-packages/airflow/example_dags/example_complex.py
[2023-12-03T18:37:36.297+0000] {processor.py:829} INFO - Processing file /home/airflow/.local/lib/python3.8/site-packages/airflow/example_dags/example_complex.py for tasks to queue
[2023-12-03T18:37:36.302+0000] {logging_mixin.py:154} INFO - [2023-12-03T18:37:36.301+0000] {dagbag.py:536} INFO - Filling up the DagBag from /home/airflow/.local/lib/python3.8/site-packages/airflow/example_dags/example_complex.py
[2023-12-03T18:37:36.328+0000] {processor.py:839} INFO - DAG(s) dict_keys(['example_complex']) retrieved from /home/airflow/.local/lib/python3.8/site-packages/airflow/example_dags/example_complex.py
[2023-12-03T18:37:36.378+0000] {logging_mixin.py:154} INFO - [2023-12-03T18:37:36.378+0000] {dag.py:2941} INFO - Sync 1 DAGs
[2023-12-03T18:37:36.399+0000] {logging_mixin.py:154} INFO - [2023-12-03T18:37:36.398+0000] {dag.py:3722} INFO - Setting next_dagrun for example_complex to None, run_after=None
[2023-12-03T18:37:36.443+0000] {processor.py:179} INFO - Processing /home/airflow/.local/lib/python3.8/site-packages/airflow/example_dags/example_complex.py took 0.152 seconds
[2023-12-03T18:38:06.743+0000] {processor.py:157} INFO - Started process (PID=970) to work on /home/airflow/.local/lib/python3.8/site-packages/airflow/example_dags/example_complex.py
[2023-12-03T18:38:06.744+0000] {processor.py:829} INFO - Processing file /home/airflow/.local/lib/python3.8/site-packages/airflow/example_dags/example_complex.py for tasks to queue
[2023-12-03T18:38:06.748+0000] {logging_mixin.py:154} INFO - [2023-12-03T18:38:06.747+0000] {dagbag.py:536} INFO - Filling up the DagBag from /home/airflow/.local/lib/python3.8/site-packages/airflow/example_dags/example_complex.py
[2023-12-03T18:38:06.762+0000] {processor.py:839} INFO - DAG(s) dict_keys(['example_complex']) retrieved from /home/airflow/.local/lib/python3.8/site-packages/airflow/example_dags/example_complex.py
[2023-12-03T18:38:06.802+0000] {logging_mixin.py:154} INFO - [2023-12-03T18:38:06.802+0000] {dag.py:2941} INFO - Sync 1 DAGs
[2023-12-03T18:38:06.820+0000] {logging_mixin.py:154} INFO - [2023-12-03T18:38:06.819+0000] {dag.py:3722} INFO - Setting next_dagrun for example_complex to None, run_after=None
[2023-12-03T18:38:06.846+0000] {processor.py:179} INFO - Processing /home/airflow/.local/lib/python3.8/site-packages/airflow/example_dags/example_complex.py took 0.108 seconds
[2023-12-03T18:38:37.373+0000] {processor.py:157} INFO - Started process (PID=1025) to work on /home/airflow/.local/lib/python3.8/site-packages/airflow/example_dags/example_complex.py
[2023-12-03T18:38:37.375+0000] {processor.py:829} INFO - Processing file /home/airflow/.local/lib/python3.8/site-packages/airflow/example_dags/example_complex.py for tasks to queue
[2023-12-03T18:38:37.378+0000] {logging_mixin.py:154} INFO - [2023-12-03T18:38:37.378+0000] {dagbag.py:536} INFO - Filling up the DagBag from /home/airflow/.local/lib/python3.8/site-packages/airflow/example_dags/example_complex.py
[2023-12-03T18:38:37.395+0000] {processor.py:839} INFO - DAG(s) dict_keys(['example_complex']) retrieved from /home/airflow/.local/lib/python3.8/site-packages/airflow/example_dags/example_complex.py
[2023-12-03T18:38:37.437+0000] {logging_mixin.py:154} INFO - [2023-12-03T18:38:37.437+0000] {dag.py:2941} INFO - Sync 1 DAGs
[2023-12-03T18:38:37.459+0000] {logging_mixin.py:154} INFO - [2023-12-03T18:38:37.458+0000] {dag.py:3722} INFO - Setting next_dagrun for example_complex to None, run_after=None
[2023-12-03T18:38:37.496+0000] {processor.py:179} INFO - Processing /home/airflow/.local/lib/python3.8/site-packages/airflow/example_dags/example_complex.py took 0.128 seconds
[2023-12-03T18:39:07.941+0000] {processor.py:157} INFO - Started process (PID=1080) to work on /home/airflow/.local/lib/python3.8/site-packages/airflow/example_dags/example_complex.py
[2023-12-03T18:39:07.945+0000] {processor.py:829} INFO - Processing file /home/airflow/.local/lib/python3.8/site-packages/airflow/example_dags/example_complex.py for tasks to queue
[2023-12-03T18:39:07.949+0000] {logging_mixin.py:154} INFO - [2023-12-03T18:39:07.948+0000] {dagbag.py:536} INFO - Filling up the DagBag from /home/airflow/.local/lib/python3.8/site-packages/airflow/example_dags/example_complex.py
[2023-12-03T18:39:07.968+0000] {processor.py:839} INFO - DAG(s) dict_keys(['example_complex']) retrieved from /home/airflow/.local/lib/python3.8/site-packages/airflow/example_dags/example_complex.py
[2023-12-03T18:39:08.020+0000] {logging_mixin.py:154} INFO - [2023-12-03T18:39:08.019+0000] {dag.py:2941} INFO - Sync 1 DAGs
[2023-12-03T18:39:08.039+0000] {logging_mixin.py:154} INFO - [2023-12-03T18:39:08.039+0000] {dag.py:3722} INFO - Setting next_dagrun for example_complex to None, run_after=None
[2023-12-03T18:39:08.070+0000] {processor.py:179} INFO - Processing /home/airflow/.local/lib/python3.8/site-packages/airflow/example_dags/example_complex.py took 0.138 seconds
[2023-12-03T18:39:39.068+0000] {processor.py:157} INFO - Started process (PID=1135) to work on /home/airflow/.local/lib/python3.8/site-packages/airflow/example_dags/example_complex.py
[2023-12-03T18:39:39.070+0000] {processor.py:829} INFO - Processing file /home/airflow/.local/lib/python3.8/site-packages/airflow/example_dags/example_complex.py for tasks to queue
[2023-12-03T18:39:39.073+0000] {logging_mixin.py:154} INFO - [2023-12-03T18:39:39.073+0000] {dagbag.py:536} INFO - Filling up the DagBag from /home/airflow/.local/lib/python3.8/site-packages/airflow/example_dags/example_complex.py
[2023-12-03T18:39:39.087+0000] {processor.py:839} INFO - DAG(s) dict_keys(['example_complex']) retrieved from /home/airflow/.local/lib/python3.8/site-packages/airflow/example_dags/example_complex.py
[2023-12-03T18:39:39.129+0000] {logging_mixin.py:154} INFO - [2023-12-03T18:39:39.129+0000] {dag.py:2941} INFO - Sync 1 DAGs
[2023-12-03T18:39:39.146+0000] {logging_mixin.py:154} INFO - [2023-12-03T18:39:39.146+0000] {dag.py:3722} INFO - Setting next_dagrun for example_complex to None, run_after=None
[2023-12-03T18:39:39.175+0000] {processor.py:179} INFO - Processing /home/airflow/.local/lib/python3.8/site-packages/airflow/example_dags/example_complex.py took 0.111 seconds
[2023-12-03T18:40:09.572+0000] {processor.py:157} INFO - Started process (PID=1190) to work on /home/airflow/.local/lib/python3.8/site-packages/airflow/example_dags/example_complex.py
[2023-12-03T18:40:09.573+0000] {processor.py:829} INFO - Processing file /home/airflow/.local/lib/python3.8/site-packages/airflow/example_dags/example_complex.py for tasks to queue
[2023-12-03T18:40:09.579+0000] {logging_mixin.py:154} INFO - [2023-12-03T18:40:09.578+0000] {dagbag.py:536} INFO - Filling up the DagBag from /home/airflow/.local/lib/python3.8/site-packages/airflow/example_dags/example_complex.py
[2023-12-03T18:40:09.601+0000] {processor.py:839} INFO - DAG(s) dict_keys(['example_complex']) retrieved from /home/airflow/.local/lib/python3.8/site-packages/airflow/example_dags/example_complex.py
[2023-12-03T18:40:09.654+0000] {logging_mixin.py:154} INFO - [2023-12-03T18:40:09.653+0000] {dag.py:2941} INFO - Sync 1 DAGs
[2023-12-03T18:40:09.681+0000] {logging_mixin.py:154} INFO - [2023-12-03T18:40:09.681+0000] {dag.py:3722} INFO - Setting next_dagrun for example_complex to None, run_after=None
[2023-12-03T18:40:09.720+0000] {processor.py:179} INFO - Processing /home/airflow/.local/lib/python3.8/site-packages/airflow/example_dags/example_complex.py took 0.154 seconds
[2023-12-03T18:41:34.727+0000] {processor.py:157} INFO - Started process (PID=75) to work on /home/airflow/.local/lib/python3.8/site-packages/airflow/example_dags/example_complex.py
[2023-12-03T18:41:34.729+0000] {processor.py:829} INFO - Processing file /home/airflow/.local/lib/python3.8/site-packages/airflow/example_dags/example_complex.py for tasks to queue
[2023-12-03T18:41:34.734+0000] {logging_mixin.py:154} INFO - [2023-12-03T18:41:34.733+0000] {dagbag.py:536} INFO - Filling up the DagBag from /home/airflow/.local/lib/python3.8/site-packages/airflow/example_dags/example_complex.py
[2023-12-03T18:41:34.753+0000] {processor.py:839} INFO - DAG(s) dict_keys(['example_complex']) retrieved from /home/airflow/.local/lib/python3.8/site-packages/airflow/example_dags/example_complex.py
[2023-12-03T18:41:34.802+0000] {logging_mixin.py:154} INFO - [2023-12-03T18:41:34.802+0000] {dag.py:2941} INFO - Sync 1 DAGs
[2023-12-03T18:41:34.826+0000] {logging_mixin.py:154} INFO - [2023-12-03T18:41:34.826+0000] {dag.py:3722} INFO - Setting next_dagrun for example_complex to None, run_after=None
[2023-12-03T18:41:34.863+0000] {processor.py:179} INFO - Processing /home/airflow/.local/lib/python3.8/site-packages/airflow/example_dags/example_complex.py took 0.141 seconds
[2023-12-03T18:41:58.944+0000] {processor.py:157} INFO - Started process (PID=74) to work on /home/airflow/.local/lib/python3.8/site-packages/airflow/example_dags/example_complex.py
[2023-12-03T18:41:58.946+0000] {processor.py:829} INFO - Processing file /home/airflow/.local/lib/python3.8/site-packages/airflow/example_dags/example_complex.py for tasks to queue
[2023-12-03T18:41:58.949+0000] {logging_mixin.py:154} INFO - [2023-12-03T18:41:58.949+0000] {dagbag.py:536} INFO - Filling up the DagBag from /home/airflow/.local/lib/python3.8/site-packages/airflow/example_dags/example_complex.py
[2023-12-03T18:41:58.968+0000] {processor.py:839} INFO - DAG(s) dict_keys(['example_complex']) retrieved from /home/airflow/.local/lib/python3.8/site-packages/airflow/example_dags/example_complex.py
[2023-12-03T18:41:59.029+0000] {logging_mixin.py:154} INFO - [2023-12-03T18:41:59.029+0000] {dag.py:2941} INFO - Sync 1 DAGs
[2023-12-03T18:41:59.054+0000] {logging_mixin.py:154} INFO - [2023-12-03T18:41:59.054+0000] {dag.py:3722} INFO - Setting next_dagrun for example_complex to None, run_after=None
[2023-12-03T18:41:59.097+0000] {processor.py:179} INFO - Processing /home/airflow/.local/lib/python3.8/site-packages/airflow/example_dags/example_complex.py took 0.158 seconds
[2023-12-03T18:42:29.660+0000] {processor.py:157} INFO - Started process (PID=129) to work on /home/airflow/.local/lib/python3.8/site-packages/airflow/example_dags/example_complex.py
[2023-12-03T18:42:29.662+0000] {processor.py:829} INFO - Processing file /home/airflow/.local/lib/python3.8/site-packages/airflow/example_dags/example_complex.py for tasks to queue
[2023-12-03T18:42:29.667+0000] {logging_mixin.py:154} INFO - [2023-12-03T18:42:29.666+0000] {dagbag.py:536} INFO - Filling up the DagBag from /home/airflow/.local/lib/python3.8/site-packages/airflow/example_dags/example_complex.py
[2023-12-03T18:42:29.699+0000] {processor.py:839} INFO - DAG(s) dict_keys(['example_complex']) retrieved from /home/airflow/.local/lib/python3.8/site-packages/airflow/example_dags/example_complex.py
[2023-12-03T18:42:29.762+0000] {logging_mixin.py:154} INFO - [2023-12-03T18:42:29.762+0000] {dag.py:2941} INFO - Sync 1 DAGs
[2023-12-03T18:42:29.788+0000] {logging_mixin.py:154} INFO - [2023-12-03T18:42:29.787+0000] {dag.py:3722} INFO - Setting next_dagrun for example_complex to None, run_after=None
[2023-12-03T18:42:29.820+0000] {processor.py:179} INFO - Processing /home/airflow/.local/lib/python3.8/site-packages/airflow/example_dags/example_complex.py took 0.170 seconds
[2023-12-03T18:43:00.668+0000] {processor.py:157} INFO - Started process (PID=185) to work on /home/airflow/.local/lib/python3.8/site-packages/airflow/example_dags/example_complex.py
[2023-12-03T18:43:00.670+0000] {processor.py:829} INFO - Processing file /home/airflow/.local/lib/python3.8/site-packages/airflow/example_dags/example_complex.py for tasks to queue
[2023-12-03T18:43:00.675+0000] {logging_mixin.py:154} INFO - [2023-12-03T18:43:00.674+0000] {dagbag.py:536} INFO - Filling up the DagBag from /home/airflow/.local/lib/python3.8/site-packages/airflow/example_dags/example_complex.py
[2023-12-03T18:43:00.704+0000] {processor.py:839} INFO - DAG(s) dict_keys(['example_complex']) retrieved from /home/airflow/.local/lib/python3.8/site-packages/airflow/example_dags/example_complex.py
[2023-12-03T18:43:00.750+0000] {logging_mixin.py:154} INFO - [2023-12-03T18:43:00.749+0000] {dag.py:2941} INFO - Sync 1 DAGs
[2023-12-03T18:43:00.771+0000] {logging_mixin.py:154} INFO - [2023-12-03T18:43:00.770+0000] {dag.py:3722} INFO - Setting next_dagrun for example_complex to None, run_after=None
[2023-12-03T18:43:00.807+0000] {processor.py:179} INFO - Processing /home/airflow/.local/lib/python3.8/site-packages/airflow/example_dags/example_complex.py took 0.146 seconds
[2023-12-03T18:43:31.383+0000] {processor.py:157} INFO - Started process (PID=240) to work on /home/airflow/.local/lib/python3.8/site-packages/airflow/example_dags/example_complex.py
[2023-12-03T18:43:31.384+0000] {processor.py:829} INFO - Processing file /home/airflow/.local/lib/python3.8/site-packages/airflow/example_dags/example_complex.py for tasks to queue
[2023-12-03T18:43:31.388+0000] {logging_mixin.py:154} INFO - [2023-12-03T18:43:31.387+0000] {dagbag.py:536} INFO - Filling up the DagBag from /home/airflow/.local/lib/python3.8/site-packages/airflow/example_dags/example_complex.py
[2023-12-03T18:43:31.405+0000] {processor.py:839} INFO - DAG(s) dict_keys(['example_complex']) retrieved from /home/airflow/.local/lib/python3.8/site-packages/airflow/example_dags/example_complex.py
[2023-12-03T18:43:31.486+0000] {logging_mixin.py:154} INFO - [2023-12-03T18:43:31.486+0000] {dag.py:2941} INFO - Sync 1 DAGs
[2023-12-03T18:43:31.508+0000] {logging_mixin.py:154} INFO - [2023-12-03T18:43:31.507+0000] {dag.py:3722} INFO - Setting next_dagrun for example_complex to None, run_after=None
[2023-12-03T18:43:31.550+0000] {processor.py:179} INFO - Processing /home/airflow/.local/lib/python3.8/site-packages/airflow/example_dags/example_complex.py took 0.171 seconds
[2023-12-03T18:44:02.414+0000] {processor.py:157} INFO - Started process (PID=295) to work on /home/airflow/.local/lib/python3.8/site-packages/airflow/example_dags/example_complex.py
[2023-12-03T18:44:02.416+0000] {processor.py:829} INFO - Processing file /home/airflow/.local/lib/python3.8/site-packages/airflow/example_dags/example_complex.py for tasks to queue
[2023-12-03T18:44:02.422+0000] {logging_mixin.py:154} INFO - [2023-12-03T18:44:02.421+0000] {dagbag.py:536} INFO - Filling up the DagBag from /home/airflow/.local/lib/python3.8/site-packages/airflow/example_dags/example_complex.py
[2023-12-03T18:44:02.459+0000] {processor.py:839} INFO - DAG(s) dict_keys(['example_complex']) retrieved from /home/airflow/.local/lib/python3.8/site-packages/airflow/example_dags/example_complex.py
[2023-12-03T18:44:02.526+0000] {logging_mixin.py:154} INFO - [2023-12-03T18:44:02.526+0000] {dag.py:2941} INFO - Sync 1 DAGs
[2023-12-03T18:44:02.543+0000] {logging_mixin.py:154} INFO - [2023-12-03T18:44:02.543+0000] {dag.py:3722} INFO - Setting next_dagrun for example_complex to None, run_after=None
[2023-12-03T18:44:02.573+0000] {processor.py:179} INFO - Processing /home/airflow/.local/lib/python3.8/site-packages/airflow/example_dags/example_complex.py took 0.163 seconds
[2023-12-03T18:44:32.884+0000] {processor.py:157} INFO - Started process (PID=350) to work on /home/airflow/.local/lib/python3.8/site-packages/airflow/example_dags/example_complex.py
[2023-12-03T18:44:32.885+0000] {processor.py:829} INFO - Processing file /home/airflow/.local/lib/python3.8/site-packages/airflow/example_dags/example_complex.py for tasks to queue
[2023-12-03T18:44:32.889+0000] {logging_mixin.py:154} INFO - [2023-12-03T18:44:32.888+0000] {dagbag.py:536} INFO - Filling up the DagBag from /home/airflow/.local/lib/python3.8/site-packages/airflow/example_dags/example_complex.py
[2023-12-03T18:44:32.907+0000] {processor.py:839} INFO - DAG(s) dict_keys(['example_complex']) retrieved from /home/airflow/.local/lib/python3.8/site-packages/airflow/example_dags/example_complex.py
[2023-12-03T18:44:32.954+0000] {logging_mixin.py:154} INFO - [2023-12-03T18:44:32.954+0000] {dag.py:2941} INFO - Sync 1 DAGs
[2023-12-03T18:44:32.973+0000] {logging_mixin.py:154} INFO - [2023-12-03T18:44:32.973+0000] {dag.py:3722} INFO - Setting next_dagrun for example_complex to None, run_after=None
[2023-12-03T18:44:33.003+0000] {processor.py:179} INFO - Processing /home/airflow/.local/lib/python3.8/site-packages/airflow/example_dags/example_complex.py took 0.125 seconds
[2023-12-03T18:48:30.801+0000] {processor.py:157} INFO - Started process (PID=78) to work on /home/airflow/.local/lib/python3.8/site-packages/airflow/example_dags/example_complex.py
[2023-12-03T18:48:30.803+0000] {processor.py:829} INFO - Processing file /home/airflow/.local/lib/python3.8/site-packages/airflow/example_dags/example_complex.py for tasks to queue
[2023-12-03T18:48:30.807+0000] {logging_mixin.py:154} INFO - [2023-12-03T18:48:30.806+0000] {dagbag.py:536} INFO - Filling up the DagBag from /home/airflow/.local/lib/python3.8/site-packages/airflow/example_dags/example_complex.py
[2023-12-03T18:48:30.828+0000] {processor.py:839} INFO - DAG(s) dict_keys(['example_complex']) retrieved from /home/airflow/.local/lib/python3.8/site-packages/airflow/example_dags/example_complex.py
[2023-12-03T18:48:30.848+0000] {logging_mixin.py:154} INFO - [2023-12-03T18:48:30.848+0000] {dag.py:2941} INFO - Sync 1 DAGs
[2023-12-03T18:48:30.871+0000] {logging_mixin.py:154} INFO - [2023-12-03T18:48:30.871+0000] {dag.py:3722} INFO - Setting next_dagrun for example_complex to None, run_after=None
[2023-12-03T18:48:30.913+0000] {processor.py:179} INFO - Processing /home/airflow/.local/lib/python3.8/site-packages/airflow/example_dags/example_complex.py took 0.117 seconds
[2023-12-03T18:49:01.673+0000] {processor.py:157} INFO - Started process (PID=133) to work on /home/airflow/.local/lib/python3.8/site-packages/airflow/example_dags/example_complex.py
[2023-12-03T18:49:01.675+0000] {processor.py:829} INFO - Processing file /home/airflow/.local/lib/python3.8/site-packages/airflow/example_dags/example_complex.py for tasks to queue
[2023-12-03T18:49:01.680+0000] {logging_mixin.py:154} INFO - [2023-12-03T18:49:01.679+0000] {dagbag.py:536} INFO - Filling up the DagBag from /home/airflow/.local/lib/python3.8/site-packages/airflow/example_dags/example_complex.py
[2023-12-03T18:49:01.701+0000] {processor.py:839} INFO - DAG(s) dict_keys(['example_complex']) retrieved from /home/airflow/.local/lib/python3.8/site-packages/airflow/example_dags/example_complex.py
[2023-12-03T18:49:01.756+0000] {logging_mixin.py:154} INFO - [2023-12-03T18:49:01.756+0000] {dag.py:2941} INFO - Sync 1 DAGs
[2023-12-03T18:49:01.780+0000] {logging_mixin.py:154} INFO - [2023-12-03T18:49:01.780+0000] {dag.py:3722} INFO - Setting next_dagrun for example_complex to None, run_after=None
[2023-12-03T18:49:01.818+0000] {processor.py:179} INFO - Processing /home/airflow/.local/lib/python3.8/site-packages/airflow/example_dags/example_complex.py took 0.152 seconds
[2023-12-03T18:49:32.131+0000] {processor.py:157} INFO - Started process (PID=188) to work on /home/airflow/.local/lib/python3.8/site-packages/airflow/example_dags/example_complex.py
[2023-12-03T18:49:32.133+0000] {processor.py:829} INFO - Processing file /home/airflow/.local/lib/python3.8/site-packages/airflow/example_dags/example_complex.py for tasks to queue
[2023-12-03T18:49:32.137+0000] {logging_mixin.py:154} INFO - [2023-12-03T18:49:32.136+0000] {dagbag.py:536} INFO - Filling up the DagBag from /home/airflow/.local/lib/python3.8/site-packages/airflow/example_dags/example_complex.py
[2023-12-03T18:49:32.154+0000] {processor.py:839} INFO - DAG(s) dict_keys(['example_complex']) retrieved from /home/airflow/.local/lib/python3.8/site-packages/airflow/example_dags/example_complex.py
[2023-12-03T18:49:32.208+0000] {logging_mixin.py:154} INFO - [2023-12-03T18:49:32.208+0000] {dag.py:2941} INFO - Sync 1 DAGs
[2023-12-03T18:49:32.234+0000] {logging_mixin.py:154} INFO - [2023-12-03T18:49:32.233+0000] {dag.py:3722} INFO - Setting next_dagrun for example_complex to None, run_after=None
[2023-12-03T18:49:32.272+0000] {processor.py:179} INFO - Processing /home/airflow/.local/lib/python3.8/site-packages/airflow/example_dags/example_complex.py took 0.146 seconds
