[2023-12-03T18:18:48.096+0000] {processor.py:157} INFO - Started process (PID=58) to work on /home/airflow/.local/lib/python3.8/site-packages/airflow/example_dags/example_sensors.py
[2023-12-03T18:18:48.098+0000] {processor.py:829} INFO - Processing file /home/airflow/.local/lib/python3.8/site-packages/airflow/example_dags/example_sensors.py for tasks to queue
[2023-12-03T18:18:48.102+0000] {logging_mixin.py:154} INFO - [2023-12-03T18:18:48.102+0000] {dagbag.py:536} INFO - Filling up the DagBag from /home/airflow/.local/lib/python3.8/site-packages/airflow/example_dags/example_sensors.py
[2023-12-03T18:18:48.125+0000] {processor.py:839} INFO - DAG(s) dict_keys(['example_sensors']) retrieved from /home/airflow/.local/lib/python3.8/site-packages/airflow/example_dags/example_sensors.py
[2023-12-03T18:18:48.173+0000] {logging_mixin.py:154} INFO - [2023-12-03T18:18:48.172+0000] {dag.py:2941} INFO - Sync 1 DAGs
[2023-12-03T18:18:48.197+0000] {logging_mixin.py:154} INFO - [2023-12-03T18:18:48.197+0000] {dag.py:3722} INFO - Setting next_dagrun for example_sensors to None, run_after=None
[2023-12-03T18:18:48.235+0000] {processor.py:179} INFO - Processing /home/airflow/.local/lib/python3.8/site-packages/airflow/example_dags/example_sensors.py took 0.146 seconds
[2023-12-03T18:19:19.238+0000] {processor.py:157} INFO - Started process (PID=112) to work on /home/airflow/.local/lib/python3.8/site-packages/airflow/example_dags/example_sensors.py
[2023-12-03T18:19:19.240+0000] {processor.py:829} INFO - Processing file /home/airflow/.local/lib/python3.8/site-packages/airflow/example_dags/example_sensors.py for tasks to queue
[2023-12-03T18:19:19.244+0000] {logging_mixin.py:154} INFO - [2023-12-03T18:19:19.244+0000] {dagbag.py:536} INFO - Filling up the DagBag from /home/airflow/.local/lib/python3.8/site-packages/airflow/example_dags/example_sensors.py
[2023-12-03T18:19:19.260+0000] {processor.py:839} INFO - DAG(s) dict_keys(['example_sensors']) retrieved from /home/airflow/.local/lib/python3.8/site-packages/airflow/example_dags/example_sensors.py
[2023-12-03T18:19:19.311+0000] {logging_mixin.py:154} INFO - [2023-12-03T18:19:19.311+0000] {dag.py:2941} INFO - Sync 1 DAGs
[2023-12-03T18:19:19.334+0000] {logging_mixin.py:154} INFO - [2023-12-03T18:19:19.334+0000] {dag.py:3722} INFO - Setting next_dagrun for example_sensors to None, run_after=None
[2023-12-03T18:19:19.367+0000] {processor.py:179} INFO - Processing /home/airflow/.local/lib/python3.8/site-packages/airflow/example_dags/example_sensors.py took 0.136 seconds
[2023-12-03T18:19:50.104+0000] {processor.py:157} INFO - Started process (PID=166) to work on /home/airflow/.local/lib/python3.8/site-packages/airflow/example_dags/example_sensors.py
[2023-12-03T18:19:50.106+0000] {processor.py:829} INFO - Processing file /home/airflow/.local/lib/python3.8/site-packages/airflow/example_dags/example_sensors.py for tasks to queue
[2023-12-03T18:19:50.112+0000] {logging_mixin.py:154} INFO - [2023-12-03T18:19:50.111+0000] {dagbag.py:536} INFO - Filling up the DagBag from /home/airflow/.local/lib/python3.8/site-packages/airflow/example_dags/example_sensors.py
[2023-12-03T18:19:50.136+0000] {processor.py:839} INFO - DAG(s) dict_keys(['example_sensors']) retrieved from /home/airflow/.local/lib/python3.8/site-packages/airflow/example_dags/example_sensors.py
[2023-12-03T18:19:50.157+0000] {logging_mixin.py:154} INFO - [2023-12-03T18:19:50.157+0000] {dag.py:2941} INFO - Sync 1 DAGs
[2023-12-03T18:19:50.185+0000] {logging_mixin.py:154} INFO - [2023-12-03T18:19:50.184+0000] {dag.py:3722} INFO - Setting next_dagrun for example_sensors to None, run_after=None
[2023-12-03T18:19:50.227+0000] {processor.py:179} INFO - Processing /home/airflow/.local/lib/python3.8/site-packages/airflow/example_dags/example_sensors.py took 0.129 seconds
[2023-12-03T18:20:20.465+0000] {processor.py:157} INFO - Started process (PID=220) to work on /home/airflow/.local/lib/python3.8/site-packages/airflow/example_dags/example_sensors.py
[2023-12-03T18:20:20.467+0000] {processor.py:829} INFO - Processing file /home/airflow/.local/lib/python3.8/site-packages/airflow/example_dags/example_sensors.py for tasks to queue
[2023-12-03T18:20:20.472+0000] {logging_mixin.py:154} INFO - [2023-12-03T18:20:20.471+0000] {dagbag.py:536} INFO - Filling up the DagBag from /home/airflow/.local/lib/python3.8/site-packages/airflow/example_dags/example_sensors.py
[2023-12-03T18:20:20.491+0000] {processor.py:839} INFO - DAG(s) dict_keys(['example_sensors']) retrieved from /home/airflow/.local/lib/python3.8/site-packages/airflow/example_dags/example_sensors.py
[2023-12-03T18:20:20.541+0000] {logging_mixin.py:154} INFO - [2023-12-03T18:20:20.541+0000] {dag.py:2941} INFO - Sync 1 DAGs
[2023-12-03T18:20:20.571+0000] {logging_mixin.py:154} INFO - [2023-12-03T18:20:20.571+0000] {dag.py:3722} INFO - Setting next_dagrun for example_sensors to None, run_after=None
[2023-12-03T18:20:20.611+0000] {processor.py:179} INFO - Processing /home/airflow/.local/lib/python3.8/site-packages/airflow/example_dags/example_sensors.py took 0.153 seconds
[2023-12-03T18:20:51.434+0000] {processor.py:157} INFO - Started process (PID=274) to work on /home/airflow/.local/lib/python3.8/site-packages/airflow/example_dags/example_sensors.py
[2023-12-03T18:20:51.435+0000] {processor.py:829} INFO - Processing file /home/airflow/.local/lib/python3.8/site-packages/airflow/example_dags/example_sensors.py for tasks to queue
[2023-12-03T18:20:51.440+0000] {logging_mixin.py:154} INFO - [2023-12-03T18:20:51.439+0000] {dagbag.py:536} INFO - Filling up the DagBag from /home/airflow/.local/lib/python3.8/site-packages/airflow/example_dags/example_sensors.py
[2023-12-03T18:20:51.467+0000] {processor.py:839} INFO - DAG(s) dict_keys(['example_sensors']) retrieved from /home/airflow/.local/lib/python3.8/site-packages/airflow/example_dags/example_sensors.py
[2023-12-03T18:20:51.554+0000] {logging_mixin.py:154} INFO - [2023-12-03T18:20:51.553+0000] {dag.py:2941} INFO - Sync 1 DAGs
[2023-12-03T18:20:51.586+0000] {logging_mixin.py:154} INFO - [2023-12-03T18:20:51.585+0000] {dag.py:3722} INFO - Setting next_dagrun for example_sensors to None, run_after=None
[2023-12-03T18:20:51.660+0000] {processor.py:179} INFO - Processing /home/airflow/.local/lib/python3.8/site-packages/airflow/example_dags/example_sensors.py took 0.232 seconds
[2023-12-03T18:21:22.373+0000] {processor.py:157} INFO - Started process (PID=335) to work on /home/airflow/.local/lib/python3.8/site-packages/airflow/example_dags/example_sensors.py
[2023-12-03T18:21:22.376+0000] {processor.py:829} INFO - Processing file /home/airflow/.local/lib/python3.8/site-packages/airflow/example_dags/example_sensors.py for tasks to queue
[2023-12-03T18:21:22.382+0000] {logging_mixin.py:154} INFO - [2023-12-03T18:21:22.381+0000] {dagbag.py:536} INFO - Filling up the DagBag from /home/airflow/.local/lib/python3.8/site-packages/airflow/example_dags/example_sensors.py
[2023-12-03T18:21:22.414+0000] {processor.py:839} INFO - DAG(s) dict_keys(['example_sensors']) retrieved from /home/airflow/.local/lib/python3.8/site-packages/airflow/example_dags/example_sensors.py
[2023-12-03T18:21:22.437+0000] {logging_mixin.py:154} INFO - [2023-12-03T18:21:22.436+0000] {dag.py:2941} INFO - Sync 1 DAGs
[2023-12-03T18:21:22.465+0000] {logging_mixin.py:154} INFO - [2023-12-03T18:21:22.465+0000] {dag.py:3722} INFO - Setting next_dagrun for example_sensors to None, run_after=None
[2023-12-03T18:21:22.505+0000] {processor.py:179} INFO - Processing /home/airflow/.local/lib/python3.8/site-packages/airflow/example_dags/example_sensors.py took 0.139 seconds
[2023-12-03T18:21:52.956+0000] {processor.py:157} INFO - Started process (PID=389) to work on /home/airflow/.local/lib/python3.8/site-packages/airflow/example_dags/example_sensors.py
[2023-12-03T18:21:52.958+0000] {processor.py:829} INFO - Processing file /home/airflow/.local/lib/python3.8/site-packages/airflow/example_dags/example_sensors.py for tasks to queue
[2023-12-03T18:21:52.963+0000] {logging_mixin.py:154} INFO - [2023-12-03T18:21:52.962+0000] {dagbag.py:536} INFO - Filling up the DagBag from /home/airflow/.local/lib/python3.8/site-packages/airflow/example_dags/example_sensors.py
[2023-12-03T18:21:52.979+0000] {processor.py:839} INFO - DAG(s) dict_keys(['example_sensors']) retrieved from /home/airflow/.local/lib/python3.8/site-packages/airflow/example_dags/example_sensors.py
[2023-12-03T18:21:53.036+0000] {logging_mixin.py:154} INFO - [2023-12-03T18:21:53.035+0000] {dag.py:2941} INFO - Sync 1 DAGs
[2023-12-03T18:21:53.068+0000] {logging_mixin.py:154} INFO - [2023-12-03T18:21:53.067+0000] {dag.py:3722} INFO - Setting next_dagrun for example_sensors to None, run_after=None
[2023-12-03T18:21:53.099+0000] {processor.py:179} INFO - Processing /home/airflow/.local/lib/python3.8/site-packages/airflow/example_dags/example_sensors.py took 0.148 seconds
[2023-12-03T18:22:24.205+0000] {processor.py:157} INFO - Started process (PID=443) to work on /home/airflow/.local/lib/python3.8/site-packages/airflow/example_dags/example_sensors.py
[2023-12-03T18:22:24.209+0000] {processor.py:829} INFO - Processing file /home/airflow/.local/lib/python3.8/site-packages/airflow/example_dags/example_sensors.py for tasks to queue
[2023-12-03T18:22:24.215+0000] {logging_mixin.py:154} INFO - [2023-12-03T18:22:24.214+0000] {dagbag.py:536} INFO - Filling up the DagBag from /home/airflow/.local/lib/python3.8/site-packages/airflow/example_dags/example_sensors.py
[2023-12-03T18:22:24.242+0000] {processor.py:839} INFO - DAG(s) dict_keys(['example_sensors']) retrieved from /home/airflow/.local/lib/python3.8/site-packages/airflow/example_dags/example_sensors.py
[2023-12-03T18:22:24.301+0000] {logging_mixin.py:154} INFO - [2023-12-03T18:22:24.300+0000] {dag.py:2941} INFO - Sync 1 DAGs
[2023-12-03T18:22:24.334+0000] {logging_mixin.py:154} INFO - [2023-12-03T18:22:24.333+0000] {dag.py:3722} INFO - Setting next_dagrun for example_sensors to None, run_after=None
[2023-12-03T18:22:24.383+0000] {processor.py:179} INFO - Processing /home/airflow/.local/lib/python3.8/site-packages/airflow/example_dags/example_sensors.py took 0.187 seconds
[2023-12-03T18:23:57.965+0000] {processor.py:157} INFO - Started process (PID=58) to work on /home/airflow/.local/lib/python3.8/site-packages/airflow/example_dags/example_sensors.py
[2023-12-03T18:23:57.967+0000] {processor.py:829} INFO - Processing file /home/airflow/.local/lib/python3.8/site-packages/airflow/example_dags/example_sensors.py for tasks to queue
[2023-12-03T18:23:57.972+0000] {logging_mixin.py:154} INFO - [2023-12-03T18:23:57.971+0000] {dagbag.py:536} INFO - Filling up the DagBag from /home/airflow/.local/lib/python3.8/site-packages/airflow/example_dags/example_sensors.py
[2023-12-03T18:23:57.993+0000] {processor.py:839} INFO - DAG(s) dict_keys(['example_sensors']) retrieved from /home/airflow/.local/lib/python3.8/site-packages/airflow/example_dags/example_sensors.py
[2023-12-03T18:23:58.047+0000] {logging_mixin.py:154} INFO - [2023-12-03T18:23:58.047+0000] {dag.py:2941} INFO - Sync 1 DAGs
[2023-12-03T18:23:58.068+0000] {logging_mixin.py:154} INFO - [2023-12-03T18:23:58.068+0000] {dag.py:3722} INFO - Setting next_dagrun for example_sensors to None, run_after=None
[2023-12-03T18:23:58.107+0000] {processor.py:179} INFO - Processing /home/airflow/.local/lib/python3.8/site-packages/airflow/example_dags/example_sensors.py took 0.149 seconds
[2023-12-03T18:24:28.978+0000] {processor.py:157} INFO - Started process (PID=112) to work on /home/airflow/.local/lib/python3.8/site-packages/airflow/example_dags/example_sensors.py
[2023-12-03T18:24:28.980+0000] {processor.py:829} INFO - Processing file /home/airflow/.local/lib/python3.8/site-packages/airflow/example_dags/example_sensors.py for tasks to queue
[2023-12-03T18:24:28.984+0000] {logging_mixin.py:154} INFO - [2023-12-03T18:24:28.983+0000] {dagbag.py:536} INFO - Filling up the DagBag from /home/airflow/.local/lib/python3.8/site-packages/airflow/example_dags/example_sensors.py
[2023-12-03T18:24:29.002+0000] {processor.py:839} INFO - DAG(s) dict_keys(['example_sensors']) retrieved from /home/airflow/.local/lib/python3.8/site-packages/airflow/example_dags/example_sensors.py
[2023-12-03T18:24:29.046+0000] {logging_mixin.py:154} INFO - [2023-12-03T18:24:29.046+0000] {dag.py:2941} INFO - Sync 1 DAGs
[2023-12-03T18:24:29.077+0000] {logging_mixin.py:154} INFO - [2023-12-03T18:24:29.077+0000] {dag.py:3722} INFO - Setting next_dagrun for example_sensors to None, run_after=None
[2023-12-03T18:24:29.125+0000] {processor.py:179} INFO - Processing /home/airflow/.local/lib/python3.8/site-packages/airflow/example_dags/example_sensors.py took 0.148 seconds
[2023-12-03T18:25:00.150+0000] {processor.py:157} INFO - Started process (PID=166) to work on /home/airflow/.local/lib/python3.8/site-packages/airflow/example_dags/example_sensors.py
[2023-12-03T18:25:00.151+0000] {processor.py:829} INFO - Processing file /home/airflow/.local/lib/python3.8/site-packages/airflow/example_dags/example_sensors.py for tasks to queue
[2023-12-03T18:25:00.155+0000] {logging_mixin.py:154} INFO - [2023-12-03T18:25:00.155+0000] {dagbag.py:536} INFO - Filling up the DagBag from /home/airflow/.local/lib/python3.8/site-packages/airflow/example_dags/example_sensors.py
[2023-12-03T18:25:00.172+0000] {processor.py:839} INFO - DAG(s) dict_keys(['example_sensors']) retrieved from /home/airflow/.local/lib/python3.8/site-packages/airflow/example_dags/example_sensors.py
[2023-12-03T18:25:00.217+0000] {logging_mixin.py:154} INFO - [2023-12-03T18:25:00.216+0000] {dag.py:2941} INFO - Sync 1 DAGs
[2023-12-03T18:25:00.238+0000] {logging_mixin.py:154} INFO - [2023-12-03T18:25:00.237+0000] {dag.py:3722} INFO - Setting next_dagrun for example_sensors to None, run_after=None
[2023-12-03T18:25:00.268+0000] {processor.py:179} INFO - Processing /home/airflow/.local/lib/python3.8/site-packages/airflow/example_dags/example_sensors.py took 0.124 seconds
[2023-12-03T18:25:30.583+0000] {processor.py:157} INFO - Started process (PID=220) to work on /home/airflow/.local/lib/python3.8/site-packages/airflow/example_dags/example_sensors.py
[2023-12-03T18:25:30.586+0000] {processor.py:829} INFO - Processing file /home/airflow/.local/lib/python3.8/site-packages/airflow/example_dags/example_sensors.py for tasks to queue
[2023-12-03T18:25:30.590+0000] {logging_mixin.py:154} INFO - [2023-12-03T18:25:30.590+0000] {dagbag.py:536} INFO - Filling up the DagBag from /home/airflow/.local/lib/python3.8/site-packages/airflow/example_dags/example_sensors.py
[2023-12-03T18:25:30.604+0000] {processor.py:839} INFO - DAG(s) dict_keys(['example_sensors']) retrieved from /home/airflow/.local/lib/python3.8/site-packages/airflow/example_dags/example_sensors.py
[2023-12-03T18:25:30.644+0000] {logging_mixin.py:154} INFO - [2023-12-03T18:25:30.644+0000] {dag.py:2941} INFO - Sync 1 DAGs
[2023-12-03T18:25:30.663+0000] {logging_mixin.py:154} INFO - [2023-12-03T18:25:30.663+0000] {dag.py:3722} INFO - Setting next_dagrun for example_sensors to None, run_after=None
[2023-12-03T18:25:30.695+0000] {processor.py:179} INFO - Processing /home/airflow/.local/lib/python3.8/site-packages/airflow/example_dags/example_sensors.py took 0.121 seconds
[2023-12-03T18:26:01.254+0000] {processor.py:157} INFO - Started process (PID=274) to work on /home/airflow/.local/lib/python3.8/site-packages/airflow/example_dags/example_sensors.py
[2023-12-03T18:26:01.255+0000] {processor.py:829} INFO - Processing file /home/airflow/.local/lib/python3.8/site-packages/airflow/example_dags/example_sensors.py for tasks to queue
[2023-12-03T18:26:01.258+0000] {logging_mixin.py:154} INFO - [2023-12-03T18:26:01.258+0000] {dagbag.py:536} INFO - Filling up the DagBag from /home/airflow/.local/lib/python3.8/site-packages/airflow/example_dags/example_sensors.py
[2023-12-03T18:26:01.272+0000] {processor.py:839} INFO - DAG(s) dict_keys(['example_sensors']) retrieved from /home/airflow/.local/lib/python3.8/site-packages/airflow/example_dags/example_sensors.py
[2023-12-03T18:26:01.306+0000] {logging_mixin.py:154} INFO - [2023-12-03T18:26:01.306+0000] {dag.py:2941} INFO - Sync 1 DAGs
[2023-12-03T18:26:01.323+0000] {logging_mixin.py:154} INFO - [2023-12-03T18:26:01.323+0000] {dag.py:3722} INFO - Setting next_dagrun for example_sensors to None, run_after=None
[2023-12-03T18:26:01.352+0000] {processor.py:179} INFO - Processing /home/airflow/.local/lib/python3.8/site-packages/airflow/example_dags/example_sensors.py took 0.103 seconds
[2023-12-03T18:26:31.440+0000] {processor.py:157} INFO - Started process (PID=328) to work on /home/airflow/.local/lib/python3.8/site-packages/airflow/example_dags/example_sensors.py
[2023-12-03T18:26:31.441+0000] {processor.py:829} INFO - Processing file /home/airflow/.local/lib/python3.8/site-packages/airflow/example_dags/example_sensors.py for tasks to queue
[2023-12-03T18:26:31.444+0000] {logging_mixin.py:154} INFO - [2023-12-03T18:26:31.444+0000] {dagbag.py:536} INFO - Filling up the DagBag from /home/airflow/.local/lib/python3.8/site-packages/airflow/example_dags/example_sensors.py
[2023-12-03T18:26:31.479+0000] {processor.py:839} INFO - DAG(s) dict_keys(['example_sensors']) retrieved from /home/airflow/.local/lib/python3.8/site-packages/airflow/example_dags/example_sensors.py
[2023-12-03T18:26:31.544+0000] {logging_mixin.py:154} INFO - [2023-12-03T18:26:31.544+0000] {dag.py:2941} INFO - Sync 1 DAGs
[2023-12-03T18:26:31.575+0000] {logging_mixin.py:154} INFO - [2023-12-03T18:26:31.574+0000] {dag.py:3722} INFO - Setting next_dagrun for example_sensors to None, run_after=None
[2023-12-03T18:26:31.618+0000] {processor.py:179} INFO - Processing /home/airflow/.local/lib/python3.8/site-packages/airflow/example_dags/example_sensors.py took 0.182 seconds
[2023-12-03T18:27:02.353+0000] {processor.py:157} INFO - Started process (PID=382) to work on /home/airflow/.local/lib/python3.8/site-packages/airflow/example_dags/example_sensors.py
[2023-12-03T18:27:02.355+0000] {processor.py:829} INFO - Processing file /home/airflow/.local/lib/python3.8/site-packages/airflow/example_dags/example_sensors.py for tasks to queue
[2023-12-03T18:27:02.362+0000] {logging_mixin.py:154} INFO - [2023-12-03T18:27:02.361+0000] {dagbag.py:536} INFO - Filling up the DagBag from /home/airflow/.local/lib/python3.8/site-packages/airflow/example_dags/example_sensors.py
[2023-12-03T18:27:02.385+0000] {processor.py:839} INFO - DAG(s) dict_keys(['example_sensors']) retrieved from /home/airflow/.local/lib/python3.8/site-packages/airflow/example_dags/example_sensors.py
[2023-12-03T18:27:02.419+0000] {logging_mixin.py:154} INFO - [2023-12-03T18:27:02.419+0000] {dag.py:2941} INFO - Sync 1 DAGs
[2023-12-03T18:27:02.437+0000] {logging_mixin.py:154} INFO - [2023-12-03T18:27:02.436+0000] {dag.py:3722} INFO - Setting next_dagrun for example_sensors to None, run_after=None
[2023-12-03T18:27:02.465+0000] {processor.py:179} INFO - Processing /home/airflow/.local/lib/python3.8/site-packages/airflow/example_dags/example_sensors.py took 0.121 seconds
[2023-12-03T18:27:32.606+0000] {processor.py:157} INFO - Started process (PID=436) to work on /home/airflow/.local/lib/python3.8/site-packages/airflow/example_dags/example_sensors.py
[2023-12-03T18:27:32.608+0000] {processor.py:829} INFO - Processing file /home/airflow/.local/lib/python3.8/site-packages/airflow/example_dags/example_sensors.py for tasks to queue
[2023-12-03T18:27:32.613+0000] {logging_mixin.py:154} INFO - [2023-12-03T18:27:32.612+0000] {dagbag.py:536} INFO - Filling up the DagBag from /home/airflow/.local/lib/python3.8/site-packages/airflow/example_dags/example_sensors.py
[2023-12-03T18:27:32.640+0000] {processor.py:839} INFO - DAG(s) dict_keys(['example_sensors']) retrieved from /home/airflow/.local/lib/python3.8/site-packages/airflow/example_dags/example_sensors.py
[2023-12-03T18:27:32.675+0000] {logging_mixin.py:154} INFO - [2023-12-03T18:27:32.675+0000] {dag.py:2941} INFO - Sync 1 DAGs
[2023-12-03T18:27:32.691+0000] {logging_mixin.py:154} INFO - [2023-12-03T18:27:32.691+0000] {dag.py:3722} INFO - Setting next_dagrun for example_sensors to None, run_after=None
[2023-12-03T18:27:32.726+0000] {processor.py:179} INFO - Processing /home/airflow/.local/lib/python3.8/site-packages/airflow/example_dags/example_sensors.py took 0.129 seconds
[2023-12-03T18:28:03.131+0000] {processor.py:157} INFO - Started process (PID=490) to work on /home/airflow/.local/lib/python3.8/site-packages/airflow/example_dags/example_sensors.py
[2023-12-03T18:28:03.132+0000] {processor.py:829} INFO - Processing file /home/airflow/.local/lib/python3.8/site-packages/airflow/example_dags/example_sensors.py for tasks to queue
[2023-12-03T18:28:03.136+0000] {logging_mixin.py:154} INFO - [2023-12-03T18:28:03.135+0000] {dagbag.py:536} INFO - Filling up the DagBag from /home/airflow/.local/lib/python3.8/site-packages/airflow/example_dags/example_sensors.py
[2023-12-03T18:28:03.152+0000] {processor.py:839} INFO - DAG(s) dict_keys(['example_sensors']) retrieved from /home/airflow/.local/lib/python3.8/site-packages/airflow/example_dags/example_sensors.py
[2023-12-03T18:28:03.196+0000] {logging_mixin.py:154} INFO - [2023-12-03T18:28:03.196+0000] {dag.py:2941} INFO - Sync 1 DAGs
[2023-12-03T18:28:03.219+0000] {logging_mixin.py:154} INFO - [2023-12-03T18:28:03.219+0000] {dag.py:3722} INFO - Setting next_dagrun for example_sensors to None, run_after=None
[2023-12-03T18:28:03.255+0000] {processor.py:179} INFO - Processing /home/airflow/.local/lib/python3.8/site-packages/airflow/example_dags/example_sensors.py took 0.129 seconds
[2023-12-03T18:28:33.803+0000] {processor.py:157} INFO - Started process (PID=544) to work on /home/airflow/.local/lib/python3.8/site-packages/airflow/example_dags/example_sensors.py
[2023-12-03T18:28:33.805+0000] {processor.py:829} INFO - Processing file /home/airflow/.local/lib/python3.8/site-packages/airflow/example_dags/example_sensors.py for tasks to queue
[2023-12-03T18:28:33.810+0000] {logging_mixin.py:154} INFO - [2023-12-03T18:28:33.809+0000] {dagbag.py:536} INFO - Filling up the DagBag from /home/airflow/.local/lib/python3.8/site-packages/airflow/example_dags/example_sensors.py
[2023-12-03T18:28:33.825+0000] {processor.py:839} INFO - DAG(s) dict_keys(['example_sensors']) retrieved from /home/airflow/.local/lib/python3.8/site-packages/airflow/example_dags/example_sensors.py
[2023-12-03T18:28:33.865+0000] {logging_mixin.py:154} INFO - [2023-12-03T18:28:33.865+0000] {dag.py:2941} INFO - Sync 1 DAGs
[2023-12-03T18:28:33.887+0000] {logging_mixin.py:154} INFO - [2023-12-03T18:28:33.887+0000] {dag.py:3722} INFO - Setting next_dagrun for example_sensors to None, run_after=None
[2023-12-03T18:28:33.916+0000] {processor.py:179} INFO - Processing /home/airflow/.local/lib/python3.8/site-packages/airflow/example_dags/example_sensors.py took 0.118 seconds
[2023-12-03T18:29:50.038+0000] {processor.py:157} INFO - Started process (PID=59) to work on /home/airflow/.local/lib/python3.8/site-packages/airflow/example_dags/example_sensors.py
[2023-12-03T18:29:50.040+0000] {processor.py:829} INFO - Processing file /home/airflow/.local/lib/python3.8/site-packages/airflow/example_dags/example_sensors.py for tasks to queue
[2023-12-03T18:29:50.046+0000] {logging_mixin.py:154} INFO - [2023-12-03T18:29:50.045+0000] {dagbag.py:536} INFO - Filling up the DagBag from /home/airflow/.local/lib/python3.8/site-packages/airflow/example_dags/example_sensors.py
[2023-12-03T18:29:50.076+0000] {processor.py:839} INFO - DAG(s) dict_keys(['example_sensors']) retrieved from /home/airflow/.local/lib/python3.8/site-packages/airflow/example_dags/example_sensors.py
[2023-12-03T18:29:50.142+0000] {logging_mixin.py:154} INFO - [2023-12-03T18:29:50.142+0000] {dag.py:2941} INFO - Sync 1 DAGs
[2023-12-03T18:29:50.173+0000] {logging_mixin.py:154} INFO - [2023-12-03T18:29:50.172+0000] {dag.py:3722} INFO - Setting next_dagrun for example_sensors to None, run_after=None
[2023-12-03T18:29:50.399+0000] {processor.py:179} INFO - Processing /home/airflow/.local/lib/python3.8/site-packages/airflow/example_dags/example_sensors.py took 0.366 seconds
[2023-12-03T18:30:21.350+0000] {processor.py:157} INFO - Started process (PID=114) to work on /home/airflow/.local/lib/python3.8/site-packages/airflow/example_dags/example_sensors.py
[2023-12-03T18:30:21.353+0000] {processor.py:829} INFO - Processing file /home/airflow/.local/lib/python3.8/site-packages/airflow/example_dags/example_sensors.py for tasks to queue
[2023-12-03T18:30:21.359+0000] {logging_mixin.py:154} INFO - [2023-12-03T18:30:21.358+0000] {dagbag.py:536} INFO - Filling up the DagBag from /home/airflow/.local/lib/python3.8/site-packages/airflow/example_dags/example_sensors.py
[2023-12-03T18:30:21.391+0000] {processor.py:839} INFO - DAG(s) dict_keys(['example_sensors']) retrieved from /home/airflow/.local/lib/python3.8/site-packages/airflow/example_dags/example_sensors.py
[2023-12-03T18:30:21.463+0000] {logging_mixin.py:154} INFO - [2023-12-03T18:30:21.463+0000] {dag.py:2941} INFO - Sync 1 DAGs
[2023-12-03T18:30:21.496+0000] {logging_mixin.py:154} INFO - [2023-12-03T18:30:21.495+0000] {dag.py:3722} INFO - Setting next_dagrun for example_sensors to None, run_after=None
[2023-12-03T18:30:21.673+0000] {processor.py:179} INFO - Processing /home/airflow/.local/lib/python3.8/site-packages/airflow/example_dags/example_sensors.py took 0.332 seconds
[2023-12-03T18:30:52.590+0000] {processor.py:157} INFO - Started process (PID=169) to work on /home/airflow/.local/lib/python3.8/site-packages/airflow/example_dags/example_sensors.py
[2023-12-03T18:30:52.592+0000] {processor.py:829} INFO - Processing file /home/airflow/.local/lib/python3.8/site-packages/airflow/example_dags/example_sensors.py for tasks to queue
[2023-12-03T18:30:52.598+0000] {logging_mixin.py:154} INFO - [2023-12-03T18:30:52.597+0000] {dagbag.py:536} INFO - Filling up the DagBag from /home/airflow/.local/lib/python3.8/site-packages/airflow/example_dags/example_sensors.py
[2023-12-03T18:30:52.628+0000] {processor.py:839} INFO - DAG(s) dict_keys(['example_sensors']) retrieved from /home/airflow/.local/lib/python3.8/site-packages/airflow/example_dags/example_sensors.py
[2023-12-03T18:30:52.717+0000] {logging_mixin.py:154} INFO - [2023-12-03T18:30:52.717+0000] {dag.py:2941} INFO - Sync 1 DAGs
[2023-12-03T18:30:52.907+0000] {logging_mixin.py:154} INFO - [2023-12-03T18:30:52.907+0000] {dag.py:3722} INFO - Setting next_dagrun for example_sensors to None, run_after=None
[2023-12-03T18:30:52.949+0000] {processor.py:179} INFO - Processing /home/airflow/.local/lib/python3.8/site-packages/airflow/example_dags/example_sensors.py took 0.366 seconds
[2023-12-03T18:31:23.714+0000] {processor.py:157} INFO - Started process (PID=232) to work on /home/airflow/.local/lib/python3.8/site-packages/airflow/example_dags/example_sensors.py
[2023-12-03T18:31:23.716+0000] {processor.py:829} INFO - Processing file /home/airflow/.local/lib/python3.8/site-packages/airflow/example_dags/example_sensors.py for tasks to queue
[2023-12-03T18:31:23.721+0000] {logging_mixin.py:154} INFO - [2023-12-03T18:31:23.720+0000] {dagbag.py:536} INFO - Filling up the DagBag from /home/airflow/.local/lib/python3.8/site-packages/airflow/example_dags/example_sensors.py
[2023-12-03T18:31:23.741+0000] {processor.py:839} INFO - DAG(s) dict_keys(['example_sensors']) retrieved from /home/airflow/.local/lib/python3.8/site-packages/airflow/example_dags/example_sensors.py
[2023-12-03T18:31:23.787+0000] {logging_mixin.py:154} INFO - [2023-12-03T18:31:23.786+0000] {dag.py:2941} INFO - Sync 1 DAGs
[2023-12-03T18:31:24.012+0000] {logging_mixin.py:154} INFO - [2023-12-03T18:31:24.012+0000] {dag.py:3722} INFO - Setting next_dagrun for example_sensors to None, run_after=None
[2023-12-03T18:31:24.056+0000] {processor.py:179} INFO - Processing /home/airflow/.local/lib/python3.8/site-packages/airflow/example_dags/example_sensors.py took 0.348 seconds
[2023-12-03T18:31:54.944+0000] {processor.py:157} INFO - Started process (PID=287) to work on /home/airflow/.local/lib/python3.8/site-packages/airflow/example_dags/example_sensors.py
[2023-12-03T18:31:54.946+0000] {processor.py:829} INFO - Processing file /home/airflow/.local/lib/python3.8/site-packages/airflow/example_dags/example_sensors.py for tasks to queue
[2023-12-03T18:31:54.953+0000] {logging_mixin.py:154} INFO - [2023-12-03T18:31:54.951+0000] {dagbag.py:536} INFO - Filling up the DagBag from /home/airflow/.local/lib/python3.8/site-packages/airflow/example_dags/example_sensors.py
[2023-12-03T18:31:54.974+0000] {processor.py:839} INFO - DAG(s) dict_keys(['example_sensors']) retrieved from /home/airflow/.local/lib/python3.8/site-packages/airflow/example_dags/example_sensors.py
[2023-12-03T18:31:55.031+0000] {logging_mixin.py:154} INFO - [2023-12-03T18:31:55.031+0000] {dag.py:2941} INFO - Sync 1 DAGs
[2023-12-03T18:31:55.240+0000] {logging_mixin.py:154} INFO - [2023-12-03T18:31:55.239+0000] {dag.py:3722} INFO - Setting next_dagrun for example_sensors to None, run_after=None
[2023-12-03T18:31:55.278+0000] {processor.py:179} INFO - Processing /home/airflow/.local/lib/python3.8/site-packages/airflow/example_dags/example_sensors.py took 0.341 seconds
[2023-12-03T18:32:25.564+0000] {processor.py:157} INFO - Started process (PID=342) to work on /home/airflow/.local/lib/python3.8/site-packages/airflow/example_dags/example_sensors.py
[2023-12-03T18:32:25.567+0000] {processor.py:829} INFO - Processing file /home/airflow/.local/lib/python3.8/site-packages/airflow/example_dags/example_sensors.py for tasks to queue
[2023-12-03T18:32:25.576+0000] {logging_mixin.py:154} INFO - [2023-12-03T18:32:25.575+0000] {dagbag.py:536} INFO - Filling up the DagBag from /home/airflow/.local/lib/python3.8/site-packages/airflow/example_dags/example_sensors.py
[2023-12-03T18:32:25.616+0000] {processor.py:839} INFO - DAG(s) dict_keys(['example_sensors']) retrieved from /home/airflow/.local/lib/python3.8/site-packages/airflow/example_dags/example_sensors.py
[2023-12-03T18:32:25.681+0000] {logging_mixin.py:154} INFO - [2023-12-03T18:32:25.680+0000] {dag.py:2941} INFO - Sync 1 DAGs
[2023-12-03T18:32:25.930+0000] {logging_mixin.py:154} INFO - [2023-12-03T18:32:25.930+0000] {dag.py:3722} INFO - Setting next_dagrun for example_sensors to None, run_after=None
[2023-12-03T18:32:25.964+0000] {processor.py:179} INFO - Processing /home/airflow/.local/lib/python3.8/site-packages/airflow/example_dags/example_sensors.py took 0.411 seconds
[2023-12-03T18:32:56.294+0000] {processor.py:157} INFO - Started process (PID=404) to work on /home/airflow/.local/lib/python3.8/site-packages/airflow/example_dags/example_sensors.py
[2023-12-03T18:32:56.297+0000] {processor.py:829} INFO - Processing file /home/airflow/.local/lib/python3.8/site-packages/airflow/example_dags/example_sensors.py for tasks to queue
[2023-12-03T18:32:56.303+0000] {logging_mixin.py:154} INFO - [2023-12-03T18:32:56.302+0000] {dagbag.py:536} INFO - Filling up the DagBag from /home/airflow/.local/lib/python3.8/site-packages/airflow/example_dags/example_sensors.py
[2023-12-03T18:32:56.336+0000] {processor.py:839} INFO - DAG(s) dict_keys(['example_sensors']) retrieved from /home/airflow/.local/lib/python3.8/site-packages/airflow/example_dags/example_sensors.py
[2023-12-03T18:32:56.411+0000] {logging_mixin.py:154} INFO - [2023-12-03T18:32:56.410+0000] {dag.py:2941} INFO - Sync 1 DAGs
[2023-12-03T18:32:56.585+0000] {logging_mixin.py:154} INFO - [2023-12-03T18:32:56.585+0000] {dag.py:3722} INFO - Setting next_dagrun for example_sensors to None, run_after=None
[2023-12-03T18:32:56.626+0000] {processor.py:179} INFO - Processing /home/airflow/.local/lib/python3.8/site-packages/airflow/example_dags/example_sensors.py took 0.340 seconds
[2023-12-03T18:33:27.415+0000] {processor.py:157} INFO - Started process (PID=459) to work on /home/airflow/.local/lib/python3.8/site-packages/airflow/example_dags/example_sensors.py
[2023-12-03T18:33:27.417+0000] {processor.py:829} INFO - Processing file /home/airflow/.local/lib/python3.8/site-packages/airflow/example_dags/example_sensors.py for tasks to queue
[2023-12-03T18:33:27.424+0000] {logging_mixin.py:154} INFO - [2023-12-03T18:33:27.423+0000] {dagbag.py:536} INFO - Filling up the DagBag from /home/airflow/.local/lib/python3.8/site-packages/airflow/example_dags/example_sensors.py
[2023-12-03T18:33:27.458+0000] {processor.py:839} INFO - DAG(s) dict_keys(['example_sensors']) retrieved from /home/airflow/.local/lib/python3.8/site-packages/airflow/example_dags/example_sensors.py
[2023-12-03T18:33:27.504+0000] {logging_mixin.py:154} INFO - [2023-12-03T18:33:27.504+0000] {dag.py:2941} INFO - Sync 1 DAGs
[2023-12-03T18:33:27.684+0000] {logging_mixin.py:154} INFO - [2023-12-03T18:33:27.683+0000] {dag.py:3722} INFO - Setting next_dagrun for example_sensors to None, run_after=None
[2023-12-03T18:33:27.714+0000] {processor.py:179} INFO - Processing /home/airflow/.local/lib/python3.8/site-packages/airflow/example_dags/example_sensors.py took 0.307 seconds
[2023-12-03T18:33:58.029+0000] {processor.py:157} INFO - Started process (PID=514) to work on /home/airflow/.local/lib/python3.8/site-packages/airflow/example_dags/example_sensors.py
[2023-12-03T18:33:58.031+0000] {processor.py:829} INFO - Processing file /home/airflow/.local/lib/python3.8/site-packages/airflow/example_dags/example_sensors.py for tasks to queue
[2023-12-03T18:33:58.037+0000] {logging_mixin.py:154} INFO - [2023-12-03T18:33:58.036+0000] {dagbag.py:536} INFO - Filling up the DagBag from /home/airflow/.local/lib/python3.8/site-packages/airflow/example_dags/example_sensors.py
[2023-12-03T18:33:58.051+0000] {processor.py:839} INFO - DAG(s) dict_keys(['example_sensors']) retrieved from /home/airflow/.local/lib/python3.8/site-packages/airflow/example_dags/example_sensors.py
[2023-12-03T18:33:58.093+0000] {logging_mixin.py:154} INFO - [2023-12-03T18:33:58.093+0000] {dag.py:2941} INFO - Sync 1 DAGs
[2023-12-03T18:33:58.296+0000] {logging_mixin.py:154} INFO - [2023-12-03T18:33:58.295+0000] {dag.py:3722} INFO - Setting next_dagrun for example_sensors to None, run_after=None
[2023-12-03T18:33:58.336+0000] {processor.py:179} INFO - Processing /home/airflow/.local/lib/python3.8/site-packages/airflow/example_dags/example_sensors.py took 0.316 seconds
[2023-12-03T18:34:28.896+0000] {processor.py:157} INFO - Started process (PID=569) to work on /home/airflow/.local/lib/python3.8/site-packages/airflow/example_dags/example_sensors.py
[2023-12-03T18:34:28.897+0000] {processor.py:829} INFO - Processing file /home/airflow/.local/lib/python3.8/site-packages/airflow/example_dags/example_sensors.py for tasks to queue
[2023-12-03T18:34:28.901+0000] {logging_mixin.py:154} INFO - [2023-12-03T18:34:28.901+0000] {dagbag.py:536} INFO - Filling up the DagBag from /home/airflow/.local/lib/python3.8/site-packages/airflow/example_dags/example_sensors.py
[2023-12-03T18:34:28.919+0000] {processor.py:839} INFO - DAG(s) dict_keys(['example_sensors']) retrieved from /home/airflow/.local/lib/python3.8/site-packages/airflow/example_dags/example_sensors.py
[2023-12-03T18:34:28.962+0000] {logging_mixin.py:154} INFO - [2023-12-03T18:34:28.961+0000] {dag.py:2941} INFO - Sync 1 DAGs
[2023-12-03T18:34:29.132+0000] {logging_mixin.py:154} INFO - [2023-12-03T18:34:29.132+0000] {dag.py:3722} INFO - Setting next_dagrun for example_sensors to None, run_after=None
[2023-12-03T18:34:29.171+0000] {processor.py:179} INFO - Processing /home/airflow/.local/lib/python3.8/site-packages/airflow/example_dags/example_sensors.py took 0.280 seconds
[2023-12-03T18:34:59.672+0000] {processor.py:157} INFO - Started process (PID=624) to work on /home/airflow/.local/lib/python3.8/site-packages/airflow/example_dags/example_sensors.py
[2023-12-03T18:34:59.674+0000] {processor.py:829} INFO - Processing file /home/airflow/.local/lib/python3.8/site-packages/airflow/example_dags/example_sensors.py for tasks to queue
[2023-12-03T18:34:59.681+0000] {logging_mixin.py:154} INFO - [2023-12-03T18:34:59.680+0000] {dagbag.py:536} INFO - Filling up the DagBag from /home/airflow/.local/lib/python3.8/site-packages/airflow/example_dags/example_sensors.py
[2023-12-03T18:34:59.712+0000] {processor.py:839} INFO - DAG(s) dict_keys(['example_sensors']) retrieved from /home/airflow/.local/lib/python3.8/site-packages/airflow/example_dags/example_sensors.py
[2023-12-03T18:34:59.785+0000] {logging_mixin.py:154} INFO - [2023-12-03T18:34:59.785+0000] {dag.py:2941} INFO - Sync 1 DAGs
[2023-12-03T18:34:59.949+0000] {logging_mixin.py:154} INFO - [2023-12-03T18:34:59.949+0000] {dag.py:3722} INFO - Setting next_dagrun for example_sensors to None, run_after=None
[2023-12-03T18:34:59.995+0000] {processor.py:179} INFO - Processing /home/airflow/.local/lib/python3.8/site-packages/airflow/example_dags/example_sensors.py took 0.331 seconds
[2023-12-03T18:35:30.615+0000] {processor.py:157} INFO - Started process (PID=679) to work on /home/airflow/.local/lib/python3.8/site-packages/airflow/example_dags/example_sensors.py
[2023-12-03T18:35:30.617+0000] {processor.py:829} INFO - Processing file /home/airflow/.local/lib/python3.8/site-packages/airflow/example_dags/example_sensors.py for tasks to queue
[2023-12-03T18:35:30.621+0000] {logging_mixin.py:154} INFO - [2023-12-03T18:35:30.621+0000] {dagbag.py:536} INFO - Filling up the DagBag from /home/airflow/.local/lib/python3.8/site-packages/airflow/example_dags/example_sensors.py
[2023-12-03T18:35:30.636+0000] {processor.py:839} INFO - DAG(s) dict_keys(['example_sensors']) retrieved from /home/airflow/.local/lib/python3.8/site-packages/airflow/example_dags/example_sensors.py
[2023-12-03T18:35:30.693+0000] {logging_mixin.py:154} INFO - [2023-12-03T18:35:30.692+0000] {dag.py:2941} INFO - Sync 1 DAGs
[2023-12-03T18:35:30.877+0000] {logging_mixin.py:154} INFO - [2023-12-03T18:35:30.877+0000] {dag.py:3722} INFO - Setting next_dagrun for example_sensors to None, run_after=None
[2023-12-03T18:35:30.911+0000] {processor.py:179} INFO - Processing /home/airflow/.local/lib/python3.8/site-packages/airflow/example_dags/example_sensors.py took 0.304 seconds
[2023-12-03T18:36:01.769+0000] {processor.py:157} INFO - Started process (PID=734) to work on /home/airflow/.local/lib/python3.8/site-packages/airflow/example_dags/example_sensors.py
[2023-12-03T18:36:01.771+0000] {processor.py:829} INFO - Processing file /home/airflow/.local/lib/python3.8/site-packages/airflow/example_dags/example_sensors.py for tasks to queue
[2023-12-03T18:36:01.778+0000] {logging_mixin.py:154} INFO - [2023-12-03T18:36:01.777+0000] {dagbag.py:536} INFO - Filling up the DagBag from /home/airflow/.local/lib/python3.8/site-packages/airflow/example_dags/example_sensors.py
[2023-12-03T18:36:01.810+0000] {processor.py:839} INFO - DAG(s) dict_keys(['example_sensors']) retrieved from /home/airflow/.local/lib/python3.8/site-packages/airflow/example_dags/example_sensors.py
[2023-12-03T18:36:01.853+0000] {logging_mixin.py:154} INFO - [2023-12-03T18:36:01.852+0000] {dag.py:2941} INFO - Sync 1 DAGs
[2023-12-03T18:36:01.873+0000] {logging_mixin.py:154} INFO - [2023-12-03T18:36:01.873+0000] {dag.py:3722} INFO - Setting next_dagrun for example_sensors to None, run_after=None
[2023-12-03T18:36:01.906+0000] {processor.py:179} INFO - Processing /home/airflow/.local/lib/python3.8/site-packages/airflow/example_dags/example_sensors.py took 0.147 seconds
[2023-12-03T18:36:32.314+0000] {processor.py:157} INFO - Started process (PID=789) to work on /home/airflow/.local/lib/python3.8/site-packages/airflow/example_dags/example_sensors.py
[2023-12-03T18:36:32.315+0000] {processor.py:829} INFO - Processing file /home/airflow/.local/lib/python3.8/site-packages/airflow/example_dags/example_sensors.py for tasks to queue
[2023-12-03T18:36:32.320+0000] {logging_mixin.py:154} INFO - [2023-12-03T18:36:32.320+0000] {dagbag.py:536} INFO - Filling up the DagBag from /home/airflow/.local/lib/python3.8/site-packages/airflow/example_dags/example_sensors.py
[2023-12-03T18:36:32.340+0000] {processor.py:839} INFO - DAG(s) dict_keys(['example_sensors']) retrieved from /home/airflow/.local/lib/python3.8/site-packages/airflow/example_dags/example_sensors.py
[2023-12-03T18:36:32.392+0000] {logging_mixin.py:154} INFO - [2023-12-03T18:36:32.391+0000] {dag.py:2941} INFO - Sync 1 DAGs
[2023-12-03T18:36:32.418+0000] {logging_mixin.py:154} INFO - [2023-12-03T18:36:32.417+0000] {dag.py:3722} INFO - Setting next_dagrun for example_sensors to None, run_after=None
[2023-12-03T18:36:32.455+0000] {processor.py:179} INFO - Processing /home/airflow/.local/lib/python3.8/site-packages/airflow/example_dags/example_sensors.py took 0.146 seconds
[2023-12-03T18:37:03.219+0000] {processor.py:157} INFO - Started process (PID=844) to work on /home/airflow/.local/lib/python3.8/site-packages/airflow/example_dags/example_sensors.py
[2023-12-03T18:37:03.220+0000] {processor.py:829} INFO - Processing file /home/airflow/.local/lib/python3.8/site-packages/airflow/example_dags/example_sensors.py for tasks to queue
[2023-12-03T18:37:03.226+0000] {logging_mixin.py:154} INFO - [2023-12-03T18:37:03.225+0000] {dagbag.py:536} INFO - Filling up the DagBag from /home/airflow/.local/lib/python3.8/site-packages/airflow/example_dags/example_sensors.py
[2023-12-03T18:37:03.247+0000] {processor.py:839} INFO - DAG(s) dict_keys(['example_sensors']) retrieved from /home/airflow/.local/lib/python3.8/site-packages/airflow/example_dags/example_sensors.py
[2023-12-03T18:37:03.300+0000] {logging_mixin.py:154} INFO - [2023-12-03T18:37:03.300+0000] {dag.py:2941} INFO - Sync 1 DAGs
[2023-12-03T18:37:03.322+0000] {logging_mixin.py:154} INFO - [2023-12-03T18:37:03.322+0000] {dag.py:3722} INFO - Setting next_dagrun for example_sensors to None, run_after=None
[2023-12-03T18:37:03.354+0000] {processor.py:179} INFO - Processing /home/airflow/.local/lib/python3.8/site-packages/airflow/example_dags/example_sensors.py took 0.144 seconds
[2023-12-03T18:37:33.419+0000] {processor.py:157} INFO - Started process (PID=899) to work on /home/airflow/.local/lib/python3.8/site-packages/airflow/example_dags/example_sensors.py
[2023-12-03T18:37:33.422+0000] {processor.py:829} INFO - Processing file /home/airflow/.local/lib/python3.8/site-packages/airflow/example_dags/example_sensors.py for tasks to queue
[2023-12-03T18:37:33.430+0000] {logging_mixin.py:154} INFO - [2023-12-03T18:37:33.429+0000] {dagbag.py:536} INFO - Filling up the DagBag from /home/airflow/.local/lib/python3.8/site-packages/airflow/example_dags/example_sensors.py
[2023-12-03T18:37:33.458+0000] {processor.py:839} INFO - DAG(s) dict_keys(['example_sensors']) retrieved from /home/airflow/.local/lib/python3.8/site-packages/airflow/example_dags/example_sensors.py
[2023-12-03T18:37:33.521+0000] {logging_mixin.py:154} INFO - [2023-12-03T18:37:33.521+0000] {dag.py:2941} INFO - Sync 1 DAGs
[2023-12-03T18:37:33.542+0000] {logging_mixin.py:154} INFO - [2023-12-03T18:37:33.541+0000] {dag.py:3722} INFO - Setting next_dagrun for example_sensors to None, run_after=None
[2023-12-03T18:37:33.576+0000] {processor.py:179} INFO - Processing /home/airflow/.local/lib/python3.8/site-packages/airflow/example_dags/example_sensors.py took 0.165 seconds
[2023-12-03T18:38:04.050+0000] {processor.py:157} INFO - Started process (PID=954) to work on /home/airflow/.local/lib/python3.8/site-packages/airflow/example_dags/example_sensors.py
[2023-12-03T18:38:04.052+0000] {processor.py:829} INFO - Processing file /home/airflow/.local/lib/python3.8/site-packages/airflow/example_dags/example_sensors.py for tasks to queue
[2023-12-03T18:38:04.060+0000] {logging_mixin.py:154} INFO - [2023-12-03T18:38:04.058+0000] {dagbag.py:536} INFO - Filling up the DagBag from /home/airflow/.local/lib/python3.8/site-packages/airflow/example_dags/example_sensors.py
[2023-12-03T18:38:04.090+0000] {processor.py:839} INFO - DAG(s) dict_keys(['example_sensors']) retrieved from /home/airflow/.local/lib/python3.8/site-packages/airflow/example_dags/example_sensors.py
[2023-12-03T18:38:04.134+0000] {logging_mixin.py:154} INFO - [2023-12-03T18:38:04.133+0000] {dag.py:2941} INFO - Sync 1 DAGs
[2023-12-03T18:38:04.153+0000] {logging_mixin.py:154} INFO - [2023-12-03T18:38:04.152+0000] {dag.py:3722} INFO - Setting next_dagrun for example_sensors to None, run_after=None
[2023-12-03T18:38:04.182+0000] {processor.py:179} INFO - Processing /home/airflow/.local/lib/python3.8/site-packages/airflow/example_dags/example_sensors.py took 0.142 seconds
[2023-12-03T18:38:34.468+0000] {processor.py:157} INFO - Started process (PID=1009) to work on /home/airflow/.local/lib/python3.8/site-packages/airflow/example_dags/example_sensors.py
[2023-12-03T18:38:34.470+0000] {processor.py:829} INFO - Processing file /home/airflow/.local/lib/python3.8/site-packages/airflow/example_dags/example_sensors.py for tasks to queue
[2023-12-03T18:38:34.479+0000] {logging_mixin.py:154} INFO - [2023-12-03T18:38:34.478+0000] {dagbag.py:536} INFO - Filling up the DagBag from /home/airflow/.local/lib/python3.8/site-packages/airflow/example_dags/example_sensors.py
[2023-12-03T18:38:34.512+0000] {processor.py:839} INFO - DAG(s) dict_keys(['example_sensors']) retrieved from /home/airflow/.local/lib/python3.8/site-packages/airflow/example_dags/example_sensors.py
[2023-12-03T18:38:34.550+0000] {logging_mixin.py:154} INFO - [2023-12-03T18:38:34.550+0000] {dag.py:2941} INFO - Sync 1 DAGs
[2023-12-03T18:38:34.572+0000] {logging_mixin.py:154} INFO - [2023-12-03T18:38:34.572+0000] {dag.py:3722} INFO - Setting next_dagrun for example_sensors to None, run_after=None
[2023-12-03T18:38:34.605+0000] {processor.py:179} INFO - Processing /home/airflow/.local/lib/python3.8/site-packages/airflow/example_dags/example_sensors.py took 0.142 seconds
[2023-12-03T18:39:05.345+0000] {processor.py:157} INFO - Started process (PID=1064) to work on /home/airflow/.local/lib/python3.8/site-packages/airflow/example_dags/example_sensors.py
[2023-12-03T18:39:05.347+0000] {processor.py:829} INFO - Processing file /home/airflow/.local/lib/python3.8/site-packages/airflow/example_dags/example_sensors.py for tasks to queue
[2023-12-03T18:39:05.356+0000] {logging_mixin.py:154} INFO - [2023-12-03T18:39:05.355+0000] {dagbag.py:536} INFO - Filling up the DagBag from /home/airflow/.local/lib/python3.8/site-packages/airflow/example_dags/example_sensors.py
[2023-12-03T18:39:05.387+0000] {processor.py:839} INFO - DAG(s) dict_keys(['example_sensors']) retrieved from /home/airflow/.local/lib/python3.8/site-packages/airflow/example_dags/example_sensors.py
[2023-12-03T18:39:05.436+0000] {logging_mixin.py:154} INFO - [2023-12-03T18:39:05.435+0000] {dag.py:2941} INFO - Sync 1 DAGs
[2023-12-03T18:39:05.459+0000] {logging_mixin.py:154} INFO - [2023-12-03T18:39:05.458+0000] {dag.py:3722} INFO - Setting next_dagrun for example_sensors to None, run_after=None
[2023-12-03T18:39:05.493+0000] {processor.py:179} INFO - Processing /home/airflow/.local/lib/python3.8/site-packages/airflow/example_dags/example_sensors.py took 0.159 seconds
[2023-12-03T18:39:35.628+0000] {processor.py:157} INFO - Started process (PID=1119) to work on /home/airflow/.local/lib/python3.8/site-packages/airflow/example_dags/example_sensors.py
[2023-12-03T18:39:35.630+0000] {processor.py:829} INFO - Processing file /home/airflow/.local/lib/python3.8/site-packages/airflow/example_dags/example_sensors.py for tasks to queue
[2023-12-03T18:39:35.637+0000] {logging_mixin.py:154} INFO - [2023-12-03T18:39:35.636+0000] {dagbag.py:536} INFO - Filling up the DagBag from /home/airflow/.local/lib/python3.8/site-packages/airflow/example_dags/example_sensors.py
[2023-12-03T18:39:35.667+0000] {processor.py:839} INFO - DAG(s) dict_keys(['example_sensors']) retrieved from /home/airflow/.local/lib/python3.8/site-packages/airflow/example_dags/example_sensors.py
[2023-12-03T18:39:35.737+0000] {logging_mixin.py:154} INFO - [2023-12-03T18:39:35.737+0000] {dag.py:2941} INFO - Sync 1 DAGs
[2023-12-03T18:39:35.768+0000] {logging_mixin.py:154} INFO - [2023-12-03T18:39:35.768+0000] {dag.py:3722} INFO - Setting next_dagrun for example_sensors to None, run_after=None
[2023-12-03T18:39:35.797+0000] {processor.py:179} INFO - Processing /home/airflow/.local/lib/python3.8/site-packages/airflow/example_dags/example_sensors.py took 0.177 seconds
[2023-12-03T18:40:06.054+0000] {processor.py:157} INFO - Started process (PID=1174) to work on /home/airflow/.local/lib/python3.8/site-packages/airflow/example_dags/example_sensors.py
[2023-12-03T18:40:06.056+0000] {processor.py:829} INFO - Processing file /home/airflow/.local/lib/python3.8/site-packages/airflow/example_dags/example_sensors.py for tasks to queue
[2023-12-03T18:40:06.059+0000] {logging_mixin.py:154} INFO - [2023-12-03T18:40:06.059+0000] {dagbag.py:536} INFO - Filling up the DagBag from /home/airflow/.local/lib/python3.8/site-packages/airflow/example_dags/example_sensors.py
[2023-12-03T18:40:06.074+0000] {processor.py:839} INFO - DAG(s) dict_keys(['example_sensors']) retrieved from /home/airflow/.local/lib/python3.8/site-packages/airflow/example_dags/example_sensors.py
[2023-12-03T18:40:06.121+0000] {logging_mixin.py:154} INFO - [2023-12-03T18:40:06.121+0000] {dag.py:2941} INFO - Sync 1 DAGs
[2023-12-03T18:40:06.143+0000] {logging_mixin.py:154} INFO - [2023-12-03T18:40:06.142+0000] {dag.py:3722} INFO - Setting next_dagrun for example_sensors to None, run_after=None
[2023-12-03T18:40:06.181+0000] {processor.py:179} INFO - Processing /home/airflow/.local/lib/python3.8/site-packages/airflow/example_dags/example_sensors.py took 0.132 seconds
[2023-12-03T18:41:32.323+0000] {processor.py:157} INFO - Started process (PID=59) to work on /home/airflow/.local/lib/python3.8/site-packages/airflow/example_dags/example_sensors.py
[2023-12-03T18:41:32.325+0000] {processor.py:829} INFO - Processing file /home/airflow/.local/lib/python3.8/site-packages/airflow/example_dags/example_sensors.py for tasks to queue
[2023-12-03T18:41:32.328+0000] {logging_mixin.py:154} INFO - [2023-12-03T18:41:32.328+0000] {dagbag.py:536} INFO - Filling up the DagBag from /home/airflow/.local/lib/python3.8/site-packages/airflow/example_dags/example_sensors.py
[2023-12-03T18:41:32.346+0000] {processor.py:839} INFO - DAG(s) dict_keys(['example_sensors']) retrieved from /home/airflow/.local/lib/python3.8/site-packages/airflow/example_dags/example_sensors.py
[2023-12-03T18:41:32.366+0000] {logging_mixin.py:154} INFO - [2023-12-03T18:41:32.365+0000] {dag.py:2941} INFO - Sync 1 DAGs
[2023-12-03T18:41:32.389+0000] {logging_mixin.py:154} INFO - [2023-12-03T18:41:32.389+0000] {dag.py:3722} INFO - Setting next_dagrun for example_sensors to None, run_after=None
[2023-12-03T18:41:32.425+0000] {processor.py:179} INFO - Processing /home/airflow/.local/lib/python3.8/site-packages/airflow/example_dags/example_sensors.py took 0.107 seconds
[2023-12-03T18:41:57.465+0000] {processor.py:157} INFO - Started process (PID=58) to work on /home/airflow/.local/lib/python3.8/site-packages/airflow/example_dags/example_sensors.py
[2023-12-03T18:41:57.467+0000] {processor.py:829} INFO - Processing file /home/airflow/.local/lib/python3.8/site-packages/airflow/example_dags/example_sensors.py for tasks to queue
[2023-12-03T18:41:57.472+0000] {logging_mixin.py:154} INFO - [2023-12-03T18:41:57.471+0000] {dagbag.py:536} INFO - Filling up the DagBag from /home/airflow/.local/lib/python3.8/site-packages/airflow/example_dags/example_sensors.py
[2023-12-03T18:41:57.488+0000] {processor.py:839} INFO - DAG(s) dict_keys(['example_sensors']) retrieved from /home/airflow/.local/lib/python3.8/site-packages/airflow/example_dags/example_sensors.py
[2023-12-03T18:41:57.531+0000] {logging_mixin.py:154} INFO - [2023-12-03T18:41:57.530+0000] {dag.py:2941} INFO - Sync 1 DAGs
[2023-12-03T18:41:57.554+0000] {logging_mixin.py:154} INFO - [2023-12-03T18:41:57.554+0000] {dag.py:3722} INFO - Setting next_dagrun for example_sensors to None, run_after=None
[2023-12-03T18:41:57.589+0000] {processor.py:179} INFO - Processing /home/airflow/.local/lib/python3.8/site-packages/airflow/example_dags/example_sensors.py took 0.129 seconds
[2023-12-03T18:42:28.001+0000] {processor.py:157} INFO - Started process (PID=113) to work on /home/airflow/.local/lib/python3.8/site-packages/airflow/example_dags/example_sensors.py
[2023-12-03T18:42:28.003+0000] {processor.py:829} INFO - Processing file /home/airflow/.local/lib/python3.8/site-packages/airflow/example_dags/example_sensors.py for tasks to queue
[2023-12-03T18:42:28.007+0000] {logging_mixin.py:154} INFO - [2023-12-03T18:42:28.006+0000] {dagbag.py:536} INFO - Filling up the DagBag from /home/airflow/.local/lib/python3.8/site-packages/airflow/example_dags/example_sensors.py
[2023-12-03T18:42:28.023+0000] {processor.py:839} INFO - DAG(s) dict_keys(['example_sensors']) retrieved from /home/airflow/.local/lib/python3.8/site-packages/airflow/example_dags/example_sensors.py
[2023-12-03T18:42:28.070+0000] {logging_mixin.py:154} INFO - [2023-12-03T18:42:28.070+0000] {dag.py:2941} INFO - Sync 1 DAGs
[2023-12-03T18:42:28.092+0000] {logging_mixin.py:154} INFO - [2023-12-03T18:42:28.091+0000] {dag.py:3722} INFO - Setting next_dagrun for example_sensors to None, run_after=None
[2023-12-03T18:42:28.124+0000] {processor.py:179} INFO - Processing /home/airflow/.local/lib/python3.8/site-packages/airflow/example_dags/example_sensors.py took 0.127 seconds
[2023-12-03T18:42:59.124+0000] {processor.py:157} INFO - Started process (PID=169) to work on /home/airflow/.local/lib/python3.8/site-packages/airflow/example_dags/example_sensors.py
[2023-12-03T18:42:59.126+0000] {processor.py:829} INFO - Processing file /home/airflow/.local/lib/python3.8/site-packages/airflow/example_dags/example_sensors.py for tasks to queue
[2023-12-03T18:42:59.129+0000] {logging_mixin.py:154} INFO - [2023-12-03T18:42:59.129+0000] {dagbag.py:536} INFO - Filling up the DagBag from /home/airflow/.local/lib/python3.8/site-packages/airflow/example_dags/example_sensors.py
[2023-12-03T18:42:59.143+0000] {processor.py:839} INFO - DAG(s) dict_keys(['example_sensors']) retrieved from /home/airflow/.local/lib/python3.8/site-packages/airflow/example_dags/example_sensors.py
[2023-12-03T18:42:59.181+0000] {logging_mixin.py:154} INFO - [2023-12-03T18:42:59.180+0000] {dag.py:2941} INFO - Sync 1 DAGs
[2023-12-03T18:42:59.201+0000] {logging_mixin.py:154} INFO - [2023-12-03T18:42:59.201+0000] {dag.py:3722} INFO - Setting next_dagrun for example_sensors to None, run_after=None
[2023-12-03T18:42:59.231+0000] {processor.py:179} INFO - Processing /home/airflow/.local/lib/python3.8/site-packages/airflow/example_dags/example_sensors.py took 0.116 seconds
[2023-12-03T18:43:30.001+0000] {processor.py:157} INFO - Started process (PID=224) to work on /home/airflow/.local/lib/python3.8/site-packages/airflow/example_dags/example_sensors.py
[2023-12-03T18:43:30.002+0000] {processor.py:829} INFO - Processing file /home/airflow/.local/lib/python3.8/site-packages/airflow/example_dags/example_sensors.py for tasks to queue
[2023-12-03T18:43:30.006+0000] {logging_mixin.py:154} INFO - [2023-12-03T18:43:30.006+0000] {dagbag.py:536} INFO - Filling up the DagBag from /home/airflow/.local/lib/python3.8/site-packages/airflow/example_dags/example_sensors.py
[2023-12-03T18:43:30.023+0000] {processor.py:839} INFO - DAG(s) dict_keys(['example_sensors']) retrieved from /home/airflow/.local/lib/python3.8/site-packages/airflow/example_dags/example_sensors.py
[2023-12-03T18:43:30.070+0000] {logging_mixin.py:154} INFO - [2023-12-03T18:43:30.069+0000] {dag.py:2941} INFO - Sync 1 DAGs
[2023-12-03T18:43:30.094+0000] {logging_mixin.py:154} INFO - [2023-12-03T18:43:30.094+0000] {dag.py:3722} INFO - Setting next_dagrun for example_sensors to None, run_after=None
[2023-12-03T18:43:30.129+0000] {processor.py:179} INFO - Processing /home/airflow/.local/lib/python3.8/site-packages/airflow/example_dags/example_sensors.py took 0.133 seconds
[2023-12-03T18:44:00.821+0000] {processor.py:157} INFO - Started process (PID=279) to work on /home/airflow/.local/lib/python3.8/site-packages/airflow/example_dags/example_sensors.py
[2023-12-03T18:44:00.822+0000] {processor.py:829} INFO - Processing file /home/airflow/.local/lib/python3.8/site-packages/airflow/example_dags/example_sensors.py for tasks to queue
[2023-12-03T18:44:00.826+0000] {logging_mixin.py:154} INFO - [2023-12-03T18:44:00.825+0000] {dagbag.py:536} INFO - Filling up the DagBag from /home/airflow/.local/lib/python3.8/site-packages/airflow/example_dags/example_sensors.py
[2023-12-03T18:44:00.839+0000] {processor.py:839} INFO - DAG(s) dict_keys(['example_sensors']) retrieved from /home/airflow/.local/lib/python3.8/site-packages/airflow/example_dags/example_sensors.py
[2023-12-03T18:44:00.873+0000] {logging_mixin.py:154} INFO - [2023-12-03T18:44:00.872+0000] {dag.py:2941} INFO - Sync 1 DAGs
[2023-12-03T18:44:00.894+0000] {logging_mixin.py:154} INFO - [2023-12-03T18:44:00.894+0000] {dag.py:3722} INFO - Setting next_dagrun for example_sensors to None, run_after=None
[2023-12-03T18:44:00.933+0000] {processor.py:179} INFO - Processing /home/airflow/.local/lib/python3.8/site-packages/airflow/example_dags/example_sensors.py took 0.117 seconds
[2023-12-03T18:44:31.430+0000] {processor.py:157} INFO - Started process (PID=334) to work on /home/airflow/.local/lib/python3.8/site-packages/airflow/example_dags/example_sensors.py
[2023-12-03T18:44:31.432+0000] {processor.py:829} INFO - Processing file /home/airflow/.local/lib/python3.8/site-packages/airflow/example_dags/example_sensors.py for tasks to queue
[2023-12-03T18:44:31.435+0000] {logging_mixin.py:154} INFO - [2023-12-03T18:44:31.435+0000] {dagbag.py:536} INFO - Filling up the DagBag from /home/airflow/.local/lib/python3.8/site-packages/airflow/example_dags/example_sensors.py
[2023-12-03T18:44:31.451+0000] {processor.py:839} INFO - DAG(s) dict_keys(['example_sensors']) retrieved from /home/airflow/.local/lib/python3.8/site-packages/airflow/example_dags/example_sensors.py
[2023-12-03T18:44:31.495+0000] {logging_mixin.py:154} INFO - [2023-12-03T18:44:31.495+0000] {dag.py:2941} INFO - Sync 1 DAGs
[2023-12-03T18:44:31.515+0000] {logging_mixin.py:154} INFO - [2023-12-03T18:44:31.514+0000] {dag.py:3722} INFO - Setting next_dagrun for example_sensors to None, run_after=None
[2023-12-03T18:44:31.548+0000] {processor.py:179} INFO - Processing /home/airflow/.local/lib/python3.8/site-packages/airflow/example_dags/example_sensors.py took 0.123 seconds
[2023-12-03T18:48:28.899+0000] {processor.py:157} INFO - Started process (PID=62) to work on /home/airflow/.local/lib/python3.8/site-packages/airflow/example_dags/example_sensors.py
[2023-12-03T18:48:28.900+0000] {processor.py:829} INFO - Processing file /home/airflow/.local/lib/python3.8/site-packages/airflow/example_dags/example_sensors.py for tasks to queue
[2023-12-03T18:48:28.904+0000] {logging_mixin.py:154} INFO - [2023-12-03T18:48:28.904+0000] {dagbag.py:536} INFO - Filling up the DagBag from /home/airflow/.local/lib/python3.8/site-packages/airflow/example_dags/example_sensors.py
[2023-12-03T18:48:28.922+0000] {processor.py:839} INFO - DAG(s) dict_keys(['example_sensors']) retrieved from /home/airflow/.local/lib/python3.8/site-packages/airflow/example_dags/example_sensors.py
[2023-12-03T18:48:28.944+0000] {logging_mixin.py:154} INFO - [2023-12-03T18:48:28.944+0000] {dag.py:2941} INFO - Sync 1 DAGs
[2023-12-03T18:48:28.972+0000] {logging_mixin.py:154} INFO - [2023-12-03T18:48:28.971+0000] {dag.py:3722} INFO - Setting next_dagrun for example_sensors to None, run_after=None
[2023-12-03T18:48:29.012+0000] {processor.py:179} INFO - Processing /home/airflow/.local/lib/python3.8/site-packages/airflow/example_dags/example_sensors.py took 0.119 seconds
[2023-12-03T18:48:59.834+0000] {processor.py:157} INFO - Started process (PID=117) to work on /home/airflow/.local/lib/python3.8/site-packages/airflow/example_dags/example_sensors.py
[2023-12-03T18:48:59.836+0000] {processor.py:829} INFO - Processing file /home/airflow/.local/lib/python3.8/site-packages/airflow/example_dags/example_sensors.py for tasks to queue
[2023-12-03T18:48:59.840+0000] {logging_mixin.py:154} INFO - [2023-12-03T18:48:59.840+0000] {dagbag.py:536} INFO - Filling up the DagBag from /home/airflow/.local/lib/python3.8/site-packages/airflow/example_dags/example_sensors.py
[2023-12-03T18:48:59.859+0000] {processor.py:839} INFO - DAG(s) dict_keys(['example_sensors']) retrieved from /home/airflow/.local/lib/python3.8/site-packages/airflow/example_dags/example_sensors.py
[2023-12-03T18:48:59.904+0000] {logging_mixin.py:154} INFO - [2023-12-03T18:48:59.903+0000] {dag.py:2941} INFO - Sync 1 DAGs
[2023-12-03T18:48:59.929+0000] {logging_mixin.py:154} INFO - [2023-12-03T18:48:59.928+0000] {dag.py:3722} INFO - Setting next_dagrun for example_sensors to None, run_after=None
[2023-12-03T18:48:59.972+0000] {processor.py:179} INFO - Processing /home/airflow/.local/lib/python3.8/site-packages/airflow/example_dags/example_sensors.py took 0.144 seconds
[2023-12-03T18:49:30.077+0000] {processor.py:157} INFO - Started process (PID=172) to work on /home/airflow/.local/lib/python3.8/site-packages/airflow/example_dags/example_sensors.py
[2023-12-03T18:49:30.079+0000] {processor.py:829} INFO - Processing file /home/airflow/.local/lib/python3.8/site-packages/airflow/example_dags/example_sensors.py for tasks to queue
[2023-12-03T18:49:30.086+0000] {logging_mixin.py:154} INFO - [2023-12-03T18:49:30.086+0000] {dagbag.py:536} INFO - Filling up the DagBag from /home/airflow/.local/lib/python3.8/site-packages/airflow/example_dags/example_sensors.py
[2023-12-03T18:49:30.101+0000] {processor.py:839} INFO - DAG(s) dict_keys(['example_sensors']) retrieved from /home/airflow/.local/lib/python3.8/site-packages/airflow/example_dags/example_sensors.py
[2023-12-03T18:49:30.146+0000] {logging_mixin.py:154} INFO - [2023-12-03T18:49:30.145+0000] {dag.py:2941} INFO - Sync 1 DAGs
[2023-12-03T18:49:30.175+0000] {logging_mixin.py:154} INFO - [2023-12-03T18:49:30.175+0000] {dag.py:3722} INFO - Setting next_dagrun for example_sensors to None, run_after=None
[2023-12-03T18:49:30.224+0000] {processor.py:179} INFO - Processing /home/airflow/.local/lib/python3.8/site-packages/airflow/example_dags/example_sensors.py took 0.157 seconds
