[2023-12-03T18:18:48.678+0000] {processor.py:157} INFO - Started process (PID=64) to work on /home/airflow/.local/lib/python3.8/site-packages/airflow/example_dags/example_task_group_decorator.py
[2023-12-03T18:18:48.680+0000] {processor.py:829} INFO - Processing file /home/airflow/.local/lib/python3.8/site-packages/airflow/example_dags/example_task_group_decorator.py for tasks to queue
[2023-12-03T18:18:48.684+0000] {logging_mixin.py:154} INFO - [2023-12-03T18:18:48.683+0000] {dagbag.py:536} INFO - Filling up the DagBag from /home/airflow/.local/lib/python3.8/site-packages/airflow/example_dags/example_task_group_decorator.py
[2023-12-03T18:18:48.717+0000] {processor.py:839} INFO - DAG(s) dict_keys(['example_task_group_decorator']) retrieved from /home/airflow/.local/lib/python3.8/site-packages/airflow/example_dags/example_task_group_decorator.py
[2023-12-03T18:18:48.764+0000] {logging_mixin.py:154} INFO - [2023-12-03T18:18:48.764+0000] {dag.py:2941} INFO - Sync 1 DAGs
[2023-12-03T18:18:48.815+0000] {logging_mixin.py:154} INFO - [2023-12-03T18:18:48.815+0000] {dag.py:3722} INFO - Setting next_dagrun for example_task_group_decorator to 2023-12-02T18:18:48.815084+00:00, run_after=2023-12-03T18:18:48.815084+00:00
[2023-12-03T18:18:48.851+0000] {processor.py:179} INFO - Processing /home/airflow/.local/lib/python3.8/site-packages/airflow/example_dags/example_task_group_decorator.py took 0.177 seconds
[2023-12-03T18:19:19.727+0000] {processor.py:157} INFO - Started process (PID=118) to work on /home/airflow/.local/lib/python3.8/site-packages/airflow/example_dags/example_task_group_decorator.py
[2023-12-03T18:19:19.729+0000] {processor.py:829} INFO - Processing file /home/airflow/.local/lib/python3.8/site-packages/airflow/example_dags/example_task_group_decorator.py for tasks to queue
[2023-12-03T18:19:19.733+0000] {logging_mixin.py:154} INFO - [2023-12-03T18:19:19.732+0000] {dagbag.py:536} INFO - Filling up the DagBag from /home/airflow/.local/lib/python3.8/site-packages/airflow/example_dags/example_task_group_decorator.py
[2023-12-03T18:19:19.762+0000] {processor.py:839} INFO - DAG(s) dict_keys(['example_task_group_decorator']) retrieved from /home/airflow/.local/lib/python3.8/site-packages/airflow/example_dags/example_task_group_decorator.py
[2023-12-03T18:19:19.815+0000] {logging_mixin.py:154} INFO - [2023-12-03T18:19:19.814+0000] {dag.py:2941} INFO - Sync 1 DAGs
[2023-12-03T18:19:19.862+0000] {logging_mixin.py:154} INFO - [2023-12-03T18:19:19.862+0000] {dag.py:3722} INFO - Setting next_dagrun for example_task_group_decorator to 2023-12-02T18:19:19.861529+00:00, run_after=2023-12-03T18:19:19.861529+00:00
[2023-12-03T18:19:19.914+0000] {processor.py:179} INFO - Processing /home/airflow/.local/lib/python3.8/site-packages/airflow/example_dags/example_task_group_decorator.py took 0.191 seconds
[2023-12-03T18:19:50.960+0000] {processor.py:157} INFO - Started process (PID=172) to work on /home/airflow/.local/lib/python3.8/site-packages/airflow/example_dags/example_task_group_decorator.py
[2023-12-03T18:19:50.961+0000] {processor.py:829} INFO - Processing file /home/airflow/.local/lib/python3.8/site-packages/airflow/example_dags/example_task_group_decorator.py for tasks to queue
[2023-12-03T18:19:50.966+0000] {logging_mixin.py:154} INFO - [2023-12-03T18:19:50.965+0000] {dagbag.py:536} INFO - Filling up the DagBag from /home/airflow/.local/lib/python3.8/site-packages/airflow/example_dags/example_task_group_decorator.py
[2023-12-03T18:19:50.997+0000] {processor.py:839} INFO - DAG(s) dict_keys(['example_task_group_decorator']) retrieved from /home/airflow/.local/lib/python3.8/site-packages/airflow/example_dags/example_task_group_decorator.py
[2023-12-03T18:19:51.019+0000] {logging_mixin.py:154} INFO - [2023-12-03T18:19:51.019+0000] {dag.py:2941} INFO - Sync 1 DAGs
[2023-12-03T18:19:51.060+0000] {logging_mixin.py:154} INFO - [2023-12-03T18:19:51.060+0000] {dag.py:3722} INFO - Setting next_dagrun for example_task_group_decorator to 2023-12-02T18:19:51.060191+00:00, run_after=2023-12-03T18:19:51.060191+00:00
[2023-12-03T18:19:51.103+0000] {processor.py:179} INFO - Processing /home/airflow/.local/lib/python3.8/site-packages/airflow/example_dags/example_task_group_decorator.py took 0.150 seconds
[2023-12-03T18:20:21.158+0000] {processor.py:157} INFO - Started process (PID=226) to work on /home/airflow/.local/lib/python3.8/site-packages/airflow/example_dags/example_task_group_decorator.py
[2023-12-03T18:20:21.160+0000] {processor.py:829} INFO - Processing file /home/airflow/.local/lib/python3.8/site-packages/airflow/example_dags/example_task_group_decorator.py for tasks to queue
[2023-12-03T18:20:21.165+0000] {logging_mixin.py:154} INFO - [2023-12-03T18:20:21.164+0000] {dagbag.py:536} INFO - Filling up the DagBag from /home/airflow/.local/lib/python3.8/site-packages/airflow/example_dags/example_task_group_decorator.py
[2023-12-03T18:20:21.189+0000] {processor.py:839} INFO - DAG(s) dict_keys(['example_task_group_decorator']) retrieved from /home/airflow/.local/lib/python3.8/site-packages/airflow/example_dags/example_task_group_decorator.py
[2023-12-03T18:20:21.231+0000] {logging_mixin.py:154} INFO - [2023-12-03T18:20:21.231+0000] {dag.py:2941} INFO - Sync 1 DAGs
[2023-12-03T18:20:21.266+0000] {logging_mixin.py:154} INFO - [2023-12-03T18:20:21.266+0000] {dag.py:3722} INFO - Setting next_dagrun for example_task_group_decorator to 2023-12-02T18:20:21.265701+00:00, run_after=2023-12-03T18:20:21.265701+00:00
[2023-12-03T18:20:21.292+0000] {processor.py:179} INFO - Processing /home/airflow/.local/lib/python3.8/site-packages/airflow/example_dags/example_task_group_decorator.py took 0.140 seconds
[2023-12-03T18:20:52.208+0000] {processor.py:157} INFO - Started process (PID=287) to work on /home/airflow/.local/lib/python3.8/site-packages/airflow/example_dags/example_task_group_decorator.py
[2023-12-03T18:20:52.209+0000] {processor.py:829} INFO - Processing file /home/airflow/.local/lib/python3.8/site-packages/airflow/example_dags/example_task_group_decorator.py for tasks to queue
[2023-12-03T18:20:52.216+0000] {logging_mixin.py:154} INFO - [2023-12-03T18:20:52.215+0000] {dagbag.py:536} INFO - Filling up the DagBag from /home/airflow/.local/lib/python3.8/site-packages/airflow/example_dags/example_task_group_decorator.py
[2023-12-03T18:20:52.243+0000] {processor.py:839} INFO - DAG(s) dict_keys(['example_task_group_decorator']) retrieved from /home/airflow/.local/lib/python3.8/site-packages/airflow/example_dags/example_task_group_decorator.py
[2023-12-03T18:20:52.284+0000] {logging_mixin.py:154} INFO - [2023-12-03T18:20:52.284+0000] {dag.py:2941} INFO - Sync 1 DAGs
[2023-12-03T18:20:52.331+0000] {logging_mixin.py:154} INFO - [2023-12-03T18:20:52.330+0000] {dag.py:3722} INFO - Setting next_dagrun for example_task_group_decorator to 2023-12-02T18:20:52.330283+00:00, run_after=2023-12-03T18:20:52.330283+00:00
[2023-12-03T18:20:52.378+0000] {processor.py:179} INFO - Processing /home/airflow/.local/lib/python3.8/site-packages/airflow/example_dags/example_task_group_decorator.py took 0.177 seconds
[2023-12-03T18:21:22.910+0000] {processor.py:157} INFO - Started process (PID=341) to work on /home/airflow/.local/lib/python3.8/site-packages/airflow/example_dags/example_task_group_decorator.py
[2023-12-03T18:21:22.912+0000] {processor.py:829} INFO - Processing file /home/airflow/.local/lib/python3.8/site-packages/airflow/example_dags/example_task_group_decorator.py for tasks to queue
[2023-12-03T18:21:22.916+0000] {logging_mixin.py:154} INFO - [2023-12-03T18:21:22.915+0000] {dagbag.py:536} INFO - Filling up the DagBag from /home/airflow/.local/lib/python3.8/site-packages/airflow/example_dags/example_task_group_decorator.py
[2023-12-03T18:21:22.942+0000] {processor.py:839} INFO - DAG(s) dict_keys(['example_task_group_decorator']) retrieved from /home/airflow/.local/lib/python3.8/site-packages/airflow/example_dags/example_task_group_decorator.py
[2023-12-03T18:21:22.963+0000] {logging_mixin.py:154} INFO - [2023-12-03T18:21:22.962+0000] {dag.py:2941} INFO - Sync 1 DAGs
[2023-12-03T18:21:22.999+0000] {logging_mixin.py:154} INFO - [2023-12-03T18:21:22.999+0000] {dag.py:3722} INFO - Setting next_dagrun for example_task_group_decorator to 2023-12-02T18:21:22.999184+00:00, run_after=2023-12-03T18:21:22.999184+00:00
[2023-12-03T18:21:23.033+0000] {processor.py:179} INFO - Processing /home/airflow/.local/lib/python3.8/site-packages/airflow/example_dags/example_task_group_decorator.py took 0.128 seconds
[2023-12-03T18:21:53.623+0000] {processor.py:157} INFO - Started process (PID=395) to work on /home/airflow/.local/lib/python3.8/site-packages/airflow/example_dags/example_task_group_decorator.py
[2023-12-03T18:21:53.625+0000] {processor.py:829} INFO - Processing file /home/airflow/.local/lib/python3.8/site-packages/airflow/example_dags/example_task_group_decorator.py for tasks to queue
[2023-12-03T18:21:53.628+0000] {logging_mixin.py:154} INFO - [2023-12-03T18:21:53.627+0000] {dagbag.py:536} INFO - Filling up the DagBag from /home/airflow/.local/lib/python3.8/site-packages/airflow/example_dags/example_task_group_decorator.py
[2023-12-03T18:21:53.647+0000] {processor.py:839} INFO - DAG(s) dict_keys(['example_task_group_decorator']) retrieved from /home/airflow/.local/lib/python3.8/site-packages/airflow/example_dags/example_task_group_decorator.py
[2023-12-03T18:21:53.687+0000] {logging_mixin.py:154} INFO - [2023-12-03T18:21:53.687+0000] {dag.py:2941} INFO - Sync 1 DAGs
[2023-12-03T18:21:53.721+0000] {logging_mixin.py:154} INFO - [2023-12-03T18:21:53.721+0000] {dag.py:3722} INFO - Setting next_dagrun for example_task_group_decorator to 2023-12-02T18:21:53.721290+00:00, run_after=2023-12-03T18:21:53.721290+00:00
[2023-12-03T18:21:53.749+0000] {processor.py:179} INFO - Processing /home/airflow/.local/lib/python3.8/site-packages/airflow/example_dags/example_task_group_decorator.py took 0.130 seconds
[2023-12-03T18:22:25.360+0000] {processor.py:157} INFO - Started process (PID=449) to work on /home/airflow/.local/lib/python3.8/site-packages/airflow/example_dags/example_task_group_decorator.py
[2023-12-03T18:22:25.362+0000] {processor.py:829} INFO - Processing file /home/airflow/.local/lib/python3.8/site-packages/airflow/example_dags/example_task_group_decorator.py for tasks to queue
[2023-12-03T18:22:25.369+0000] {logging_mixin.py:154} INFO - [2023-12-03T18:22:25.368+0000] {dagbag.py:536} INFO - Filling up the DagBag from /home/airflow/.local/lib/python3.8/site-packages/airflow/example_dags/example_task_group_decorator.py
[2023-12-03T18:22:25.418+0000] {processor.py:839} INFO - DAG(s) dict_keys(['example_task_group_decorator']) retrieved from /home/airflow/.local/lib/python3.8/site-packages/airflow/example_dags/example_task_group_decorator.py
[2023-12-03T18:22:25.470+0000] {logging_mixin.py:154} INFO - [2023-12-03T18:22:25.470+0000] {dag.py:2941} INFO - Sync 1 DAGs
[2023-12-03T18:22:25.515+0000] {logging_mixin.py:154} INFO - [2023-12-03T18:22:25.515+0000] {dag.py:3722} INFO - Setting next_dagrun for example_task_group_decorator to 2023-12-02T18:22:25.514557+00:00, run_after=2023-12-03T18:22:25.514557+00:00
[2023-12-03T18:22:25.565+0000] {processor.py:179} INFO - Processing /home/airflow/.local/lib/python3.8/site-packages/airflow/example_dags/example_task_group_decorator.py took 0.217 seconds
[2023-12-03T18:23:58.795+0000] {processor.py:157} INFO - Started process (PID=64) to work on /home/airflow/.local/lib/python3.8/site-packages/airflow/example_dags/example_task_group_decorator.py
[2023-12-03T18:23:58.797+0000] {processor.py:829} INFO - Processing file /home/airflow/.local/lib/python3.8/site-packages/airflow/example_dags/example_task_group_decorator.py for tasks to queue
[2023-12-03T18:23:58.802+0000] {logging_mixin.py:154} INFO - [2023-12-03T18:23:58.801+0000] {dagbag.py:536} INFO - Filling up the DagBag from /home/airflow/.local/lib/python3.8/site-packages/airflow/example_dags/example_task_group_decorator.py
[2023-12-03T18:23:58.846+0000] {processor.py:839} INFO - DAG(s) dict_keys(['example_task_group_decorator']) retrieved from /home/airflow/.local/lib/python3.8/site-packages/airflow/example_dags/example_task_group_decorator.py
[2023-12-03T18:23:58.904+0000] {logging_mixin.py:154} INFO - [2023-12-03T18:23:58.904+0000] {dag.py:2941} INFO - Sync 1 DAGs
[2023-12-03T18:23:58.955+0000] {logging_mixin.py:154} INFO - [2023-12-03T18:23:58.955+0000] {dag.py:3722} INFO - Setting next_dagrun for example_task_group_decorator to 2023-12-02T18:23:58.954573+00:00, run_after=2023-12-03T18:23:58.954573+00:00
[2023-12-03T18:23:59.002+0000] {processor.py:179} INFO - Processing /home/airflow/.local/lib/python3.8/site-packages/airflow/example_dags/example_task_group_decorator.py took 0.213 seconds
[2023-12-03T18:24:29.674+0000] {processor.py:157} INFO - Started process (PID=118) to work on /home/airflow/.local/lib/python3.8/site-packages/airflow/example_dags/example_task_group_decorator.py
[2023-12-03T18:24:29.675+0000] {processor.py:829} INFO - Processing file /home/airflow/.local/lib/python3.8/site-packages/airflow/example_dags/example_task_group_decorator.py for tasks to queue
[2023-12-03T18:24:29.679+0000] {logging_mixin.py:154} INFO - [2023-12-03T18:24:29.678+0000] {dagbag.py:536} INFO - Filling up the DagBag from /home/airflow/.local/lib/python3.8/site-packages/airflow/example_dags/example_task_group_decorator.py
[2023-12-03T18:24:29.701+0000] {processor.py:839} INFO - DAG(s) dict_keys(['example_task_group_decorator']) retrieved from /home/airflow/.local/lib/python3.8/site-packages/airflow/example_dags/example_task_group_decorator.py
[2023-12-03T18:24:29.741+0000] {logging_mixin.py:154} INFO - [2023-12-03T18:24:29.740+0000] {dag.py:2941} INFO - Sync 1 DAGs
[2023-12-03T18:24:29.777+0000] {logging_mixin.py:154} INFO - [2023-12-03T18:24:29.777+0000] {dag.py:3722} INFO - Setting next_dagrun for example_task_group_decorator to 2023-12-02T18:24:29.777157+00:00, run_after=2023-12-03T18:24:29.777157+00:00
[2023-12-03T18:24:29.816+0000] {processor.py:179} INFO - Processing /home/airflow/.local/lib/python3.8/site-packages/airflow/example_dags/example_task_group_decorator.py took 0.147 seconds
[2023-12-03T18:25:00.817+0000] {processor.py:157} INFO - Started process (PID=172) to work on /home/airflow/.local/lib/python3.8/site-packages/airflow/example_dags/example_task_group_decorator.py
[2023-12-03T18:25:00.818+0000] {processor.py:829} INFO - Processing file /home/airflow/.local/lib/python3.8/site-packages/airflow/example_dags/example_task_group_decorator.py for tasks to queue
[2023-12-03T18:25:00.822+0000] {logging_mixin.py:154} INFO - [2023-12-03T18:25:00.822+0000] {dagbag.py:536} INFO - Filling up the DagBag from /home/airflow/.local/lib/python3.8/site-packages/airflow/example_dags/example_task_group_decorator.py
[2023-12-03T18:25:00.846+0000] {processor.py:839} INFO - DAG(s) dict_keys(['example_task_group_decorator']) retrieved from /home/airflow/.local/lib/python3.8/site-packages/airflow/example_dags/example_task_group_decorator.py
[2023-12-03T18:25:00.904+0000] {logging_mixin.py:154} INFO - [2023-12-03T18:25:00.903+0000] {dag.py:2941} INFO - Sync 1 DAGs
[2023-12-03T18:25:00.938+0000] {logging_mixin.py:154} INFO - [2023-12-03T18:25:00.938+0000] {dag.py:3722} INFO - Setting next_dagrun for example_task_group_decorator to 2023-12-02T18:25:00.937663+00:00, run_after=2023-12-03T18:25:00.937663+00:00
[2023-12-03T18:25:00.969+0000] {processor.py:179} INFO - Processing /home/airflow/.local/lib/python3.8/site-packages/airflow/example_dags/example_task_group_decorator.py took 0.156 seconds
[2023-12-03T18:25:31.207+0000] {processor.py:157} INFO - Started process (PID=226) to work on /home/airflow/.local/lib/python3.8/site-packages/airflow/example_dags/example_task_group_decorator.py
[2023-12-03T18:25:31.208+0000] {processor.py:829} INFO - Processing file /home/airflow/.local/lib/python3.8/site-packages/airflow/example_dags/example_task_group_decorator.py for tasks to queue
[2023-12-03T18:25:31.211+0000] {logging_mixin.py:154} INFO - [2023-12-03T18:25:31.211+0000] {dagbag.py:536} INFO - Filling up the DagBag from /home/airflow/.local/lib/python3.8/site-packages/airflow/example_dags/example_task_group_decorator.py
[2023-12-03T18:25:31.228+0000] {processor.py:839} INFO - DAG(s) dict_keys(['example_task_group_decorator']) retrieved from /home/airflow/.local/lib/python3.8/site-packages/airflow/example_dags/example_task_group_decorator.py
[2023-12-03T18:25:31.275+0000] {logging_mixin.py:154} INFO - [2023-12-03T18:25:31.274+0000] {dag.py:2941} INFO - Sync 1 DAGs
[2023-12-03T18:25:31.324+0000] {logging_mixin.py:154} INFO - [2023-12-03T18:25:31.324+0000] {dag.py:3722} INFO - Setting next_dagrun for example_task_group_decorator to 2023-12-02T18:25:31.323528+00:00, run_after=2023-12-03T18:25:31.323528+00:00
[2023-12-03T18:25:31.374+0000] {processor.py:179} INFO - Processing /home/airflow/.local/lib/python3.8/site-packages/airflow/example_dags/example_task_group_decorator.py took 0.171 seconds
[2023-12-03T18:26:01.868+0000] {processor.py:157} INFO - Started process (PID=280) to work on /home/airflow/.local/lib/python3.8/site-packages/airflow/example_dags/example_task_group_decorator.py
[2023-12-03T18:26:01.870+0000] {processor.py:829} INFO - Processing file /home/airflow/.local/lib/python3.8/site-packages/airflow/example_dags/example_task_group_decorator.py for tasks to queue
[2023-12-03T18:26:01.873+0000] {logging_mixin.py:154} INFO - [2023-12-03T18:26:01.873+0000] {dagbag.py:536} INFO - Filling up the DagBag from /home/airflow/.local/lib/python3.8/site-packages/airflow/example_dags/example_task_group_decorator.py
[2023-12-03T18:26:01.922+0000] {processor.py:839} INFO - DAG(s) dict_keys(['example_task_group_decorator']) retrieved from /home/airflow/.local/lib/python3.8/site-packages/airflow/example_dags/example_task_group_decorator.py
[2023-12-03T18:26:01.968+0000] {logging_mixin.py:154} INFO - [2023-12-03T18:26:01.967+0000] {dag.py:2941} INFO - Sync 1 DAGs
[2023-12-03T18:26:02.006+0000] {logging_mixin.py:154} INFO - [2023-12-03T18:26:02.006+0000] {dag.py:3722} INFO - Setting next_dagrun for example_task_group_decorator to 2023-12-02T18:26:02.005656+00:00, run_after=2023-12-03T18:26:02.005656+00:00
[2023-12-03T18:26:02.041+0000] {processor.py:179} INFO - Processing /home/airflow/.local/lib/python3.8/site-packages/airflow/example_dags/example_task_group_decorator.py took 0.178 seconds
[2023-12-03T18:26:32.084+0000] {processor.py:157} INFO - Started process (PID=334) to work on /home/airflow/.local/lib/python3.8/site-packages/airflow/example_dags/example_task_group_decorator.py
[2023-12-03T18:26:32.085+0000] {processor.py:829} INFO - Processing file /home/airflow/.local/lib/python3.8/site-packages/airflow/example_dags/example_task_group_decorator.py for tasks to queue
[2023-12-03T18:26:32.089+0000] {logging_mixin.py:154} INFO - [2023-12-03T18:26:32.088+0000] {dagbag.py:536} INFO - Filling up the DagBag from /home/airflow/.local/lib/python3.8/site-packages/airflow/example_dags/example_task_group_decorator.py
[2023-12-03T18:26:32.110+0000] {processor.py:839} INFO - DAG(s) dict_keys(['example_task_group_decorator']) retrieved from /home/airflow/.local/lib/python3.8/site-packages/airflow/example_dags/example_task_group_decorator.py
[2023-12-03T18:26:32.150+0000] {logging_mixin.py:154} INFO - [2023-12-03T18:26:32.150+0000] {dag.py:2941} INFO - Sync 1 DAGs
[2023-12-03T18:26:32.186+0000] {logging_mixin.py:154} INFO - [2023-12-03T18:26:32.185+0000] {dag.py:3722} INFO - Setting next_dagrun for example_task_group_decorator to 2023-12-02T18:26:32.185610+00:00, run_after=2023-12-03T18:26:32.185610+00:00
[2023-12-03T18:26:32.222+0000] {processor.py:179} INFO - Processing /home/airflow/.local/lib/python3.8/site-packages/airflow/example_dags/example_task_group_decorator.py took 0.143 seconds
[2023-12-03T18:27:02.877+0000] {processor.py:157} INFO - Started process (PID=388) to work on /home/airflow/.local/lib/python3.8/site-packages/airflow/example_dags/example_task_group_decorator.py
[2023-12-03T18:27:02.879+0000] {processor.py:829} INFO - Processing file /home/airflow/.local/lib/python3.8/site-packages/airflow/example_dags/example_task_group_decorator.py for tasks to queue
[2023-12-03T18:27:02.883+0000] {logging_mixin.py:154} INFO - [2023-12-03T18:27:02.882+0000] {dagbag.py:536} INFO - Filling up the DagBag from /home/airflow/.local/lib/python3.8/site-packages/airflow/example_dags/example_task_group_decorator.py
[2023-12-03T18:27:02.908+0000] {processor.py:839} INFO - DAG(s) dict_keys(['example_task_group_decorator']) retrieved from /home/airflow/.local/lib/python3.8/site-packages/airflow/example_dags/example_task_group_decorator.py
[2023-12-03T18:27:02.950+0000] {logging_mixin.py:154} INFO - [2023-12-03T18:27:02.950+0000] {dag.py:2941} INFO - Sync 1 DAGs
[2023-12-03T18:27:02.991+0000] {logging_mixin.py:154} INFO - [2023-12-03T18:27:02.991+0000] {dag.py:3722} INFO - Setting next_dagrun for example_task_group_decorator to 2023-12-02T18:27:02.991014+00:00, run_after=2023-12-03T18:27:02.991014+00:00
[2023-12-03T18:27:03.037+0000] {processor.py:179} INFO - Processing /home/airflow/.local/lib/python3.8/site-packages/airflow/example_dags/example_task_group_decorator.py took 0.165 seconds
[2023-12-03T18:27:33.322+0000] {processor.py:157} INFO - Started process (PID=442) to work on /home/airflow/.local/lib/python3.8/site-packages/airflow/example_dags/example_task_group_decorator.py
[2023-12-03T18:27:33.324+0000] {processor.py:829} INFO - Processing file /home/airflow/.local/lib/python3.8/site-packages/airflow/example_dags/example_task_group_decorator.py for tasks to queue
[2023-12-03T18:27:33.327+0000] {logging_mixin.py:154} INFO - [2023-12-03T18:27:33.326+0000] {dagbag.py:536} INFO - Filling up the DagBag from /home/airflow/.local/lib/python3.8/site-packages/airflow/example_dags/example_task_group_decorator.py
[2023-12-03T18:27:33.354+0000] {processor.py:839} INFO - DAG(s) dict_keys(['example_task_group_decorator']) retrieved from /home/airflow/.local/lib/python3.8/site-packages/airflow/example_dags/example_task_group_decorator.py
[2023-12-03T18:27:33.397+0000] {logging_mixin.py:154} INFO - [2023-12-03T18:27:33.397+0000] {dag.py:2941} INFO - Sync 1 DAGs
[2023-12-03T18:27:33.439+0000] {logging_mixin.py:154} INFO - [2023-12-03T18:27:33.439+0000] {dag.py:3722} INFO - Setting next_dagrun for example_task_group_decorator to 2023-12-02T18:27:33.439164+00:00, run_after=2023-12-03T18:27:33.439164+00:00
[2023-12-03T18:27:33.472+0000] {processor.py:179} INFO - Processing /home/airflow/.local/lib/python3.8/site-packages/airflow/example_dags/example_task_group_decorator.py took 0.155 seconds
[2023-12-03T18:28:03.616+0000] {processor.py:157} INFO - Started process (PID=496) to work on /home/airflow/.local/lib/python3.8/site-packages/airflow/example_dags/example_task_group_decorator.py
[2023-12-03T18:28:03.617+0000] {processor.py:829} INFO - Processing file /home/airflow/.local/lib/python3.8/site-packages/airflow/example_dags/example_task_group_decorator.py for tasks to queue
[2023-12-03T18:28:03.622+0000] {logging_mixin.py:154} INFO - [2023-12-03T18:28:03.621+0000] {dagbag.py:536} INFO - Filling up the DagBag from /home/airflow/.local/lib/python3.8/site-packages/airflow/example_dags/example_task_group_decorator.py
[2023-12-03T18:28:03.651+0000] {processor.py:839} INFO - DAG(s) dict_keys(['example_task_group_decorator']) retrieved from /home/airflow/.local/lib/python3.8/site-packages/airflow/example_dags/example_task_group_decorator.py
[2023-12-03T18:28:03.692+0000] {logging_mixin.py:154} INFO - [2023-12-03T18:28:03.692+0000] {dag.py:2941} INFO - Sync 1 DAGs
[2023-12-03T18:28:03.754+0000] {logging_mixin.py:154} INFO - [2023-12-03T18:28:03.753+0000] {dag.py:3722} INFO - Setting next_dagrun for example_task_group_decorator to 2023-12-02T18:28:03.753032+00:00, run_after=2023-12-03T18:28:03.753032+00:00
[2023-12-03T18:28:03.791+0000] {processor.py:179} INFO - Processing /home/airflow/.local/lib/python3.8/site-packages/airflow/example_dags/example_task_group_decorator.py took 0.180 seconds
[2023-12-03T18:28:34.542+0000] {processor.py:157} INFO - Started process (PID=550) to work on /home/airflow/.local/lib/python3.8/site-packages/airflow/example_dags/example_task_group_decorator.py
[2023-12-03T18:28:34.548+0000] {processor.py:829} INFO - Processing file /home/airflow/.local/lib/python3.8/site-packages/airflow/example_dags/example_task_group_decorator.py for tasks to queue
[2023-12-03T18:28:34.553+0000] {logging_mixin.py:154} INFO - [2023-12-03T18:28:34.553+0000] {dagbag.py:536} INFO - Filling up the DagBag from /home/airflow/.local/lib/python3.8/site-packages/airflow/example_dags/example_task_group_decorator.py
[2023-12-03T18:28:34.627+0000] {processor.py:839} INFO - DAG(s) dict_keys(['example_task_group_decorator']) retrieved from /home/airflow/.local/lib/python3.8/site-packages/airflow/example_dags/example_task_group_decorator.py
[2023-12-03T18:28:34.710+0000] {logging_mixin.py:154} INFO - [2023-12-03T18:28:34.709+0000] {dag.py:2941} INFO - Sync 1 DAGs
[2023-12-03T18:28:34.779+0000] {logging_mixin.py:154} INFO - [2023-12-03T18:28:34.778+0000] {dag.py:3722} INFO - Setting next_dagrun for example_task_group_decorator to 2023-12-02T18:28:34.778303+00:00, run_after=2023-12-03T18:28:34.778303+00:00
[2023-12-03T18:28:34.830+0000] {processor.py:179} INFO - Processing /home/airflow/.local/lib/python3.8/site-packages/airflow/example_dags/example_task_group_decorator.py took 0.299 seconds
[2023-12-03T18:29:51.173+0000] {processor.py:157} INFO - Started process (PID=65) to work on /home/airflow/.local/lib/python3.8/site-packages/airflow/example_dags/example_task_group_decorator.py
[2023-12-03T18:29:51.174+0000] {processor.py:829} INFO - Processing file /home/airflow/.local/lib/python3.8/site-packages/airflow/example_dags/example_task_group_decorator.py for tasks to queue
[2023-12-03T18:29:51.178+0000] {logging_mixin.py:154} INFO - [2023-12-03T18:29:51.178+0000] {dagbag.py:536} INFO - Filling up the DagBag from /home/airflow/.local/lib/python3.8/site-packages/airflow/example_dags/example_task_group_decorator.py
[2023-12-03T18:29:51.199+0000] {processor.py:839} INFO - DAG(s) dict_keys(['example_task_group_decorator']) retrieved from /home/airflow/.local/lib/python3.8/site-packages/airflow/example_dags/example_task_group_decorator.py
[2023-12-03T18:29:51.238+0000] {logging_mixin.py:154} INFO - [2023-12-03T18:29:51.238+0000] {dag.py:2941} INFO - Sync 1 DAGs
[2023-12-03T18:29:51.278+0000] {logging_mixin.py:154} INFO - [2023-12-03T18:29:51.278+0000] {dag.py:3722} INFO - Setting next_dagrun for example_task_group_decorator to 2023-12-02T18:29:51.277793+00:00, run_after=2023-12-03T18:29:51.277793+00:00
[2023-12-03T18:29:51.314+0000] {processor.py:179} INFO - Processing /home/airflow/.local/lib/python3.8/site-packages/airflow/example_dags/example_task_group_decorator.py took 0.147 seconds
[2023-12-03T18:30:22.423+0000] {processor.py:157} INFO - Started process (PID=120) to work on /home/airflow/.local/lib/python3.8/site-packages/airflow/example_dags/example_task_group_decorator.py
[2023-12-03T18:30:22.424+0000] {processor.py:829} INFO - Processing file /home/airflow/.local/lib/python3.8/site-packages/airflow/example_dags/example_task_group_decorator.py for tasks to queue
[2023-12-03T18:30:22.428+0000] {logging_mixin.py:154} INFO - [2023-12-03T18:30:22.427+0000] {dagbag.py:536} INFO - Filling up the DagBag from /home/airflow/.local/lib/python3.8/site-packages/airflow/example_dags/example_task_group_decorator.py
[2023-12-03T18:30:22.448+0000] {processor.py:839} INFO - DAG(s) dict_keys(['example_task_group_decorator']) retrieved from /home/airflow/.local/lib/python3.8/site-packages/airflow/example_dags/example_task_group_decorator.py
[2023-12-03T18:30:22.524+0000] {logging_mixin.py:154} INFO - [2023-12-03T18:30:22.523+0000] {dag.py:2941} INFO - Sync 1 DAGs
[2023-12-03T18:30:22.561+0000] {logging_mixin.py:154} INFO - [2023-12-03T18:30:22.560+0000] {dag.py:3722} INFO - Setting next_dagrun for example_task_group_decorator to 2023-12-02T18:30:22.560428+00:00, run_after=2023-12-03T18:30:22.560428+00:00
[2023-12-03T18:30:22.595+0000] {processor.py:179} INFO - Processing /home/airflow/.local/lib/python3.8/site-packages/airflow/example_dags/example_task_group_decorator.py took 0.177 seconds
[2023-12-03T18:30:53.901+0000] {processor.py:157} INFO - Started process (PID=175) to work on /home/airflow/.local/lib/python3.8/site-packages/airflow/example_dags/example_task_group_decorator.py
[2023-12-03T18:30:53.904+0000] {processor.py:829} INFO - Processing file /home/airflow/.local/lib/python3.8/site-packages/airflow/example_dags/example_task_group_decorator.py for tasks to queue
[2023-12-03T18:30:53.911+0000] {logging_mixin.py:154} INFO - [2023-12-03T18:30:53.910+0000] {dagbag.py:536} INFO - Filling up the DagBag from /home/airflow/.local/lib/python3.8/site-packages/airflow/example_dags/example_task_group_decorator.py
[2023-12-03T18:30:53.951+0000] {processor.py:839} INFO - DAG(s) dict_keys(['example_task_group_decorator']) retrieved from /home/airflow/.local/lib/python3.8/site-packages/airflow/example_dags/example_task_group_decorator.py
[2023-12-03T18:30:54.008+0000] {logging_mixin.py:154} INFO - [2023-12-03T18:30:54.008+0000] {dag.py:2941} INFO - Sync 1 DAGs
[2023-12-03T18:30:54.059+0000] {logging_mixin.py:154} INFO - [2023-12-03T18:30:54.059+0000] {dag.py:3722} INFO - Setting next_dagrun for example_task_group_decorator to 2023-12-02T18:30:54.058883+00:00, run_after=2023-12-03T18:30:54.058883+00:00
[2023-12-03T18:30:54.092+0000] {processor.py:179} INFO - Processing /home/airflow/.local/lib/python3.8/site-packages/airflow/example_dags/example_task_group_decorator.py took 0.196 seconds
[2023-12-03T18:31:24.947+0000] {processor.py:157} INFO - Started process (PID=238) to work on /home/airflow/.local/lib/python3.8/site-packages/airflow/example_dags/example_task_group_decorator.py
[2023-12-03T18:31:24.948+0000] {processor.py:829} INFO - Processing file /home/airflow/.local/lib/python3.8/site-packages/airflow/example_dags/example_task_group_decorator.py for tasks to queue
[2023-12-03T18:31:24.953+0000] {logging_mixin.py:154} INFO - [2023-12-03T18:31:24.952+0000] {dagbag.py:536} INFO - Filling up the DagBag from /home/airflow/.local/lib/python3.8/site-packages/airflow/example_dags/example_task_group_decorator.py
[2023-12-03T18:31:24.990+0000] {processor.py:839} INFO - DAG(s) dict_keys(['example_task_group_decorator']) retrieved from /home/airflow/.local/lib/python3.8/site-packages/airflow/example_dags/example_task_group_decorator.py
[2023-12-03T18:31:25.039+0000] {logging_mixin.py:154} INFO - [2023-12-03T18:31:25.039+0000] {dag.py:2941} INFO - Sync 1 DAGs
[2023-12-03T18:31:25.321+0000] {logging_mixin.py:154} INFO - [2023-12-03T18:31:25.320+0000] {dag.py:3722} INFO - Setting next_dagrun for example_task_group_decorator to 2023-12-02T18:31:25.320463+00:00, run_after=2023-12-03T18:31:25.320463+00:00
[2023-12-03T18:31:25.360+0000] {processor.py:179} INFO - Processing /home/airflow/.local/lib/python3.8/site-packages/airflow/example_dags/example_task_group_decorator.py took 0.419 seconds
[2023-12-03T18:31:56.356+0000] {processor.py:157} INFO - Started process (PID=300) to work on /home/airflow/.local/lib/python3.8/site-packages/airflow/example_dags/example_task_group_decorator.py
[2023-12-03T18:31:56.357+0000] {processor.py:829} INFO - Processing file /home/airflow/.local/lib/python3.8/site-packages/airflow/example_dags/example_task_group_decorator.py for tasks to queue
[2023-12-03T18:31:56.361+0000] {logging_mixin.py:154} INFO - [2023-12-03T18:31:56.360+0000] {dagbag.py:536} INFO - Filling up the DagBag from /home/airflow/.local/lib/python3.8/site-packages/airflow/example_dags/example_task_group_decorator.py
[2023-12-03T18:31:56.386+0000] {processor.py:839} INFO - DAG(s) dict_keys(['example_task_group_decorator']) retrieved from /home/airflow/.local/lib/python3.8/site-packages/airflow/example_dags/example_task_group_decorator.py
[2023-12-03T18:31:56.424+0000] {logging_mixin.py:154} INFO - [2023-12-03T18:31:56.423+0000] {dag.py:2941} INFO - Sync 1 DAGs
[2023-12-03T18:31:56.648+0000] {logging_mixin.py:154} INFO - [2023-12-03T18:31:56.647+0000] {dag.py:3722} INFO - Setting next_dagrun for example_task_group_decorator to 2023-12-02T18:31:56.647617+00:00, run_after=2023-12-03T18:31:56.647617+00:00
[2023-12-03T18:31:56.682+0000] {processor.py:179} INFO - Processing /home/airflow/.local/lib/python3.8/site-packages/airflow/example_dags/example_task_group_decorator.py took 0.332 seconds
[2023-12-03T18:32:27.115+0000] {processor.py:157} INFO - Started process (PID=355) to work on /home/airflow/.local/lib/python3.8/site-packages/airflow/example_dags/example_task_group_decorator.py
[2023-12-03T18:32:27.117+0000] {processor.py:829} INFO - Processing file /home/airflow/.local/lib/python3.8/site-packages/airflow/example_dags/example_task_group_decorator.py for tasks to queue
[2023-12-03T18:32:27.123+0000] {logging_mixin.py:154} INFO - [2023-12-03T18:32:27.122+0000] {dagbag.py:536} INFO - Filling up the DagBag from /home/airflow/.local/lib/python3.8/site-packages/airflow/example_dags/example_task_group_decorator.py
[2023-12-03T18:32:27.156+0000] {processor.py:839} INFO - DAG(s) dict_keys(['example_task_group_decorator']) retrieved from /home/airflow/.local/lib/python3.8/site-packages/airflow/example_dags/example_task_group_decorator.py
[2023-12-03T18:32:27.207+0000] {logging_mixin.py:154} INFO - [2023-12-03T18:32:27.206+0000] {dag.py:2941} INFO - Sync 1 DAGs
[2023-12-03T18:32:27.441+0000] {logging_mixin.py:154} INFO - [2023-12-03T18:32:27.440+0000] {dag.py:3722} INFO - Setting next_dagrun for example_task_group_decorator to 2023-12-02T18:32:27.440138+00:00, run_after=2023-12-03T18:32:27.440138+00:00
[2023-12-03T18:32:27.475+0000] {processor.py:179} INFO - Processing /home/airflow/.local/lib/python3.8/site-packages/airflow/example_dags/example_task_group_decorator.py took 0.366 seconds
[2023-12-03T18:32:57.903+0000] {processor.py:157} INFO - Started process (PID=410) to work on /home/airflow/.local/lib/python3.8/site-packages/airflow/example_dags/example_task_group_decorator.py
[2023-12-03T18:32:57.905+0000] {processor.py:829} INFO - Processing file /home/airflow/.local/lib/python3.8/site-packages/airflow/example_dags/example_task_group_decorator.py for tasks to queue
[2023-12-03T18:32:57.912+0000] {logging_mixin.py:154} INFO - [2023-12-03T18:32:57.911+0000] {dagbag.py:536} INFO - Filling up the DagBag from /home/airflow/.local/lib/python3.8/site-packages/airflow/example_dags/example_task_group_decorator.py
[2023-12-03T18:32:57.936+0000] {processor.py:839} INFO - DAG(s) dict_keys(['example_task_group_decorator']) retrieved from /home/airflow/.local/lib/python3.8/site-packages/airflow/example_dags/example_task_group_decorator.py
[2023-12-03T18:32:57.974+0000] {logging_mixin.py:154} INFO - [2023-12-03T18:32:57.974+0000] {dag.py:2941} INFO - Sync 1 DAGs
[2023-12-03T18:32:58.008+0000] {logging_mixin.py:154} INFO - [2023-12-03T18:32:58.008+0000] {dag.py:3722} INFO - Setting next_dagrun for example_task_group_decorator to 2023-12-02T18:32:58.008083+00:00, run_after=2023-12-03T18:32:58.008083+00:00
[2023-12-03T18:32:58.045+0000] {processor.py:179} INFO - Processing /home/airflow/.local/lib/python3.8/site-packages/airflow/example_dags/example_task_group_decorator.py took 0.150 seconds
[2023-12-03T18:33:28.730+0000] {processor.py:157} INFO - Started process (PID=465) to work on /home/airflow/.local/lib/python3.8/site-packages/airflow/example_dags/example_task_group_decorator.py
[2023-12-03T18:33:28.731+0000] {processor.py:829} INFO - Processing file /home/airflow/.local/lib/python3.8/site-packages/airflow/example_dags/example_task_group_decorator.py for tasks to queue
[2023-12-03T18:33:28.735+0000] {logging_mixin.py:154} INFO - [2023-12-03T18:33:28.734+0000] {dagbag.py:536} INFO - Filling up the DagBag from /home/airflow/.local/lib/python3.8/site-packages/airflow/example_dags/example_task_group_decorator.py
[2023-12-03T18:33:28.764+0000] {processor.py:839} INFO - DAG(s) dict_keys(['example_task_group_decorator']) retrieved from /home/airflow/.local/lib/python3.8/site-packages/airflow/example_dags/example_task_group_decorator.py
[2023-12-03T18:33:28.812+0000] {logging_mixin.py:154} INFO - [2023-12-03T18:33:28.811+0000] {dag.py:2941} INFO - Sync 1 DAGs
[2023-12-03T18:33:29.015+0000] {logging_mixin.py:154} INFO - [2023-12-03T18:33:29.015+0000] {dag.py:3722} INFO - Setting next_dagrun for example_task_group_decorator to 2023-12-02T18:33:29.015087+00:00, run_after=2023-12-03T18:33:29.015087+00:00
[2023-12-03T18:33:29.042+0000] {processor.py:179} INFO - Processing /home/airflow/.local/lib/python3.8/site-packages/airflow/example_dags/example_task_group_decorator.py took 0.319 seconds
[2023-12-03T18:33:59.086+0000] {processor.py:157} INFO - Started process (PID=520) to work on /home/airflow/.local/lib/python3.8/site-packages/airflow/example_dags/example_task_group_decorator.py
[2023-12-03T18:33:59.088+0000] {processor.py:829} INFO - Processing file /home/airflow/.local/lib/python3.8/site-packages/airflow/example_dags/example_task_group_decorator.py for tasks to queue
[2023-12-03T18:33:59.091+0000] {logging_mixin.py:154} INFO - [2023-12-03T18:33:59.091+0000] {dagbag.py:536} INFO - Filling up the DagBag from /home/airflow/.local/lib/python3.8/site-packages/airflow/example_dags/example_task_group_decorator.py
[2023-12-03T18:33:59.110+0000] {processor.py:839} INFO - DAG(s) dict_keys(['example_task_group_decorator']) retrieved from /home/airflow/.local/lib/python3.8/site-packages/airflow/example_dags/example_task_group_decorator.py
[2023-12-03T18:33:59.146+0000] {logging_mixin.py:154} INFO - [2023-12-03T18:33:59.146+0000] {dag.py:2941} INFO - Sync 1 DAGs
[2023-12-03T18:33:59.320+0000] {logging_mixin.py:154} INFO - [2023-12-03T18:33:59.320+0000] {dag.py:3722} INFO - Setting next_dagrun for example_task_group_decorator to 2023-12-02T18:33:59.319908+00:00, run_after=2023-12-03T18:33:59.319908+00:00
[2023-12-03T18:33:59.361+0000] {processor.py:179} INFO - Processing /home/airflow/.local/lib/python3.8/site-packages/airflow/example_dags/example_task_group_decorator.py took 0.288 seconds
[2023-12-03T18:34:30.182+0000] {processor.py:157} INFO - Started process (PID=575) to work on /home/airflow/.local/lib/python3.8/site-packages/airflow/example_dags/example_task_group_decorator.py
[2023-12-03T18:34:30.183+0000] {processor.py:829} INFO - Processing file /home/airflow/.local/lib/python3.8/site-packages/airflow/example_dags/example_task_group_decorator.py for tasks to queue
[2023-12-03T18:34:30.187+0000] {logging_mixin.py:154} INFO - [2023-12-03T18:34:30.186+0000] {dagbag.py:536} INFO - Filling up the DagBag from /home/airflow/.local/lib/python3.8/site-packages/airflow/example_dags/example_task_group_decorator.py
[2023-12-03T18:34:30.207+0000] {processor.py:839} INFO - DAG(s) dict_keys(['example_task_group_decorator']) retrieved from /home/airflow/.local/lib/python3.8/site-packages/airflow/example_dags/example_task_group_decorator.py
[2023-12-03T18:34:30.239+0000] {logging_mixin.py:154} INFO - [2023-12-03T18:34:30.239+0000] {dag.py:2941} INFO - Sync 1 DAGs
[2023-12-03T18:34:30.431+0000] {logging_mixin.py:154} INFO - [2023-12-03T18:34:30.430+0000] {dag.py:3722} INFO - Setting next_dagrun for example_task_group_decorator to 2023-12-02T18:34:30.430577+00:00, run_after=2023-12-03T18:34:30.430577+00:00
[2023-12-03T18:34:30.469+0000] {processor.py:179} INFO - Processing /home/airflow/.local/lib/python3.8/site-packages/airflow/example_dags/example_task_group_decorator.py took 0.291 seconds
[2023-12-03T18:35:00.691+0000] {processor.py:157} INFO - Started process (PID=630) to work on /home/airflow/.local/lib/python3.8/site-packages/airflow/example_dags/example_task_group_decorator.py
[2023-12-03T18:35:00.693+0000] {processor.py:829} INFO - Processing file /home/airflow/.local/lib/python3.8/site-packages/airflow/example_dags/example_task_group_decorator.py for tasks to queue
[2023-12-03T18:35:00.700+0000] {logging_mixin.py:154} INFO - [2023-12-03T18:35:00.699+0000] {dagbag.py:536} INFO - Filling up the DagBag from /home/airflow/.local/lib/python3.8/site-packages/airflow/example_dags/example_task_group_decorator.py
[2023-12-03T18:35:00.743+0000] {processor.py:839} INFO - DAG(s) dict_keys(['example_task_group_decorator']) retrieved from /home/airflow/.local/lib/python3.8/site-packages/airflow/example_dags/example_task_group_decorator.py
[2023-12-03T18:35:00.777+0000] {logging_mixin.py:154} INFO - [2023-12-03T18:35:00.776+0000] {dag.py:2941} INFO - Sync 1 DAGs
[2023-12-03T18:35:00.957+0000] {logging_mixin.py:154} INFO - [2023-12-03T18:35:00.957+0000] {dag.py:3722} INFO - Setting next_dagrun for example_task_group_decorator to 2023-12-02T18:35:00.957077+00:00, run_after=2023-12-03T18:35:00.957077+00:00
[2023-12-03T18:35:00.984+0000] {processor.py:179} INFO - Processing /home/airflow/.local/lib/python3.8/site-packages/airflow/example_dags/example_task_group_decorator.py took 0.302 seconds
[2023-12-03T18:35:31.937+0000] {processor.py:157} INFO - Started process (PID=685) to work on /home/airflow/.local/lib/python3.8/site-packages/airflow/example_dags/example_task_group_decorator.py
[2023-12-03T18:35:31.938+0000] {processor.py:829} INFO - Processing file /home/airflow/.local/lib/python3.8/site-packages/airflow/example_dags/example_task_group_decorator.py for tasks to queue
[2023-12-03T18:35:31.941+0000] {logging_mixin.py:154} INFO - [2023-12-03T18:35:31.941+0000] {dagbag.py:536} INFO - Filling up the DagBag from /home/airflow/.local/lib/python3.8/site-packages/airflow/example_dags/example_task_group_decorator.py
[2023-12-03T18:35:31.963+0000] {processor.py:839} INFO - DAG(s) dict_keys(['example_task_group_decorator']) retrieved from /home/airflow/.local/lib/python3.8/site-packages/airflow/example_dags/example_task_group_decorator.py
[2023-12-03T18:35:31.999+0000] {logging_mixin.py:154} INFO - [2023-12-03T18:35:31.999+0000] {dag.py:2941} INFO - Sync 1 DAGs
[2023-12-03T18:35:32.205+0000] {logging_mixin.py:154} INFO - [2023-12-03T18:35:32.203+0000] {dag.py:3722} INFO - Setting next_dagrun for example_task_group_decorator to 2023-12-02T18:35:32.203209+00:00, run_after=2023-12-03T18:35:32.203209+00:00
[2023-12-03T18:35:32.248+0000] {processor.py:179} INFO - Processing /home/airflow/.local/lib/python3.8/site-packages/airflow/example_dags/example_task_group_decorator.py took 0.316 seconds
[2023-12-03T18:36:02.313+0000] {processor.py:157} INFO - Started process (PID=740) to work on /home/airflow/.local/lib/python3.8/site-packages/airflow/example_dags/example_task_group_decorator.py
[2023-12-03T18:36:02.315+0000] {processor.py:829} INFO - Processing file /home/airflow/.local/lib/python3.8/site-packages/airflow/example_dags/example_task_group_decorator.py for tasks to queue
[2023-12-03T18:36:02.322+0000] {logging_mixin.py:154} INFO - [2023-12-03T18:36:02.321+0000] {dagbag.py:536} INFO - Filling up the DagBag from /home/airflow/.local/lib/python3.8/site-packages/airflow/example_dags/example_task_group_decorator.py
[2023-12-03T18:36:02.345+0000] {processor.py:839} INFO - DAG(s) dict_keys(['example_task_group_decorator']) retrieved from /home/airflow/.local/lib/python3.8/site-packages/airflow/example_dags/example_task_group_decorator.py
[2023-12-03T18:36:02.388+0000] {logging_mixin.py:154} INFO - [2023-12-03T18:36:02.387+0000] {dag.py:2941} INFO - Sync 1 DAGs
[2023-12-03T18:36:02.427+0000] {logging_mixin.py:154} INFO - [2023-12-03T18:36:02.427+0000] {dag.py:3722} INFO - Setting next_dagrun for example_task_group_decorator to 2023-12-02T18:36:02.427149+00:00, run_after=2023-12-03T18:36:02.427149+00:00
[2023-12-03T18:36:02.462+0000] {processor.py:179} INFO - Processing /home/airflow/.local/lib/python3.8/site-packages/airflow/example_dags/example_task_group_decorator.py took 0.155 seconds
[2023-12-03T18:36:32.825+0000] {processor.py:157} INFO - Started process (PID=795) to work on /home/airflow/.local/lib/python3.8/site-packages/airflow/example_dags/example_task_group_decorator.py
[2023-12-03T18:36:32.827+0000] {processor.py:829} INFO - Processing file /home/airflow/.local/lib/python3.8/site-packages/airflow/example_dags/example_task_group_decorator.py for tasks to queue
[2023-12-03T18:36:32.835+0000] {logging_mixin.py:154} INFO - [2023-12-03T18:36:32.834+0000] {dagbag.py:536} INFO - Filling up the DagBag from /home/airflow/.local/lib/python3.8/site-packages/airflow/example_dags/example_task_group_decorator.py
[2023-12-03T18:36:32.869+0000] {processor.py:839} INFO - DAG(s) dict_keys(['example_task_group_decorator']) retrieved from /home/airflow/.local/lib/python3.8/site-packages/airflow/example_dags/example_task_group_decorator.py
[2023-12-03T18:36:32.912+0000] {logging_mixin.py:154} INFO - [2023-12-03T18:36:32.912+0000] {dag.py:2941} INFO - Sync 1 DAGs
[2023-12-03T18:36:32.959+0000] {logging_mixin.py:154} INFO - [2023-12-03T18:36:32.959+0000] {dag.py:3722} INFO - Setting next_dagrun for example_task_group_decorator to 2023-12-02T18:36:32.958953+00:00, run_after=2023-12-03T18:36:32.958953+00:00
[2023-12-03T18:36:32.994+0000] {processor.py:179} INFO - Processing /home/airflow/.local/lib/python3.8/site-packages/airflow/example_dags/example_task_group_decorator.py took 0.175 seconds
[2023-12-03T18:37:03.780+0000] {processor.py:157} INFO - Started process (PID=850) to work on /home/airflow/.local/lib/python3.8/site-packages/airflow/example_dags/example_task_group_decorator.py
[2023-12-03T18:37:03.784+0000] {processor.py:829} INFO - Processing file /home/airflow/.local/lib/python3.8/site-packages/airflow/example_dags/example_task_group_decorator.py for tasks to queue
[2023-12-03T18:37:03.795+0000] {logging_mixin.py:154} INFO - [2023-12-03T18:37:03.794+0000] {dagbag.py:536} INFO - Filling up the DagBag from /home/airflow/.local/lib/python3.8/site-packages/airflow/example_dags/example_task_group_decorator.py
[2023-12-03T18:37:03.828+0000] {processor.py:839} INFO - DAG(s) dict_keys(['example_task_group_decorator']) retrieved from /home/airflow/.local/lib/python3.8/site-packages/airflow/example_dags/example_task_group_decorator.py
[2023-12-03T18:37:03.878+0000] {logging_mixin.py:154} INFO - [2023-12-03T18:37:03.878+0000] {dag.py:2941} INFO - Sync 1 DAGs
[2023-12-03T18:37:03.929+0000] {logging_mixin.py:154} INFO - [2023-12-03T18:37:03.928+0000] {dag.py:3722} INFO - Setting next_dagrun for example_task_group_decorator to 2023-12-02T18:37:03.928501+00:00, run_after=2023-12-03T18:37:03.928501+00:00
[2023-12-03T18:37:03.969+0000] {processor.py:179} INFO - Processing /home/airflow/.local/lib/python3.8/site-packages/airflow/example_dags/example_task_group_decorator.py took 0.195 seconds
[2023-12-03T18:37:34.183+0000] {processor.py:157} INFO - Started process (PID=905) to work on /home/airflow/.local/lib/python3.8/site-packages/airflow/example_dags/example_task_group_decorator.py
[2023-12-03T18:37:34.185+0000] {processor.py:829} INFO - Processing file /home/airflow/.local/lib/python3.8/site-packages/airflow/example_dags/example_task_group_decorator.py for tasks to queue
[2023-12-03T18:37:34.193+0000] {logging_mixin.py:154} INFO - [2023-12-03T18:37:34.191+0000] {dagbag.py:536} INFO - Filling up the DagBag from /home/airflow/.local/lib/python3.8/site-packages/airflow/example_dags/example_task_group_decorator.py
[2023-12-03T18:37:34.222+0000] {processor.py:839} INFO - DAG(s) dict_keys(['example_task_group_decorator']) retrieved from /home/airflow/.local/lib/python3.8/site-packages/airflow/example_dags/example_task_group_decorator.py
[2023-12-03T18:37:34.259+0000] {logging_mixin.py:154} INFO - [2023-12-03T18:37:34.259+0000] {dag.py:2941} INFO - Sync 1 DAGs
[2023-12-03T18:37:34.290+0000] {logging_mixin.py:154} INFO - [2023-12-03T18:37:34.290+0000] {dag.py:3722} INFO - Setting next_dagrun for example_task_group_decorator to 2023-12-02T18:37:34.289993+00:00, run_after=2023-12-03T18:37:34.289993+00:00
[2023-12-03T18:37:34.316+0000] {processor.py:179} INFO - Processing /home/airflow/.local/lib/python3.8/site-packages/airflow/example_dags/example_task_group_decorator.py took 0.143 seconds
[2023-12-03T18:38:04.795+0000] {processor.py:157} INFO - Started process (PID=960) to work on /home/airflow/.local/lib/python3.8/site-packages/airflow/example_dags/example_task_group_decorator.py
[2023-12-03T18:38:04.797+0000] {processor.py:829} INFO - Processing file /home/airflow/.local/lib/python3.8/site-packages/airflow/example_dags/example_task_group_decorator.py for tasks to queue
[2023-12-03T18:38:04.801+0000] {logging_mixin.py:154} INFO - [2023-12-03T18:38:04.800+0000] {dagbag.py:536} INFO - Filling up the DagBag from /home/airflow/.local/lib/python3.8/site-packages/airflow/example_dags/example_task_group_decorator.py
[2023-12-03T18:38:04.824+0000] {processor.py:839} INFO - DAG(s) dict_keys(['example_task_group_decorator']) retrieved from /home/airflow/.local/lib/python3.8/site-packages/airflow/example_dags/example_task_group_decorator.py
[2023-12-03T18:38:04.867+0000] {logging_mixin.py:154} INFO - [2023-12-03T18:38:04.867+0000] {dag.py:2941} INFO - Sync 1 DAGs
[2023-12-03T18:38:04.907+0000] {logging_mixin.py:154} INFO - [2023-12-03T18:38:04.907+0000] {dag.py:3722} INFO - Setting next_dagrun for example_task_group_decorator to 2023-12-02T18:38:04.906794+00:00, run_after=2023-12-03T18:38:04.906794+00:00
[2023-12-03T18:38:04.972+0000] {processor.py:179} INFO - Processing /home/airflow/.local/lib/python3.8/site-packages/airflow/example_dags/example_task_group_decorator.py took 0.182 seconds
[2023-12-03T18:38:35.273+0000] {processor.py:157} INFO - Started process (PID=1015) to work on /home/airflow/.local/lib/python3.8/site-packages/airflow/example_dags/example_task_group_decorator.py
[2023-12-03T18:38:35.274+0000] {processor.py:829} INFO - Processing file /home/airflow/.local/lib/python3.8/site-packages/airflow/example_dags/example_task_group_decorator.py for tasks to queue
[2023-12-03T18:38:35.278+0000] {logging_mixin.py:154} INFO - [2023-12-03T18:38:35.277+0000] {dagbag.py:536} INFO - Filling up the DagBag from /home/airflow/.local/lib/python3.8/site-packages/airflow/example_dags/example_task_group_decorator.py
[2023-12-03T18:38:35.296+0000] {processor.py:839} INFO - DAG(s) dict_keys(['example_task_group_decorator']) retrieved from /home/airflow/.local/lib/python3.8/site-packages/airflow/example_dags/example_task_group_decorator.py
[2023-12-03T18:38:35.328+0000] {logging_mixin.py:154} INFO - [2023-12-03T18:38:35.327+0000] {dag.py:2941} INFO - Sync 1 DAGs
[2023-12-03T18:38:35.356+0000] {logging_mixin.py:154} INFO - [2023-12-03T18:38:35.355+0000] {dag.py:3722} INFO - Setting next_dagrun for example_task_group_decorator to 2023-12-02T18:38:35.355662+00:00, run_after=2023-12-03T18:38:35.355662+00:00
[2023-12-03T18:38:35.392+0000] {processor.py:179} INFO - Processing /home/airflow/.local/lib/python3.8/site-packages/airflow/example_dags/example_task_group_decorator.py took 0.124 seconds
[2023-12-03T18:39:06.057+0000] {processor.py:157} INFO - Started process (PID=1070) to work on /home/airflow/.local/lib/python3.8/site-packages/airflow/example_dags/example_task_group_decorator.py
[2023-12-03T18:39:06.059+0000] {processor.py:829} INFO - Processing file /home/airflow/.local/lib/python3.8/site-packages/airflow/example_dags/example_task_group_decorator.py for tasks to queue
[2023-12-03T18:39:06.063+0000] {logging_mixin.py:154} INFO - [2023-12-03T18:39:06.062+0000] {dagbag.py:536} INFO - Filling up the DagBag from /home/airflow/.local/lib/python3.8/site-packages/airflow/example_dags/example_task_group_decorator.py
[2023-12-03T18:39:06.083+0000] {processor.py:839} INFO - DAG(s) dict_keys(['example_task_group_decorator']) retrieved from /home/airflow/.local/lib/python3.8/site-packages/airflow/example_dags/example_task_group_decorator.py
[2023-12-03T18:39:06.114+0000] {logging_mixin.py:154} INFO - [2023-12-03T18:39:06.114+0000] {dag.py:2941} INFO - Sync 1 DAGs
[2023-12-03T18:39:06.155+0000] {logging_mixin.py:154} INFO - [2023-12-03T18:39:06.155+0000] {dag.py:3722} INFO - Setting next_dagrun for example_task_group_decorator to 2023-12-02T18:39:06.154675+00:00, run_after=2023-12-03T18:39:06.154675+00:00
[2023-12-03T18:39:06.192+0000] {processor.py:179} INFO - Processing /home/airflow/.local/lib/python3.8/site-packages/airflow/example_dags/example_task_group_decorator.py took 0.146 seconds
[2023-12-03T18:39:36.272+0000] {processor.py:157} INFO - Started process (PID=1125) to work on /home/airflow/.local/lib/python3.8/site-packages/airflow/example_dags/example_task_group_decorator.py
[2023-12-03T18:39:36.273+0000] {processor.py:829} INFO - Processing file /home/airflow/.local/lib/python3.8/site-packages/airflow/example_dags/example_task_group_decorator.py for tasks to queue
[2023-12-03T18:39:36.277+0000] {logging_mixin.py:154} INFO - [2023-12-03T18:39:36.277+0000] {dagbag.py:536} INFO - Filling up the DagBag from /home/airflow/.local/lib/python3.8/site-packages/airflow/example_dags/example_task_group_decorator.py
[2023-12-03T18:39:36.296+0000] {processor.py:839} INFO - DAG(s) dict_keys(['example_task_group_decorator']) retrieved from /home/airflow/.local/lib/python3.8/site-packages/airflow/example_dags/example_task_group_decorator.py
[2023-12-03T18:39:36.334+0000] {logging_mixin.py:154} INFO - [2023-12-03T18:39:36.334+0000] {dag.py:2941} INFO - Sync 1 DAGs
[2023-12-03T18:39:36.374+0000] {logging_mixin.py:154} INFO - [2023-12-03T18:39:36.374+0000] {dag.py:3722} INFO - Setting next_dagrun for example_task_group_decorator to 2023-12-02T18:39:36.373728+00:00, run_after=2023-12-03T18:39:36.373728+00:00
[2023-12-03T18:39:36.406+0000] {processor.py:179} INFO - Processing /home/airflow/.local/lib/python3.8/site-packages/airflow/example_dags/example_task_group_decorator.py took 0.139 seconds
[2023-12-03T18:40:06.572+0000] {processor.py:157} INFO - Started process (PID=1180) to work on /home/airflow/.local/lib/python3.8/site-packages/airflow/example_dags/example_task_group_decorator.py
[2023-12-03T18:40:06.573+0000] {processor.py:829} INFO - Processing file /home/airflow/.local/lib/python3.8/site-packages/airflow/example_dags/example_task_group_decorator.py for tasks to queue
[2023-12-03T18:40:06.580+0000] {logging_mixin.py:154} INFO - [2023-12-03T18:40:06.579+0000] {dagbag.py:536} INFO - Filling up the DagBag from /home/airflow/.local/lib/python3.8/site-packages/airflow/example_dags/example_task_group_decorator.py
[2023-12-03T18:40:06.605+0000] {processor.py:839} INFO - DAG(s) dict_keys(['example_task_group_decorator']) retrieved from /home/airflow/.local/lib/python3.8/site-packages/airflow/example_dags/example_task_group_decorator.py
[2023-12-03T18:40:06.643+0000] {logging_mixin.py:154} INFO - [2023-12-03T18:40:06.643+0000] {dag.py:2941} INFO - Sync 1 DAGs
[2023-12-03T18:40:06.672+0000] {logging_mixin.py:154} INFO - [2023-12-03T18:40:06.672+0000] {dag.py:3722} INFO - Setting next_dagrun for example_task_group_decorator to 2023-12-02T18:40:06.671828+00:00, run_after=2023-12-03T18:40:06.671828+00:00
[2023-12-03T18:40:06.701+0000] {processor.py:179} INFO - Processing /home/airflow/.local/lib/python3.8/site-packages/airflow/example_dags/example_task_group_decorator.py took 0.135 seconds
[2023-12-03T18:41:33.263+0000] {processor.py:157} INFO - Started process (PID=65) to work on /home/airflow/.local/lib/python3.8/site-packages/airflow/example_dags/example_task_group_decorator.py
[2023-12-03T18:41:33.264+0000] {processor.py:829} INFO - Processing file /home/airflow/.local/lib/python3.8/site-packages/airflow/example_dags/example_task_group_decorator.py for tasks to queue
[2023-12-03T18:41:33.268+0000] {logging_mixin.py:154} INFO - [2023-12-03T18:41:33.267+0000] {dagbag.py:536} INFO - Filling up the DagBag from /home/airflow/.local/lib/python3.8/site-packages/airflow/example_dags/example_task_group_decorator.py
[2023-12-03T18:41:33.292+0000] {processor.py:839} INFO - DAG(s) dict_keys(['example_task_group_decorator']) retrieved from /home/airflow/.local/lib/python3.8/site-packages/airflow/example_dags/example_task_group_decorator.py
[2023-12-03T18:41:33.350+0000] {logging_mixin.py:154} INFO - [2023-12-03T18:41:33.349+0000] {dag.py:2941} INFO - Sync 1 DAGs
[2023-12-03T18:41:33.562+0000] {logging_mixin.py:154} INFO - [2023-12-03T18:41:33.562+0000] {dag.py:3722} INFO - Setting next_dagrun for example_task_group_decorator to 2023-12-02T18:41:33.561840+00:00, run_after=2023-12-03T18:41:33.561840+00:00
[2023-12-03T18:41:33.595+0000] {processor.py:179} INFO - Processing /home/airflow/.local/lib/python3.8/site-packages/airflow/example_dags/example_task_group_decorator.py took 0.336 seconds
[2023-12-03T18:41:58.102+0000] {processor.py:157} INFO - Started process (PID=64) to work on /home/airflow/.local/lib/python3.8/site-packages/airflow/example_dags/example_task_group_decorator.py
[2023-12-03T18:41:58.104+0000] {processor.py:829} INFO - Processing file /home/airflow/.local/lib/python3.8/site-packages/airflow/example_dags/example_task_group_decorator.py for tasks to queue
[2023-12-03T18:41:58.108+0000] {logging_mixin.py:154} INFO - [2023-12-03T18:41:58.107+0000] {dagbag.py:536} INFO - Filling up the DagBag from /home/airflow/.local/lib/python3.8/site-packages/airflow/example_dags/example_task_group_decorator.py
[2023-12-03T18:41:58.131+0000] {processor.py:839} INFO - DAG(s) dict_keys(['example_task_group_decorator']) retrieved from /home/airflow/.local/lib/python3.8/site-packages/airflow/example_dags/example_task_group_decorator.py
[2023-12-03T18:41:58.190+0000] {logging_mixin.py:154} INFO - [2023-12-03T18:41:58.190+0000] {dag.py:2941} INFO - Sync 1 DAGs
[2023-12-03T18:41:58.245+0000] {logging_mixin.py:154} INFO - [2023-12-03T18:41:58.244+0000] {dag.py:3722} INFO - Setting next_dagrun for example_task_group_decorator to 2023-12-02T18:41:58.244143+00:00, run_after=2023-12-03T18:41:58.244143+00:00
[2023-12-03T18:41:58.282+0000] {processor.py:179} INFO - Processing /home/airflow/.local/lib/python3.8/site-packages/airflow/example_dags/example_task_group_decorator.py took 0.184 seconds
[2023-12-03T18:42:28.543+0000] {processor.py:157} INFO - Started process (PID=119) to work on /home/airflow/.local/lib/python3.8/site-packages/airflow/example_dags/example_task_group_decorator.py
[2023-12-03T18:42:28.544+0000] {processor.py:829} INFO - Processing file /home/airflow/.local/lib/python3.8/site-packages/airflow/example_dags/example_task_group_decorator.py for tasks to queue
[2023-12-03T18:42:28.549+0000] {logging_mixin.py:154} INFO - [2023-12-03T18:42:28.549+0000] {dagbag.py:536} INFO - Filling up the DagBag from /home/airflow/.local/lib/python3.8/site-packages/airflow/example_dags/example_task_group_decorator.py
[2023-12-03T18:42:28.581+0000] {processor.py:839} INFO - DAG(s) dict_keys(['example_task_group_decorator']) retrieved from /home/airflow/.local/lib/python3.8/site-packages/airflow/example_dags/example_task_group_decorator.py
[2023-12-03T18:42:28.631+0000] {logging_mixin.py:154} INFO - [2023-12-03T18:42:28.631+0000] {dag.py:2941} INFO - Sync 1 DAGs
[2023-12-03T18:42:28.677+0000] {logging_mixin.py:154} INFO - [2023-12-03T18:42:28.677+0000] {dag.py:3722} INFO - Setting next_dagrun for example_task_group_decorator to 2023-12-02T18:42:28.676788+00:00, run_after=2023-12-03T18:42:28.676788+00:00
[2023-12-03T18:42:28.728+0000] {processor.py:179} INFO - Processing /home/airflow/.local/lib/python3.8/site-packages/airflow/example_dags/example_task_group_decorator.py took 0.192 seconds
[2023-12-03T18:42:59.750+0000] {processor.py:157} INFO - Started process (PID=175) to work on /home/airflow/.local/lib/python3.8/site-packages/airflow/example_dags/example_task_group_decorator.py
[2023-12-03T18:42:59.751+0000] {processor.py:829} INFO - Processing file /home/airflow/.local/lib/python3.8/site-packages/airflow/example_dags/example_task_group_decorator.py for tasks to queue
[2023-12-03T18:42:59.755+0000] {logging_mixin.py:154} INFO - [2023-12-03T18:42:59.754+0000] {dagbag.py:536} INFO - Filling up the DagBag from /home/airflow/.local/lib/python3.8/site-packages/airflow/example_dags/example_task_group_decorator.py
[2023-12-03T18:42:59.776+0000] {processor.py:839} INFO - DAG(s) dict_keys(['example_task_group_decorator']) retrieved from /home/airflow/.local/lib/python3.8/site-packages/airflow/example_dags/example_task_group_decorator.py
[2023-12-03T18:42:59.818+0000] {logging_mixin.py:154} INFO - [2023-12-03T18:42:59.817+0000] {dag.py:2941} INFO - Sync 1 DAGs
[2023-12-03T18:42:59.858+0000] {logging_mixin.py:154} INFO - [2023-12-03T18:42:59.858+0000] {dag.py:3722} INFO - Setting next_dagrun for example_task_group_decorator to 2023-12-02T18:42:59.857838+00:00, run_after=2023-12-03T18:42:59.857838+00:00
[2023-12-03T18:42:59.903+0000] {processor.py:179} INFO - Processing /home/airflow/.local/lib/python3.8/site-packages/airflow/example_dags/example_task_group_decorator.py took 0.158 seconds
[2023-12-03T18:43:30.478+0000] {processor.py:157} INFO - Started process (PID=230) to work on /home/airflow/.local/lib/python3.8/site-packages/airflow/example_dags/example_task_group_decorator.py
[2023-12-03T18:43:30.480+0000] {processor.py:829} INFO - Processing file /home/airflow/.local/lib/python3.8/site-packages/airflow/example_dags/example_task_group_decorator.py for tasks to queue
[2023-12-03T18:43:30.483+0000] {logging_mixin.py:154} INFO - [2023-12-03T18:43:30.483+0000] {dagbag.py:536} INFO - Filling up the DagBag from /home/airflow/.local/lib/python3.8/site-packages/airflow/example_dags/example_task_group_decorator.py
[2023-12-03T18:43:30.508+0000] {processor.py:839} INFO - DAG(s) dict_keys(['example_task_group_decorator']) retrieved from /home/airflow/.local/lib/python3.8/site-packages/airflow/example_dags/example_task_group_decorator.py
[2023-12-03T18:43:30.552+0000] {logging_mixin.py:154} INFO - [2023-12-03T18:43:30.552+0000] {dag.py:2941} INFO - Sync 1 DAGs
[2023-12-03T18:43:30.598+0000] {logging_mixin.py:154} INFO - [2023-12-03T18:43:30.598+0000] {dag.py:3722} INFO - Setting next_dagrun for example_task_group_decorator to 2023-12-02T18:43:30.597564+00:00, run_after=2023-12-03T18:43:30.597564+00:00
[2023-12-03T18:43:30.636+0000] {processor.py:179} INFO - Processing /home/airflow/.local/lib/python3.8/site-packages/airflow/example_dags/example_task_group_decorator.py took 0.162 seconds
[2023-12-03T18:44:01.508+0000] {processor.py:157} INFO - Started process (PID=285) to work on /home/airflow/.local/lib/python3.8/site-packages/airflow/example_dags/example_task_group_decorator.py
[2023-12-03T18:44:01.510+0000] {processor.py:829} INFO - Processing file /home/airflow/.local/lib/python3.8/site-packages/airflow/example_dags/example_task_group_decorator.py for tasks to queue
[2023-12-03T18:44:01.514+0000] {logging_mixin.py:154} INFO - [2023-12-03T18:44:01.514+0000] {dagbag.py:536} INFO - Filling up the DagBag from /home/airflow/.local/lib/python3.8/site-packages/airflow/example_dags/example_task_group_decorator.py
[2023-12-03T18:44:01.560+0000] {processor.py:839} INFO - DAG(s) dict_keys(['example_task_group_decorator']) retrieved from /home/airflow/.local/lib/python3.8/site-packages/airflow/example_dags/example_task_group_decorator.py
[2023-12-03T18:44:01.628+0000] {logging_mixin.py:154} INFO - [2023-12-03T18:44:01.627+0000] {dag.py:2941} INFO - Sync 1 DAGs
[2023-12-03T18:44:01.657+0000] {logging_mixin.py:154} INFO - [2023-12-03T18:44:01.657+0000] {dag.py:3722} INFO - Setting next_dagrun for example_task_group_decorator to 2023-12-02T18:44:01.657020+00:00, run_after=2023-12-03T18:44:01.657020+00:00
[2023-12-03T18:44:01.693+0000] {processor.py:179} INFO - Processing /home/airflow/.local/lib/python3.8/site-packages/airflow/example_dags/example_task_group_decorator.py took 0.195 seconds
[2023-12-03T18:44:31.900+0000] {processor.py:157} INFO - Started process (PID=340) to work on /home/airflow/.local/lib/python3.8/site-packages/airflow/example_dags/example_task_group_decorator.py
[2023-12-03T18:44:31.902+0000] {processor.py:829} INFO - Processing file /home/airflow/.local/lib/python3.8/site-packages/airflow/example_dags/example_task_group_decorator.py for tasks to queue
[2023-12-03T18:44:31.906+0000] {logging_mixin.py:154} INFO - [2023-12-03T18:44:31.905+0000] {dagbag.py:536} INFO - Filling up the DagBag from /home/airflow/.local/lib/python3.8/site-packages/airflow/example_dags/example_task_group_decorator.py
[2023-12-03T18:44:31.928+0000] {processor.py:839} INFO - DAG(s) dict_keys(['example_task_group_decorator']) retrieved from /home/airflow/.local/lib/python3.8/site-packages/airflow/example_dags/example_task_group_decorator.py
[2023-12-03T18:44:31.967+0000] {logging_mixin.py:154} INFO - [2023-12-03T18:44:31.966+0000] {dag.py:2941} INFO - Sync 1 DAGs
[2023-12-03T18:44:31.999+0000] {logging_mixin.py:154} INFO - [2023-12-03T18:44:31.999+0000] {dag.py:3722} INFO - Setting next_dagrun for example_task_group_decorator to 2023-12-02T18:44:31.998775+00:00, run_after=2023-12-03T18:44:31.998775+00:00
[2023-12-03T18:44:32.037+0000] {processor.py:179} INFO - Processing /home/airflow/.local/lib/python3.8/site-packages/airflow/example_dags/example_task_group_decorator.py took 0.142 seconds
[2023-12-03T18:48:29.541+0000] {processor.py:157} INFO - Started process (PID=68) to work on /home/airflow/.local/lib/python3.8/site-packages/airflow/example_dags/example_task_group_decorator.py
[2023-12-03T18:48:29.542+0000] {processor.py:829} INFO - Processing file /home/airflow/.local/lib/python3.8/site-packages/airflow/example_dags/example_task_group_decorator.py for tasks to queue
[2023-12-03T18:48:29.546+0000] {logging_mixin.py:154} INFO - [2023-12-03T18:48:29.546+0000] {dagbag.py:536} INFO - Filling up the DagBag from /home/airflow/.local/lib/python3.8/site-packages/airflow/example_dags/example_task_group_decorator.py
[2023-12-03T18:48:29.567+0000] {processor.py:839} INFO - DAG(s) dict_keys(['example_task_group_decorator']) retrieved from /home/airflow/.local/lib/python3.8/site-packages/airflow/example_dags/example_task_group_decorator.py
[2023-12-03T18:48:29.588+0000] {logging_mixin.py:154} INFO - [2023-12-03T18:48:29.587+0000] {dag.py:2941} INFO - Sync 1 DAGs
[2023-12-03T18:48:29.626+0000] {logging_mixin.py:154} INFO - [2023-12-03T18:48:29.626+0000] {dag.py:3722} INFO - Setting next_dagrun for example_task_group_decorator to 2023-12-02T18:48:29.625783+00:00, run_after=2023-12-03T18:48:29.625783+00:00
[2023-12-03T18:48:29.666+0000] {processor.py:179} INFO - Processing /home/airflow/.local/lib/python3.8/site-packages/airflow/example_dags/example_task_group_decorator.py took 0.130 seconds
[2023-12-03T18:49:00.377+0000] {processor.py:157} INFO - Started process (PID=123) to work on /home/airflow/.local/lib/python3.8/site-packages/airflow/example_dags/example_task_group_decorator.py
[2023-12-03T18:49:00.378+0000] {processor.py:829} INFO - Processing file /home/airflow/.local/lib/python3.8/site-packages/airflow/example_dags/example_task_group_decorator.py for tasks to queue
[2023-12-03T18:49:00.382+0000] {logging_mixin.py:154} INFO - [2023-12-03T18:49:00.381+0000] {dagbag.py:536} INFO - Filling up the DagBag from /home/airflow/.local/lib/python3.8/site-packages/airflow/example_dags/example_task_group_decorator.py
[2023-12-03T18:49:00.417+0000] {processor.py:839} INFO - DAG(s) dict_keys(['example_task_group_decorator']) retrieved from /home/airflow/.local/lib/python3.8/site-packages/airflow/example_dags/example_task_group_decorator.py
[2023-12-03T18:49:00.468+0000] {logging_mixin.py:154} INFO - [2023-12-03T18:49:00.468+0000] {dag.py:2941} INFO - Sync 1 DAGs
[2023-12-03T18:49:00.505+0000] {logging_mixin.py:154} INFO - [2023-12-03T18:49:00.505+0000] {dag.py:3722} INFO - Setting next_dagrun for example_task_group_decorator to 2023-12-02T18:49:00.505198+00:00, run_after=2023-12-03T18:49:00.505198+00:00
[2023-12-03T18:49:00.549+0000] {processor.py:179} INFO - Processing /home/airflow/.local/lib/python3.8/site-packages/airflow/example_dags/example_task_group_decorator.py took 0.178 seconds
[2023-12-03T18:49:30.946+0000] {processor.py:157} INFO - Started process (PID=178) to work on /home/airflow/.local/lib/python3.8/site-packages/airflow/example_dags/example_task_group_decorator.py
[2023-12-03T18:49:30.948+0000] {processor.py:829} INFO - Processing file /home/airflow/.local/lib/python3.8/site-packages/airflow/example_dags/example_task_group_decorator.py for tasks to queue
[2023-12-03T18:49:30.956+0000] {logging_mixin.py:154} INFO - [2023-12-03T18:49:30.955+0000] {dagbag.py:536} INFO - Filling up the DagBag from /home/airflow/.local/lib/python3.8/site-packages/airflow/example_dags/example_task_group_decorator.py
[2023-12-03T18:49:30.991+0000] {processor.py:839} INFO - DAG(s) dict_keys(['example_task_group_decorator']) retrieved from /home/airflow/.local/lib/python3.8/site-packages/airflow/example_dags/example_task_group_decorator.py
[2023-12-03T18:49:31.036+0000] {logging_mixin.py:154} INFO - [2023-12-03T18:49:31.036+0000] {dag.py:2941} INFO - Sync 1 DAGs
[2023-12-03T18:49:31.073+0000] {logging_mixin.py:154} INFO - [2023-12-03T18:49:31.073+0000] {dag.py:3722} INFO - Setting next_dagrun for example_task_group_decorator to 2023-12-02T18:49:31.073067+00:00, run_after=2023-12-03T18:49:31.073067+00:00
[2023-12-03T18:49:31.106+0000] {processor.py:179} INFO - Processing /home/airflow/.local/lib/python3.8/site-packages/airflow/example_dags/example_task_group_decorator.py took 0.169 seconds
