[2023-12-03T18:18:45.452+0000] {processor.py:157} INFO - Started process (PID=39) to work on /home/airflow/.local/lib/python3.8/site-packages/airflow/example_dags/example_nested_branch_dag.py
[2023-12-03T18:18:45.453+0000] {processor.py:829} INFO - Processing file /home/airflow/.local/lib/python3.8/site-packages/airflow/example_dags/example_nested_branch_dag.py for tasks to queue
[2023-12-03T18:18:45.458+0000] {logging_mixin.py:154} INFO - [2023-12-03T18:18:45.457+0000] {dagbag.py:536} INFO - Filling up the DagBag from /home/airflow/.local/lib/python3.8/site-packages/airflow/example_dags/example_nested_branch_dag.py
[2023-12-03T18:18:45.486+0000] {processor.py:839} INFO - DAG(s) dict_keys(['example_nested_branch_dag']) retrieved from /home/airflow/.local/lib/python3.8/site-packages/airflow/example_dags/example_nested_branch_dag.py
[2023-12-03T18:18:45.536+0000] {logging_mixin.py:154} INFO - [2023-12-03T18:18:45.536+0000] {dag.py:2941} INFO - Sync 1 DAGs
[2023-12-03T18:18:45.586+0000] {logging_mixin.py:154} INFO - [2023-12-03T18:18:45.586+0000] {dag.py:3722} INFO - Setting next_dagrun for example_nested_branch_dag to 2023-12-02T00:00:00+00:00, run_after=2023-12-03T00:00:00+00:00
[2023-12-03T18:18:45.631+0000] {processor.py:179} INFO - Processing /home/airflow/.local/lib/python3.8/site-packages/airflow/example_dags/example_nested_branch_dag.py took 0.184 seconds
[2023-12-03T18:19:15.874+0000] {processor.py:157} INFO - Started process (PID=93) to work on /home/airflow/.local/lib/python3.8/site-packages/airflow/example_dags/example_nested_branch_dag.py
[2023-12-03T18:19:15.876+0000] {processor.py:829} INFO - Processing file /home/airflow/.local/lib/python3.8/site-packages/airflow/example_dags/example_nested_branch_dag.py for tasks to queue
[2023-12-03T18:19:15.881+0000] {logging_mixin.py:154} INFO - [2023-12-03T18:19:15.881+0000] {dagbag.py:536} INFO - Filling up the DagBag from /home/airflow/.local/lib/python3.8/site-packages/airflow/example_dags/example_nested_branch_dag.py
[2023-12-03T18:19:15.922+0000] {processor.py:839} INFO - DAG(s) dict_keys(['example_nested_branch_dag']) retrieved from /home/airflow/.local/lib/python3.8/site-packages/airflow/example_dags/example_nested_branch_dag.py
[2023-12-03T18:19:15.979+0000] {logging_mixin.py:154} INFO - [2023-12-03T18:19:15.979+0000] {dag.py:2941} INFO - Sync 1 DAGs
[2023-12-03T18:19:16.047+0000] {logging_mixin.py:154} INFO - [2023-12-03T18:19:16.046+0000] {dag.py:3722} INFO - Setting next_dagrun for example_nested_branch_dag to 2023-12-02T00:00:00+00:00, run_after=2023-12-03T00:00:00+00:00
[2023-12-03T18:19:16.093+0000] {processor.py:179} INFO - Processing /home/airflow/.local/lib/python3.8/site-packages/airflow/example_dags/example_nested_branch_dag.py took 0.225 seconds
[2023-12-03T18:19:46.710+0000] {processor.py:157} INFO - Started process (PID=147) to work on /home/airflow/.local/lib/python3.8/site-packages/airflow/example_dags/example_nested_branch_dag.py
[2023-12-03T18:19:46.712+0000] {processor.py:829} INFO - Processing file /home/airflow/.local/lib/python3.8/site-packages/airflow/example_dags/example_nested_branch_dag.py for tasks to queue
[2023-12-03T18:19:46.717+0000] {logging_mixin.py:154} INFO - [2023-12-03T18:19:46.717+0000] {dagbag.py:536} INFO - Filling up the DagBag from /home/airflow/.local/lib/python3.8/site-packages/airflow/example_dags/example_nested_branch_dag.py
[2023-12-03T18:19:46.745+0000] {processor.py:839} INFO - DAG(s) dict_keys(['example_nested_branch_dag']) retrieved from /home/airflow/.local/lib/python3.8/site-packages/airflow/example_dags/example_nested_branch_dag.py
[2023-12-03T18:19:46.771+0000] {logging_mixin.py:154} INFO - [2023-12-03T18:19:46.771+0000] {dag.py:2941} INFO - Sync 1 DAGs
[2023-12-03T18:19:46.830+0000] {logging_mixin.py:154} INFO - [2023-12-03T18:19:46.829+0000] {dag.py:3722} INFO - Setting next_dagrun for example_nested_branch_dag to 2023-12-02T00:00:00+00:00, run_after=2023-12-03T00:00:00+00:00
[2023-12-03T18:19:46.874+0000] {processor.py:179} INFO - Processing /home/airflow/.local/lib/python3.8/site-packages/airflow/example_dags/example_nested_branch_dag.py took 0.172 seconds
[2023-12-03T18:20:17.295+0000] {processor.py:157} INFO - Started process (PID=201) to work on /home/airflow/.local/lib/python3.8/site-packages/airflow/example_dags/example_nested_branch_dag.py
[2023-12-03T18:20:17.297+0000] {processor.py:829} INFO - Processing file /home/airflow/.local/lib/python3.8/site-packages/airflow/example_dags/example_nested_branch_dag.py for tasks to queue
[2023-12-03T18:20:17.303+0000] {logging_mixin.py:154} INFO - [2023-12-03T18:20:17.302+0000] {dagbag.py:536} INFO - Filling up the DagBag from /home/airflow/.local/lib/python3.8/site-packages/airflow/example_dags/example_nested_branch_dag.py
[2023-12-03T18:20:17.327+0000] {processor.py:839} INFO - DAG(s) dict_keys(['example_nested_branch_dag']) retrieved from /home/airflow/.local/lib/python3.8/site-packages/airflow/example_dags/example_nested_branch_dag.py
[2023-12-03T18:20:17.391+0000] {logging_mixin.py:154} INFO - [2023-12-03T18:20:17.391+0000] {dag.py:2941} INFO - Sync 1 DAGs
[2023-12-03T18:20:17.432+0000] {logging_mixin.py:154} INFO - [2023-12-03T18:20:17.432+0000] {dag.py:3722} INFO - Setting next_dagrun for example_nested_branch_dag to 2023-12-02T00:00:00+00:00, run_after=2023-12-03T00:00:00+00:00
[2023-12-03T18:20:17.472+0000] {processor.py:179} INFO - Processing /home/airflow/.local/lib/python3.8/site-packages/airflow/example_dags/example_nested_branch_dag.py took 0.186 seconds
[2023-12-03T18:20:47.848+0000] {processor.py:157} INFO - Started process (PID=255) to work on /home/airflow/.local/lib/python3.8/site-packages/airflow/example_dags/example_nested_branch_dag.py
[2023-12-03T18:20:47.849+0000] {processor.py:829} INFO - Processing file /home/airflow/.local/lib/python3.8/site-packages/airflow/example_dags/example_nested_branch_dag.py for tasks to queue
[2023-12-03T18:20:47.853+0000] {logging_mixin.py:154} INFO - [2023-12-03T18:20:47.852+0000] {dagbag.py:536} INFO - Filling up the DagBag from /home/airflow/.local/lib/python3.8/site-packages/airflow/example_dags/example_nested_branch_dag.py
[2023-12-03T18:20:47.869+0000] {processor.py:839} INFO - DAG(s) dict_keys(['example_nested_branch_dag']) retrieved from /home/airflow/.local/lib/python3.8/site-packages/airflow/example_dags/example_nested_branch_dag.py
[2023-12-03T18:20:47.927+0000] {logging_mixin.py:154} INFO - [2023-12-03T18:20:47.926+0000] {dag.py:2941} INFO - Sync 1 DAGs
[2023-12-03T18:20:47.965+0000] {logging_mixin.py:154} INFO - [2023-12-03T18:20:47.965+0000] {dag.py:3722} INFO - Setting next_dagrun for example_nested_branch_dag to 2023-12-02T00:00:00+00:00, run_after=2023-12-03T00:00:00+00:00
[2023-12-03T18:20:47.991+0000] {processor.py:179} INFO - Processing /home/airflow/.local/lib/python3.8/site-packages/airflow/example_dags/example_nested_branch_dag.py took 0.148 seconds
[2023-12-03T18:21:18.472+0000] {processor.py:157} INFO - Started process (PID=309) to work on /home/airflow/.local/lib/python3.8/site-packages/airflow/example_dags/example_nested_branch_dag.py
[2023-12-03T18:21:18.474+0000] {processor.py:829} INFO - Processing file /home/airflow/.local/lib/python3.8/site-packages/airflow/example_dags/example_nested_branch_dag.py for tasks to queue
[2023-12-03T18:21:18.480+0000] {logging_mixin.py:154} INFO - [2023-12-03T18:21:18.479+0000] {dagbag.py:536} INFO - Filling up the DagBag from /home/airflow/.local/lib/python3.8/site-packages/airflow/example_dags/example_nested_branch_dag.py
[2023-12-03T18:21:18.508+0000] {processor.py:839} INFO - DAG(s) dict_keys(['example_nested_branch_dag']) retrieved from /home/airflow/.local/lib/python3.8/site-packages/airflow/example_dags/example_nested_branch_dag.py
[2023-12-03T18:21:18.534+0000] {logging_mixin.py:154} INFO - [2023-12-03T18:21:18.534+0000] {dag.py:2941} INFO - Sync 1 DAGs
[2023-12-03T18:21:18.578+0000] {logging_mixin.py:154} INFO - [2023-12-03T18:21:18.577+0000] {dag.py:3722} INFO - Setting next_dagrun for example_nested_branch_dag to 2023-12-02T00:00:00+00:00, run_after=2023-12-03T00:00:00+00:00
[2023-12-03T18:21:18.619+0000] {processor.py:179} INFO - Processing /home/airflow/.local/lib/python3.8/site-packages/airflow/example_dags/example_nested_branch_dag.py took 0.155 seconds
[2023-12-03T18:21:48.743+0000] {processor.py:157} INFO - Started process (PID=363) to work on /home/airflow/.local/lib/python3.8/site-packages/airflow/example_dags/example_nested_branch_dag.py
[2023-12-03T18:21:48.744+0000] {processor.py:829} INFO - Processing file /home/airflow/.local/lib/python3.8/site-packages/airflow/example_dags/example_nested_branch_dag.py for tasks to queue
[2023-12-03T18:21:48.748+0000] {logging_mixin.py:154} INFO - [2023-12-03T18:21:48.748+0000] {dagbag.py:536} INFO - Filling up the DagBag from /home/airflow/.local/lib/python3.8/site-packages/airflow/example_dags/example_nested_branch_dag.py
[2023-12-03T18:21:48.770+0000] {processor.py:839} INFO - DAG(s) dict_keys(['example_nested_branch_dag']) retrieved from /home/airflow/.local/lib/python3.8/site-packages/airflow/example_dags/example_nested_branch_dag.py
[2023-12-03T18:21:48.814+0000] {logging_mixin.py:154} INFO - [2023-12-03T18:21:48.814+0000] {dag.py:2941} INFO - Sync 1 DAGs
[2023-12-03T18:21:48.857+0000] {logging_mixin.py:154} INFO - [2023-12-03T18:21:48.857+0000] {dag.py:3722} INFO - Setting next_dagrun for example_nested_branch_dag to 2023-12-02T00:00:00+00:00, run_after=2023-12-03T00:00:00+00:00
[2023-12-03T18:21:48.899+0000] {processor.py:179} INFO - Processing /home/airflow/.local/lib/python3.8/site-packages/airflow/example_dags/example_nested_branch_dag.py took 0.161 seconds
[2023-12-03T18:22:18.952+0000] {processor.py:157} INFO - Started process (PID=417) to work on /home/airflow/.local/lib/python3.8/site-packages/airflow/example_dags/example_nested_branch_dag.py
[2023-12-03T18:22:18.953+0000] {processor.py:829} INFO - Processing file /home/airflow/.local/lib/python3.8/site-packages/airflow/example_dags/example_nested_branch_dag.py for tasks to queue
[2023-12-03T18:22:18.957+0000] {logging_mixin.py:154} INFO - [2023-12-03T18:22:18.957+0000] {dagbag.py:536} INFO - Filling up the DagBag from /home/airflow/.local/lib/python3.8/site-packages/airflow/example_dags/example_nested_branch_dag.py
[2023-12-03T18:22:18.980+0000] {processor.py:839} INFO - DAG(s) dict_keys(['example_nested_branch_dag']) retrieved from /home/airflow/.local/lib/python3.8/site-packages/airflow/example_dags/example_nested_branch_dag.py
[2023-12-03T18:22:19.023+0000] {logging_mixin.py:154} INFO - [2023-12-03T18:22:19.023+0000] {dag.py:2941} INFO - Sync 1 DAGs
[2023-12-03T18:22:19.074+0000] {logging_mixin.py:154} INFO - [2023-12-03T18:22:19.074+0000] {dag.py:3722} INFO - Setting next_dagrun for example_nested_branch_dag to 2023-12-02T00:00:00+00:00, run_after=2023-12-03T00:00:00+00:00
[2023-12-03T18:22:19.112+0000] {processor.py:179} INFO - Processing /home/airflow/.local/lib/python3.8/site-packages/airflow/example_dags/example_nested_branch_dag.py took 0.166 seconds
[2023-12-03T18:22:49.619+0000] {processor.py:157} INFO - Started process (PID=471) to work on /home/airflow/.local/lib/python3.8/site-packages/airflow/example_dags/example_nested_branch_dag.py
[2023-12-03T18:22:49.621+0000] {processor.py:829} INFO - Processing file /home/airflow/.local/lib/python3.8/site-packages/airflow/example_dags/example_nested_branch_dag.py for tasks to queue
[2023-12-03T18:22:49.627+0000] {logging_mixin.py:154} INFO - [2023-12-03T18:22:49.626+0000] {dagbag.py:536} INFO - Filling up the DagBag from /home/airflow/.local/lib/python3.8/site-packages/airflow/example_dags/example_nested_branch_dag.py
[2023-12-03T18:22:49.651+0000] {processor.py:839} INFO - DAG(s) dict_keys(['example_nested_branch_dag']) retrieved from /home/airflow/.local/lib/python3.8/site-packages/airflow/example_dags/example_nested_branch_dag.py
[2023-12-03T18:22:49.704+0000] {logging_mixin.py:154} INFO - [2023-12-03T18:22:49.704+0000] {dag.py:2941} INFO - Sync 1 DAGs
[2023-12-03T18:22:50.299+0000] {logging_mixin.py:154} INFO - [2023-12-03T18:22:50.298+0000] {process_utils.py:259} INFO - Waiting up to 5 seconds for processes to exit...
[2023-12-03T18:23:55.342+0000] {processor.py:157} INFO - Started process (PID=39) to work on /home/airflow/.local/lib/python3.8/site-packages/airflow/example_dags/example_nested_branch_dag.py
[2023-12-03T18:23:55.345+0000] {processor.py:829} INFO - Processing file /home/airflow/.local/lib/python3.8/site-packages/airflow/example_dags/example_nested_branch_dag.py for tasks to queue
[2023-12-03T18:23:55.349+0000] {logging_mixin.py:154} INFO - [2023-12-03T18:23:55.349+0000] {dagbag.py:536} INFO - Filling up the DagBag from /home/airflow/.local/lib/python3.8/site-packages/airflow/example_dags/example_nested_branch_dag.py
[2023-12-03T18:23:55.375+0000] {processor.py:839} INFO - DAG(s) dict_keys(['example_nested_branch_dag']) retrieved from /home/airflow/.local/lib/python3.8/site-packages/airflow/example_dags/example_nested_branch_dag.py
[2023-12-03T18:23:55.401+0000] {logging_mixin.py:154} INFO - [2023-12-03T18:23:55.400+0000] {dag.py:2941} INFO - Sync 1 DAGs
[2023-12-03T18:23:55.457+0000] {logging_mixin.py:154} INFO - [2023-12-03T18:23:55.456+0000] {dag.py:3722} INFO - Setting next_dagrun for example_nested_branch_dag to 2023-12-02T00:00:00+00:00, run_after=2023-12-03T00:00:00+00:00
[2023-12-03T18:23:55.497+0000] {processor.py:179} INFO - Processing /home/airflow/.local/lib/python3.8/site-packages/airflow/example_dags/example_nested_branch_dag.py took 0.162 seconds
[2023-12-03T18:24:25.661+0000] {processor.py:157} INFO - Started process (PID=93) to work on /home/airflow/.local/lib/python3.8/site-packages/airflow/example_dags/example_nested_branch_dag.py
[2023-12-03T18:24:25.663+0000] {processor.py:829} INFO - Processing file /home/airflow/.local/lib/python3.8/site-packages/airflow/example_dags/example_nested_branch_dag.py for tasks to queue
[2023-12-03T18:24:25.668+0000] {logging_mixin.py:154} INFO - [2023-12-03T18:24:25.667+0000] {dagbag.py:536} INFO - Filling up the DagBag from /home/airflow/.local/lib/python3.8/site-packages/airflow/example_dags/example_nested_branch_dag.py
[2023-12-03T18:24:25.692+0000] {processor.py:839} INFO - DAG(s) dict_keys(['example_nested_branch_dag']) retrieved from /home/airflow/.local/lib/python3.8/site-packages/airflow/example_dags/example_nested_branch_dag.py
[2023-12-03T18:24:25.736+0000] {logging_mixin.py:154} INFO - [2023-12-03T18:24:25.735+0000] {dag.py:2941} INFO - Sync 1 DAGs
[2023-12-03T18:24:25.791+0000] {logging_mixin.py:154} INFO - [2023-12-03T18:24:25.790+0000] {dag.py:3722} INFO - Setting next_dagrun for example_nested_branch_dag to 2023-12-02T00:00:00+00:00, run_after=2023-12-03T00:00:00+00:00
[2023-12-03T18:24:25.832+0000] {processor.py:179} INFO - Processing /home/airflow/.local/lib/python3.8/site-packages/airflow/example_dags/example_nested_branch_dag.py took 0.178 seconds
[2023-12-03T18:24:56.002+0000] {processor.py:157} INFO - Started process (PID=147) to work on /home/airflow/.local/lib/python3.8/site-packages/airflow/example_dags/example_nested_branch_dag.py
[2023-12-03T18:24:56.003+0000] {processor.py:829} INFO - Processing file /home/airflow/.local/lib/python3.8/site-packages/airflow/example_dags/example_nested_branch_dag.py for tasks to queue
[2023-12-03T18:24:56.007+0000] {logging_mixin.py:154} INFO - [2023-12-03T18:24:56.006+0000] {dagbag.py:536} INFO - Filling up the DagBag from /home/airflow/.local/lib/python3.8/site-packages/airflow/example_dags/example_nested_branch_dag.py
[2023-12-03T18:24:56.024+0000] {processor.py:839} INFO - DAG(s) dict_keys(['example_nested_branch_dag']) retrieved from /home/airflow/.local/lib/python3.8/site-packages/airflow/example_dags/example_nested_branch_dag.py
[2023-12-03T18:24:56.058+0000] {logging_mixin.py:154} INFO - [2023-12-03T18:24:56.058+0000] {dag.py:2941} INFO - Sync 1 DAGs
[2023-12-03T18:24:56.099+0000] {logging_mixin.py:154} INFO - [2023-12-03T18:24:56.099+0000] {dag.py:3722} INFO - Setting next_dagrun for example_nested_branch_dag to 2023-12-02T00:00:00+00:00, run_after=2023-12-03T00:00:00+00:00
[2023-12-03T18:24:56.132+0000] {processor.py:179} INFO - Processing /home/airflow/.local/lib/python3.8/site-packages/airflow/example_dags/example_nested_branch_dag.py took 0.135 seconds
[2023-12-03T18:25:26.383+0000] {processor.py:157} INFO - Started process (PID=201) to work on /home/airflow/.local/lib/python3.8/site-packages/airflow/example_dags/example_nested_branch_dag.py
[2023-12-03T18:25:26.386+0000] {processor.py:829} INFO - Processing file /home/airflow/.local/lib/python3.8/site-packages/airflow/example_dags/example_nested_branch_dag.py for tasks to queue
[2023-12-03T18:25:26.395+0000] {logging_mixin.py:154} INFO - [2023-12-03T18:25:26.393+0000] {dagbag.py:536} INFO - Filling up the DagBag from /home/airflow/.local/lib/python3.8/site-packages/airflow/example_dags/example_nested_branch_dag.py
[2023-12-03T18:25:26.412+0000] {processor.py:839} INFO - DAG(s) dict_keys(['example_nested_branch_dag']) retrieved from /home/airflow/.local/lib/python3.8/site-packages/airflow/example_dags/example_nested_branch_dag.py
[2023-12-03T18:25:26.450+0000] {logging_mixin.py:154} INFO - [2023-12-03T18:25:26.450+0000] {dag.py:2941} INFO - Sync 1 DAGs
[2023-12-03T18:25:26.489+0000] {logging_mixin.py:154} INFO - [2023-12-03T18:25:26.488+0000] {dag.py:3722} INFO - Setting next_dagrun for example_nested_branch_dag to 2023-12-02T00:00:00+00:00, run_after=2023-12-03T00:00:00+00:00
[2023-12-03T18:25:26.533+0000] {processor.py:179} INFO - Processing /home/airflow/.local/lib/python3.8/site-packages/airflow/example_dags/example_nested_branch_dag.py took 0.164 seconds
[2023-12-03T18:25:57.043+0000] {processor.py:157} INFO - Started process (PID=255) to work on /home/airflow/.local/lib/python3.8/site-packages/airflow/example_dags/example_nested_branch_dag.py
[2023-12-03T18:25:57.045+0000] {processor.py:829} INFO - Processing file /home/airflow/.local/lib/python3.8/site-packages/airflow/example_dags/example_nested_branch_dag.py for tasks to queue
[2023-12-03T18:25:57.051+0000] {logging_mixin.py:154} INFO - [2023-12-03T18:25:57.050+0000] {dagbag.py:536} INFO - Filling up the DagBag from /home/airflow/.local/lib/python3.8/site-packages/airflow/example_dags/example_nested_branch_dag.py
[2023-12-03T18:25:57.077+0000] {processor.py:839} INFO - DAG(s) dict_keys(['example_nested_branch_dag']) retrieved from /home/airflow/.local/lib/python3.8/site-packages/airflow/example_dags/example_nested_branch_dag.py
[2023-12-03T18:25:57.109+0000] {logging_mixin.py:154} INFO - [2023-12-03T18:25:57.109+0000] {dag.py:2941} INFO - Sync 1 DAGs
[2023-12-03T18:25:57.138+0000] {logging_mixin.py:154} INFO - [2023-12-03T18:25:57.138+0000] {dag.py:3722} INFO - Setting next_dagrun for example_nested_branch_dag to 2023-12-02T00:00:00+00:00, run_after=2023-12-03T00:00:00+00:00
[2023-12-03T18:25:57.162+0000] {processor.py:179} INFO - Processing /home/airflow/.local/lib/python3.8/site-packages/airflow/example_dags/example_nested_branch_dag.py took 0.128 seconds
[2023-12-03T18:26:27.678+0000] {processor.py:157} INFO - Started process (PID=309) to work on /home/airflow/.local/lib/python3.8/site-packages/airflow/example_dags/example_nested_branch_dag.py
[2023-12-03T18:26:27.680+0000] {processor.py:829} INFO - Processing file /home/airflow/.local/lib/python3.8/site-packages/airflow/example_dags/example_nested_branch_dag.py for tasks to queue
[2023-12-03T18:26:27.684+0000] {logging_mixin.py:154} INFO - [2023-12-03T18:26:27.683+0000] {dagbag.py:536} INFO - Filling up the DagBag from /home/airflow/.local/lib/python3.8/site-packages/airflow/example_dags/example_nested_branch_dag.py
[2023-12-03T18:26:27.701+0000] {processor.py:839} INFO - DAG(s) dict_keys(['example_nested_branch_dag']) retrieved from /home/airflow/.local/lib/python3.8/site-packages/airflow/example_dags/example_nested_branch_dag.py
[2023-12-03T18:26:27.738+0000] {logging_mixin.py:154} INFO - [2023-12-03T18:26:27.737+0000] {dag.py:2941} INFO - Sync 1 DAGs
[2023-12-03T18:26:27.780+0000] {logging_mixin.py:154} INFO - [2023-12-03T18:26:27.779+0000] {dag.py:3722} INFO - Setting next_dagrun for example_nested_branch_dag to 2023-12-02T00:00:00+00:00, run_after=2023-12-03T00:00:00+00:00
[2023-12-03T18:26:27.816+0000] {processor.py:179} INFO - Processing /home/airflow/.local/lib/python3.8/site-packages/airflow/example_dags/example_nested_branch_dag.py took 0.143 seconds
[2023-12-03T18:26:58.085+0000] {processor.py:157} INFO - Started process (PID=363) to work on /home/airflow/.local/lib/python3.8/site-packages/airflow/example_dags/example_nested_branch_dag.py
[2023-12-03T18:26:58.088+0000] {processor.py:829} INFO - Processing file /home/airflow/.local/lib/python3.8/site-packages/airflow/example_dags/example_nested_branch_dag.py for tasks to queue
[2023-12-03T18:26:58.095+0000] {logging_mixin.py:154} INFO - [2023-12-03T18:26:58.094+0000] {dagbag.py:536} INFO - Filling up the DagBag from /home/airflow/.local/lib/python3.8/site-packages/airflow/example_dags/example_nested_branch_dag.py
[2023-12-03T18:26:58.125+0000] {processor.py:839} INFO - DAG(s) dict_keys(['example_nested_branch_dag']) retrieved from /home/airflow/.local/lib/python3.8/site-packages/airflow/example_dags/example_nested_branch_dag.py
[2023-12-03T18:26:58.167+0000] {logging_mixin.py:154} INFO - [2023-12-03T18:26:58.166+0000] {dag.py:2941} INFO - Sync 1 DAGs
[2023-12-03T18:26:58.207+0000] {logging_mixin.py:154} INFO - [2023-12-03T18:26:58.207+0000] {dag.py:3722} INFO - Setting next_dagrun for example_nested_branch_dag to 2023-12-02T00:00:00+00:00, run_after=2023-12-03T00:00:00+00:00
[2023-12-03T18:26:58.237+0000] {processor.py:179} INFO - Processing /home/airflow/.local/lib/python3.8/site-packages/airflow/example_dags/example_nested_branch_dag.py took 0.162 seconds
[2023-12-03T18:27:28.485+0000] {processor.py:157} INFO - Started process (PID=417) to work on /home/airflow/.local/lib/python3.8/site-packages/airflow/example_dags/example_nested_branch_dag.py
[2023-12-03T18:27:28.486+0000] {processor.py:829} INFO - Processing file /home/airflow/.local/lib/python3.8/site-packages/airflow/example_dags/example_nested_branch_dag.py for tasks to queue
[2023-12-03T18:27:28.490+0000] {logging_mixin.py:154} INFO - [2023-12-03T18:27:28.489+0000] {dagbag.py:536} INFO - Filling up the DagBag from /home/airflow/.local/lib/python3.8/site-packages/airflow/example_dags/example_nested_branch_dag.py
[2023-12-03T18:27:28.504+0000] {processor.py:839} INFO - DAG(s) dict_keys(['example_nested_branch_dag']) retrieved from /home/airflow/.local/lib/python3.8/site-packages/airflow/example_dags/example_nested_branch_dag.py
[2023-12-03T18:27:28.537+0000] {logging_mixin.py:154} INFO - [2023-12-03T18:27:28.537+0000] {dag.py:2941} INFO - Sync 1 DAGs
[2023-12-03T18:27:28.577+0000] {logging_mixin.py:154} INFO - [2023-12-03T18:27:28.576+0000] {dag.py:3722} INFO - Setting next_dagrun for example_nested_branch_dag to 2023-12-02T00:00:00+00:00, run_after=2023-12-03T00:00:00+00:00
[2023-12-03T18:27:28.624+0000] {processor.py:179} INFO - Processing /home/airflow/.local/lib/python3.8/site-packages/airflow/example_dags/example_nested_branch_dag.py took 0.142 seconds
[2023-12-03T18:27:59.094+0000] {processor.py:157} INFO - Started process (PID=471) to work on /home/airflow/.local/lib/python3.8/site-packages/airflow/example_dags/example_nested_branch_dag.py
[2023-12-03T18:27:59.096+0000] {processor.py:829} INFO - Processing file /home/airflow/.local/lib/python3.8/site-packages/airflow/example_dags/example_nested_branch_dag.py for tasks to queue
[2023-12-03T18:27:59.100+0000] {logging_mixin.py:154} INFO - [2023-12-03T18:27:59.099+0000] {dagbag.py:536} INFO - Filling up the DagBag from /home/airflow/.local/lib/python3.8/site-packages/airflow/example_dags/example_nested_branch_dag.py
[2023-12-03T18:27:59.119+0000] {processor.py:839} INFO - DAG(s) dict_keys(['example_nested_branch_dag']) retrieved from /home/airflow/.local/lib/python3.8/site-packages/airflow/example_dags/example_nested_branch_dag.py
[2023-12-03T18:27:59.156+0000] {logging_mixin.py:154} INFO - [2023-12-03T18:27:59.155+0000] {dag.py:2941} INFO - Sync 1 DAGs
[2023-12-03T18:27:59.204+0000] {logging_mixin.py:154} INFO - [2023-12-03T18:27:59.204+0000] {dag.py:3722} INFO - Setting next_dagrun for example_nested_branch_dag to 2023-12-02T00:00:00+00:00, run_after=2023-12-03T00:00:00+00:00
[2023-12-03T18:27:59.244+0000] {processor.py:179} INFO - Processing /home/airflow/.local/lib/python3.8/site-packages/airflow/example_dags/example_nested_branch_dag.py took 0.147 seconds
[2023-12-03T18:28:29.750+0000] {processor.py:157} INFO - Started process (PID=525) to work on /home/airflow/.local/lib/python3.8/site-packages/airflow/example_dags/example_nested_branch_dag.py
[2023-12-03T18:28:29.752+0000] {processor.py:829} INFO - Processing file /home/airflow/.local/lib/python3.8/site-packages/airflow/example_dags/example_nested_branch_dag.py for tasks to queue
[2023-12-03T18:28:29.755+0000] {logging_mixin.py:154} INFO - [2023-12-03T18:28:29.755+0000] {dagbag.py:536} INFO - Filling up the DagBag from /home/airflow/.local/lib/python3.8/site-packages/airflow/example_dags/example_nested_branch_dag.py
[2023-12-03T18:28:29.771+0000] {processor.py:839} INFO - DAG(s) dict_keys(['example_nested_branch_dag']) retrieved from /home/airflow/.local/lib/python3.8/site-packages/airflow/example_dags/example_nested_branch_dag.py
[2023-12-03T18:28:29.806+0000] {logging_mixin.py:154} INFO - [2023-12-03T18:28:29.806+0000] {dag.py:2941} INFO - Sync 1 DAGs
[2023-12-03T18:28:29.849+0000] {logging_mixin.py:154} INFO - [2023-12-03T18:28:29.849+0000] {dag.py:3722} INFO - Setting next_dagrun for example_nested_branch_dag to 2023-12-02T00:00:00+00:00, run_after=2023-12-03T00:00:00+00:00
[2023-12-03T18:28:29.894+0000] {processor.py:179} INFO - Processing /home/airflow/.local/lib/python3.8/site-packages/airflow/example_dags/example_nested_branch_dag.py took 0.148 seconds
[2023-12-03T18:29:46.864+0000] {processor.py:157} INFO - Started process (PID=40) to work on /home/airflow/.local/lib/python3.8/site-packages/airflow/example_dags/example_nested_branch_dag.py
[2023-12-03T18:29:46.866+0000] {processor.py:829} INFO - Processing file /home/airflow/.local/lib/python3.8/site-packages/airflow/example_dags/example_nested_branch_dag.py for tasks to queue
[2023-12-03T18:29:46.870+0000] {logging_mixin.py:154} INFO - [2023-12-03T18:29:46.869+0000] {dagbag.py:536} INFO - Filling up the DagBag from /home/airflow/.local/lib/python3.8/site-packages/airflow/example_dags/example_nested_branch_dag.py
[2023-12-03T18:29:46.897+0000] {processor.py:839} INFO - DAG(s) dict_keys(['example_nested_branch_dag']) retrieved from /home/airflow/.local/lib/python3.8/site-packages/airflow/example_dags/example_nested_branch_dag.py
[2023-12-03T18:29:46.968+0000] {logging_mixin.py:154} INFO - [2023-12-03T18:29:46.968+0000] {dag.py:2941} INFO - Sync 1 DAGs
[2023-12-03T18:29:47.025+0000] {logging_mixin.py:154} INFO - [2023-12-03T18:29:47.025+0000] {dag.py:3722} INFO - Setting next_dagrun for example_nested_branch_dag to 2023-12-02T00:00:00+00:00, run_after=2023-12-03T00:00:00+00:00
[2023-12-03T18:29:47.074+0000] {processor.py:179} INFO - Processing /home/airflow/.local/lib/python3.8/site-packages/airflow/example_dags/example_nested_branch_dag.py took 0.215 seconds
[2023-12-03T18:30:17.942+0000] {processor.py:157} INFO - Started process (PID=95) to work on /home/airflow/.local/lib/python3.8/site-packages/airflow/example_dags/example_nested_branch_dag.py
[2023-12-03T18:30:17.945+0000] {processor.py:829} INFO - Processing file /home/airflow/.local/lib/python3.8/site-packages/airflow/example_dags/example_nested_branch_dag.py for tasks to queue
[2023-12-03T18:30:17.952+0000] {logging_mixin.py:154} INFO - [2023-12-03T18:30:17.951+0000] {dagbag.py:536} INFO - Filling up the DagBag from /home/airflow/.local/lib/python3.8/site-packages/airflow/example_dags/example_nested_branch_dag.py
[2023-12-03T18:30:17.981+0000] {processor.py:839} INFO - DAG(s) dict_keys(['example_nested_branch_dag']) retrieved from /home/airflow/.local/lib/python3.8/site-packages/airflow/example_dags/example_nested_branch_dag.py
[2023-12-03T18:30:18.043+0000] {logging_mixin.py:154} INFO - [2023-12-03T18:30:18.043+0000] {dag.py:2941} INFO - Sync 1 DAGs
[2023-12-03T18:30:18.074+0000] {logging_mixin.py:154} INFO - [2023-12-03T18:30:18.073+0000] {dag.py:3722} INFO - Setting next_dagrun for example_nested_branch_dag to 2023-12-02T00:00:00+00:00, run_after=2023-12-03T00:00:00+00:00
[2023-12-03T18:30:18.101+0000] {processor.py:179} INFO - Processing /home/airflow/.local/lib/python3.8/site-packages/airflow/example_dags/example_nested_branch_dag.py took 0.171 seconds
[2023-12-03T18:30:48.704+0000] {processor.py:157} INFO - Started process (PID=150) to work on /home/airflow/.local/lib/python3.8/site-packages/airflow/example_dags/example_nested_branch_dag.py
[2023-12-03T18:30:48.707+0000] {processor.py:829} INFO - Processing file /home/airflow/.local/lib/python3.8/site-packages/airflow/example_dags/example_nested_branch_dag.py for tasks to queue
[2023-12-03T18:30:48.714+0000] {logging_mixin.py:154} INFO - [2023-12-03T18:30:48.712+0000] {dagbag.py:536} INFO - Filling up the DagBag from /home/airflow/.local/lib/python3.8/site-packages/airflow/example_dags/example_nested_branch_dag.py
[2023-12-03T18:30:48.742+0000] {processor.py:839} INFO - DAG(s) dict_keys(['example_nested_branch_dag']) retrieved from /home/airflow/.local/lib/python3.8/site-packages/airflow/example_dags/example_nested_branch_dag.py
[2023-12-03T18:30:48.786+0000] {logging_mixin.py:154} INFO - [2023-12-03T18:30:48.786+0000] {dag.py:2941} INFO - Sync 1 DAGs
[2023-12-03T18:30:48.849+0000] {logging_mixin.py:154} INFO - [2023-12-03T18:30:48.848+0000] {dag.py:3722} INFO - Setting next_dagrun for example_nested_branch_dag to 2023-12-02T00:00:00+00:00, run_after=2023-12-03T00:00:00+00:00
[2023-12-03T18:30:48.910+0000] {processor.py:179} INFO - Processing /home/airflow/.local/lib/python3.8/site-packages/airflow/example_dags/example_nested_branch_dag.py took 0.217 seconds
[2023-12-03T18:31:19.070+0000] {processor.py:157} INFO - Started process (PID=209) to work on /home/airflow/.local/lib/python3.8/site-packages/airflow/example_dags/example_nested_branch_dag.py
[2023-12-03T18:31:19.071+0000] {processor.py:829} INFO - Processing file /home/airflow/.local/lib/python3.8/site-packages/airflow/example_dags/example_nested_branch_dag.py for tasks to queue
[2023-12-03T18:31:19.075+0000] {logging_mixin.py:154} INFO - [2023-12-03T18:31:19.075+0000] {dagbag.py:536} INFO - Filling up the DagBag from /home/airflow/.local/lib/python3.8/site-packages/airflow/example_dags/example_nested_branch_dag.py
[2023-12-03T18:31:19.095+0000] {processor.py:839} INFO - DAG(s) dict_keys(['example_nested_branch_dag']) retrieved from /home/airflow/.local/lib/python3.8/site-packages/airflow/example_dags/example_nested_branch_dag.py
[2023-12-03T18:31:19.140+0000] {logging_mixin.py:154} INFO - [2023-12-03T18:31:19.139+0000] {dag.py:2941} INFO - Sync 1 DAGs
[2023-12-03T18:31:19.192+0000] {logging_mixin.py:154} INFO - [2023-12-03T18:31:19.191+0000] {dag.py:3722} INFO - Setting next_dagrun for example_nested_branch_dag to 2023-12-02T00:00:00+00:00, run_after=2023-12-03T00:00:00+00:00
[2023-12-03T18:31:19.240+0000] {processor.py:179} INFO - Processing /home/airflow/.local/lib/python3.8/site-packages/airflow/example_dags/example_nested_branch_dag.py took 0.176 seconds
[2023-12-03T18:31:49.382+0000] {processor.py:157} INFO - Started process (PID=268) to work on /home/airflow/.local/lib/python3.8/site-packages/airflow/example_dags/example_nested_branch_dag.py
[2023-12-03T18:31:49.384+0000] {processor.py:829} INFO - Processing file /home/airflow/.local/lib/python3.8/site-packages/airflow/example_dags/example_nested_branch_dag.py for tasks to queue
[2023-12-03T18:31:49.391+0000] {logging_mixin.py:154} INFO - [2023-12-03T18:31:49.390+0000] {dagbag.py:536} INFO - Filling up the DagBag from /home/airflow/.local/lib/python3.8/site-packages/airflow/example_dags/example_nested_branch_dag.py
[2023-12-03T18:31:49.412+0000] {processor.py:839} INFO - DAG(s) dict_keys(['example_nested_branch_dag']) retrieved from /home/airflow/.local/lib/python3.8/site-packages/airflow/example_dags/example_nested_branch_dag.py
[2023-12-03T18:31:49.451+0000] {logging_mixin.py:154} INFO - [2023-12-03T18:31:49.450+0000] {dag.py:2941} INFO - Sync 1 DAGs
[2023-12-03T18:31:49.492+0000] {logging_mixin.py:154} INFO - [2023-12-03T18:31:49.491+0000] {dag.py:3722} INFO - Setting next_dagrun for example_nested_branch_dag to 2023-12-02T00:00:00+00:00, run_after=2023-12-03T00:00:00+00:00
[2023-12-03T18:31:49.527+0000] {processor.py:179} INFO - Processing /home/airflow/.local/lib/python3.8/site-packages/airflow/example_dags/example_nested_branch_dag.py took 0.154 seconds
[2023-12-03T18:32:20.367+0000] {processor.py:157} INFO - Started process (PID=323) to work on /home/airflow/.local/lib/python3.8/site-packages/airflow/example_dags/example_nested_branch_dag.py
[2023-12-03T18:32:20.369+0000] {processor.py:829} INFO - Processing file /home/airflow/.local/lib/python3.8/site-packages/airflow/example_dags/example_nested_branch_dag.py for tasks to queue
[2023-12-03T18:32:20.373+0000] {logging_mixin.py:154} INFO - [2023-12-03T18:32:20.372+0000] {dagbag.py:536} INFO - Filling up the DagBag from /home/airflow/.local/lib/python3.8/site-packages/airflow/example_dags/example_nested_branch_dag.py
[2023-12-03T18:32:20.388+0000] {processor.py:839} INFO - DAG(s) dict_keys(['example_nested_branch_dag']) retrieved from /home/airflow/.local/lib/python3.8/site-packages/airflow/example_dags/example_nested_branch_dag.py
[2023-12-03T18:32:20.443+0000] {logging_mixin.py:154} INFO - [2023-12-03T18:32:20.443+0000] {dag.py:2941} INFO - Sync 1 DAGs
[2023-12-03T18:32:20.496+0000] {logging_mixin.py:154} INFO - [2023-12-03T18:32:20.496+0000] {dag.py:3722} INFO - Setting next_dagrun for example_nested_branch_dag to 2023-12-02T00:00:00+00:00, run_after=2023-12-03T00:00:00+00:00
[2023-12-03T18:32:20.531+0000] {processor.py:179} INFO - Processing /home/airflow/.local/lib/python3.8/site-packages/airflow/example_dags/example_nested_branch_dag.py took 0.169 seconds
[2023-12-03T18:32:50.759+0000] {processor.py:157} INFO - Started process (PID=378) to work on /home/airflow/.local/lib/python3.8/site-packages/airflow/example_dags/example_nested_branch_dag.py
[2023-12-03T18:32:50.760+0000] {processor.py:829} INFO - Processing file /home/airflow/.local/lib/python3.8/site-packages/airflow/example_dags/example_nested_branch_dag.py for tasks to queue
[2023-12-03T18:32:50.763+0000] {logging_mixin.py:154} INFO - [2023-12-03T18:32:50.763+0000] {dagbag.py:536} INFO - Filling up the DagBag from /home/airflow/.local/lib/python3.8/site-packages/airflow/example_dags/example_nested_branch_dag.py
[2023-12-03T18:32:50.778+0000] {processor.py:839} INFO - DAG(s) dict_keys(['example_nested_branch_dag']) retrieved from /home/airflow/.local/lib/python3.8/site-packages/airflow/example_dags/example_nested_branch_dag.py
[2023-12-03T18:32:50.831+0000] {logging_mixin.py:154} INFO - [2023-12-03T18:32:50.830+0000] {dag.py:2941} INFO - Sync 1 DAGs
[2023-12-03T18:32:50.872+0000] {logging_mixin.py:154} INFO - [2023-12-03T18:32:50.872+0000] {dag.py:3722} INFO - Setting next_dagrun for example_nested_branch_dag to 2023-12-02T00:00:00+00:00, run_after=2023-12-03T00:00:00+00:00
[2023-12-03T18:32:50.916+0000] {processor.py:179} INFO - Processing /home/airflow/.local/lib/python3.8/site-packages/airflow/example_dags/example_nested_branch_dag.py took 0.162 seconds
[2023-12-03T18:33:21.506+0000] {processor.py:157} INFO - Started process (PID=433) to work on /home/airflow/.local/lib/python3.8/site-packages/airflow/example_dags/example_nested_branch_dag.py
[2023-12-03T18:33:21.509+0000] {processor.py:829} INFO - Processing file /home/airflow/.local/lib/python3.8/site-packages/airflow/example_dags/example_nested_branch_dag.py for tasks to queue
[2023-12-03T18:33:21.513+0000] {logging_mixin.py:154} INFO - [2023-12-03T18:33:21.512+0000] {dagbag.py:536} INFO - Filling up the DagBag from /home/airflow/.local/lib/python3.8/site-packages/airflow/example_dags/example_nested_branch_dag.py
[2023-12-03T18:33:21.531+0000] {processor.py:839} INFO - DAG(s) dict_keys(['example_nested_branch_dag']) retrieved from /home/airflow/.local/lib/python3.8/site-packages/airflow/example_dags/example_nested_branch_dag.py
[2023-12-03T18:33:21.572+0000] {logging_mixin.py:154} INFO - [2023-12-03T18:33:21.571+0000] {dag.py:2941} INFO - Sync 1 DAGs
[2023-12-03T18:33:21.613+0000] {logging_mixin.py:154} INFO - [2023-12-03T18:33:21.613+0000] {dag.py:3722} INFO - Setting next_dagrun for example_nested_branch_dag to 2023-12-02T00:00:00+00:00, run_after=2023-12-03T00:00:00+00:00
[2023-12-03T18:33:21.847+0000] {processor.py:179} INFO - Processing /home/airflow/.local/lib/python3.8/site-packages/airflow/example_dags/example_nested_branch_dag.py took 0.345 seconds
[2023-12-03T18:33:52.358+0000] {processor.py:157} INFO - Started process (PID=488) to work on /home/airflow/.local/lib/python3.8/site-packages/airflow/example_dags/example_nested_branch_dag.py
[2023-12-03T18:33:52.360+0000] {processor.py:829} INFO - Processing file /home/airflow/.local/lib/python3.8/site-packages/airflow/example_dags/example_nested_branch_dag.py for tasks to queue
[2023-12-03T18:33:52.363+0000] {logging_mixin.py:154} INFO - [2023-12-03T18:33:52.363+0000] {dagbag.py:536} INFO - Filling up the DagBag from /home/airflow/.local/lib/python3.8/site-packages/airflow/example_dags/example_nested_branch_dag.py
[2023-12-03T18:33:52.377+0000] {processor.py:839} INFO - DAG(s) dict_keys(['example_nested_branch_dag']) retrieved from /home/airflow/.local/lib/python3.8/site-packages/airflow/example_dags/example_nested_branch_dag.py
[2023-12-03T18:33:52.409+0000] {logging_mixin.py:154} INFO - [2023-12-03T18:33:52.408+0000] {dag.py:2941} INFO - Sync 1 DAGs
[2023-12-03T18:33:52.444+0000] {logging_mixin.py:154} INFO - [2023-12-03T18:33:52.443+0000] {dag.py:3722} INFO - Setting next_dagrun for example_nested_branch_dag to 2023-12-02T00:00:00+00:00, run_after=2023-12-03T00:00:00+00:00
[2023-12-03T18:33:52.672+0000] {processor.py:179} INFO - Processing /home/airflow/.local/lib/python3.8/site-packages/airflow/example_dags/example_nested_branch_dag.py took 0.321 seconds
[2023-12-03T18:34:23.136+0000] {processor.py:157} INFO - Started process (PID=543) to work on /home/airflow/.local/lib/python3.8/site-packages/airflow/example_dags/example_nested_branch_dag.py
[2023-12-03T18:34:23.139+0000] {processor.py:829} INFO - Processing file /home/airflow/.local/lib/python3.8/site-packages/airflow/example_dags/example_nested_branch_dag.py for tasks to queue
[2023-12-03T18:34:23.147+0000] {logging_mixin.py:154} INFO - [2023-12-03T18:34:23.146+0000] {dagbag.py:536} INFO - Filling up the DagBag from /home/airflow/.local/lib/python3.8/site-packages/airflow/example_dags/example_nested_branch_dag.py
[2023-12-03T18:34:23.177+0000] {processor.py:839} INFO - DAG(s) dict_keys(['example_nested_branch_dag']) retrieved from /home/airflow/.local/lib/python3.8/site-packages/airflow/example_dags/example_nested_branch_dag.py
[2023-12-03T18:34:23.232+0000] {logging_mixin.py:154} INFO - [2023-12-03T18:34:23.231+0000] {dag.py:2941} INFO - Sync 1 DAGs
[2023-12-03T18:34:23.292+0000] {logging_mixin.py:154} INFO - [2023-12-03T18:34:23.291+0000] {dag.py:3722} INFO - Setting next_dagrun for example_nested_branch_dag to 2023-12-02T00:00:00+00:00, run_after=2023-12-03T00:00:00+00:00
[2023-12-03T18:34:23.503+0000] {processor.py:179} INFO - Processing /home/airflow/.local/lib/python3.8/site-packages/airflow/example_dags/example_nested_branch_dag.py took 0.378 seconds
[2023-12-03T18:34:53.896+0000] {processor.py:157} INFO - Started process (PID=598) to work on /home/airflow/.local/lib/python3.8/site-packages/airflow/example_dags/example_nested_branch_dag.py
[2023-12-03T18:34:53.897+0000] {processor.py:829} INFO - Processing file /home/airflow/.local/lib/python3.8/site-packages/airflow/example_dags/example_nested_branch_dag.py for tasks to queue
[2023-12-03T18:34:53.901+0000] {logging_mixin.py:154} INFO - [2023-12-03T18:34:53.900+0000] {dagbag.py:536} INFO - Filling up the DagBag from /home/airflow/.local/lib/python3.8/site-packages/airflow/example_dags/example_nested_branch_dag.py
[2023-12-03T18:34:53.916+0000] {processor.py:839} INFO - DAG(s) dict_keys(['example_nested_branch_dag']) retrieved from /home/airflow/.local/lib/python3.8/site-packages/airflow/example_dags/example_nested_branch_dag.py
[2023-12-03T18:34:53.951+0000] {logging_mixin.py:154} INFO - [2023-12-03T18:34:53.950+0000] {dag.py:2941} INFO - Sync 1 DAGs
[2023-12-03T18:34:53.989+0000] {logging_mixin.py:154} INFO - [2023-12-03T18:34:53.988+0000] {dag.py:3722} INFO - Setting next_dagrun for example_nested_branch_dag to 2023-12-02T00:00:00+00:00, run_after=2023-12-03T00:00:00+00:00
[2023-12-03T18:34:54.189+0000] {processor.py:179} INFO - Processing /home/airflow/.local/lib/python3.8/site-packages/airflow/example_dags/example_nested_branch_dag.py took 0.299 seconds
[2023-12-03T18:35:25.103+0000] {processor.py:157} INFO - Started process (PID=653) to work on /home/airflow/.local/lib/python3.8/site-packages/airflow/example_dags/example_nested_branch_dag.py
[2023-12-03T18:35:25.104+0000] {processor.py:829} INFO - Processing file /home/airflow/.local/lib/python3.8/site-packages/airflow/example_dags/example_nested_branch_dag.py for tasks to queue
[2023-12-03T18:35:25.108+0000] {logging_mixin.py:154} INFO - [2023-12-03T18:35:25.107+0000] {dagbag.py:536} INFO - Filling up the DagBag from /home/airflow/.local/lib/python3.8/site-packages/airflow/example_dags/example_nested_branch_dag.py
[2023-12-03T18:35:25.124+0000] {processor.py:839} INFO - DAG(s) dict_keys(['example_nested_branch_dag']) retrieved from /home/airflow/.local/lib/python3.8/site-packages/airflow/example_dags/example_nested_branch_dag.py
[2023-12-03T18:35:25.168+0000] {logging_mixin.py:154} INFO - [2023-12-03T18:35:25.168+0000] {dag.py:2941} INFO - Sync 1 DAGs
[2023-12-03T18:35:25.217+0000] {logging_mixin.py:154} INFO - [2023-12-03T18:35:25.216+0000] {dag.py:3722} INFO - Setting next_dagrun for example_nested_branch_dag to 2023-12-02T00:00:00+00:00, run_after=2023-12-03T00:00:00+00:00
[2023-12-03T18:35:25.431+0000] {processor.py:179} INFO - Processing /home/airflow/.local/lib/python3.8/site-packages/airflow/example_dags/example_nested_branch_dag.py took 0.334 seconds
[2023-12-03T18:35:55.899+0000] {processor.py:157} INFO - Started process (PID=708) to work on /home/airflow/.local/lib/python3.8/site-packages/airflow/example_dags/example_nested_branch_dag.py
[2023-12-03T18:35:55.900+0000] {processor.py:829} INFO - Processing file /home/airflow/.local/lib/python3.8/site-packages/airflow/example_dags/example_nested_branch_dag.py for tasks to queue
[2023-12-03T18:35:55.905+0000] {logging_mixin.py:154} INFO - [2023-12-03T18:35:55.904+0000] {dagbag.py:536} INFO - Filling up the DagBag from /home/airflow/.local/lib/python3.8/site-packages/airflow/example_dags/example_nested_branch_dag.py
[2023-12-03T18:35:55.921+0000] {processor.py:839} INFO - DAG(s) dict_keys(['example_nested_branch_dag']) retrieved from /home/airflow/.local/lib/python3.8/site-packages/airflow/example_dags/example_nested_branch_dag.py
[2023-12-03T18:35:55.958+0000] {logging_mixin.py:154} INFO - [2023-12-03T18:35:55.958+0000] {dag.py:2941} INFO - Sync 1 DAGs
[2023-12-03T18:35:55.997+0000] {logging_mixin.py:154} INFO - [2023-12-03T18:35:55.997+0000] {dag.py:3722} INFO - Setting next_dagrun for example_nested_branch_dag to 2023-12-02T00:00:00+00:00, run_after=2023-12-03T00:00:00+00:00
[2023-12-03T18:35:56.035+0000] {processor.py:179} INFO - Processing /home/airflow/.local/lib/python3.8/site-packages/airflow/example_dags/example_nested_branch_dag.py took 0.142 seconds
[2023-12-03T18:36:26.859+0000] {processor.py:157} INFO - Started process (PID=770) to work on /home/airflow/.local/lib/python3.8/site-packages/airflow/example_dags/example_nested_branch_dag.py
[2023-12-03T18:36:26.860+0000] {processor.py:829} INFO - Processing file /home/airflow/.local/lib/python3.8/site-packages/airflow/example_dags/example_nested_branch_dag.py for tasks to queue
[2023-12-03T18:36:26.864+0000] {logging_mixin.py:154} INFO - [2023-12-03T18:36:26.863+0000] {dagbag.py:536} INFO - Filling up the DagBag from /home/airflow/.local/lib/python3.8/site-packages/airflow/example_dags/example_nested_branch_dag.py
[2023-12-03T18:36:26.878+0000] {processor.py:839} INFO - DAG(s) dict_keys(['example_nested_branch_dag']) retrieved from /home/airflow/.local/lib/python3.8/site-packages/airflow/example_dags/example_nested_branch_dag.py
[2023-12-03T18:36:26.939+0000] {logging_mixin.py:154} INFO - [2023-12-03T18:36:26.939+0000] {dag.py:2941} INFO - Sync 1 DAGs
[2023-12-03T18:36:26.989+0000] {logging_mixin.py:154} INFO - [2023-12-03T18:36:26.989+0000] {dag.py:3722} INFO - Setting next_dagrun for example_nested_branch_dag to 2023-12-02T00:00:00+00:00, run_after=2023-12-03T00:00:00+00:00
[2023-12-03T18:36:27.022+0000] {processor.py:179} INFO - Processing /home/airflow/.local/lib/python3.8/site-packages/airflow/example_dags/example_nested_branch_dag.py took 0.169 seconds
[2023-12-03T18:36:57.738+0000] {processor.py:157} INFO - Started process (PID=825) to work on /home/airflow/.local/lib/python3.8/site-packages/airflow/example_dags/example_nested_branch_dag.py
[2023-12-03T18:36:57.740+0000] {processor.py:829} INFO - Processing file /home/airflow/.local/lib/python3.8/site-packages/airflow/example_dags/example_nested_branch_dag.py for tasks to queue
[2023-12-03T18:36:57.745+0000] {logging_mixin.py:154} INFO - [2023-12-03T18:36:57.744+0000] {dagbag.py:536} INFO - Filling up the DagBag from /home/airflow/.local/lib/python3.8/site-packages/airflow/example_dags/example_nested_branch_dag.py
[2023-12-03T18:36:57.765+0000] {processor.py:839} INFO - DAG(s) dict_keys(['example_nested_branch_dag']) retrieved from /home/airflow/.local/lib/python3.8/site-packages/airflow/example_dags/example_nested_branch_dag.py
[2023-12-03T18:36:57.811+0000] {logging_mixin.py:154} INFO - [2023-12-03T18:36:57.810+0000] {dag.py:2941} INFO - Sync 1 DAGs
[2023-12-03T18:36:57.869+0000] {logging_mixin.py:154} INFO - [2023-12-03T18:36:57.868+0000] {dag.py:3722} INFO - Setting next_dagrun for example_nested_branch_dag to 2023-12-02T00:00:00+00:00, run_after=2023-12-03T00:00:00+00:00
[2023-12-03T18:36:57.923+0000] {processor.py:179} INFO - Processing /home/airflow/.local/lib/python3.8/site-packages/airflow/example_dags/example_nested_branch_dag.py took 0.193 seconds
[2023-12-03T18:37:28.279+0000] {processor.py:157} INFO - Started process (PID=880) to work on /home/airflow/.local/lib/python3.8/site-packages/airflow/example_dags/example_nested_branch_dag.py
[2023-12-03T18:37:28.282+0000] {processor.py:829} INFO - Processing file /home/airflow/.local/lib/python3.8/site-packages/airflow/example_dags/example_nested_branch_dag.py for tasks to queue
[2023-12-03T18:37:28.287+0000] {logging_mixin.py:154} INFO - [2023-12-03T18:37:28.286+0000] {dagbag.py:536} INFO - Filling up the DagBag from /home/airflow/.local/lib/python3.8/site-packages/airflow/example_dags/example_nested_branch_dag.py
[2023-12-03T18:37:28.341+0000] {processor.py:839} INFO - DAG(s) dict_keys(['example_nested_branch_dag']) retrieved from /home/airflow/.local/lib/python3.8/site-packages/airflow/example_dags/example_nested_branch_dag.py
[2023-12-03T18:37:28.402+0000] {logging_mixin.py:154} INFO - [2023-12-03T18:37:28.402+0000] {dag.py:2941} INFO - Sync 1 DAGs
[2023-12-03T18:37:28.451+0000] {logging_mixin.py:154} INFO - [2023-12-03T18:37:28.451+0000] {dag.py:3722} INFO - Setting next_dagrun for example_nested_branch_dag to 2023-12-02T00:00:00+00:00, run_after=2023-12-03T00:00:00+00:00
[2023-12-03T18:37:28.487+0000] {processor.py:179} INFO - Processing /home/airflow/.local/lib/python3.8/site-packages/airflow/example_dags/example_nested_branch_dag.py took 0.214 seconds
[2023-12-03T18:37:59.084+0000] {processor.py:157} INFO - Started process (PID=935) to work on /home/airflow/.local/lib/python3.8/site-packages/airflow/example_dags/example_nested_branch_dag.py
[2023-12-03T18:37:59.086+0000] {processor.py:829} INFO - Processing file /home/airflow/.local/lib/python3.8/site-packages/airflow/example_dags/example_nested_branch_dag.py for tasks to queue
[2023-12-03T18:37:59.094+0000] {logging_mixin.py:154} INFO - [2023-12-03T18:37:59.092+0000] {dagbag.py:536} INFO - Filling up the DagBag from /home/airflow/.local/lib/python3.8/site-packages/airflow/example_dags/example_nested_branch_dag.py
[2023-12-03T18:37:59.122+0000] {processor.py:839} INFO - DAG(s) dict_keys(['example_nested_branch_dag']) retrieved from /home/airflow/.local/lib/python3.8/site-packages/airflow/example_dags/example_nested_branch_dag.py
[2023-12-03T18:37:59.171+0000] {logging_mixin.py:154} INFO - [2023-12-03T18:37:59.171+0000] {dag.py:2941} INFO - Sync 1 DAGs
[2023-12-03T18:37:59.216+0000] {logging_mixin.py:154} INFO - [2023-12-03T18:37:59.216+0000] {dag.py:3722} INFO - Setting next_dagrun for example_nested_branch_dag to 2023-12-02T00:00:00+00:00, run_after=2023-12-03T00:00:00+00:00
[2023-12-03T18:37:59.249+0000] {processor.py:179} INFO - Processing /home/airflow/.local/lib/python3.8/site-packages/airflow/example_dags/example_nested_branch_dag.py took 0.176 seconds
[2023-12-03T18:38:29.518+0000] {processor.py:157} INFO - Started process (PID=990) to work on /home/airflow/.local/lib/python3.8/site-packages/airflow/example_dags/example_nested_branch_dag.py
[2023-12-03T18:38:29.521+0000] {processor.py:829} INFO - Processing file /home/airflow/.local/lib/python3.8/site-packages/airflow/example_dags/example_nested_branch_dag.py for tasks to queue
[2023-12-03T18:38:29.530+0000] {logging_mixin.py:154} INFO - [2023-12-03T18:38:29.529+0000] {dagbag.py:536} INFO - Filling up the DagBag from /home/airflow/.local/lib/python3.8/site-packages/airflow/example_dags/example_nested_branch_dag.py
[2023-12-03T18:38:29.559+0000] {processor.py:839} INFO - DAG(s) dict_keys(['example_nested_branch_dag']) retrieved from /home/airflow/.local/lib/python3.8/site-packages/airflow/example_dags/example_nested_branch_dag.py
[2023-12-03T18:38:29.603+0000] {logging_mixin.py:154} INFO - [2023-12-03T18:38:29.603+0000] {dag.py:2941} INFO - Sync 1 DAGs
[2023-12-03T18:38:29.640+0000] {logging_mixin.py:154} INFO - [2023-12-03T18:38:29.640+0000] {dag.py:3722} INFO - Setting next_dagrun for example_nested_branch_dag to 2023-12-02T00:00:00+00:00, run_after=2023-12-03T00:00:00+00:00
[2023-12-03T18:38:29.688+0000] {processor.py:179} INFO - Processing /home/airflow/.local/lib/python3.8/site-packages/airflow/example_dags/example_nested_branch_dag.py took 0.182 seconds
[2023-12-03T18:39:00.174+0000] {processor.py:157} INFO - Started process (PID=1045) to work on /home/airflow/.local/lib/python3.8/site-packages/airflow/example_dags/example_nested_branch_dag.py
[2023-12-03T18:39:00.176+0000] {processor.py:829} INFO - Processing file /home/airflow/.local/lib/python3.8/site-packages/airflow/example_dags/example_nested_branch_dag.py for tasks to queue
[2023-12-03T18:39:00.185+0000] {logging_mixin.py:154} INFO - [2023-12-03T18:39:00.183+0000] {dagbag.py:536} INFO - Filling up the DagBag from /home/airflow/.local/lib/python3.8/site-packages/airflow/example_dags/example_nested_branch_dag.py
[2023-12-03T18:39:00.226+0000] {processor.py:839} INFO - DAG(s) dict_keys(['example_nested_branch_dag']) retrieved from /home/airflow/.local/lib/python3.8/site-packages/airflow/example_dags/example_nested_branch_dag.py
[2023-12-03T18:39:00.270+0000] {logging_mixin.py:154} INFO - [2023-12-03T18:39:00.269+0000] {dag.py:2941} INFO - Sync 1 DAGs
[2023-12-03T18:39:00.308+0000] {logging_mixin.py:154} INFO - [2023-12-03T18:39:00.307+0000] {dag.py:3722} INFO - Setting next_dagrun for example_nested_branch_dag to 2023-12-02T00:00:00+00:00, run_after=2023-12-03T00:00:00+00:00
[2023-12-03T18:39:00.352+0000] {processor.py:179} INFO - Processing /home/airflow/.local/lib/python3.8/site-packages/airflow/example_dags/example_nested_branch_dag.py took 0.189 seconds
[2023-12-03T18:39:30.498+0000] {processor.py:157} INFO - Started process (PID=1100) to work on /home/airflow/.local/lib/python3.8/site-packages/airflow/example_dags/example_nested_branch_dag.py
[2023-12-03T18:39:30.499+0000] {processor.py:829} INFO - Processing file /home/airflow/.local/lib/python3.8/site-packages/airflow/example_dags/example_nested_branch_dag.py for tasks to queue
[2023-12-03T18:39:30.503+0000] {logging_mixin.py:154} INFO - [2023-12-03T18:39:30.502+0000] {dagbag.py:536} INFO - Filling up the DagBag from /home/airflow/.local/lib/python3.8/site-packages/airflow/example_dags/example_nested_branch_dag.py
[2023-12-03T18:39:30.534+0000] {processor.py:839} INFO - DAG(s) dict_keys(['example_nested_branch_dag']) retrieved from /home/airflow/.local/lib/python3.8/site-packages/airflow/example_dags/example_nested_branch_dag.py
[2023-12-03T18:39:30.595+0000] {logging_mixin.py:154} INFO - [2023-12-03T18:39:30.595+0000] {dag.py:2941} INFO - Sync 1 DAGs
[2023-12-03T18:39:30.629+0000] {logging_mixin.py:154} INFO - [2023-12-03T18:39:30.628+0000] {dag.py:3722} INFO - Setting next_dagrun for example_nested_branch_dag to 2023-12-02T00:00:00+00:00, run_after=2023-12-03T00:00:00+00:00
[2023-12-03T18:39:30.659+0000] {processor.py:179} INFO - Processing /home/airflow/.local/lib/python3.8/site-packages/airflow/example_dags/example_nested_branch_dag.py took 0.166 seconds
[2023-12-03T18:40:00.798+0000] {processor.py:157} INFO - Started process (PID=1155) to work on /home/airflow/.local/lib/python3.8/site-packages/airflow/example_dags/example_nested_branch_dag.py
[2023-12-03T18:40:00.800+0000] {processor.py:829} INFO - Processing file /home/airflow/.local/lib/python3.8/site-packages/airflow/example_dags/example_nested_branch_dag.py for tasks to queue
[2023-12-03T18:40:00.804+0000] {logging_mixin.py:154} INFO - [2023-12-03T18:40:00.803+0000] {dagbag.py:536} INFO - Filling up the DagBag from /home/airflow/.local/lib/python3.8/site-packages/airflow/example_dags/example_nested_branch_dag.py
[2023-12-03T18:40:00.820+0000] {processor.py:839} INFO - DAG(s) dict_keys(['example_nested_branch_dag']) retrieved from /home/airflow/.local/lib/python3.8/site-packages/airflow/example_dags/example_nested_branch_dag.py
[2023-12-03T18:40:00.861+0000] {logging_mixin.py:154} INFO - [2023-12-03T18:40:00.861+0000] {dag.py:2941} INFO - Sync 1 DAGs
[2023-12-03T18:40:00.908+0000] {logging_mixin.py:154} INFO - [2023-12-03T18:40:00.907+0000] {dag.py:3722} INFO - Setting next_dagrun for example_nested_branch_dag to 2023-12-02T00:00:00+00:00, run_after=2023-12-03T00:00:00+00:00
[2023-12-03T18:40:00.947+0000] {processor.py:179} INFO - Processing /home/airflow/.local/lib/python3.8/site-packages/airflow/example_dags/example_nested_branch_dag.py took 0.153 seconds
[2023-12-03T18:41:30.391+0000] {processor.py:157} INFO - Started process (PID=40) to work on /home/airflow/.local/lib/python3.8/site-packages/airflow/example_dags/example_nested_branch_dag.py
[2023-12-03T18:41:30.393+0000] {processor.py:829} INFO - Processing file /home/airflow/.local/lib/python3.8/site-packages/airflow/example_dags/example_nested_branch_dag.py for tasks to queue
[2023-12-03T18:41:30.397+0000] {logging_mixin.py:154} INFO - [2023-12-03T18:41:30.397+0000] {dagbag.py:536} INFO - Filling up the DagBag from /home/airflow/.local/lib/python3.8/site-packages/airflow/example_dags/example_nested_branch_dag.py
[2023-12-03T18:41:30.435+0000] {processor.py:839} INFO - DAG(s) dict_keys(['example_nested_branch_dag']) retrieved from /home/airflow/.local/lib/python3.8/site-packages/airflow/example_dags/example_nested_branch_dag.py
[2023-12-03T18:41:30.462+0000] {logging_mixin.py:154} INFO - [2023-12-03T18:41:30.462+0000] {dag.py:2941} INFO - Sync 1 DAGs
[2023-12-03T18:41:30.507+0000] {logging_mixin.py:154} INFO - [2023-12-03T18:41:30.506+0000] {dag.py:3722} INFO - Setting next_dagrun for example_nested_branch_dag to 2023-12-02T00:00:00+00:00, run_after=2023-12-03T00:00:00+00:00
[2023-12-03T18:41:30.556+0000] {processor.py:179} INFO - Processing /home/airflow/.local/lib/python3.8/site-packages/airflow/example_dags/example_nested_branch_dag.py took 0.170 seconds
[2023-12-03T18:41:55.155+0000] {processor.py:157} INFO - Started process (PID=39) to work on /home/airflow/.local/lib/python3.8/site-packages/airflow/example_dags/example_nested_branch_dag.py
[2023-12-03T18:41:55.156+0000] {processor.py:829} INFO - Processing file /home/airflow/.local/lib/python3.8/site-packages/airflow/example_dags/example_nested_branch_dag.py for tasks to queue
[2023-12-03T18:41:55.160+0000] {logging_mixin.py:154} INFO - [2023-12-03T18:41:55.160+0000] {dagbag.py:536} INFO - Filling up the DagBag from /home/airflow/.local/lib/python3.8/site-packages/airflow/example_dags/example_nested_branch_dag.py
[2023-12-03T18:41:55.179+0000] {processor.py:839} INFO - DAG(s) dict_keys(['example_nested_branch_dag']) retrieved from /home/airflow/.local/lib/python3.8/site-packages/airflow/example_dags/example_nested_branch_dag.py
[2023-12-03T18:41:55.222+0000] {logging_mixin.py:154} INFO - [2023-12-03T18:41:55.222+0000] {dag.py:2941} INFO - Sync 1 DAGs
[2023-12-03T18:41:55.283+0000] {logging_mixin.py:154} INFO - [2023-12-03T18:41:55.283+0000] {dag.py:3722} INFO - Setting next_dagrun for example_nested_branch_dag to 2023-12-02T00:00:00+00:00, run_after=2023-12-03T00:00:00+00:00
[2023-12-03T18:41:55.325+0000] {processor.py:179} INFO - Processing /home/airflow/.local/lib/python3.8/site-packages/airflow/example_dags/example_nested_branch_dag.py took 0.175 seconds
[2023-12-03T18:42:25.814+0000] {processor.py:157} INFO - Started process (PID=94) to work on /home/airflow/.local/lib/python3.8/site-packages/airflow/example_dags/example_nested_branch_dag.py
[2023-12-03T18:42:25.815+0000] {processor.py:829} INFO - Processing file /home/airflow/.local/lib/python3.8/site-packages/airflow/example_dags/example_nested_branch_dag.py for tasks to queue
[2023-12-03T18:42:25.819+0000] {logging_mixin.py:154} INFO - [2023-12-03T18:42:25.819+0000] {dagbag.py:536} INFO - Filling up the DagBag from /home/airflow/.local/lib/python3.8/site-packages/airflow/example_dags/example_nested_branch_dag.py
[2023-12-03T18:42:25.836+0000] {processor.py:839} INFO - DAG(s) dict_keys(['example_nested_branch_dag']) retrieved from /home/airflow/.local/lib/python3.8/site-packages/airflow/example_dags/example_nested_branch_dag.py
[2023-12-03T18:42:25.870+0000] {logging_mixin.py:154} INFO - [2023-12-03T18:42:25.870+0000] {dag.py:2941} INFO - Sync 1 DAGs
[2023-12-03T18:42:25.910+0000] {logging_mixin.py:154} INFO - [2023-12-03T18:42:25.910+0000] {dag.py:3722} INFO - Setting next_dagrun for example_nested_branch_dag to 2023-12-02T00:00:00+00:00, run_after=2023-12-03T00:00:00+00:00
[2023-12-03T18:42:25.952+0000] {processor.py:179} INFO - Processing /home/airflow/.local/lib/python3.8/site-packages/airflow/example_dags/example_nested_branch_dag.py took 0.143 seconds
[2023-12-03T18:42:56.944+0000] {processor.py:157} INFO - Started process (PID=150) to work on /home/airflow/.local/lib/python3.8/site-packages/airflow/example_dags/example_nested_branch_dag.py
[2023-12-03T18:42:56.945+0000] {processor.py:829} INFO - Processing file /home/airflow/.local/lib/python3.8/site-packages/airflow/example_dags/example_nested_branch_dag.py for tasks to queue
[2023-12-03T18:42:56.950+0000] {logging_mixin.py:154} INFO - [2023-12-03T18:42:56.949+0000] {dagbag.py:536} INFO - Filling up the DagBag from /home/airflow/.local/lib/python3.8/site-packages/airflow/example_dags/example_nested_branch_dag.py
[2023-12-03T18:42:56.965+0000] {processor.py:839} INFO - DAG(s) dict_keys(['example_nested_branch_dag']) retrieved from /home/airflow/.local/lib/python3.8/site-packages/airflow/example_dags/example_nested_branch_dag.py
[2023-12-03T18:42:57.012+0000] {logging_mixin.py:154} INFO - [2023-12-03T18:42:57.012+0000] {dag.py:2941} INFO - Sync 1 DAGs
[2023-12-03T18:42:57.048+0000] {logging_mixin.py:154} INFO - [2023-12-03T18:42:57.048+0000] {dag.py:3722} INFO - Setting next_dagrun for example_nested_branch_dag to 2023-12-02T00:00:00+00:00, run_after=2023-12-03T00:00:00+00:00
[2023-12-03T18:42:57.089+0000] {processor.py:179} INFO - Processing /home/airflow/.local/lib/python3.8/site-packages/airflow/example_dags/example_nested_branch_dag.py took 0.149 seconds
[2023-12-03T18:43:27.564+0000] {processor.py:157} INFO - Started process (PID=205) to work on /home/airflow/.local/lib/python3.8/site-packages/airflow/example_dags/example_nested_branch_dag.py
[2023-12-03T18:43:27.566+0000] {processor.py:829} INFO - Processing file /home/airflow/.local/lib/python3.8/site-packages/airflow/example_dags/example_nested_branch_dag.py for tasks to queue
[2023-12-03T18:43:27.571+0000] {logging_mixin.py:154} INFO - [2023-12-03T18:43:27.570+0000] {dagbag.py:536} INFO - Filling up the DagBag from /home/airflow/.local/lib/python3.8/site-packages/airflow/example_dags/example_nested_branch_dag.py
[2023-12-03T18:43:27.588+0000] {processor.py:839} INFO - DAG(s) dict_keys(['example_nested_branch_dag']) retrieved from /home/airflow/.local/lib/python3.8/site-packages/airflow/example_dags/example_nested_branch_dag.py
[2023-12-03T18:43:27.622+0000] {logging_mixin.py:154} INFO - [2023-12-03T18:43:27.622+0000] {dag.py:2941} INFO - Sync 1 DAGs
[2023-12-03T18:43:27.674+0000] {logging_mixin.py:154} INFO - [2023-12-03T18:43:27.673+0000] {dag.py:3722} INFO - Setting next_dagrun for example_nested_branch_dag to 2023-12-02T00:00:00+00:00, run_after=2023-12-03T00:00:00+00:00
[2023-12-03T18:43:27.709+0000] {processor.py:179} INFO - Processing /home/airflow/.local/lib/python3.8/site-packages/airflow/example_dags/example_nested_branch_dag.py took 0.149 seconds
[2023-12-03T18:43:58.561+0000] {processor.py:157} INFO - Started process (PID=260) to work on /home/airflow/.local/lib/python3.8/site-packages/airflow/example_dags/example_nested_branch_dag.py
[2023-12-03T18:43:58.563+0000] {processor.py:829} INFO - Processing file /home/airflow/.local/lib/python3.8/site-packages/airflow/example_dags/example_nested_branch_dag.py for tasks to queue
[2023-12-03T18:43:58.569+0000] {logging_mixin.py:154} INFO - [2023-12-03T18:43:58.568+0000] {dagbag.py:536} INFO - Filling up the DagBag from /home/airflow/.local/lib/python3.8/site-packages/airflow/example_dags/example_nested_branch_dag.py
[2023-12-03T18:43:58.597+0000] {processor.py:839} INFO - DAG(s) dict_keys(['example_nested_branch_dag']) retrieved from /home/airflow/.local/lib/python3.8/site-packages/airflow/example_dags/example_nested_branch_dag.py
[2023-12-03T18:43:58.639+0000] {logging_mixin.py:154} INFO - [2023-12-03T18:43:58.639+0000] {dag.py:2941} INFO - Sync 1 DAGs
[2023-12-03T18:43:58.673+0000] {logging_mixin.py:154} INFO - [2023-12-03T18:43:58.673+0000] {dag.py:3722} INFO - Setting next_dagrun for example_nested_branch_dag to 2023-12-02T00:00:00+00:00, run_after=2023-12-03T00:00:00+00:00
[2023-12-03T18:43:58.708+0000] {processor.py:179} INFO - Processing /home/airflow/.local/lib/python3.8/site-packages/airflow/example_dags/example_nested_branch_dag.py took 0.154 seconds
[2023-12-03T18:44:29.566+0000] {processor.py:157} INFO - Started process (PID=315) to work on /home/airflow/.local/lib/python3.8/site-packages/airflow/example_dags/example_nested_branch_dag.py
[2023-12-03T18:44:29.567+0000] {processor.py:829} INFO - Processing file /home/airflow/.local/lib/python3.8/site-packages/airflow/example_dags/example_nested_branch_dag.py for tasks to queue
[2023-12-03T18:44:29.571+0000] {logging_mixin.py:154} INFO - [2023-12-03T18:44:29.570+0000] {dagbag.py:536} INFO - Filling up the DagBag from /home/airflow/.local/lib/python3.8/site-packages/airflow/example_dags/example_nested_branch_dag.py
[2023-12-03T18:44:29.593+0000] {processor.py:839} INFO - DAG(s) dict_keys(['example_nested_branch_dag']) retrieved from /home/airflow/.local/lib/python3.8/site-packages/airflow/example_dags/example_nested_branch_dag.py
[2023-12-03T18:44:29.634+0000] {logging_mixin.py:154} INFO - [2023-12-03T18:44:29.633+0000] {dag.py:2941} INFO - Sync 1 DAGs
[2023-12-03T18:44:29.684+0000] {logging_mixin.py:154} INFO - [2023-12-03T18:44:29.684+0000] {dag.py:3722} INFO - Setting next_dagrun for example_nested_branch_dag to 2023-12-02T00:00:00+00:00, run_after=2023-12-03T00:00:00+00:00
[2023-12-03T18:44:29.720+0000] {processor.py:179} INFO - Processing /home/airflow/.local/lib/python3.8/site-packages/airflow/example_dags/example_nested_branch_dag.py took 0.161 seconds
[2023-12-03T18:48:26.742+0000] {processor.py:157} INFO - Started process (PID=43) to work on /home/airflow/.local/lib/python3.8/site-packages/airflow/example_dags/example_nested_branch_dag.py
[2023-12-03T18:48:26.744+0000] {processor.py:829} INFO - Processing file /home/airflow/.local/lib/python3.8/site-packages/airflow/example_dags/example_nested_branch_dag.py for tasks to queue
[2023-12-03T18:48:26.748+0000] {logging_mixin.py:154} INFO - [2023-12-03T18:48:26.747+0000] {dagbag.py:536} INFO - Filling up the DagBag from /home/airflow/.local/lib/python3.8/site-packages/airflow/example_dags/example_nested_branch_dag.py
[2023-12-03T18:48:26.774+0000] {processor.py:839} INFO - DAG(s) dict_keys(['example_nested_branch_dag']) retrieved from /home/airflow/.local/lib/python3.8/site-packages/airflow/example_dags/example_nested_branch_dag.py
[2023-12-03T18:48:26.793+0000] {logging_mixin.py:154} INFO - [2023-12-03T18:48:26.793+0000] {dag.py:2941} INFO - Sync 1 DAGs
[2023-12-03T18:48:26.834+0000] {logging_mixin.py:154} INFO - [2023-12-03T18:48:26.834+0000] {dag.py:3722} INFO - Setting next_dagrun for example_nested_branch_dag to 2023-12-02T00:00:00+00:00, run_after=2023-12-03T00:00:00+00:00
[2023-12-03T18:48:26.866+0000] {processor.py:179} INFO - Processing /home/airflow/.local/lib/python3.8/site-packages/airflow/example_dags/example_nested_branch_dag.py took 0.130 seconds
[2023-12-03T18:48:57.380+0000] {processor.py:157} INFO - Started process (PID=98) to work on /home/airflow/.local/lib/python3.8/site-packages/airflow/example_dags/example_nested_branch_dag.py
[2023-12-03T18:48:57.381+0000] {processor.py:829} INFO - Processing file /home/airflow/.local/lib/python3.8/site-packages/airflow/example_dags/example_nested_branch_dag.py for tasks to queue
[2023-12-03T18:48:57.386+0000] {logging_mixin.py:154} INFO - [2023-12-03T18:48:57.386+0000] {dagbag.py:536} INFO - Filling up the DagBag from /home/airflow/.local/lib/python3.8/site-packages/airflow/example_dags/example_nested_branch_dag.py
[2023-12-03T18:48:57.402+0000] {processor.py:839} INFO - DAG(s) dict_keys(['example_nested_branch_dag']) retrieved from /home/airflow/.local/lib/python3.8/site-packages/airflow/example_dags/example_nested_branch_dag.py
[2023-12-03T18:48:57.442+0000] {logging_mixin.py:154} INFO - [2023-12-03T18:48:57.442+0000] {dag.py:2941} INFO - Sync 1 DAGs
[2023-12-03T18:48:57.484+0000] {logging_mixin.py:154} INFO - [2023-12-03T18:48:57.484+0000] {dag.py:3722} INFO - Setting next_dagrun for example_nested_branch_dag to 2023-12-02T00:00:00+00:00, run_after=2023-12-03T00:00:00+00:00
[2023-12-03T18:48:57.516+0000] {processor.py:179} INFO - Processing /home/airflow/.local/lib/python3.8/site-packages/airflow/example_dags/example_nested_branch_dag.py took 0.141 seconds
[2023-12-03T18:49:27.949+0000] {processor.py:157} INFO - Started process (PID=153) to work on /home/airflow/.local/lib/python3.8/site-packages/airflow/example_dags/example_nested_branch_dag.py
[2023-12-03T18:49:27.951+0000] {processor.py:829} INFO - Processing file /home/airflow/.local/lib/python3.8/site-packages/airflow/example_dags/example_nested_branch_dag.py for tasks to queue
[2023-12-03T18:49:27.958+0000] {logging_mixin.py:154} INFO - [2023-12-03T18:49:27.957+0000] {dagbag.py:536} INFO - Filling up the DagBag from /home/airflow/.local/lib/python3.8/site-packages/airflow/example_dags/example_nested_branch_dag.py
[2023-12-03T18:49:27.991+0000] {processor.py:839} INFO - DAG(s) dict_keys(['example_nested_branch_dag']) retrieved from /home/airflow/.local/lib/python3.8/site-packages/airflow/example_dags/example_nested_branch_dag.py
[2023-12-03T18:49:28.038+0000] {logging_mixin.py:154} INFO - [2023-12-03T18:49:28.038+0000] {dag.py:2941} INFO - Sync 1 DAGs
[2023-12-03T18:49:28.079+0000] {logging_mixin.py:154} INFO - [2023-12-03T18:49:28.078+0000] {dag.py:3722} INFO - Setting next_dagrun for example_nested_branch_dag to 2023-12-02T00:00:00+00:00, run_after=2023-12-03T00:00:00+00:00
[2023-12-03T18:49:28.114+0000] {processor.py:179} INFO - Processing /home/airflow/.local/lib/python3.8/site-packages/airflow/example_dags/example_nested_branch_dag.py took 0.172 seconds
