[2023-12-03T18:18:46.468+0000] {processor.py:157} INFO - Started process (PID=44) to work on /home/airflow/.local/lib/python3.8/site-packages/airflow/example_dags/example_sla_dag.py
[2023-12-03T18:18:46.469+0000] {processor.py:829} INFO - Processing file /home/airflow/.local/lib/python3.8/site-packages/airflow/example_dags/example_sla_dag.py for tasks to queue
[2023-12-03T18:18:46.474+0000] {logging_mixin.py:154} INFO - [2023-12-03T18:18:46.474+0000] {dagbag.py:536} INFO - Filling up the DagBag from /home/airflow/.local/lib/python3.8/site-packages/airflow/example_dags/example_sla_dag.py
[2023-12-03T18:18:46.499+0000] {processor.py:839} INFO - DAG(s) dict_keys(['example_sla_dag']) retrieved from /home/airflow/.local/lib/python3.8/site-packages/airflow/example_dags/example_sla_dag.py
[2023-12-03T18:18:46.557+0000] {logging_mixin.py:154} INFO - [2023-12-03T18:18:46.555+0000] {dag.py:2941} INFO - Sync 1 DAGs
[2023-12-03T18:18:46.659+0000] {logging_mixin.py:154} INFO - [2023-12-03T18:18:46.658+0000] {dag.py:3722} INFO - Setting next_dagrun for example_sla_dag to 2023-12-03T18:16:00+00:00, run_after=2023-12-03T18:18:00+00:00
[2023-12-03T18:18:46.695+0000] {processor.py:179} INFO - Processing /home/airflow/.local/lib/python3.8/site-packages/airflow/example_dags/example_sla_dag.py took 0.234 seconds
[2023-12-03T18:19:17.493+0000] {processor.py:157} INFO - Started process (PID=98) to work on /home/airflow/.local/lib/python3.8/site-packages/airflow/example_dags/example_sla_dag.py
[2023-12-03T18:19:17.494+0000] {processor.py:829} INFO - Processing file /home/airflow/.local/lib/python3.8/site-packages/airflow/example_dags/example_sla_dag.py for tasks to queue
[2023-12-03T18:19:17.498+0000] {logging_mixin.py:154} INFO - [2023-12-03T18:19:17.498+0000] {dagbag.py:536} INFO - Filling up the DagBag from /home/airflow/.local/lib/python3.8/site-packages/airflow/example_dags/example_sla_dag.py
[2023-12-03T18:19:17.515+0000] {processor.py:839} INFO - DAG(s) dict_keys(['example_sla_dag']) retrieved from /home/airflow/.local/lib/python3.8/site-packages/airflow/example_dags/example_sla_dag.py
[2023-12-03T18:19:17.546+0000] {logging_mixin.py:154} INFO - [2023-12-03T18:19:17.546+0000] {dag.py:2941} INFO - Sync 1 DAGs
[2023-12-03T18:19:17.589+0000] {logging_mixin.py:154} INFO - [2023-12-03T18:19:17.589+0000] {dag.py:3722} INFO - Setting next_dagrun for example_sla_dag to 2023-12-03T18:16:00+00:00, run_after=2023-12-03T18:18:00+00:00
[2023-12-03T18:19:17.621+0000] {processor.py:179} INFO - Processing /home/airflow/.local/lib/python3.8/site-packages/airflow/example_dags/example_sla_dag.py took 0.134 seconds
[2023-12-03T18:19:48.343+0000] {processor.py:157} INFO - Started process (PID=152) to work on /home/airflow/.local/lib/python3.8/site-packages/airflow/example_dags/example_sla_dag.py
[2023-12-03T18:19:48.344+0000] {processor.py:829} INFO - Processing file /home/airflow/.local/lib/python3.8/site-packages/airflow/example_dags/example_sla_dag.py for tasks to queue
[2023-12-03T18:19:48.352+0000] {logging_mixin.py:154} INFO - [2023-12-03T18:19:48.351+0000] {dagbag.py:536} INFO - Filling up the DagBag from /home/airflow/.local/lib/python3.8/site-packages/airflow/example_dags/example_sla_dag.py
[2023-12-03T18:19:48.371+0000] {processor.py:839} INFO - DAG(s) dict_keys(['example_sla_dag']) retrieved from /home/airflow/.local/lib/python3.8/site-packages/airflow/example_dags/example_sla_dag.py
[2023-12-03T18:19:48.389+0000] {logging_mixin.py:154} INFO - [2023-12-03T18:19:48.388+0000] {dag.py:2941} INFO - Sync 1 DAGs
[2023-12-03T18:19:48.446+0000] {logging_mixin.py:154} INFO - [2023-12-03T18:19:48.446+0000] {dag.py:3722} INFO - Setting next_dagrun for example_sla_dag to 2023-12-03T18:16:00+00:00, run_after=2023-12-03T18:18:00+00:00
[2023-12-03T18:19:48.484+0000] {processor.py:179} INFO - Processing /home/airflow/.local/lib/python3.8/site-packages/airflow/example_dags/example_sla_dag.py took 0.148 seconds
[2023-12-03T18:20:18.881+0000] {processor.py:157} INFO - Started process (PID=206) to work on /home/airflow/.local/lib/python3.8/site-packages/airflow/example_dags/example_sla_dag.py
[2023-12-03T18:20:18.883+0000] {processor.py:829} INFO - Processing file /home/airflow/.local/lib/python3.8/site-packages/airflow/example_dags/example_sla_dag.py for tasks to queue
[2023-12-03T18:20:18.888+0000] {logging_mixin.py:154} INFO - [2023-12-03T18:20:18.888+0000] {dagbag.py:536} INFO - Filling up the DagBag from /home/airflow/.local/lib/python3.8/site-packages/airflow/example_dags/example_sla_dag.py
[2023-12-03T18:20:18.905+0000] {processor.py:839} INFO - DAG(s) dict_keys(['example_sla_dag']) retrieved from /home/airflow/.local/lib/python3.8/site-packages/airflow/example_dags/example_sla_dag.py
[2023-12-03T18:20:18.943+0000] {logging_mixin.py:154} INFO - [2023-12-03T18:20:18.943+0000] {dag.py:2941} INFO - Sync 1 DAGs
[2023-12-03T18:20:18.997+0000] {logging_mixin.py:154} INFO - [2023-12-03T18:20:18.996+0000] {dag.py:3722} INFO - Setting next_dagrun for example_sla_dag to 2023-12-03T18:18:00+00:00, run_after=2023-12-03T18:20:00+00:00
[2023-12-03T18:20:19.037+0000] {processor.py:179} INFO - Processing /home/airflow/.local/lib/python3.8/site-packages/airflow/example_dags/example_sla_dag.py took 0.161 seconds
[2023-12-03T18:20:49.169+0000] {processor.py:157} INFO - Started process (PID=259) to work on /home/airflow/.local/lib/python3.8/site-packages/airflow/example_dags/example_sla_dag.py
[2023-12-03T18:20:49.171+0000] {processor.py:829} INFO - Processing file /home/airflow/.local/lib/python3.8/site-packages/airflow/example_dags/example_sla_dag.py for tasks to queue
[2023-12-03T18:20:49.176+0000] {logging_mixin.py:154} INFO - [2023-12-03T18:20:49.175+0000] {dagbag.py:536} INFO - Filling up the DagBag from /home/airflow/.local/lib/python3.8/site-packages/airflow/example_dags/example_sla_dag.py
[2023-12-03T18:20:49.191+0000] {processor.py:839} INFO - DAG(s) dict_keys(['example_sla_dag']) retrieved from /home/airflow/.local/lib/python3.8/site-packages/airflow/example_dags/example_sla_dag.py
[2023-12-03T18:20:49.229+0000] {logging_mixin.py:154} INFO - [2023-12-03T18:20:49.229+0000] {dag.py:2941} INFO - Sync 1 DAGs
[2023-12-03T18:20:49.279+0000] {logging_mixin.py:154} INFO - [2023-12-03T18:20:49.279+0000] {dag.py:3722} INFO - Setting next_dagrun for example_sla_dag to 2023-12-03T18:18:00+00:00, run_after=2023-12-03T18:20:00+00:00
[2023-12-03T18:20:49.320+0000] {processor.py:179} INFO - Processing /home/airflow/.local/lib/python3.8/site-packages/airflow/example_dags/example_sla_dag.py took 0.157 seconds
[2023-12-03T18:21:19.709+0000] {processor.py:157} INFO - Started process (PID=313) to work on /home/airflow/.local/lib/python3.8/site-packages/airflow/example_dags/example_sla_dag.py
[2023-12-03T18:21:19.711+0000] {processor.py:829} INFO - Processing file /home/airflow/.local/lib/python3.8/site-packages/airflow/example_dags/example_sla_dag.py for tasks to queue
[2023-12-03T18:21:19.716+0000] {logging_mixin.py:154} INFO - [2023-12-03T18:21:19.715+0000] {dagbag.py:536} INFO - Filling up the DagBag from /home/airflow/.local/lib/python3.8/site-packages/airflow/example_dags/example_sla_dag.py
[2023-12-03T18:21:19.734+0000] {processor.py:839} INFO - DAG(s) dict_keys(['example_sla_dag']) retrieved from /home/airflow/.local/lib/python3.8/site-packages/airflow/example_dags/example_sla_dag.py
[2023-12-03T18:21:19.758+0000] {logging_mixin.py:154} INFO - [2023-12-03T18:21:19.757+0000] {dag.py:2941} INFO - Sync 1 DAGs
[2023-12-03T18:21:19.821+0000] {logging_mixin.py:154} INFO - [2023-12-03T18:21:19.821+0000] {dag.py:3722} INFO - Setting next_dagrun for example_sla_dag to 2023-12-03T18:18:00+00:00, run_after=2023-12-03T18:20:00+00:00
[2023-12-03T18:21:19.868+0000] {processor.py:179} INFO - Processing /home/airflow/.local/lib/python3.8/site-packages/airflow/example_dags/example_sla_dag.py took 0.167 seconds
[2023-12-03T18:21:49.970+0000] {processor.py:157} INFO - Started process (PID=367) to work on /home/airflow/.local/lib/python3.8/site-packages/airflow/example_dags/example_sla_dag.py
[2023-12-03T18:21:49.972+0000] {processor.py:829} INFO - Processing file /home/airflow/.local/lib/python3.8/site-packages/airflow/example_dags/example_sla_dag.py for tasks to queue
[2023-12-03T18:21:49.976+0000] {logging_mixin.py:154} INFO - [2023-12-03T18:21:49.975+0000] {dagbag.py:536} INFO - Filling up the DagBag from /home/airflow/.local/lib/python3.8/site-packages/airflow/example_dags/example_sla_dag.py
[2023-12-03T18:21:49.990+0000] {processor.py:839} INFO - DAG(s) dict_keys(['example_sla_dag']) retrieved from /home/airflow/.local/lib/python3.8/site-packages/airflow/example_dags/example_sla_dag.py
[2023-12-03T18:21:50.039+0000] {logging_mixin.py:154} INFO - [2023-12-03T18:21:50.038+0000] {dag.py:2941} INFO - Sync 1 DAGs
[2023-12-03T18:21:50.095+0000] {logging_mixin.py:154} INFO - [2023-12-03T18:21:50.095+0000] {dag.py:3722} INFO - Setting next_dagrun for example_sla_dag to 2023-12-03T18:18:00+00:00, run_after=2023-12-03T18:20:00+00:00
[2023-12-03T18:21:50.138+0000] {processor.py:179} INFO - Processing /home/airflow/.local/lib/python3.8/site-packages/airflow/example_dags/example_sla_dag.py took 0.173 seconds
[2023-12-03T18:22:20.224+0000] {processor.py:157} INFO - Started process (PID=420) to work on /home/airflow/.local/lib/python3.8/site-packages/airflow/example_dags/example_sla_dag.py
[2023-12-03T18:22:20.225+0000] {processor.py:829} INFO - Processing file /home/airflow/.local/lib/python3.8/site-packages/airflow/example_dags/example_sla_dag.py for tasks to queue
[2023-12-03T18:22:20.229+0000] {logging_mixin.py:154} INFO - [2023-12-03T18:22:20.229+0000] {dagbag.py:536} INFO - Filling up the DagBag from /home/airflow/.local/lib/python3.8/site-packages/airflow/example_dags/example_sla_dag.py
[2023-12-03T18:22:20.244+0000] {processor.py:839} INFO - DAG(s) dict_keys(['example_sla_dag']) retrieved from /home/airflow/.local/lib/python3.8/site-packages/airflow/example_dags/example_sla_dag.py
[2023-12-03T18:22:20.292+0000] {logging_mixin.py:154} INFO - [2023-12-03T18:22:20.291+0000] {dag.py:2941} INFO - Sync 1 DAGs
[2023-12-03T18:22:20.353+0000] {logging_mixin.py:154} INFO - [2023-12-03T18:22:20.352+0000] {dag.py:3722} INFO - Setting next_dagrun for example_sla_dag to 2023-12-03T18:20:00+00:00, run_after=2023-12-03T18:22:00+00:00
[2023-12-03T18:22:20.393+0000] {processor.py:179} INFO - Processing /home/airflow/.local/lib/python3.8/site-packages/airflow/example_dags/example_sla_dag.py took 0.174 seconds
[2023-12-03T18:23:56.123+0000] {processor.py:157} INFO - Started process (PID=44) to work on /home/airflow/.local/lib/python3.8/site-packages/airflow/example_dags/example_sla_dag.py
[2023-12-03T18:23:56.125+0000] {processor.py:829} INFO - Processing file /home/airflow/.local/lib/python3.8/site-packages/airflow/example_dags/example_sla_dag.py for tasks to queue
[2023-12-03T18:23:56.129+0000] {logging_mixin.py:154} INFO - [2023-12-03T18:23:56.128+0000] {dagbag.py:536} INFO - Filling up the DagBag from /home/airflow/.local/lib/python3.8/site-packages/airflow/example_dags/example_sla_dag.py
[2023-12-03T18:23:56.153+0000] {processor.py:839} INFO - DAG(s) dict_keys(['example_sla_dag']) retrieved from /home/airflow/.local/lib/python3.8/site-packages/airflow/example_dags/example_sla_dag.py
[2023-12-03T18:23:56.182+0000] {logging_mixin.py:154} INFO - [2023-12-03T18:23:56.182+0000] {dag.py:2941} INFO - Sync 1 DAGs
[2023-12-03T18:23:56.239+0000] {logging_mixin.py:154} INFO - [2023-12-03T18:23:56.238+0000] {dag.py:3722} INFO - Setting next_dagrun for example_sla_dag to 2023-12-03T18:20:00+00:00, run_after=2023-12-03T18:22:00+00:00
[2023-12-03T18:23:56.282+0000] {processor.py:179} INFO - Processing /home/airflow/.local/lib/python3.8/site-packages/airflow/example_dags/example_sla_dag.py took 0.166 seconds
[2023-12-03T18:24:27.460+0000] {processor.py:157} INFO - Started process (PID=98) to work on /home/airflow/.local/lib/python3.8/site-packages/airflow/example_dags/example_sla_dag.py
[2023-12-03T18:24:27.461+0000] {processor.py:829} INFO - Processing file /home/airflow/.local/lib/python3.8/site-packages/airflow/example_dags/example_sla_dag.py for tasks to queue
[2023-12-03T18:24:27.465+0000] {logging_mixin.py:154} INFO - [2023-12-03T18:24:27.464+0000] {dagbag.py:536} INFO - Filling up the DagBag from /home/airflow/.local/lib/python3.8/site-packages/airflow/example_dags/example_sla_dag.py
[2023-12-03T18:24:27.478+0000] {processor.py:839} INFO - DAG(s) dict_keys(['example_sla_dag']) retrieved from /home/airflow/.local/lib/python3.8/site-packages/airflow/example_dags/example_sla_dag.py
[2023-12-03T18:24:27.511+0000] {logging_mixin.py:154} INFO - [2023-12-03T18:24:27.511+0000] {dag.py:2941} INFO - Sync 1 DAGs
[2023-12-03T18:24:27.552+0000] {logging_mixin.py:154} INFO - [2023-12-03T18:24:27.552+0000] {dag.py:3722} INFO - Setting next_dagrun for example_sla_dag to 2023-12-03T18:22:00+00:00, run_after=2023-12-03T18:24:00+00:00
[2023-12-03T18:24:27.588+0000] {processor.py:179} INFO - Processing /home/airflow/.local/lib/python3.8/site-packages/airflow/example_dags/example_sla_dag.py took 0.134 seconds
[2023-12-03T18:24:57.706+0000] {processor.py:157} INFO - Started process (PID=152) to work on /home/airflow/.local/lib/python3.8/site-packages/airflow/example_dags/example_sla_dag.py
[2023-12-03T18:24:57.707+0000] {processor.py:829} INFO - Processing file /home/airflow/.local/lib/python3.8/site-packages/airflow/example_dags/example_sla_dag.py for tasks to queue
[2023-12-03T18:24:57.710+0000] {logging_mixin.py:154} INFO - [2023-12-03T18:24:57.710+0000] {dagbag.py:536} INFO - Filling up the DagBag from /home/airflow/.local/lib/python3.8/site-packages/airflow/example_dags/example_sla_dag.py
[2023-12-03T18:24:57.722+0000] {processor.py:839} INFO - DAG(s) dict_keys(['example_sla_dag']) retrieved from /home/airflow/.local/lib/python3.8/site-packages/airflow/example_dags/example_sla_dag.py
[2023-12-03T18:24:57.750+0000] {logging_mixin.py:154} INFO - [2023-12-03T18:24:57.750+0000] {dag.py:2941} INFO - Sync 1 DAGs
[2023-12-03T18:24:57.787+0000] {logging_mixin.py:154} INFO - [2023-12-03T18:24:57.786+0000] {dag.py:3722} INFO - Setting next_dagrun for example_sla_dag to 2023-12-03T18:22:00+00:00, run_after=2023-12-03T18:24:00+00:00
[2023-12-03T18:24:57.818+0000] {processor.py:179} INFO - Processing /home/airflow/.local/lib/python3.8/site-packages/airflow/example_dags/example_sla_dag.py took 0.118 seconds
[2023-12-03T18:25:28.211+0000] {processor.py:157} INFO - Started process (PID=206) to work on /home/airflow/.local/lib/python3.8/site-packages/airflow/example_dags/example_sla_dag.py
[2023-12-03T18:25:28.213+0000] {processor.py:829} INFO - Processing file /home/airflow/.local/lib/python3.8/site-packages/airflow/example_dags/example_sla_dag.py for tasks to queue
[2023-12-03T18:25:28.219+0000] {logging_mixin.py:154} INFO - [2023-12-03T18:25:28.218+0000] {dagbag.py:536} INFO - Filling up the DagBag from /home/airflow/.local/lib/python3.8/site-packages/airflow/example_dags/example_sla_dag.py
[2023-12-03T18:25:28.244+0000] {processor.py:839} INFO - DAG(s) dict_keys(['example_sla_dag']) retrieved from /home/airflow/.local/lib/python3.8/site-packages/airflow/example_dags/example_sla_dag.py
[2023-12-03T18:25:28.281+0000] {logging_mixin.py:154} INFO - [2023-12-03T18:25:28.281+0000] {dag.py:2941} INFO - Sync 1 DAGs
[2023-12-03T18:25:28.323+0000] {logging_mixin.py:154} INFO - [2023-12-03T18:25:28.323+0000] {dag.py:3722} INFO - Setting next_dagrun for example_sla_dag to 2023-12-03T18:22:00+00:00, run_after=2023-12-03T18:24:00+00:00
[2023-12-03T18:25:28.358+0000] {processor.py:179} INFO - Processing /home/airflow/.local/lib/python3.8/site-packages/airflow/example_dags/example_sla_dag.py took 0.155 seconds
[2023-12-03T18:25:58.841+0000] {processor.py:157} INFO - Started process (PID=260) to work on /home/airflow/.local/lib/python3.8/site-packages/airflow/example_dags/example_sla_dag.py
[2023-12-03T18:25:58.843+0000] {processor.py:829} INFO - Processing file /home/airflow/.local/lib/python3.8/site-packages/airflow/example_dags/example_sla_dag.py for tasks to queue
[2023-12-03T18:25:58.846+0000] {logging_mixin.py:154} INFO - [2023-12-03T18:25:58.846+0000] {dagbag.py:536} INFO - Filling up the DagBag from /home/airflow/.local/lib/python3.8/site-packages/airflow/example_dags/example_sla_dag.py
[2023-12-03T18:25:58.860+0000] {processor.py:839} INFO - DAG(s) dict_keys(['example_sla_dag']) retrieved from /home/airflow/.local/lib/python3.8/site-packages/airflow/example_dags/example_sla_dag.py
[2023-12-03T18:25:58.898+0000] {logging_mixin.py:154} INFO - [2023-12-03T18:25:58.897+0000] {dag.py:2941} INFO - Sync 1 DAGs
[2023-12-03T18:25:58.940+0000] {logging_mixin.py:154} INFO - [2023-12-03T18:25:58.940+0000] {dag.py:3722} INFO - Setting next_dagrun for example_sla_dag to 2023-12-03T18:22:00+00:00, run_after=2023-12-03T18:24:00+00:00
[2023-12-03T18:25:58.981+0000] {processor.py:179} INFO - Processing /home/airflow/.local/lib/python3.8/site-packages/airflow/example_dags/example_sla_dag.py took 0.146 seconds
[2023-12-03T18:26:29.139+0000] {processor.py:157} INFO - Started process (PID=314) to work on /home/airflow/.local/lib/python3.8/site-packages/airflow/example_dags/example_sla_dag.py
[2023-12-03T18:26:29.141+0000] {processor.py:829} INFO - Processing file /home/airflow/.local/lib/python3.8/site-packages/airflow/example_dags/example_sla_dag.py for tasks to queue
[2023-12-03T18:26:29.147+0000] {logging_mixin.py:154} INFO - [2023-12-03T18:26:29.146+0000] {dagbag.py:536} INFO - Filling up the DagBag from /home/airflow/.local/lib/python3.8/site-packages/airflow/example_dags/example_sla_dag.py
[2023-12-03T18:26:29.184+0000] {processor.py:839} INFO - DAG(s) dict_keys(['example_sla_dag']) retrieved from /home/airflow/.local/lib/python3.8/site-packages/airflow/example_dags/example_sla_dag.py
[2023-12-03T18:26:29.222+0000] {logging_mixin.py:154} INFO - [2023-12-03T18:26:29.222+0000] {dag.py:2941} INFO - Sync 1 DAGs
[2023-12-03T18:26:29.269+0000] {logging_mixin.py:154} INFO - [2023-12-03T18:26:29.268+0000] {dag.py:3722} INFO - Setting next_dagrun for example_sla_dag to 2023-12-03T18:24:00+00:00, run_after=2023-12-03T18:26:00+00:00
[2023-12-03T18:26:29.297+0000] {processor.py:179} INFO - Processing /home/airflow/.local/lib/python3.8/site-packages/airflow/example_dags/example_sla_dag.py took 0.152 seconds
[2023-12-03T18:26:59.834+0000] {processor.py:157} INFO - Started process (PID=368) to work on /home/airflow/.local/lib/python3.8/site-packages/airflow/example_dags/example_sla_dag.py
[2023-12-03T18:26:59.836+0000] {processor.py:829} INFO - Processing file /home/airflow/.local/lib/python3.8/site-packages/airflow/example_dags/example_sla_dag.py for tasks to queue
[2023-12-03T18:26:59.839+0000] {logging_mixin.py:154} INFO - [2023-12-03T18:26:59.838+0000] {dagbag.py:536} INFO - Filling up the DagBag from /home/airflow/.local/lib/python3.8/site-packages/airflow/example_dags/example_sla_dag.py
[2023-12-03T18:26:59.851+0000] {processor.py:839} INFO - DAG(s) dict_keys(['example_sla_dag']) retrieved from /home/airflow/.local/lib/python3.8/site-packages/airflow/example_dags/example_sla_dag.py
[2023-12-03T18:26:59.878+0000] {logging_mixin.py:154} INFO - [2023-12-03T18:26:59.878+0000] {dag.py:2941} INFO - Sync 1 DAGs
[2023-12-03T18:26:59.921+0000] {logging_mixin.py:154} INFO - [2023-12-03T18:26:59.921+0000] {dag.py:3722} INFO - Setting next_dagrun for example_sla_dag to 2023-12-03T18:24:00+00:00, run_after=2023-12-03T18:26:00+00:00
[2023-12-03T18:26:59.947+0000] {processor.py:179} INFO - Processing /home/airflow/.local/lib/python3.8/site-packages/airflow/example_dags/example_sla_dag.py took 0.117 seconds
[2023-12-03T18:27:30.138+0000] {processor.py:157} INFO - Started process (PID=422) to work on /home/airflow/.local/lib/python3.8/site-packages/airflow/example_dags/example_sla_dag.py
[2023-12-03T18:27:30.139+0000] {processor.py:829} INFO - Processing file /home/airflow/.local/lib/python3.8/site-packages/airflow/example_dags/example_sla_dag.py for tasks to queue
[2023-12-03T18:27:30.143+0000] {logging_mixin.py:154} INFO - [2023-12-03T18:27:30.142+0000] {dagbag.py:536} INFO - Filling up the DagBag from /home/airflow/.local/lib/python3.8/site-packages/airflow/example_dags/example_sla_dag.py
[2023-12-03T18:27:30.155+0000] {processor.py:839} INFO - DAG(s) dict_keys(['example_sla_dag']) retrieved from /home/airflow/.local/lib/python3.8/site-packages/airflow/example_dags/example_sla_dag.py
[2023-12-03T18:27:30.186+0000] {logging_mixin.py:154} INFO - [2023-12-03T18:27:30.185+0000] {dag.py:2941} INFO - Sync 1 DAGs
[2023-12-03T18:27:30.227+0000] {logging_mixin.py:154} INFO - [2023-12-03T18:27:30.227+0000] {dag.py:3722} INFO - Setting next_dagrun for example_sla_dag to 2023-12-03T18:24:00+00:00, run_after=2023-12-03T18:26:00+00:00
[2023-12-03T18:27:30.268+0000] {processor.py:179} INFO - Processing /home/airflow/.local/lib/python3.8/site-packages/airflow/example_dags/example_sla_dag.py took 0.135 seconds
[2023-12-03T18:28:00.616+0000] {processor.py:157} INFO - Started process (PID=476) to work on /home/airflow/.local/lib/python3.8/site-packages/airflow/example_dags/example_sla_dag.py
[2023-12-03T18:28:00.618+0000] {processor.py:829} INFO - Processing file /home/airflow/.local/lib/python3.8/site-packages/airflow/example_dags/example_sla_dag.py for tasks to queue
[2023-12-03T18:28:00.624+0000] {logging_mixin.py:154} INFO - [2023-12-03T18:28:00.623+0000] {dagbag.py:536} INFO - Filling up the DagBag from /home/airflow/.local/lib/python3.8/site-packages/airflow/example_dags/example_sla_dag.py
[2023-12-03T18:28:00.646+0000] {processor.py:839} INFO - DAG(s) dict_keys(['example_sla_dag']) retrieved from /home/airflow/.local/lib/python3.8/site-packages/airflow/example_dags/example_sla_dag.py
[2023-12-03T18:28:00.691+0000] {logging_mixin.py:154} INFO - [2023-12-03T18:28:00.690+0000] {dag.py:2941} INFO - Sync 1 DAGs
[2023-12-03T18:28:00.736+0000] {logging_mixin.py:154} INFO - [2023-12-03T18:28:00.735+0000] {dag.py:3722} INFO - Setting next_dagrun for example_sla_dag to 2023-12-03T18:26:00+00:00, run_after=2023-12-03T18:28:00+00:00
[2023-12-03T18:28:00.776+0000] {processor.py:179} INFO - Processing /home/airflow/.local/lib/python3.8/site-packages/airflow/example_dags/example_sla_dag.py took 0.168 seconds
[2023-12-03T18:28:31.130+0000] {processor.py:157} INFO - Started process (PID=529) to work on /home/airflow/.local/lib/python3.8/site-packages/airflow/example_dags/example_sla_dag.py
[2023-12-03T18:28:31.132+0000] {processor.py:829} INFO - Processing file /home/airflow/.local/lib/python3.8/site-packages/airflow/example_dags/example_sla_dag.py for tasks to queue
[2023-12-03T18:28:31.136+0000] {logging_mixin.py:154} INFO - [2023-12-03T18:28:31.135+0000] {dagbag.py:536} INFO - Filling up the DagBag from /home/airflow/.local/lib/python3.8/site-packages/airflow/example_dags/example_sla_dag.py
[2023-12-03T18:28:31.149+0000] {processor.py:839} INFO - DAG(s) dict_keys(['example_sla_dag']) retrieved from /home/airflow/.local/lib/python3.8/site-packages/airflow/example_dags/example_sla_dag.py
[2023-12-03T18:28:31.180+0000] {logging_mixin.py:154} INFO - [2023-12-03T18:28:31.180+0000] {dag.py:2941} INFO - Sync 1 DAGs
[2023-12-03T18:28:31.223+0000] {logging_mixin.py:154} INFO - [2023-12-03T18:28:31.223+0000] {dag.py:3722} INFO - Setting next_dagrun for example_sla_dag to 2023-12-03T18:26:00+00:00, run_after=2023-12-03T18:28:00+00:00
[2023-12-03T18:28:31.256+0000] {processor.py:179} INFO - Processing /home/airflow/.local/lib/python3.8/site-packages/airflow/example_dags/example_sla_dag.py took 0.133 seconds
[2023-12-03T18:29:47.797+0000] {processor.py:157} INFO - Started process (PID=45) to work on /home/airflow/.local/lib/python3.8/site-packages/airflow/example_dags/example_sla_dag.py
[2023-12-03T18:29:47.798+0000] {processor.py:829} INFO - Processing file /home/airflow/.local/lib/python3.8/site-packages/airflow/example_dags/example_sla_dag.py for tasks to queue
[2023-12-03T18:29:47.802+0000] {logging_mixin.py:154} INFO - [2023-12-03T18:29:47.801+0000] {dagbag.py:536} INFO - Filling up the DagBag from /home/airflow/.local/lib/python3.8/site-packages/airflow/example_dags/example_sla_dag.py
[2023-12-03T18:29:47.823+0000] {processor.py:839} INFO - DAG(s) dict_keys(['example_sla_dag']) retrieved from /home/airflow/.local/lib/python3.8/site-packages/airflow/example_dags/example_sla_dag.py
[2023-12-03T18:29:47.867+0000] {logging_mixin.py:154} INFO - [2023-12-03T18:29:47.867+0000] {dag.py:2941} INFO - Sync 1 DAGs
[2023-12-03T18:29:47.925+0000] {logging_mixin.py:154} INFO - [2023-12-03T18:29:47.925+0000] {dag.py:3722} INFO - Setting next_dagrun for example_sla_dag to 2023-12-03T18:26:00+00:00, run_after=2023-12-03T18:28:00+00:00
[2023-12-03T18:29:47.964+0000] {processor.py:179} INFO - Processing /home/airflow/.local/lib/python3.8/site-packages/airflow/example_dags/example_sla_dag.py took 0.172 seconds
[2023-12-03T18:30:18.472+0000] {processor.py:157} INFO - Started process (PID=100) to work on /home/airflow/.local/lib/python3.8/site-packages/airflow/example_dags/example_sla_dag.py
[2023-12-03T18:30:18.473+0000] {processor.py:829} INFO - Processing file /home/airflow/.local/lib/python3.8/site-packages/airflow/example_dags/example_sla_dag.py for tasks to queue
[2023-12-03T18:30:18.477+0000] {logging_mixin.py:154} INFO - [2023-12-03T18:30:18.476+0000] {dagbag.py:536} INFO - Filling up the DagBag from /home/airflow/.local/lib/python3.8/site-packages/airflow/example_dags/example_sla_dag.py
[2023-12-03T18:30:18.488+0000] {processor.py:839} INFO - DAG(s) dict_keys(['example_sla_dag']) retrieved from /home/airflow/.local/lib/python3.8/site-packages/airflow/example_dags/example_sla_dag.py
[2023-12-03T18:30:18.515+0000] {logging_mixin.py:154} INFO - [2023-12-03T18:30:18.514+0000] {dag.py:2941} INFO - Sync 1 DAGs
[2023-12-03T18:30:18.550+0000] {logging_mixin.py:154} INFO - [2023-12-03T18:30:18.549+0000] {dag.py:3722} INFO - Setting next_dagrun for example_sla_dag to 2023-12-03T18:28:00+00:00, run_after=2023-12-03T18:30:00+00:00
[2023-12-03T18:30:18.578+0000] {processor.py:179} INFO - Processing /home/airflow/.local/lib/python3.8/site-packages/airflow/example_dags/example_sla_dag.py took 0.110 seconds
[2023-12-03T18:30:49.223+0000] {processor.py:157} INFO - Started process (PID=154) to work on /home/airflow/.local/lib/python3.8/site-packages/airflow/example_dags/example_sla_dag.py
[2023-12-03T18:30:49.224+0000] {processor.py:829} INFO - Processing file /home/airflow/.local/lib/python3.8/site-packages/airflow/example_dags/example_sla_dag.py for tasks to queue
[2023-12-03T18:30:49.229+0000] {logging_mixin.py:154} INFO - [2023-12-03T18:30:49.228+0000] {dagbag.py:536} INFO - Filling up the DagBag from /home/airflow/.local/lib/python3.8/site-packages/airflow/example_dags/example_sla_dag.py
[2023-12-03T18:30:49.252+0000] {processor.py:839} INFO - DAG(s) dict_keys(['example_sla_dag']) retrieved from /home/airflow/.local/lib/python3.8/site-packages/airflow/example_dags/example_sla_dag.py
[2023-12-03T18:30:49.302+0000] {logging_mixin.py:154} INFO - [2023-12-03T18:30:49.301+0000] {dag.py:2941} INFO - Sync 1 DAGs
[2023-12-03T18:30:49.345+0000] {logging_mixin.py:154} INFO - [2023-12-03T18:30:49.345+0000] {dag.py:3722} INFO - Setting next_dagrun for example_sla_dag to 2023-12-03T18:28:00+00:00, run_after=2023-12-03T18:30:00+00:00
[2023-12-03T18:30:49.528+0000] {processor.py:179} INFO - Processing /home/airflow/.local/lib/python3.8/site-packages/airflow/example_dags/example_sla_dag.py took 0.310 seconds
[2023-12-03T18:31:19.682+0000] {processor.py:157} INFO - Started process (PID=213) to work on /home/airflow/.local/lib/python3.8/site-packages/airflow/example_dags/example_sla_dag.py
[2023-12-03T18:31:19.684+0000] {processor.py:829} INFO - Processing file /home/airflow/.local/lib/python3.8/site-packages/airflow/example_dags/example_sla_dag.py for tasks to queue
[2023-12-03T18:31:19.688+0000] {logging_mixin.py:154} INFO - [2023-12-03T18:31:19.687+0000] {dagbag.py:536} INFO - Filling up the DagBag from /home/airflow/.local/lib/python3.8/site-packages/airflow/example_dags/example_sla_dag.py
[2023-12-03T18:31:19.701+0000] {processor.py:839} INFO - DAG(s) dict_keys(['example_sla_dag']) retrieved from /home/airflow/.local/lib/python3.8/site-packages/airflow/example_dags/example_sla_dag.py
[2023-12-03T18:31:19.733+0000] {logging_mixin.py:154} INFO - [2023-12-03T18:31:19.733+0000] {dag.py:2941} INFO - Sync 1 DAGs
[2023-12-03T18:31:19.776+0000] {logging_mixin.py:154} INFO - [2023-12-03T18:31:19.776+0000] {dag.py:3722} INFO - Setting next_dagrun for example_sla_dag to 2023-12-03T18:28:00+00:00, run_after=2023-12-03T18:30:00+00:00
[2023-12-03T18:31:20.017+0000] {processor.py:179} INFO - Processing /home/airflow/.local/lib/python3.8/site-packages/airflow/example_dags/example_sla_dag.py took 0.339 seconds
[2023-12-03T18:31:50.196+0000] {processor.py:157} INFO - Started process (PID=272) to work on /home/airflow/.local/lib/python3.8/site-packages/airflow/example_dags/example_sla_dag.py
[2023-12-03T18:31:50.197+0000] {processor.py:829} INFO - Processing file /home/airflow/.local/lib/python3.8/site-packages/airflow/example_dags/example_sla_dag.py for tasks to queue
[2023-12-03T18:31:50.201+0000] {logging_mixin.py:154} INFO - [2023-12-03T18:31:50.200+0000] {dagbag.py:536} INFO - Filling up the DagBag from /home/airflow/.local/lib/python3.8/site-packages/airflow/example_dags/example_sla_dag.py
[2023-12-03T18:31:50.213+0000] {processor.py:839} INFO - DAG(s) dict_keys(['example_sla_dag']) retrieved from /home/airflow/.local/lib/python3.8/site-packages/airflow/example_dags/example_sla_dag.py
[2023-12-03T18:31:50.243+0000] {logging_mixin.py:154} INFO - [2023-12-03T18:31:50.243+0000] {dag.py:2941} INFO - Sync 1 DAGs
[2023-12-03T18:31:50.283+0000] {logging_mixin.py:154} INFO - [2023-12-03T18:31:50.283+0000] {dag.py:3722} INFO - Setting next_dagrun for example_sla_dag to 2023-12-03T18:28:00+00:00, run_after=2023-12-03T18:30:00+00:00
[2023-12-03T18:31:50.468+0000] {processor.py:179} INFO - Processing /home/airflow/.local/lib/python3.8/site-packages/airflow/example_dags/example_sla_dag.py took 0.277 seconds
[2023-12-03T18:32:20.725+0000] {processor.py:157} INFO - Started process (PID=327) to work on /home/airflow/.local/lib/python3.8/site-packages/airflow/example_dags/example_sla_dag.py
[2023-12-03T18:32:20.726+0000] {processor.py:829} INFO - Processing file /home/airflow/.local/lib/python3.8/site-packages/airflow/example_dags/example_sla_dag.py for tasks to queue
[2023-12-03T18:32:20.729+0000] {logging_mixin.py:154} INFO - [2023-12-03T18:32:20.729+0000] {dagbag.py:536} INFO - Filling up the DagBag from /home/airflow/.local/lib/python3.8/site-packages/airflow/example_dags/example_sla_dag.py
[2023-12-03T18:32:20.748+0000] {processor.py:839} INFO - DAG(s) dict_keys(['example_sla_dag']) retrieved from /home/airflow/.local/lib/python3.8/site-packages/airflow/example_dags/example_sla_dag.py
[2023-12-03T18:32:20.783+0000] {logging_mixin.py:154} INFO - [2023-12-03T18:32:20.783+0000] {dag.py:2941} INFO - Sync 1 DAGs
[2023-12-03T18:32:20.825+0000] {logging_mixin.py:154} INFO - [2023-12-03T18:32:20.825+0000] {dag.py:3722} INFO - Setting next_dagrun for example_sla_dag to 2023-12-03T18:30:00+00:00, run_after=2023-12-03T18:32:00+00:00
[2023-12-03T18:32:21.047+0000] {processor.py:179} INFO - Processing /home/airflow/.local/lib/python3.8/site-packages/airflow/example_dags/example_sla_dag.py took 0.327 seconds
[2023-12-03T18:32:51.092+0000] {processor.py:157} INFO - Started process (PID=381) to work on /home/airflow/.local/lib/python3.8/site-packages/airflow/example_dags/example_sla_dag.py
[2023-12-03T18:32:51.093+0000] {processor.py:829} INFO - Processing file /home/airflow/.local/lib/python3.8/site-packages/airflow/example_dags/example_sla_dag.py for tasks to queue
[2023-12-03T18:32:51.097+0000] {logging_mixin.py:154} INFO - [2023-12-03T18:32:51.096+0000] {dagbag.py:536} INFO - Filling up the DagBag from /home/airflow/.local/lib/python3.8/site-packages/airflow/example_dags/example_sla_dag.py
[2023-12-03T18:32:51.108+0000] {processor.py:839} INFO - DAG(s) dict_keys(['example_sla_dag']) retrieved from /home/airflow/.local/lib/python3.8/site-packages/airflow/example_dags/example_sla_dag.py
[2023-12-03T18:32:51.134+0000] {logging_mixin.py:154} INFO - [2023-12-03T18:32:51.134+0000] {dag.py:2941} INFO - Sync 1 DAGs
[2023-12-03T18:32:51.169+0000] {logging_mixin.py:154} INFO - [2023-12-03T18:32:51.169+0000] {dag.py:3722} INFO - Setting next_dagrun for example_sla_dag to 2023-12-03T18:30:00+00:00, run_after=2023-12-03T18:32:00+00:00
[2023-12-03T18:32:51.197+0000] {processor.py:179} INFO - Processing /home/airflow/.local/lib/python3.8/site-packages/airflow/example_dags/example_sla_dag.py took 0.109 seconds
[2023-12-03T18:33:22.504+0000] {processor.py:157} INFO - Started process (PID=437) to work on /home/airflow/.local/lib/python3.8/site-packages/airflow/example_dags/example_sla_dag.py
[2023-12-03T18:33:22.505+0000] {processor.py:829} INFO - Processing file /home/airflow/.local/lib/python3.8/site-packages/airflow/example_dags/example_sla_dag.py for tasks to queue
[2023-12-03T18:33:22.509+0000] {logging_mixin.py:154} INFO - [2023-12-03T18:33:22.508+0000] {dagbag.py:536} INFO - Filling up the DagBag from /home/airflow/.local/lib/python3.8/site-packages/airflow/example_dags/example_sla_dag.py
[2023-12-03T18:33:22.540+0000] {processor.py:839} INFO - DAG(s) dict_keys(['example_sla_dag']) retrieved from /home/airflow/.local/lib/python3.8/site-packages/airflow/example_dags/example_sla_dag.py
[2023-12-03T18:33:22.602+0000] {logging_mixin.py:154} INFO - [2023-12-03T18:33:22.602+0000] {dag.py:2941} INFO - Sync 1 DAGs
[2023-12-03T18:33:22.827+0000] {logging_mixin.py:154} INFO - [2023-12-03T18:33:22.827+0000] {dag.py:3722} INFO - Setting next_dagrun for example_sla_dag to 2023-12-03T18:30:00+00:00, run_after=2023-12-03T18:32:00+00:00
[2023-12-03T18:33:22.866+0000] {processor.py:179} INFO - Processing /home/airflow/.local/lib/python3.8/site-packages/airflow/example_dags/example_sla_dag.py took 0.366 seconds
[2023-12-03T18:33:53.297+0000] {processor.py:157} INFO - Started process (PID=492) to work on /home/airflow/.local/lib/python3.8/site-packages/airflow/example_dags/example_sla_dag.py
[2023-12-03T18:33:53.299+0000] {processor.py:829} INFO - Processing file /home/airflow/.local/lib/python3.8/site-packages/airflow/example_dags/example_sla_dag.py for tasks to queue
[2023-12-03T18:33:53.303+0000] {logging_mixin.py:154} INFO - [2023-12-03T18:33:53.302+0000] {dagbag.py:536} INFO - Filling up the DagBag from /home/airflow/.local/lib/python3.8/site-packages/airflow/example_dags/example_sla_dag.py
[2023-12-03T18:33:53.322+0000] {processor.py:839} INFO - DAG(s) dict_keys(['example_sla_dag']) retrieved from /home/airflow/.local/lib/python3.8/site-packages/airflow/example_dags/example_sla_dag.py
[2023-12-03T18:33:53.355+0000] {logging_mixin.py:154} INFO - [2023-12-03T18:33:53.355+0000] {dag.py:2941} INFO - Sync 1 DAGs
[2023-12-03T18:33:53.568+0000] {logging_mixin.py:154} INFO - [2023-12-03T18:33:53.568+0000] {dag.py:3722} INFO - Setting next_dagrun for example_sla_dag to 2023-12-03T18:30:00+00:00, run_after=2023-12-03T18:32:00+00:00
[2023-12-03T18:33:53.608+0000] {processor.py:179} INFO - Processing /home/airflow/.local/lib/python3.8/site-packages/airflow/example_dags/example_sla_dag.py took 0.316 seconds
[2023-12-03T18:34:23.951+0000] {processor.py:157} INFO - Started process (PID=547) to work on /home/airflow/.local/lib/python3.8/site-packages/airflow/example_dags/example_sla_dag.py
[2023-12-03T18:34:23.953+0000] {processor.py:829} INFO - Processing file /home/airflow/.local/lib/python3.8/site-packages/airflow/example_dags/example_sla_dag.py for tasks to queue
[2023-12-03T18:34:23.960+0000] {logging_mixin.py:154} INFO - [2023-12-03T18:34:23.959+0000] {dagbag.py:536} INFO - Filling up the DagBag from /home/airflow/.local/lib/python3.8/site-packages/airflow/example_dags/example_sla_dag.py
[2023-12-03T18:34:23.988+0000] {processor.py:839} INFO - DAG(s) dict_keys(['example_sla_dag']) retrieved from /home/airflow/.local/lib/python3.8/site-packages/airflow/example_dags/example_sla_dag.py
[2023-12-03T18:34:24.042+0000] {logging_mixin.py:154} INFO - [2023-12-03T18:34:24.041+0000] {dag.py:2941} INFO - Sync 1 DAGs
[2023-12-03T18:34:24.262+0000] {logging_mixin.py:154} INFO - [2023-12-03T18:34:24.262+0000] {dag.py:3722} INFO - Setting next_dagrun for example_sla_dag to 2023-12-03T18:32:00+00:00, run_after=2023-12-03T18:34:00+00:00
[2023-12-03T18:34:24.301+0000] {processor.py:179} INFO - Processing /home/airflow/.local/lib/python3.8/site-packages/airflow/example_dags/example_sla_dag.py took 0.359 seconds
[2023-12-03T18:34:54.614+0000] {processor.py:157} INFO - Started process (PID=602) to work on /home/airflow/.local/lib/python3.8/site-packages/airflow/example_dags/example_sla_dag.py
[2023-12-03T18:34:54.616+0000] {processor.py:829} INFO - Processing file /home/airflow/.local/lib/python3.8/site-packages/airflow/example_dags/example_sla_dag.py for tasks to queue
[2023-12-03T18:34:54.622+0000] {logging_mixin.py:154} INFO - [2023-12-03T18:34:54.621+0000] {dagbag.py:536} INFO - Filling up the DagBag from /home/airflow/.local/lib/python3.8/site-packages/airflow/example_dags/example_sla_dag.py
[2023-12-03T18:34:54.636+0000] {processor.py:839} INFO - DAG(s) dict_keys(['example_sla_dag']) retrieved from /home/airflow/.local/lib/python3.8/site-packages/airflow/example_dags/example_sla_dag.py
[2023-12-03T18:34:54.669+0000] {logging_mixin.py:154} INFO - [2023-12-03T18:34:54.669+0000] {dag.py:2941} INFO - Sync 1 DAGs
[2023-12-03T18:34:54.945+0000] {logging_mixin.py:154} INFO - [2023-12-03T18:34:54.945+0000] {dag.py:3722} INFO - Setting next_dagrun for example_sla_dag to 2023-12-03T18:32:00+00:00, run_after=2023-12-03T18:34:00+00:00
[2023-12-03T18:34:54.982+0000] {processor.py:179} INFO - Processing /home/airflow/.local/lib/python3.8/site-packages/airflow/example_dags/example_sla_dag.py took 0.374 seconds
[2023-12-03T18:35:25.839+0000] {processor.py:157} INFO - Started process (PID=657) to work on /home/airflow/.local/lib/python3.8/site-packages/airflow/example_dags/example_sla_dag.py
[2023-12-03T18:35:25.840+0000] {processor.py:829} INFO - Processing file /home/airflow/.local/lib/python3.8/site-packages/airflow/example_dags/example_sla_dag.py for tasks to queue
[2023-12-03T18:35:25.844+0000] {logging_mixin.py:154} INFO - [2023-12-03T18:35:25.844+0000] {dagbag.py:536} INFO - Filling up the DagBag from /home/airflow/.local/lib/python3.8/site-packages/airflow/example_dags/example_sla_dag.py
[2023-12-03T18:35:25.857+0000] {processor.py:839} INFO - DAG(s) dict_keys(['example_sla_dag']) retrieved from /home/airflow/.local/lib/python3.8/site-packages/airflow/example_dags/example_sla_dag.py
[2023-12-03T18:35:25.891+0000] {logging_mixin.py:154} INFO - [2023-12-03T18:35:25.890+0000] {dag.py:2941} INFO - Sync 1 DAGs
[2023-12-03T18:35:26.175+0000] {logging_mixin.py:154} INFO - [2023-12-03T18:35:26.174+0000] {dag.py:3722} INFO - Setting next_dagrun for example_sla_dag to 2023-12-03T18:32:00+00:00, run_after=2023-12-03T18:34:00+00:00
[2023-12-03T18:35:26.221+0000] {processor.py:179} INFO - Processing /home/airflow/.local/lib/python3.8/site-packages/airflow/example_dags/example_sla_dag.py took 0.387 seconds
[2023-12-03T18:35:56.279+0000] {processor.py:157} INFO - Started process (PID=719) to work on /home/airflow/.local/lib/python3.8/site-packages/airflow/example_dags/example_sla_dag.py
[2023-12-03T18:35:56.281+0000] {processor.py:829} INFO - Processing file /home/airflow/.local/lib/python3.8/site-packages/airflow/example_dags/example_sla_dag.py for tasks to queue
[2023-12-03T18:35:56.285+0000] {logging_mixin.py:154} INFO - [2023-12-03T18:35:56.285+0000] {dagbag.py:536} INFO - Filling up the DagBag from /home/airflow/.local/lib/python3.8/site-packages/airflow/example_dags/example_sla_dag.py
[2023-12-03T18:35:56.304+0000] {processor.py:839} INFO - DAG(s) dict_keys(['example_sla_dag']) retrieved from /home/airflow/.local/lib/python3.8/site-packages/airflow/example_dags/example_sla_dag.py
[2023-12-03T18:35:56.346+0000] {logging_mixin.py:154} INFO - [2023-12-03T18:35:56.346+0000] {dag.py:2941} INFO - Sync 1 DAGs
[2023-12-03T18:35:56.407+0000] {logging_mixin.py:154} INFO - [2023-12-03T18:35:56.407+0000] {dag.py:3722} INFO - Setting next_dagrun for example_sla_dag to 2023-12-03T18:32:00+00:00, run_after=2023-12-03T18:34:00+00:00
[2023-12-03T18:35:56.444+0000] {processor.py:179} INFO - Processing /home/airflow/.local/lib/python3.8/site-packages/airflow/example_dags/example_sla_dag.py took 0.171 seconds
[2023-12-03T18:36:27.476+0000] {processor.py:157} INFO - Started process (PID=774) to work on /home/airflow/.local/lib/python3.8/site-packages/airflow/example_dags/example_sla_dag.py
[2023-12-03T18:36:27.479+0000] {processor.py:829} INFO - Processing file /home/airflow/.local/lib/python3.8/site-packages/airflow/example_dags/example_sla_dag.py for tasks to queue
[2023-12-03T18:36:27.486+0000] {logging_mixin.py:154} INFO - [2023-12-03T18:36:27.485+0000] {dagbag.py:536} INFO - Filling up the DagBag from /home/airflow/.local/lib/python3.8/site-packages/airflow/example_dags/example_sla_dag.py
[2023-12-03T18:36:27.511+0000] {processor.py:839} INFO - DAG(s) dict_keys(['example_sla_dag']) retrieved from /home/airflow/.local/lib/python3.8/site-packages/airflow/example_dags/example_sla_dag.py
[2023-12-03T18:36:27.573+0000] {logging_mixin.py:154} INFO - [2023-12-03T18:36:27.572+0000] {dag.py:2941} INFO - Sync 1 DAGs
[2023-12-03T18:36:27.618+0000] {logging_mixin.py:154} INFO - [2023-12-03T18:36:27.618+0000] {dag.py:3722} INFO - Setting next_dagrun for example_sla_dag to 2023-12-03T18:34:00+00:00, run_after=2023-12-03T18:36:00+00:00
[2023-12-03T18:36:27.655+0000] {processor.py:179} INFO - Processing /home/airflow/.local/lib/python3.8/site-packages/airflow/example_dags/example_sla_dag.py took 0.188 seconds
[2023-12-03T18:36:58.414+0000] {processor.py:157} INFO - Started process (PID=829) to work on /home/airflow/.local/lib/python3.8/site-packages/airflow/example_dags/example_sla_dag.py
[2023-12-03T18:36:58.416+0000] {processor.py:829} INFO - Processing file /home/airflow/.local/lib/python3.8/site-packages/airflow/example_dags/example_sla_dag.py for tasks to queue
[2023-12-03T18:36:58.421+0000] {logging_mixin.py:154} INFO - [2023-12-03T18:36:58.420+0000] {dagbag.py:536} INFO - Filling up the DagBag from /home/airflow/.local/lib/python3.8/site-packages/airflow/example_dags/example_sla_dag.py
[2023-12-03T18:36:58.441+0000] {processor.py:839} INFO - DAG(s) dict_keys(['example_sla_dag']) retrieved from /home/airflow/.local/lib/python3.8/site-packages/airflow/example_dags/example_sla_dag.py
[2023-12-03T18:36:58.481+0000] {logging_mixin.py:154} INFO - [2023-12-03T18:36:58.481+0000] {dag.py:2941} INFO - Sync 1 DAGs
[2023-12-03T18:36:58.532+0000] {logging_mixin.py:154} INFO - [2023-12-03T18:36:58.532+0000] {dag.py:3722} INFO - Setting next_dagrun for example_sla_dag to 2023-12-03T18:34:00+00:00, run_after=2023-12-03T18:36:00+00:00
[2023-12-03T18:36:58.581+0000] {processor.py:179} INFO - Processing /home/airflow/.local/lib/python3.8/site-packages/airflow/example_dags/example_sla_dag.py took 0.173 seconds
[2023-12-03T18:37:28.736+0000] {processor.py:157} INFO - Started process (PID=884) to work on /home/airflow/.local/lib/python3.8/site-packages/airflow/example_dags/example_sla_dag.py
[2023-12-03T18:37:28.738+0000] {processor.py:829} INFO - Processing file /home/airflow/.local/lib/python3.8/site-packages/airflow/example_dags/example_sla_dag.py for tasks to queue
[2023-12-03T18:37:28.745+0000] {logging_mixin.py:154} INFO - [2023-12-03T18:37:28.744+0000] {dagbag.py:536} INFO - Filling up the DagBag from /home/airflow/.local/lib/python3.8/site-packages/airflow/example_dags/example_sla_dag.py
[2023-12-03T18:37:28.760+0000] {processor.py:839} INFO - DAG(s) dict_keys(['example_sla_dag']) retrieved from /home/airflow/.local/lib/python3.8/site-packages/airflow/example_dags/example_sla_dag.py
[2023-12-03T18:37:28.790+0000] {logging_mixin.py:154} INFO - [2023-12-03T18:37:28.789+0000] {dag.py:2941} INFO - Sync 1 DAGs
[2023-12-03T18:37:28.837+0000] {logging_mixin.py:154} INFO - [2023-12-03T18:37:28.837+0000] {dag.py:3722} INFO - Setting next_dagrun for example_sla_dag to 2023-12-03T18:34:00+00:00, run_after=2023-12-03T18:36:00+00:00
[2023-12-03T18:37:28.866+0000] {processor.py:179} INFO - Processing /home/airflow/.local/lib/python3.8/site-packages/airflow/example_dags/example_sla_dag.py took 0.136 seconds
[2023-12-03T18:37:59.641+0000] {processor.py:157} INFO - Started process (PID=939) to work on /home/airflow/.local/lib/python3.8/site-packages/airflow/example_dags/example_sla_dag.py
[2023-12-03T18:37:59.642+0000] {processor.py:829} INFO - Processing file /home/airflow/.local/lib/python3.8/site-packages/airflow/example_dags/example_sla_dag.py for tasks to queue
[2023-12-03T18:37:59.646+0000] {logging_mixin.py:154} INFO - [2023-12-03T18:37:59.646+0000] {dagbag.py:536} INFO - Filling up the DagBag from /home/airflow/.local/lib/python3.8/site-packages/airflow/example_dags/example_sla_dag.py
[2023-12-03T18:37:59.660+0000] {processor.py:839} INFO - DAG(s) dict_keys(['example_sla_dag']) retrieved from /home/airflow/.local/lib/python3.8/site-packages/airflow/example_dags/example_sla_dag.py
[2023-12-03T18:37:59.719+0000] {logging_mixin.py:154} INFO - [2023-12-03T18:37:59.719+0000] {dag.py:2941} INFO - Sync 1 DAGs
[2023-12-03T18:37:59.757+0000] {logging_mixin.py:154} INFO - [2023-12-03T18:37:59.757+0000] {dag.py:3722} INFO - Setting next_dagrun for example_sla_dag to 2023-12-03T18:34:00+00:00, run_after=2023-12-03T18:36:00+00:00
[2023-12-03T18:37:59.795+0000] {processor.py:179} INFO - Processing /home/airflow/.local/lib/python3.8/site-packages/airflow/example_dags/example_sla_dag.py took 0.157 seconds
[2023-12-03T18:38:29.923+0000] {processor.py:157} INFO - Started process (PID=994) to work on /home/airflow/.local/lib/python3.8/site-packages/airflow/example_dags/example_sla_dag.py
[2023-12-03T18:38:29.924+0000] {processor.py:829} INFO - Processing file /home/airflow/.local/lib/python3.8/site-packages/airflow/example_dags/example_sla_dag.py for tasks to queue
[2023-12-03T18:38:29.930+0000] {logging_mixin.py:154} INFO - [2023-12-03T18:38:29.929+0000] {dagbag.py:536} INFO - Filling up the DagBag from /home/airflow/.local/lib/python3.8/site-packages/airflow/example_dags/example_sla_dag.py
[2023-12-03T18:38:29.943+0000] {processor.py:839} INFO - DAG(s) dict_keys(['example_sla_dag']) retrieved from /home/airflow/.local/lib/python3.8/site-packages/airflow/example_dags/example_sla_dag.py
[2023-12-03T18:38:29.974+0000] {logging_mixin.py:154} INFO - [2023-12-03T18:38:29.973+0000] {dag.py:2941} INFO - Sync 1 DAGs
[2023-12-03T18:38:30.020+0000] {logging_mixin.py:154} INFO - [2023-12-03T18:38:30.019+0000] {dag.py:3722} INFO - Setting next_dagrun for example_sla_dag to 2023-12-03T18:36:00+00:00, run_after=2023-12-03T18:38:00+00:00
[2023-12-03T18:38:30.051+0000] {processor.py:179} INFO - Processing /home/airflow/.local/lib/python3.8/site-packages/airflow/example_dags/example_sla_dag.py took 0.133 seconds
[2023-12-03T18:39:00.523+0000] {processor.py:157} INFO - Started process (PID=1048) to work on /home/airflow/.local/lib/python3.8/site-packages/airflow/example_dags/example_sla_dag.py
[2023-12-03T18:39:00.524+0000] {processor.py:829} INFO - Processing file /home/airflow/.local/lib/python3.8/site-packages/airflow/example_dags/example_sla_dag.py for tasks to queue
[2023-12-03T18:39:00.529+0000] {logging_mixin.py:154} INFO - [2023-12-03T18:39:00.528+0000] {dagbag.py:536} INFO - Filling up the DagBag from /home/airflow/.local/lib/python3.8/site-packages/airflow/example_dags/example_sla_dag.py
[2023-12-03T18:39:00.542+0000] {processor.py:839} INFO - DAG(s) dict_keys(['example_sla_dag']) retrieved from /home/airflow/.local/lib/python3.8/site-packages/airflow/example_dags/example_sla_dag.py
[2023-12-03T18:39:00.572+0000] {logging_mixin.py:154} INFO - [2023-12-03T18:39:00.572+0000] {dag.py:2941} INFO - Sync 1 DAGs
[2023-12-03T18:39:00.615+0000] {logging_mixin.py:154} INFO - [2023-12-03T18:39:00.615+0000] {dag.py:3722} INFO - Setting next_dagrun for example_sla_dag to 2023-12-03T18:36:00+00:00, run_after=2023-12-03T18:38:00+00:00
[2023-12-03T18:39:00.645+0000] {processor.py:179} INFO - Processing /home/airflow/.local/lib/python3.8/site-packages/airflow/example_dags/example_sla_dag.py took 0.127 seconds
[2023-12-03T18:39:30.843+0000] {processor.py:157} INFO - Started process (PID=1103) to work on /home/airflow/.local/lib/python3.8/site-packages/airflow/example_dags/example_sla_dag.py
[2023-12-03T18:39:30.844+0000] {processor.py:829} INFO - Processing file /home/airflow/.local/lib/python3.8/site-packages/airflow/example_dags/example_sla_dag.py for tasks to queue
[2023-12-03T18:39:30.848+0000] {logging_mixin.py:154} INFO - [2023-12-03T18:39:30.848+0000] {dagbag.py:536} INFO - Filling up the DagBag from /home/airflow/.local/lib/python3.8/site-packages/airflow/example_dags/example_sla_dag.py
[2023-12-03T18:39:30.860+0000] {processor.py:839} INFO - DAG(s) dict_keys(['example_sla_dag']) retrieved from /home/airflow/.local/lib/python3.8/site-packages/airflow/example_dags/example_sla_dag.py
[2023-12-03T18:39:30.889+0000] {logging_mixin.py:154} INFO - [2023-12-03T18:39:30.889+0000] {dag.py:2941} INFO - Sync 1 DAGs
[2023-12-03T18:39:30.923+0000] {logging_mixin.py:154} INFO - [2023-12-03T18:39:30.922+0000] {dag.py:3722} INFO - Setting next_dagrun for example_sla_dag to 2023-12-03T18:36:00+00:00, run_after=2023-12-03T18:38:00+00:00
[2023-12-03T18:39:30.959+0000] {processor.py:179} INFO - Processing /home/airflow/.local/lib/python3.8/site-packages/airflow/example_dags/example_sla_dag.py took 0.120 seconds
[2023-12-03T18:40:01.125+0000] {processor.py:157} INFO - Started process (PID=1158) to work on /home/airflow/.local/lib/python3.8/site-packages/airflow/example_dags/example_sla_dag.py
[2023-12-03T18:40:01.127+0000] {processor.py:829} INFO - Processing file /home/airflow/.local/lib/python3.8/site-packages/airflow/example_dags/example_sla_dag.py for tasks to queue
[2023-12-03T18:40:01.131+0000] {logging_mixin.py:154} INFO - [2023-12-03T18:40:01.130+0000] {dagbag.py:536} INFO - Filling up the DagBag from /home/airflow/.local/lib/python3.8/site-packages/airflow/example_dags/example_sla_dag.py
[2023-12-03T18:40:01.146+0000] {processor.py:839} INFO - DAG(s) dict_keys(['example_sla_dag']) retrieved from /home/airflow/.local/lib/python3.8/site-packages/airflow/example_dags/example_sla_dag.py
[2023-12-03T18:40:01.175+0000] {logging_mixin.py:154} INFO - [2023-12-03T18:40:01.174+0000] {dag.py:2941} INFO - Sync 1 DAGs
[2023-12-03T18:40:01.212+0000] {logging_mixin.py:154} INFO - [2023-12-03T18:40:01.212+0000] {dag.py:3722} INFO - Setting next_dagrun for example_sla_dag to 2023-12-03T18:38:00+00:00, run_after=2023-12-03T18:40:00+00:00
[2023-12-03T18:40:01.242+0000] {processor.py:179} INFO - Processing /home/airflow/.local/lib/python3.8/site-packages/airflow/example_dags/example_sla_dag.py took 0.122 seconds
[2023-12-03T18:41:31.032+0000] {processor.py:157} INFO - Started process (PID=45) to work on /home/airflow/.local/lib/python3.8/site-packages/airflow/example_dags/example_sla_dag.py
[2023-12-03T18:41:31.036+0000] {processor.py:829} INFO - Processing file /home/airflow/.local/lib/python3.8/site-packages/airflow/example_dags/example_sla_dag.py for tasks to queue
[2023-12-03T18:41:31.040+0000] {logging_mixin.py:154} INFO - [2023-12-03T18:41:31.039+0000] {dagbag.py:536} INFO - Filling up the DagBag from /home/airflow/.local/lib/python3.8/site-packages/airflow/example_dags/example_sla_dag.py
[2023-12-03T18:41:31.068+0000] {processor.py:839} INFO - DAG(s) dict_keys(['example_sla_dag']) retrieved from /home/airflow/.local/lib/python3.8/site-packages/airflow/example_dags/example_sla_dag.py
[2023-12-03T18:41:31.094+0000] {logging_mixin.py:154} INFO - [2023-12-03T18:41:31.094+0000] {dag.py:2941} INFO - Sync 1 DAGs
[2023-12-03T18:41:31.152+0000] {logging_mixin.py:154} INFO - [2023-12-03T18:41:31.151+0000] {dag.py:3722} INFO - Setting next_dagrun for example_sla_dag to 2023-12-03T18:38:00+00:00, run_after=2023-12-03T18:40:00+00:00
[2023-12-03T18:41:31.207+0000] {processor.py:179} INFO - Processing /home/airflow/.local/lib/python3.8/site-packages/airflow/example_dags/example_sla_dag.py took 0.185 seconds
[2023-12-03T18:41:55.862+0000] {processor.py:157} INFO - Started process (PID=44) to work on /home/airflow/.local/lib/python3.8/site-packages/airflow/example_dags/example_sla_dag.py
[2023-12-03T18:41:55.863+0000] {processor.py:829} INFO - Processing file /home/airflow/.local/lib/python3.8/site-packages/airflow/example_dags/example_sla_dag.py for tasks to queue
[2023-12-03T18:41:55.867+0000] {logging_mixin.py:154} INFO - [2023-12-03T18:41:55.867+0000] {dagbag.py:536} INFO - Filling up the DagBag from /home/airflow/.local/lib/python3.8/site-packages/airflow/example_dags/example_sla_dag.py
[2023-12-03T18:41:55.885+0000] {processor.py:839} INFO - DAG(s) dict_keys(['example_sla_dag']) retrieved from /home/airflow/.local/lib/python3.8/site-packages/airflow/example_dags/example_sla_dag.py
[2023-12-03T18:41:55.929+0000] {logging_mixin.py:154} INFO - [2023-12-03T18:41:55.928+0000] {dag.py:2941} INFO - Sync 1 DAGs
[2023-12-03T18:41:55.973+0000] {logging_mixin.py:154} INFO - [2023-12-03T18:41:55.973+0000] {dag.py:3722} INFO - Setting next_dagrun for example_sla_dag to 2023-12-03T18:38:00+00:00, run_after=2023-12-03T18:40:00+00:00
[2023-12-03T18:41:56.016+0000] {processor.py:179} INFO - Processing /home/airflow/.local/lib/python3.8/site-packages/airflow/example_dags/example_sla_dag.py took 0.160 seconds
[2023-12-03T18:42:26.776+0000] {processor.py:157} INFO - Started process (PID=99) to work on /home/airflow/.local/lib/python3.8/site-packages/airflow/example_dags/example_sla_dag.py
[2023-12-03T18:42:26.777+0000] {processor.py:829} INFO - Processing file /home/airflow/.local/lib/python3.8/site-packages/airflow/example_dags/example_sla_dag.py for tasks to queue
[2023-12-03T18:42:26.783+0000] {logging_mixin.py:154} INFO - [2023-12-03T18:42:26.782+0000] {dagbag.py:536} INFO - Filling up the DagBag from /home/airflow/.local/lib/python3.8/site-packages/airflow/example_dags/example_sla_dag.py
[2023-12-03T18:42:26.799+0000] {processor.py:839} INFO - DAG(s) dict_keys(['example_sla_dag']) retrieved from /home/airflow/.local/lib/python3.8/site-packages/airflow/example_dags/example_sla_dag.py
[2023-12-03T18:42:26.832+0000] {logging_mixin.py:154} INFO - [2023-12-03T18:42:26.831+0000] {dag.py:2941} INFO - Sync 1 DAGs
[2023-12-03T18:42:26.884+0000] {logging_mixin.py:154} INFO - [2023-12-03T18:42:26.884+0000] {dag.py:3722} INFO - Setting next_dagrun for example_sla_dag to 2023-12-03T18:40:00+00:00, run_after=2023-12-03T18:42:00+00:00
[2023-12-03T18:42:26.921+0000] {processor.py:179} INFO - Processing /home/airflow/.local/lib/python3.8/site-packages/airflow/example_dags/example_sla_dag.py took 0.150 seconds
[2023-12-03T18:42:57.448+0000] {processor.py:157} INFO - Started process (PID=155) to work on /home/airflow/.local/lib/python3.8/site-packages/airflow/example_dags/example_sla_dag.py
[2023-12-03T18:42:57.449+0000] {processor.py:829} INFO - Processing file /home/airflow/.local/lib/python3.8/site-packages/airflow/example_dags/example_sla_dag.py for tasks to queue
[2023-12-03T18:42:57.453+0000] {logging_mixin.py:154} INFO - [2023-12-03T18:42:57.453+0000] {dagbag.py:536} INFO - Filling up the DagBag from /home/airflow/.local/lib/python3.8/site-packages/airflow/example_dags/example_sla_dag.py
[2023-12-03T18:42:57.469+0000] {processor.py:839} INFO - DAG(s) dict_keys(['example_sla_dag']) retrieved from /home/airflow/.local/lib/python3.8/site-packages/airflow/example_dags/example_sla_dag.py
[2023-12-03T18:42:57.506+0000] {logging_mixin.py:154} INFO - [2023-12-03T18:42:57.506+0000] {dag.py:2941} INFO - Sync 1 DAGs
[2023-12-03T18:42:57.570+0000] {logging_mixin.py:154} INFO - [2023-12-03T18:42:57.569+0000] {dag.py:3722} INFO - Setting next_dagrun for example_sla_dag to 2023-12-03T18:40:00+00:00, run_after=2023-12-03T18:42:00+00:00
[2023-12-03T18:42:57.610+0000] {processor.py:179} INFO - Processing /home/airflow/.local/lib/python3.8/site-packages/airflow/example_dags/example_sla_dag.py took 0.168 seconds
[2023-12-03T18:43:28.594+0000] {processor.py:157} INFO - Started process (PID=210) to work on /home/airflow/.local/lib/python3.8/site-packages/airflow/example_dags/example_sla_dag.py
[2023-12-03T18:43:28.595+0000] {processor.py:829} INFO - Processing file /home/airflow/.local/lib/python3.8/site-packages/airflow/example_dags/example_sla_dag.py for tasks to queue
[2023-12-03T18:43:28.598+0000] {logging_mixin.py:154} INFO - [2023-12-03T18:43:28.598+0000] {dagbag.py:536} INFO - Filling up the DagBag from /home/airflow/.local/lib/python3.8/site-packages/airflow/example_dags/example_sla_dag.py
[2023-12-03T18:43:28.609+0000] {processor.py:839} INFO - DAG(s) dict_keys(['example_sla_dag']) retrieved from /home/airflow/.local/lib/python3.8/site-packages/airflow/example_dags/example_sla_dag.py
[2023-12-03T18:43:28.633+0000] {logging_mixin.py:154} INFO - [2023-12-03T18:43:28.633+0000] {dag.py:2941} INFO - Sync 1 DAGs
[2023-12-03T18:43:28.667+0000] {logging_mixin.py:154} INFO - [2023-12-03T18:43:28.666+0000] {dag.py:3722} INFO - Setting next_dagrun for example_sla_dag to 2023-12-03T18:40:00+00:00, run_after=2023-12-03T18:42:00+00:00
[2023-12-03T18:43:28.698+0000] {processor.py:179} INFO - Processing /home/airflow/.local/lib/python3.8/site-packages/airflow/example_dags/example_sla_dag.py took 0.109 seconds
[2023-12-03T18:43:59.125+0000] {processor.py:157} INFO - Started process (PID=265) to work on /home/airflow/.local/lib/python3.8/site-packages/airflow/example_dags/example_sla_dag.py
[2023-12-03T18:43:59.126+0000] {processor.py:829} INFO - Processing file /home/airflow/.local/lib/python3.8/site-packages/airflow/example_dags/example_sla_dag.py for tasks to queue
[2023-12-03T18:43:59.130+0000] {logging_mixin.py:154} INFO - [2023-12-03T18:43:59.129+0000] {dagbag.py:536} INFO - Filling up the DagBag from /home/airflow/.local/lib/python3.8/site-packages/airflow/example_dags/example_sla_dag.py
[2023-12-03T18:43:59.142+0000] {processor.py:839} INFO - DAG(s) dict_keys(['example_sla_dag']) retrieved from /home/airflow/.local/lib/python3.8/site-packages/airflow/example_dags/example_sla_dag.py
[2023-12-03T18:43:59.170+0000] {logging_mixin.py:154} INFO - [2023-12-03T18:43:59.169+0000] {dag.py:2941} INFO - Sync 1 DAGs
[2023-12-03T18:43:59.207+0000] {logging_mixin.py:154} INFO - [2023-12-03T18:43:59.207+0000] {dag.py:3722} INFO - Setting next_dagrun for example_sla_dag to 2023-12-03T18:40:00+00:00, run_after=2023-12-03T18:42:00+00:00
[2023-12-03T18:43:59.247+0000] {processor.py:179} INFO - Processing /home/airflow/.local/lib/python3.8/site-packages/airflow/example_dags/example_sla_dag.py took 0.130 seconds
[2023-12-03T18:44:30.222+0000] {processor.py:157} INFO - Started process (PID=320) to work on /home/airflow/.local/lib/python3.8/site-packages/airflow/example_dags/example_sla_dag.py
[2023-12-03T18:44:30.223+0000] {processor.py:829} INFO - Processing file /home/airflow/.local/lib/python3.8/site-packages/airflow/example_dags/example_sla_dag.py for tasks to queue
[2023-12-03T18:44:30.228+0000] {logging_mixin.py:154} INFO - [2023-12-03T18:44:30.227+0000] {dagbag.py:536} INFO - Filling up the DagBag from /home/airflow/.local/lib/python3.8/site-packages/airflow/example_dags/example_sla_dag.py
[2023-12-03T18:44:30.240+0000] {processor.py:839} INFO - DAG(s) dict_keys(['example_sla_dag']) retrieved from /home/airflow/.local/lib/python3.8/site-packages/airflow/example_dags/example_sla_dag.py
[2023-12-03T18:44:30.268+0000] {logging_mixin.py:154} INFO - [2023-12-03T18:44:30.268+0000] {dag.py:2941} INFO - Sync 1 DAGs
[2023-12-03T18:44:30.312+0000] {logging_mixin.py:154} INFO - [2023-12-03T18:44:30.312+0000] {dag.py:3722} INFO - Setting next_dagrun for example_sla_dag to 2023-12-03T18:42:00+00:00, run_after=2023-12-03T18:44:00+00:00
[2023-12-03T18:44:30.347+0000] {processor.py:179} INFO - Processing /home/airflow/.local/lib/python3.8/site-packages/airflow/example_dags/example_sla_dag.py took 0.130 seconds
[2023-12-03T18:48:27.206+0000] {processor.py:157} INFO - Started process (PID=48) to work on /home/airflow/.local/lib/python3.8/site-packages/airflow/example_dags/example_sla_dag.py
[2023-12-03T18:48:27.211+0000] {processor.py:829} INFO - Processing file /home/airflow/.local/lib/python3.8/site-packages/airflow/example_dags/example_sla_dag.py for tasks to queue
[2023-12-03T18:48:27.216+0000] {logging_mixin.py:154} INFO - [2023-12-03T18:48:27.215+0000] {dagbag.py:536} INFO - Filling up the DagBag from /home/airflow/.local/lib/python3.8/site-packages/airflow/example_dags/example_sla_dag.py
[2023-12-03T18:48:27.246+0000] {processor.py:839} INFO - DAG(s) dict_keys(['example_sla_dag']) retrieved from /home/airflow/.local/lib/python3.8/site-packages/airflow/example_dags/example_sla_dag.py
[2023-12-03T18:48:27.281+0000] {logging_mixin.py:154} INFO - [2023-12-03T18:48:27.280+0000] {dag.py:2941} INFO - Sync 1 DAGs
[2023-12-03T18:48:27.336+0000] {logging_mixin.py:154} INFO - [2023-12-03T18:48:27.336+0000] {dag.py:3722} INFO - Setting next_dagrun for example_sla_dag to 2023-12-03T18:46:00+00:00, run_after=2023-12-03T18:48:00+00:00
[2023-12-03T18:48:27.372+0000] {processor.py:179} INFO - Processing /home/airflow/.local/lib/python3.8/site-packages/airflow/example_dags/example_sla_dag.py took 0.173 seconds
[2023-12-03T18:48:58.223+0000] {processor.py:157} INFO - Started process (PID=103) to work on /home/airflow/.local/lib/python3.8/site-packages/airflow/example_dags/example_sla_dag.py
[2023-12-03T18:48:58.225+0000] {processor.py:829} INFO - Processing file /home/airflow/.local/lib/python3.8/site-packages/airflow/example_dags/example_sla_dag.py for tasks to queue
[2023-12-03T18:48:58.230+0000] {logging_mixin.py:154} INFO - [2023-12-03T18:48:58.229+0000] {dagbag.py:536} INFO - Filling up the DagBag from /home/airflow/.local/lib/python3.8/site-packages/airflow/example_dags/example_sla_dag.py
[2023-12-03T18:48:58.244+0000] {processor.py:839} INFO - DAG(s) dict_keys(['example_sla_dag']) retrieved from /home/airflow/.local/lib/python3.8/site-packages/airflow/example_dags/example_sla_dag.py
[2023-12-03T18:48:58.283+0000] {logging_mixin.py:154} INFO - [2023-12-03T18:48:58.283+0000] {dag.py:2941} INFO - Sync 1 DAGs
[2023-12-03T18:48:58.336+0000] {logging_mixin.py:154} INFO - [2023-12-03T18:48:58.335+0000] {dag.py:3722} INFO - Setting next_dagrun for example_sla_dag to 2023-12-03T18:46:00+00:00, run_after=2023-12-03T18:48:00+00:00
[2023-12-03T18:48:58.375+0000] {processor.py:179} INFO - Processing /home/airflow/.local/lib/python3.8/site-packages/airflow/example_dags/example_sla_dag.py took 0.157 seconds
[2023-12-03T18:49:28.519+0000] {processor.py:157} INFO - Started process (PID=158) to work on /home/airflow/.local/lib/python3.8/site-packages/airflow/example_dags/example_sla_dag.py
[2023-12-03T18:49:28.521+0000] {processor.py:829} INFO - Processing file /home/airflow/.local/lib/python3.8/site-packages/airflow/example_dags/example_sla_dag.py for tasks to queue
[2023-12-03T18:49:28.524+0000] {logging_mixin.py:154} INFO - [2023-12-03T18:49:28.523+0000] {dagbag.py:536} INFO - Filling up the DagBag from /home/airflow/.local/lib/python3.8/site-packages/airflow/example_dags/example_sla_dag.py
[2023-12-03T18:49:28.535+0000] {processor.py:839} INFO - DAG(s) dict_keys(['example_sla_dag']) retrieved from /home/airflow/.local/lib/python3.8/site-packages/airflow/example_dags/example_sla_dag.py
[2023-12-03T18:49:28.566+0000] {logging_mixin.py:154} INFO - [2023-12-03T18:49:28.566+0000] {dag.py:2941} INFO - Sync 1 DAGs
[2023-12-03T18:49:28.603+0000] {logging_mixin.py:154} INFO - [2023-12-03T18:49:28.603+0000] {dag.py:3722} INFO - Setting next_dagrun for example_sla_dag to 2023-12-03T18:46:00+00:00, run_after=2023-12-03T18:48:00+00:00
[2023-12-03T18:49:28.631+0000] {processor.py:179} INFO - Processing /home/airflow/.local/lib/python3.8/site-packages/airflow/example_dags/example_sla_dag.py took 0.116 seconds
