[2023-12-03T18:18:45.677+0000] {processor.py:157} INFO - Started process (PID=41) to work on /home/airflow/.local/lib/python3.8/site-packages/airflow/example_dags/example_sensor_decorator.py
[2023-12-03T18:18:45.679+0000] {processor.py:829} INFO - Processing file /home/airflow/.local/lib/python3.8/site-packages/airflow/example_dags/example_sensor_decorator.py for tasks to queue
[2023-12-03T18:18:45.683+0000] {logging_mixin.py:154} INFO - [2023-12-03T18:18:45.683+0000] {dagbag.py:536} INFO - Filling up the DagBag from /home/airflow/.local/lib/python3.8/site-packages/airflow/example_dags/example_sensor_decorator.py
[2023-12-03T18:18:45.703+0000] {processor.py:839} INFO - DAG(s) dict_keys(['example_sensor_decorator']) retrieved from /home/airflow/.local/lib/python3.8/site-packages/airflow/example_dags/example_sensor_decorator.py
[2023-12-03T18:18:45.776+0000] {logging_mixin.py:154} INFO - [2023-12-03T18:18:45.776+0000] {dag.py:2941} INFO - Sync 1 DAGs
[2023-12-03T18:18:45.802+0000] {logging_mixin.py:154} INFO - [2023-12-03T18:18:45.801+0000] {dag.py:3722} INFO - Setting next_dagrun for example_sensor_decorator to None, run_after=None
[2023-12-03T18:18:45.842+0000] {processor.py:179} INFO - Processing /home/airflow/.local/lib/python3.8/site-packages/airflow/example_dags/example_sensor_decorator.py took 0.172 seconds
[2023-12-03T18:19:15.999+0000] {processor.py:157} INFO - Started process (PID=94) to work on /home/airflow/.local/lib/python3.8/site-packages/airflow/example_dags/example_sensor_decorator.py
[2023-12-03T18:19:16.001+0000] {processor.py:829} INFO - Processing file /home/airflow/.local/lib/python3.8/site-packages/airflow/example_dags/example_sensor_decorator.py for tasks to queue
[2023-12-03T18:19:16.007+0000] {logging_mixin.py:154} INFO - [2023-12-03T18:19:16.006+0000] {dagbag.py:536} INFO - Filling up the DagBag from /home/airflow/.local/lib/python3.8/site-packages/airflow/example_dags/example_sensor_decorator.py
[2023-12-03T18:19:16.025+0000] {processor.py:839} INFO - DAG(s) dict_keys(['example_sensor_decorator']) retrieved from /home/airflow/.local/lib/python3.8/site-packages/airflow/example_dags/example_sensor_decorator.py
[2023-12-03T18:19:16.075+0000] {logging_mixin.py:154} INFO - [2023-12-03T18:19:16.074+0000] {dag.py:2941} INFO - Sync 1 DAGs
[2023-12-03T18:19:16.110+0000] {logging_mixin.py:154} INFO - [2023-12-03T18:19:16.109+0000] {dag.py:3722} INFO - Setting next_dagrun for example_sensor_decorator to None, run_after=None
[2023-12-03T18:19:16.159+0000] {processor.py:179} INFO - Processing /home/airflow/.local/lib/python3.8/site-packages/airflow/example_dags/example_sensor_decorator.py took 0.168 seconds
[2023-12-03T18:19:46.915+0000] {processor.py:157} INFO - Started process (PID=148) to work on /home/airflow/.local/lib/python3.8/site-packages/airflow/example_dags/example_sensor_decorator.py
[2023-12-03T18:19:46.916+0000] {processor.py:829} INFO - Processing file /home/airflow/.local/lib/python3.8/site-packages/airflow/example_dags/example_sensor_decorator.py for tasks to queue
[2023-12-03T18:19:46.921+0000] {logging_mixin.py:154} INFO - [2023-12-03T18:19:46.920+0000] {dagbag.py:536} INFO - Filling up the DagBag from /home/airflow/.local/lib/python3.8/site-packages/airflow/example_dags/example_sensor_decorator.py
[2023-12-03T18:19:46.933+0000] {processor.py:839} INFO - DAG(s) dict_keys(['example_sensor_decorator']) retrieved from /home/airflow/.local/lib/python3.8/site-packages/airflow/example_dags/example_sensor_decorator.py
[2023-12-03T18:19:46.959+0000] {logging_mixin.py:154} INFO - [2023-12-03T18:19:46.959+0000] {dag.py:2941} INFO - Sync 1 DAGs
[2023-12-03T18:19:46.986+0000] {logging_mixin.py:154} INFO - [2023-12-03T18:19:46.986+0000] {dag.py:3722} INFO - Setting next_dagrun for example_sensor_decorator to None, run_after=None
[2023-12-03T18:19:47.031+0000] {processor.py:179} INFO - Processing /home/airflow/.local/lib/python3.8/site-packages/airflow/example_dags/example_sensor_decorator.py took 0.122 seconds
[2023-12-03T18:20:17.392+0000] {processor.py:157} INFO - Started process (PID=202) to work on /home/airflow/.local/lib/python3.8/site-packages/airflow/example_dags/example_sensor_decorator.py
[2023-12-03T18:20:17.393+0000] {processor.py:829} INFO - Processing file /home/airflow/.local/lib/python3.8/site-packages/airflow/example_dags/example_sensor_decorator.py for tasks to queue
[2023-12-03T18:20:17.397+0000] {logging_mixin.py:154} INFO - [2023-12-03T18:20:17.397+0000] {dagbag.py:536} INFO - Filling up the DagBag from /home/airflow/.local/lib/python3.8/site-packages/airflow/example_dags/example_sensor_decorator.py
[2023-12-03T18:20:17.407+0000] {processor.py:839} INFO - DAG(s) dict_keys(['example_sensor_decorator']) retrieved from /home/airflow/.local/lib/python3.8/site-packages/airflow/example_dags/example_sensor_decorator.py
[2023-12-03T18:20:17.440+0000] {logging_mixin.py:154} INFO - [2023-12-03T18:20:17.439+0000] {dag.py:2941} INFO - Sync 1 DAGs
[2023-12-03T18:20:17.469+0000] {logging_mixin.py:154} INFO - [2023-12-03T18:20:17.469+0000] {dag.py:3722} INFO - Setting next_dagrun for example_sensor_decorator to None, run_after=None
[2023-12-03T18:20:17.507+0000] {processor.py:179} INFO - Processing /home/airflow/.local/lib/python3.8/site-packages/airflow/example_dags/example_sensor_decorator.py took 0.121 seconds
[2023-12-03T18:20:47.866+0000] {processor.py:157} INFO - Started process (PID=256) to work on /home/airflow/.local/lib/python3.8/site-packages/airflow/example_dags/example_sensor_decorator.py
[2023-12-03T18:20:47.868+0000] {processor.py:829} INFO - Processing file /home/airflow/.local/lib/python3.8/site-packages/airflow/example_dags/example_sensor_decorator.py for tasks to queue
[2023-12-03T18:20:47.872+0000] {logging_mixin.py:154} INFO - [2023-12-03T18:20:47.871+0000] {dagbag.py:536} INFO - Filling up the DagBag from /home/airflow/.local/lib/python3.8/site-packages/airflow/example_dags/example_sensor_decorator.py
[2023-12-03T18:20:47.880+0000] {processor.py:839} INFO - DAG(s) dict_keys(['example_sensor_decorator']) retrieved from /home/airflow/.local/lib/python3.8/site-packages/airflow/example_dags/example_sensor_decorator.py
[2023-12-03T18:20:47.917+0000] {logging_mixin.py:154} INFO - [2023-12-03T18:20:47.917+0000] {dag.py:2941} INFO - Sync 1 DAGs
[2023-12-03T18:20:47.938+0000] {logging_mixin.py:154} INFO - [2023-12-03T18:20:47.938+0000] {dag.py:3722} INFO - Setting next_dagrun for example_sensor_decorator to None, run_after=None
[2023-12-03T18:20:47.989+0000] {processor.py:179} INFO - Processing /home/airflow/.local/lib/python3.8/site-packages/airflow/example_dags/example_sensor_decorator.py took 0.128 seconds
[2023-12-03T18:21:18.492+0000] {processor.py:157} INFO - Started process (PID=310) to work on /home/airflow/.local/lib/python3.8/site-packages/airflow/example_dags/example_sensor_decorator.py
[2023-12-03T18:21:18.494+0000] {processor.py:829} INFO - Processing file /home/airflow/.local/lib/python3.8/site-packages/airflow/example_dags/example_sensor_decorator.py for tasks to queue
[2023-12-03T18:21:18.501+0000] {logging_mixin.py:154} INFO - [2023-12-03T18:21:18.500+0000] {dagbag.py:536} INFO - Filling up the DagBag from /home/airflow/.local/lib/python3.8/site-packages/airflow/example_dags/example_sensor_decorator.py
[2023-12-03T18:21:18.520+0000] {processor.py:839} INFO - DAG(s) dict_keys(['example_sensor_decorator']) retrieved from /home/airflow/.local/lib/python3.8/site-packages/airflow/example_dags/example_sensor_decorator.py
[2023-12-03T18:21:18.552+0000] {logging_mixin.py:154} INFO - [2023-12-03T18:21:18.551+0000] {dag.py:2941} INFO - Sync 1 DAGs
[2023-12-03T18:21:18.590+0000] {logging_mixin.py:154} INFO - [2023-12-03T18:21:18.590+0000] {dag.py:3722} INFO - Setting next_dagrun for example_sensor_decorator to None, run_after=None
[2023-12-03T18:21:18.639+0000] {processor.py:179} INFO - Processing /home/airflow/.local/lib/python3.8/site-packages/airflow/example_dags/example_sensor_decorator.py took 0.157 seconds
[2023-12-03T18:21:48.774+0000] {processor.py:157} INFO - Started process (PID=364) to work on /home/airflow/.local/lib/python3.8/site-packages/airflow/example_dags/example_sensor_decorator.py
[2023-12-03T18:21:48.777+0000] {processor.py:829} INFO - Processing file /home/airflow/.local/lib/python3.8/site-packages/airflow/example_dags/example_sensor_decorator.py for tasks to queue
[2023-12-03T18:21:48.786+0000] {logging_mixin.py:154} INFO - [2023-12-03T18:21:48.784+0000] {dagbag.py:536} INFO - Filling up the DagBag from /home/airflow/.local/lib/python3.8/site-packages/airflow/example_dags/example_sensor_decorator.py
[2023-12-03T18:21:48.795+0000] {processor.py:839} INFO - DAG(s) dict_keys(['example_sensor_decorator']) retrieved from /home/airflow/.local/lib/python3.8/site-packages/airflow/example_dags/example_sensor_decorator.py
[2023-12-03T18:21:48.826+0000] {logging_mixin.py:154} INFO - [2023-12-03T18:21:48.825+0000] {dag.py:2941} INFO - Sync 1 DAGs
[2023-12-03T18:21:48.846+0000] {logging_mixin.py:154} INFO - [2023-12-03T18:21:48.846+0000] {dag.py:3722} INFO - Setting next_dagrun for example_sensor_decorator to None, run_after=None
[2023-12-03T18:21:48.875+0000] {processor.py:179} INFO - Processing /home/airflow/.local/lib/python3.8/site-packages/airflow/example_dags/example_sensor_decorator.py took 0.112 seconds
[2023-12-03T18:22:19.057+0000] {processor.py:157} INFO - Started process (PID=418) to work on /home/airflow/.local/lib/python3.8/site-packages/airflow/example_dags/example_sensor_decorator.py
[2023-12-03T18:22:19.059+0000] {processor.py:829} INFO - Processing file /home/airflow/.local/lib/python3.8/site-packages/airflow/example_dags/example_sensor_decorator.py for tasks to queue
[2023-12-03T18:22:19.064+0000] {logging_mixin.py:154} INFO - [2023-12-03T18:22:19.063+0000] {dagbag.py:536} INFO - Filling up the DagBag from /home/airflow/.local/lib/python3.8/site-packages/airflow/example_dags/example_sensor_decorator.py
[2023-12-03T18:22:19.075+0000] {processor.py:839} INFO - DAG(s) dict_keys(['example_sensor_decorator']) retrieved from /home/airflow/.local/lib/python3.8/site-packages/airflow/example_dags/example_sensor_decorator.py
[2023-12-03T18:22:19.111+0000] {logging_mixin.py:154} INFO - [2023-12-03T18:22:19.111+0000] {dag.py:2941} INFO - Sync 1 DAGs
[2023-12-03T18:22:19.136+0000] {logging_mixin.py:154} INFO - [2023-12-03T18:22:19.136+0000] {dag.py:3722} INFO - Setting next_dagrun for example_sensor_decorator to None, run_after=None
[2023-12-03T18:22:19.176+0000] {processor.py:179} INFO - Processing /home/airflow/.local/lib/python3.8/site-packages/airflow/example_dags/example_sensor_decorator.py took 0.124 seconds
[2023-12-03T18:23:55.926+0000] {processor.py:157} INFO - Started process (PID=41) to work on /home/airflow/.local/lib/python3.8/site-packages/airflow/example_dags/example_sensor_decorator.py
[2023-12-03T18:23:55.930+0000] {processor.py:829} INFO - Processing file /home/airflow/.local/lib/python3.8/site-packages/airflow/example_dags/example_sensor_decorator.py for tasks to queue
[2023-12-03T18:23:55.936+0000] {logging_mixin.py:154} INFO - [2023-12-03T18:23:55.934+0000] {dagbag.py:536} INFO - Filling up the DagBag from /home/airflow/.local/lib/python3.8/site-packages/airflow/example_dags/example_sensor_decorator.py
[2023-12-03T18:23:55.951+0000] {processor.py:839} INFO - DAG(s) dict_keys(['example_sensor_decorator']) retrieved from /home/airflow/.local/lib/python3.8/site-packages/airflow/example_dags/example_sensor_decorator.py
[2023-12-03T18:23:55.975+0000] {logging_mixin.py:154} INFO - [2023-12-03T18:23:55.975+0000] {dag.py:2941} INFO - Sync 1 DAGs
[2023-12-03T18:23:56.004+0000] {logging_mixin.py:154} INFO - [2023-12-03T18:23:56.004+0000] {dag.py:3722} INFO - Setting next_dagrun for example_sensor_decorator to None, run_after=None
[2023-12-03T18:23:56.046+0000] {processor.py:179} INFO - Processing /home/airflow/.local/lib/python3.8/site-packages/airflow/example_dags/example_sensor_decorator.py took 0.128 seconds
[2023-12-03T18:24:26.902+0000] {processor.py:157} INFO - Started process (PID=95) to work on /home/airflow/.local/lib/python3.8/site-packages/airflow/example_dags/example_sensor_decorator.py
[2023-12-03T18:24:26.904+0000] {processor.py:829} INFO - Processing file /home/airflow/.local/lib/python3.8/site-packages/airflow/example_dags/example_sensor_decorator.py for tasks to queue
[2023-12-03T18:24:26.911+0000] {logging_mixin.py:154} INFO - [2023-12-03T18:24:26.910+0000] {dagbag.py:536} INFO - Filling up the DagBag from /home/airflow/.local/lib/python3.8/site-packages/airflow/example_dags/example_sensor_decorator.py
[2023-12-03T18:24:26.926+0000] {processor.py:839} INFO - DAG(s) dict_keys(['example_sensor_decorator']) retrieved from /home/airflow/.local/lib/python3.8/site-packages/airflow/example_dags/example_sensor_decorator.py
[2023-12-03T18:24:26.972+0000] {logging_mixin.py:154} INFO - [2023-12-03T18:24:26.971+0000] {dag.py:2941} INFO - Sync 1 DAGs
[2023-12-03T18:24:27.002+0000] {logging_mixin.py:154} INFO - [2023-12-03T18:24:27.002+0000] {dag.py:3722} INFO - Setting next_dagrun for example_sensor_decorator to None, run_after=None
[2023-12-03T18:24:27.050+0000] {processor.py:179} INFO - Processing /home/airflow/.local/lib/python3.8/site-packages/airflow/example_dags/example_sensor_decorator.py took 0.156 seconds
[2023-12-03T18:24:57.187+0000] {processor.py:157} INFO - Started process (PID=148) to work on /home/airflow/.local/lib/python3.8/site-packages/airflow/example_dags/example_sensor_decorator.py
[2023-12-03T18:24:57.189+0000] {processor.py:829} INFO - Processing file /home/airflow/.local/lib/python3.8/site-packages/airflow/example_dags/example_sensor_decorator.py for tasks to queue
[2023-12-03T18:24:57.195+0000] {logging_mixin.py:154} INFO - [2023-12-03T18:24:57.194+0000] {dagbag.py:536} INFO - Filling up the DagBag from /home/airflow/.local/lib/python3.8/site-packages/airflow/example_dags/example_sensor_decorator.py
[2023-12-03T18:24:57.212+0000] {processor.py:839} INFO - DAG(s) dict_keys(['example_sensor_decorator']) retrieved from /home/airflow/.local/lib/python3.8/site-packages/airflow/example_dags/example_sensor_decorator.py
[2023-12-03T18:24:57.262+0000] {logging_mixin.py:154} INFO - [2023-12-03T18:24:57.262+0000] {dag.py:2941} INFO - Sync 1 DAGs
[2023-12-03T18:24:57.287+0000] {logging_mixin.py:154} INFO - [2023-12-03T18:24:57.287+0000] {dag.py:3722} INFO - Setting next_dagrun for example_sensor_decorator to None, run_after=None
[2023-12-03T18:24:57.322+0000] {processor.py:179} INFO - Processing /home/airflow/.local/lib/python3.8/site-packages/airflow/example_dags/example_sensor_decorator.py took 0.142 seconds
[2023-12-03T18:25:27.583+0000] {processor.py:157} INFO - Started process (PID=202) to work on /home/airflow/.local/lib/python3.8/site-packages/airflow/example_dags/example_sensor_decorator.py
[2023-12-03T18:25:27.584+0000] {processor.py:829} INFO - Processing file /home/airflow/.local/lib/python3.8/site-packages/airflow/example_dags/example_sensor_decorator.py for tasks to queue
[2023-12-03T18:25:27.587+0000] {logging_mixin.py:154} INFO - [2023-12-03T18:25:27.586+0000] {dagbag.py:536} INFO - Filling up the DagBag from /home/airflow/.local/lib/python3.8/site-packages/airflow/example_dags/example_sensor_decorator.py
[2023-12-03T18:25:27.596+0000] {processor.py:839} INFO - DAG(s) dict_keys(['example_sensor_decorator']) retrieved from /home/airflow/.local/lib/python3.8/site-packages/airflow/example_dags/example_sensor_decorator.py
[2023-12-03T18:25:27.628+0000] {logging_mixin.py:154} INFO - [2023-12-03T18:25:27.628+0000] {dag.py:2941} INFO - Sync 1 DAGs
[2023-12-03T18:25:27.650+0000] {logging_mixin.py:154} INFO - [2023-12-03T18:25:27.649+0000] {dag.py:3722} INFO - Setting next_dagrun for example_sensor_decorator to None, run_after=None
[2023-12-03T18:25:27.692+0000] {processor.py:179} INFO - Processing /home/airflow/.local/lib/python3.8/site-packages/airflow/example_dags/example_sensor_decorator.py took 0.115 seconds
[2023-12-03T18:25:58.117+0000] {processor.py:157} INFO - Started process (PID=256) to work on /home/airflow/.local/lib/python3.8/site-packages/airflow/example_dags/example_sensor_decorator.py
[2023-12-03T18:25:58.119+0000] {processor.py:829} INFO - Processing file /home/airflow/.local/lib/python3.8/site-packages/airflow/example_dags/example_sensor_decorator.py for tasks to queue
[2023-12-03T18:25:58.126+0000] {logging_mixin.py:154} INFO - [2023-12-03T18:25:58.125+0000] {dagbag.py:536} INFO - Filling up the DagBag from /home/airflow/.local/lib/python3.8/site-packages/airflow/example_dags/example_sensor_decorator.py
[2023-12-03T18:25:58.145+0000] {processor.py:839} INFO - DAG(s) dict_keys(['example_sensor_decorator']) retrieved from /home/airflow/.local/lib/python3.8/site-packages/airflow/example_dags/example_sensor_decorator.py
[2023-12-03T18:25:58.201+0000] {logging_mixin.py:154} INFO - [2023-12-03T18:25:58.201+0000] {dag.py:2941} INFO - Sync 1 DAGs
[2023-12-03T18:25:58.233+0000] {logging_mixin.py:154} INFO - [2023-12-03T18:25:58.232+0000] {dag.py:3722} INFO - Setting next_dagrun for example_sensor_decorator to None, run_after=None
[2023-12-03T18:25:58.275+0000] {processor.py:179} INFO - Processing /home/airflow/.local/lib/python3.8/site-packages/airflow/example_dags/example_sensor_decorator.py took 0.167 seconds
[2023-12-03T18:26:28.751+0000] {processor.py:157} INFO - Started process (PID=310) to work on /home/airflow/.local/lib/python3.8/site-packages/airflow/example_dags/example_sensor_decorator.py
[2023-12-03T18:26:28.753+0000] {processor.py:829} INFO - Processing file /home/airflow/.local/lib/python3.8/site-packages/airflow/example_dags/example_sensor_decorator.py for tasks to queue
[2023-12-03T18:26:28.761+0000] {logging_mixin.py:154} INFO - [2023-12-03T18:26:28.760+0000] {dagbag.py:536} INFO - Filling up the DagBag from /home/airflow/.local/lib/python3.8/site-packages/airflow/example_dags/example_sensor_decorator.py
[2023-12-03T18:26:28.776+0000] {processor.py:839} INFO - DAG(s) dict_keys(['example_sensor_decorator']) retrieved from /home/airflow/.local/lib/python3.8/site-packages/airflow/example_dags/example_sensor_decorator.py
[2023-12-03T18:26:28.820+0000] {logging_mixin.py:154} INFO - [2023-12-03T18:26:28.819+0000] {dag.py:2941} INFO - Sync 1 DAGs
[2023-12-03T18:26:28.844+0000] {logging_mixin.py:154} INFO - [2023-12-03T18:26:28.844+0000] {dag.py:3722} INFO - Setting next_dagrun for example_sensor_decorator to None, run_after=None
[2023-12-03T18:26:28.879+0000] {processor.py:179} INFO - Processing /home/airflow/.local/lib/python3.8/site-packages/airflow/example_dags/example_sensor_decorator.py took 0.133 seconds
[2023-12-03T18:26:59.322+0000] {processor.py:157} INFO - Started process (PID=365) to work on /home/airflow/.local/lib/python3.8/site-packages/airflow/example_dags/example_sensor_decorator.py
[2023-12-03T18:26:59.324+0000] {processor.py:829} INFO - Processing file /home/airflow/.local/lib/python3.8/site-packages/airflow/example_dags/example_sensor_decorator.py for tasks to queue
[2023-12-03T18:26:59.327+0000] {logging_mixin.py:154} INFO - [2023-12-03T18:26:59.326+0000] {dagbag.py:536} INFO - Filling up the DagBag from /home/airflow/.local/lib/python3.8/site-packages/airflow/example_dags/example_sensor_decorator.py
[2023-12-03T18:26:59.343+0000] {processor.py:839} INFO - DAG(s) dict_keys(['example_sensor_decorator']) retrieved from /home/airflow/.local/lib/python3.8/site-packages/airflow/example_dags/example_sensor_decorator.py
[2023-12-03T18:26:59.372+0000] {logging_mixin.py:154} INFO - [2023-12-03T18:26:59.372+0000] {dag.py:2941} INFO - Sync 1 DAGs
[2023-12-03T18:26:59.392+0000] {logging_mixin.py:154} INFO - [2023-12-03T18:26:59.392+0000] {dag.py:3722} INFO - Setting next_dagrun for example_sensor_decorator to None, run_after=None
[2023-12-03T18:26:59.432+0000] {processor.py:179} INFO - Processing /home/airflow/.local/lib/python3.8/site-packages/airflow/example_dags/example_sensor_decorator.py took 0.115 seconds
[2023-12-03T18:27:29.685+0000] {processor.py:157} INFO - Started process (PID=418) to work on /home/airflow/.local/lib/python3.8/site-packages/airflow/example_dags/example_sensor_decorator.py
[2023-12-03T18:27:29.687+0000] {processor.py:829} INFO - Processing file /home/airflow/.local/lib/python3.8/site-packages/airflow/example_dags/example_sensor_decorator.py for tasks to queue
[2023-12-03T18:27:29.692+0000] {logging_mixin.py:154} INFO - [2023-12-03T18:27:29.691+0000] {dagbag.py:536} INFO - Filling up the DagBag from /home/airflow/.local/lib/python3.8/site-packages/airflow/example_dags/example_sensor_decorator.py
[2023-12-03T18:27:29.701+0000] {processor.py:839} INFO - DAG(s) dict_keys(['example_sensor_decorator']) retrieved from /home/airflow/.local/lib/python3.8/site-packages/airflow/example_dags/example_sensor_decorator.py
[2023-12-03T18:27:29.736+0000] {logging_mixin.py:154} INFO - [2023-12-03T18:27:29.736+0000] {dag.py:2941} INFO - Sync 1 DAGs
[2023-12-03T18:27:29.759+0000] {logging_mixin.py:154} INFO - [2023-12-03T18:27:29.758+0000] {dag.py:3722} INFO - Setting next_dagrun for example_sensor_decorator to None, run_after=None
[2023-12-03T18:27:29.802+0000] {processor.py:179} INFO - Processing /home/airflow/.local/lib/python3.8/site-packages/airflow/example_dags/example_sensor_decorator.py took 0.121 seconds
[2023-12-03T18:28:00.160+0000] {processor.py:157} INFO - Started process (PID=472) to work on /home/airflow/.local/lib/python3.8/site-packages/airflow/example_dags/example_sensor_decorator.py
[2023-12-03T18:28:00.162+0000] {processor.py:829} INFO - Processing file /home/airflow/.local/lib/python3.8/site-packages/airflow/example_dags/example_sensor_decorator.py for tasks to queue
[2023-12-03T18:28:00.169+0000] {logging_mixin.py:154} INFO - [2023-12-03T18:28:00.168+0000] {dagbag.py:536} INFO - Filling up the DagBag from /home/airflow/.local/lib/python3.8/site-packages/airflow/example_dags/example_sensor_decorator.py
[2023-12-03T18:28:00.188+0000] {processor.py:839} INFO - DAG(s) dict_keys(['example_sensor_decorator']) retrieved from /home/airflow/.local/lib/python3.8/site-packages/airflow/example_dags/example_sensor_decorator.py
[2023-12-03T18:28:00.229+0000] {logging_mixin.py:154} INFO - [2023-12-03T18:28:00.229+0000] {dag.py:2941} INFO - Sync 1 DAGs
[2023-12-03T18:28:00.248+0000] {logging_mixin.py:154} INFO - [2023-12-03T18:28:00.248+0000] {dag.py:3722} INFO - Setting next_dagrun for example_sensor_decorator to None, run_after=None
[2023-12-03T18:28:00.296+0000] {processor.py:179} INFO - Processing /home/airflow/.local/lib/python3.8/site-packages/airflow/example_dags/example_sensor_decorator.py took 0.144 seconds
[2023-12-03T18:28:30.942+0000] {processor.py:157} INFO - Started process (PID=526) to work on /home/airflow/.local/lib/python3.8/site-packages/airflow/example_dags/example_sensor_decorator.py
[2023-12-03T18:28:30.944+0000] {processor.py:829} INFO - Processing file /home/airflow/.local/lib/python3.8/site-packages/airflow/example_dags/example_sensor_decorator.py for tasks to queue
[2023-12-03T18:28:30.950+0000] {logging_mixin.py:154} INFO - [2023-12-03T18:28:30.949+0000] {dagbag.py:536} INFO - Filling up the DagBag from /home/airflow/.local/lib/python3.8/site-packages/airflow/example_dags/example_sensor_decorator.py
[2023-12-03T18:28:30.970+0000] {processor.py:839} INFO - DAG(s) dict_keys(['example_sensor_decorator']) retrieved from /home/airflow/.local/lib/python3.8/site-packages/airflow/example_dags/example_sensor_decorator.py
[2023-12-03T18:28:31.008+0000] {logging_mixin.py:154} INFO - [2023-12-03T18:28:31.008+0000] {dag.py:2941} INFO - Sync 1 DAGs
[2023-12-03T18:28:31.030+0000] {logging_mixin.py:154} INFO - [2023-12-03T18:28:31.030+0000] {dag.py:3722} INFO - Setting next_dagrun for example_sensor_decorator to None, run_after=None
[2023-12-03T18:28:31.073+0000] {processor.py:179} INFO - Processing /home/airflow/.local/lib/python3.8/site-packages/airflow/example_dags/example_sensor_decorator.py took 0.139 seconds
[2023-12-03T18:29:47.123+0000] {processor.py:157} INFO - Started process (PID=42) to work on /home/airflow/.local/lib/python3.8/site-packages/airflow/example_dags/example_sensor_decorator.py
[2023-12-03T18:29:47.125+0000] {processor.py:829} INFO - Processing file /home/airflow/.local/lib/python3.8/site-packages/airflow/example_dags/example_sensor_decorator.py for tasks to queue
[2023-12-03T18:29:47.129+0000] {logging_mixin.py:154} INFO - [2023-12-03T18:29:47.129+0000] {dagbag.py:536} INFO - Filling up the DagBag from /home/airflow/.local/lib/python3.8/site-packages/airflow/example_dags/example_sensor_decorator.py
[2023-12-03T18:29:47.144+0000] {processor.py:839} INFO - DAG(s) dict_keys(['example_sensor_decorator']) retrieved from /home/airflow/.local/lib/python3.8/site-packages/airflow/example_dags/example_sensor_decorator.py
[2023-12-03T18:29:47.197+0000] {logging_mixin.py:154} INFO - [2023-12-03T18:29:47.197+0000] {dag.py:2941} INFO - Sync 1 DAGs
[2023-12-03T18:29:47.223+0000] {logging_mixin.py:154} INFO - [2023-12-03T18:29:47.223+0000] {dag.py:3722} INFO - Setting next_dagrun for example_sensor_decorator to None, run_after=None
[2023-12-03T18:29:47.272+0000] {processor.py:179} INFO - Processing /home/airflow/.local/lib/python3.8/site-packages/airflow/example_dags/example_sensor_decorator.py took 0.156 seconds
[2023-12-03T18:30:18.134+0000] {processor.py:157} INFO - Started process (PID=96) to work on /home/airflow/.local/lib/python3.8/site-packages/airflow/example_dags/example_sensor_decorator.py
[2023-12-03T18:30:18.135+0000] {processor.py:829} INFO - Processing file /home/airflow/.local/lib/python3.8/site-packages/airflow/example_dags/example_sensor_decorator.py for tasks to queue
[2023-12-03T18:30:18.139+0000] {logging_mixin.py:154} INFO - [2023-12-03T18:30:18.138+0000] {dagbag.py:536} INFO - Filling up the DagBag from /home/airflow/.local/lib/python3.8/site-packages/airflow/example_dags/example_sensor_decorator.py
[2023-12-03T18:30:18.147+0000] {processor.py:839} INFO - DAG(s) dict_keys(['example_sensor_decorator']) retrieved from /home/airflow/.local/lib/python3.8/site-packages/airflow/example_dags/example_sensor_decorator.py
[2023-12-03T18:30:18.177+0000] {logging_mixin.py:154} INFO - [2023-12-03T18:30:18.177+0000] {dag.py:2941} INFO - Sync 1 DAGs
[2023-12-03T18:30:18.202+0000] {logging_mixin.py:154} INFO - [2023-12-03T18:30:18.201+0000] {dag.py:3722} INFO - Setting next_dagrun for example_sensor_decorator to None, run_after=None
[2023-12-03T18:30:18.234+0000] {processor.py:179} INFO - Processing /home/airflow/.local/lib/python3.8/site-packages/airflow/example_dags/example_sensor_decorator.py took 0.104 seconds
[2023-12-03T18:30:48.942+0000] {processor.py:157} INFO - Started process (PID=151) to work on /home/airflow/.local/lib/python3.8/site-packages/airflow/example_dags/example_sensor_decorator.py
[2023-12-03T18:30:48.943+0000] {processor.py:829} INFO - Processing file /home/airflow/.local/lib/python3.8/site-packages/airflow/example_dags/example_sensor_decorator.py for tasks to queue
[2023-12-03T18:30:48.947+0000] {logging_mixin.py:154} INFO - [2023-12-03T18:30:48.946+0000] {dagbag.py:536} INFO - Filling up the DagBag from /home/airflow/.local/lib/python3.8/site-packages/airflow/example_dags/example_sensor_decorator.py
[2023-12-03T18:30:48.955+0000] {processor.py:839} INFO - DAG(s) dict_keys(['example_sensor_decorator']) retrieved from /home/airflow/.local/lib/python3.8/site-packages/airflow/example_dags/example_sensor_decorator.py
[2023-12-03T18:30:48.980+0000] {logging_mixin.py:154} INFO - [2023-12-03T18:30:48.979+0000] {dag.py:2941} INFO - Sync 1 DAGs
[2023-12-03T18:30:48.996+0000] {logging_mixin.py:154} INFO - [2023-12-03T18:30:48.996+0000] {dag.py:3722} INFO - Setting next_dagrun for example_sensor_decorator to None, run_after=None
[2023-12-03T18:30:49.020+0000] {processor.py:179} INFO - Processing /home/airflow/.local/lib/python3.8/site-packages/airflow/example_dags/example_sensor_decorator.py took 0.082 seconds
[2023-12-03T18:31:19.275+0000] {processor.py:157} INFO - Started process (PID=210) to work on /home/airflow/.local/lib/python3.8/site-packages/airflow/example_dags/example_sensor_decorator.py
[2023-12-03T18:31:19.277+0000] {processor.py:829} INFO - Processing file /home/airflow/.local/lib/python3.8/site-packages/airflow/example_dags/example_sensor_decorator.py for tasks to queue
[2023-12-03T18:31:19.281+0000] {logging_mixin.py:154} INFO - [2023-12-03T18:31:19.280+0000] {dagbag.py:536} INFO - Filling up the DagBag from /home/airflow/.local/lib/python3.8/site-packages/airflow/example_dags/example_sensor_decorator.py
[2023-12-03T18:31:19.292+0000] {processor.py:839} INFO - DAG(s) dict_keys(['example_sensor_decorator']) retrieved from /home/airflow/.local/lib/python3.8/site-packages/airflow/example_dags/example_sensor_decorator.py
[2023-12-03T18:31:19.328+0000] {logging_mixin.py:154} INFO - [2023-12-03T18:31:19.327+0000] {dag.py:2941} INFO - Sync 1 DAGs
[2023-12-03T18:31:19.348+0000] {logging_mixin.py:154} INFO - [2023-12-03T18:31:19.347+0000] {dag.py:3722} INFO - Setting next_dagrun for example_sensor_decorator to None, run_after=None
[2023-12-03T18:31:19.378+0000] {processor.py:179} INFO - Processing /home/airflow/.local/lib/python3.8/site-packages/airflow/example_dags/example_sensor_decorator.py took 0.109 seconds
[2023-12-03T18:31:49.612+0000] {processor.py:157} INFO - Started process (PID=269) to work on /home/airflow/.local/lib/python3.8/site-packages/airflow/example_dags/example_sensor_decorator.py
[2023-12-03T18:31:49.614+0000] {processor.py:829} INFO - Processing file /home/airflow/.local/lib/python3.8/site-packages/airflow/example_dags/example_sensor_decorator.py for tasks to queue
[2023-12-03T18:31:49.621+0000] {logging_mixin.py:154} INFO - [2023-12-03T18:31:49.620+0000] {dagbag.py:536} INFO - Filling up the DagBag from /home/airflow/.local/lib/python3.8/site-packages/airflow/example_dags/example_sensor_decorator.py
[2023-12-03T18:31:49.640+0000] {processor.py:839} INFO - DAG(s) dict_keys(['example_sensor_decorator']) retrieved from /home/airflow/.local/lib/python3.8/site-packages/airflow/example_dags/example_sensor_decorator.py
[2023-12-03T18:31:49.681+0000] {logging_mixin.py:154} INFO - [2023-12-03T18:31:49.680+0000] {dag.py:2941} INFO - Sync 1 DAGs
[2023-12-03T18:31:49.705+0000] {logging_mixin.py:154} INFO - [2023-12-03T18:31:49.704+0000] {dag.py:3722} INFO - Setting next_dagrun for example_sensor_decorator to None, run_after=None
[2023-12-03T18:31:49.743+0000] {processor.py:179} INFO - Processing /home/airflow/.local/lib/python3.8/site-packages/airflow/example_dags/example_sensor_decorator.py took 0.140 seconds
[2023-12-03T18:32:20.468+0000] {processor.py:157} INFO - Started process (PID=324) to work on /home/airflow/.local/lib/python3.8/site-packages/airflow/example_dags/example_sensor_decorator.py
[2023-12-03T18:32:20.471+0000] {processor.py:829} INFO - Processing file /home/airflow/.local/lib/python3.8/site-packages/airflow/example_dags/example_sensor_decorator.py for tasks to queue
[2023-12-03T18:32:20.478+0000] {logging_mixin.py:154} INFO - [2023-12-03T18:32:20.477+0000] {dagbag.py:536} INFO - Filling up the DagBag from /home/airflow/.local/lib/python3.8/site-packages/airflow/example_dags/example_sensor_decorator.py
[2023-12-03T18:32:20.500+0000] {processor.py:839} INFO - DAG(s) dict_keys(['example_sensor_decorator']) retrieved from /home/airflow/.local/lib/python3.8/site-packages/airflow/example_dags/example_sensor_decorator.py
[2023-12-03T18:32:20.546+0000] {logging_mixin.py:154} INFO - [2023-12-03T18:32:20.545+0000] {dag.py:2941} INFO - Sync 1 DAGs
[2023-12-03T18:32:20.573+0000] {logging_mixin.py:154} INFO - [2023-12-03T18:32:20.572+0000] {dag.py:3722} INFO - Setting next_dagrun for example_sensor_decorator to None, run_after=None
[2023-12-03T18:32:20.610+0000] {processor.py:179} INFO - Processing /home/airflow/.local/lib/python3.8/site-packages/airflow/example_dags/example_sensor_decorator.py took 0.153 seconds
[2023-12-03T18:32:50.783+0000] {processor.py:157} INFO - Started process (PID=379) to work on /home/airflow/.local/lib/python3.8/site-packages/airflow/example_dags/example_sensor_decorator.py
[2023-12-03T18:32:50.785+0000] {processor.py:829} INFO - Processing file /home/airflow/.local/lib/python3.8/site-packages/airflow/example_dags/example_sensor_decorator.py for tasks to queue
[2023-12-03T18:32:50.792+0000] {logging_mixin.py:154} INFO - [2023-12-03T18:32:50.791+0000] {dagbag.py:536} INFO - Filling up the DagBag from /home/airflow/.local/lib/python3.8/site-packages/airflow/example_dags/example_sensor_decorator.py
[2023-12-03T18:32:50.815+0000] {processor.py:839} INFO - DAG(s) dict_keys(['example_sensor_decorator']) retrieved from /home/airflow/.local/lib/python3.8/site-packages/airflow/example_dags/example_sensor_decorator.py
[2023-12-03T18:32:50.852+0000] {logging_mixin.py:154} INFO - [2023-12-03T18:32:50.852+0000] {dag.py:2941} INFO - Sync 1 DAGs
[2023-12-03T18:32:50.877+0000] {logging_mixin.py:154} INFO - [2023-12-03T18:32:50.876+0000] {dag.py:3722} INFO - Setting next_dagrun for example_sensor_decorator to None, run_after=None
[2023-12-03T18:32:50.917+0000] {processor.py:179} INFO - Processing /home/airflow/.local/lib/python3.8/site-packages/airflow/example_dags/example_sensor_decorator.py took 0.142 seconds
[2023-12-03T18:33:21.884+0000] {processor.py:157} INFO - Started process (PID=434) to work on /home/airflow/.local/lib/python3.8/site-packages/airflow/example_dags/example_sensor_decorator.py
[2023-12-03T18:33:21.887+0000] {processor.py:829} INFO - Processing file /home/airflow/.local/lib/python3.8/site-packages/airflow/example_dags/example_sensor_decorator.py for tasks to queue
[2023-12-03T18:33:21.894+0000] {logging_mixin.py:154} INFO - [2023-12-03T18:33:21.893+0000] {dagbag.py:536} INFO - Filling up the DagBag from /home/airflow/.local/lib/python3.8/site-packages/airflow/example_dags/example_sensor_decorator.py
[2023-12-03T18:33:21.912+0000] {processor.py:839} INFO - DAG(s) dict_keys(['example_sensor_decorator']) retrieved from /home/airflow/.local/lib/python3.8/site-packages/airflow/example_dags/example_sensor_decorator.py
[2023-12-03T18:33:21.960+0000] {logging_mixin.py:154} INFO - [2023-12-03T18:33:21.959+0000] {dag.py:2941} INFO - Sync 1 DAGs
[2023-12-03T18:33:21.985+0000] {logging_mixin.py:154} INFO - [2023-12-03T18:33:21.984+0000] {dag.py:3722} INFO - Setting next_dagrun for example_sensor_decorator to None, run_after=None
[2023-12-03T18:33:22.021+0000] {processor.py:179} INFO - Processing /home/airflow/.local/lib/python3.8/site-packages/airflow/example_dags/example_sensor_decorator.py took 0.150 seconds
[2023-12-03T18:33:52.685+0000] {processor.py:157} INFO - Started process (PID=489) to work on /home/airflow/.local/lib/python3.8/site-packages/airflow/example_dags/example_sensor_decorator.py
[2023-12-03T18:33:52.687+0000] {processor.py:829} INFO - Processing file /home/airflow/.local/lib/python3.8/site-packages/airflow/example_dags/example_sensor_decorator.py for tasks to queue
[2023-12-03T18:33:52.691+0000] {logging_mixin.py:154} INFO - [2023-12-03T18:33:52.690+0000] {dagbag.py:536} INFO - Filling up the DagBag from /home/airflow/.local/lib/python3.8/site-packages/airflow/example_dags/example_sensor_decorator.py
[2023-12-03T18:33:52.700+0000] {processor.py:839} INFO - DAG(s) dict_keys(['example_sensor_decorator']) retrieved from /home/airflow/.local/lib/python3.8/site-packages/airflow/example_dags/example_sensor_decorator.py
[2023-12-03T18:33:52.740+0000] {logging_mixin.py:154} INFO - [2023-12-03T18:33:52.740+0000] {dag.py:2941} INFO - Sync 1 DAGs
[2023-12-03T18:33:52.772+0000] {logging_mixin.py:154} INFO - [2023-12-03T18:33:52.772+0000] {dag.py:3722} INFO - Setting next_dagrun for example_sensor_decorator to None, run_after=None
[2023-12-03T18:33:52.820+0000] {processor.py:179} INFO - Processing /home/airflow/.local/lib/python3.8/site-packages/airflow/example_dags/example_sensor_decorator.py took 0.140 seconds
[2023-12-03T18:34:23.604+0000] {processor.py:157} INFO - Started process (PID=544) to work on /home/airflow/.local/lib/python3.8/site-packages/airflow/example_dags/example_sensor_decorator.py
[2023-12-03T18:34:23.607+0000] {processor.py:829} INFO - Processing file /home/airflow/.local/lib/python3.8/site-packages/airflow/example_dags/example_sensor_decorator.py for tasks to queue
[2023-12-03T18:34:23.615+0000] {logging_mixin.py:154} INFO - [2023-12-03T18:34:23.613+0000] {dagbag.py:536} INFO - Filling up the DagBag from /home/airflow/.local/lib/python3.8/site-packages/airflow/example_dags/example_sensor_decorator.py
[2023-12-03T18:34:23.634+0000] {processor.py:839} INFO - DAG(s) dict_keys(['example_sensor_decorator']) retrieved from /home/airflow/.local/lib/python3.8/site-packages/airflow/example_dags/example_sensor_decorator.py
[2023-12-03T18:34:23.680+0000] {logging_mixin.py:154} INFO - [2023-12-03T18:34:23.680+0000] {dag.py:2941} INFO - Sync 1 DAGs
[2023-12-03T18:34:23.704+0000] {logging_mixin.py:154} INFO - [2023-12-03T18:34:23.704+0000] {dag.py:3722} INFO - Setting next_dagrun for example_sensor_decorator to None, run_after=None
[2023-12-03T18:34:23.742+0000] {processor.py:179} INFO - Processing /home/airflow/.local/lib/python3.8/site-packages/airflow/example_dags/example_sensor_decorator.py took 0.149 seconds
[2023-12-03T18:34:54.285+0000] {processor.py:157} INFO - Started process (PID=599) to work on /home/airflow/.local/lib/python3.8/site-packages/airflow/example_dags/example_sensor_decorator.py
[2023-12-03T18:34:54.287+0000] {processor.py:829} INFO - Processing file /home/airflow/.local/lib/python3.8/site-packages/airflow/example_dags/example_sensor_decorator.py for tasks to queue
[2023-12-03T18:34:54.291+0000] {logging_mixin.py:154} INFO - [2023-12-03T18:34:54.290+0000] {dagbag.py:536} INFO - Filling up the DagBag from /home/airflow/.local/lib/python3.8/site-packages/airflow/example_dags/example_sensor_decorator.py
[2023-12-03T18:34:54.302+0000] {processor.py:839} INFO - DAG(s) dict_keys(['example_sensor_decorator']) retrieved from /home/airflow/.local/lib/python3.8/site-packages/airflow/example_dags/example_sensor_decorator.py
[2023-12-03T18:34:54.342+0000] {logging_mixin.py:154} INFO - [2023-12-03T18:34:54.342+0000] {dag.py:2941} INFO - Sync 1 DAGs
[2023-12-03T18:34:54.363+0000] {logging_mixin.py:154} INFO - [2023-12-03T18:34:54.363+0000] {dag.py:3722} INFO - Setting next_dagrun for example_sensor_decorator to None, run_after=None
[2023-12-03T18:34:54.411+0000] {processor.py:179} INFO - Processing /home/airflow/.local/lib/python3.8/site-packages/airflow/example_dags/example_sensor_decorator.py took 0.134 seconds
[2023-12-03T18:35:25.515+0000] {processor.py:157} INFO - Started process (PID=654) to work on /home/airflow/.local/lib/python3.8/site-packages/airflow/example_dags/example_sensor_decorator.py
[2023-12-03T18:35:25.516+0000] {processor.py:829} INFO - Processing file /home/airflow/.local/lib/python3.8/site-packages/airflow/example_dags/example_sensor_decorator.py for tasks to queue
[2023-12-03T18:35:25.520+0000] {logging_mixin.py:154} INFO - [2023-12-03T18:35:25.519+0000] {dagbag.py:536} INFO - Filling up the DagBag from /home/airflow/.local/lib/python3.8/site-packages/airflow/example_dags/example_sensor_decorator.py
[2023-12-03T18:35:25.528+0000] {processor.py:839} INFO - DAG(s) dict_keys(['example_sensor_decorator']) retrieved from /home/airflow/.local/lib/python3.8/site-packages/airflow/example_dags/example_sensor_decorator.py
[2023-12-03T18:35:25.566+0000] {logging_mixin.py:154} INFO - [2023-12-03T18:35:25.565+0000] {dag.py:2941} INFO - Sync 1 DAGs
[2023-12-03T18:35:25.591+0000] {logging_mixin.py:154} INFO - [2023-12-03T18:35:25.591+0000] {dag.py:3722} INFO - Setting next_dagrun for example_sensor_decorator to None, run_after=None
[2023-12-03T18:35:25.631+0000] {processor.py:179} INFO - Processing /home/airflow/.local/lib/python3.8/site-packages/airflow/example_dags/example_sensor_decorator.py took 0.121 seconds
[2023-12-03T18:35:56.075+0000] {processor.py:157} INFO - Started process (PID=709) to work on /home/airflow/.local/lib/python3.8/site-packages/airflow/example_dags/example_sensor_decorator.py
[2023-12-03T18:35:56.077+0000] {processor.py:829} INFO - Processing file /home/airflow/.local/lib/python3.8/site-packages/airflow/example_dags/example_sensor_decorator.py for tasks to queue
[2023-12-03T18:35:56.081+0000] {logging_mixin.py:154} INFO - [2023-12-03T18:35:56.080+0000] {dagbag.py:536} INFO - Filling up the DagBag from /home/airflow/.local/lib/python3.8/site-packages/airflow/example_dags/example_sensor_decorator.py
[2023-12-03T18:35:56.092+0000] {processor.py:839} INFO - DAG(s) dict_keys(['example_sensor_decorator']) retrieved from /home/airflow/.local/lib/python3.8/site-packages/airflow/example_dags/example_sensor_decorator.py
[2023-12-03T18:35:56.126+0000] {logging_mixin.py:154} INFO - [2023-12-03T18:35:56.126+0000] {dag.py:2941} INFO - Sync 1 DAGs
[2023-12-03T18:35:56.151+0000] {logging_mixin.py:154} INFO - [2023-12-03T18:35:56.151+0000] {dag.py:3722} INFO - Setting next_dagrun for example_sensor_decorator to None, run_after=None
[2023-12-03T18:35:56.195+0000] {processor.py:179} INFO - Processing /home/airflow/.local/lib/python3.8/site-packages/airflow/example_dags/example_sensor_decorator.py took 0.125 seconds
[2023-12-03T18:36:27.073+0000] {processor.py:157} INFO - Started process (PID=771) to work on /home/airflow/.local/lib/python3.8/site-packages/airflow/example_dags/example_sensor_decorator.py
[2023-12-03T18:36:27.075+0000] {processor.py:829} INFO - Processing file /home/airflow/.local/lib/python3.8/site-packages/airflow/example_dags/example_sensor_decorator.py for tasks to queue
[2023-12-03T18:36:27.083+0000] {logging_mixin.py:154} INFO - [2023-12-03T18:36:27.082+0000] {dagbag.py:536} INFO - Filling up the DagBag from /home/airflow/.local/lib/python3.8/site-packages/airflow/example_dags/example_sensor_decorator.py
[2023-12-03T18:36:27.092+0000] {processor.py:839} INFO - DAG(s) dict_keys(['example_sensor_decorator']) retrieved from /home/airflow/.local/lib/python3.8/site-packages/airflow/example_dags/example_sensor_decorator.py
[2023-12-03T18:36:27.124+0000] {logging_mixin.py:154} INFO - [2023-12-03T18:36:27.123+0000] {dag.py:2941} INFO - Sync 1 DAGs
[2023-12-03T18:36:27.141+0000] {logging_mixin.py:154} INFO - [2023-12-03T18:36:27.141+0000] {dag.py:3722} INFO - Setting next_dagrun for example_sensor_decorator to None, run_after=None
[2023-12-03T18:36:27.180+0000] {processor.py:179} INFO - Processing /home/airflow/.local/lib/python3.8/site-packages/airflow/example_dags/example_sensor_decorator.py took 0.118 seconds
[2023-12-03T18:36:58.068+0000] {processor.py:157} INFO - Started process (PID=826) to work on /home/airflow/.local/lib/python3.8/site-packages/airflow/example_dags/example_sensor_decorator.py
[2023-12-03T18:36:58.071+0000] {processor.py:829} INFO - Processing file /home/airflow/.local/lib/python3.8/site-packages/airflow/example_dags/example_sensor_decorator.py for tasks to queue
[2023-12-03T18:36:58.078+0000] {logging_mixin.py:154} INFO - [2023-12-03T18:36:58.077+0000] {dagbag.py:536} INFO - Filling up the DagBag from /home/airflow/.local/lib/python3.8/site-packages/airflow/example_dags/example_sensor_decorator.py
[2023-12-03T18:36:58.091+0000] {processor.py:839} INFO - DAG(s) dict_keys(['example_sensor_decorator']) retrieved from /home/airflow/.local/lib/python3.8/site-packages/airflow/example_dags/example_sensor_decorator.py
[2023-12-03T18:36:58.123+0000] {logging_mixin.py:154} INFO - [2023-12-03T18:36:58.122+0000] {dag.py:2941} INFO - Sync 1 DAGs
[2023-12-03T18:36:58.150+0000] {logging_mixin.py:154} INFO - [2023-12-03T18:36:58.150+0000] {dag.py:3722} INFO - Setting next_dagrun for example_sensor_decorator to None, run_after=None
[2023-12-03T18:36:58.185+0000] {processor.py:179} INFO - Processing /home/airflow/.local/lib/python3.8/site-packages/airflow/example_dags/example_sensor_decorator.py took 0.124 seconds
[2023-12-03T18:37:28.526+0000] {processor.py:157} INFO - Started process (PID=881) to work on /home/airflow/.local/lib/python3.8/site-packages/airflow/example_dags/example_sensor_decorator.py
[2023-12-03T18:37:28.527+0000] {processor.py:829} INFO - Processing file /home/airflow/.local/lib/python3.8/site-packages/airflow/example_dags/example_sensor_decorator.py for tasks to queue
[2023-12-03T18:37:28.531+0000] {logging_mixin.py:154} INFO - [2023-12-03T18:37:28.531+0000] {dagbag.py:536} INFO - Filling up the DagBag from /home/airflow/.local/lib/python3.8/site-packages/airflow/example_dags/example_sensor_decorator.py
[2023-12-03T18:37:28.540+0000] {processor.py:839} INFO - DAG(s) dict_keys(['example_sensor_decorator']) retrieved from /home/airflow/.local/lib/python3.8/site-packages/airflow/example_dags/example_sensor_decorator.py
[2023-12-03T18:37:28.573+0000] {logging_mixin.py:154} INFO - [2023-12-03T18:37:28.572+0000] {dag.py:2941} INFO - Sync 1 DAGs
[2023-12-03T18:37:28.598+0000] {logging_mixin.py:154} INFO - [2023-12-03T18:37:28.598+0000] {dag.py:3722} INFO - Setting next_dagrun for example_sensor_decorator to None, run_after=None
[2023-12-03T18:37:28.634+0000] {processor.py:179} INFO - Processing /home/airflow/.local/lib/python3.8/site-packages/airflow/example_dags/example_sensor_decorator.py took 0.113 seconds
[2023-12-03T18:37:59.286+0000] {processor.py:157} INFO - Started process (PID=936) to work on /home/airflow/.local/lib/python3.8/site-packages/airflow/example_dags/example_sensor_decorator.py
[2023-12-03T18:37:59.287+0000] {processor.py:829} INFO - Processing file /home/airflow/.local/lib/python3.8/site-packages/airflow/example_dags/example_sensor_decorator.py for tasks to queue
[2023-12-03T18:37:59.292+0000] {logging_mixin.py:154} INFO - [2023-12-03T18:37:59.291+0000] {dagbag.py:536} INFO - Filling up the DagBag from /home/airflow/.local/lib/python3.8/site-packages/airflow/example_dags/example_sensor_decorator.py
[2023-12-03T18:37:59.301+0000] {processor.py:839} INFO - DAG(s) dict_keys(['example_sensor_decorator']) retrieved from /home/airflow/.local/lib/python3.8/site-packages/airflow/example_dags/example_sensor_decorator.py
[2023-12-03T18:37:59.329+0000] {logging_mixin.py:154} INFO - [2023-12-03T18:37:59.329+0000] {dag.py:2941} INFO - Sync 1 DAGs
[2023-12-03T18:37:59.348+0000] {logging_mixin.py:154} INFO - [2023-12-03T18:37:59.347+0000] {dag.py:3722} INFO - Setting next_dagrun for example_sensor_decorator to None, run_after=None
[2023-12-03T18:37:59.377+0000] {processor.py:179} INFO - Processing /home/airflow/.local/lib/python3.8/site-packages/airflow/example_dags/example_sensor_decorator.py took 0.096 seconds
[2023-12-03T18:38:29.729+0000] {processor.py:157} INFO - Started process (PID=991) to work on /home/airflow/.local/lib/python3.8/site-packages/airflow/example_dags/example_sensor_decorator.py
[2023-12-03T18:38:29.730+0000] {processor.py:829} INFO - Processing file /home/airflow/.local/lib/python3.8/site-packages/airflow/example_dags/example_sensor_decorator.py for tasks to queue
[2023-12-03T18:38:29.735+0000] {logging_mixin.py:154} INFO - [2023-12-03T18:38:29.734+0000] {dagbag.py:536} INFO - Filling up the DagBag from /home/airflow/.local/lib/python3.8/site-packages/airflow/example_dags/example_sensor_decorator.py
[2023-12-03T18:38:29.744+0000] {processor.py:839} INFO - DAG(s) dict_keys(['example_sensor_decorator']) retrieved from /home/airflow/.local/lib/python3.8/site-packages/airflow/example_dags/example_sensor_decorator.py
[2023-12-03T18:38:29.780+0000] {logging_mixin.py:154} INFO - [2023-12-03T18:38:29.780+0000] {dag.py:2941} INFO - Sync 1 DAGs
[2023-12-03T18:38:29.822+0000] {logging_mixin.py:154} INFO - [2023-12-03T18:38:29.822+0000] {dag.py:3722} INFO - Setting next_dagrun for example_sensor_decorator to None, run_after=None
[2023-12-03T18:38:29.868+0000] {processor.py:179} INFO - Processing /home/airflow/.local/lib/python3.8/site-packages/airflow/example_dags/example_sensor_decorator.py took 0.144 seconds
[2023-12-03T18:39:00.387+0000] {processor.py:157} INFO - Started process (PID=1046) to work on /home/airflow/.local/lib/python3.8/site-packages/airflow/example_dags/example_sensor_decorator.py
[2023-12-03T18:39:00.389+0000] {processor.py:829} INFO - Processing file /home/airflow/.local/lib/python3.8/site-packages/airflow/example_dags/example_sensor_decorator.py for tasks to queue
[2023-12-03T18:39:00.393+0000] {logging_mixin.py:154} INFO - [2023-12-03T18:39:00.392+0000] {dagbag.py:536} INFO - Filling up the DagBag from /home/airflow/.local/lib/python3.8/site-packages/airflow/example_dags/example_sensor_decorator.py
[2023-12-03T18:39:00.402+0000] {processor.py:839} INFO - DAG(s) dict_keys(['example_sensor_decorator']) retrieved from /home/airflow/.local/lib/python3.8/site-packages/airflow/example_dags/example_sensor_decorator.py
[2023-12-03T18:39:00.433+0000] {logging_mixin.py:154} INFO - [2023-12-03T18:39:00.433+0000] {dag.py:2941} INFO - Sync 1 DAGs
[2023-12-03T18:39:00.455+0000] {logging_mixin.py:154} INFO - [2023-12-03T18:39:00.455+0000] {dag.py:3722} INFO - Setting next_dagrun for example_sensor_decorator to None, run_after=None
[2023-12-03T18:39:00.484+0000] {processor.py:179} INFO - Processing /home/airflow/.local/lib/python3.8/site-packages/airflow/example_dags/example_sensor_decorator.py took 0.102 seconds
[2023-12-03T18:39:30.697+0000] {processor.py:157} INFO - Started process (PID=1101) to work on /home/airflow/.local/lib/python3.8/site-packages/airflow/example_dags/example_sensor_decorator.py
[2023-12-03T18:39:30.699+0000] {processor.py:829} INFO - Processing file /home/airflow/.local/lib/python3.8/site-packages/airflow/example_dags/example_sensor_decorator.py for tasks to queue
[2023-12-03T18:39:30.703+0000] {logging_mixin.py:154} INFO - [2023-12-03T18:39:30.702+0000] {dagbag.py:536} INFO - Filling up the DagBag from /home/airflow/.local/lib/python3.8/site-packages/airflow/example_dags/example_sensor_decorator.py
[2023-12-03T18:39:30.719+0000] {processor.py:839} INFO - DAG(s) dict_keys(['example_sensor_decorator']) retrieved from /home/airflow/.local/lib/python3.8/site-packages/airflow/example_dags/example_sensor_decorator.py
[2023-12-03T18:39:30.754+0000] {logging_mixin.py:154} INFO - [2023-12-03T18:39:30.753+0000] {dag.py:2941} INFO - Sync 1 DAGs
[2023-12-03T18:39:30.773+0000] {logging_mixin.py:154} INFO - [2023-12-03T18:39:30.773+0000] {dag.py:3722} INFO - Setting next_dagrun for example_sensor_decorator to None, run_after=None
[2023-12-03T18:39:30.811+0000] {processor.py:179} INFO - Processing /home/airflow/.local/lib/python3.8/site-packages/airflow/example_dags/example_sensor_decorator.py took 0.118 seconds
[2023-12-03T18:40:00.989+0000] {processor.py:157} INFO - Started process (PID=1156) to work on /home/airflow/.local/lib/python3.8/site-packages/airflow/example_dags/example_sensor_decorator.py
[2023-12-03T18:40:00.990+0000] {processor.py:829} INFO - Processing file /home/airflow/.local/lib/python3.8/site-packages/airflow/example_dags/example_sensor_decorator.py for tasks to queue
[2023-12-03T18:40:00.995+0000] {logging_mixin.py:154} INFO - [2023-12-03T18:40:00.994+0000] {dagbag.py:536} INFO - Filling up the DagBag from /home/airflow/.local/lib/python3.8/site-packages/airflow/example_dags/example_sensor_decorator.py
[2023-12-03T18:40:01.003+0000] {processor.py:839} INFO - DAG(s) dict_keys(['example_sensor_decorator']) retrieved from /home/airflow/.local/lib/python3.8/site-packages/airflow/example_dags/example_sensor_decorator.py
[2023-12-03T18:40:01.031+0000] {logging_mixin.py:154} INFO - [2023-12-03T18:40:01.031+0000] {dag.py:2941} INFO - Sync 1 DAGs
[2023-12-03T18:40:01.054+0000] {logging_mixin.py:154} INFO - [2023-12-03T18:40:01.053+0000] {dag.py:3722} INFO - Setting next_dagrun for example_sensor_decorator to None, run_after=None
[2023-12-03T18:40:01.083+0000] {processor.py:179} INFO - Processing /home/airflow/.local/lib/python3.8/site-packages/airflow/example_dags/example_sensor_decorator.py took 0.100 seconds
[2023-12-03T18:41:30.594+0000] {processor.py:157} INFO - Started process (PID=42) to work on /home/airflow/.local/lib/python3.8/site-packages/airflow/example_dags/example_sensor_decorator.py
[2023-12-03T18:41:30.596+0000] {processor.py:829} INFO - Processing file /home/airflow/.local/lib/python3.8/site-packages/airflow/example_dags/example_sensor_decorator.py for tasks to queue
[2023-12-03T18:41:30.600+0000] {logging_mixin.py:154} INFO - [2023-12-03T18:41:30.599+0000] {dagbag.py:536} INFO - Filling up the DagBag from /home/airflow/.local/lib/python3.8/site-packages/airflow/example_dags/example_sensor_decorator.py
[2023-12-03T18:41:30.613+0000] {processor.py:839} INFO - DAG(s) dict_keys(['example_sensor_decorator']) retrieved from /home/airflow/.local/lib/python3.8/site-packages/airflow/example_dags/example_sensor_decorator.py
[2023-12-03T18:41:30.635+0000] {logging_mixin.py:154} INFO - [2023-12-03T18:41:30.635+0000] {dag.py:2941} INFO - Sync 1 DAGs
[2023-12-03T18:41:30.656+0000] {logging_mixin.py:154} INFO - [2023-12-03T18:41:30.656+0000] {dag.py:3722} INFO - Setting next_dagrun for example_sensor_decorator to None, run_after=None
[2023-12-03T18:41:30.695+0000] {processor.py:179} INFO - Processing /home/airflow/.local/lib/python3.8/site-packages/airflow/example_dags/example_sensor_decorator.py took 0.106 seconds
[2023-12-03T18:41:55.681+0000] {processor.py:157} INFO - Started process (PID=41) to work on /home/airflow/.local/lib/python3.8/site-packages/airflow/example_dags/example_sensor_decorator.py
[2023-12-03T18:41:55.683+0000] {processor.py:829} INFO - Processing file /home/airflow/.local/lib/python3.8/site-packages/airflow/example_dags/example_sensor_decorator.py for tasks to queue
[2023-12-03T18:41:55.688+0000] {logging_mixin.py:154} INFO - [2023-12-03T18:41:55.687+0000] {dagbag.py:536} INFO - Filling up the DagBag from /home/airflow/.local/lib/python3.8/site-packages/airflow/example_dags/example_sensor_decorator.py
[2023-12-03T18:41:55.709+0000] {processor.py:839} INFO - DAG(s) dict_keys(['example_sensor_decorator']) retrieved from /home/airflow/.local/lib/python3.8/site-packages/airflow/example_dags/example_sensor_decorator.py
[2023-12-03T18:41:55.756+0000] {logging_mixin.py:154} INFO - [2023-12-03T18:41:55.755+0000] {dag.py:2941} INFO - Sync 1 DAGs
[2023-12-03T18:41:55.779+0000] {logging_mixin.py:154} INFO - [2023-12-03T18:41:55.779+0000] {dag.py:3722} INFO - Setting next_dagrun for example_sensor_decorator to None, run_after=None
[2023-12-03T18:41:55.814+0000] {processor.py:179} INFO - Processing /home/airflow/.local/lib/python3.8/site-packages/airflow/example_dags/example_sensor_decorator.py took 0.138 seconds
[2023-12-03T18:42:26.349+0000] {processor.py:157} INFO - Started process (PID=96) to work on /home/airflow/.local/lib/python3.8/site-packages/airflow/example_dags/example_sensor_decorator.py
[2023-12-03T18:42:26.351+0000] {processor.py:829} INFO - Processing file /home/airflow/.local/lib/python3.8/site-packages/airflow/example_dags/example_sensor_decorator.py for tasks to queue
[2023-12-03T18:42:26.354+0000] {logging_mixin.py:154} INFO - [2023-12-03T18:42:26.354+0000] {dagbag.py:536} INFO - Filling up the DagBag from /home/airflow/.local/lib/python3.8/site-packages/airflow/example_dags/example_sensor_decorator.py
[2023-12-03T18:42:26.368+0000] {processor.py:839} INFO - DAG(s) dict_keys(['example_sensor_decorator']) retrieved from /home/airflow/.local/lib/python3.8/site-packages/airflow/example_dags/example_sensor_decorator.py
[2023-12-03T18:42:26.402+0000] {logging_mixin.py:154} INFO - [2023-12-03T18:42:26.402+0000] {dag.py:2941} INFO - Sync 1 DAGs
[2023-12-03T18:42:26.429+0000] {logging_mixin.py:154} INFO - [2023-12-03T18:42:26.429+0000] {dag.py:3722} INFO - Setting next_dagrun for example_sensor_decorator to None, run_after=None
[2023-12-03T18:42:26.471+0000] {processor.py:179} INFO - Processing /home/airflow/.local/lib/python3.8/site-packages/airflow/example_dags/example_sensor_decorator.py took 0.128 seconds
[2023-12-03T18:42:57.129+0000] {processor.py:157} INFO - Started process (PID=152) to work on /home/airflow/.local/lib/python3.8/site-packages/airflow/example_dags/example_sensor_decorator.py
[2023-12-03T18:42:57.130+0000] {processor.py:829} INFO - Processing file /home/airflow/.local/lib/python3.8/site-packages/airflow/example_dags/example_sensor_decorator.py for tasks to queue
[2023-12-03T18:42:57.134+0000] {logging_mixin.py:154} INFO - [2023-12-03T18:42:57.134+0000] {dagbag.py:536} INFO - Filling up the DagBag from /home/airflow/.local/lib/python3.8/site-packages/airflow/example_dags/example_sensor_decorator.py
[2023-12-03T18:42:57.148+0000] {processor.py:839} INFO - DAG(s) dict_keys(['example_sensor_decorator']) retrieved from /home/airflow/.local/lib/python3.8/site-packages/airflow/example_dags/example_sensor_decorator.py
[2023-12-03T18:42:57.189+0000] {logging_mixin.py:154} INFO - [2023-12-03T18:42:57.188+0000] {dag.py:2941} INFO - Sync 1 DAGs
[2023-12-03T18:42:57.216+0000] {logging_mixin.py:154} INFO - [2023-12-03T18:42:57.216+0000] {dag.py:3722} INFO - Setting next_dagrun for example_sensor_decorator to None, run_after=None
[2023-12-03T18:42:57.263+0000] {processor.py:179} INFO - Processing /home/airflow/.local/lib/python3.8/site-packages/airflow/example_dags/example_sensor_decorator.py took 0.139 seconds
[2023-12-03T18:43:28.216+0000] {processor.py:157} INFO - Started process (PID=207) to work on /home/airflow/.local/lib/python3.8/site-packages/airflow/example_dags/example_sensor_decorator.py
[2023-12-03T18:43:28.217+0000] {processor.py:829} INFO - Processing file /home/airflow/.local/lib/python3.8/site-packages/airflow/example_dags/example_sensor_decorator.py for tasks to queue
[2023-12-03T18:43:28.220+0000] {logging_mixin.py:154} INFO - [2023-12-03T18:43:28.220+0000] {dagbag.py:536} INFO - Filling up the DagBag from /home/airflow/.local/lib/python3.8/site-packages/airflow/example_dags/example_sensor_decorator.py
[2023-12-03T18:43:28.228+0000] {processor.py:839} INFO - DAG(s) dict_keys(['example_sensor_decorator']) retrieved from /home/airflow/.local/lib/python3.8/site-packages/airflow/example_dags/example_sensor_decorator.py
[2023-12-03T18:43:28.265+0000] {logging_mixin.py:154} INFO - [2023-12-03T18:43:28.265+0000] {dag.py:2941} INFO - Sync 1 DAGs
[2023-12-03T18:43:28.288+0000] {logging_mixin.py:154} INFO - [2023-12-03T18:43:28.288+0000] {dag.py:3722} INFO - Setting next_dagrun for example_sensor_decorator to None, run_after=None
[2023-12-03T18:43:28.339+0000] {processor.py:179} INFO - Processing /home/airflow/.local/lib/python3.8/site-packages/airflow/example_dags/example_sensor_decorator.py took 0.129 seconds
[2023-12-03T18:43:58.763+0000] {processor.py:157} INFO - Started process (PID=262) to work on /home/airflow/.local/lib/python3.8/site-packages/airflow/example_dags/example_sensor_decorator.py
[2023-12-03T18:43:58.765+0000] {processor.py:829} INFO - Processing file /home/airflow/.local/lib/python3.8/site-packages/airflow/example_dags/example_sensor_decorator.py for tasks to queue
[2023-12-03T18:43:58.771+0000] {logging_mixin.py:154} INFO - [2023-12-03T18:43:58.770+0000] {dagbag.py:536} INFO - Filling up the DagBag from /home/airflow/.local/lib/python3.8/site-packages/airflow/example_dags/example_sensor_decorator.py
[2023-12-03T18:43:58.781+0000] {processor.py:839} INFO - DAG(s) dict_keys(['example_sensor_decorator']) retrieved from /home/airflow/.local/lib/python3.8/site-packages/airflow/example_dags/example_sensor_decorator.py
[2023-12-03T18:43:58.825+0000] {logging_mixin.py:154} INFO - [2023-12-03T18:43:58.825+0000] {dag.py:2941} INFO - Sync 1 DAGs
[2023-12-03T18:43:58.846+0000] {logging_mixin.py:154} INFO - [2023-12-03T18:43:58.846+0000] {dag.py:3722} INFO - Setting next_dagrun for example_sensor_decorator to None, run_after=None
[2023-12-03T18:43:58.881+0000] {processor.py:179} INFO - Processing /home/airflow/.local/lib/python3.8/site-packages/airflow/example_dags/example_sensor_decorator.py took 0.128 seconds
[2023-12-03T18:44:29.578+0000] {processor.py:157} INFO - Started process (PID=316) to work on /home/airflow/.local/lib/python3.8/site-packages/airflow/example_dags/example_sensor_decorator.py
[2023-12-03T18:44:29.579+0000] {processor.py:829} INFO - Processing file /home/airflow/.local/lib/python3.8/site-packages/airflow/example_dags/example_sensor_decorator.py for tasks to queue
[2023-12-03T18:44:29.583+0000] {logging_mixin.py:154} INFO - [2023-12-03T18:44:29.582+0000] {dagbag.py:536} INFO - Filling up the DagBag from /home/airflow/.local/lib/python3.8/site-packages/airflow/example_dags/example_sensor_decorator.py
[2023-12-03T18:44:29.592+0000] {processor.py:839} INFO - DAG(s) dict_keys(['example_sensor_decorator']) retrieved from /home/airflow/.local/lib/python3.8/site-packages/airflow/example_dags/example_sensor_decorator.py
[2023-12-03T18:44:29.623+0000] {logging_mixin.py:154} INFO - [2023-12-03T18:44:29.623+0000] {dag.py:2941} INFO - Sync 1 DAGs
[2023-12-03T18:44:29.646+0000] {logging_mixin.py:154} INFO - [2023-12-03T18:44:29.645+0000] {dag.py:3722} INFO - Setting next_dagrun for example_sensor_decorator to None, run_after=None
[2023-12-03T18:44:29.691+0000] {processor.py:179} INFO - Processing /home/airflow/.local/lib/python3.8/site-packages/airflow/example_dags/example_sensor_decorator.py took 0.120 seconds
[2023-12-03T18:48:26.902+0000] {processor.py:157} INFO - Started process (PID=45) to work on /home/airflow/.local/lib/python3.8/site-packages/airflow/example_dags/example_sensor_decorator.py
[2023-12-03T18:48:26.903+0000] {processor.py:829} INFO - Processing file /home/airflow/.local/lib/python3.8/site-packages/airflow/example_dags/example_sensor_decorator.py for tasks to queue
[2023-12-03T18:48:26.907+0000] {logging_mixin.py:154} INFO - [2023-12-03T18:48:26.907+0000] {dagbag.py:536} INFO - Filling up the DagBag from /home/airflow/.local/lib/python3.8/site-packages/airflow/example_dags/example_sensor_decorator.py
[2023-12-03T18:48:26.919+0000] {processor.py:839} INFO - DAG(s) dict_keys(['example_sensor_decorator']) retrieved from /home/airflow/.local/lib/python3.8/site-packages/airflow/example_dags/example_sensor_decorator.py
[2023-12-03T18:48:26.939+0000] {logging_mixin.py:154} INFO - [2023-12-03T18:48:26.938+0000] {dag.py:2941} INFO - Sync 1 DAGs
[2023-12-03T18:48:26.962+0000] {logging_mixin.py:154} INFO - [2023-12-03T18:48:26.961+0000] {dag.py:3722} INFO - Setting next_dagrun for example_sensor_decorator to None, run_after=None
[2023-12-03T18:48:27.005+0000] {processor.py:179} INFO - Processing /home/airflow/.local/lib/python3.8/site-packages/airflow/example_dags/example_sensor_decorator.py took 0.107 seconds
[2023-12-03T18:48:57.565+0000] {processor.py:157} INFO - Started process (PID=100) to work on /home/airflow/.local/lib/python3.8/site-packages/airflow/example_dags/example_sensor_decorator.py
[2023-12-03T18:48:57.567+0000] {processor.py:829} INFO - Processing file /home/airflow/.local/lib/python3.8/site-packages/airflow/example_dags/example_sensor_decorator.py for tasks to queue
[2023-12-03T18:48:57.571+0000] {logging_mixin.py:154} INFO - [2023-12-03T18:48:57.571+0000] {dagbag.py:536} INFO - Filling up the DagBag from /home/airflow/.local/lib/python3.8/site-packages/airflow/example_dags/example_sensor_decorator.py
[2023-12-03T18:48:57.588+0000] {processor.py:839} INFO - DAG(s) dict_keys(['example_sensor_decorator']) retrieved from /home/airflow/.local/lib/python3.8/site-packages/airflow/example_dags/example_sensor_decorator.py
[2023-12-03T18:48:57.641+0000] {logging_mixin.py:154} INFO - [2023-12-03T18:48:57.641+0000] {dag.py:2941} INFO - Sync 1 DAGs
[2023-12-03T18:48:57.676+0000] {logging_mixin.py:154} INFO - [2023-12-03T18:48:57.676+0000] {dag.py:3722} INFO - Setting next_dagrun for example_sensor_decorator to None, run_after=None
[2023-12-03T18:48:57.722+0000] {processor.py:179} INFO - Processing /home/airflow/.local/lib/python3.8/site-packages/airflow/example_dags/example_sensor_decorator.py took 0.164 seconds
[2023-12-03T18:49:28.127+0000] {processor.py:157} INFO - Started process (PID=154) to work on /home/airflow/.local/lib/python3.8/site-packages/airflow/example_dags/example_sensor_decorator.py
[2023-12-03T18:49:28.128+0000] {processor.py:829} INFO - Processing file /home/airflow/.local/lib/python3.8/site-packages/airflow/example_dags/example_sensor_decorator.py for tasks to queue
[2023-12-03T18:49:28.132+0000] {logging_mixin.py:154} INFO - [2023-12-03T18:49:28.131+0000] {dagbag.py:536} INFO - Filling up the DagBag from /home/airflow/.local/lib/python3.8/site-packages/airflow/example_dags/example_sensor_decorator.py
[2023-12-03T18:49:28.142+0000] {processor.py:839} INFO - DAG(s) dict_keys(['example_sensor_decorator']) retrieved from /home/airflow/.local/lib/python3.8/site-packages/airflow/example_dags/example_sensor_decorator.py
[2023-12-03T18:49:28.174+0000] {logging_mixin.py:154} INFO - [2023-12-03T18:49:28.174+0000] {dag.py:2941} INFO - Sync 1 DAGs
[2023-12-03T18:49:28.197+0000] {logging_mixin.py:154} INFO - [2023-12-03T18:49:28.197+0000] {dag.py:3722} INFO - Setting next_dagrun for example_sensor_decorator to None, run_after=None
[2023-12-03T18:49:28.243+0000] {processor.py:179} INFO - Processing /home/airflow/.local/lib/python3.8/site-packages/airflow/example_dags/example_sensor_decorator.py took 0.120 seconds
