[2023-12-03T18:18:49.257+0000] {processor.py:157} INFO - Started process (PID=70) to work on /home/airflow/.local/lib/python3.8/site-packages/airflow/example_dags/example_branch_python_dop_operator_3.py
[2023-12-03T18:18:49.259+0000] {processor.py:829} INFO - Processing file /home/airflow/.local/lib/python3.8/site-packages/airflow/example_dags/example_branch_python_dop_operator_3.py for tasks to queue
[2023-12-03T18:18:49.263+0000] {logging_mixin.py:154} INFO - [2023-12-03T18:18:49.262+0000] {dagbag.py:536} INFO - Filling up the DagBag from /home/airflow/.local/lib/python3.8/site-packages/airflow/example_dags/example_branch_python_dop_operator_3.py
[2023-12-03T18:18:49.297+0000] {processor.py:839} INFO - DAG(s) dict_keys(['example_branch_dop_operator_v3']) retrieved from /home/airflow/.local/lib/python3.8/site-packages/airflow/example_dags/example_branch_python_dop_operator_3.py
[2023-12-03T18:18:49.336+0000] {logging_mixin.py:154} INFO - [2023-12-03T18:18:49.336+0000] {dag.py:2941} INFO - Sync 1 DAGs
[2023-12-03T18:18:49.393+0000] {logging_mixin.py:154} INFO - [2023-12-03T18:18:49.393+0000] {dag.py:3722} INFO - Setting next_dagrun for example_branch_dop_operator_v3 to 2023-12-03T18:17:00+00:00, run_after=2023-12-03T18:18:00+00:00
[2023-12-03T18:18:49.428+0000] {processor.py:179} INFO - Processing /home/airflow/.local/lib/python3.8/site-packages/airflow/example_dags/example_branch_python_dop_operator_3.py took 0.177 seconds
[2023-12-03T18:19:20.443+0000] {processor.py:157} INFO - Started process (PID=124) to work on /home/airflow/.local/lib/python3.8/site-packages/airflow/example_dags/example_branch_python_dop_operator_3.py
[2023-12-03T18:19:20.445+0000] {processor.py:829} INFO - Processing file /home/airflow/.local/lib/python3.8/site-packages/airflow/example_dags/example_branch_python_dop_operator_3.py for tasks to queue
[2023-12-03T18:19:20.450+0000] {logging_mixin.py:154} INFO - [2023-12-03T18:19:20.449+0000] {dagbag.py:536} INFO - Filling up the DagBag from /home/airflow/.local/lib/python3.8/site-packages/airflow/example_dags/example_branch_python_dop_operator_3.py
[2023-12-03T18:19:20.476+0000] {processor.py:839} INFO - DAG(s) dict_keys(['example_branch_dop_operator_v3']) retrieved from /home/airflow/.local/lib/python3.8/site-packages/airflow/example_dags/example_branch_python_dop_operator_3.py
[2023-12-03T18:19:20.525+0000] {logging_mixin.py:154} INFO - [2023-12-03T18:19:20.524+0000] {dag.py:2941} INFO - Sync 1 DAGs
[2023-12-03T18:19:20.602+0000] {logging_mixin.py:154} INFO - [2023-12-03T18:19:20.601+0000] {dag.py:3722} INFO - Setting next_dagrun for example_branch_dop_operator_v3 to 2023-12-03T18:18:00+00:00, run_after=2023-12-03T18:19:00+00:00
[2023-12-03T18:19:20.664+0000] {processor.py:179} INFO - Processing /home/airflow/.local/lib/python3.8/site-packages/airflow/example_dags/example_branch_python_dop_operator_3.py took 0.229 seconds
[2023-12-03T18:19:51.579+0000] {processor.py:157} INFO - Started process (PID=185) to work on /home/airflow/.local/lib/python3.8/site-packages/airflow/example_dags/example_branch_python_dop_operator_3.py
[2023-12-03T18:19:51.582+0000] {processor.py:829} INFO - Processing file /home/airflow/.local/lib/python3.8/site-packages/airflow/example_dags/example_branch_python_dop_operator_3.py for tasks to queue
[2023-12-03T18:19:51.588+0000] {logging_mixin.py:154} INFO - [2023-12-03T18:19:51.587+0000] {dagbag.py:536} INFO - Filling up the DagBag from /home/airflow/.local/lib/python3.8/site-packages/airflow/example_dags/example_branch_python_dop_operator_3.py
[2023-12-03T18:19:51.610+0000] {processor.py:839} INFO - DAG(s) dict_keys(['example_branch_dop_operator_v3']) retrieved from /home/airflow/.local/lib/python3.8/site-packages/airflow/example_dags/example_branch_python_dop_operator_3.py
[2023-12-03T18:19:51.642+0000] {logging_mixin.py:154} INFO - [2023-12-03T18:19:51.641+0000] {dag.py:2941} INFO - Sync 1 DAGs
[2023-12-03T18:19:51.714+0000] {logging_mixin.py:154} INFO - [2023-12-03T18:19:51.713+0000] {dag.py:3722} INFO - Setting next_dagrun for example_branch_dop_operator_v3 to 2023-12-03T18:18:00+00:00, run_after=2023-12-03T18:19:00+00:00
[2023-12-03T18:19:51.766+0000] {processor.py:179} INFO - Processing /home/airflow/.local/lib/python3.8/site-packages/airflow/example_dags/example_branch_python_dop_operator_3.py took 0.197 seconds
[2023-12-03T18:20:21.941+0000] {processor.py:157} INFO - Started process (PID=239) to work on /home/airflow/.local/lib/python3.8/site-packages/airflow/example_dags/example_branch_python_dop_operator_3.py
[2023-12-03T18:20:21.942+0000] {processor.py:829} INFO - Processing file /home/airflow/.local/lib/python3.8/site-packages/airflow/example_dags/example_branch_python_dop_operator_3.py for tasks to queue
[2023-12-03T18:20:21.946+0000] {logging_mixin.py:154} INFO - [2023-12-03T18:20:21.945+0000] {dagbag.py:536} INFO - Filling up the DagBag from /home/airflow/.local/lib/python3.8/site-packages/airflow/example_dags/example_branch_python_dop_operator_3.py
[2023-12-03T18:20:21.957+0000] {processor.py:839} INFO - DAG(s) dict_keys(['example_branch_dop_operator_v3']) retrieved from /home/airflow/.local/lib/python3.8/site-packages/airflow/example_dags/example_branch_python_dop_operator_3.py
[2023-12-03T18:20:21.992+0000] {logging_mixin.py:154} INFO - [2023-12-03T18:20:21.991+0000] {dag.py:2941} INFO - Sync 1 DAGs
[2023-12-03T18:20:22.029+0000] {logging_mixin.py:154} INFO - [2023-12-03T18:20:22.029+0000] {dag.py:3722} INFO - Setting next_dagrun for example_branch_dop_operator_v3 to 2023-12-03T18:19:00+00:00, run_after=2023-12-03T18:20:00+00:00
[2023-12-03T18:20:22.066+0000] {processor.py:179} INFO - Processing /home/airflow/.local/lib/python3.8/site-packages/airflow/example_dags/example_branch_python_dop_operator_3.py took 0.129 seconds
[2023-12-03T18:20:52.985+0000] {processor.py:157} INFO - Started process (PID=293) to work on /home/airflow/.local/lib/python3.8/site-packages/airflow/example_dags/example_branch_python_dop_operator_3.py
[2023-12-03T18:20:52.987+0000] {processor.py:829} INFO - Processing file /home/airflow/.local/lib/python3.8/site-packages/airflow/example_dags/example_branch_python_dop_operator_3.py for tasks to queue
[2023-12-03T18:20:52.991+0000] {logging_mixin.py:154} INFO - [2023-12-03T18:20:52.991+0000] {dagbag.py:536} INFO - Filling up the DagBag from /home/airflow/.local/lib/python3.8/site-packages/airflow/example_dags/example_branch_python_dop_operator_3.py
[2023-12-03T18:20:53.009+0000] {processor.py:839} INFO - DAG(s) dict_keys(['example_branch_dop_operator_v3']) retrieved from /home/airflow/.local/lib/python3.8/site-packages/airflow/example_dags/example_branch_python_dop_operator_3.py
[2023-12-03T18:20:53.044+0000] {logging_mixin.py:154} INFO - [2023-12-03T18:20:53.043+0000] {dag.py:2941} INFO - Sync 1 DAGs
[2023-12-03T18:20:53.102+0000] {logging_mixin.py:154} INFO - [2023-12-03T18:20:53.102+0000] {dag.py:3722} INFO - Setting next_dagrun for example_branch_dop_operator_v3 to 2023-12-03T18:19:00+00:00, run_after=2023-12-03T18:20:00+00:00
[2023-12-03T18:20:53.139+0000] {processor.py:179} INFO - Processing /home/airflow/.local/lib/python3.8/site-packages/airflow/example_dags/example_branch_python_dop_operator_3.py took 0.160 seconds
[2023-12-03T18:21:23.603+0000] {processor.py:157} INFO - Started process (PID=347) to work on /home/airflow/.local/lib/python3.8/site-packages/airflow/example_dags/example_branch_python_dop_operator_3.py
[2023-12-03T18:21:23.605+0000] {processor.py:829} INFO - Processing file /home/airflow/.local/lib/python3.8/site-packages/airflow/example_dags/example_branch_python_dop_operator_3.py for tasks to queue
[2023-12-03T18:21:23.609+0000] {logging_mixin.py:154} INFO - [2023-12-03T18:21:23.608+0000] {dagbag.py:536} INFO - Filling up the DagBag from /home/airflow/.local/lib/python3.8/site-packages/airflow/example_dags/example_branch_python_dop_operator_3.py
[2023-12-03T18:21:23.627+0000] {processor.py:839} INFO - DAG(s) dict_keys(['example_branch_dop_operator_v3']) retrieved from /home/airflow/.local/lib/python3.8/site-packages/airflow/example_dags/example_branch_python_dop_operator_3.py
[2023-12-03T18:21:23.654+0000] {logging_mixin.py:154} INFO - [2023-12-03T18:21:23.654+0000] {dag.py:2941} INFO - Sync 1 DAGs
[2023-12-03T18:21:23.711+0000] {logging_mixin.py:154} INFO - [2023-12-03T18:21:23.711+0000] {dag.py:3722} INFO - Setting next_dagrun for example_branch_dop_operator_v3 to 2023-12-03T18:20:00+00:00, run_after=2023-12-03T18:21:00+00:00
[2023-12-03T18:21:23.751+0000] {processor.py:179} INFO - Processing /home/airflow/.local/lib/python3.8/site-packages/airflow/example_dags/example_branch_python_dop_operator_3.py took 0.153 seconds
[2023-12-03T18:21:54.388+0000] {processor.py:157} INFO - Started process (PID=401) to work on /home/airflow/.local/lib/python3.8/site-packages/airflow/example_dags/example_branch_python_dop_operator_3.py
[2023-12-03T18:21:54.390+0000] {processor.py:829} INFO - Processing file /home/airflow/.local/lib/python3.8/site-packages/airflow/example_dags/example_branch_python_dop_operator_3.py for tasks to queue
[2023-12-03T18:21:54.395+0000] {logging_mixin.py:154} INFO - [2023-12-03T18:21:54.394+0000] {dagbag.py:536} INFO - Filling up the DagBag from /home/airflow/.local/lib/python3.8/site-packages/airflow/example_dags/example_branch_python_dop_operator_3.py
[2023-12-03T18:21:54.413+0000] {processor.py:839} INFO - DAG(s) dict_keys(['example_branch_dop_operator_v3']) retrieved from /home/airflow/.local/lib/python3.8/site-packages/airflow/example_dags/example_branch_python_dop_operator_3.py
[2023-12-03T18:21:54.457+0000] {logging_mixin.py:154} INFO - [2023-12-03T18:21:54.456+0000] {dag.py:2941} INFO - Sync 1 DAGs
[2023-12-03T18:21:54.529+0000] {logging_mixin.py:154} INFO - [2023-12-03T18:21:54.529+0000] {dag.py:3722} INFO - Setting next_dagrun for example_branch_dop_operator_v3 to 2023-12-03T18:20:00+00:00, run_after=2023-12-03T18:21:00+00:00
[2023-12-03T18:21:54.581+0000] {processor.py:179} INFO - Processing /home/airflow/.local/lib/python3.8/site-packages/airflow/example_dags/example_branch_python_dop_operator_3.py took 0.198 seconds
[2023-12-03T18:22:26.364+0000] {processor.py:157} INFO - Started process (PID=455) to work on /home/airflow/.local/lib/python3.8/site-packages/airflow/example_dags/example_branch_python_dop_operator_3.py
[2023-12-03T18:22:26.366+0000] {processor.py:829} INFO - Processing file /home/airflow/.local/lib/python3.8/site-packages/airflow/example_dags/example_branch_python_dop_operator_3.py for tasks to queue
[2023-12-03T18:22:26.371+0000] {logging_mixin.py:154} INFO - [2023-12-03T18:22:26.370+0000] {dagbag.py:536} INFO - Filling up the DagBag from /home/airflow/.local/lib/python3.8/site-packages/airflow/example_dags/example_branch_python_dop_operator_3.py
[2023-12-03T18:22:26.389+0000] {processor.py:839} INFO - DAG(s) dict_keys(['example_branch_dop_operator_v3']) retrieved from /home/airflow/.local/lib/python3.8/site-packages/airflow/example_dags/example_branch_python_dop_operator_3.py
[2023-12-03T18:22:26.432+0000] {logging_mixin.py:154} INFO - [2023-12-03T18:22:26.432+0000] {dag.py:2941} INFO - Sync 1 DAGs
[2023-12-03T18:22:26.493+0000] {logging_mixin.py:154} INFO - [2023-12-03T18:22:26.493+0000] {dag.py:3722} INFO - Setting next_dagrun for example_branch_dop_operator_v3 to 2023-12-03T18:21:00+00:00, run_after=2023-12-03T18:22:00+00:00
[2023-12-03T18:22:26.530+0000] {processor.py:179} INFO - Processing /home/airflow/.local/lib/python3.8/site-packages/airflow/example_dags/example_branch_python_dop_operator_3.py took 0.173 seconds
[2023-12-03T18:23:59.702+0000] {processor.py:157} INFO - Started process (PID=70) to work on /home/airflow/.local/lib/python3.8/site-packages/airflow/example_dags/example_branch_python_dop_operator_3.py
[2023-12-03T18:23:59.704+0000] {processor.py:829} INFO - Processing file /home/airflow/.local/lib/python3.8/site-packages/airflow/example_dags/example_branch_python_dop_operator_3.py for tasks to queue
[2023-12-03T18:23:59.708+0000] {logging_mixin.py:154} INFO - [2023-12-03T18:23:59.707+0000] {dagbag.py:536} INFO - Filling up the DagBag from /home/airflow/.local/lib/python3.8/site-packages/airflow/example_dags/example_branch_python_dop_operator_3.py
[2023-12-03T18:23:59.728+0000] {processor.py:839} INFO - DAG(s) dict_keys(['example_branch_dop_operator_v3']) retrieved from /home/airflow/.local/lib/python3.8/site-packages/airflow/example_dags/example_branch_python_dop_operator_3.py
[2023-12-03T18:23:59.765+0000] {logging_mixin.py:154} INFO - [2023-12-03T18:23:59.765+0000] {dag.py:2941} INFO - Sync 1 DAGs
[2023-12-03T18:23:59.811+0000] {logging_mixin.py:154} INFO - [2023-12-03T18:23:59.810+0000] {dag.py:3722} INFO - Setting next_dagrun for example_branch_dop_operator_v3 to 2023-12-03T18:22:00+00:00, run_after=2023-12-03T18:23:00+00:00
[2023-12-03T18:23:59.844+0000] {processor.py:179} INFO - Processing /home/airflow/.local/lib/python3.8/site-packages/airflow/example_dags/example_branch_python_dop_operator_3.py took 0.148 seconds
[2023-12-03T18:24:30.389+0000] {processor.py:157} INFO - Started process (PID=124) to work on /home/airflow/.local/lib/python3.8/site-packages/airflow/example_dags/example_branch_python_dop_operator_3.py
[2023-12-03T18:24:30.391+0000] {processor.py:829} INFO - Processing file /home/airflow/.local/lib/python3.8/site-packages/airflow/example_dags/example_branch_python_dop_operator_3.py for tasks to queue
[2023-12-03T18:24:30.396+0000] {logging_mixin.py:154} INFO - [2023-12-03T18:24:30.395+0000] {dagbag.py:536} INFO - Filling up the DagBag from /home/airflow/.local/lib/python3.8/site-packages/airflow/example_dags/example_branch_python_dop_operator_3.py
[2023-12-03T18:24:30.409+0000] {processor.py:839} INFO - DAG(s) dict_keys(['example_branch_dop_operator_v3']) retrieved from /home/airflow/.local/lib/python3.8/site-packages/airflow/example_dags/example_branch_python_dop_operator_3.py
[2023-12-03T18:24:30.439+0000] {logging_mixin.py:154} INFO - [2023-12-03T18:24:30.438+0000] {dag.py:2941} INFO - Sync 1 DAGs
[2023-12-03T18:24:30.475+0000] {logging_mixin.py:154} INFO - [2023-12-03T18:24:30.474+0000] {dag.py:3722} INFO - Setting next_dagrun for example_branch_dop_operator_v3 to 2023-12-03T18:23:00+00:00, run_after=2023-12-03T18:24:00+00:00
[2023-12-03T18:24:30.510+0000] {processor.py:179} INFO - Processing /home/airflow/.local/lib/python3.8/site-packages/airflow/example_dags/example_branch_python_dop_operator_3.py took 0.125 seconds
[2023-12-03T18:25:01.271+0000] {processor.py:157} INFO - Started process (PID=178) to work on /home/airflow/.local/lib/python3.8/site-packages/airflow/example_dags/example_branch_python_dop_operator_3.py
[2023-12-03T18:25:01.273+0000] {processor.py:829} INFO - Processing file /home/airflow/.local/lib/python3.8/site-packages/airflow/example_dags/example_branch_python_dop_operator_3.py for tasks to queue
[2023-12-03T18:25:01.279+0000] {logging_mixin.py:154} INFO - [2023-12-03T18:25:01.278+0000] {dagbag.py:536} INFO - Filling up the DagBag from /home/airflow/.local/lib/python3.8/site-packages/airflow/example_dags/example_branch_python_dop_operator_3.py
[2023-12-03T18:25:01.292+0000] {processor.py:839} INFO - DAG(s) dict_keys(['example_branch_dop_operator_v3']) retrieved from /home/airflow/.local/lib/python3.8/site-packages/airflow/example_dags/example_branch_python_dop_operator_3.py
[2023-12-03T18:25:01.323+0000] {logging_mixin.py:154} INFO - [2023-12-03T18:25:01.322+0000] {dag.py:2941} INFO - Sync 1 DAGs
[2023-12-03T18:25:01.368+0000] {logging_mixin.py:154} INFO - [2023-12-03T18:25:01.368+0000] {dag.py:3722} INFO - Setting next_dagrun for example_branch_dop_operator_v3 to 2023-12-03T18:24:00+00:00, run_after=2023-12-03T18:25:00+00:00
[2023-12-03T18:25:01.395+0000] {processor.py:179} INFO - Processing /home/airflow/.local/lib/python3.8/site-packages/airflow/example_dags/example_branch_python_dop_operator_3.py took 0.129 seconds
[2023-12-03T18:25:31.794+0000] {processor.py:157} INFO - Started process (PID=232) to work on /home/airflow/.local/lib/python3.8/site-packages/airflow/example_dags/example_branch_python_dop_operator_3.py
[2023-12-03T18:25:31.797+0000] {processor.py:829} INFO - Processing file /home/airflow/.local/lib/python3.8/site-packages/airflow/example_dags/example_branch_python_dop_operator_3.py for tasks to queue
[2023-12-03T18:25:31.803+0000] {logging_mixin.py:154} INFO - [2023-12-03T18:25:31.802+0000] {dagbag.py:536} INFO - Filling up the DagBag from /home/airflow/.local/lib/python3.8/site-packages/airflow/example_dags/example_branch_python_dop_operator_3.py
[2023-12-03T18:25:31.835+0000] {processor.py:839} INFO - DAG(s) dict_keys(['example_branch_dop_operator_v3']) retrieved from /home/airflow/.local/lib/python3.8/site-packages/airflow/example_dags/example_branch_python_dop_operator_3.py
[2023-12-03T18:25:31.870+0000] {logging_mixin.py:154} INFO - [2023-12-03T18:25:31.870+0000] {dag.py:2941} INFO - Sync 1 DAGs
[2023-12-03T18:25:31.907+0000] {logging_mixin.py:154} INFO - [2023-12-03T18:25:31.907+0000] {dag.py:3722} INFO - Setting next_dagrun for example_branch_dop_operator_v3 to 2023-12-03T18:24:00+00:00, run_after=2023-12-03T18:25:00+00:00
[2023-12-03T18:25:31.937+0000] {processor.py:179} INFO - Processing /home/airflow/.local/lib/python3.8/site-packages/airflow/example_dags/example_branch_python_dop_operator_3.py took 0.153 seconds
[2023-12-03T18:26:02.353+0000] {processor.py:157} INFO - Started process (PID=286) to work on /home/airflow/.local/lib/python3.8/site-packages/airflow/example_dags/example_branch_python_dop_operator_3.py
[2023-12-03T18:26:02.354+0000] {processor.py:829} INFO - Processing file /home/airflow/.local/lib/python3.8/site-packages/airflow/example_dags/example_branch_python_dop_operator_3.py for tasks to queue
[2023-12-03T18:26:02.358+0000] {logging_mixin.py:154} INFO - [2023-12-03T18:26:02.357+0000] {dagbag.py:536} INFO - Filling up the DagBag from /home/airflow/.local/lib/python3.8/site-packages/airflow/example_dags/example_branch_python_dop_operator_3.py
[2023-12-03T18:26:02.370+0000] {processor.py:839} INFO - DAG(s) dict_keys(['example_branch_dop_operator_v3']) retrieved from /home/airflow/.local/lib/python3.8/site-packages/airflow/example_dags/example_branch_python_dop_operator_3.py
[2023-12-03T18:26:02.401+0000] {logging_mixin.py:154} INFO - [2023-12-03T18:26:02.401+0000] {dag.py:2941} INFO - Sync 1 DAGs
[2023-12-03T18:26:02.441+0000] {logging_mixin.py:154} INFO - [2023-12-03T18:26:02.441+0000] {dag.py:3722} INFO - Setting next_dagrun for example_branch_dop_operator_v3 to 2023-12-03T18:25:00+00:00, run_after=2023-12-03T18:26:00+00:00
[2023-12-03T18:26:02.467+0000] {processor.py:179} INFO - Processing /home/airflow/.local/lib/python3.8/site-packages/airflow/example_dags/example_branch_python_dop_operator_3.py took 0.119 seconds
[2023-12-03T18:26:32.728+0000] {processor.py:157} INFO - Started process (PID=340) to work on /home/airflow/.local/lib/python3.8/site-packages/airflow/example_dags/example_branch_python_dop_operator_3.py
[2023-12-03T18:26:32.729+0000] {processor.py:829} INFO - Processing file /home/airflow/.local/lib/python3.8/site-packages/airflow/example_dags/example_branch_python_dop_operator_3.py for tasks to queue
[2023-12-03T18:26:32.733+0000] {logging_mixin.py:154} INFO - [2023-12-03T18:26:32.733+0000] {dagbag.py:536} INFO - Filling up the DagBag from /home/airflow/.local/lib/python3.8/site-packages/airflow/example_dags/example_branch_python_dop_operator_3.py
[2023-12-03T18:26:32.747+0000] {processor.py:839} INFO - DAG(s) dict_keys(['example_branch_dop_operator_v3']) retrieved from /home/airflow/.local/lib/python3.8/site-packages/airflow/example_dags/example_branch_python_dop_operator_3.py
[2023-12-03T18:26:32.784+0000] {logging_mixin.py:154} INFO - [2023-12-03T18:26:32.783+0000] {dag.py:2941} INFO - Sync 1 DAGs
[2023-12-03T18:26:32.836+0000] {logging_mixin.py:154} INFO - [2023-12-03T18:26:32.836+0000] {dag.py:3722} INFO - Setting next_dagrun for example_branch_dop_operator_v3 to 2023-12-03T18:25:00+00:00, run_after=2023-12-03T18:26:00+00:00
[2023-12-03T18:26:32.882+0000] {processor.py:179} INFO - Processing /home/airflow/.local/lib/python3.8/site-packages/airflow/example_dags/example_branch_python_dop_operator_3.py took 0.159 seconds
[2023-12-03T18:27:03.536+0000] {processor.py:157} INFO - Started process (PID=394) to work on /home/airflow/.local/lib/python3.8/site-packages/airflow/example_dags/example_branch_python_dop_operator_3.py
[2023-12-03T18:27:03.537+0000] {processor.py:829} INFO - Processing file /home/airflow/.local/lib/python3.8/site-packages/airflow/example_dags/example_branch_python_dop_operator_3.py for tasks to queue
[2023-12-03T18:27:03.542+0000] {logging_mixin.py:154} INFO - [2023-12-03T18:27:03.541+0000] {dagbag.py:536} INFO - Filling up the DagBag from /home/airflow/.local/lib/python3.8/site-packages/airflow/example_dags/example_branch_python_dop_operator_3.py
[2023-12-03T18:27:03.555+0000] {processor.py:839} INFO - DAG(s) dict_keys(['example_branch_dop_operator_v3']) retrieved from /home/airflow/.local/lib/python3.8/site-packages/airflow/example_dags/example_branch_python_dop_operator_3.py
[2023-12-03T18:27:03.588+0000] {logging_mixin.py:154} INFO - [2023-12-03T18:27:03.588+0000] {dag.py:2941} INFO - Sync 1 DAGs
[2023-12-03T18:27:03.635+0000] {logging_mixin.py:154} INFO - [2023-12-03T18:27:03.635+0000] {dag.py:3722} INFO - Setting next_dagrun for example_branch_dop_operator_v3 to 2023-12-03T18:26:00+00:00, run_after=2023-12-03T18:27:00+00:00
[2023-12-03T18:27:03.673+0000] {processor.py:179} INFO - Processing /home/airflow/.local/lib/python3.8/site-packages/airflow/example_dags/example_branch_python_dop_operator_3.py took 0.141 seconds
[2023-12-03T18:27:33.962+0000] {processor.py:157} INFO - Started process (PID=448) to work on /home/airflow/.local/lib/python3.8/site-packages/airflow/example_dags/example_branch_python_dop_operator_3.py
[2023-12-03T18:27:33.963+0000] {processor.py:829} INFO - Processing file /home/airflow/.local/lib/python3.8/site-packages/airflow/example_dags/example_branch_python_dop_operator_3.py for tasks to queue
[2023-12-03T18:27:33.968+0000] {logging_mixin.py:154} INFO - [2023-12-03T18:27:33.967+0000] {dagbag.py:536} INFO - Filling up the DagBag from /home/airflow/.local/lib/python3.8/site-packages/airflow/example_dags/example_branch_python_dop_operator_3.py
[2023-12-03T18:27:33.981+0000] {processor.py:839} INFO - DAG(s) dict_keys(['example_branch_dop_operator_v3']) retrieved from /home/airflow/.local/lib/python3.8/site-packages/airflow/example_dags/example_branch_python_dop_operator_3.py
[2023-12-03T18:27:34.015+0000] {logging_mixin.py:154} INFO - [2023-12-03T18:27:34.014+0000] {dag.py:2941} INFO - Sync 1 DAGs
[2023-12-03T18:27:34.060+0000] {logging_mixin.py:154} INFO - [2023-12-03T18:27:34.059+0000] {dag.py:3722} INFO - Setting next_dagrun for example_branch_dop_operator_v3 to 2023-12-03T18:26:00+00:00, run_after=2023-12-03T18:27:00+00:00
[2023-12-03T18:27:34.093+0000] {processor.py:179} INFO - Processing /home/airflow/.local/lib/python3.8/site-packages/airflow/example_dags/example_branch_python_dop_operator_3.py took 0.135 seconds
[2023-12-03T18:28:04.161+0000] {processor.py:157} INFO - Started process (PID=502) to work on /home/airflow/.local/lib/python3.8/site-packages/airflow/example_dags/example_branch_python_dop_operator_3.py
[2023-12-03T18:28:04.162+0000] {processor.py:829} INFO - Processing file /home/airflow/.local/lib/python3.8/site-packages/airflow/example_dags/example_branch_python_dop_operator_3.py for tasks to queue
[2023-12-03T18:28:04.165+0000] {logging_mixin.py:154} INFO - [2023-12-03T18:28:04.165+0000] {dagbag.py:536} INFO - Filling up the DagBag from /home/airflow/.local/lib/python3.8/site-packages/airflow/example_dags/example_branch_python_dop_operator_3.py
[2023-12-03T18:28:04.179+0000] {processor.py:839} INFO - DAG(s) dict_keys(['example_branch_dop_operator_v3']) retrieved from /home/airflow/.local/lib/python3.8/site-packages/airflow/example_dags/example_branch_python_dop_operator_3.py
[2023-12-03T18:28:04.211+0000] {logging_mixin.py:154} INFO - [2023-12-03T18:28:04.211+0000] {dag.py:2941} INFO - Sync 1 DAGs
[2023-12-03T18:28:04.253+0000] {logging_mixin.py:154} INFO - [2023-12-03T18:28:04.252+0000] {dag.py:3722} INFO - Setting next_dagrun for example_branch_dop_operator_v3 to 2023-12-03T18:27:00+00:00, run_after=2023-12-03T18:28:00+00:00
[2023-12-03T18:28:04.286+0000] {processor.py:179} INFO - Processing /home/airflow/.local/lib/python3.8/site-packages/airflow/example_dags/example_branch_python_dop_operator_3.py took 0.130 seconds
[2023-12-03T18:28:35.451+0000] {processor.py:157} INFO - Started process (PID=556) to work on /home/airflow/.local/lib/python3.8/site-packages/airflow/example_dags/example_branch_python_dop_operator_3.py
[2023-12-03T18:28:35.453+0000] {processor.py:829} INFO - Processing file /home/airflow/.local/lib/python3.8/site-packages/airflow/example_dags/example_branch_python_dop_operator_3.py for tasks to queue
[2023-12-03T18:28:35.458+0000] {logging_mixin.py:154} INFO - [2023-12-03T18:28:35.457+0000] {dagbag.py:536} INFO - Filling up the DagBag from /home/airflow/.local/lib/python3.8/site-packages/airflow/example_dags/example_branch_python_dop_operator_3.py
[2023-12-03T18:28:35.481+0000] {processor.py:839} INFO - DAG(s) dict_keys(['example_branch_dop_operator_v3']) retrieved from /home/airflow/.local/lib/python3.8/site-packages/airflow/example_dags/example_branch_python_dop_operator_3.py
[2023-12-03T18:28:36.287+0000] {logging_mixin.py:154} INFO - [2023-12-03T18:28:36.287+0000] {process_utils.py:259} INFO - Waiting up to 5 seconds for processes to exit...
[2023-12-03T18:29:52.050+0000] {processor.py:157} INFO - Started process (PID=71) to work on /home/airflow/.local/lib/python3.8/site-packages/airflow/example_dags/example_branch_python_dop_operator_3.py
[2023-12-03T18:29:52.052+0000] {processor.py:829} INFO - Processing file /home/airflow/.local/lib/python3.8/site-packages/airflow/example_dags/example_branch_python_dop_operator_3.py for tasks to queue
[2023-12-03T18:29:52.056+0000] {logging_mixin.py:154} INFO - [2023-12-03T18:29:52.055+0000] {dagbag.py:536} INFO - Filling up the DagBag from /home/airflow/.local/lib/python3.8/site-packages/airflow/example_dags/example_branch_python_dop_operator_3.py
[2023-12-03T18:29:52.073+0000] {processor.py:839} INFO - DAG(s) dict_keys(['example_branch_dop_operator_v3']) retrieved from /home/airflow/.local/lib/python3.8/site-packages/airflow/example_dags/example_branch_python_dop_operator_3.py
[2023-12-03T18:29:52.108+0000] {logging_mixin.py:154} INFO - [2023-12-03T18:29:52.107+0000] {dag.py:2941} INFO - Sync 1 DAGs
[2023-12-03T18:29:52.164+0000] {logging_mixin.py:154} INFO - [2023-12-03T18:29:52.164+0000] {dag.py:3722} INFO - Setting next_dagrun for example_branch_dop_operator_v3 to 2023-12-03T18:28:00+00:00, run_after=2023-12-03T18:29:00+00:00
[2023-12-03T18:29:52.202+0000] {processor.py:179} INFO - Processing /home/airflow/.local/lib/python3.8/site-packages/airflow/example_dags/example_branch_python_dop_operator_3.py took 0.158 seconds
[2023-12-03T18:30:22.956+0000] {processor.py:157} INFO - Started process (PID=126) to work on /home/airflow/.local/lib/python3.8/site-packages/airflow/example_dags/example_branch_python_dop_operator_3.py
[2023-12-03T18:30:22.958+0000] {processor.py:829} INFO - Processing file /home/airflow/.local/lib/python3.8/site-packages/airflow/example_dags/example_branch_python_dop_operator_3.py for tasks to queue
[2023-12-03T18:30:22.961+0000] {logging_mixin.py:154} INFO - [2023-12-03T18:30:22.961+0000] {dagbag.py:536} INFO - Filling up the DagBag from /home/airflow/.local/lib/python3.8/site-packages/airflow/example_dags/example_branch_python_dop_operator_3.py
[2023-12-03T18:30:22.977+0000] {processor.py:839} INFO - DAG(s) dict_keys(['example_branch_dop_operator_v3']) retrieved from /home/airflow/.local/lib/python3.8/site-packages/airflow/example_dags/example_branch_python_dop_operator_3.py
[2023-12-03T18:30:23.014+0000] {logging_mixin.py:154} INFO - [2023-12-03T18:30:23.013+0000] {dag.py:2941} INFO - Sync 1 DAGs
[2023-12-03T18:30:23.060+0000] {logging_mixin.py:154} INFO - [2023-12-03T18:30:23.060+0000] {dag.py:3722} INFO - Setting next_dagrun for example_branch_dop_operator_v3 to 2023-12-03T18:29:00+00:00, run_after=2023-12-03T18:30:00+00:00
[2023-12-03T18:30:23.091+0000] {processor.py:179} INFO - Processing /home/airflow/.local/lib/python3.8/site-packages/airflow/example_dags/example_branch_python_dop_operator_3.py took 0.139 seconds
[2023-12-03T18:30:54.495+0000] {processor.py:157} INFO - Started process (PID=181) to work on /home/airflow/.local/lib/python3.8/site-packages/airflow/example_dags/example_branch_python_dop_operator_3.py
[2023-12-03T18:30:54.496+0000] {processor.py:829} INFO - Processing file /home/airflow/.local/lib/python3.8/site-packages/airflow/example_dags/example_branch_python_dop_operator_3.py for tasks to queue
[2023-12-03T18:30:54.499+0000] {logging_mixin.py:154} INFO - [2023-12-03T18:30:54.499+0000] {dagbag.py:536} INFO - Filling up the DagBag from /home/airflow/.local/lib/python3.8/site-packages/airflow/example_dags/example_branch_python_dop_operator_3.py
[2023-12-03T18:30:54.512+0000] {processor.py:839} INFO - DAG(s) dict_keys(['example_branch_dop_operator_v3']) retrieved from /home/airflow/.local/lib/python3.8/site-packages/airflow/example_dags/example_branch_python_dop_operator_3.py
[2023-12-03T18:30:54.540+0000] {logging_mixin.py:154} INFO - [2023-12-03T18:30:54.540+0000] {dag.py:2941} INFO - Sync 1 DAGs
[2023-12-03T18:30:54.577+0000] {logging_mixin.py:154} INFO - [2023-12-03T18:30:54.577+0000] {dag.py:3722} INFO - Setting next_dagrun for example_branch_dop_operator_v3 to 2023-12-03T18:29:00+00:00, run_after=2023-12-03T18:30:00+00:00
[2023-12-03T18:30:54.621+0000] {processor.py:179} INFO - Processing /home/airflow/.local/lib/python3.8/site-packages/airflow/example_dags/example_branch_python_dop_operator_3.py took 0.131 seconds
[2023-12-03T18:31:25.807+0000] {processor.py:157} INFO - Started process (PID=251) to work on /home/airflow/.local/lib/python3.8/site-packages/airflow/example_dags/example_branch_python_dop_operator_3.py
[2023-12-03T18:31:25.812+0000] {processor.py:829} INFO - Processing file /home/airflow/.local/lib/python3.8/site-packages/airflow/example_dags/example_branch_python_dop_operator_3.py for tasks to queue
[2023-12-03T18:31:25.815+0000] {logging_mixin.py:154} INFO - [2023-12-03T18:31:25.815+0000] {dagbag.py:536} INFO - Filling up the DagBag from /home/airflow/.local/lib/python3.8/site-packages/airflow/example_dags/example_branch_python_dop_operator_3.py
[2023-12-03T18:31:25.834+0000] {processor.py:839} INFO - DAG(s) dict_keys(['example_branch_dop_operator_v3']) retrieved from /home/airflow/.local/lib/python3.8/site-packages/airflow/example_dags/example_branch_python_dop_operator_3.py
[2023-12-03T18:31:25.871+0000] {logging_mixin.py:154} INFO - [2023-12-03T18:31:25.870+0000] {dag.py:2941} INFO - Sync 1 DAGs
[2023-12-03T18:31:25.918+0000] {logging_mixin.py:154} INFO - [2023-12-03T18:31:25.917+0000] {dag.py:3722} INFO - Setting next_dagrun for example_branch_dop_operator_v3 to 2023-12-03T18:30:00+00:00, run_after=2023-12-03T18:31:00+00:00
[2023-12-03T18:31:25.959+0000] {processor.py:179} INFO - Processing /home/airflow/.local/lib/python3.8/site-packages/airflow/example_dags/example_branch_python_dop_operator_3.py took 0.158 seconds
[2023-12-03T18:31:57.412+0000] {processor.py:157} INFO - Started process (PID=306) to work on /home/airflow/.local/lib/python3.8/site-packages/airflow/example_dags/example_branch_python_dop_operator_3.py
[2023-12-03T18:31:57.413+0000] {processor.py:829} INFO - Processing file /home/airflow/.local/lib/python3.8/site-packages/airflow/example_dags/example_branch_python_dop_operator_3.py for tasks to queue
[2023-12-03T18:31:57.417+0000] {logging_mixin.py:154} INFO - [2023-12-03T18:31:57.416+0000] {dagbag.py:536} INFO - Filling up the DagBag from /home/airflow/.local/lib/python3.8/site-packages/airflow/example_dags/example_branch_python_dop_operator_3.py
[2023-12-03T18:31:57.430+0000] {processor.py:839} INFO - DAG(s) dict_keys(['example_branch_dop_operator_v3']) retrieved from /home/airflow/.local/lib/python3.8/site-packages/airflow/example_dags/example_branch_python_dop_operator_3.py
[2023-12-03T18:31:57.458+0000] {logging_mixin.py:154} INFO - [2023-12-03T18:31:57.457+0000] {dag.py:2941} INFO - Sync 1 DAGs
[2023-12-03T18:31:57.680+0000] {logging_mixin.py:154} INFO - [2023-12-03T18:31:57.680+0000] {dag.py:3722} INFO - Setting next_dagrun for example_branch_dop_operator_v3 to 2023-12-03T18:30:00+00:00, run_after=2023-12-03T18:31:00+00:00
[2023-12-03T18:31:57.717+0000] {processor.py:179} INFO - Processing /home/airflow/.local/lib/python3.8/site-packages/airflow/example_dags/example_branch_python_dop_operator_3.py took 0.310 seconds
[2023-12-03T18:32:27.847+0000] {processor.py:157} INFO - Started process (PID=361) to work on /home/airflow/.local/lib/python3.8/site-packages/airflow/example_dags/example_branch_python_dop_operator_3.py
[2023-12-03T18:32:27.848+0000] {processor.py:829} INFO - Processing file /home/airflow/.local/lib/python3.8/site-packages/airflow/example_dags/example_branch_python_dop_operator_3.py for tasks to queue
[2023-12-03T18:32:27.853+0000] {logging_mixin.py:154} INFO - [2023-12-03T18:32:27.853+0000] {dagbag.py:536} INFO - Filling up the DagBag from /home/airflow/.local/lib/python3.8/site-packages/airflow/example_dags/example_branch_python_dop_operator_3.py
[2023-12-03T18:32:27.871+0000] {processor.py:839} INFO - DAG(s) dict_keys(['example_branch_dop_operator_v3']) retrieved from /home/airflow/.local/lib/python3.8/site-packages/airflow/example_dags/example_branch_python_dop_operator_3.py
[2023-12-03T18:32:27.909+0000] {logging_mixin.py:154} INFO - [2023-12-03T18:32:27.909+0000] {dag.py:2941} INFO - Sync 1 DAGs
[2023-12-03T18:32:27.960+0000] {logging_mixin.py:154} INFO - [2023-12-03T18:32:27.960+0000] {dag.py:3722} INFO - Setting next_dagrun for example_branch_dop_operator_v3 to 2023-12-03T18:31:00+00:00, run_after=2023-12-03T18:32:00+00:00
[2023-12-03T18:32:27.992+0000] {processor.py:179} INFO - Processing /home/airflow/.local/lib/python3.8/site-packages/airflow/example_dags/example_branch_python_dop_operator_3.py took 0.151 seconds
[2023-12-03T18:32:58.554+0000] {processor.py:157} INFO - Started process (PID=416) to work on /home/airflow/.local/lib/python3.8/site-packages/airflow/example_dags/example_branch_python_dop_operator_3.py
[2023-12-03T18:32:58.557+0000] {processor.py:829} INFO - Processing file /home/airflow/.local/lib/python3.8/site-packages/airflow/example_dags/example_branch_python_dop_operator_3.py for tasks to queue
[2023-12-03T18:32:58.564+0000] {logging_mixin.py:154} INFO - [2023-12-03T18:32:58.563+0000] {dagbag.py:536} INFO - Filling up the DagBag from /home/airflow/.local/lib/python3.8/site-packages/airflow/example_dags/example_branch_python_dop_operator_3.py
[2023-12-03T18:32:58.578+0000] {processor.py:839} INFO - DAG(s) dict_keys(['example_branch_dop_operator_v3']) retrieved from /home/airflow/.local/lib/python3.8/site-packages/airflow/example_dags/example_branch_python_dop_operator_3.py
[2023-12-03T18:32:58.608+0000] {logging_mixin.py:154} INFO - [2023-12-03T18:32:58.607+0000] {dag.py:2941} INFO - Sync 1 DAGs
[2023-12-03T18:32:58.645+0000] {logging_mixin.py:154} INFO - [2023-12-03T18:32:58.644+0000] {dag.py:3722} INFO - Setting next_dagrun for example_branch_dop_operator_v3 to 2023-12-03T18:31:00+00:00, run_after=2023-12-03T18:32:00+00:00
[2023-12-03T18:32:58.702+0000] {processor.py:179} INFO - Processing /home/airflow/.local/lib/python3.8/site-packages/airflow/example_dags/example_branch_python_dop_operator_3.py took 0.157 seconds
[2023-12-03T18:33:29.538+0000] {processor.py:157} INFO - Started process (PID=471) to work on /home/airflow/.local/lib/python3.8/site-packages/airflow/example_dags/example_branch_python_dop_operator_3.py
[2023-12-03T18:33:29.541+0000] {processor.py:829} INFO - Processing file /home/airflow/.local/lib/python3.8/site-packages/airflow/example_dags/example_branch_python_dop_operator_3.py for tasks to queue
[2023-12-03T18:33:29.548+0000] {logging_mixin.py:154} INFO - [2023-12-03T18:33:29.547+0000] {dagbag.py:536} INFO - Filling up the DagBag from /home/airflow/.local/lib/python3.8/site-packages/airflow/example_dags/example_branch_python_dop_operator_3.py
[2023-12-03T18:33:29.566+0000] {processor.py:839} INFO - DAG(s) dict_keys(['example_branch_dop_operator_v3']) retrieved from /home/airflow/.local/lib/python3.8/site-packages/airflow/example_dags/example_branch_python_dop_operator_3.py
[2023-12-03T18:33:29.595+0000] {logging_mixin.py:154} INFO - [2023-12-03T18:33:29.595+0000] {dag.py:2941} INFO - Sync 1 DAGs
[2023-12-03T18:33:29.631+0000] {logging_mixin.py:154} INFO - [2023-12-03T18:33:29.630+0000] {dag.py:3722} INFO - Setting next_dagrun for example_branch_dop_operator_v3 to 2023-12-03T18:32:00+00:00, run_after=2023-12-03T18:33:00+00:00
[2023-12-03T18:33:29.662+0000] {processor.py:179} INFO - Processing /home/airflow/.local/lib/python3.8/site-packages/airflow/example_dags/example_branch_python_dop_operator_3.py took 0.132 seconds
[2023-12-03T18:34:00.419+0000] {processor.py:157} INFO - Started process (PID=526) to work on /home/airflow/.local/lib/python3.8/site-packages/airflow/example_dags/example_branch_python_dop_operator_3.py
[2023-12-03T18:34:00.421+0000] {processor.py:829} INFO - Processing file /home/airflow/.local/lib/python3.8/site-packages/airflow/example_dags/example_branch_python_dop_operator_3.py for tasks to queue
[2023-12-03T18:34:00.428+0000] {logging_mixin.py:154} INFO - [2023-12-03T18:34:00.427+0000] {dagbag.py:536} INFO - Filling up the DagBag from /home/airflow/.local/lib/python3.8/site-packages/airflow/example_dags/example_branch_python_dop_operator_3.py
[2023-12-03T18:34:00.447+0000] {processor.py:839} INFO - DAG(s) dict_keys(['example_branch_dop_operator_v3']) retrieved from /home/airflow/.local/lib/python3.8/site-packages/airflow/example_dags/example_branch_python_dop_operator_3.py
[2023-12-03T18:34:00.480+0000] {logging_mixin.py:154} INFO - [2023-12-03T18:34:00.479+0000] {dag.py:2941} INFO - Sync 1 DAGs
[2023-12-03T18:34:00.664+0000] {logging_mixin.py:154} INFO - [2023-12-03T18:34:00.664+0000] {dag.py:3722} INFO - Setting next_dagrun for example_branch_dop_operator_v3 to 2023-12-03T18:33:00+00:00, run_after=2023-12-03T18:34:00+00:00
[2023-12-03T18:34:00.698+0000] {processor.py:179} INFO - Processing /home/airflow/.local/lib/python3.8/site-packages/airflow/example_dags/example_branch_python_dop_operator_3.py took 0.289 seconds
[2023-12-03T18:34:31.578+0000] {processor.py:157} INFO - Started process (PID=581) to work on /home/airflow/.local/lib/python3.8/site-packages/airflow/example_dags/example_branch_python_dop_operator_3.py
[2023-12-03T18:34:31.580+0000] {processor.py:829} INFO - Processing file /home/airflow/.local/lib/python3.8/site-packages/airflow/example_dags/example_branch_python_dop_operator_3.py for tasks to queue
[2023-12-03T18:34:31.583+0000] {logging_mixin.py:154} INFO - [2023-12-03T18:34:31.582+0000] {dagbag.py:536} INFO - Filling up the DagBag from /home/airflow/.local/lib/python3.8/site-packages/airflow/example_dags/example_branch_python_dop_operator_3.py
[2023-12-03T18:34:31.595+0000] {processor.py:839} INFO - DAG(s) dict_keys(['example_branch_dop_operator_v3']) retrieved from /home/airflow/.local/lib/python3.8/site-packages/airflow/example_dags/example_branch_python_dop_operator_3.py
[2023-12-03T18:34:31.624+0000] {logging_mixin.py:154} INFO - [2023-12-03T18:34:31.623+0000] {dag.py:2941} INFO - Sync 1 DAGs
[2023-12-03T18:34:31.822+0000] {logging_mixin.py:154} INFO - [2023-12-03T18:34:31.822+0000] {dag.py:3722} INFO - Setting next_dagrun for example_branch_dop_operator_v3 to 2023-12-03T18:33:00+00:00, run_after=2023-12-03T18:34:00+00:00
[2023-12-03T18:34:31.853+0000] {processor.py:179} INFO - Processing /home/airflow/.local/lib/python3.8/site-packages/airflow/example_dags/example_branch_python_dop_operator_3.py took 0.280 seconds
[2023-12-03T18:35:02.039+0000] {processor.py:157} INFO - Started process (PID=636) to work on /home/airflow/.local/lib/python3.8/site-packages/airflow/example_dags/example_branch_python_dop_operator_3.py
[2023-12-03T18:35:02.040+0000] {processor.py:829} INFO - Processing file /home/airflow/.local/lib/python3.8/site-packages/airflow/example_dags/example_branch_python_dop_operator_3.py for tasks to queue
[2023-12-03T18:35:02.043+0000] {logging_mixin.py:154} INFO - [2023-12-03T18:35:02.042+0000] {dagbag.py:536} INFO - Filling up the DagBag from /home/airflow/.local/lib/python3.8/site-packages/airflow/example_dags/example_branch_python_dop_operator_3.py
[2023-12-03T18:35:02.055+0000] {processor.py:839} INFO - DAG(s) dict_keys(['example_branch_dop_operator_v3']) retrieved from /home/airflow/.local/lib/python3.8/site-packages/airflow/example_dags/example_branch_python_dop_operator_3.py
[2023-12-03T18:35:02.088+0000] {logging_mixin.py:154} INFO - [2023-12-03T18:35:02.088+0000] {dag.py:2941} INFO - Sync 1 DAGs
[2023-12-03T18:35:02.307+0000] {logging_mixin.py:154} INFO - [2023-12-03T18:35:02.307+0000] {dag.py:3722} INFO - Setting next_dagrun for example_branch_dop_operator_v3 to 2023-12-03T18:34:00+00:00, run_after=2023-12-03T18:35:00+00:00
[2023-12-03T18:35:02.341+0000] {processor.py:179} INFO - Processing /home/airflow/.local/lib/python3.8/site-packages/airflow/example_dags/example_branch_python_dop_operator_3.py took 0.307 seconds
[2023-12-03T18:35:33.263+0000] {processor.py:157} INFO - Started process (PID=691) to work on /home/airflow/.local/lib/python3.8/site-packages/airflow/example_dags/example_branch_python_dop_operator_3.py
[2023-12-03T18:35:33.264+0000] {processor.py:829} INFO - Processing file /home/airflow/.local/lib/python3.8/site-packages/airflow/example_dags/example_branch_python_dop_operator_3.py for tasks to queue
[2023-12-03T18:35:33.268+0000] {logging_mixin.py:154} INFO - [2023-12-03T18:35:33.267+0000] {dagbag.py:536} INFO - Filling up the DagBag from /home/airflow/.local/lib/python3.8/site-packages/airflow/example_dags/example_branch_python_dop_operator_3.py
[2023-12-03T18:35:33.285+0000] {processor.py:839} INFO - DAG(s) dict_keys(['example_branch_dop_operator_v3']) retrieved from /home/airflow/.local/lib/python3.8/site-packages/airflow/example_dags/example_branch_python_dop_operator_3.py
[2023-12-03T18:35:33.316+0000] {logging_mixin.py:154} INFO - [2023-12-03T18:35:33.316+0000] {dag.py:2941} INFO - Sync 1 DAGs
[2023-12-03T18:35:33.512+0000] {logging_mixin.py:154} INFO - [2023-12-03T18:35:33.512+0000] {dag.py:3722} INFO - Setting next_dagrun for example_branch_dop_operator_v3 to 2023-12-03T18:34:00+00:00, run_after=2023-12-03T18:35:00+00:00
[2023-12-03T18:35:33.545+0000] {processor.py:179} INFO - Processing /home/airflow/.local/lib/python3.8/site-packages/airflow/example_dags/example_branch_python_dop_operator_3.py took 0.287 seconds
[2023-12-03T18:36:03.966+0000] {processor.py:157} INFO - Started process (PID=746) to work on /home/airflow/.local/lib/python3.8/site-packages/airflow/example_dags/example_branch_python_dop_operator_3.py
[2023-12-03T18:36:03.969+0000] {processor.py:829} INFO - Processing file /home/airflow/.local/lib/python3.8/site-packages/airflow/example_dags/example_branch_python_dop_operator_3.py for tasks to queue
[2023-12-03T18:36:03.978+0000] {logging_mixin.py:154} INFO - [2023-12-03T18:36:03.977+0000] {dagbag.py:536} INFO - Filling up the DagBag from /home/airflow/.local/lib/python3.8/site-packages/airflow/example_dags/example_branch_python_dop_operator_3.py
[2023-12-03T18:36:04.002+0000] {processor.py:839} INFO - DAG(s) dict_keys(['example_branch_dop_operator_v3']) retrieved from /home/airflow/.local/lib/python3.8/site-packages/airflow/example_dags/example_branch_python_dop_operator_3.py
[2023-12-03T18:36:04.037+0000] {logging_mixin.py:154} INFO - [2023-12-03T18:36:04.036+0000] {dag.py:2941} INFO - Sync 1 DAGs
[2023-12-03T18:36:04.074+0000] {logging_mixin.py:154} INFO - [2023-12-03T18:36:04.073+0000] {dag.py:3722} INFO - Setting next_dagrun for example_branch_dop_operator_v3 to 2023-12-03T18:35:00+00:00, run_after=2023-12-03T18:36:00+00:00
[2023-12-03T18:36:04.114+0000] {processor.py:179} INFO - Processing /home/airflow/.local/lib/python3.8/site-packages/airflow/example_dags/example_branch_python_dop_operator_3.py took 0.157 seconds
[2023-12-03T18:36:34.523+0000] {processor.py:157} INFO - Started process (PID=801) to work on /home/airflow/.local/lib/python3.8/site-packages/airflow/example_dags/example_branch_python_dop_operator_3.py
[2023-12-03T18:36:34.524+0000] {processor.py:829} INFO - Processing file /home/airflow/.local/lib/python3.8/site-packages/airflow/example_dags/example_branch_python_dop_operator_3.py for tasks to queue
[2023-12-03T18:36:34.529+0000] {logging_mixin.py:154} INFO - [2023-12-03T18:36:34.528+0000] {dagbag.py:536} INFO - Filling up the DagBag from /home/airflow/.local/lib/python3.8/site-packages/airflow/example_dags/example_branch_python_dop_operator_3.py
[2023-12-03T18:36:34.544+0000] {processor.py:839} INFO - DAG(s) dict_keys(['example_branch_dop_operator_v3']) retrieved from /home/airflow/.local/lib/python3.8/site-packages/airflow/example_dags/example_branch_python_dop_operator_3.py
[2023-12-03T18:36:34.575+0000] {logging_mixin.py:154} INFO - [2023-12-03T18:36:34.574+0000] {dag.py:2941} INFO - Sync 1 DAGs
[2023-12-03T18:36:34.613+0000] {logging_mixin.py:154} INFO - [2023-12-03T18:36:34.613+0000] {dag.py:3722} INFO - Setting next_dagrun for example_branch_dop_operator_v3 to 2023-12-03T18:35:00+00:00, run_after=2023-12-03T18:36:00+00:00
[2023-12-03T18:36:34.642+0000] {processor.py:179} INFO - Processing /home/airflow/.local/lib/python3.8/site-packages/airflow/example_dags/example_branch_python_dop_operator_3.py took 0.123 seconds
[2023-12-03T18:37:05.421+0000] {processor.py:157} INFO - Started process (PID=856) to work on /home/airflow/.local/lib/python3.8/site-packages/airflow/example_dags/example_branch_python_dop_operator_3.py
[2023-12-03T18:37:05.422+0000] {processor.py:829} INFO - Processing file /home/airflow/.local/lib/python3.8/site-packages/airflow/example_dags/example_branch_python_dop_operator_3.py for tasks to queue
[2023-12-03T18:37:05.427+0000] {logging_mixin.py:154} INFO - [2023-12-03T18:37:05.426+0000] {dagbag.py:536} INFO - Filling up the DagBag from /home/airflow/.local/lib/python3.8/site-packages/airflow/example_dags/example_branch_python_dop_operator_3.py
[2023-12-03T18:37:05.441+0000] {processor.py:839} INFO - DAG(s) dict_keys(['example_branch_dop_operator_v3']) retrieved from /home/airflow/.local/lib/python3.8/site-packages/airflow/example_dags/example_branch_python_dop_operator_3.py
[2023-12-03T18:37:05.473+0000] {logging_mixin.py:154} INFO - [2023-12-03T18:37:05.473+0000] {dag.py:2941} INFO - Sync 1 DAGs
[2023-12-03T18:37:05.515+0000] {logging_mixin.py:154} INFO - [2023-12-03T18:37:05.514+0000] {dag.py:3722} INFO - Setting next_dagrun for example_branch_dop_operator_v3 to 2023-12-03T18:36:00+00:00, run_after=2023-12-03T18:37:00+00:00
[2023-12-03T18:37:05.554+0000] {processor.py:179} INFO - Processing /home/airflow/.local/lib/python3.8/site-packages/airflow/example_dags/example_branch_python_dop_operator_3.py took 0.138 seconds
[2023-12-03T18:37:35.742+0000] {processor.py:157} INFO - Started process (PID=911) to work on /home/airflow/.local/lib/python3.8/site-packages/airflow/example_dags/example_branch_python_dop_operator_3.py
[2023-12-03T18:37:35.745+0000] {processor.py:829} INFO - Processing file /home/airflow/.local/lib/python3.8/site-packages/airflow/example_dags/example_branch_python_dop_operator_3.py for tasks to queue
[2023-12-03T18:37:35.755+0000] {logging_mixin.py:154} INFO - [2023-12-03T18:37:35.752+0000] {dagbag.py:536} INFO - Filling up the DagBag from /home/airflow/.local/lib/python3.8/site-packages/airflow/example_dags/example_branch_python_dop_operator_3.py
[2023-12-03T18:37:35.770+0000] {processor.py:839} INFO - DAG(s) dict_keys(['example_branch_dop_operator_v3']) retrieved from /home/airflow/.local/lib/python3.8/site-packages/airflow/example_dags/example_branch_python_dop_operator_3.py
[2023-12-03T18:37:35.805+0000] {logging_mixin.py:154} INFO - [2023-12-03T18:37:35.804+0000] {dag.py:2941} INFO - Sync 1 DAGs
[2023-12-03T18:37:35.864+0000] {logging_mixin.py:154} INFO - [2023-12-03T18:37:35.863+0000] {dag.py:3722} INFO - Setting next_dagrun for example_branch_dop_operator_v3 to 2023-12-03T18:36:00+00:00, run_after=2023-12-03T18:37:00+00:00
[2023-12-03T18:37:35.905+0000] {processor.py:179} INFO - Processing /home/airflow/.local/lib/python3.8/site-packages/airflow/example_dags/example_branch_python_dop_operator_3.py took 0.176 seconds
[2023-12-03T18:38:06.354+0000] {processor.py:157} INFO - Started process (PID=966) to work on /home/airflow/.local/lib/python3.8/site-packages/airflow/example_dags/example_branch_python_dop_operator_3.py
[2023-12-03T18:38:06.356+0000] {processor.py:829} INFO - Processing file /home/airflow/.local/lib/python3.8/site-packages/airflow/example_dags/example_branch_python_dop_operator_3.py for tasks to queue
[2023-12-03T18:38:06.363+0000] {logging_mixin.py:154} INFO - [2023-12-03T18:38:06.362+0000] {dagbag.py:536} INFO - Filling up the DagBag from /home/airflow/.local/lib/python3.8/site-packages/airflow/example_dags/example_branch_python_dop_operator_3.py
[2023-12-03T18:38:06.383+0000] {processor.py:839} INFO - DAG(s) dict_keys(['example_branch_dop_operator_v3']) retrieved from /home/airflow/.local/lib/python3.8/site-packages/airflow/example_dags/example_branch_python_dop_operator_3.py
[2023-12-03T18:38:06.417+0000] {logging_mixin.py:154} INFO - [2023-12-03T18:38:06.417+0000] {dag.py:2941} INFO - Sync 1 DAGs
[2023-12-03T18:38:06.463+0000] {logging_mixin.py:154} INFO - [2023-12-03T18:38:06.462+0000] {dag.py:3722} INFO - Setting next_dagrun for example_branch_dop_operator_v3 to 2023-12-03T18:37:00+00:00, run_after=2023-12-03T18:38:00+00:00
[2023-12-03T18:38:06.509+0000] {processor.py:179} INFO - Processing /home/airflow/.local/lib/python3.8/site-packages/airflow/example_dags/example_branch_python_dop_operator_3.py took 0.162 seconds
[2023-12-03T18:38:36.829+0000] {processor.py:157} INFO - Started process (PID=1021) to work on /home/airflow/.local/lib/python3.8/site-packages/airflow/example_dags/example_branch_python_dop_operator_3.py
[2023-12-03T18:38:36.832+0000] {processor.py:829} INFO - Processing file /home/airflow/.local/lib/python3.8/site-packages/airflow/example_dags/example_branch_python_dop_operator_3.py for tasks to queue
[2023-12-03T18:38:36.839+0000] {logging_mixin.py:154} INFO - [2023-12-03T18:38:36.838+0000] {dagbag.py:536} INFO - Filling up the DagBag from /home/airflow/.local/lib/python3.8/site-packages/airflow/example_dags/example_branch_python_dop_operator_3.py
[2023-12-03T18:38:36.867+0000] {processor.py:839} INFO - DAG(s) dict_keys(['example_branch_dop_operator_v3']) retrieved from /home/airflow/.local/lib/python3.8/site-packages/airflow/example_dags/example_branch_python_dop_operator_3.py
[2023-12-03T18:38:36.902+0000] {logging_mixin.py:154} INFO - [2023-12-03T18:38:36.902+0000] {dag.py:2941} INFO - Sync 1 DAGs
[2023-12-03T18:38:36.939+0000] {logging_mixin.py:154} INFO - [2023-12-03T18:38:36.938+0000] {dag.py:3722} INFO - Setting next_dagrun for example_branch_dop_operator_v3 to 2023-12-03T18:37:00+00:00, run_after=2023-12-03T18:38:00+00:00
[2023-12-03T18:38:36.974+0000] {processor.py:179} INFO - Processing /home/airflow/.local/lib/python3.8/site-packages/airflow/example_dags/example_branch_python_dop_operator_3.py took 0.155 seconds
[2023-12-03T18:39:07.511+0000] {processor.py:157} INFO - Started process (PID=1076) to work on /home/airflow/.local/lib/python3.8/site-packages/airflow/example_dags/example_branch_python_dop_operator_3.py
[2023-12-03T18:39:07.513+0000] {processor.py:829} INFO - Processing file /home/airflow/.local/lib/python3.8/site-packages/airflow/example_dags/example_branch_python_dop_operator_3.py for tasks to queue
[2023-12-03T18:39:07.521+0000] {logging_mixin.py:154} INFO - [2023-12-03T18:39:07.520+0000] {dagbag.py:536} INFO - Filling up the DagBag from /home/airflow/.local/lib/python3.8/site-packages/airflow/example_dags/example_branch_python_dop_operator_3.py
[2023-12-03T18:39:07.541+0000] {processor.py:839} INFO - DAG(s) dict_keys(['example_branch_dop_operator_v3']) retrieved from /home/airflow/.local/lib/python3.8/site-packages/airflow/example_dags/example_branch_python_dop_operator_3.py
[2023-12-03T18:39:07.593+0000] {logging_mixin.py:154} INFO - [2023-12-03T18:39:07.593+0000] {dag.py:2941} INFO - Sync 1 DAGs
[2023-12-03T18:39:07.671+0000] {logging_mixin.py:154} INFO - [2023-12-03T18:39:07.671+0000] {dag.py:3722} INFO - Setting next_dagrun for example_branch_dop_operator_v3 to 2023-12-03T18:38:00+00:00, run_after=2023-12-03T18:39:00+00:00
[2023-12-03T18:39:07.708+0000] {processor.py:179} INFO - Processing /home/airflow/.local/lib/python3.8/site-packages/airflow/example_dags/example_branch_python_dop_operator_3.py took 0.206 seconds
[2023-12-03T18:39:38.701+0000] {processor.py:157} INFO - Started process (PID=1131) to work on /home/airflow/.local/lib/python3.8/site-packages/airflow/example_dags/example_branch_python_dop_operator_3.py
[2023-12-03T18:39:38.703+0000] {processor.py:829} INFO - Processing file /home/airflow/.local/lib/python3.8/site-packages/airflow/example_dags/example_branch_python_dop_operator_3.py for tasks to queue
[2023-12-03T18:39:38.711+0000] {logging_mixin.py:154} INFO - [2023-12-03T18:39:38.710+0000] {dagbag.py:536} INFO - Filling up the DagBag from /home/airflow/.local/lib/python3.8/site-packages/airflow/example_dags/example_branch_python_dop_operator_3.py
[2023-12-03T18:39:38.737+0000] {processor.py:839} INFO - DAG(s) dict_keys(['example_branch_dop_operator_v3']) retrieved from /home/airflow/.local/lib/python3.8/site-packages/airflow/example_dags/example_branch_python_dop_operator_3.py
[2023-12-03T18:39:38.783+0000] {logging_mixin.py:154} INFO - [2023-12-03T18:39:38.783+0000] {dag.py:2941} INFO - Sync 1 DAGs
[2023-12-03T18:39:38.837+0000] {logging_mixin.py:154} INFO - [2023-12-03T18:39:38.836+0000] {dag.py:3722} INFO - Setting next_dagrun for example_branch_dop_operator_v3 to 2023-12-03T18:38:00+00:00, run_after=2023-12-03T18:39:00+00:00
[2023-12-03T18:39:38.875+0000] {processor.py:179} INFO - Processing /home/airflow/.local/lib/python3.8/site-packages/airflow/example_dags/example_branch_python_dop_operator_3.py took 0.184 seconds
[2023-12-03T18:40:09.181+0000] {processor.py:157} INFO - Started process (PID=1186) to work on /home/airflow/.local/lib/python3.8/site-packages/airflow/example_dags/example_branch_python_dop_operator_3.py
[2023-12-03T18:40:09.182+0000] {processor.py:829} INFO - Processing file /home/airflow/.local/lib/python3.8/site-packages/airflow/example_dags/example_branch_python_dop_operator_3.py for tasks to queue
[2023-12-03T18:40:09.188+0000] {logging_mixin.py:154} INFO - [2023-12-03T18:40:09.187+0000] {dagbag.py:536} INFO - Filling up the DagBag from /home/airflow/.local/lib/python3.8/site-packages/airflow/example_dags/example_branch_python_dop_operator_3.py
[2023-12-03T18:40:09.213+0000] {processor.py:839} INFO - DAG(s) dict_keys(['example_branch_dop_operator_v3']) retrieved from /home/airflow/.local/lib/python3.8/site-packages/airflow/example_dags/example_branch_python_dop_operator_3.py
[2023-12-03T18:40:09.243+0000] {logging_mixin.py:154} INFO - [2023-12-03T18:40:09.243+0000] {dag.py:2941} INFO - Sync 1 DAGs
[2023-12-03T18:40:09.288+0000] {logging_mixin.py:154} INFO - [2023-12-03T18:40:09.288+0000] {dag.py:3722} INFO - Setting next_dagrun for example_branch_dop_operator_v3 to 2023-12-03T18:39:00+00:00, run_after=2023-12-03T18:40:00+00:00
[2023-12-03T18:40:09.333+0000] {processor.py:179} INFO - Processing /home/airflow/.local/lib/python3.8/site-packages/airflow/example_dags/example_branch_python_dop_operator_3.py took 0.156 seconds
[2023-12-03T18:41:34.294+0000] {processor.py:157} INFO - Started process (PID=71) to work on /home/airflow/.local/lib/python3.8/site-packages/airflow/example_dags/example_branch_python_dop_operator_3.py
[2023-12-03T18:41:34.295+0000] {processor.py:829} INFO - Processing file /home/airflow/.local/lib/python3.8/site-packages/airflow/example_dags/example_branch_python_dop_operator_3.py for tasks to queue
[2023-12-03T18:41:34.299+0000] {logging_mixin.py:154} INFO - [2023-12-03T18:41:34.298+0000] {dagbag.py:536} INFO - Filling up the DagBag from /home/airflow/.local/lib/python3.8/site-packages/airflow/example_dags/example_branch_python_dop_operator_3.py
[2023-12-03T18:41:34.314+0000] {processor.py:839} INFO - DAG(s) dict_keys(['example_branch_dop_operator_v3']) retrieved from /home/airflow/.local/lib/python3.8/site-packages/airflow/example_dags/example_branch_python_dop_operator_3.py
[2023-12-03T18:41:34.351+0000] {logging_mixin.py:154} INFO - [2023-12-03T18:41:34.351+0000] {dag.py:2941} INFO - Sync 1 DAGs
[2023-12-03T18:41:34.414+0000] {logging_mixin.py:154} INFO - [2023-12-03T18:41:34.414+0000] {dag.py:3722} INFO - Setting next_dagrun for example_branch_dop_operator_v3 to 2023-12-03T18:40:00+00:00, run_after=2023-12-03T18:41:00+00:00
[2023-12-03T18:41:34.467+0000] {processor.py:179} INFO - Processing /home/airflow/.local/lib/python3.8/site-packages/airflow/example_dags/example_branch_python_dop_operator_3.py took 0.180 seconds
[2023-12-03T18:41:58.599+0000] {processor.py:157} INFO - Started process (PID=70) to work on /home/airflow/.local/lib/python3.8/site-packages/airflow/example_dags/example_branch_python_dop_operator_3.py
[2023-12-03T18:41:58.600+0000] {processor.py:829} INFO - Processing file /home/airflow/.local/lib/python3.8/site-packages/airflow/example_dags/example_branch_python_dop_operator_3.py for tasks to queue
[2023-12-03T18:41:58.604+0000] {logging_mixin.py:154} INFO - [2023-12-03T18:41:58.603+0000] {dagbag.py:536} INFO - Filling up the DagBag from /home/airflow/.local/lib/python3.8/site-packages/airflow/example_dags/example_branch_python_dop_operator_3.py
[2023-12-03T18:41:58.618+0000] {processor.py:839} INFO - DAG(s) dict_keys(['example_branch_dop_operator_v3']) retrieved from /home/airflow/.local/lib/python3.8/site-packages/airflow/example_dags/example_branch_python_dop_operator_3.py
[2023-12-03T18:41:58.648+0000] {logging_mixin.py:154} INFO - [2023-12-03T18:41:58.648+0000] {dag.py:2941} INFO - Sync 1 DAGs
[2023-12-03T18:41:58.695+0000] {logging_mixin.py:154} INFO - [2023-12-03T18:41:58.695+0000] {dag.py:3722} INFO - Setting next_dagrun for example_branch_dop_operator_v3 to 2023-12-03T18:40:00+00:00, run_after=2023-12-03T18:41:00+00:00
[2023-12-03T18:41:58.725+0000] {processor.py:179} INFO - Processing /home/airflow/.local/lib/python3.8/site-packages/airflow/example_dags/example_branch_python_dop_operator_3.py took 0.131 seconds
[2023-12-03T18:42:29.282+0000] {processor.py:157} INFO - Started process (PID=125) to work on /home/airflow/.local/lib/python3.8/site-packages/airflow/example_dags/example_branch_python_dop_operator_3.py
[2023-12-03T18:42:29.283+0000] {processor.py:829} INFO - Processing file /home/airflow/.local/lib/python3.8/site-packages/airflow/example_dags/example_branch_python_dop_operator_3.py for tasks to queue
[2023-12-03T18:42:29.287+0000] {logging_mixin.py:154} INFO - [2023-12-03T18:42:29.287+0000] {dagbag.py:536} INFO - Filling up the DagBag from /home/airflow/.local/lib/python3.8/site-packages/airflow/example_dags/example_branch_python_dop_operator_3.py
[2023-12-03T18:42:29.300+0000] {processor.py:839} INFO - DAG(s) dict_keys(['example_branch_dop_operator_v3']) retrieved from /home/airflow/.local/lib/python3.8/site-packages/airflow/example_dags/example_branch_python_dop_operator_3.py
[2023-12-03T18:42:29.334+0000] {logging_mixin.py:154} INFO - [2023-12-03T18:42:29.334+0000] {dag.py:2941} INFO - Sync 1 DAGs
[2023-12-03T18:42:29.389+0000] {logging_mixin.py:154} INFO - [2023-12-03T18:42:29.389+0000] {dag.py:3722} INFO - Setting next_dagrun for example_branch_dop_operator_v3 to 2023-12-03T18:41:00+00:00, run_after=2023-12-03T18:42:00+00:00
[2023-12-03T18:42:29.425+0000] {processor.py:179} INFO - Processing /home/airflow/.local/lib/python3.8/site-packages/airflow/example_dags/example_branch_python_dop_operator_3.py took 0.148 seconds
[2023-12-03T18:43:00.308+0000] {processor.py:157} INFO - Started process (PID=181) to work on /home/airflow/.local/lib/python3.8/site-packages/airflow/example_dags/example_branch_python_dop_operator_3.py
[2023-12-03T18:43:00.309+0000] {processor.py:829} INFO - Processing file /home/airflow/.local/lib/python3.8/site-packages/airflow/example_dags/example_branch_python_dop_operator_3.py for tasks to queue
[2023-12-03T18:43:00.314+0000] {logging_mixin.py:154} INFO - [2023-12-03T18:43:00.313+0000] {dagbag.py:536} INFO - Filling up the DagBag from /home/airflow/.local/lib/python3.8/site-packages/airflow/example_dags/example_branch_python_dop_operator_3.py
[2023-12-03T18:43:00.328+0000] {processor.py:839} INFO - DAG(s) dict_keys(['example_branch_dop_operator_v3']) retrieved from /home/airflow/.local/lib/python3.8/site-packages/airflow/example_dags/example_branch_python_dop_operator_3.py
[2023-12-03T18:43:00.367+0000] {logging_mixin.py:154} INFO - [2023-12-03T18:43:00.367+0000] {dag.py:2941} INFO - Sync 1 DAGs
[2023-12-03T18:43:00.414+0000] {logging_mixin.py:154} INFO - [2023-12-03T18:43:00.413+0000] {dag.py:3722} INFO - Setting next_dagrun for example_branch_dop_operator_v3 to 2023-12-03T18:42:00+00:00, run_after=2023-12-03T18:43:00+00:00
[2023-12-03T18:43:00.451+0000] {processor.py:179} INFO - Processing /home/airflow/.local/lib/python3.8/site-packages/airflow/example_dags/example_branch_python_dop_operator_3.py took 0.148 seconds
[2023-12-03T18:43:31.014+0000] {processor.py:157} INFO - Started process (PID=236) to work on /home/airflow/.local/lib/python3.8/site-packages/airflow/example_dags/example_branch_python_dop_operator_3.py
[2023-12-03T18:43:31.016+0000] {processor.py:829} INFO - Processing file /home/airflow/.local/lib/python3.8/site-packages/airflow/example_dags/example_branch_python_dop_operator_3.py for tasks to queue
[2023-12-03T18:43:31.020+0000] {logging_mixin.py:154} INFO - [2023-12-03T18:43:31.019+0000] {dagbag.py:536} INFO - Filling up the DagBag from /home/airflow/.local/lib/python3.8/site-packages/airflow/example_dags/example_branch_python_dop_operator_3.py
[2023-12-03T18:43:31.033+0000] {processor.py:839} INFO - DAG(s) dict_keys(['example_branch_dop_operator_v3']) retrieved from /home/airflow/.local/lib/python3.8/site-packages/airflow/example_dags/example_branch_python_dop_operator_3.py
[2023-12-03T18:43:31.067+0000] {logging_mixin.py:154} INFO - [2023-12-03T18:43:31.066+0000] {dag.py:2941} INFO - Sync 1 DAGs
[2023-12-03T18:43:31.126+0000] {logging_mixin.py:154} INFO - [2023-12-03T18:43:31.126+0000] {dag.py:3722} INFO - Setting next_dagrun for example_branch_dop_operator_v3 to 2023-12-03T18:42:00+00:00, run_after=2023-12-03T18:43:00+00:00
[2023-12-03T18:43:31.181+0000] {processor.py:179} INFO - Processing /home/airflow/.local/lib/python3.8/site-packages/airflow/example_dags/example_branch_python_dop_operator_3.py took 0.172 seconds
[2023-12-03T18:44:02.092+0000] {processor.py:157} INFO - Started process (PID=291) to work on /home/airflow/.local/lib/python3.8/site-packages/airflow/example_dags/example_branch_python_dop_operator_3.py
[2023-12-03T18:44:02.093+0000] {processor.py:829} INFO - Processing file /home/airflow/.local/lib/python3.8/site-packages/airflow/example_dags/example_branch_python_dop_operator_3.py for tasks to queue
[2023-12-03T18:44:02.097+0000] {logging_mixin.py:154} INFO - [2023-12-03T18:44:02.096+0000] {dagbag.py:536} INFO - Filling up the DagBag from /home/airflow/.local/lib/python3.8/site-packages/airflow/example_dags/example_branch_python_dop_operator_3.py
[2023-12-03T18:44:02.110+0000] {processor.py:839} INFO - DAG(s) dict_keys(['example_branch_dop_operator_v3']) retrieved from /home/airflow/.local/lib/python3.8/site-packages/airflow/example_dags/example_branch_python_dop_operator_3.py
[2023-12-03T18:44:02.139+0000] {logging_mixin.py:154} INFO - [2023-12-03T18:44:02.139+0000] {dag.py:2941} INFO - Sync 1 DAGs
[2023-12-03T18:44:02.185+0000] {logging_mixin.py:154} INFO - [2023-12-03T18:44:02.184+0000] {dag.py:3722} INFO - Setting next_dagrun for example_branch_dop_operator_v3 to 2023-12-03T18:43:00+00:00, run_after=2023-12-03T18:44:00+00:00
[2023-12-03T18:44:02.218+0000] {processor.py:179} INFO - Processing /home/airflow/.local/lib/python3.8/site-packages/airflow/example_dags/example_branch_python_dop_operator_3.py took 0.131 seconds
[2023-12-03T18:44:32.412+0000] {processor.py:157} INFO - Started process (PID=346) to work on /home/airflow/.local/lib/python3.8/site-packages/airflow/example_dags/example_branch_python_dop_operator_3.py
[2023-12-03T18:44:32.413+0000] {processor.py:829} INFO - Processing file /home/airflow/.local/lib/python3.8/site-packages/airflow/example_dags/example_branch_python_dop_operator_3.py for tasks to queue
[2023-12-03T18:44:32.417+0000] {logging_mixin.py:154} INFO - [2023-12-03T18:44:32.416+0000] {dagbag.py:536} INFO - Filling up the DagBag from /home/airflow/.local/lib/python3.8/site-packages/airflow/example_dags/example_branch_python_dop_operator_3.py
[2023-12-03T18:44:32.432+0000] {processor.py:839} INFO - DAG(s) dict_keys(['example_branch_dop_operator_v3']) retrieved from /home/airflow/.local/lib/python3.8/site-packages/airflow/example_dags/example_branch_python_dop_operator_3.py
[2023-12-03T18:44:32.465+0000] {logging_mixin.py:154} INFO - [2023-12-03T18:44:32.465+0000] {dag.py:2941} INFO - Sync 1 DAGs
[2023-12-03T18:44:32.507+0000] {logging_mixin.py:154} INFO - [2023-12-03T18:44:32.506+0000] {dag.py:3722} INFO - Setting next_dagrun for example_branch_dop_operator_v3 to 2023-12-03T18:43:00+00:00, run_after=2023-12-03T18:44:00+00:00
[2023-12-03T18:44:32.538+0000] {processor.py:179} INFO - Processing /home/airflow/.local/lib/python3.8/site-packages/airflow/example_dags/example_branch_python_dop_operator_3.py took 0.131 seconds
[2023-12-03T18:48:30.221+0000] {processor.py:157} INFO - Started process (PID=74) to work on /home/airflow/.local/lib/python3.8/site-packages/airflow/example_dags/example_branch_python_dop_operator_3.py
[2023-12-03T18:48:30.222+0000] {processor.py:829} INFO - Processing file /home/airflow/.local/lib/python3.8/site-packages/airflow/example_dags/example_branch_python_dop_operator_3.py for tasks to queue
[2023-12-03T18:48:30.226+0000] {logging_mixin.py:154} INFO - [2023-12-03T18:48:30.226+0000] {dagbag.py:536} INFO - Filling up the DagBag from /home/airflow/.local/lib/python3.8/site-packages/airflow/example_dags/example_branch_python_dop_operator_3.py
[2023-12-03T18:48:30.241+0000] {processor.py:839} INFO - DAG(s) dict_keys(['example_branch_dop_operator_v3']) retrieved from /home/airflow/.local/lib/python3.8/site-packages/airflow/example_dags/example_branch_python_dop_operator_3.py
[2023-12-03T18:48:30.263+0000] {logging_mixin.py:154} INFO - [2023-12-03T18:48:30.263+0000] {dag.py:2941} INFO - Sync 1 DAGs
[2023-12-03T18:48:30.308+0000] {logging_mixin.py:154} INFO - [2023-12-03T18:48:30.308+0000] {dag.py:3722} INFO - Setting next_dagrun for example_branch_dop_operator_v3 to 2023-12-03T18:47:00+00:00, run_after=2023-12-03T18:48:00+00:00
[2023-12-03T18:48:30.350+0000] {processor.py:179} INFO - Processing /home/airflow/.local/lib/python3.8/site-packages/airflow/example_dags/example_branch_python_dop_operator_3.py took 0.134 seconds
[2023-12-03T18:49:01.055+0000] {processor.py:157} INFO - Started process (PID=129) to work on /home/airflow/.local/lib/python3.8/site-packages/airflow/example_dags/example_branch_python_dop_operator_3.py
[2023-12-03T18:49:01.057+0000] {processor.py:829} INFO - Processing file /home/airflow/.local/lib/python3.8/site-packages/airflow/example_dags/example_branch_python_dop_operator_3.py for tasks to queue
[2023-12-03T18:49:01.062+0000] {logging_mixin.py:154} INFO - [2023-12-03T18:49:01.061+0000] {dagbag.py:536} INFO - Filling up the DagBag from /home/airflow/.local/lib/python3.8/site-packages/airflow/example_dags/example_branch_python_dop_operator_3.py
[2023-12-03T18:49:01.075+0000] {processor.py:839} INFO - DAG(s) dict_keys(['example_branch_dop_operator_v3']) retrieved from /home/airflow/.local/lib/python3.8/site-packages/airflow/example_dags/example_branch_python_dop_operator_3.py
[2023-12-03T18:49:01.107+0000] {logging_mixin.py:154} INFO - [2023-12-03T18:49:01.107+0000] {dag.py:2941} INFO - Sync 1 DAGs
[2023-12-03T18:49:01.149+0000] {logging_mixin.py:154} INFO - [2023-12-03T18:49:01.149+0000] {dag.py:3722} INFO - Setting next_dagrun for example_branch_dop_operator_v3 to 2023-12-03T18:48:00+00:00, run_after=2023-12-03T18:49:00+00:00
[2023-12-03T18:49:01.182+0000] {processor.py:179} INFO - Processing /home/airflow/.local/lib/python3.8/site-packages/airflow/example_dags/example_branch_python_dop_operator_3.py took 0.138 seconds
[2023-12-03T18:49:31.609+0000] {processor.py:157} INFO - Started process (PID=184) to work on /home/airflow/.local/lib/python3.8/site-packages/airflow/example_dags/example_branch_python_dop_operator_3.py
[2023-12-03T18:49:31.610+0000] {processor.py:829} INFO - Processing file /home/airflow/.local/lib/python3.8/site-packages/airflow/example_dags/example_branch_python_dop_operator_3.py for tasks to queue
[2023-12-03T18:49:31.614+0000] {logging_mixin.py:154} INFO - [2023-12-03T18:49:31.613+0000] {dagbag.py:536} INFO - Filling up the DagBag from /home/airflow/.local/lib/python3.8/site-packages/airflow/example_dags/example_branch_python_dop_operator_3.py
[2023-12-03T18:49:31.628+0000] {processor.py:839} INFO - DAG(s) dict_keys(['example_branch_dop_operator_v3']) retrieved from /home/airflow/.local/lib/python3.8/site-packages/airflow/example_dags/example_branch_python_dop_operator_3.py
[2023-12-03T18:49:31.661+0000] {logging_mixin.py:154} INFO - [2023-12-03T18:49:31.660+0000] {dag.py:2941} INFO - Sync 1 DAGs
[2023-12-03T18:49:31.702+0000] {logging_mixin.py:154} INFO - [2023-12-03T18:49:31.702+0000] {dag.py:3722} INFO - Setting next_dagrun for example_branch_dop_operator_v3 to 2023-12-03T18:48:00+00:00, run_after=2023-12-03T18:49:00+00:00
[2023-12-03T18:49:31.731+0000] {processor.py:179} INFO - Processing /home/airflow/.local/lib/python3.8/site-packages/airflow/example_dags/example_branch_python_dop_operator_3.py took 0.127 seconds
