[2023-12-03T18:18:48.526+0000] {processor.py:157} INFO - Started process (PID=63) to work on /home/airflow/.local/lib/python3.8/site-packages/airflow/example_dags/example_latest_only_with_trigger.py
[2023-12-03T18:18:48.527+0000] {processor.py:829} INFO - Processing file /home/airflow/.local/lib/python3.8/site-packages/airflow/example_dags/example_latest_only_with_trigger.py for tasks to queue
[2023-12-03T18:18:48.533+0000] {logging_mixin.py:154} INFO - [2023-12-03T18:18:48.532+0000] {dagbag.py:536} INFO - Filling up the DagBag from /home/airflow/.local/lib/python3.8/site-packages/airflow/example_dags/example_latest_only_with_trigger.py
[2023-12-03T18:18:48.546+0000] {processor.py:839} INFO - DAG(s) dict_keys(['latest_only_with_trigger']) retrieved from /home/airflow/.local/lib/python3.8/site-packages/airflow/example_dags/example_latest_only_with_trigger.py
[2023-12-03T18:18:48.588+0000] {logging_mixin.py:154} INFO - [2023-12-03T18:18:48.587+0000] {dag.py:2941} INFO - Sync 1 DAGs
[2023-12-03T18:18:48.624+0000] {logging_mixin.py:154} INFO - [2023-12-03T18:18:48.623+0000] {dag.py:3722} INFO - Setting next_dagrun for latest_only_with_trigger to 2023-12-03T14:18:48.623370+00:00, run_after=2023-12-03T18:18:48.623370+00:00
[2023-12-03T18:18:48.660+0000] {processor.py:179} INFO - Processing /home/airflow/.local/lib/python3.8/site-packages/airflow/example_dags/example_latest_only_with_trigger.py took 0.141 seconds
[2023-12-03T18:19:19.627+0000] {processor.py:157} INFO - Started process (PID=117) to work on /home/airflow/.local/lib/python3.8/site-packages/airflow/example_dags/example_latest_only_with_trigger.py
[2023-12-03T18:19:19.629+0000] {processor.py:829} INFO - Processing file /home/airflow/.local/lib/python3.8/site-packages/airflow/example_dags/example_latest_only_with_trigger.py for tasks to queue
[2023-12-03T18:19:19.636+0000] {logging_mixin.py:154} INFO - [2023-12-03T18:19:19.635+0000] {dagbag.py:536} INFO - Filling up the DagBag from /home/airflow/.local/lib/python3.8/site-packages/airflow/example_dags/example_latest_only_with_trigger.py
[2023-12-03T18:19:19.660+0000] {processor.py:839} INFO - DAG(s) dict_keys(['latest_only_with_trigger']) retrieved from /home/airflow/.local/lib/python3.8/site-packages/airflow/example_dags/example_latest_only_with_trigger.py
[2023-12-03T18:19:19.717+0000] {logging_mixin.py:154} INFO - [2023-12-03T18:19:19.716+0000] {dag.py:2941} INFO - Sync 1 DAGs
[2023-12-03T18:19:19.767+0000] {logging_mixin.py:154} INFO - [2023-12-03T18:19:19.766+0000] {dag.py:3722} INFO - Setting next_dagrun for latest_only_with_trigger to 2023-12-03T14:19:19.766185+00:00, run_after=2023-12-03T18:19:19.766185+00:00
[2023-12-03T18:19:19.808+0000] {processor.py:179} INFO - Processing /home/airflow/.local/lib/python3.8/site-packages/airflow/example_dags/example_latest_only_with_trigger.py took 0.192 seconds
[2023-12-03T18:19:50.747+0000] {processor.py:157} INFO - Started process (PID=171) to work on /home/airflow/.local/lib/python3.8/site-packages/airflow/example_dags/example_latest_only_with_trigger.py
[2023-12-03T18:19:50.749+0000] {processor.py:829} INFO - Processing file /home/airflow/.local/lib/python3.8/site-packages/airflow/example_dags/example_latest_only_with_trigger.py for tasks to queue
[2023-12-03T18:19:50.755+0000] {logging_mixin.py:154} INFO - [2023-12-03T18:19:50.754+0000] {dagbag.py:536} INFO - Filling up the DagBag from /home/airflow/.local/lib/python3.8/site-packages/airflow/example_dags/example_latest_only_with_trigger.py
[2023-12-03T18:19:50.769+0000] {processor.py:839} INFO - DAG(s) dict_keys(['latest_only_with_trigger']) retrieved from /home/airflow/.local/lib/python3.8/site-packages/airflow/example_dags/example_latest_only_with_trigger.py
[2023-12-03T18:19:50.800+0000] {logging_mixin.py:154} INFO - [2023-12-03T18:19:50.799+0000] {dag.py:2941} INFO - Sync 1 DAGs
[2023-12-03T18:19:50.869+0000] {logging_mixin.py:154} INFO - [2023-12-03T18:19:50.869+0000] {dag.py:3722} INFO - Setting next_dagrun for latest_only_with_trigger to 2023-12-03T14:19:50.868802+00:00, run_after=2023-12-03T18:19:50.868802+00:00
[2023-12-03T18:19:50.928+0000] {processor.py:179} INFO - Processing /home/airflow/.local/lib/python3.8/site-packages/airflow/example_dags/example_latest_only_with_trigger.py took 0.189 seconds
[2023-12-03T18:20:21.022+0000] {processor.py:157} INFO - Started process (PID=225) to work on /home/airflow/.local/lib/python3.8/site-packages/airflow/example_dags/example_latest_only_with_trigger.py
[2023-12-03T18:20:21.023+0000] {processor.py:829} INFO - Processing file /home/airflow/.local/lib/python3.8/site-packages/airflow/example_dags/example_latest_only_with_trigger.py for tasks to queue
[2023-12-03T18:20:21.028+0000] {logging_mixin.py:154} INFO - [2023-12-03T18:20:21.027+0000] {dagbag.py:536} INFO - Filling up the DagBag from /home/airflow/.local/lib/python3.8/site-packages/airflow/example_dags/example_latest_only_with_trigger.py
[2023-12-03T18:20:21.039+0000] {processor.py:839} INFO - DAG(s) dict_keys(['latest_only_with_trigger']) retrieved from /home/airflow/.local/lib/python3.8/site-packages/airflow/example_dags/example_latest_only_with_trigger.py
[2023-12-03T18:20:21.078+0000] {logging_mixin.py:154} INFO - [2023-12-03T18:20:21.077+0000] {dag.py:2941} INFO - Sync 1 DAGs
[2023-12-03T18:20:21.125+0000] {logging_mixin.py:154} INFO - [2023-12-03T18:20:21.125+0000] {dag.py:3722} INFO - Setting next_dagrun for latest_only_with_trigger to 2023-12-03T14:20:21.124625+00:00, run_after=2023-12-03T18:20:21.124625+00:00
[2023-12-03T18:20:21.163+0000] {processor.py:179} INFO - Processing /home/airflow/.local/lib/python3.8/site-packages/airflow/example_dags/example_latest_only_with_trigger.py took 0.148 seconds
[2023-12-03T18:20:52.182+0000] {processor.py:157} INFO - Started process (PID=286) to work on /home/airflow/.local/lib/python3.8/site-packages/airflow/example_dags/example_latest_only_with_trigger.py
[2023-12-03T18:20:52.184+0000] {processor.py:829} INFO - Processing file /home/airflow/.local/lib/python3.8/site-packages/airflow/example_dags/example_latest_only_with_trigger.py for tasks to queue
[2023-12-03T18:20:52.188+0000] {logging_mixin.py:154} INFO - [2023-12-03T18:20:52.187+0000] {dagbag.py:536} INFO - Filling up the DagBag from /home/airflow/.local/lib/python3.8/site-packages/airflow/example_dags/example_latest_only_with_trigger.py
[2023-12-03T18:20:52.197+0000] {processor.py:839} INFO - DAG(s) dict_keys(['latest_only_with_trigger']) retrieved from /home/airflow/.local/lib/python3.8/site-packages/airflow/example_dags/example_latest_only_with_trigger.py
[2023-12-03T18:20:52.237+0000] {logging_mixin.py:154} INFO - [2023-12-03T18:20:52.237+0000] {dag.py:2941} INFO - Sync 1 DAGs
[2023-12-03T18:20:52.275+0000] {logging_mixin.py:154} INFO - [2023-12-03T18:20:52.275+0000] {dag.py:3722} INFO - Setting next_dagrun for latest_only_with_trigger to 2023-12-03T14:20:52.275085+00:00, run_after=2023-12-03T18:20:52.275085+00:00
[2023-12-03T18:20:52.314+0000] {processor.py:179} INFO - Processing /home/airflow/.local/lib/python3.8/site-packages/airflow/example_dags/example_latest_only_with_trigger.py took 0.137 seconds
[2023-12-03T18:21:22.778+0000] {processor.py:157} INFO - Started process (PID=340) to work on /home/airflow/.local/lib/python3.8/site-packages/airflow/example_dags/example_latest_only_with_trigger.py
[2023-12-03T18:21:22.780+0000] {processor.py:829} INFO - Processing file /home/airflow/.local/lib/python3.8/site-packages/airflow/example_dags/example_latest_only_with_trigger.py for tasks to queue
[2023-12-03T18:21:22.783+0000] {logging_mixin.py:154} INFO - [2023-12-03T18:21:22.783+0000] {dagbag.py:536} INFO - Filling up the DagBag from /home/airflow/.local/lib/python3.8/site-packages/airflow/example_dags/example_latest_only_with_trigger.py
[2023-12-03T18:21:22.792+0000] {processor.py:839} INFO - DAG(s) dict_keys(['latest_only_with_trigger']) retrieved from /home/airflow/.local/lib/python3.8/site-packages/airflow/example_dags/example_latest_only_with_trigger.py
[2023-12-03T18:21:22.811+0000] {logging_mixin.py:154} INFO - [2023-12-03T18:21:22.811+0000] {dag.py:2941} INFO - Sync 1 DAGs
[2023-12-03T18:21:22.847+0000] {logging_mixin.py:154} INFO - [2023-12-03T18:21:22.847+0000] {dag.py:3722} INFO - Setting next_dagrun for latest_only_with_trigger to 2023-12-03T14:21:22.847047+00:00, run_after=2023-12-03T18:21:22.847047+00:00
[2023-12-03T18:21:22.888+0000] {processor.py:179} INFO - Processing /home/airflow/.local/lib/python3.8/site-packages/airflow/example_dags/example_latest_only_with_trigger.py took 0.115 seconds
[2023-12-03T18:21:53.485+0000] {processor.py:157} INFO - Started process (PID=394) to work on /home/airflow/.local/lib/python3.8/site-packages/airflow/example_dags/example_latest_only_with_trigger.py
[2023-12-03T18:21:53.486+0000] {processor.py:829} INFO - Processing file /home/airflow/.local/lib/python3.8/site-packages/airflow/example_dags/example_latest_only_with_trigger.py for tasks to queue
[2023-12-03T18:21:53.490+0000] {logging_mixin.py:154} INFO - [2023-12-03T18:21:53.489+0000] {dagbag.py:536} INFO - Filling up the DagBag from /home/airflow/.local/lib/python3.8/site-packages/airflow/example_dags/example_latest_only_with_trigger.py
[2023-12-03T18:21:53.498+0000] {processor.py:839} INFO - DAG(s) dict_keys(['latest_only_with_trigger']) retrieved from /home/airflow/.local/lib/python3.8/site-packages/airflow/example_dags/example_latest_only_with_trigger.py
[2023-12-03T18:21:53.525+0000] {logging_mixin.py:154} INFO - [2023-12-03T18:21:53.525+0000] {dag.py:2941} INFO - Sync 1 DAGs
[2023-12-03T18:21:53.554+0000] {logging_mixin.py:154} INFO - [2023-12-03T18:21:53.553+0000] {dag.py:3722} INFO - Setting next_dagrun for latest_only_with_trigger to 2023-12-03T14:21:53.553626+00:00, run_after=2023-12-03T18:21:53.553626+00:00
[2023-12-03T18:21:53.587+0000] {processor.py:179} INFO - Processing /home/airflow/.local/lib/python3.8/site-packages/airflow/example_dags/example_latest_only_with_trigger.py took 0.106 seconds
[2023-12-03T18:22:25.038+0000] {processor.py:157} INFO - Started process (PID=448) to work on /home/airflow/.local/lib/python3.8/site-packages/airflow/example_dags/example_latest_only_with_trigger.py
[2023-12-03T18:22:25.040+0000] {processor.py:829} INFO - Processing file /home/airflow/.local/lib/python3.8/site-packages/airflow/example_dags/example_latest_only_with_trigger.py for tasks to queue
[2023-12-03T18:22:25.045+0000] {logging_mixin.py:154} INFO - [2023-12-03T18:22:25.044+0000] {dagbag.py:536} INFO - Filling up the DagBag from /home/airflow/.local/lib/python3.8/site-packages/airflow/example_dags/example_latest_only_with_trigger.py
[2023-12-03T18:22:25.060+0000] {processor.py:839} INFO - DAG(s) dict_keys(['latest_only_with_trigger']) retrieved from /home/airflow/.local/lib/python3.8/site-packages/airflow/example_dags/example_latest_only_with_trigger.py
[2023-12-03T18:22:25.122+0000] {logging_mixin.py:154} INFO - [2023-12-03T18:22:25.120+0000] {dag.py:2941} INFO - Sync 1 DAGs
[2023-12-03T18:22:25.199+0000] {logging_mixin.py:154} INFO - [2023-12-03T18:22:25.199+0000] {dag.py:3722} INFO - Setting next_dagrun for latest_only_with_trigger to 2023-12-03T14:22:25.198454+00:00, run_after=2023-12-03T18:22:25.198454+00:00
[2023-12-03T18:22:25.264+0000] {processor.py:179} INFO - Processing /home/airflow/.local/lib/python3.8/site-packages/airflow/example_dags/example_latest_only_with_trigger.py took 0.236 seconds
[2023-12-03T18:23:58.590+0000] {processor.py:157} INFO - Started process (PID=63) to work on /home/airflow/.local/lib/python3.8/site-packages/airflow/example_dags/example_latest_only_with_trigger.py
[2023-12-03T18:23:58.591+0000] {processor.py:829} INFO - Processing file /home/airflow/.local/lib/python3.8/site-packages/airflow/example_dags/example_latest_only_with_trigger.py for tasks to queue
[2023-12-03T18:23:58.596+0000] {logging_mixin.py:154} INFO - [2023-12-03T18:23:58.595+0000] {dagbag.py:536} INFO - Filling up the DagBag from /home/airflow/.local/lib/python3.8/site-packages/airflow/example_dags/example_latest_only_with_trigger.py
[2023-12-03T18:23:58.610+0000] {processor.py:839} INFO - DAG(s) dict_keys(['latest_only_with_trigger']) retrieved from /home/airflow/.local/lib/python3.8/site-packages/airflow/example_dags/example_latest_only_with_trigger.py
[2023-12-03T18:23:58.660+0000] {logging_mixin.py:154} INFO - [2023-12-03T18:23:58.660+0000] {dag.py:2941} INFO - Sync 1 DAGs
[2023-12-03T18:23:58.708+0000] {logging_mixin.py:154} INFO - [2023-12-03T18:23:58.708+0000] {dag.py:3722} INFO - Setting next_dagrun for latest_only_with_trigger to 2023-12-03T14:23:58.707579+00:00, run_after=2023-12-03T18:23:58.707579+00:00
[2023-12-03T18:23:58.749+0000] {processor.py:179} INFO - Processing /home/airflow/.local/lib/python3.8/site-packages/airflow/example_dags/example_latest_only_with_trigger.py took 0.166 seconds
[2023-12-03T18:24:29.533+0000] {processor.py:157} INFO - Started process (PID=117) to work on /home/airflow/.local/lib/python3.8/site-packages/airflow/example_dags/example_latest_only_with_trigger.py
[2023-12-03T18:24:29.535+0000] {processor.py:829} INFO - Processing file /home/airflow/.local/lib/python3.8/site-packages/airflow/example_dags/example_latest_only_with_trigger.py for tasks to queue
[2023-12-03T18:24:29.540+0000] {logging_mixin.py:154} INFO - [2023-12-03T18:24:29.539+0000] {dagbag.py:536} INFO - Filling up the DagBag from /home/airflow/.local/lib/python3.8/site-packages/airflow/example_dags/example_latest_only_with_trigger.py
[2023-12-03T18:24:29.549+0000] {processor.py:839} INFO - DAG(s) dict_keys(['latest_only_with_trigger']) retrieved from /home/airflow/.local/lib/python3.8/site-packages/airflow/example_dags/example_latest_only_with_trigger.py
[2023-12-03T18:24:29.586+0000] {logging_mixin.py:154} INFO - [2023-12-03T18:24:29.586+0000] {dag.py:2941} INFO - Sync 1 DAGs
[2023-12-03T18:24:29.627+0000] {logging_mixin.py:154} INFO - [2023-12-03T18:24:29.626+0000] {dag.py:3722} INFO - Setting next_dagrun for latest_only_with_trigger to 2023-12-03T14:24:29.626712+00:00, run_after=2023-12-03T18:24:29.626712+00:00
[2023-12-03T18:24:29.654+0000] {processor.py:179} INFO - Processing /home/airflow/.local/lib/python3.8/site-packages/airflow/example_dags/example_latest_only_with_trigger.py took 0.127 seconds
[2023-12-03T18:25:00.676+0000] {processor.py:157} INFO - Started process (PID=171) to work on /home/airflow/.local/lib/python3.8/site-packages/airflow/example_dags/example_latest_only_with_trigger.py
[2023-12-03T18:25:00.677+0000] {processor.py:829} INFO - Processing file /home/airflow/.local/lib/python3.8/site-packages/airflow/example_dags/example_latest_only_with_trigger.py for tasks to queue
[2023-12-03T18:25:00.680+0000] {logging_mixin.py:154} INFO - [2023-12-03T18:25:00.680+0000] {dagbag.py:536} INFO - Filling up the DagBag from /home/airflow/.local/lib/python3.8/site-packages/airflow/example_dags/example_latest_only_with_trigger.py
[2023-12-03T18:25:00.689+0000] {processor.py:839} INFO - DAG(s) dict_keys(['latest_only_with_trigger']) retrieved from /home/airflow/.local/lib/python3.8/site-packages/airflow/example_dags/example_latest_only_with_trigger.py
[2023-12-03T18:25:00.719+0000] {logging_mixin.py:154} INFO - [2023-12-03T18:25:00.719+0000] {dag.py:2941} INFO - Sync 1 DAGs
[2023-12-03T18:25:00.754+0000] {logging_mixin.py:154} INFO - [2023-12-03T18:25:00.754+0000] {dag.py:3722} INFO - Setting next_dagrun for latest_only_with_trigger to 2023-12-03T14:25:00.754240+00:00, run_after=2023-12-03T18:25:00.754240+00:00
[2023-12-03T18:25:00.784+0000] {processor.py:179} INFO - Processing /home/airflow/.local/lib/python3.8/site-packages/airflow/example_dags/example_latest_only_with_trigger.py took 0.112 seconds
[2023-12-03T18:25:31.060+0000] {processor.py:157} INFO - Started process (PID=225) to work on /home/airflow/.local/lib/python3.8/site-packages/airflow/example_dags/example_latest_only_with_trigger.py
[2023-12-03T18:25:31.061+0000] {processor.py:829} INFO - Processing file /home/airflow/.local/lib/python3.8/site-packages/airflow/example_dags/example_latest_only_with_trigger.py for tasks to queue
[2023-12-03T18:25:31.065+0000] {logging_mixin.py:154} INFO - [2023-12-03T18:25:31.064+0000] {dagbag.py:536} INFO - Filling up the DagBag from /home/airflow/.local/lib/python3.8/site-packages/airflow/example_dags/example_latest_only_with_trigger.py
[2023-12-03T18:25:31.074+0000] {processor.py:839} INFO - DAG(s) dict_keys(['latest_only_with_trigger']) retrieved from /home/airflow/.local/lib/python3.8/site-packages/airflow/example_dags/example_latest_only_with_trigger.py
[2023-12-03T18:25:31.106+0000] {logging_mixin.py:154} INFO - [2023-12-03T18:25:31.106+0000] {dag.py:2941} INFO - Sync 1 DAGs
[2023-12-03T18:25:31.135+0000] {logging_mixin.py:154} INFO - [2023-12-03T18:25:31.134+0000] {dag.py:3722} INFO - Setting next_dagrun for latest_only_with_trigger to 2023-12-03T14:25:31.134602+00:00, run_after=2023-12-03T18:25:31.134602+00:00
[2023-12-03T18:25:31.166+0000] {processor.py:179} INFO - Processing /home/airflow/.local/lib/python3.8/site-packages/airflow/example_dags/example_latest_only_with_trigger.py took 0.110 seconds
[2023-12-03T18:26:01.728+0000] {processor.py:157} INFO - Started process (PID=279) to work on /home/airflow/.local/lib/python3.8/site-packages/airflow/example_dags/example_latest_only_with_trigger.py
[2023-12-03T18:26:01.729+0000] {processor.py:829} INFO - Processing file /home/airflow/.local/lib/python3.8/site-packages/airflow/example_dags/example_latest_only_with_trigger.py for tasks to queue
[2023-12-03T18:26:01.735+0000] {logging_mixin.py:154} INFO - [2023-12-03T18:26:01.734+0000] {dagbag.py:536} INFO - Filling up the DagBag from /home/airflow/.local/lib/python3.8/site-packages/airflow/example_dags/example_latest_only_with_trigger.py
[2023-12-03T18:26:01.744+0000] {processor.py:839} INFO - DAG(s) dict_keys(['latest_only_with_trigger']) retrieved from /home/airflow/.local/lib/python3.8/site-packages/airflow/example_dags/example_latest_only_with_trigger.py
[2023-12-03T18:26:01.774+0000] {logging_mixin.py:154} INFO - [2023-12-03T18:26:01.774+0000] {dag.py:2941} INFO - Sync 1 DAGs
[2023-12-03T18:26:01.804+0000] {logging_mixin.py:154} INFO - [2023-12-03T18:26:01.804+0000] {dag.py:3722} INFO - Setting next_dagrun for latest_only_with_trigger to 2023-12-03T14:26:01.804220+00:00, run_after=2023-12-03T18:26:01.804220+00:00
[2023-12-03T18:26:01.830+0000] {processor.py:179} INFO - Processing /home/airflow/.local/lib/python3.8/site-packages/airflow/example_dags/example_latest_only_with_trigger.py took 0.106 seconds
[2023-12-03T18:26:31.957+0000] {processor.py:157} INFO - Started process (PID=333) to work on /home/airflow/.local/lib/python3.8/site-packages/airflow/example_dags/example_latest_only_with_trigger.py
[2023-12-03T18:26:31.959+0000] {processor.py:829} INFO - Processing file /home/airflow/.local/lib/python3.8/site-packages/airflow/example_dags/example_latest_only_with_trigger.py for tasks to queue
[2023-12-03T18:26:31.962+0000] {logging_mixin.py:154} INFO - [2023-12-03T18:26:31.962+0000] {dagbag.py:536} INFO - Filling up the DagBag from /home/airflow/.local/lib/python3.8/site-packages/airflow/example_dags/example_latest_only_with_trigger.py
[2023-12-03T18:26:31.971+0000] {processor.py:839} INFO - DAG(s) dict_keys(['latest_only_with_trigger']) retrieved from /home/airflow/.local/lib/python3.8/site-packages/airflow/example_dags/example_latest_only_with_trigger.py
[2023-12-03T18:26:31.999+0000] {logging_mixin.py:154} INFO - [2023-12-03T18:26:31.999+0000] {dag.py:2941} INFO - Sync 1 DAGs
[2023-12-03T18:26:32.031+0000] {logging_mixin.py:154} INFO - [2023-12-03T18:26:32.031+0000] {dag.py:3722} INFO - Setting next_dagrun for latest_only_with_trigger to 2023-12-03T14:26:32.031124+00:00, run_after=2023-12-03T18:26:32.031124+00:00
[2023-12-03T18:26:32.057+0000] {processor.py:179} INFO - Processing /home/airflow/.local/lib/python3.8/site-packages/airflow/example_dags/example_latest_only_with_trigger.py took 0.105 seconds
[2023-12-03T18:27:02.854+0000] {processor.py:157} INFO - Started process (PID=387) to work on /home/airflow/.local/lib/python3.8/site-packages/airflow/example_dags/example_latest_only_with_trigger.py
[2023-12-03T18:27:02.855+0000] {processor.py:829} INFO - Processing file /home/airflow/.local/lib/python3.8/site-packages/airflow/example_dags/example_latest_only_with_trigger.py for tasks to queue
[2023-12-03T18:27:02.862+0000] {logging_mixin.py:154} INFO - [2023-12-03T18:27:02.861+0000] {dagbag.py:536} INFO - Filling up the DagBag from /home/airflow/.local/lib/python3.8/site-packages/airflow/example_dags/example_latest_only_with_trigger.py
[2023-12-03T18:27:02.876+0000] {processor.py:839} INFO - DAG(s) dict_keys(['latest_only_with_trigger']) retrieved from /home/airflow/.local/lib/python3.8/site-packages/airflow/example_dags/example_latest_only_with_trigger.py
[2023-12-03T18:27:02.914+0000] {logging_mixin.py:154} INFO - [2023-12-03T18:27:02.914+0000] {dag.py:2941} INFO - Sync 1 DAGs
[2023-12-03T18:27:02.955+0000] {logging_mixin.py:154} INFO - [2023-12-03T18:27:02.955+0000] {dag.py:3722} INFO - Setting next_dagrun for latest_only_with_trigger to 2023-12-03T14:27:02.954799+00:00, run_after=2023-12-03T18:27:02.954799+00:00
[2023-12-03T18:27:03.005+0000] {processor.py:179} INFO - Processing /home/airflow/.local/lib/python3.8/site-packages/airflow/example_dags/example_latest_only_with_trigger.py took 0.158 seconds
[2023-12-03T18:27:33.310+0000] {processor.py:157} INFO - Started process (PID=441) to work on /home/airflow/.local/lib/python3.8/site-packages/airflow/example_dags/example_latest_only_with_trigger.py
[2023-12-03T18:27:33.311+0000] {processor.py:829} INFO - Processing file /home/airflow/.local/lib/python3.8/site-packages/airflow/example_dags/example_latest_only_with_trigger.py for tasks to queue
[2023-12-03T18:27:33.315+0000] {logging_mixin.py:154} INFO - [2023-12-03T18:27:33.314+0000] {dagbag.py:536} INFO - Filling up the DagBag from /home/airflow/.local/lib/python3.8/site-packages/airflow/example_dags/example_latest_only_with_trigger.py
[2023-12-03T18:27:33.333+0000] {processor.py:839} INFO - DAG(s) dict_keys(['latest_only_with_trigger']) retrieved from /home/airflow/.local/lib/python3.8/site-packages/airflow/example_dags/example_latest_only_with_trigger.py
[2023-12-03T18:27:33.374+0000] {logging_mixin.py:154} INFO - [2023-12-03T18:27:33.374+0000] {dag.py:2941} INFO - Sync 1 DAGs
[2023-12-03T18:27:33.408+0000] {logging_mixin.py:154} INFO - [2023-12-03T18:27:33.408+0000] {dag.py:3722} INFO - Setting next_dagrun for latest_only_with_trigger to 2023-12-03T14:27:33.407914+00:00, run_after=2023-12-03T18:27:33.407914+00:00
[2023-12-03T18:27:33.454+0000] {processor.py:179} INFO - Processing /home/airflow/.local/lib/python3.8/site-packages/airflow/example_dags/example_latest_only_with_trigger.py took 0.149 seconds
[2023-12-03T18:28:03.566+0000] {processor.py:157} INFO - Started process (PID=495) to work on /home/airflow/.local/lib/python3.8/site-packages/airflow/example_dags/example_latest_only_with_trigger.py
[2023-12-03T18:28:03.568+0000] {processor.py:829} INFO - Processing file /home/airflow/.local/lib/python3.8/site-packages/airflow/example_dags/example_latest_only_with_trigger.py for tasks to queue
[2023-12-03T18:28:03.572+0000] {logging_mixin.py:154} INFO - [2023-12-03T18:28:03.572+0000] {dagbag.py:536} INFO - Filling up the DagBag from /home/airflow/.local/lib/python3.8/site-packages/airflow/example_dags/example_latest_only_with_trigger.py
[2023-12-03T18:28:03.581+0000] {processor.py:839} INFO - DAG(s) dict_keys(['latest_only_with_trigger']) retrieved from /home/airflow/.local/lib/python3.8/site-packages/airflow/example_dags/example_latest_only_with_trigger.py
[2023-12-03T18:28:03.615+0000] {logging_mixin.py:154} INFO - [2023-12-03T18:28:03.615+0000] {dag.py:2941} INFO - Sync 1 DAGs
[2023-12-03T18:28:03.662+0000] {logging_mixin.py:154} INFO - [2023-12-03T18:28:03.662+0000] {dag.py:3722} INFO - Setting next_dagrun for latest_only_with_trigger to 2023-12-03T14:28:03.661596+00:00, run_after=2023-12-03T18:28:03.661596+00:00
[2023-12-03T18:28:03.702+0000] {processor.py:179} INFO - Processing /home/airflow/.local/lib/python3.8/site-packages/airflow/example_dags/example_latest_only_with_trigger.py took 0.140 seconds
[2023-12-03T18:28:34.307+0000] {processor.py:157} INFO - Started process (PID=549) to work on /home/airflow/.local/lib/python3.8/site-packages/airflow/example_dags/example_latest_only_with_trigger.py
[2023-12-03T18:28:34.309+0000] {processor.py:829} INFO - Processing file /home/airflow/.local/lib/python3.8/site-packages/airflow/example_dags/example_latest_only_with_trigger.py for tasks to queue
[2023-12-03T18:28:34.313+0000] {logging_mixin.py:154} INFO - [2023-12-03T18:28:34.312+0000] {dagbag.py:536} INFO - Filling up the DagBag from /home/airflow/.local/lib/python3.8/site-packages/airflow/example_dags/example_latest_only_with_trigger.py
[2023-12-03T18:28:34.322+0000] {processor.py:839} INFO - DAG(s) dict_keys(['latest_only_with_trigger']) retrieved from /home/airflow/.local/lib/python3.8/site-packages/airflow/example_dags/example_latest_only_with_trigger.py
[2023-12-03T18:28:34.361+0000] {logging_mixin.py:154} INFO - [2023-12-03T18:28:34.361+0000] {dag.py:2941} INFO - Sync 1 DAGs
[2023-12-03T18:28:34.402+0000] {logging_mixin.py:154} INFO - [2023-12-03T18:28:34.401+0000] {dag.py:3722} INFO - Setting next_dagrun for latest_only_with_trigger to 2023-12-03T14:28:34.401317+00:00, run_after=2023-12-03T18:28:34.401317+00:00
[2023-12-03T18:28:34.442+0000] {processor.py:179} INFO - Processing /home/airflow/.local/lib/python3.8/site-packages/airflow/example_dags/example_latest_only_with_trigger.py took 0.141 seconds
[2023-12-03T18:29:51.089+0000] {processor.py:157} INFO - Started process (PID=64) to work on /home/airflow/.local/lib/python3.8/site-packages/airflow/example_dags/example_latest_only_with_trigger.py
[2023-12-03T18:29:51.091+0000] {processor.py:829} INFO - Processing file /home/airflow/.local/lib/python3.8/site-packages/airflow/example_dags/example_latest_only_with_trigger.py for tasks to queue
[2023-12-03T18:29:51.095+0000] {logging_mixin.py:154} INFO - [2023-12-03T18:29:51.094+0000] {dagbag.py:536} INFO - Filling up the DagBag from /home/airflow/.local/lib/python3.8/site-packages/airflow/example_dags/example_latest_only_with_trigger.py
[2023-12-03T18:29:51.106+0000] {processor.py:839} INFO - DAG(s) dict_keys(['latest_only_with_trigger']) retrieved from /home/airflow/.local/lib/python3.8/site-packages/airflow/example_dags/example_latest_only_with_trigger.py
[2023-12-03T18:29:51.143+0000] {logging_mixin.py:154} INFO - [2023-12-03T18:29:51.143+0000] {dag.py:2941} INFO - Sync 1 DAGs
[2023-12-03T18:29:51.385+0000] {logging_mixin.py:154} INFO - [2023-12-03T18:29:51.385+0000] {dag.py:3722} INFO - Setting next_dagrun for latest_only_with_trigger to 2023-12-03T14:29:51.385377+00:00, run_after=2023-12-03T18:29:51.385377+00:00
[2023-12-03T18:29:51.416+0000] {processor.py:179} INFO - Processing /home/airflow/.local/lib/python3.8/site-packages/airflow/example_dags/example_latest_only_with_trigger.py took 0.332 seconds
[2023-12-03T18:30:22.260+0000] {processor.py:157} INFO - Started process (PID=119) to work on /home/airflow/.local/lib/python3.8/site-packages/airflow/example_dags/example_latest_only_with_trigger.py
[2023-12-03T18:30:22.262+0000] {processor.py:829} INFO - Processing file /home/airflow/.local/lib/python3.8/site-packages/airflow/example_dags/example_latest_only_with_trigger.py for tasks to queue
[2023-12-03T18:30:22.265+0000] {logging_mixin.py:154} INFO - [2023-12-03T18:30:22.265+0000] {dagbag.py:536} INFO - Filling up the DagBag from /home/airflow/.local/lib/python3.8/site-packages/airflow/example_dags/example_latest_only_with_trigger.py
[2023-12-03T18:30:22.273+0000] {processor.py:839} INFO - DAG(s) dict_keys(['latest_only_with_trigger']) retrieved from /home/airflow/.local/lib/python3.8/site-packages/airflow/example_dags/example_latest_only_with_trigger.py
[2023-12-03T18:30:22.306+0000] {logging_mixin.py:154} INFO - [2023-12-03T18:30:22.305+0000] {dag.py:2941} INFO - Sync 1 DAGs
[2023-12-03T18:30:22.496+0000] {logging_mixin.py:154} INFO - [2023-12-03T18:30:22.495+0000] {dag.py:3722} INFO - Setting next_dagrun for latest_only_with_trigger to 2023-12-03T14:30:22.495489+00:00, run_after=2023-12-03T18:30:22.495489+00:00
[2023-12-03T18:30:22.532+0000] {processor.py:179} INFO - Processing /home/airflow/.local/lib/python3.8/site-packages/airflow/example_dags/example_latest_only_with_trigger.py took 0.277 seconds
[2023-12-03T18:30:53.611+0000] {processor.py:157} INFO - Started process (PID=174) to work on /home/airflow/.local/lib/python3.8/site-packages/airflow/example_dags/example_latest_only_with_trigger.py
[2023-12-03T18:30:53.612+0000] {processor.py:829} INFO - Processing file /home/airflow/.local/lib/python3.8/site-packages/airflow/example_dags/example_latest_only_with_trigger.py for tasks to queue
[2023-12-03T18:30:53.615+0000] {logging_mixin.py:154} INFO - [2023-12-03T18:30:53.615+0000] {dagbag.py:536} INFO - Filling up the DagBag from /home/airflow/.local/lib/python3.8/site-packages/airflow/example_dags/example_latest_only_with_trigger.py
[2023-12-03T18:30:53.623+0000] {processor.py:839} INFO - DAG(s) dict_keys(['latest_only_with_trigger']) retrieved from /home/airflow/.local/lib/python3.8/site-packages/airflow/example_dags/example_latest_only_with_trigger.py
[2023-12-03T18:30:53.650+0000] {logging_mixin.py:154} INFO - [2023-12-03T18:30:53.649+0000] {dag.py:2941} INFO - Sync 1 DAGs
[2023-12-03T18:30:53.824+0000] {logging_mixin.py:154} INFO - [2023-12-03T18:30:53.824+0000] {dag.py:3722} INFO - Setting next_dagrun for latest_only_with_trigger to 2023-12-03T14:30:53.824023+00:00, run_after=2023-12-03T18:30:53.824023+00:00
[2023-12-03T18:30:53.859+0000] {processor.py:179} INFO - Processing /home/airflow/.local/lib/python3.8/site-packages/airflow/example_dags/example_latest_only_with_trigger.py took 0.252 seconds
[2023-12-03T18:31:24.533+0000] {processor.py:157} INFO - Started process (PID=237) to work on /home/airflow/.local/lib/python3.8/site-packages/airflow/example_dags/example_latest_only_with_trigger.py
[2023-12-03T18:31:24.535+0000] {processor.py:829} INFO - Processing file /home/airflow/.local/lib/python3.8/site-packages/airflow/example_dags/example_latest_only_with_trigger.py for tasks to queue
[2023-12-03T18:31:24.540+0000] {logging_mixin.py:154} INFO - [2023-12-03T18:31:24.539+0000] {dagbag.py:536} INFO - Filling up the DagBag from /home/airflow/.local/lib/python3.8/site-packages/airflow/example_dags/example_latest_only_with_trigger.py
[2023-12-03T18:31:24.552+0000] {processor.py:839} INFO - DAG(s) dict_keys(['latest_only_with_trigger']) retrieved from /home/airflow/.local/lib/python3.8/site-packages/airflow/example_dags/example_latest_only_with_trigger.py
[2023-12-03T18:31:24.598+0000] {logging_mixin.py:154} INFO - [2023-12-03T18:31:24.597+0000] {dag.py:2941} INFO - Sync 1 DAGs
[2023-12-03T18:31:24.890+0000] {logging_mixin.py:154} INFO - [2023-12-03T18:31:24.890+0000] {dag.py:3722} INFO - Setting next_dagrun for latest_only_with_trigger to 2023-12-03T14:31:24.889429+00:00, run_after=2023-12-03T18:31:24.889429+00:00
[2023-12-03T18:31:24.957+0000] {processor.py:179} INFO - Processing /home/airflow/.local/lib/python3.8/site-packages/airflow/example_dags/example_latest_only_with_trigger.py took 0.430 seconds
[2023-12-03T18:31:56.036+0000] {processor.py:157} INFO - Started process (PID=299) to work on /home/airflow/.local/lib/python3.8/site-packages/airflow/example_dags/example_latest_only_with_trigger.py
[2023-12-03T18:31:56.037+0000] {processor.py:829} INFO - Processing file /home/airflow/.local/lib/python3.8/site-packages/airflow/example_dags/example_latest_only_with_trigger.py for tasks to queue
[2023-12-03T18:31:56.041+0000] {logging_mixin.py:154} INFO - [2023-12-03T18:31:56.040+0000] {dagbag.py:536} INFO - Filling up the DagBag from /home/airflow/.local/lib/python3.8/site-packages/airflow/example_dags/example_latest_only_with_trigger.py
[2023-12-03T18:31:56.050+0000] {processor.py:839} INFO - DAG(s) dict_keys(['latest_only_with_trigger']) retrieved from /home/airflow/.local/lib/python3.8/site-packages/airflow/example_dags/example_latest_only_with_trigger.py
[2023-12-03T18:31:56.079+0000] {logging_mixin.py:154} INFO - [2023-12-03T18:31:56.079+0000] {dag.py:2941} INFO - Sync 1 DAGs
[2023-12-03T18:31:56.281+0000] {logging_mixin.py:154} INFO - [2023-12-03T18:31:56.281+0000] {dag.py:3722} INFO - Setting next_dagrun for latest_only_with_trigger to 2023-12-03T14:31:56.281443+00:00, run_after=2023-12-03T18:31:56.281443+00:00
[2023-12-03T18:31:56.317+0000] {processor.py:179} INFO - Processing /home/airflow/.local/lib/python3.8/site-packages/airflow/example_dags/example_latest_only_with_trigger.py took 0.286 seconds
[2023-12-03T18:32:26.773+0000] {processor.py:157} INFO - Started process (PID=354) to work on /home/airflow/.local/lib/python3.8/site-packages/airflow/example_dags/example_latest_only_with_trigger.py
[2023-12-03T18:32:26.774+0000] {processor.py:829} INFO - Processing file /home/airflow/.local/lib/python3.8/site-packages/airflow/example_dags/example_latest_only_with_trigger.py for tasks to queue
[2023-12-03T18:32:26.779+0000] {logging_mixin.py:154} INFO - [2023-12-03T18:32:26.778+0000] {dagbag.py:536} INFO - Filling up the DagBag from /home/airflow/.local/lib/python3.8/site-packages/airflow/example_dags/example_latest_only_with_trigger.py
[2023-12-03T18:32:26.789+0000] {processor.py:839} INFO - DAG(s) dict_keys(['latest_only_with_trigger']) retrieved from /home/airflow/.local/lib/python3.8/site-packages/airflow/example_dags/example_latest_only_with_trigger.py
[2023-12-03T18:32:26.827+0000] {logging_mixin.py:154} INFO - [2023-12-03T18:32:26.826+0000] {dag.py:2941} INFO - Sync 1 DAGs
[2023-12-03T18:32:27.038+0000] {logging_mixin.py:154} INFO - [2023-12-03T18:32:27.037+0000] {dag.py:3722} INFO - Setting next_dagrun for latest_only_with_trigger to 2023-12-03T14:32:27.037388+00:00, run_after=2023-12-03T18:32:27.037388+00:00
[2023-12-03T18:32:27.075+0000] {processor.py:179} INFO - Processing /home/airflow/.local/lib/python3.8/site-packages/airflow/example_dags/example_latest_only_with_trigger.py took 0.308 seconds
[2023-12-03T18:32:57.870+0000] {processor.py:157} INFO - Started process (PID=409) to work on /home/airflow/.local/lib/python3.8/site-packages/airflow/example_dags/example_latest_only_with_trigger.py
[2023-12-03T18:32:57.872+0000] {processor.py:829} INFO - Processing file /home/airflow/.local/lib/python3.8/site-packages/airflow/example_dags/example_latest_only_with_trigger.py for tasks to queue
[2023-12-03T18:32:57.875+0000] {logging_mixin.py:154} INFO - [2023-12-03T18:32:57.875+0000] {dagbag.py:536} INFO - Filling up the DagBag from /home/airflow/.local/lib/python3.8/site-packages/airflow/example_dags/example_latest_only_with_trigger.py
[2023-12-03T18:32:57.883+0000] {processor.py:839} INFO - DAG(s) dict_keys(['latest_only_with_trigger']) retrieved from /home/airflow/.local/lib/python3.8/site-packages/airflow/example_dags/example_latest_only_with_trigger.py
[2023-12-03T18:32:57.910+0000] {logging_mixin.py:154} INFO - [2023-12-03T18:32:57.910+0000] {dag.py:2941} INFO - Sync 1 DAGs
[2023-12-03T18:32:58.104+0000] {logging_mixin.py:154} INFO - [2023-12-03T18:32:58.104+0000] {dag.py:3722} INFO - Setting next_dagrun for latest_only_with_trigger to 2023-12-03T14:32:58.103711+00:00, run_after=2023-12-03T18:32:58.103711+00:00
[2023-12-03T18:32:58.148+0000] {processor.py:179} INFO - Processing /home/airflow/.local/lib/python3.8/site-packages/airflow/example_dags/example_latest_only_with_trigger.py took 0.282 seconds
[2023-12-03T18:33:28.401+0000] {processor.py:157} INFO - Started process (PID=464) to work on /home/airflow/.local/lib/python3.8/site-packages/airflow/example_dags/example_latest_only_with_trigger.py
[2023-12-03T18:33:28.402+0000] {processor.py:829} INFO - Processing file /home/airflow/.local/lib/python3.8/site-packages/airflow/example_dags/example_latest_only_with_trigger.py for tasks to queue
[2023-12-03T18:33:28.407+0000] {logging_mixin.py:154} INFO - [2023-12-03T18:33:28.406+0000] {dagbag.py:536} INFO - Filling up the DagBag from /home/airflow/.local/lib/python3.8/site-packages/airflow/example_dags/example_latest_only_with_trigger.py
[2023-12-03T18:33:28.417+0000] {processor.py:839} INFO - DAG(s) dict_keys(['latest_only_with_trigger']) retrieved from /home/airflow/.local/lib/python3.8/site-packages/airflow/example_dags/example_latest_only_with_trigger.py
[2023-12-03T18:33:28.449+0000] {logging_mixin.py:154} INFO - [2023-12-03T18:33:28.449+0000] {dag.py:2941} INFO - Sync 1 DAGs
[2023-12-03T18:33:28.664+0000] {logging_mixin.py:154} INFO - [2023-12-03T18:33:28.664+0000] {dag.py:3722} INFO - Setting next_dagrun for latest_only_with_trigger to 2023-12-03T14:33:28.663938+00:00, run_after=2023-12-03T18:33:28.663938+00:00
[2023-12-03T18:33:28.692+0000] {processor.py:179} INFO - Processing /home/airflow/.local/lib/python3.8/site-packages/airflow/example_dags/example_latest_only_with_trigger.py took 0.295 seconds
[2023-12-03T18:33:58.769+0000] {processor.py:157} INFO - Started process (PID=519) to work on /home/airflow/.local/lib/python3.8/site-packages/airflow/example_dags/example_latest_only_with_trigger.py
[2023-12-03T18:33:58.770+0000] {processor.py:829} INFO - Processing file /home/airflow/.local/lib/python3.8/site-packages/airflow/example_dags/example_latest_only_with_trigger.py for tasks to queue
[2023-12-03T18:33:58.773+0000] {logging_mixin.py:154} INFO - [2023-12-03T18:33:58.773+0000] {dagbag.py:536} INFO - Filling up the DagBag from /home/airflow/.local/lib/python3.8/site-packages/airflow/example_dags/example_latest_only_with_trigger.py
[2023-12-03T18:33:58.783+0000] {processor.py:839} INFO - DAG(s) dict_keys(['latest_only_with_trigger']) retrieved from /home/airflow/.local/lib/python3.8/site-packages/airflow/example_dags/example_latest_only_with_trigger.py
[2023-12-03T18:33:58.816+0000] {logging_mixin.py:154} INFO - [2023-12-03T18:33:58.816+0000] {dag.py:2941} INFO - Sync 1 DAGs
[2023-12-03T18:33:59.010+0000] {logging_mixin.py:154} INFO - [2023-12-03T18:33:59.010+0000] {dag.py:3722} INFO - Setting next_dagrun for latest_only_with_trigger to 2023-12-03T14:33:59.010280+00:00, run_after=2023-12-03T18:33:59.010280+00:00
[2023-12-03T18:33:59.047+0000] {processor.py:179} INFO - Processing /home/airflow/.local/lib/python3.8/site-packages/airflow/example_dags/example_latest_only_with_trigger.py took 0.282 seconds
[2023-12-03T18:34:29.873+0000] {processor.py:157} INFO - Started process (PID=574) to work on /home/airflow/.local/lib/python3.8/site-packages/airflow/example_dags/example_latest_only_with_trigger.py
[2023-12-03T18:34:29.876+0000] {processor.py:829} INFO - Processing file /home/airflow/.local/lib/python3.8/site-packages/airflow/example_dags/example_latest_only_with_trigger.py for tasks to queue
[2023-12-03T18:34:29.885+0000] {logging_mixin.py:154} INFO - [2023-12-03T18:34:29.884+0000] {dagbag.py:536} INFO - Filling up the DagBag from /home/airflow/.local/lib/python3.8/site-packages/airflow/example_dags/example_latest_only_with_trigger.py
[2023-12-03T18:34:29.903+0000] {processor.py:839} INFO - DAG(s) dict_keys(['latest_only_with_trigger']) retrieved from /home/airflow/.local/lib/python3.8/site-packages/airflow/example_dags/example_latest_only_with_trigger.py
[2023-12-03T18:34:29.945+0000] {logging_mixin.py:154} INFO - [2023-12-03T18:34:29.945+0000] {dag.py:2941} INFO - Sync 1 DAGs
[2023-12-03T18:34:30.126+0000] {logging_mixin.py:154} INFO - [2023-12-03T18:34:30.125+0000] {dag.py:3722} INFO - Setting next_dagrun for latest_only_with_trigger to 2023-12-03T14:34:30.125636+00:00, run_after=2023-12-03T18:34:30.125636+00:00
[2023-12-03T18:34:30.157+0000] {processor.py:179} INFO - Processing /home/airflow/.local/lib/python3.8/site-packages/airflow/example_dags/example_latest_only_with_trigger.py took 0.293 seconds
[2023-12-03T18:35:00.405+0000] {processor.py:157} INFO - Started process (PID=629) to work on /home/airflow/.local/lib/python3.8/site-packages/airflow/example_dags/example_latest_only_with_trigger.py
[2023-12-03T18:35:00.406+0000] {processor.py:829} INFO - Processing file /home/airflow/.local/lib/python3.8/site-packages/airflow/example_dags/example_latest_only_with_trigger.py for tasks to queue
[2023-12-03T18:35:00.410+0000] {logging_mixin.py:154} INFO - [2023-12-03T18:35:00.409+0000] {dagbag.py:536} INFO - Filling up the DagBag from /home/airflow/.local/lib/python3.8/site-packages/airflow/example_dags/example_latest_only_with_trigger.py
[2023-12-03T18:35:00.419+0000] {processor.py:839} INFO - DAG(s) dict_keys(['latest_only_with_trigger']) retrieved from /home/airflow/.local/lib/python3.8/site-packages/airflow/example_dags/example_latest_only_with_trigger.py
[2023-12-03T18:35:00.449+0000] {logging_mixin.py:154} INFO - [2023-12-03T18:35:00.449+0000] {dag.py:2941} INFO - Sync 1 DAGs
[2023-12-03T18:35:00.661+0000] {logging_mixin.py:154} INFO - [2023-12-03T18:35:00.660+0000] {dag.py:3722} INFO - Setting next_dagrun for latest_only_with_trigger to 2023-12-03T14:35:00.660498+00:00, run_after=2023-12-03T18:35:00.660498+00:00
[2023-12-03T18:35:00.686+0000] {processor.py:179} INFO - Processing /home/airflow/.local/lib/python3.8/site-packages/airflow/example_dags/example_latest_only_with_trigger.py took 0.285 seconds
[2023-12-03T18:35:31.604+0000] {processor.py:157} INFO - Started process (PID=684) to work on /home/airflow/.local/lib/python3.8/site-packages/airflow/example_dags/example_latest_only_with_trigger.py
[2023-12-03T18:35:31.606+0000] {processor.py:829} INFO - Processing file /home/airflow/.local/lib/python3.8/site-packages/airflow/example_dags/example_latest_only_with_trigger.py for tasks to queue
[2023-12-03T18:35:31.610+0000] {logging_mixin.py:154} INFO - [2023-12-03T18:35:31.609+0000] {dagbag.py:536} INFO - Filling up the DagBag from /home/airflow/.local/lib/python3.8/site-packages/airflow/example_dags/example_latest_only_with_trigger.py
[2023-12-03T18:35:31.620+0000] {processor.py:839} INFO - DAG(s) dict_keys(['latest_only_with_trigger']) retrieved from /home/airflow/.local/lib/python3.8/site-packages/airflow/example_dags/example_latest_only_with_trigger.py
[2023-12-03T18:35:31.659+0000] {logging_mixin.py:154} INFO - [2023-12-03T18:35:31.658+0000] {dag.py:2941} INFO - Sync 1 DAGs
[2023-12-03T18:35:31.875+0000] {logging_mixin.py:154} INFO - [2023-12-03T18:35:31.875+0000] {dag.py:3722} INFO - Setting next_dagrun for latest_only_with_trigger to 2023-12-03T14:35:31.875135+00:00, run_after=2023-12-03T18:35:31.875135+00:00
[2023-12-03T18:35:31.904+0000] {processor.py:179} INFO - Processing /home/airflow/.local/lib/python3.8/site-packages/airflow/example_dags/example_latest_only_with_trigger.py took 0.313 seconds
[2023-12-03T18:36:02.177+0000] {processor.py:157} INFO - Started process (PID=739) to work on /home/airflow/.local/lib/python3.8/site-packages/airflow/example_dags/example_latest_only_with_trigger.py
[2023-12-03T18:36:02.179+0000] {processor.py:829} INFO - Processing file /home/airflow/.local/lib/python3.8/site-packages/airflow/example_dags/example_latest_only_with_trigger.py for tasks to queue
[2023-12-03T18:36:02.184+0000] {logging_mixin.py:154} INFO - [2023-12-03T18:36:02.183+0000] {dagbag.py:536} INFO - Filling up the DagBag from /home/airflow/.local/lib/python3.8/site-packages/airflow/example_dags/example_latest_only_with_trigger.py
[2023-12-03T18:36:02.195+0000] {processor.py:839} INFO - DAG(s) dict_keys(['latest_only_with_trigger']) retrieved from /home/airflow/.local/lib/python3.8/site-packages/airflow/example_dags/example_latest_only_with_trigger.py
[2023-12-03T18:36:02.233+0000] {logging_mixin.py:154} INFO - [2023-12-03T18:36:02.233+0000] {dag.py:2941} INFO - Sync 1 DAGs
[2023-12-03T18:36:02.281+0000] {logging_mixin.py:154} INFO - [2023-12-03T18:36:02.281+0000] {dag.py:3722} INFO - Setting next_dagrun for latest_only_with_trigger to 2023-12-03T14:36:02.280956+00:00, run_after=2023-12-03T18:36:02.280956+00:00
[2023-12-03T18:36:02.317+0000] {processor.py:179} INFO - Processing /home/airflow/.local/lib/python3.8/site-packages/airflow/example_dags/example_latest_only_with_trigger.py took 0.146 seconds
[2023-12-03T18:36:32.798+0000] {processor.py:157} INFO - Started process (PID=794) to work on /home/airflow/.local/lib/python3.8/site-packages/airflow/example_dags/example_latest_only_with_trigger.py
[2023-12-03T18:36:32.799+0000] {processor.py:829} INFO - Processing file /home/airflow/.local/lib/python3.8/site-packages/airflow/example_dags/example_latest_only_with_trigger.py for tasks to queue
[2023-12-03T18:36:32.805+0000] {logging_mixin.py:154} INFO - [2023-12-03T18:36:32.804+0000] {dagbag.py:536} INFO - Filling up the DagBag from /home/airflow/.local/lib/python3.8/site-packages/airflow/example_dags/example_latest_only_with_trigger.py
[2023-12-03T18:36:32.816+0000] {processor.py:839} INFO - DAG(s) dict_keys(['latest_only_with_trigger']) retrieved from /home/airflow/.local/lib/python3.8/site-packages/airflow/example_dags/example_latest_only_with_trigger.py
[2023-12-03T18:36:32.852+0000] {logging_mixin.py:154} INFO - [2023-12-03T18:36:32.851+0000] {dag.py:2941} INFO - Sync 1 DAGs
[2023-12-03T18:36:32.889+0000] {logging_mixin.py:154} INFO - [2023-12-03T18:36:32.888+0000] {dag.py:3722} INFO - Setting next_dagrun for latest_only_with_trigger to 2023-12-03T14:36:32.888330+00:00, run_after=2023-12-03T18:36:32.888330+00:00
[2023-12-03T18:36:32.925+0000] {processor.py:179} INFO - Processing /home/airflow/.local/lib/python3.8/site-packages/airflow/example_dags/example_latest_only_with_trigger.py took 0.132 seconds
[2023-12-03T18:37:03.621+0000] {processor.py:157} INFO - Started process (PID=849) to work on /home/airflow/.local/lib/python3.8/site-packages/airflow/example_dags/example_latest_only_with_trigger.py
[2023-12-03T18:37:03.623+0000] {processor.py:829} INFO - Processing file /home/airflow/.local/lib/python3.8/site-packages/airflow/example_dags/example_latest_only_with_trigger.py for tasks to queue
[2023-12-03T18:37:03.627+0000] {logging_mixin.py:154} INFO - [2023-12-03T18:37:03.626+0000] {dagbag.py:536} INFO - Filling up the DagBag from /home/airflow/.local/lib/python3.8/site-packages/airflow/example_dags/example_latest_only_with_trigger.py
[2023-12-03T18:37:03.639+0000] {processor.py:839} INFO - DAG(s) dict_keys(['latest_only_with_trigger']) retrieved from /home/airflow/.local/lib/python3.8/site-packages/airflow/example_dags/example_latest_only_with_trigger.py
[2023-12-03T18:37:03.682+0000] {logging_mixin.py:154} INFO - [2023-12-03T18:37:03.681+0000] {dag.py:2941} INFO - Sync 1 DAGs
[2023-12-03T18:37:03.732+0000] {logging_mixin.py:154} INFO - [2023-12-03T18:37:03.731+0000] {dag.py:3722} INFO - Setting next_dagrun for latest_only_with_trigger to 2023-12-03T14:37:03.731067+00:00, run_after=2023-12-03T18:37:03.731067+00:00
[2023-12-03T18:37:03.774+0000] {processor.py:179} INFO - Processing /home/airflow/.local/lib/python3.8/site-packages/airflow/example_dags/example_latest_only_with_trigger.py took 0.158 seconds
[2023-12-03T18:37:34.029+0000] {processor.py:157} INFO - Started process (PID=904) to work on /home/airflow/.local/lib/python3.8/site-packages/airflow/example_dags/example_latest_only_with_trigger.py
[2023-12-03T18:37:34.030+0000] {processor.py:829} INFO - Processing file /home/airflow/.local/lib/python3.8/site-packages/airflow/example_dags/example_latest_only_with_trigger.py for tasks to queue
[2023-12-03T18:37:34.034+0000] {logging_mixin.py:154} INFO - [2023-12-03T18:37:34.033+0000] {dagbag.py:536} INFO - Filling up the DagBag from /home/airflow/.local/lib/python3.8/site-packages/airflow/example_dags/example_latest_only_with_trigger.py
[2023-12-03T18:37:34.042+0000] {processor.py:839} INFO - DAG(s) dict_keys(['latest_only_with_trigger']) retrieved from /home/airflow/.local/lib/python3.8/site-packages/airflow/example_dags/example_latest_only_with_trigger.py
[2023-12-03T18:37:34.070+0000] {logging_mixin.py:154} INFO - [2023-12-03T18:37:34.070+0000] {dag.py:2941} INFO - Sync 1 DAGs
[2023-12-03T18:37:34.100+0000] {logging_mixin.py:154} INFO - [2023-12-03T18:37:34.100+0000] {dag.py:3722} INFO - Setting next_dagrun for latest_only_with_trigger to 2023-12-03T14:37:34.099933+00:00, run_after=2023-12-03T18:37:34.099933+00:00
[2023-12-03T18:37:34.133+0000] {processor.py:179} INFO - Processing /home/airflow/.local/lib/python3.8/site-packages/airflow/example_dags/example_latest_only_with_trigger.py took 0.109 seconds
[2023-12-03T18:38:04.611+0000] {processor.py:157} INFO - Started process (PID=959) to work on /home/airflow/.local/lib/python3.8/site-packages/airflow/example_dags/example_latest_only_with_trigger.py
[2023-12-03T18:38:04.613+0000] {processor.py:829} INFO - Processing file /home/airflow/.local/lib/python3.8/site-packages/airflow/example_dags/example_latest_only_with_trigger.py for tasks to queue
[2023-12-03T18:38:04.619+0000] {logging_mixin.py:154} INFO - [2023-12-03T18:38:04.618+0000] {dagbag.py:536} INFO - Filling up the DagBag from /home/airflow/.local/lib/python3.8/site-packages/airflow/example_dags/example_latest_only_with_trigger.py
[2023-12-03T18:38:04.630+0000] {processor.py:839} INFO - DAG(s) dict_keys(['latest_only_with_trigger']) retrieved from /home/airflow/.local/lib/python3.8/site-packages/airflow/example_dags/example_latest_only_with_trigger.py
[2023-12-03T18:38:04.680+0000] {logging_mixin.py:154} INFO - [2023-12-03T18:38:04.678+0000] {dag.py:2941} INFO - Sync 1 DAGs
[2023-12-03T18:38:04.713+0000] {logging_mixin.py:154} INFO - [2023-12-03T18:38:04.713+0000] {dag.py:3722} INFO - Setting next_dagrun for latest_only_with_trigger to 2023-12-03T14:38:04.713358+00:00, run_after=2023-12-03T18:38:04.713358+00:00
[2023-12-03T18:38:04.752+0000] {processor.py:179} INFO - Processing /home/airflow/.local/lib/python3.8/site-packages/airflow/example_dags/example_latest_only_with_trigger.py took 0.147 seconds
[2023-12-03T18:38:35.066+0000] {processor.py:157} INFO - Started process (PID=1014) to work on /home/airflow/.local/lib/python3.8/site-packages/airflow/example_dags/example_latest_only_with_trigger.py
[2023-12-03T18:38:35.067+0000] {processor.py:829} INFO - Processing file /home/airflow/.local/lib/python3.8/site-packages/airflow/example_dags/example_latest_only_with_trigger.py for tasks to queue
[2023-12-03T18:38:35.072+0000] {logging_mixin.py:154} INFO - [2023-12-03T18:38:35.071+0000] {dagbag.py:536} INFO - Filling up the DagBag from /home/airflow/.local/lib/python3.8/site-packages/airflow/example_dags/example_latest_only_with_trigger.py
[2023-12-03T18:38:35.086+0000] {processor.py:839} INFO - DAG(s) dict_keys(['latest_only_with_trigger']) retrieved from /home/airflow/.local/lib/python3.8/site-packages/airflow/example_dags/example_latest_only_with_trigger.py
[2023-12-03T18:38:35.121+0000] {logging_mixin.py:154} INFO - [2023-12-03T18:38:35.121+0000] {dag.py:2941} INFO - Sync 1 DAGs
[2023-12-03T18:38:35.158+0000] {logging_mixin.py:154} INFO - [2023-12-03T18:38:35.158+0000] {dag.py:3722} INFO - Setting next_dagrun for latest_only_with_trigger to 2023-12-03T14:38:35.157781+00:00, run_after=2023-12-03T18:38:35.157781+00:00
[2023-12-03T18:38:35.203+0000] {processor.py:179} INFO - Processing /home/airflow/.local/lib/python3.8/site-packages/airflow/example_dags/example_latest_only_with_trigger.py took 0.142 seconds
[2023-12-03T18:39:05.904+0000] {processor.py:157} INFO - Started process (PID=1069) to work on /home/airflow/.local/lib/python3.8/site-packages/airflow/example_dags/example_latest_only_with_trigger.py
[2023-12-03T18:39:05.905+0000] {processor.py:829} INFO - Processing file /home/airflow/.local/lib/python3.8/site-packages/airflow/example_dags/example_latest_only_with_trigger.py for tasks to queue
[2023-12-03T18:39:05.909+0000] {logging_mixin.py:154} INFO - [2023-12-03T18:39:05.908+0000] {dagbag.py:536} INFO - Filling up the DagBag from /home/airflow/.local/lib/python3.8/site-packages/airflow/example_dags/example_latest_only_with_trigger.py
[2023-12-03T18:39:05.917+0000] {processor.py:839} INFO - DAG(s) dict_keys(['latest_only_with_trigger']) retrieved from /home/airflow/.local/lib/python3.8/site-packages/airflow/example_dags/example_latest_only_with_trigger.py
[2023-12-03T18:39:05.950+0000] {logging_mixin.py:154} INFO - [2023-12-03T18:39:05.949+0000] {dag.py:2941} INFO - Sync 1 DAGs
[2023-12-03T18:39:05.982+0000] {logging_mixin.py:154} INFO - [2023-12-03T18:39:05.982+0000] {dag.py:3722} INFO - Setting next_dagrun for latest_only_with_trigger to 2023-12-03T14:39:05.981946+00:00, run_after=2023-12-03T18:39:05.981946+00:00
[2023-12-03T18:39:06.010+0000] {processor.py:179} INFO - Processing /home/airflow/.local/lib/python3.8/site-packages/airflow/example_dags/example_latest_only_with_trigger.py took 0.112 seconds
[2023-12-03T18:39:36.120+0000] {processor.py:157} INFO - Started process (PID=1124) to work on /home/airflow/.local/lib/python3.8/site-packages/airflow/example_dags/example_latest_only_with_trigger.py
[2023-12-03T18:39:36.121+0000] {processor.py:829} INFO - Processing file /home/airflow/.local/lib/python3.8/site-packages/airflow/example_dags/example_latest_only_with_trigger.py for tasks to queue
[2023-12-03T18:39:36.127+0000] {logging_mixin.py:154} INFO - [2023-12-03T18:39:36.126+0000] {dagbag.py:536} INFO - Filling up the DagBag from /home/airflow/.local/lib/python3.8/site-packages/airflow/example_dags/example_latest_only_with_trigger.py
[2023-12-03T18:39:36.147+0000] {processor.py:839} INFO - DAG(s) dict_keys(['latest_only_with_trigger']) retrieved from /home/airflow/.local/lib/python3.8/site-packages/airflow/example_dags/example_latest_only_with_trigger.py
[2023-12-03T18:39:36.180+0000] {logging_mixin.py:154} INFO - [2023-12-03T18:39:36.180+0000] {dag.py:2941} INFO - Sync 1 DAGs
[2023-12-03T18:39:36.208+0000] {logging_mixin.py:154} INFO - [2023-12-03T18:39:36.207+0000] {dag.py:3722} INFO - Setting next_dagrun for latest_only_with_trigger to 2023-12-03T14:39:36.207592+00:00, run_after=2023-12-03T18:39:36.207592+00:00
[2023-12-03T18:39:36.234+0000] {processor.py:179} INFO - Processing /home/airflow/.local/lib/python3.8/site-packages/airflow/example_dags/example_latest_only_with_trigger.py took 0.120 seconds
[2023-12-03T18:40:06.419+0000] {processor.py:157} INFO - Started process (PID=1179) to work on /home/airflow/.local/lib/python3.8/site-packages/airflow/example_dags/example_latest_only_with_trigger.py
[2023-12-03T18:40:06.420+0000] {processor.py:829} INFO - Processing file /home/airflow/.local/lib/python3.8/site-packages/airflow/example_dags/example_latest_only_with_trigger.py for tasks to queue
[2023-12-03T18:40:06.424+0000] {logging_mixin.py:154} INFO - [2023-12-03T18:40:06.424+0000] {dagbag.py:536} INFO - Filling up the DagBag from /home/airflow/.local/lib/python3.8/site-packages/airflow/example_dags/example_latest_only_with_trigger.py
[2023-12-03T18:40:06.434+0000] {processor.py:839} INFO - DAG(s) dict_keys(['latest_only_with_trigger']) retrieved from /home/airflow/.local/lib/python3.8/site-packages/airflow/example_dags/example_latest_only_with_trigger.py
[2023-12-03T18:40:06.467+0000] {logging_mixin.py:154} INFO - [2023-12-03T18:40:06.467+0000] {dag.py:2941} INFO - Sync 1 DAGs
[2023-12-03T18:40:06.510+0000] {logging_mixin.py:154} INFO - [2023-12-03T18:40:06.509+0000] {dag.py:3722} INFO - Setting next_dagrun for latest_only_with_trigger to 2023-12-03T14:40:06.509287+00:00, run_after=2023-12-03T18:40:06.509287+00:00
[2023-12-03T18:40:06.552+0000] {processor.py:179} INFO - Processing /home/airflow/.local/lib/python3.8/site-packages/airflow/example_dags/example_latest_only_with_trigger.py took 0.137 seconds
[2023-12-03T18:41:33.061+0000] {processor.py:157} INFO - Started process (PID=64) to work on /home/airflow/.local/lib/python3.8/site-packages/airflow/example_dags/example_latest_only_with_trigger.py
[2023-12-03T18:41:33.063+0000] {processor.py:829} INFO - Processing file /home/airflow/.local/lib/python3.8/site-packages/airflow/example_dags/example_latest_only_with_trigger.py for tasks to queue
[2023-12-03T18:41:33.066+0000] {logging_mixin.py:154} INFO - [2023-12-03T18:41:33.066+0000] {dagbag.py:536} INFO - Filling up the DagBag from /home/airflow/.local/lib/python3.8/site-packages/airflow/example_dags/example_latest_only_with_trigger.py
[2023-12-03T18:41:33.076+0000] {processor.py:839} INFO - DAG(s) dict_keys(['latest_only_with_trigger']) retrieved from /home/airflow/.local/lib/python3.8/site-packages/airflow/example_dags/example_latest_only_with_trigger.py
[2023-12-03T18:41:33.109+0000] {logging_mixin.py:154} INFO - [2023-12-03T18:41:33.109+0000] {dag.py:2941} INFO - Sync 1 DAGs
[2023-12-03T18:41:33.145+0000] {logging_mixin.py:154} INFO - [2023-12-03T18:41:33.145+0000] {dag.py:3722} INFO - Setting next_dagrun for latest_only_with_trigger to 2023-12-03T14:41:33.145192+00:00, run_after=2023-12-03T18:41:33.145192+00:00
[2023-12-03T18:41:33.355+0000] {processor.py:179} INFO - Processing /home/airflow/.local/lib/python3.8/site-packages/airflow/example_dags/example_latest_only_with_trigger.py took 0.298 seconds
[2023-12-03T18:41:57.959+0000] {processor.py:157} INFO - Started process (PID=63) to work on /home/airflow/.local/lib/python3.8/site-packages/airflow/example_dags/example_latest_only_with_trigger.py
[2023-12-03T18:41:57.961+0000] {processor.py:829} INFO - Processing file /home/airflow/.local/lib/python3.8/site-packages/airflow/example_dags/example_latest_only_with_trigger.py for tasks to queue
[2023-12-03T18:41:57.965+0000] {logging_mixin.py:154} INFO - [2023-12-03T18:41:57.964+0000] {dagbag.py:536} INFO - Filling up the DagBag from /home/airflow/.local/lib/python3.8/site-packages/airflow/example_dags/example_latest_only_with_trigger.py
[2023-12-03T18:41:57.974+0000] {processor.py:839} INFO - DAG(s) dict_keys(['latest_only_with_trigger']) retrieved from /home/airflow/.local/lib/python3.8/site-packages/airflow/example_dags/example_latest_only_with_trigger.py
[2023-12-03T18:41:58.005+0000] {logging_mixin.py:154} INFO - [2023-12-03T18:41:58.005+0000] {dag.py:2941} INFO - Sync 1 DAGs
[2023-12-03T18:41:58.040+0000] {logging_mixin.py:154} INFO - [2023-12-03T18:41:58.040+0000] {dag.py:3722} INFO - Setting next_dagrun for latest_only_with_trigger to 2023-12-03T14:41:58.039753+00:00, run_after=2023-12-03T18:41:58.039753+00:00
[2023-12-03T18:41:58.068+0000] {processor.py:179} INFO - Processing /home/airflow/.local/lib/python3.8/site-packages/airflow/example_dags/example_latest_only_with_trigger.py took 0.113 seconds
[2023-12-03T18:42:28.442+0000] {processor.py:157} INFO - Started process (PID=118) to work on /home/airflow/.local/lib/python3.8/site-packages/airflow/example_dags/example_latest_only_with_trigger.py
[2023-12-03T18:42:28.444+0000] {processor.py:829} INFO - Processing file /home/airflow/.local/lib/python3.8/site-packages/airflow/example_dags/example_latest_only_with_trigger.py for tasks to queue
[2023-12-03T18:42:28.448+0000] {logging_mixin.py:154} INFO - [2023-12-03T18:42:28.448+0000] {dagbag.py:536} INFO - Filling up the DagBag from /home/airflow/.local/lib/python3.8/site-packages/airflow/example_dags/example_latest_only_with_trigger.py
[2023-12-03T18:42:28.459+0000] {processor.py:839} INFO - DAG(s) dict_keys(['latest_only_with_trigger']) retrieved from /home/airflow/.local/lib/python3.8/site-packages/airflow/example_dags/example_latest_only_with_trigger.py
[2023-12-03T18:42:28.493+0000] {logging_mixin.py:154} INFO - [2023-12-03T18:42:28.493+0000] {dag.py:2941} INFO - Sync 1 DAGs
[2023-12-03T18:42:28.533+0000] {logging_mixin.py:154} INFO - [2023-12-03T18:42:28.532+0000] {dag.py:3722} INFO - Setting next_dagrun for latest_only_with_trigger to 2023-12-03T14:42:28.532457+00:00, run_after=2023-12-03T18:42:28.532457+00:00
[2023-12-03T18:42:28.566+0000] {processor.py:179} INFO - Processing /home/airflow/.local/lib/python3.8/site-packages/airflow/example_dags/example_latest_only_with_trigger.py took 0.130 seconds
[2023-12-03T18:42:59.604+0000] {processor.py:157} INFO - Started process (PID=174) to work on /home/airflow/.local/lib/python3.8/site-packages/airflow/example_dags/example_latest_only_with_trigger.py
[2023-12-03T18:42:59.606+0000] {processor.py:829} INFO - Processing file /home/airflow/.local/lib/python3.8/site-packages/airflow/example_dags/example_latest_only_with_trigger.py for tasks to queue
[2023-12-03T18:42:59.610+0000] {logging_mixin.py:154} INFO - [2023-12-03T18:42:59.609+0000] {dagbag.py:536} INFO - Filling up the DagBag from /home/airflow/.local/lib/python3.8/site-packages/airflow/example_dags/example_latest_only_with_trigger.py
[2023-12-03T18:42:59.621+0000] {processor.py:839} INFO - DAG(s) dict_keys(['latest_only_with_trigger']) retrieved from /home/airflow/.local/lib/python3.8/site-packages/airflow/example_dags/example_latest_only_with_trigger.py
[2023-12-03T18:42:59.664+0000] {logging_mixin.py:154} INFO - [2023-12-03T18:42:59.664+0000] {dag.py:2941} INFO - Sync 1 DAGs
[2023-12-03T18:42:59.706+0000] {logging_mixin.py:154} INFO - [2023-12-03T18:42:59.706+0000] {dag.py:3722} INFO - Setting next_dagrun for latest_only_with_trigger to 2023-12-03T14:42:59.705987+00:00, run_after=2023-12-03T18:42:59.705987+00:00
[2023-12-03T18:42:59.740+0000] {processor.py:179} INFO - Processing /home/airflow/.local/lib/python3.8/site-packages/airflow/example_dags/example_latest_only_with_trigger.py took 0.142 seconds
[2023-12-03T18:43:30.392+0000] {processor.py:157} INFO - Started process (PID=229) to work on /home/airflow/.local/lib/python3.8/site-packages/airflow/example_dags/example_latest_only_with_trigger.py
[2023-12-03T18:43:30.393+0000] {processor.py:829} INFO - Processing file /home/airflow/.local/lib/python3.8/site-packages/airflow/example_dags/example_latest_only_with_trigger.py for tasks to queue
[2023-12-03T18:43:30.397+0000] {logging_mixin.py:154} INFO - [2023-12-03T18:43:30.396+0000] {dagbag.py:536} INFO - Filling up the DagBag from /home/airflow/.local/lib/python3.8/site-packages/airflow/example_dags/example_latest_only_with_trigger.py
[2023-12-03T18:43:30.407+0000] {processor.py:839} INFO - DAG(s) dict_keys(['latest_only_with_trigger']) retrieved from /home/airflow/.local/lib/python3.8/site-packages/airflow/example_dags/example_latest_only_with_trigger.py
[2023-12-03T18:43:30.439+0000] {logging_mixin.py:154} INFO - [2023-12-03T18:43:30.438+0000] {dag.py:2941} INFO - Sync 1 DAGs
[2023-12-03T18:43:30.498+0000] {logging_mixin.py:154} INFO - [2023-12-03T18:43:30.498+0000] {dag.py:3722} INFO - Setting next_dagrun for latest_only_with_trigger to 2023-12-03T14:43:30.498107+00:00, run_after=2023-12-03T18:43:30.498107+00:00
[2023-12-03T18:43:30.531+0000] {processor.py:179} INFO - Processing /home/airflow/.local/lib/python3.8/site-packages/airflow/example_dags/example_latest_only_with_trigger.py took 0.143 seconds
[2023-12-03T18:44:01.327+0000] {processor.py:157} INFO - Started process (PID=284) to work on /home/airflow/.local/lib/python3.8/site-packages/airflow/example_dags/example_latest_only_with_trigger.py
[2023-12-03T18:44:01.329+0000] {processor.py:829} INFO - Processing file /home/airflow/.local/lib/python3.8/site-packages/airflow/example_dags/example_latest_only_with_trigger.py for tasks to queue
[2023-12-03T18:44:01.333+0000] {logging_mixin.py:154} INFO - [2023-12-03T18:44:01.332+0000] {dagbag.py:536} INFO - Filling up the DagBag from /home/airflow/.local/lib/python3.8/site-packages/airflow/example_dags/example_latest_only_with_trigger.py
[2023-12-03T18:44:01.341+0000] {processor.py:839} INFO - DAG(s) dict_keys(['latest_only_with_trigger']) retrieved from /home/airflow/.local/lib/python3.8/site-packages/airflow/example_dags/example_latest_only_with_trigger.py
[2023-12-03T18:44:01.380+0000] {logging_mixin.py:154} INFO - [2023-12-03T18:44:01.380+0000] {dag.py:2941} INFO - Sync 1 DAGs
[2023-12-03T18:44:01.411+0000] {logging_mixin.py:154} INFO - [2023-12-03T18:44:01.411+0000] {dag.py:3722} INFO - Setting next_dagrun for latest_only_with_trigger to 2023-12-03T14:44:01.411045+00:00, run_after=2023-12-03T18:44:01.411045+00:00
[2023-12-03T18:44:01.456+0000] {processor.py:179} INFO - Processing /home/airflow/.local/lib/python3.8/site-packages/airflow/example_dags/example_latest_only_with_trigger.py took 0.133 seconds
[2023-12-03T18:44:31.873+0000] {processor.py:157} INFO - Started process (PID=339) to work on /home/airflow/.local/lib/python3.8/site-packages/airflow/example_dags/example_latest_only_with_trigger.py
[2023-12-03T18:44:31.874+0000] {processor.py:829} INFO - Processing file /home/airflow/.local/lib/python3.8/site-packages/airflow/example_dags/example_latest_only_with_trigger.py for tasks to queue
[2023-12-03T18:44:31.878+0000] {logging_mixin.py:154} INFO - [2023-12-03T18:44:31.878+0000] {dagbag.py:536} INFO - Filling up the DagBag from /home/airflow/.local/lib/python3.8/site-packages/airflow/example_dags/example_latest_only_with_trigger.py
[2023-12-03T18:44:31.887+0000] {processor.py:839} INFO - DAG(s) dict_keys(['latest_only_with_trigger']) retrieved from /home/airflow/.local/lib/python3.8/site-packages/airflow/example_dags/example_latest_only_with_trigger.py
[2023-12-03T18:44:31.921+0000] {logging_mixin.py:154} INFO - [2023-12-03T18:44:31.921+0000] {dag.py:2941} INFO - Sync 1 DAGs
[2023-12-03T18:44:31.961+0000] {logging_mixin.py:154} INFO - [2023-12-03T18:44:31.961+0000] {dag.py:3722} INFO - Setting next_dagrun for latest_only_with_trigger to 2023-12-03T14:44:31.960991+00:00, run_after=2023-12-03T18:44:31.960991+00:00
[2023-12-03T18:44:32.003+0000] {processor.py:179} INFO - Processing /home/airflow/.local/lib/python3.8/site-packages/airflow/example_dags/example_latest_only_with_trigger.py took 0.138 seconds
[2023-12-03T18:48:29.385+0000] {processor.py:157} INFO - Started process (PID=67) to work on /home/airflow/.local/lib/python3.8/site-packages/airflow/example_dags/example_latest_only_with_trigger.py
[2023-12-03T18:48:29.386+0000] {processor.py:829} INFO - Processing file /home/airflow/.local/lib/python3.8/site-packages/airflow/example_dags/example_latest_only_with_trigger.py for tasks to queue
[2023-12-03T18:48:29.389+0000] {logging_mixin.py:154} INFO - [2023-12-03T18:48:29.389+0000] {dagbag.py:536} INFO - Filling up the DagBag from /home/airflow/.local/lib/python3.8/site-packages/airflow/example_dags/example_latest_only_with_trigger.py
[2023-12-03T18:48:29.401+0000] {processor.py:839} INFO - DAG(s) dict_keys(['latest_only_with_trigger']) retrieved from /home/airflow/.local/lib/python3.8/site-packages/airflow/example_dags/example_latest_only_with_trigger.py
[2023-12-03T18:48:29.428+0000] {logging_mixin.py:154} INFO - [2023-12-03T18:48:29.427+0000] {dag.py:2941} INFO - Sync 1 DAGs
[2023-12-03T18:48:29.473+0000] {logging_mixin.py:154} INFO - [2023-12-03T18:48:29.473+0000] {dag.py:3722} INFO - Setting next_dagrun for latest_only_with_trigger to 2023-12-03T14:48:29.472657+00:00, run_after=2023-12-03T18:48:29.472657+00:00
[2023-12-03T18:48:29.507+0000] {processor.py:179} INFO - Processing /home/airflow/.local/lib/python3.8/site-packages/airflow/example_dags/example_latest_only_with_trigger.py took 0.126 seconds
[2023-12-03T18:49:00.326+0000] {processor.py:157} INFO - Started process (PID=122) to work on /home/airflow/.local/lib/python3.8/site-packages/airflow/example_dags/example_latest_only_with_trigger.py
[2023-12-03T18:49:00.327+0000] {processor.py:829} INFO - Processing file /home/airflow/.local/lib/python3.8/site-packages/airflow/example_dags/example_latest_only_with_trigger.py for tasks to queue
[2023-12-03T18:49:00.332+0000] {logging_mixin.py:154} INFO - [2023-12-03T18:49:00.332+0000] {dagbag.py:536} INFO - Filling up the DagBag from /home/airflow/.local/lib/python3.8/site-packages/airflow/example_dags/example_latest_only_with_trigger.py
[2023-12-03T18:49:00.342+0000] {processor.py:839} INFO - DAG(s) dict_keys(['latest_only_with_trigger']) retrieved from /home/airflow/.local/lib/python3.8/site-packages/airflow/example_dags/example_latest_only_with_trigger.py
[2023-12-03T18:49:00.372+0000] {logging_mixin.py:154} INFO - [2023-12-03T18:49:00.372+0000] {dag.py:2941} INFO - Sync 1 DAGs
[2023-12-03T18:49:00.409+0000] {logging_mixin.py:154} INFO - [2023-12-03T18:49:00.409+0000] {dag.py:3722} INFO - Setting next_dagrun for latest_only_with_trigger to 2023-12-03T14:49:00.409399+00:00, run_after=2023-12-03T18:49:00.409399+00:00
[2023-12-03T18:49:00.447+0000] {processor.py:179} INFO - Processing /home/airflow/.local/lib/python3.8/site-packages/airflow/example_dags/example_latest_only_with_trigger.py took 0.126 seconds
[2023-12-03T18:49:30.775+0000] {processor.py:157} INFO - Started process (PID=177) to work on /home/airflow/.local/lib/python3.8/site-packages/airflow/example_dags/example_latest_only_with_trigger.py
[2023-12-03T18:49:30.777+0000] {processor.py:829} INFO - Processing file /home/airflow/.local/lib/python3.8/site-packages/airflow/example_dags/example_latest_only_with_trigger.py for tasks to queue
[2023-12-03T18:49:30.781+0000] {logging_mixin.py:154} INFO - [2023-12-03T18:49:30.781+0000] {dagbag.py:536} INFO - Filling up the DagBag from /home/airflow/.local/lib/python3.8/site-packages/airflow/example_dags/example_latest_only_with_trigger.py
[2023-12-03T18:49:30.791+0000] {processor.py:839} INFO - DAG(s) dict_keys(['latest_only_with_trigger']) retrieved from /home/airflow/.local/lib/python3.8/site-packages/airflow/example_dags/example_latest_only_with_trigger.py
[2023-12-03T18:49:30.825+0000] {logging_mixin.py:154} INFO - [2023-12-03T18:49:30.824+0000] {dag.py:2941} INFO - Sync 1 DAGs
[2023-12-03T18:49:30.856+0000] {logging_mixin.py:154} INFO - [2023-12-03T18:49:30.856+0000] {dag.py:3722} INFO - Setting next_dagrun for latest_only_with_trigger to 2023-12-03T14:49:30.856136+00:00, run_after=2023-12-03T18:49:30.856136+00:00
[2023-12-03T18:49:30.897+0000] {processor.py:179} INFO - Processing /home/airflow/.local/lib/python3.8/site-packages/airflow/example_dags/example_latest_only_with_trigger.py took 0.126 seconds
