[2023-12-03T18:18:45.239+0000] {processor.py:157} INFO - Started process (PID=37) to work on /home/airflow/.local/lib/python3.8/site-packages/airflow/example_dags/example_short_circuit_operator.py
[2023-12-03T18:18:45.241+0000] {processor.py:829} INFO - Processing file /home/airflow/.local/lib/python3.8/site-packages/airflow/example_dags/example_short_circuit_operator.py for tasks to queue
[2023-12-03T18:18:45.245+0000] {logging_mixin.py:154} INFO - [2023-12-03T18:18:45.244+0000] {dagbag.py:536} INFO - Filling up the DagBag from /home/airflow/.local/lib/python3.8/site-packages/airflow/example_dags/example_short_circuit_operator.py
[2023-12-03T18:18:45.264+0000] {processor.py:839} INFO - DAG(s) dict_keys(['example_short_circuit_operator']) retrieved from /home/airflow/.local/lib/python3.8/site-packages/airflow/example_dags/example_short_circuit_operator.py
[2023-12-03T18:18:45.323+0000] {logging_mixin.py:154} INFO - [2023-12-03T18:18:45.323+0000] {dag.py:2941} INFO - Sync 1 DAGs
[2023-12-03T18:18:45.363+0000] {logging_mixin.py:154} INFO - [2023-12-03T18:18:45.363+0000] {dag.py:3722} INFO - Setting next_dagrun for example_short_circuit_operator to 2023-12-02T18:18:45.362502+00:00, run_after=2023-12-03T18:18:45.362502+00:00
[2023-12-03T18:18:45.410+0000] {processor.py:179} INFO - Processing /home/airflow/.local/lib/python3.8/site-packages/airflow/example_dags/example_short_circuit_operator.py took 0.176 seconds
[2023-12-03T18:19:15.664+0000] {processor.py:157} INFO - Started process (PID=91) to work on /home/airflow/.local/lib/python3.8/site-packages/airflow/example_dags/example_short_circuit_operator.py
[2023-12-03T18:19:15.665+0000] {processor.py:829} INFO - Processing file /home/airflow/.local/lib/python3.8/site-packages/airflow/example_dags/example_short_circuit_operator.py for tasks to queue
[2023-12-03T18:19:15.669+0000] {logging_mixin.py:154} INFO - [2023-12-03T18:19:15.668+0000] {dagbag.py:536} INFO - Filling up the DagBag from /home/airflow/.local/lib/python3.8/site-packages/airflow/example_dags/example_short_circuit_operator.py
[2023-12-03T18:19:15.680+0000] {processor.py:839} INFO - DAG(s) dict_keys(['example_short_circuit_operator']) retrieved from /home/airflow/.local/lib/python3.8/site-packages/airflow/example_dags/example_short_circuit_operator.py
[2023-12-03T18:19:15.726+0000] {logging_mixin.py:154} INFO - [2023-12-03T18:19:15.725+0000] {dag.py:2941} INFO - Sync 1 DAGs
[2023-12-03T18:19:15.770+0000] {logging_mixin.py:154} INFO - [2023-12-03T18:19:15.769+0000] {dag.py:3722} INFO - Setting next_dagrun for example_short_circuit_operator to 2023-12-02T18:19:15.769537+00:00, run_after=2023-12-03T18:19:15.769537+00:00
[2023-12-03T18:19:15.818+0000] {processor.py:179} INFO - Processing /home/airflow/.local/lib/python3.8/site-packages/airflow/example_dags/example_short_circuit_operator.py took 0.158 seconds
[2023-12-03T18:19:46.499+0000] {processor.py:157} INFO - Started process (PID=145) to work on /home/airflow/.local/lib/python3.8/site-packages/airflow/example_dags/example_short_circuit_operator.py
[2023-12-03T18:19:46.501+0000] {processor.py:829} INFO - Processing file /home/airflow/.local/lib/python3.8/site-packages/airflow/example_dags/example_short_circuit_operator.py for tasks to queue
[2023-12-03T18:19:46.506+0000] {logging_mixin.py:154} INFO - [2023-12-03T18:19:46.505+0000] {dagbag.py:536} INFO - Filling up the DagBag from /home/airflow/.local/lib/python3.8/site-packages/airflow/example_dags/example_short_circuit_operator.py
[2023-12-03T18:19:46.520+0000] {processor.py:839} INFO - DAG(s) dict_keys(['example_short_circuit_operator']) retrieved from /home/airflow/.local/lib/python3.8/site-packages/airflow/example_dags/example_short_circuit_operator.py
[2023-12-03T18:19:46.546+0000] {logging_mixin.py:154} INFO - [2023-12-03T18:19:46.546+0000] {dag.py:2941} INFO - Sync 1 DAGs
[2023-12-03T18:19:46.610+0000] {logging_mixin.py:154} INFO - [2023-12-03T18:19:46.610+0000] {dag.py:3722} INFO - Setting next_dagrun for example_short_circuit_operator to 2023-12-02T18:19:46.609817+00:00, run_after=2023-12-03T18:19:46.609817+00:00
[2023-12-03T18:19:46.663+0000] {processor.py:179} INFO - Processing /home/airflow/.local/lib/python3.8/site-packages/airflow/example_dags/example_short_circuit_operator.py took 0.169 seconds
[2023-12-03T18:20:17.107+0000] {processor.py:157} INFO - Started process (PID=199) to work on /home/airflow/.local/lib/python3.8/site-packages/airflow/example_dags/example_short_circuit_operator.py
[2023-12-03T18:20:17.109+0000] {processor.py:829} INFO - Processing file /home/airflow/.local/lib/python3.8/site-packages/airflow/example_dags/example_short_circuit_operator.py for tasks to queue
[2023-12-03T18:20:17.113+0000] {logging_mixin.py:154} INFO - [2023-12-03T18:20:17.113+0000] {dagbag.py:536} INFO - Filling up the DagBag from /home/airflow/.local/lib/python3.8/site-packages/airflow/example_dags/example_short_circuit_operator.py
[2023-12-03T18:20:17.125+0000] {processor.py:839} INFO - DAG(s) dict_keys(['example_short_circuit_operator']) retrieved from /home/airflow/.local/lib/python3.8/site-packages/airflow/example_dags/example_short_circuit_operator.py
[2023-12-03T18:20:17.169+0000] {logging_mixin.py:154} INFO - [2023-12-03T18:20:17.169+0000] {dag.py:2941} INFO - Sync 1 DAGs
[2023-12-03T18:20:17.216+0000] {logging_mixin.py:154} INFO - [2023-12-03T18:20:17.216+0000] {dag.py:3722} INFO - Setting next_dagrun for example_short_circuit_operator to 2023-12-02T18:20:17.216022+00:00, run_after=2023-12-03T18:20:17.216022+00:00
[2023-12-03T18:20:17.252+0000] {processor.py:179} INFO - Processing /home/airflow/.local/lib/python3.8/site-packages/airflow/example_dags/example_short_circuit_operator.py took 0.150 seconds
[2023-12-03T18:20:47.492+0000] {processor.py:157} INFO - Started process (PID=253) to work on /home/airflow/.local/lib/python3.8/site-packages/airflow/example_dags/example_short_circuit_operator.py
[2023-12-03T18:20:47.493+0000] {processor.py:829} INFO - Processing file /home/airflow/.local/lib/python3.8/site-packages/airflow/example_dags/example_short_circuit_operator.py for tasks to queue
[2023-12-03T18:20:47.497+0000] {logging_mixin.py:154} INFO - [2023-12-03T18:20:47.496+0000] {dagbag.py:536} INFO - Filling up the DagBag from /home/airflow/.local/lib/python3.8/site-packages/airflow/example_dags/example_short_circuit_operator.py
[2023-12-03T18:20:47.509+0000] {processor.py:839} INFO - DAG(s) dict_keys(['example_short_circuit_operator']) retrieved from /home/airflow/.local/lib/python3.8/site-packages/airflow/example_dags/example_short_circuit_operator.py
[2023-12-03T18:20:47.546+0000] {logging_mixin.py:154} INFO - [2023-12-03T18:20:47.546+0000] {dag.py:2941} INFO - Sync 1 DAGs
[2023-12-03T18:20:47.583+0000] {logging_mixin.py:154} INFO - [2023-12-03T18:20:47.582+0000] {dag.py:3722} INFO - Setting next_dagrun for example_short_circuit_operator to 2023-12-02T18:20:47.582611+00:00, run_after=2023-12-03T18:20:47.582611+00:00
[2023-12-03T18:20:47.624+0000] {processor.py:179} INFO - Processing /home/airflow/.local/lib/python3.8/site-packages/airflow/example_dags/example_short_circuit_operator.py took 0.138 seconds
[2023-12-03T18:21:18.162+0000] {processor.py:157} INFO - Started process (PID=307) to work on /home/airflow/.local/lib/python3.8/site-packages/airflow/example_dags/example_short_circuit_operator.py
[2023-12-03T18:21:18.163+0000] {processor.py:829} INFO - Processing file /home/airflow/.local/lib/python3.8/site-packages/airflow/example_dags/example_short_circuit_operator.py for tasks to queue
[2023-12-03T18:21:18.168+0000] {logging_mixin.py:154} INFO - [2023-12-03T18:21:18.167+0000] {dagbag.py:536} INFO - Filling up the DagBag from /home/airflow/.local/lib/python3.8/site-packages/airflow/example_dags/example_short_circuit_operator.py
[2023-12-03T18:21:18.180+0000] {processor.py:839} INFO - DAG(s) dict_keys(['example_short_circuit_operator']) retrieved from /home/airflow/.local/lib/python3.8/site-packages/airflow/example_dags/example_short_circuit_operator.py
[2023-12-03T18:21:18.201+0000] {logging_mixin.py:154} INFO - [2023-12-03T18:21:18.201+0000] {dag.py:2941} INFO - Sync 1 DAGs
[2023-12-03T18:21:18.237+0000] {logging_mixin.py:154} INFO - [2023-12-03T18:21:18.237+0000] {dag.py:3722} INFO - Setting next_dagrun for example_short_circuit_operator to 2023-12-02T18:21:18.237237+00:00, run_after=2023-12-03T18:21:18.237237+00:00
[2023-12-03T18:21:18.270+0000] {processor.py:179} INFO - Processing /home/airflow/.local/lib/python3.8/site-packages/airflow/example_dags/example_short_circuit_operator.py took 0.113 seconds
[2023-12-03T18:21:48.443+0000] {processor.py:157} INFO - Started process (PID=361) to work on /home/airflow/.local/lib/python3.8/site-packages/airflow/example_dags/example_short_circuit_operator.py
[2023-12-03T18:21:48.444+0000] {processor.py:829} INFO - Processing file /home/airflow/.local/lib/python3.8/site-packages/airflow/example_dags/example_short_circuit_operator.py for tasks to queue
[2023-12-03T18:21:48.448+0000] {logging_mixin.py:154} INFO - [2023-12-03T18:21:48.448+0000] {dagbag.py:536} INFO - Filling up the DagBag from /home/airflow/.local/lib/python3.8/site-packages/airflow/example_dags/example_short_circuit_operator.py
[2023-12-03T18:21:48.459+0000] {processor.py:839} INFO - DAG(s) dict_keys(['example_short_circuit_operator']) retrieved from /home/airflow/.local/lib/python3.8/site-packages/airflow/example_dags/example_short_circuit_operator.py
[2023-12-03T18:21:48.495+0000] {logging_mixin.py:154} INFO - [2023-12-03T18:21:48.495+0000] {dag.py:2941} INFO - Sync 1 DAGs
[2023-12-03T18:21:48.531+0000] {logging_mixin.py:154} INFO - [2023-12-03T18:21:48.531+0000] {dag.py:3722} INFO - Setting next_dagrun for example_short_circuit_operator to 2023-12-02T18:21:48.530939+00:00, run_after=2023-12-03T18:21:48.530939+00:00
[2023-12-03T18:21:48.564+0000] {processor.py:179} INFO - Processing /home/airflow/.local/lib/python3.8/site-packages/airflow/example_dags/example_short_circuit_operator.py took 0.126 seconds
[2023-12-03T18:22:18.761+0000] {processor.py:157} INFO - Started process (PID=415) to work on /home/airflow/.local/lib/python3.8/site-packages/airflow/example_dags/example_short_circuit_operator.py
[2023-12-03T18:22:18.763+0000] {processor.py:829} INFO - Processing file /home/airflow/.local/lib/python3.8/site-packages/airflow/example_dags/example_short_circuit_operator.py for tasks to queue
[2023-12-03T18:22:18.767+0000] {logging_mixin.py:154} INFO - [2023-12-03T18:22:18.767+0000] {dagbag.py:536} INFO - Filling up the DagBag from /home/airflow/.local/lib/python3.8/site-packages/airflow/example_dags/example_short_circuit_operator.py
[2023-12-03T18:22:18.782+0000] {processor.py:839} INFO - DAG(s) dict_keys(['example_short_circuit_operator']) retrieved from /home/airflow/.local/lib/python3.8/site-packages/airflow/example_dags/example_short_circuit_operator.py
[2023-12-03T18:22:18.827+0000] {logging_mixin.py:154} INFO - [2023-12-03T18:22:18.827+0000] {dag.py:2941} INFO - Sync 1 DAGs
[2023-12-03T18:22:18.873+0000] {logging_mixin.py:154} INFO - [2023-12-03T18:22:18.873+0000] {dag.py:3722} INFO - Setting next_dagrun for example_short_circuit_operator to 2023-12-02T18:22:18.872715+00:00, run_after=2023-12-03T18:22:18.872715+00:00
[2023-12-03T18:22:18.913+0000] {processor.py:179} INFO - Processing /home/airflow/.local/lib/python3.8/site-packages/airflow/example_dags/example_short_circuit_operator.py took 0.157 seconds
[2023-12-03T18:22:49.396+0000] {processor.py:157} INFO - Started process (PID=469) to work on /home/airflow/.local/lib/python3.8/site-packages/airflow/example_dags/example_short_circuit_operator.py
[2023-12-03T18:22:49.399+0000] {processor.py:829} INFO - Processing file /home/airflow/.local/lib/python3.8/site-packages/airflow/example_dags/example_short_circuit_operator.py for tasks to queue
[2023-12-03T18:22:49.404+0000] {logging_mixin.py:154} INFO - [2023-12-03T18:22:49.403+0000] {dagbag.py:536} INFO - Filling up the DagBag from /home/airflow/.local/lib/python3.8/site-packages/airflow/example_dags/example_short_circuit_operator.py
[2023-12-03T18:22:49.420+0000] {processor.py:839} INFO - DAG(s) dict_keys(['example_short_circuit_operator']) retrieved from /home/airflow/.local/lib/python3.8/site-packages/airflow/example_dags/example_short_circuit_operator.py
[2023-12-03T18:22:49.468+0000] {logging_mixin.py:154} INFO - [2023-12-03T18:22:49.468+0000] {dag.py:2941} INFO - Sync 1 DAGs
[2023-12-03T18:22:49.516+0000] {logging_mixin.py:154} INFO - [2023-12-03T18:22:49.516+0000] {dag.py:3722} INFO - Setting next_dagrun for example_short_circuit_operator to 2023-12-02T18:22:49.515979+00:00, run_after=2023-12-03T18:22:49.515979+00:00
[2023-12-03T18:22:49.570+0000] {processor.py:179} INFO - Processing /home/airflow/.local/lib/python3.8/site-packages/airflow/example_dags/example_short_circuit_operator.py took 0.180 seconds
[2023-12-03T18:23:55.142+0000] {processor.py:157} INFO - Started process (PID=37) to work on /home/airflow/.local/lib/python3.8/site-packages/airflow/example_dags/example_short_circuit_operator.py
[2023-12-03T18:23:55.144+0000] {processor.py:829} INFO - Processing file /home/airflow/.local/lib/python3.8/site-packages/airflow/example_dags/example_short_circuit_operator.py for tasks to queue
[2023-12-03T18:23:55.148+0000] {logging_mixin.py:154} INFO - [2023-12-03T18:23:55.147+0000] {dagbag.py:536} INFO - Filling up the DagBag from /home/airflow/.local/lib/python3.8/site-packages/airflow/example_dags/example_short_circuit_operator.py
[2023-12-03T18:23:55.168+0000] {processor.py:839} INFO - DAG(s) dict_keys(['example_short_circuit_operator']) retrieved from /home/airflow/.local/lib/python3.8/site-packages/airflow/example_dags/example_short_circuit_operator.py
[2023-12-03T18:23:55.191+0000] {logging_mixin.py:154} INFO - [2023-12-03T18:23:55.190+0000] {dag.py:2941} INFO - Sync 1 DAGs
[2023-12-03T18:23:55.241+0000] {logging_mixin.py:154} INFO - [2023-12-03T18:23:55.241+0000] {dag.py:3722} INFO - Setting next_dagrun for example_short_circuit_operator to 2023-12-02T18:23:55.240504+00:00, run_after=2023-12-03T18:23:55.240504+00:00
[2023-12-03T18:23:55.287+0000] {processor.py:179} INFO - Processing /home/airflow/.local/lib/python3.8/site-packages/airflow/example_dags/example_short_circuit_operator.py took 0.151 seconds
[2023-12-03T18:24:25.459+0000] {processor.py:157} INFO - Started process (PID=91) to work on /home/airflow/.local/lib/python3.8/site-packages/airflow/example_dags/example_short_circuit_operator.py
[2023-12-03T18:24:25.460+0000] {processor.py:829} INFO - Processing file /home/airflow/.local/lib/python3.8/site-packages/airflow/example_dags/example_short_circuit_operator.py for tasks to queue
[2023-12-03T18:24:25.463+0000] {logging_mixin.py:154} INFO - [2023-12-03T18:24:25.463+0000] {dagbag.py:536} INFO - Filling up the DagBag from /home/airflow/.local/lib/python3.8/site-packages/airflow/example_dags/example_short_circuit_operator.py
[2023-12-03T18:24:25.473+0000] {processor.py:839} INFO - DAG(s) dict_keys(['example_short_circuit_operator']) retrieved from /home/airflow/.local/lib/python3.8/site-packages/airflow/example_dags/example_short_circuit_operator.py
[2023-12-03T18:24:25.532+0000] {logging_mixin.py:154} INFO - [2023-12-03T18:24:25.531+0000] {dag.py:2941} INFO - Sync 1 DAGs
[2023-12-03T18:24:25.567+0000] {logging_mixin.py:154} INFO - [2023-12-03T18:24:25.566+0000] {dag.py:3722} INFO - Setting next_dagrun for example_short_circuit_operator to 2023-12-02T18:24:25.566091+00:00, run_after=2023-12-03T18:24:25.566091+00:00
[2023-12-03T18:24:25.606+0000] {processor.py:179} INFO - Processing /home/airflow/.local/lib/python3.8/site-packages/airflow/example_dags/example_short_circuit_operator.py took 0.151 seconds
[2023-12-03T18:24:55.804+0000] {processor.py:157} INFO - Started process (PID=145) to work on /home/airflow/.local/lib/python3.8/site-packages/airflow/example_dags/example_short_circuit_operator.py
[2023-12-03T18:24:55.806+0000] {processor.py:829} INFO - Processing file /home/airflow/.local/lib/python3.8/site-packages/airflow/example_dags/example_short_circuit_operator.py for tasks to queue
[2023-12-03T18:24:55.813+0000] {logging_mixin.py:154} INFO - [2023-12-03T18:24:55.812+0000] {dagbag.py:536} INFO - Filling up the DagBag from /home/airflow/.local/lib/python3.8/site-packages/airflow/example_dags/example_short_circuit_operator.py
[2023-12-03T18:24:55.835+0000] {processor.py:839} INFO - DAG(s) dict_keys(['example_short_circuit_operator']) retrieved from /home/airflow/.local/lib/python3.8/site-packages/airflow/example_dags/example_short_circuit_operator.py
[2023-12-03T18:24:55.871+0000] {logging_mixin.py:154} INFO - [2023-12-03T18:24:55.871+0000] {dag.py:2941} INFO - Sync 1 DAGs
[2023-12-03T18:24:55.903+0000] {logging_mixin.py:154} INFO - [2023-12-03T18:24:55.903+0000] {dag.py:3722} INFO - Setting next_dagrun for example_short_circuit_operator to 2023-12-02T18:24:55.903162+00:00, run_after=2023-12-03T18:24:55.903162+00:00
[2023-12-03T18:24:55.942+0000] {processor.py:179} INFO - Processing /home/airflow/.local/lib/python3.8/site-packages/airflow/example_dags/example_short_circuit_operator.py took 0.146 seconds
[2023-12-03T18:25:26.196+0000] {processor.py:157} INFO - Started process (PID=199) to work on /home/airflow/.local/lib/python3.8/site-packages/airflow/example_dags/example_short_circuit_operator.py
[2023-12-03T18:25:26.197+0000] {processor.py:829} INFO - Processing file /home/airflow/.local/lib/python3.8/site-packages/airflow/example_dags/example_short_circuit_operator.py for tasks to queue
[2023-12-03T18:25:26.201+0000] {logging_mixin.py:154} INFO - [2023-12-03T18:25:26.200+0000] {dagbag.py:536} INFO - Filling up the DagBag from /home/airflow/.local/lib/python3.8/site-packages/airflow/example_dags/example_short_circuit_operator.py
[2023-12-03T18:25:26.210+0000] {processor.py:839} INFO - DAG(s) dict_keys(['example_short_circuit_operator']) retrieved from /home/airflow/.local/lib/python3.8/site-packages/airflow/example_dags/example_short_circuit_operator.py
[2023-12-03T18:25:26.244+0000] {logging_mixin.py:154} INFO - [2023-12-03T18:25:26.243+0000] {dag.py:2941} INFO - Sync 1 DAGs
[2023-12-03T18:25:26.276+0000] {logging_mixin.py:154} INFO - [2023-12-03T18:25:26.276+0000] {dag.py:3722} INFO - Setting next_dagrun for example_short_circuit_operator to 2023-12-02T18:25:26.275841+00:00, run_after=2023-12-03T18:25:26.275841+00:00
[2023-12-03T18:25:26.312+0000] {processor.py:179} INFO - Processing /home/airflow/.local/lib/python3.8/site-packages/airflow/example_dags/example_short_circuit_operator.py took 0.121 seconds
[2023-12-03T18:25:56.883+0000] {processor.py:157} INFO - Started process (PID=253) to work on /home/airflow/.local/lib/python3.8/site-packages/airflow/example_dags/example_short_circuit_operator.py
[2023-12-03T18:25:56.884+0000] {processor.py:829} INFO - Processing file /home/airflow/.local/lib/python3.8/site-packages/airflow/example_dags/example_short_circuit_operator.py for tasks to queue
[2023-12-03T18:25:56.888+0000] {logging_mixin.py:154} INFO - [2023-12-03T18:25:56.888+0000] {dagbag.py:536} INFO - Filling up the DagBag from /home/airflow/.local/lib/python3.8/site-packages/airflow/example_dags/example_short_circuit_operator.py
[2023-12-03T18:25:56.901+0000] {processor.py:839} INFO - DAG(s) dict_keys(['example_short_circuit_operator']) retrieved from /home/airflow/.local/lib/python3.8/site-packages/airflow/example_dags/example_short_circuit_operator.py
[2023-12-03T18:25:56.934+0000] {logging_mixin.py:154} INFO - [2023-12-03T18:25:56.934+0000] {dag.py:2941} INFO - Sync 1 DAGs
[2023-12-03T18:25:56.965+0000] {logging_mixin.py:154} INFO - [2023-12-03T18:25:56.965+0000] {dag.py:3722} INFO - Setting next_dagrun for example_short_circuit_operator to 2023-12-02T18:25:56.965151+00:00, run_after=2023-12-03T18:25:56.965151+00:00
[2023-12-03T18:25:57.004+0000] {processor.py:179} INFO - Processing /home/airflow/.local/lib/python3.8/site-packages/airflow/example_dags/example_short_circuit_operator.py took 0.125 seconds
[2023-12-03T18:26:27.511+0000] {processor.py:157} INFO - Started process (PID=307) to work on /home/airflow/.local/lib/python3.8/site-packages/airflow/example_dags/example_short_circuit_operator.py
[2023-12-03T18:26:27.513+0000] {processor.py:829} INFO - Processing file /home/airflow/.local/lib/python3.8/site-packages/airflow/example_dags/example_short_circuit_operator.py for tasks to queue
[2023-12-03T18:26:27.516+0000] {logging_mixin.py:154} INFO - [2023-12-03T18:26:27.516+0000] {dagbag.py:536} INFO - Filling up the DagBag from /home/airflow/.local/lib/python3.8/site-packages/airflow/example_dags/example_short_circuit_operator.py
[2023-12-03T18:26:27.528+0000] {processor.py:839} INFO - DAG(s) dict_keys(['example_short_circuit_operator']) retrieved from /home/airflow/.local/lib/python3.8/site-packages/airflow/example_dags/example_short_circuit_operator.py
[2023-12-03T18:26:27.564+0000] {logging_mixin.py:154} INFO - [2023-12-03T18:26:27.563+0000] {dag.py:2941} INFO - Sync 1 DAGs
[2023-12-03T18:26:27.599+0000] {logging_mixin.py:154} INFO - [2023-12-03T18:26:27.598+0000] {dag.py:3722} INFO - Setting next_dagrun for example_short_circuit_operator to 2023-12-02T18:26:27.598463+00:00, run_after=2023-12-03T18:26:27.598463+00:00
[2023-12-03T18:26:27.639+0000] {processor.py:179} INFO - Processing /home/airflow/.local/lib/python3.8/site-packages/airflow/example_dags/example_short_circuit_operator.py took 0.132 seconds
[2023-12-03T18:26:57.915+0000] {processor.py:157} INFO - Started process (PID=361) to work on /home/airflow/.local/lib/python3.8/site-packages/airflow/example_dags/example_short_circuit_operator.py
[2023-12-03T18:26:57.917+0000] {processor.py:829} INFO - Processing file /home/airflow/.local/lib/python3.8/site-packages/airflow/example_dags/example_short_circuit_operator.py for tasks to queue
[2023-12-03T18:26:57.920+0000] {logging_mixin.py:154} INFO - [2023-12-03T18:26:57.920+0000] {dagbag.py:536} INFO - Filling up the DagBag from /home/airflow/.local/lib/python3.8/site-packages/airflow/example_dags/example_short_circuit_operator.py
[2023-12-03T18:26:57.930+0000] {processor.py:839} INFO - DAG(s) dict_keys(['example_short_circuit_operator']) retrieved from /home/airflow/.local/lib/python3.8/site-packages/airflow/example_dags/example_short_circuit_operator.py
[2023-12-03T18:26:57.964+0000] {logging_mixin.py:154} INFO - [2023-12-03T18:26:57.964+0000] {dag.py:2941} INFO - Sync 1 DAGs
[2023-12-03T18:26:57.996+0000] {logging_mixin.py:154} INFO - [2023-12-03T18:26:57.996+0000] {dag.py:3722} INFO - Setting next_dagrun for example_short_circuit_operator to 2023-12-02T18:26:57.996155+00:00, run_after=2023-12-03T18:26:57.996155+00:00
[2023-12-03T18:26:58.034+0000] {processor.py:179} INFO - Processing /home/airflow/.local/lib/python3.8/site-packages/airflow/example_dags/example_short_circuit_operator.py took 0.123 seconds
[2023-12-03T18:27:28.319+0000] {processor.py:157} INFO - Started process (PID=415) to work on /home/airflow/.local/lib/python3.8/site-packages/airflow/example_dags/example_short_circuit_operator.py
[2023-12-03T18:27:28.320+0000] {processor.py:829} INFO - Processing file /home/airflow/.local/lib/python3.8/site-packages/airflow/example_dags/example_short_circuit_operator.py for tasks to queue
[2023-12-03T18:27:28.326+0000] {logging_mixin.py:154} INFO - [2023-12-03T18:27:28.325+0000] {dagbag.py:536} INFO - Filling up the DagBag from /home/airflow/.local/lib/python3.8/site-packages/airflow/example_dags/example_short_circuit_operator.py
[2023-12-03T18:27:28.337+0000] {processor.py:839} INFO - DAG(s) dict_keys(['example_short_circuit_operator']) retrieved from /home/airflow/.local/lib/python3.8/site-packages/airflow/example_dags/example_short_circuit_operator.py
[2023-12-03T18:27:28.371+0000] {logging_mixin.py:154} INFO - [2023-12-03T18:27:28.371+0000] {dag.py:2941} INFO - Sync 1 DAGs
[2023-12-03T18:27:28.407+0000] {logging_mixin.py:154} INFO - [2023-12-03T18:27:28.407+0000] {dag.py:3722} INFO - Setting next_dagrun for example_short_circuit_operator to 2023-12-02T18:27:28.407088+00:00, run_after=2023-12-03T18:27:28.407088+00:00
[2023-12-03T18:27:28.438+0000] {processor.py:179} INFO - Processing /home/airflow/.local/lib/python3.8/site-packages/airflow/example_dags/example_short_circuit_operator.py took 0.123 seconds
[2023-12-03T18:27:58.905+0000] {processor.py:157} INFO - Started process (PID=469) to work on /home/airflow/.local/lib/python3.8/site-packages/airflow/example_dags/example_short_circuit_operator.py
[2023-12-03T18:27:58.907+0000] {processor.py:829} INFO - Processing file /home/airflow/.local/lib/python3.8/site-packages/airflow/example_dags/example_short_circuit_operator.py for tasks to queue
[2023-12-03T18:27:58.911+0000] {logging_mixin.py:154} INFO - [2023-12-03T18:27:58.910+0000] {dagbag.py:536} INFO - Filling up the DagBag from /home/airflow/.local/lib/python3.8/site-packages/airflow/example_dags/example_short_circuit_operator.py
[2023-12-03T18:27:58.923+0000] {processor.py:839} INFO - DAG(s) dict_keys(['example_short_circuit_operator']) retrieved from /home/airflow/.local/lib/python3.8/site-packages/airflow/example_dags/example_short_circuit_operator.py
[2023-12-03T18:27:58.968+0000] {logging_mixin.py:154} INFO - [2023-12-03T18:27:58.967+0000] {dag.py:2941} INFO - Sync 1 DAGs
[2023-12-03T18:27:59.012+0000] {logging_mixin.py:154} INFO - [2023-12-03T18:27:59.011+0000] {dag.py:3722} INFO - Setting next_dagrun for example_short_circuit_operator to 2023-12-02T18:27:59.011164+00:00, run_after=2023-12-03T18:27:59.011164+00:00
[2023-12-03T18:27:59.056+0000] {processor.py:179} INFO - Processing /home/airflow/.local/lib/python3.8/site-packages/airflow/example_dags/example_short_circuit_operator.py took 0.156 seconds
[2023-12-03T18:28:29.587+0000] {processor.py:157} INFO - Started process (PID=523) to work on /home/airflow/.local/lib/python3.8/site-packages/airflow/example_dags/example_short_circuit_operator.py
[2023-12-03T18:28:29.589+0000] {processor.py:829} INFO - Processing file /home/airflow/.local/lib/python3.8/site-packages/airflow/example_dags/example_short_circuit_operator.py for tasks to queue
[2023-12-03T18:28:29.592+0000] {logging_mixin.py:154} INFO - [2023-12-03T18:28:29.591+0000] {dagbag.py:536} INFO - Filling up the DagBag from /home/airflow/.local/lib/python3.8/site-packages/airflow/example_dags/example_short_circuit_operator.py
[2023-12-03T18:28:29.602+0000] {processor.py:839} INFO - DAG(s) dict_keys(['example_short_circuit_operator']) retrieved from /home/airflow/.local/lib/python3.8/site-packages/airflow/example_dags/example_short_circuit_operator.py
[2023-12-03T18:28:29.639+0000] {logging_mixin.py:154} INFO - [2023-12-03T18:28:29.639+0000] {dag.py:2941} INFO - Sync 1 DAGs
[2023-12-03T18:28:29.676+0000] {logging_mixin.py:154} INFO - [2023-12-03T18:28:29.676+0000] {dag.py:3722} INFO - Setting next_dagrun for example_short_circuit_operator to 2023-12-02T18:28:29.676205+00:00, run_after=2023-12-03T18:28:29.676205+00:00
[2023-12-03T18:28:29.707+0000] {processor.py:179} INFO - Processing /home/airflow/.local/lib/python3.8/site-packages/airflow/example_dags/example_short_circuit_operator.py took 0.124 seconds
[2023-12-03T18:29:46.518+0000] {processor.py:157} INFO - Started process (PID=38) to work on /home/airflow/.local/lib/python3.8/site-packages/airflow/example_dags/example_short_circuit_operator.py
[2023-12-03T18:29:46.520+0000] {processor.py:829} INFO - Processing file /home/airflow/.local/lib/python3.8/site-packages/airflow/example_dags/example_short_circuit_operator.py for tasks to queue
[2023-12-03T18:29:46.525+0000] {logging_mixin.py:154} INFO - [2023-12-03T18:29:46.524+0000] {dagbag.py:536} INFO - Filling up the DagBag from /home/airflow/.local/lib/python3.8/site-packages/airflow/example_dags/example_short_circuit_operator.py
[2023-12-03T18:29:46.542+0000] {processor.py:839} INFO - DAG(s) dict_keys(['example_short_circuit_operator']) retrieved from /home/airflow/.local/lib/python3.8/site-packages/airflow/example_dags/example_short_circuit_operator.py
[2023-12-03T18:29:46.586+0000] {logging_mixin.py:154} INFO - [2023-12-03T18:29:46.586+0000] {dag.py:2941} INFO - Sync 1 DAGs
[2023-12-03T18:29:46.625+0000] {logging_mixin.py:154} INFO - [2023-12-03T18:29:46.624+0000] {dag.py:3722} INFO - Setting next_dagrun for example_short_circuit_operator to 2023-12-02T18:29:46.624276+00:00, run_after=2023-12-03T18:29:46.624276+00:00
[2023-12-03T18:29:46.671+0000] {processor.py:179} INFO - Processing /home/airflow/.local/lib/python3.8/site-packages/airflow/example_dags/example_short_circuit_operator.py took 0.157 seconds
[2023-12-03T18:30:16.737+0000] {processor.py:157} INFO - Started process (PID=92) to work on /home/airflow/.local/lib/python3.8/site-packages/airflow/example_dags/example_short_circuit_operator.py
[2023-12-03T18:30:16.738+0000] {processor.py:829} INFO - Processing file /home/airflow/.local/lib/python3.8/site-packages/airflow/example_dags/example_short_circuit_operator.py for tasks to queue
[2023-12-03T18:30:16.741+0000] {logging_mixin.py:154} INFO - [2023-12-03T18:30:16.741+0000] {dagbag.py:536} INFO - Filling up the DagBag from /home/airflow/.local/lib/python3.8/site-packages/airflow/example_dags/example_short_circuit_operator.py
[2023-12-03T18:30:16.753+0000] {processor.py:839} INFO - DAG(s) dict_keys(['example_short_circuit_operator']) retrieved from /home/airflow/.local/lib/python3.8/site-packages/airflow/example_dags/example_short_circuit_operator.py
[2023-12-03T18:30:16.783+0000] {logging_mixin.py:154} INFO - [2023-12-03T18:30:16.782+0000] {dag.py:2941} INFO - Sync 1 DAGs
[2023-12-03T18:30:16.813+0000] {logging_mixin.py:154} INFO - [2023-12-03T18:30:16.812+0000] {dag.py:3722} INFO - Setting next_dagrun for example_short_circuit_operator to 2023-12-02T18:30:16.812554+00:00, run_after=2023-12-03T18:30:16.812554+00:00
[2023-12-03T18:30:16.846+0000] {processor.py:179} INFO - Processing /home/airflow/.local/lib/python3.8/site-packages/airflow/example_dags/example_short_circuit_operator.py took 0.114 seconds
[2023-12-03T18:30:47.562+0000] {processor.py:157} INFO - Started process (PID=148) to work on /home/airflow/.local/lib/python3.8/site-packages/airflow/example_dags/example_short_circuit_operator.py
[2023-12-03T18:30:47.563+0000] {processor.py:829} INFO - Processing file /home/airflow/.local/lib/python3.8/site-packages/airflow/example_dags/example_short_circuit_operator.py for tasks to queue
[2023-12-03T18:30:47.566+0000] {logging_mixin.py:154} INFO - [2023-12-03T18:30:47.566+0000] {dagbag.py:536} INFO - Filling up the DagBag from /home/airflow/.local/lib/python3.8/site-packages/airflow/example_dags/example_short_circuit_operator.py
[2023-12-03T18:30:47.578+0000] {processor.py:839} INFO - DAG(s) dict_keys(['example_short_circuit_operator']) retrieved from /home/airflow/.local/lib/python3.8/site-packages/airflow/example_dags/example_short_circuit_operator.py
[2023-12-03T18:30:47.612+0000] {logging_mixin.py:154} INFO - [2023-12-03T18:30:47.611+0000] {dag.py:2941} INFO - Sync 1 DAGs
[2023-12-03T18:30:47.660+0000] {logging_mixin.py:154} INFO - [2023-12-03T18:30:47.660+0000] {dag.py:3722} INFO - Setting next_dagrun for example_short_circuit_operator to 2023-12-02T18:30:47.660104+00:00, run_after=2023-12-03T18:30:47.660104+00:00
[2023-12-03T18:30:47.687+0000] {processor.py:179} INFO - Processing /home/airflow/.local/lib/python3.8/site-packages/airflow/example_dags/example_short_circuit_operator.py took 0.130 seconds
[2023-12-03T18:31:18.843+0000] {processor.py:157} INFO - Started process (PID=207) to work on /home/airflow/.local/lib/python3.8/site-packages/airflow/example_dags/example_short_circuit_operator.py
[2023-12-03T18:31:18.845+0000] {processor.py:829} INFO - Processing file /home/airflow/.local/lib/python3.8/site-packages/airflow/example_dags/example_short_circuit_operator.py for tasks to queue
[2023-12-03T18:31:18.849+0000] {logging_mixin.py:154} INFO - [2023-12-03T18:31:18.849+0000] {dagbag.py:536} INFO - Filling up the DagBag from /home/airflow/.local/lib/python3.8/site-packages/airflow/example_dags/example_short_circuit_operator.py
[2023-12-03T18:31:18.871+0000] {processor.py:839} INFO - DAG(s) dict_keys(['example_short_circuit_operator']) retrieved from /home/airflow/.local/lib/python3.8/site-packages/airflow/example_dags/example_short_circuit_operator.py
[2023-12-03T18:31:18.936+0000] {logging_mixin.py:154} INFO - [2023-12-03T18:31:18.936+0000] {dag.py:2941} INFO - Sync 1 DAGs
[2023-12-03T18:31:18.980+0000] {logging_mixin.py:154} INFO - [2023-12-03T18:31:18.980+0000] {dag.py:3722} INFO - Setting next_dagrun for example_short_circuit_operator to 2023-12-02T18:31:18.979834+00:00, run_after=2023-12-03T18:31:18.979834+00:00
[2023-12-03T18:31:19.014+0000] {processor.py:179} INFO - Processing /home/airflow/.local/lib/python3.8/site-packages/airflow/example_dags/example_short_circuit_operator.py took 0.176 seconds
[2023-12-03T18:31:49.190+0000] {processor.py:157} INFO - Started process (PID=266) to work on /home/airflow/.local/lib/python3.8/site-packages/airflow/example_dags/example_short_circuit_operator.py
[2023-12-03T18:31:49.191+0000] {processor.py:829} INFO - Processing file /home/airflow/.local/lib/python3.8/site-packages/airflow/example_dags/example_short_circuit_operator.py for tasks to queue
[2023-12-03T18:31:49.196+0000] {logging_mixin.py:154} INFO - [2023-12-03T18:31:49.195+0000] {dagbag.py:536} INFO - Filling up the DagBag from /home/airflow/.local/lib/python3.8/site-packages/airflow/example_dags/example_short_circuit_operator.py
[2023-12-03T18:31:49.207+0000] {processor.py:839} INFO - DAG(s) dict_keys(['example_short_circuit_operator']) retrieved from /home/airflow/.local/lib/python3.8/site-packages/airflow/example_dags/example_short_circuit_operator.py
[2023-12-03T18:31:49.242+0000] {logging_mixin.py:154} INFO - [2023-12-03T18:31:49.242+0000] {dag.py:2941} INFO - Sync 1 DAGs
[2023-12-03T18:31:49.276+0000] {logging_mixin.py:154} INFO - [2023-12-03T18:31:49.276+0000] {dag.py:3722} INFO - Setting next_dagrun for example_short_circuit_operator to 2023-12-02T18:31:49.275935+00:00, run_after=2023-12-03T18:31:49.275935+00:00
[2023-12-03T18:31:49.313+0000] {processor.py:179} INFO - Processing /home/airflow/.local/lib/python3.8/site-packages/airflow/example_dags/example_short_circuit_operator.py took 0.128 seconds
[2023-12-03T18:32:20.167+0000] {processor.py:157} INFO - Started process (PID=321) to work on /home/airflow/.local/lib/python3.8/site-packages/airflow/example_dags/example_short_circuit_operator.py
[2023-12-03T18:32:20.170+0000] {processor.py:829} INFO - Processing file /home/airflow/.local/lib/python3.8/site-packages/airflow/example_dags/example_short_circuit_operator.py for tasks to queue
[2023-12-03T18:32:20.178+0000] {logging_mixin.py:154} INFO - [2023-12-03T18:32:20.177+0000] {dagbag.py:536} INFO - Filling up the DagBag from /home/airflow/.local/lib/python3.8/site-packages/airflow/example_dags/example_short_circuit_operator.py
[2023-12-03T18:32:20.207+0000] {processor.py:839} INFO - DAG(s) dict_keys(['example_short_circuit_operator']) retrieved from /home/airflow/.local/lib/python3.8/site-packages/airflow/example_dags/example_short_circuit_operator.py
[2023-12-03T18:32:20.247+0000] {logging_mixin.py:154} INFO - [2023-12-03T18:32:20.247+0000] {dag.py:2941} INFO - Sync 1 DAGs
[2023-12-03T18:32:20.288+0000] {logging_mixin.py:154} INFO - [2023-12-03T18:32:20.287+0000] {dag.py:3722} INFO - Setting next_dagrun for example_short_circuit_operator to 2023-12-02T18:32:20.287199+00:00, run_after=2023-12-03T18:32:20.287199+00:00
[2023-12-03T18:32:20.328+0000] {processor.py:179} INFO - Processing /home/airflow/.local/lib/python3.8/site-packages/airflow/example_dags/example_short_circuit_operator.py took 0.170 seconds
[2023-12-03T18:32:50.410+0000] {processor.py:157} INFO - Started process (PID=376) to work on /home/airflow/.local/lib/python3.8/site-packages/airflow/example_dags/example_short_circuit_operator.py
[2023-12-03T18:32:50.411+0000] {processor.py:829} INFO - Processing file /home/airflow/.local/lib/python3.8/site-packages/airflow/example_dags/example_short_circuit_operator.py for tasks to queue
[2023-12-03T18:32:50.415+0000] {logging_mixin.py:154} INFO - [2023-12-03T18:32:50.415+0000] {dagbag.py:536} INFO - Filling up the DagBag from /home/airflow/.local/lib/python3.8/site-packages/airflow/example_dags/example_short_circuit_operator.py
[2023-12-03T18:32:50.425+0000] {processor.py:839} INFO - DAG(s) dict_keys(['example_short_circuit_operator']) retrieved from /home/airflow/.local/lib/python3.8/site-packages/airflow/example_dags/example_short_circuit_operator.py
[2023-12-03T18:32:50.454+0000] {logging_mixin.py:154} INFO - [2023-12-03T18:32:50.453+0000] {dag.py:2941} INFO - Sync 1 DAGs
[2023-12-03T18:32:50.481+0000] {logging_mixin.py:154} INFO - [2023-12-03T18:32:50.481+0000] {dag.py:3722} INFO - Setting next_dagrun for example_short_circuit_operator to 2023-12-02T18:32:50.481242+00:00, run_after=2023-12-03T18:32:50.481242+00:00
[2023-12-03T18:32:50.520+0000] {processor.py:179} INFO - Processing /home/airflow/.local/lib/python3.8/site-packages/airflow/example_dags/example_short_circuit_operator.py took 0.114 seconds
[2023-12-03T18:33:21.327+0000] {processor.py:157} INFO - Started process (PID=431) to work on /home/airflow/.local/lib/python3.8/site-packages/airflow/example_dags/example_short_circuit_operator.py
[2023-12-03T18:33:21.330+0000] {processor.py:829} INFO - Processing file /home/airflow/.local/lib/python3.8/site-packages/airflow/example_dags/example_short_circuit_operator.py for tasks to queue
[2023-12-03T18:33:21.338+0000] {logging_mixin.py:154} INFO - [2023-12-03T18:33:21.337+0000] {dagbag.py:536} INFO - Filling up the DagBag from /home/airflow/.local/lib/python3.8/site-packages/airflow/example_dags/example_short_circuit_operator.py
[2023-12-03T18:33:21.351+0000] {processor.py:839} INFO - DAG(s) dict_keys(['example_short_circuit_operator']) retrieved from /home/airflow/.local/lib/python3.8/site-packages/airflow/example_dags/example_short_circuit_operator.py
[2023-12-03T18:33:21.389+0000] {logging_mixin.py:154} INFO - [2023-12-03T18:33:21.389+0000] {dag.py:2941} INFO - Sync 1 DAGs
[2023-12-03T18:33:21.431+0000] {logging_mixin.py:154} INFO - [2023-12-03T18:33:21.431+0000] {dag.py:3722} INFO - Setting next_dagrun for example_short_circuit_operator to 2023-12-02T18:33:21.430663+00:00, run_after=2023-12-03T18:33:21.430663+00:00
[2023-12-03T18:33:21.469+0000] {processor.py:179} INFO - Processing /home/airflow/.local/lib/python3.8/site-packages/airflow/example_dags/example_short_circuit_operator.py took 0.149 seconds
[2023-12-03T18:33:52.168+0000] {processor.py:157} INFO - Started process (PID=486) to work on /home/airflow/.local/lib/python3.8/site-packages/airflow/example_dags/example_short_circuit_operator.py
[2023-12-03T18:33:52.169+0000] {processor.py:829} INFO - Processing file /home/airflow/.local/lib/python3.8/site-packages/airflow/example_dags/example_short_circuit_operator.py for tasks to queue
[2023-12-03T18:33:52.174+0000] {logging_mixin.py:154} INFO - [2023-12-03T18:33:52.174+0000] {dagbag.py:536} INFO - Filling up the DagBag from /home/airflow/.local/lib/python3.8/site-packages/airflow/example_dags/example_short_circuit_operator.py
[2023-12-03T18:33:52.190+0000] {processor.py:839} INFO - DAG(s) dict_keys(['example_short_circuit_operator']) retrieved from /home/airflow/.local/lib/python3.8/site-packages/airflow/example_dags/example_short_circuit_operator.py
[2023-12-03T18:33:52.239+0000] {logging_mixin.py:154} INFO - [2023-12-03T18:33:52.238+0000] {dag.py:2941} INFO - Sync 1 DAGs
[2023-12-03T18:33:52.279+0000] {logging_mixin.py:154} INFO - [2023-12-03T18:33:52.278+0000] {dag.py:3722} INFO - Setting next_dagrun for example_short_circuit_operator to 2023-12-02T18:33:52.278455+00:00, run_after=2023-12-03T18:33:52.278455+00:00
[2023-12-03T18:33:52.316+0000] {processor.py:179} INFO - Processing /home/airflow/.local/lib/python3.8/site-packages/airflow/example_dags/example_short_circuit_operator.py took 0.154 seconds
[2023-12-03T18:34:22.963+0000] {processor.py:157} INFO - Started process (PID=541) to work on /home/airflow/.local/lib/python3.8/site-packages/airflow/example_dags/example_short_circuit_operator.py
[2023-12-03T18:34:22.964+0000] {processor.py:829} INFO - Processing file /home/airflow/.local/lib/python3.8/site-packages/airflow/example_dags/example_short_circuit_operator.py for tasks to queue
[2023-12-03T18:34:22.968+0000] {logging_mixin.py:154} INFO - [2023-12-03T18:34:22.968+0000] {dagbag.py:536} INFO - Filling up the DagBag from /home/airflow/.local/lib/python3.8/site-packages/airflow/example_dags/example_short_circuit_operator.py
[2023-12-03T18:34:22.979+0000] {processor.py:839} INFO - DAG(s) dict_keys(['example_short_circuit_operator']) retrieved from /home/airflow/.local/lib/python3.8/site-packages/airflow/example_dags/example_short_circuit_operator.py
[2023-12-03T18:34:23.013+0000] {logging_mixin.py:154} INFO - [2023-12-03T18:34:23.012+0000] {dag.py:2941} INFO - Sync 1 DAGs
[2023-12-03T18:34:23.044+0000] {logging_mixin.py:154} INFO - [2023-12-03T18:34:23.043+0000] {dag.py:3722} INFO - Setting next_dagrun for example_short_circuit_operator to 2023-12-02T18:34:23.043504+00:00, run_after=2023-12-03T18:34:23.043504+00:00
[2023-12-03T18:34:23.084+0000] {processor.py:179} INFO - Processing /home/airflow/.local/lib/python3.8/site-packages/airflow/example_dags/example_short_circuit_operator.py took 0.125 seconds
[2023-12-03T18:34:53.700+0000] {processor.py:157} INFO - Started process (PID=596) to work on /home/airflow/.local/lib/python3.8/site-packages/airflow/example_dags/example_short_circuit_operator.py
[2023-12-03T18:34:53.701+0000] {processor.py:829} INFO - Processing file /home/airflow/.local/lib/python3.8/site-packages/airflow/example_dags/example_short_circuit_operator.py for tasks to queue
[2023-12-03T18:34:53.707+0000] {logging_mixin.py:154} INFO - [2023-12-03T18:34:53.706+0000] {dagbag.py:536} INFO - Filling up the DagBag from /home/airflow/.local/lib/python3.8/site-packages/airflow/example_dags/example_short_circuit_operator.py
[2023-12-03T18:34:53.718+0000] {processor.py:839} INFO - DAG(s) dict_keys(['example_short_circuit_operator']) retrieved from /home/airflow/.local/lib/python3.8/site-packages/airflow/example_dags/example_short_circuit_operator.py
[2023-12-03T18:34:53.755+0000] {logging_mixin.py:154} INFO - [2023-12-03T18:34:53.754+0000] {dag.py:2941} INFO - Sync 1 DAGs
[2023-12-03T18:34:53.794+0000] {logging_mixin.py:154} INFO - [2023-12-03T18:34:53.794+0000] {dag.py:3722} INFO - Setting next_dagrun for example_short_circuit_operator to 2023-12-02T18:34:53.793763+00:00, run_after=2023-12-03T18:34:53.793763+00:00
[2023-12-03T18:34:53.840+0000] {processor.py:179} INFO - Processing /home/airflow/.local/lib/python3.8/site-packages/airflow/example_dags/example_short_circuit_operator.py took 0.145 seconds
[2023-12-03T18:35:23.883+0000] {processor.py:157} INFO - Started process (PID=651) to work on /home/airflow/.local/lib/python3.8/site-packages/airflow/example_dags/example_short_circuit_operator.py
[2023-12-03T18:35:23.885+0000] {processor.py:829} INFO - Processing file /home/airflow/.local/lib/python3.8/site-packages/airflow/example_dags/example_short_circuit_operator.py for tasks to queue
[2023-12-03T18:35:23.890+0000] {logging_mixin.py:154} INFO - [2023-12-03T18:35:23.889+0000] {dagbag.py:536} INFO - Filling up the DagBag from /home/airflow/.local/lib/python3.8/site-packages/airflow/example_dags/example_short_circuit_operator.py
[2023-12-03T18:35:23.906+0000] {processor.py:839} INFO - DAG(s) dict_keys(['example_short_circuit_operator']) retrieved from /home/airflow/.local/lib/python3.8/site-packages/airflow/example_dags/example_short_circuit_operator.py
[2023-12-03T18:35:23.948+0000] {logging_mixin.py:154} INFO - [2023-12-03T18:35:23.948+0000] {dag.py:2941} INFO - Sync 1 DAGs
[2023-12-03T18:35:23.986+0000] {logging_mixin.py:154} INFO - [2023-12-03T18:35:23.986+0000] {dag.py:3722} INFO - Setting next_dagrun for example_short_circuit_operator to 2023-12-02T18:35:23.986114+00:00, run_after=2023-12-03T18:35:23.986114+00:00
[2023-12-03T18:35:24.022+0000] {processor.py:179} INFO - Processing /home/airflow/.local/lib/python3.8/site-packages/airflow/example_dags/example_short_circuit_operator.py took 0.144 seconds
[2023-12-03T18:35:54.851+0000] {processor.py:157} INFO - Started process (PID=706) to work on /home/airflow/.local/lib/python3.8/site-packages/airflow/example_dags/example_short_circuit_operator.py
[2023-12-03T18:35:54.853+0000] {processor.py:829} INFO - Processing file /home/airflow/.local/lib/python3.8/site-packages/airflow/example_dags/example_short_circuit_operator.py for tasks to queue
[2023-12-03T18:35:54.859+0000] {logging_mixin.py:154} INFO - [2023-12-03T18:35:54.858+0000] {dagbag.py:536} INFO - Filling up the DagBag from /home/airflow/.local/lib/python3.8/site-packages/airflow/example_dags/example_short_circuit_operator.py
[2023-12-03T18:35:54.875+0000] {processor.py:839} INFO - DAG(s) dict_keys(['example_short_circuit_operator']) retrieved from /home/airflow/.local/lib/python3.8/site-packages/airflow/example_dags/example_short_circuit_operator.py
[2023-12-03T18:35:54.917+0000] {logging_mixin.py:154} INFO - [2023-12-03T18:35:54.917+0000] {dag.py:2941} INFO - Sync 1 DAGs
[2023-12-03T18:35:54.959+0000] {logging_mixin.py:154} INFO - [2023-12-03T18:35:54.959+0000] {dag.py:3722} INFO - Setting next_dagrun for example_short_circuit_operator to 2023-12-02T18:35:54.958707+00:00, run_after=2023-12-03T18:35:54.958707+00:00
[2023-12-03T18:35:54.999+0000] {processor.py:179} INFO - Processing /home/airflow/.local/lib/python3.8/site-packages/airflow/example_dags/example_short_circuit_operator.py took 0.155 seconds
[2023-12-03T18:36:25.694+0000] {processor.py:157} INFO - Started process (PID=761) to work on /home/airflow/.local/lib/python3.8/site-packages/airflow/example_dags/example_short_circuit_operator.py
[2023-12-03T18:36:25.696+0000] {processor.py:829} INFO - Processing file /home/airflow/.local/lib/python3.8/site-packages/airflow/example_dags/example_short_circuit_operator.py for tasks to queue
[2023-12-03T18:36:25.704+0000] {logging_mixin.py:154} INFO - [2023-12-03T18:36:25.703+0000] {dagbag.py:536} INFO - Filling up the DagBag from /home/airflow/.local/lib/python3.8/site-packages/airflow/example_dags/example_short_circuit_operator.py
[2023-12-03T18:36:25.725+0000] {processor.py:839} INFO - DAG(s) dict_keys(['example_short_circuit_operator']) retrieved from /home/airflow/.local/lib/python3.8/site-packages/airflow/example_dags/example_short_circuit_operator.py
[2023-12-03T18:36:25.780+0000] {logging_mixin.py:154} INFO - [2023-12-03T18:36:25.779+0000] {dag.py:2941} INFO - Sync 1 DAGs
[2023-12-03T18:36:25.823+0000] {logging_mixin.py:154} INFO - [2023-12-03T18:36:25.823+0000] {dag.py:3722} INFO - Setting next_dagrun for example_short_circuit_operator to 2023-12-02T18:36:25.822942+00:00, run_after=2023-12-03T18:36:25.822942+00:00
[2023-12-03T18:36:25.856+0000] {processor.py:179} INFO - Processing /home/airflow/.local/lib/python3.8/site-packages/airflow/example_dags/example_short_circuit_operator.py took 0.167 seconds
[2023-12-03T18:36:56.682+0000] {processor.py:157} INFO - Started process (PID=823) to work on /home/airflow/.local/lib/python3.8/site-packages/airflow/example_dags/example_short_circuit_operator.py
[2023-12-03T18:36:56.683+0000] {processor.py:829} INFO - Processing file /home/airflow/.local/lib/python3.8/site-packages/airflow/example_dags/example_short_circuit_operator.py for tasks to queue
[2023-12-03T18:36:56.688+0000] {logging_mixin.py:154} INFO - [2023-12-03T18:36:56.687+0000] {dagbag.py:536} INFO - Filling up the DagBag from /home/airflow/.local/lib/python3.8/site-packages/airflow/example_dags/example_short_circuit_operator.py
[2023-12-03T18:36:56.702+0000] {processor.py:839} INFO - DAG(s) dict_keys(['example_short_circuit_operator']) retrieved from /home/airflow/.local/lib/python3.8/site-packages/airflow/example_dags/example_short_circuit_operator.py
[2023-12-03T18:36:56.746+0000] {logging_mixin.py:154} INFO - [2023-12-03T18:36:56.746+0000] {dag.py:2941} INFO - Sync 1 DAGs
[2023-12-03T18:36:56.787+0000] {logging_mixin.py:154} INFO - [2023-12-03T18:36:56.787+0000] {dag.py:3722} INFO - Setting next_dagrun for example_short_circuit_operator to 2023-12-02T18:36:56.786464+00:00, run_after=2023-12-03T18:36:56.786464+00:00
[2023-12-03T18:36:56.835+0000] {processor.py:179} INFO - Processing /home/airflow/.local/lib/python3.8/site-packages/airflow/example_dags/example_short_circuit_operator.py took 0.160 seconds
[2023-12-03T18:37:27.237+0000] {processor.py:157} INFO - Started process (PID=878) to work on /home/airflow/.local/lib/python3.8/site-packages/airflow/example_dags/example_short_circuit_operator.py
[2023-12-03T18:37:27.238+0000] {processor.py:829} INFO - Processing file /home/airflow/.local/lib/python3.8/site-packages/airflow/example_dags/example_short_circuit_operator.py for tasks to queue
[2023-12-03T18:37:27.242+0000] {logging_mixin.py:154} INFO - [2023-12-03T18:37:27.242+0000] {dagbag.py:536} INFO - Filling up the DagBag from /home/airflow/.local/lib/python3.8/site-packages/airflow/example_dags/example_short_circuit_operator.py
[2023-12-03T18:37:27.254+0000] {processor.py:839} INFO - DAG(s) dict_keys(['example_short_circuit_operator']) retrieved from /home/airflow/.local/lib/python3.8/site-packages/airflow/example_dags/example_short_circuit_operator.py
[2023-12-03T18:37:27.286+0000] {logging_mixin.py:154} INFO - [2023-12-03T18:37:27.286+0000] {dag.py:2941} INFO - Sync 1 DAGs
[2023-12-03T18:37:27.317+0000] {logging_mixin.py:154} INFO - [2023-12-03T18:37:27.316+0000] {dag.py:3722} INFO - Setting next_dagrun for example_short_circuit_operator to 2023-12-02T18:37:27.316659+00:00, run_after=2023-12-03T18:37:27.316659+00:00
[2023-12-03T18:37:27.354+0000] {processor.py:179} INFO - Processing /home/airflow/.local/lib/python3.8/site-packages/airflow/example_dags/example_short_circuit_operator.py took 0.122 seconds
[2023-12-03T18:37:57.884+0000] {processor.py:157} INFO - Started process (PID=933) to work on /home/airflow/.local/lib/python3.8/site-packages/airflow/example_dags/example_short_circuit_operator.py
[2023-12-03T18:37:57.885+0000] {processor.py:829} INFO - Processing file /home/airflow/.local/lib/python3.8/site-packages/airflow/example_dags/example_short_circuit_operator.py for tasks to queue
[2023-12-03T18:37:57.889+0000] {logging_mixin.py:154} INFO - [2023-12-03T18:37:57.888+0000] {dagbag.py:536} INFO - Filling up the DagBag from /home/airflow/.local/lib/python3.8/site-packages/airflow/example_dags/example_short_circuit_operator.py
[2023-12-03T18:37:57.901+0000] {processor.py:839} INFO - DAG(s) dict_keys(['example_short_circuit_operator']) retrieved from /home/airflow/.local/lib/python3.8/site-packages/airflow/example_dags/example_short_circuit_operator.py
[2023-12-03T18:37:57.942+0000] {logging_mixin.py:154} INFO - [2023-12-03T18:37:57.942+0000] {dag.py:2941} INFO - Sync 1 DAGs
[2023-12-03T18:37:57.985+0000] {logging_mixin.py:154} INFO - [2023-12-03T18:37:57.984+0000] {dag.py:3722} INFO - Setting next_dagrun for example_short_circuit_operator to 2023-12-02T18:37:57.984345+00:00, run_after=2023-12-03T18:37:57.984345+00:00
[2023-12-03T18:37:58.020+0000] {processor.py:179} INFO - Processing /home/airflow/.local/lib/python3.8/site-packages/airflow/example_dags/example_short_circuit_operator.py took 0.141 seconds
[2023-12-03T18:38:28.483+0000] {processor.py:157} INFO - Started process (PID=988) to work on /home/airflow/.local/lib/python3.8/site-packages/airflow/example_dags/example_short_circuit_operator.py
[2023-12-03T18:38:28.484+0000] {processor.py:829} INFO - Processing file /home/airflow/.local/lib/python3.8/site-packages/airflow/example_dags/example_short_circuit_operator.py for tasks to queue
[2023-12-03T18:38:28.488+0000] {logging_mixin.py:154} INFO - [2023-12-03T18:38:28.487+0000] {dagbag.py:536} INFO - Filling up the DagBag from /home/airflow/.local/lib/python3.8/site-packages/airflow/example_dags/example_short_circuit_operator.py
[2023-12-03T18:38:28.499+0000] {processor.py:839} INFO - DAG(s) dict_keys(['example_short_circuit_operator']) retrieved from /home/airflow/.local/lib/python3.8/site-packages/airflow/example_dags/example_short_circuit_operator.py
[2023-12-03T18:38:28.534+0000] {logging_mixin.py:154} INFO - [2023-12-03T18:38:28.533+0000] {dag.py:2941} INFO - Sync 1 DAGs
[2023-12-03T18:38:28.566+0000] {logging_mixin.py:154} INFO - [2023-12-03T18:38:28.566+0000] {dag.py:3722} INFO - Setting next_dagrun for example_short_circuit_operator to 2023-12-02T18:38:28.566055+00:00, run_after=2023-12-03T18:38:28.566055+00:00
[2023-12-03T18:38:28.603+0000] {processor.py:179} INFO - Processing /home/airflow/.local/lib/python3.8/site-packages/airflow/example_dags/example_short_circuit_operator.py took 0.125 seconds
[2023-12-03T18:38:59.007+0000] {processor.py:157} INFO - Started process (PID=1043) to work on /home/airflow/.local/lib/python3.8/site-packages/airflow/example_dags/example_short_circuit_operator.py
[2023-12-03T18:38:59.010+0000] {processor.py:829} INFO - Processing file /home/airflow/.local/lib/python3.8/site-packages/airflow/example_dags/example_short_circuit_operator.py for tasks to queue
[2023-12-03T18:38:59.018+0000] {logging_mixin.py:154} INFO - [2023-12-03T18:38:59.017+0000] {dagbag.py:536} INFO - Filling up the DagBag from /home/airflow/.local/lib/python3.8/site-packages/airflow/example_dags/example_short_circuit_operator.py
[2023-12-03T18:38:59.039+0000] {processor.py:839} INFO - DAG(s) dict_keys(['example_short_circuit_operator']) retrieved from /home/airflow/.local/lib/python3.8/site-packages/airflow/example_dags/example_short_circuit_operator.py
[2023-12-03T18:38:59.076+0000] {logging_mixin.py:154} INFO - [2023-12-03T18:38:59.076+0000] {dag.py:2941} INFO - Sync 1 DAGs
[2023-12-03T18:38:59.131+0000] {logging_mixin.py:154} INFO - [2023-12-03T18:38:59.131+0000] {dag.py:3722} INFO - Setting next_dagrun for example_short_circuit_operator to 2023-12-02T18:38:59.130381+00:00, run_after=2023-12-03T18:38:59.130381+00:00
[2023-12-03T18:38:59.162+0000] {processor.py:179} INFO - Processing /home/airflow/.local/lib/python3.8/site-packages/airflow/example_dags/example_short_circuit_operator.py took 0.164 seconds
[2023-12-03T18:39:30.278+0000] {processor.py:157} INFO - Started process (PID=1098) to work on /home/airflow/.local/lib/python3.8/site-packages/airflow/example_dags/example_short_circuit_operator.py
[2023-12-03T18:39:30.280+0000] {processor.py:829} INFO - Processing file /home/airflow/.local/lib/python3.8/site-packages/airflow/example_dags/example_short_circuit_operator.py for tasks to queue
[2023-12-03T18:39:30.283+0000] {logging_mixin.py:154} INFO - [2023-12-03T18:39:30.283+0000] {dagbag.py:536} INFO - Filling up the DagBag from /home/airflow/.local/lib/python3.8/site-packages/airflow/example_dags/example_short_circuit_operator.py
[2023-12-03T18:39:30.294+0000] {processor.py:839} INFO - DAG(s) dict_keys(['example_short_circuit_operator']) retrieved from /home/airflow/.local/lib/python3.8/site-packages/airflow/example_dags/example_short_circuit_operator.py
[2023-12-03T18:39:30.329+0000] {logging_mixin.py:154} INFO - [2023-12-03T18:39:30.329+0000] {dag.py:2941} INFO - Sync 1 DAGs
[2023-12-03T18:39:30.364+0000] {logging_mixin.py:154} INFO - [2023-12-03T18:39:30.363+0000] {dag.py:3722} INFO - Setting next_dagrun for example_short_circuit_operator to 2023-12-02T18:39:30.363203+00:00, run_after=2023-12-03T18:39:30.363203+00:00
[2023-12-03T18:39:30.421+0000] {processor.py:179} INFO - Processing /home/airflow/.local/lib/python3.8/site-packages/airflow/example_dags/example_short_circuit_operator.py took 0.148 seconds
[2023-12-03T18:40:00.608+0000] {processor.py:157} INFO - Started process (PID=1153) to work on /home/airflow/.local/lib/python3.8/site-packages/airflow/example_dags/example_short_circuit_operator.py
[2023-12-03T18:40:00.609+0000] {processor.py:829} INFO - Processing file /home/airflow/.local/lib/python3.8/site-packages/airflow/example_dags/example_short_circuit_operator.py for tasks to queue
[2023-12-03T18:40:00.612+0000] {logging_mixin.py:154} INFO - [2023-12-03T18:40:00.612+0000] {dagbag.py:536} INFO - Filling up the DagBag from /home/airflow/.local/lib/python3.8/site-packages/airflow/example_dags/example_short_circuit_operator.py
[2023-12-03T18:40:00.623+0000] {processor.py:839} INFO - DAG(s) dict_keys(['example_short_circuit_operator']) retrieved from /home/airflow/.local/lib/python3.8/site-packages/airflow/example_dags/example_short_circuit_operator.py
[2023-12-03T18:40:00.655+0000] {logging_mixin.py:154} INFO - [2023-12-03T18:40:00.654+0000] {dag.py:2941} INFO - Sync 1 DAGs
[2023-12-03T18:40:00.686+0000] {logging_mixin.py:154} INFO - [2023-12-03T18:40:00.685+0000] {dag.py:3722} INFO - Setting next_dagrun for example_short_circuit_operator to 2023-12-02T18:40:00.685684+00:00, run_after=2023-12-03T18:40:00.685684+00:00
[2023-12-03T18:40:00.747+0000] {processor.py:179} INFO - Processing /home/airflow/.local/lib/python3.8/site-packages/airflow/example_dags/example_short_circuit_operator.py took 0.144 seconds
[2023-12-03T18:41:30.039+0000] {processor.py:157} INFO - Started process (PID=38) to work on /home/airflow/.local/lib/python3.8/site-packages/airflow/example_dags/example_short_circuit_operator.py
[2023-12-03T18:41:30.041+0000] {processor.py:829} INFO - Processing file /home/airflow/.local/lib/python3.8/site-packages/airflow/example_dags/example_short_circuit_operator.py for tasks to queue
[2023-12-03T18:41:30.046+0000] {logging_mixin.py:154} INFO - [2023-12-03T18:41:30.045+0000] {dagbag.py:536} INFO - Filling up the DagBag from /home/airflow/.local/lib/python3.8/site-packages/airflow/example_dags/example_short_circuit_operator.py
[2023-12-03T18:41:30.064+0000] {processor.py:839} INFO - DAG(s) dict_keys(['example_short_circuit_operator']) retrieved from /home/airflow/.local/lib/python3.8/site-packages/airflow/example_dags/example_short_circuit_operator.py
[2023-12-03T18:41:30.085+0000] {logging_mixin.py:154} INFO - [2023-12-03T18:41:30.085+0000] {dag.py:2941} INFO - Sync 1 DAGs
[2023-12-03T18:41:30.127+0000] {logging_mixin.py:154} INFO - [2023-12-03T18:41:30.127+0000] {dag.py:3722} INFO - Setting next_dagrun for example_short_circuit_operator to 2023-12-02T18:41:30.126907+00:00, run_after=2023-12-03T18:41:30.126907+00:00
[2023-12-03T18:41:30.184+0000] {processor.py:179} INFO - Processing /home/airflow/.local/lib/python3.8/site-packages/airflow/example_dags/example_short_circuit_operator.py took 0.149 seconds
[2023-12-03T18:41:54.972+0000] {processor.py:157} INFO - Started process (PID=37) to work on /home/airflow/.local/lib/python3.8/site-packages/airflow/example_dags/example_short_circuit_operator.py
[2023-12-03T18:41:54.974+0000] {processor.py:829} INFO - Processing file /home/airflow/.local/lib/python3.8/site-packages/airflow/example_dags/example_short_circuit_operator.py for tasks to queue
[2023-12-03T18:41:54.981+0000] {logging_mixin.py:154} INFO - [2023-12-03T18:41:54.980+0000] {dagbag.py:536} INFO - Filling up the DagBag from /home/airflow/.local/lib/python3.8/site-packages/airflow/example_dags/example_short_circuit_operator.py
[2023-12-03T18:41:55.002+0000] {processor.py:839} INFO - DAG(s) dict_keys(['example_short_circuit_operator']) retrieved from /home/airflow/.local/lib/python3.8/site-packages/airflow/example_dags/example_short_circuit_operator.py
[2023-12-03T18:41:55.047+0000] {logging_mixin.py:154} INFO - [2023-12-03T18:41:55.047+0000] {dag.py:2941} INFO - Sync 1 DAGs
[2023-12-03T18:41:55.083+0000] {logging_mixin.py:154} INFO - [2023-12-03T18:41:55.082+0000] {dag.py:3722} INFO - Setting next_dagrun for example_short_circuit_operator to 2023-12-02T18:41:55.082524+00:00, run_after=2023-12-03T18:41:55.082524+00:00
[2023-12-03T18:41:55.113+0000] {processor.py:179} INFO - Processing /home/airflow/.local/lib/python3.8/site-packages/airflow/example_dags/example_short_circuit_operator.py took 0.149 seconds
[2023-12-03T18:42:25.642+0000] {processor.py:157} INFO - Started process (PID=92) to work on /home/airflow/.local/lib/python3.8/site-packages/airflow/example_dags/example_short_circuit_operator.py
[2023-12-03T18:42:25.644+0000] {processor.py:829} INFO - Processing file /home/airflow/.local/lib/python3.8/site-packages/airflow/example_dags/example_short_circuit_operator.py for tasks to queue
[2023-12-03T18:42:25.648+0000] {logging_mixin.py:154} INFO - [2023-12-03T18:42:25.647+0000] {dagbag.py:536} INFO - Filling up the DagBag from /home/airflow/.local/lib/python3.8/site-packages/airflow/example_dags/example_short_circuit_operator.py
[2023-12-03T18:42:25.663+0000] {processor.py:839} INFO - DAG(s) dict_keys(['example_short_circuit_operator']) retrieved from /home/airflow/.local/lib/python3.8/site-packages/airflow/example_dags/example_short_circuit_operator.py
[2023-12-03T18:42:25.700+0000] {logging_mixin.py:154} INFO - [2023-12-03T18:42:25.700+0000] {dag.py:2941} INFO - Sync 1 DAGs
[2023-12-03T18:42:25.738+0000] {logging_mixin.py:154} INFO - [2023-12-03T18:42:25.738+0000] {dag.py:3722} INFO - Setting next_dagrun for example_short_circuit_operator to 2023-12-02T18:42:25.737690+00:00, run_after=2023-12-03T18:42:25.737690+00:00
[2023-12-03T18:42:25.773+0000] {processor.py:179} INFO - Processing /home/airflow/.local/lib/python3.8/site-packages/airflow/example_dags/example_short_circuit_operator.py took 0.136 seconds
[2023-12-03T18:42:56.766+0000] {processor.py:157} INFO - Started process (PID=148) to work on /home/airflow/.local/lib/python3.8/site-packages/airflow/example_dags/example_short_circuit_operator.py
[2023-12-03T18:42:56.768+0000] {processor.py:829} INFO - Processing file /home/airflow/.local/lib/python3.8/site-packages/airflow/example_dags/example_short_circuit_operator.py for tasks to queue
[2023-12-03T18:42:56.772+0000] {logging_mixin.py:154} INFO - [2023-12-03T18:42:56.772+0000] {dagbag.py:536} INFO - Filling up the DagBag from /home/airflow/.local/lib/python3.8/site-packages/airflow/example_dags/example_short_circuit_operator.py
[2023-12-03T18:42:56.786+0000] {processor.py:839} INFO - DAG(s) dict_keys(['example_short_circuit_operator']) retrieved from /home/airflow/.local/lib/python3.8/site-packages/airflow/example_dags/example_short_circuit_operator.py
[2023-12-03T18:42:56.827+0000] {logging_mixin.py:154} INFO - [2023-12-03T18:42:56.827+0000] {dag.py:2941} INFO - Sync 1 DAGs
[2023-12-03T18:42:56.862+0000] {logging_mixin.py:154} INFO - [2023-12-03T18:42:56.862+0000] {dag.py:3722} INFO - Setting next_dagrun for example_short_circuit_operator to 2023-12-02T18:42:56.862134+00:00, run_after=2023-12-03T18:42:56.862134+00:00
[2023-12-03T18:42:56.907+0000] {processor.py:179} INFO - Processing /home/airflow/.local/lib/python3.8/site-packages/airflow/example_dags/example_short_circuit_operator.py took 0.147 seconds
[2023-12-03T18:43:27.405+0000] {processor.py:157} INFO - Started process (PID=203) to work on /home/airflow/.local/lib/python3.8/site-packages/airflow/example_dags/example_short_circuit_operator.py
[2023-12-03T18:43:27.408+0000] {processor.py:829} INFO - Processing file /home/airflow/.local/lib/python3.8/site-packages/airflow/example_dags/example_short_circuit_operator.py for tasks to queue
[2023-12-03T18:43:27.412+0000] {logging_mixin.py:154} INFO - [2023-12-03T18:43:27.411+0000] {dagbag.py:536} INFO - Filling up the DagBag from /home/airflow/.local/lib/python3.8/site-packages/airflow/example_dags/example_short_circuit_operator.py
[2023-12-03T18:43:27.423+0000] {processor.py:839} INFO - DAG(s) dict_keys(['example_short_circuit_operator']) retrieved from /home/airflow/.local/lib/python3.8/site-packages/airflow/example_dags/example_short_circuit_operator.py
[2023-12-03T18:43:27.461+0000] {logging_mixin.py:154} INFO - [2023-12-03T18:43:27.461+0000] {dag.py:2941} INFO - Sync 1 DAGs
[2023-12-03T18:43:27.497+0000] {logging_mixin.py:154} INFO - [2023-12-03T18:43:27.496+0000] {dag.py:3722} INFO - Setting next_dagrun for example_short_circuit_operator to 2023-12-02T18:43:27.496582+00:00, run_after=2023-12-03T18:43:27.496582+00:00
[2023-12-03T18:43:27.529+0000] {processor.py:179} INFO - Processing /home/airflow/.local/lib/python3.8/site-packages/airflow/example_dags/example_short_circuit_operator.py took 0.131 seconds
[2023-12-03T18:43:58.378+0000] {processor.py:157} INFO - Started process (PID=258) to work on /home/airflow/.local/lib/python3.8/site-packages/airflow/example_dags/example_short_circuit_operator.py
[2023-12-03T18:43:58.379+0000] {processor.py:829} INFO - Processing file /home/airflow/.local/lib/python3.8/site-packages/airflow/example_dags/example_short_circuit_operator.py for tasks to queue
[2023-12-03T18:43:58.384+0000] {logging_mixin.py:154} INFO - [2023-12-03T18:43:58.383+0000] {dagbag.py:536} INFO - Filling up the DagBag from /home/airflow/.local/lib/python3.8/site-packages/airflow/example_dags/example_short_circuit_operator.py
[2023-12-03T18:43:58.399+0000] {processor.py:839} INFO - DAG(s) dict_keys(['example_short_circuit_operator']) retrieved from /home/airflow/.local/lib/python3.8/site-packages/airflow/example_dags/example_short_circuit_operator.py
[2023-12-03T18:43:58.436+0000] {logging_mixin.py:154} INFO - [2023-12-03T18:43:58.436+0000] {dag.py:2941} INFO - Sync 1 DAGs
[2023-12-03T18:43:58.470+0000] {logging_mixin.py:154} INFO - [2023-12-03T18:43:58.470+0000] {dag.py:3722} INFO - Setting next_dagrun for example_short_circuit_operator to 2023-12-02T18:43:58.470065+00:00, run_after=2023-12-03T18:43:58.470065+00:00
[2023-12-03T18:43:58.516+0000] {processor.py:179} INFO - Processing /home/airflow/.local/lib/python3.8/site-packages/airflow/example_dags/example_short_circuit_operator.py took 0.143 seconds
[2023-12-03T18:44:29.177+0000] {processor.py:157} INFO - Started process (PID=313) to work on /home/airflow/.local/lib/python3.8/site-packages/airflow/example_dags/example_short_circuit_operator.py
[2023-12-03T18:44:29.178+0000] {processor.py:829} INFO - Processing file /home/airflow/.local/lib/python3.8/site-packages/airflow/example_dags/example_short_circuit_operator.py for tasks to queue
[2023-12-03T18:44:29.182+0000] {logging_mixin.py:154} INFO - [2023-12-03T18:44:29.182+0000] {dagbag.py:536} INFO - Filling up the DagBag from /home/airflow/.local/lib/python3.8/site-packages/airflow/example_dags/example_short_circuit_operator.py
[2023-12-03T18:44:29.195+0000] {processor.py:839} INFO - DAG(s) dict_keys(['example_short_circuit_operator']) retrieved from /home/airflow/.local/lib/python3.8/site-packages/airflow/example_dags/example_short_circuit_operator.py
[2023-12-03T18:44:29.229+0000] {logging_mixin.py:154} INFO - [2023-12-03T18:44:29.229+0000] {dag.py:2941} INFO - Sync 1 DAGs
[2023-12-03T18:44:29.265+0000] {logging_mixin.py:154} INFO - [2023-12-03T18:44:29.265+0000] {dag.py:3722} INFO - Setting next_dagrun for example_short_circuit_operator to 2023-12-02T18:44:29.264694+00:00, run_after=2023-12-03T18:44:29.264694+00:00
[2023-12-03T18:44:29.307+0000] {processor.py:179} INFO - Processing /home/airflow/.local/lib/python3.8/site-packages/airflow/example_dags/example_short_circuit_operator.py took 0.138 seconds
[2023-12-03T18:48:26.562+0000] {processor.py:157} INFO - Started process (PID=41) to work on /home/airflow/.local/lib/python3.8/site-packages/airflow/example_dags/example_short_circuit_operator.py
[2023-12-03T18:48:26.565+0000] {processor.py:829} INFO - Processing file /home/airflow/.local/lib/python3.8/site-packages/airflow/example_dags/example_short_circuit_operator.py for tasks to queue
[2023-12-03T18:48:26.570+0000] {logging_mixin.py:154} INFO - [2023-12-03T18:48:26.570+0000] {dagbag.py:536} INFO - Filling up the DagBag from /home/airflow/.local/lib/python3.8/site-packages/airflow/example_dags/example_short_circuit_operator.py
[2023-12-03T18:48:26.590+0000] {processor.py:839} INFO - DAG(s) dict_keys(['example_short_circuit_operator']) retrieved from /home/airflow/.local/lib/python3.8/site-packages/airflow/example_dags/example_short_circuit_operator.py
[2023-12-03T18:48:26.618+0000] {logging_mixin.py:154} INFO - [2023-12-03T18:48:26.617+0000] {dag.py:2941} INFO - Sync 1 DAGs
[2023-12-03T18:48:26.664+0000] {logging_mixin.py:154} INFO - [2023-12-03T18:48:26.663+0000] {dag.py:3722} INFO - Setting next_dagrun for example_short_circuit_operator to 2023-12-02T18:48:26.663604+00:00, run_after=2023-12-03T18:48:26.663604+00:00
[2023-12-03T18:48:26.697+0000] {processor.py:179} INFO - Processing /home/airflow/.local/lib/python3.8/site-packages/airflow/example_dags/example_short_circuit_operator.py took 0.144 seconds
[2023-12-03T18:48:57.175+0000] {processor.py:157} INFO - Started process (PID=96) to work on /home/airflow/.local/lib/python3.8/site-packages/airflow/example_dags/example_short_circuit_operator.py
[2023-12-03T18:48:57.177+0000] {processor.py:829} INFO - Processing file /home/airflow/.local/lib/python3.8/site-packages/airflow/example_dags/example_short_circuit_operator.py for tasks to queue
[2023-12-03T18:48:57.181+0000] {logging_mixin.py:154} INFO - [2023-12-03T18:48:57.180+0000] {dagbag.py:536} INFO - Filling up the DagBag from /home/airflow/.local/lib/python3.8/site-packages/airflow/example_dags/example_short_circuit_operator.py
[2023-12-03T18:48:57.198+0000] {processor.py:839} INFO - DAG(s) dict_keys(['example_short_circuit_operator']) retrieved from /home/airflow/.local/lib/python3.8/site-packages/airflow/example_dags/example_short_circuit_operator.py
[2023-12-03T18:48:57.257+0000] {logging_mixin.py:154} INFO - [2023-12-03T18:48:57.257+0000] {dag.py:2941} INFO - Sync 1 DAGs
[2023-12-03T18:48:57.301+0000] {logging_mixin.py:154} INFO - [2023-12-03T18:48:57.301+0000] {dag.py:3722} INFO - Setting next_dagrun for example_short_circuit_operator to 2023-12-02T18:48:57.300818+00:00, run_after=2023-12-03T18:48:57.300818+00:00
[2023-12-03T18:48:57.343+0000] {processor.py:179} INFO - Processing /home/airflow/.local/lib/python3.8/site-packages/airflow/example_dags/example_short_circuit_operator.py took 0.172 seconds
[2023-12-03T18:49:27.778+0000] {processor.py:157} INFO - Started process (PID=151) to work on /home/airflow/.local/lib/python3.8/site-packages/airflow/example_dags/example_short_circuit_operator.py
[2023-12-03T18:49:27.779+0000] {processor.py:829} INFO - Processing file /home/airflow/.local/lib/python3.8/site-packages/airflow/example_dags/example_short_circuit_operator.py for tasks to queue
[2023-12-03T18:49:27.782+0000] {logging_mixin.py:154} INFO - [2023-12-03T18:49:27.781+0000] {dagbag.py:536} INFO - Filling up the DagBag from /home/airflow/.local/lib/python3.8/site-packages/airflow/example_dags/example_short_circuit_operator.py
[2023-12-03T18:49:27.791+0000] {processor.py:839} INFO - DAG(s) dict_keys(['example_short_circuit_operator']) retrieved from /home/airflow/.local/lib/python3.8/site-packages/airflow/example_dags/example_short_circuit_operator.py
[2023-12-03T18:49:27.823+0000] {logging_mixin.py:154} INFO - [2023-12-03T18:49:27.823+0000] {dag.py:2941} INFO - Sync 1 DAGs
[2023-12-03T18:49:27.854+0000] {logging_mixin.py:154} INFO - [2023-12-03T18:49:27.854+0000] {dag.py:3722} INFO - Setting next_dagrun for example_short_circuit_operator to 2023-12-02T18:49:27.854225+00:00, run_after=2023-12-03T18:49:27.854225+00:00
[2023-12-03T18:49:27.881+0000] {processor.py:179} INFO - Processing /home/airflow/.local/lib/python3.8/site-packages/airflow/example_dags/example_short_circuit_operator.py took 0.108 seconds
