[2023-12-03T18:18:46.733+0000] {processor.py:157} INFO - Started process (PID=46) to work on /home/airflow/.local/lib/python3.8/site-packages/airflow/example_dags/example_xcomargs.py
[2023-12-03T18:18:46.734+0000] {processor.py:829} INFO - Processing file /home/airflow/.local/lib/python3.8/site-packages/airflow/example_dags/example_xcomargs.py for tasks to queue
[2023-12-03T18:18:46.738+0000] {logging_mixin.py:154} INFO - [2023-12-03T18:18:46.737+0000] {dagbag.py:536} INFO - Filling up the DagBag from /home/airflow/.local/lib/python3.8/site-packages/airflow/example_dags/example_xcomargs.py
[2023-12-03T18:18:46.756+0000] {processor.py:839} INFO - DAG(s) dict_keys(['example_xcom_args_with_operators', 'example_xcom_args']) retrieved from /home/airflow/.local/lib/python3.8/site-packages/airflow/example_dags/example_xcomargs.py
[2023-12-03T18:18:46.811+0000] {logging_mixin.py:154} INFO - [2023-12-03T18:18:46.810+0000] {dag.py:2941} INFO - Sync 2 DAGs
[2023-12-03T18:18:46.838+0000] {logging_mixin.py:154} INFO - [2023-12-03T18:18:46.838+0000] {dag.py:3722} INFO - Setting next_dagrun for example_xcom_args to None, run_after=None
[2023-12-03T18:18:46.845+0000] {logging_mixin.py:154} INFO - [2023-12-03T18:18:46.845+0000] {dag.py:3722} INFO - Setting next_dagrun for example_xcom_args_with_operators to None, run_after=None
[2023-12-03T18:18:46.877+0000] {processor.py:179} INFO - Processing /home/airflow/.local/lib/python3.8/site-packages/airflow/example_dags/example_xcomargs.py took 0.148 seconds
[2023-12-03T18:19:17.800+0000] {processor.py:157} INFO - Started process (PID=100) to work on /home/airflow/.local/lib/python3.8/site-packages/airflow/example_dags/example_xcomargs.py
[2023-12-03T18:19:17.802+0000] {processor.py:829} INFO - Processing file /home/airflow/.local/lib/python3.8/site-packages/airflow/example_dags/example_xcomargs.py for tasks to queue
[2023-12-03T18:19:17.807+0000] {logging_mixin.py:154} INFO - [2023-12-03T18:19:17.807+0000] {dagbag.py:536} INFO - Filling up the DagBag from /home/airflow/.local/lib/python3.8/site-packages/airflow/example_dags/example_xcomargs.py
[2023-12-03T18:19:17.827+0000] {processor.py:839} INFO - DAG(s) dict_keys(['example_xcom_args_with_operators', 'example_xcom_args']) retrieved from /home/airflow/.local/lib/python3.8/site-packages/airflow/example_dags/example_xcomargs.py
[2023-12-03T18:19:17.874+0000] {logging_mixin.py:154} INFO - [2023-12-03T18:19:17.874+0000] {dag.py:2941} INFO - Sync 2 DAGs
[2023-12-03T18:19:17.897+0000] {logging_mixin.py:154} INFO - [2023-12-03T18:19:17.897+0000] {dag.py:3722} INFO - Setting next_dagrun for example_xcom_args to None, run_after=None
[2023-12-03T18:19:17.908+0000] {logging_mixin.py:154} INFO - [2023-12-03T18:19:17.907+0000] {dag.py:3722} INFO - Setting next_dagrun for example_xcom_args_with_operators to None, run_after=None
[2023-12-03T18:19:17.948+0000] {processor.py:179} INFO - Processing /home/airflow/.local/lib/python3.8/site-packages/airflow/example_dags/example_xcomargs.py took 0.154 seconds
[2023-12-03T18:19:48.529+0000] {processor.py:157} INFO - Started process (PID=154) to work on /home/airflow/.local/lib/python3.8/site-packages/airflow/example_dags/example_xcomargs.py
[2023-12-03T18:19:48.530+0000] {processor.py:829} INFO - Processing file /home/airflow/.local/lib/python3.8/site-packages/airflow/example_dags/example_xcomargs.py for tasks to queue
[2023-12-03T18:19:48.533+0000] {logging_mixin.py:154} INFO - [2023-12-03T18:19:48.533+0000] {dagbag.py:536} INFO - Filling up the DagBag from /home/airflow/.local/lib/python3.8/site-packages/airflow/example_dags/example_xcomargs.py
[2023-12-03T18:19:48.546+0000] {processor.py:839} INFO - DAG(s) dict_keys(['example_xcom_args', 'example_xcom_args_with_operators']) retrieved from /home/airflow/.local/lib/python3.8/site-packages/airflow/example_dags/example_xcomargs.py
[2023-12-03T18:19:48.567+0000] {logging_mixin.py:154} INFO - [2023-12-03T18:19:48.567+0000] {dag.py:2941} INFO - Sync 2 DAGs
[2023-12-03T18:19:48.588+0000] {logging_mixin.py:154} INFO - [2023-12-03T18:19:48.588+0000] {dag.py:3722} INFO - Setting next_dagrun for example_xcom_args to None, run_after=None
[2023-12-03T18:19:48.596+0000] {logging_mixin.py:154} INFO - [2023-12-03T18:19:48.595+0000] {dag.py:3722} INFO - Setting next_dagrun for example_xcom_args_with_operators to None, run_after=None
[2023-12-03T18:19:48.634+0000] {processor.py:179} INFO - Processing /home/airflow/.local/lib/python3.8/site-packages/airflow/example_dags/example_xcomargs.py took 0.111 seconds
[2023-12-03T18:20:19.229+0000] {processor.py:157} INFO - Started process (PID=208) to work on /home/airflow/.local/lib/python3.8/site-packages/airflow/example_dags/example_xcomargs.py
[2023-12-03T18:20:19.230+0000] {processor.py:829} INFO - Processing file /home/airflow/.local/lib/python3.8/site-packages/airflow/example_dags/example_xcomargs.py for tasks to queue
[2023-12-03T18:20:19.235+0000] {logging_mixin.py:154} INFO - [2023-12-03T18:20:19.234+0000] {dagbag.py:536} INFO - Filling up the DagBag from /home/airflow/.local/lib/python3.8/site-packages/airflow/example_dags/example_xcomargs.py
[2023-12-03T18:20:19.253+0000] {processor.py:839} INFO - DAG(s) dict_keys(['example_xcom_args', 'example_xcom_args_with_operators']) retrieved from /home/airflow/.local/lib/python3.8/site-packages/airflow/example_dags/example_xcomargs.py
[2023-12-03T18:20:19.301+0000] {logging_mixin.py:154} INFO - [2023-12-03T18:20:19.301+0000] {dag.py:2941} INFO - Sync 2 DAGs
[2023-12-03T18:20:19.334+0000] {logging_mixin.py:154} INFO - [2023-12-03T18:20:19.333+0000] {dag.py:3722} INFO - Setting next_dagrun for example_xcom_args to None, run_after=None
[2023-12-03T18:20:19.341+0000] {logging_mixin.py:154} INFO - [2023-12-03T18:20:19.341+0000] {dag.py:3722} INFO - Setting next_dagrun for example_xcom_args_with_operators to None, run_after=None
[2023-12-03T18:20:19.381+0000] {processor.py:179} INFO - Processing /home/airflow/.local/lib/python3.8/site-packages/airflow/example_dags/example_xcomargs.py took 0.158 seconds
[2023-12-03T18:20:49.548+0000] {processor.py:157} INFO - Started process (PID=262) to work on /home/airflow/.local/lib/python3.8/site-packages/airflow/example_dags/example_xcomargs.py
[2023-12-03T18:20:49.550+0000] {processor.py:829} INFO - Processing file /home/airflow/.local/lib/python3.8/site-packages/airflow/example_dags/example_xcomargs.py for tasks to queue
[2023-12-03T18:20:49.556+0000] {logging_mixin.py:154} INFO - [2023-12-03T18:20:49.555+0000] {dagbag.py:536} INFO - Filling up the DagBag from /home/airflow/.local/lib/python3.8/site-packages/airflow/example_dags/example_xcomargs.py
[2023-12-03T18:20:49.578+0000] {processor.py:839} INFO - DAG(s) dict_keys(['example_xcom_args', 'example_xcom_args_with_operators']) retrieved from /home/airflow/.local/lib/python3.8/site-packages/airflow/example_dags/example_xcomargs.py
[2023-12-03T18:20:49.644+0000] {logging_mixin.py:154} INFO - [2023-12-03T18:20:49.643+0000] {dag.py:2941} INFO - Sync 2 DAGs
[2023-12-03T18:20:49.681+0000] {logging_mixin.py:154} INFO - [2023-12-03T18:20:49.680+0000] {dag.py:3722} INFO - Setting next_dagrun for example_xcom_args to None, run_after=None
[2023-12-03T18:20:49.690+0000] {logging_mixin.py:154} INFO - [2023-12-03T18:20:49.689+0000] {dag.py:3722} INFO - Setting next_dagrun for example_xcom_args_with_operators to None, run_after=None
[2023-12-03T18:20:49.733+0000] {processor.py:179} INFO - Processing /home/airflow/.local/lib/python3.8/site-packages/airflow/example_dags/example_xcomargs.py took 0.191 seconds
[2023-12-03T18:21:20.060+0000] {processor.py:157} INFO - Started process (PID=315) to work on /home/airflow/.local/lib/python3.8/site-packages/airflow/example_dags/example_xcomargs.py
[2023-12-03T18:21:20.063+0000] {processor.py:829} INFO - Processing file /home/airflow/.local/lib/python3.8/site-packages/airflow/example_dags/example_xcomargs.py for tasks to queue
[2023-12-03T18:21:20.070+0000] {logging_mixin.py:154} INFO - [2023-12-03T18:21:20.069+0000] {dagbag.py:536} INFO - Filling up the DagBag from /home/airflow/.local/lib/python3.8/site-packages/airflow/example_dags/example_xcomargs.py
[2023-12-03T18:21:20.095+0000] {processor.py:839} INFO - DAG(s) dict_keys(['example_xcom_args_with_operators', 'example_xcom_args']) retrieved from /home/airflow/.local/lib/python3.8/site-packages/airflow/example_dags/example_xcomargs.py
[2023-12-03T18:21:20.121+0000] {logging_mixin.py:154} INFO - [2023-12-03T18:21:20.121+0000] {dag.py:2941} INFO - Sync 2 DAGs
[2023-12-03T18:21:20.144+0000] {logging_mixin.py:154} INFO - [2023-12-03T18:21:20.143+0000] {dag.py:3722} INFO - Setting next_dagrun for example_xcom_args to None, run_after=None
[2023-12-03T18:21:20.150+0000] {logging_mixin.py:154} INFO - [2023-12-03T18:21:20.150+0000] {dag.py:3722} INFO - Setting next_dagrun for example_xcom_args_with_operators to None, run_after=None
[2023-12-03T18:21:20.206+0000] {processor.py:179} INFO - Processing /home/airflow/.local/lib/python3.8/site-packages/airflow/example_dags/example_xcomargs.py took 0.158 seconds
[2023-12-03T18:21:50.271+0000] {processor.py:157} INFO - Started process (PID=369) to work on /home/airflow/.local/lib/python3.8/site-packages/airflow/example_dags/example_xcomargs.py
[2023-12-03T18:21:50.273+0000] {processor.py:829} INFO - Processing file /home/airflow/.local/lib/python3.8/site-packages/airflow/example_dags/example_xcomargs.py for tasks to queue
[2023-12-03T18:21:50.278+0000] {logging_mixin.py:154} INFO - [2023-12-03T18:21:50.277+0000] {dagbag.py:536} INFO - Filling up the DagBag from /home/airflow/.local/lib/python3.8/site-packages/airflow/example_dags/example_xcomargs.py
[2023-12-03T18:21:50.291+0000] {processor.py:839} INFO - DAG(s) dict_keys(['example_xcom_args', 'example_xcom_args_with_operators']) retrieved from /home/airflow/.local/lib/python3.8/site-packages/airflow/example_dags/example_xcomargs.py
[2023-12-03T18:21:50.337+0000] {logging_mixin.py:154} INFO - [2023-12-03T18:21:50.336+0000] {dag.py:2941} INFO - Sync 2 DAGs
[2023-12-03T18:21:50.364+0000] {logging_mixin.py:154} INFO - [2023-12-03T18:21:50.364+0000] {dag.py:3722} INFO - Setting next_dagrun for example_xcom_args to None, run_after=None
[2023-12-03T18:21:50.373+0000] {logging_mixin.py:154} INFO - [2023-12-03T18:21:50.372+0000] {dag.py:3722} INFO - Setting next_dagrun for example_xcom_args_with_operators to None, run_after=None
[2023-12-03T18:21:50.412+0000] {processor.py:179} INFO - Processing /home/airflow/.local/lib/python3.8/site-packages/airflow/example_dags/example_xcomargs.py took 0.147 seconds
[2023-12-03T18:22:20.603+0000] {processor.py:157} INFO - Started process (PID=423) to work on /home/airflow/.local/lib/python3.8/site-packages/airflow/example_dags/example_xcomargs.py
[2023-12-03T18:22:20.605+0000] {processor.py:829} INFO - Processing file /home/airflow/.local/lib/python3.8/site-packages/airflow/example_dags/example_xcomargs.py for tasks to queue
[2023-12-03T18:22:20.610+0000] {logging_mixin.py:154} INFO - [2023-12-03T18:22:20.609+0000] {dagbag.py:536} INFO - Filling up the DagBag from /home/airflow/.local/lib/python3.8/site-packages/airflow/example_dags/example_xcomargs.py
[2023-12-03T18:22:20.626+0000] {processor.py:839} INFO - DAG(s) dict_keys(['example_xcom_args', 'example_xcom_args_with_operators']) retrieved from /home/airflow/.local/lib/python3.8/site-packages/airflow/example_dags/example_xcomargs.py
[2023-12-03T18:22:20.669+0000] {logging_mixin.py:154} INFO - [2023-12-03T18:22:20.669+0000] {dag.py:2941} INFO - Sync 2 DAGs
[2023-12-03T18:22:20.692+0000] {logging_mixin.py:154} INFO - [2023-12-03T18:22:20.692+0000] {dag.py:3722} INFO - Setting next_dagrun for example_xcom_args to None, run_after=None
[2023-12-03T18:22:20.699+0000] {logging_mixin.py:154} INFO - [2023-12-03T18:22:20.699+0000] {dag.py:3722} INFO - Setting next_dagrun for example_xcom_args_with_operators to None, run_after=None
[2023-12-03T18:22:20.728+0000] {processor.py:179} INFO - Processing /home/airflow/.local/lib/python3.8/site-packages/airflow/example_dags/example_xcomargs.py took 0.133 seconds
[2023-12-03T18:23:56.515+0000] {processor.py:157} INFO - Started process (PID=46) to work on /home/airflow/.local/lib/python3.8/site-packages/airflow/example_dags/example_xcomargs.py
[2023-12-03T18:23:56.517+0000] {processor.py:829} INFO - Processing file /home/airflow/.local/lib/python3.8/site-packages/airflow/example_dags/example_xcomargs.py for tasks to queue
[2023-12-03T18:23:56.522+0000] {logging_mixin.py:154} INFO - [2023-12-03T18:23:56.521+0000] {dagbag.py:536} INFO - Filling up the DagBag from /home/airflow/.local/lib/python3.8/site-packages/airflow/example_dags/example_xcomargs.py
[2023-12-03T18:23:56.543+0000] {processor.py:839} INFO - DAG(s) dict_keys(['example_xcom_args', 'example_xcom_args_with_operators']) retrieved from /home/airflow/.local/lib/python3.8/site-packages/airflow/example_dags/example_xcomargs.py
[2023-12-03T18:23:56.579+0000] {logging_mixin.py:154} INFO - [2023-12-03T18:23:56.579+0000] {dag.py:2941} INFO - Sync 2 DAGs
[2023-12-03T18:23:56.610+0000] {logging_mixin.py:154} INFO - [2023-12-03T18:23:56.609+0000] {dag.py:3722} INFO - Setting next_dagrun for example_xcom_args to None, run_after=None
[2023-12-03T18:23:56.617+0000] {logging_mixin.py:154} INFO - [2023-12-03T18:23:56.617+0000] {dag.py:3722} INFO - Setting next_dagrun for example_xcom_args_with_operators to None, run_after=None
[2023-12-03T18:23:56.670+0000] {processor.py:179} INFO - Processing /home/airflow/.local/lib/python3.8/site-packages/airflow/example_dags/example_xcomargs.py took 0.162 seconds
[2023-12-03T18:24:27.633+0000] {processor.py:157} INFO - Started process (PID=100) to work on /home/airflow/.local/lib/python3.8/site-packages/airflow/example_dags/example_xcomargs.py
[2023-12-03T18:24:27.635+0000] {processor.py:829} INFO - Processing file /home/airflow/.local/lib/python3.8/site-packages/airflow/example_dags/example_xcomargs.py for tasks to queue
[2023-12-03T18:24:27.641+0000] {logging_mixin.py:154} INFO - [2023-12-03T18:24:27.640+0000] {dagbag.py:536} INFO - Filling up the DagBag from /home/airflow/.local/lib/python3.8/site-packages/airflow/example_dags/example_xcomargs.py
[2023-12-03T18:24:27.664+0000] {processor.py:839} INFO - DAG(s) dict_keys(['example_xcom_args_with_operators', 'example_xcom_args']) retrieved from /home/airflow/.local/lib/python3.8/site-packages/airflow/example_dags/example_xcomargs.py
[2023-12-03T18:24:27.725+0000] {logging_mixin.py:154} INFO - [2023-12-03T18:24:27.725+0000] {dag.py:2941} INFO - Sync 2 DAGs
[2023-12-03T18:24:27.748+0000] {logging_mixin.py:154} INFO - [2023-12-03T18:24:27.748+0000] {dag.py:3722} INFO - Setting next_dagrun for example_xcom_args to None, run_after=None
[2023-12-03T18:24:27.758+0000] {logging_mixin.py:154} INFO - [2023-12-03T18:24:27.758+0000] {dag.py:3722} INFO - Setting next_dagrun for example_xcom_args_with_operators to None, run_after=None
[2023-12-03T18:24:27.799+0000] {processor.py:179} INFO - Processing /home/airflow/.local/lib/python3.8/site-packages/airflow/example_dags/example_xcomargs.py took 0.174 seconds
[2023-12-03T18:24:57.852+0000] {processor.py:157} INFO - Started process (PID=154) to work on /home/airflow/.local/lib/python3.8/site-packages/airflow/example_dags/example_xcomargs.py
[2023-12-03T18:24:57.853+0000] {processor.py:829} INFO - Processing file /home/airflow/.local/lib/python3.8/site-packages/airflow/example_dags/example_xcomargs.py for tasks to queue
[2023-12-03T18:24:57.856+0000] {logging_mixin.py:154} INFO - [2023-12-03T18:24:57.856+0000] {dagbag.py:536} INFO - Filling up the DagBag from /home/airflow/.local/lib/python3.8/site-packages/airflow/example_dags/example_xcomargs.py
[2023-12-03T18:24:57.867+0000] {processor.py:839} INFO - DAG(s) dict_keys(['example_xcom_args_with_operators', 'example_xcom_args']) retrieved from /home/airflow/.local/lib/python3.8/site-packages/airflow/example_dags/example_xcomargs.py
[2023-12-03T18:24:57.919+0000] {logging_mixin.py:154} INFO - [2023-12-03T18:24:57.919+0000] {dag.py:2941} INFO - Sync 2 DAGs
[2023-12-03T18:24:57.948+0000] {logging_mixin.py:154} INFO - [2023-12-03T18:24:57.948+0000] {dag.py:3722} INFO - Setting next_dagrun for example_xcom_args to None, run_after=None
[2023-12-03T18:24:57.954+0000] {logging_mixin.py:154} INFO - [2023-12-03T18:24:57.954+0000] {dag.py:3722} INFO - Setting next_dagrun for example_xcom_args_with_operators to None, run_after=None
[2023-12-03T18:24:57.978+0000] {processor.py:179} INFO - Processing /home/airflow/.local/lib/python3.8/site-packages/airflow/example_dags/example_xcomargs.py took 0.130 seconds
[2023-12-03T18:25:28.433+0000] {processor.py:157} INFO - Started process (PID=208) to work on /home/airflow/.local/lib/python3.8/site-packages/airflow/example_dags/example_xcomargs.py
[2023-12-03T18:25:28.434+0000] {processor.py:829} INFO - Processing file /home/airflow/.local/lib/python3.8/site-packages/airflow/example_dags/example_xcomargs.py for tasks to queue
[2023-12-03T18:25:28.438+0000] {logging_mixin.py:154} INFO - [2023-12-03T18:25:28.437+0000] {dagbag.py:536} INFO - Filling up the DagBag from /home/airflow/.local/lib/python3.8/site-packages/airflow/example_dags/example_xcomargs.py
[2023-12-03T18:25:28.449+0000] {processor.py:839} INFO - DAG(s) dict_keys(['example_xcom_args_with_operators', 'example_xcom_args']) retrieved from /home/airflow/.local/lib/python3.8/site-packages/airflow/example_dags/example_xcomargs.py
[2023-12-03T18:25:28.486+0000] {logging_mixin.py:154} INFO - [2023-12-03T18:25:28.486+0000] {dag.py:2941} INFO - Sync 2 DAGs
[2023-12-03T18:25:28.507+0000] {logging_mixin.py:154} INFO - [2023-12-03T18:25:28.507+0000] {dag.py:3722} INFO - Setting next_dagrun for example_xcom_args to None, run_after=None
[2023-12-03T18:25:28.513+0000] {logging_mixin.py:154} INFO - [2023-12-03T18:25:28.512+0000] {dag.py:3722} INFO - Setting next_dagrun for example_xcom_args_with_operators to None, run_after=None
[2023-12-03T18:25:28.534+0000] {processor.py:179} INFO - Processing /home/airflow/.local/lib/python3.8/site-packages/airflow/example_dags/example_xcomargs.py took 0.105 seconds
[2023-12-03T18:25:59.090+0000] {processor.py:157} INFO - Started process (PID=262) to work on /home/airflow/.local/lib/python3.8/site-packages/airflow/example_dags/example_xcomargs.py
[2023-12-03T18:25:59.092+0000] {processor.py:829} INFO - Processing file /home/airflow/.local/lib/python3.8/site-packages/airflow/example_dags/example_xcomargs.py for tasks to queue
[2023-12-03T18:25:59.097+0000] {logging_mixin.py:154} INFO - [2023-12-03T18:25:59.097+0000] {dagbag.py:536} INFO - Filling up the DagBag from /home/airflow/.local/lib/python3.8/site-packages/airflow/example_dags/example_xcomargs.py
[2023-12-03T18:25:59.112+0000] {processor.py:839} INFO - DAG(s) dict_keys(['example_xcom_args', 'example_xcom_args_with_operators']) retrieved from /home/airflow/.local/lib/python3.8/site-packages/airflow/example_dags/example_xcomargs.py
[2023-12-03T18:25:59.172+0000] {logging_mixin.py:154} INFO - [2023-12-03T18:25:59.172+0000] {dag.py:2941} INFO - Sync 2 DAGs
[2023-12-03T18:25:59.191+0000] {logging_mixin.py:154} INFO - [2023-12-03T18:25:59.191+0000] {dag.py:3722} INFO - Setting next_dagrun for example_xcom_args to None, run_after=None
[2023-12-03T18:25:59.200+0000] {logging_mixin.py:154} INFO - [2023-12-03T18:25:59.200+0000] {dag.py:3722} INFO - Setting next_dagrun for example_xcom_args_with_operators to None, run_after=None
[2023-12-03T18:25:59.229+0000] {processor.py:179} INFO - Processing /home/airflow/.local/lib/python3.8/site-packages/airflow/example_dags/example_xcomargs.py took 0.125 seconds
[2023-12-03T18:26:29.359+0000] {processor.py:157} INFO - Started process (PID=316) to work on /home/airflow/.local/lib/python3.8/site-packages/airflow/example_dags/example_xcomargs.py
[2023-12-03T18:26:29.361+0000] {processor.py:829} INFO - Processing file /home/airflow/.local/lib/python3.8/site-packages/airflow/example_dags/example_xcomargs.py for tasks to queue
[2023-12-03T18:26:29.364+0000] {logging_mixin.py:154} INFO - [2023-12-03T18:26:29.363+0000] {dagbag.py:536} INFO - Filling up the DagBag from /home/airflow/.local/lib/python3.8/site-packages/airflow/example_dags/example_xcomargs.py
[2023-12-03T18:26:29.375+0000] {processor.py:839} INFO - DAG(s) dict_keys(['example_xcom_args_with_operators', 'example_xcom_args']) retrieved from /home/airflow/.local/lib/python3.8/site-packages/airflow/example_dags/example_xcomargs.py
[2023-12-03T18:26:29.418+0000] {logging_mixin.py:154} INFO - [2023-12-03T18:26:29.418+0000] {dag.py:2941} INFO - Sync 2 DAGs
[2023-12-03T18:26:29.452+0000] {logging_mixin.py:154} INFO - [2023-12-03T18:26:29.452+0000] {dag.py:3722} INFO - Setting next_dagrun for example_xcom_args to None, run_after=None
[2023-12-03T18:26:29.459+0000] {logging_mixin.py:154} INFO - [2023-12-03T18:26:29.458+0000] {dag.py:3722} INFO - Setting next_dagrun for example_xcom_args_with_operators to None, run_after=None
[2023-12-03T18:26:29.482+0000] {processor.py:179} INFO - Processing /home/airflow/.local/lib/python3.8/site-packages/airflow/example_dags/example_xcomargs.py took 0.128 seconds
[2023-12-03T18:26:59.991+0000] {processor.py:157} INFO - Started process (PID=370) to work on /home/airflow/.local/lib/python3.8/site-packages/airflow/example_dags/example_xcomargs.py
[2023-12-03T18:26:59.992+0000] {processor.py:829} INFO - Processing file /home/airflow/.local/lib/python3.8/site-packages/airflow/example_dags/example_xcomargs.py for tasks to queue
[2023-12-03T18:26:59.996+0000] {logging_mixin.py:154} INFO - [2023-12-03T18:26:59.995+0000] {dagbag.py:536} INFO - Filling up the DagBag from /home/airflow/.local/lib/python3.8/site-packages/airflow/example_dags/example_xcomargs.py
[2023-12-03T18:27:00.007+0000] {processor.py:839} INFO - DAG(s) dict_keys(['example_xcom_args_with_operators', 'example_xcom_args']) retrieved from /home/airflow/.local/lib/python3.8/site-packages/airflow/example_dags/example_xcomargs.py
[2023-12-03T18:27:00.051+0000] {logging_mixin.py:154} INFO - [2023-12-03T18:27:00.050+0000] {dag.py:2941} INFO - Sync 2 DAGs
[2023-12-03T18:27:00.068+0000] {logging_mixin.py:154} INFO - [2023-12-03T18:27:00.067+0000] {dag.py:3722} INFO - Setting next_dagrun for example_xcom_args to None, run_after=None
[2023-12-03T18:27:00.073+0000] {logging_mixin.py:154} INFO - [2023-12-03T18:27:00.073+0000] {dag.py:3722} INFO - Setting next_dagrun for example_xcom_args_with_operators to None, run_after=None
[2023-12-03T18:27:00.099+0000] {processor.py:179} INFO - Processing /home/airflow/.local/lib/python3.8/site-packages/airflow/example_dags/example_xcomargs.py took 0.115 seconds
[2023-12-03T18:27:30.431+0000] {processor.py:157} INFO - Started process (PID=424) to work on /home/airflow/.local/lib/python3.8/site-packages/airflow/example_dags/example_xcomargs.py
[2023-12-03T18:27:30.432+0000] {processor.py:829} INFO - Processing file /home/airflow/.local/lib/python3.8/site-packages/airflow/example_dags/example_xcomargs.py for tasks to queue
[2023-12-03T18:27:30.437+0000] {logging_mixin.py:154} INFO - [2023-12-03T18:27:30.436+0000] {dagbag.py:536} INFO - Filling up the DagBag from /home/airflow/.local/lib/python3.8/site-packages/airflow/example_dags/example_xcomargs.py
[2023-12-03T18:27:30.451+0000] {processor.py:839} INFO - DAG(s) dict_keys(['example_xcom_args', 'example_xcom_args_with_operators']) retrieved from /home/airflow/.local/lib/python3.8/site-packages/airflow/example_dags/example_xcomargs.py
[2023-12-03T18:27:30.496+0000] {logging_mixin.py:154} INFO - [2023-12-03T18:27:30.495+0000] {dag.py:2941} INFO - Sync 2 DAGs
[2023-12-03T18:27:30.522+0000] {logging_mixin.py:154} INFO - [2023-12-03T18:27:30.522+0000] {dag.py:3722} INFO - Setting next_dagrun for example_xcom_args to None, run_after=None
[2023-12-03T18:27:30.530+0000] {logging_mixin.py:154} INFO - [2023-12-03T18:27:30.529+0000] {dag.py:3722} INFO - Setting next_dagrun for example_xcom_args_with_operators to None, run_after=None
[2023-12-03T18:27:30.564+0000] {processor.py:179} INFO - Processing /home/airflow/.local/lib/python3.8/site-packages/airflow/example_dags/example_xcomargs.py took 0.139 seconds
[2023-12-03T18:28:00.948+0000] {processor.py:157} INFO - Started process (PID=478) to work on /home/airflow/.local/lib/python3.8/site-packages/airflow/example_dags/example_xcomargs.py
[2023-12-03T18:28:00.950+0000] {processor.py:829} INFO - Processing file /home/airflow/.local/lib/python3.8/site-packages/airflow/example_dags/example_xcomargs.py for tasks to queue
[2023-12-03T18:28:00.954+0000] {logging_mixin.py:154} INFO - [2023-12-03T18:28:00.953+0000] {dagbag.py:536} INFO - Filling up the DagBag from /home/airflow/.local/lib/python3.8/site-packages/airflow/example_dags/example_xcomargs.py
[2023-12-03T18:28:00.967+0000] {processor.py:839} INFO - DAG(s) dict_keys(['example_xcom_args', 'example_xcom_args_with_operators']) retrieved from /home/airflow/.local/lib/python3.8/site-packages/airflow/example_dags/example_xcomargs.py
[2023-12-03T18:28:01.031+0000] {logging_mixin.py:154} INFO - [2023-12-03T18:28:01.031+0000] {dag.py:2941} INFO - Sync 2 DAGs
[2023-12-03T18:28:01.059+0000] {logging_mixin.py:154} INFO - [2023-12-03T18:28:01.059+0000] {dag.py:3722} INFO - Setting next_dagrun for example_xcom_args to None, run_after=None
[2023-12-03T18:28:01.066+0000] {logging_mixin.py:154} INFO - [2023-12-03T18:28:01.066+0000] {dag.py:3722} INFO - Setting next_dagrun for example_xcom_args_with_operators to None, run_after=None
[2023-12-03T18:28:01.111+0000] {processor.py:179} INFO - Processing /home/airflow/.local/lib/python3.8/site-packages/airflow/example_dags/example_xcomargs.py took 0.167 seconds
[2023-12-03T18:28:31.498+0000] {processor.py:157} INFO - Started process (PID=532) to work on /home/airflow/.local/lib/python3.8/site-packages/airflow/example_dags/example_xcomargs.py
[2023-12-03T18:28:31.499+0000] {processor.py:829} INFO - Processing file /home/airflow/.local/lib/python3.8/site-packages/airflow/example_dags/example_xcomargs.py for tasks to queue
[2023-12-03T18:28:31.504+0000] {logging_mixin.py:154} INFO - [2023-12-03T18:28:31.503+0000] {dagbag.py:536} INFO - Filling up the DagBag from /home/airflow/.local/lib/python3.8/site-packages/airflow/example_dags/example_xcomargs.py
[2023-12-03T18:28:31.518+0000] {processor.py:839} INFO - DAG(s) dict_keys(['example_xcom_args_with_operators', 'example_xcom_args']) retrieved from /home/airflow/.local/lib/python3.8/site-packages/airflow/example_dags/example_xcomargs.py
[2023-12-03T18:28:31.555+0000] {logging_mixin.py:154} INFO - [2023-12-03T18:28:31.554+0000] {dag.py:2941} INFO - Sync 2 DAGs
[2023-12-03T18:28:31.578+0000] {logging_mixin.py:154} INFO - [2023-12-03T18:28:31.578+0000] {dag.py:3722} INFO - Setting next_dagrun for example_xcom_args to None, run_after=None
[2023-12-03T18:28:31.585+0000] {logging_mixin.py:154} INFO - [2023-12-03T18:28:31.585+0000] {dag.py:3722} INFO - Setting next_dagrun for example_xcom_args_with_operators to None, run_after=None
[2023-12-03T18:28:31.637+0000] {processor.py:179} INFO - Processing /home/airflow/.local/lib/python3.8/site-packages/airflow/example_dags/example_xcomargs.py took 0.142 seconds
[2023-12-03T18:29:48.027+0000] {processor.py:157} INFO - Started process (PID=47) to work on /home/airflow/.local/lib/python3.8/site-packages/airflow/example_dags/example_xcomargs.py
[2023-12-03T18:29:48.029+0000] {processor.py:829} INFO - Processing file /home/airflow/.local/lib/python3.8/site-packages/airflow/example_dags/example_xcomargs.py for tasks to queue
[2023-12-03T18:29:48.033+0000] {logging_mixin.py:154} INFO - [2023-12-03T18:29:48.032+0000] {dagbag.py:536} INFO - Filling up the DagBag from /home/airflow/.local/lib/python3.8/site-packages/airflow/example_dags/example_xcomargs.py
[2023-12-03T18:29:48.055+0000] {processor.py:839} INFO - DAG(s) dict_keys(['example_xcom_args_with_operators', 'example_xcom_args']) retrieved from /home/airflow/.local/lib/python3.8/site-packages/airflow/example_dags/example_xcomargs.py
[2023-12-03T18:29:48.105+0000] {logging_mixin.py:154} INFO - [2023-12-03T18:29:48.104+0000] {dag.py:2941} INFO - Sync 2 DAGs
[2023-12-03T18:29:48.130+0000] {logging_mixin.py:154} INFO - [2023-12-03T18:29:48.130+0000] {dag.py:3722} INFO - Setting next_dagrun for example_xcom_args to None, run_after=None
[2023-12-03T18:29:48.137+0000] {logging_mixin.py:154} INFO - [2023-12-03T18:29:48.137+0000] {dag.py:3722} INFO - Setting next_dagrun for example_xcom_args_with_operators to None, run_after=None
[2023-12-03T18:29:48.175+0000] {processor.py:179} INFO - Processing /home/airflow/.local/lib/python3.8/site-packages/airflow/example_dags/example_xcomargs.py took 0.153 seconds
[2023-12-03T18:30:18.787+0000] {processor.py:157} INFO - Started process (PID=102) to work on /home/airflow/.local/lib/python3.8/site-packages/airflow/example_dags/example_xcomargs.py
[2023-12-03T18:30:18.789+0000] {processor.py:829} INFO - Processing file /home/airflow/.local/lib/python3.8/site-packages/airflow/example_dags/example_xcomargs.py for tasks to queue
[2023-12-03T18:30:18.796+0000] {logging_mixin.py:154} INFO - [2023-12-03T18:30:18.795+0000] {dagbag.py:536} INFO - Filling up the DagBag from /home/airflow/.local/lib/python3.8/site-packages/airflow/example_dags/example_xcomargs.py
[2023-12-03T18:30:18.818+0000] {processor.py:839} INFO - DAG(s) dict_keys(['example_xcom_args_with_operators', 'example_xcom_args']) retrieved from /home/airflow/.local/lib/python3.8/site-packages/airflow/example_dags/example_xcomargs.py
[2023-12-03T18:30:18.870+0000] {logging_mixin.py:154} INFO - [2023-12-03T18:30:18.870+0000] {dag.py:2941} INFO - Sync 2 DAGs
[2023-12-03T18:30:18.896+0000] {logging_mixin.py:154} INFO - [2023-12-03T18:30:18.895+0000] {dag.py:3722} INFO - Setting next_dagrun for example_xcom_args to None, run_after=None
[2023-12-03T18:30:18.903+0000] {logging_mixin.py:154} INFO - [2023-12-03T18:30:18.903+0000] {dag.py:3722} INFO - Setting next_dagrun for example_xcom_args_with_operators to None, run_after=None
[2023-12-03T18:30:18.931+0000] {processor.py:179} INFO - Processing /home/airflow/.local/lib/python3.8/site-packages/airflow/example_dags/example_xcomargs.py took 0.152 seconds
[2023-12-03T18:30:49.733+0000] {processor.py:157} INFO - Started process (PID=157) to work on /home/airflow/.local/lib/python3.8/site-packages/airflow/example_dags/example_xcomargs.py
[2023-12-03T18:30:49.734+0000] {processor.py:829} INFO - Processing file /home/airflow/.local/lib/python3.8/site-packages/airflow/example_dags/example_xcomargs.py for tasks to queue
[2023-12-03T18:30:49.739+0000] {logging_mixin.py:154} INFO - [2023-12-03T18:30:49.738+0000] {dagbag.py:536} INFO - Filling up the DagBag from /home/airflow/.local/lib/python3.8/site-packages/airflow/example_dags/example_xcomargs.py
[2023-12-03T18:30:49.760+0000] {processor.py:839} INFO - DAG(s) dict_keys(['example_xcom_args_with_operators', 'example_xcom_args']) retrieved from /home/airflow/.local/lib/python3.8/site-packages/airflow/example_dags/example_xcomargs.py
[2023-12-03T18:30:49.825+0000] {logging_mixin.py:154} INFO - [2023-12-03T18:30:49.825+0000] {dag.py:2941} INFO - Sync 2 DAGs
[2023-12-03T18:30:49.860+0000] {logging_mixin.py:154} INFO - [2023-12-03T18:30:49.859+0000] {dag.py:3722} INFO - Setting next_dagrun for example_xcom_args to None, run_after=None
[2023-12-03T18:30:49.865+0000] {logging_mixin.py:154} INFO - [2023-12-03T18:30:49.865+0000] {dag.py:3722} INFO - Setting next_dagrun for example_xcom_args_with_operators to None, run_after=None
[2023-12-03T18:30:49.893+0000] {processor.py:179} INFO - Processing /home/airflow/.local/lib/python3.8/site-packages/airflow/example_dags/example_xcomargs.py took 0.164 seconds
[2023-12-03T18:31:20.250+0000] {processor.py:157} INFO - Started process (PID=216) to work on /home/airflow/.local/lib/python3.8/site-packages/airflow/example_dags/example_xcomargs.py
[2023-12-03T18:31:20.251+0000] {processor.py:829} INFO - Processing file /home/airflow/.local/lib/python3.8/site-packages/airflow/example_dags/example_xcomargs.py for tasks to queue
[2023-12-03T18:31:20.257+0000] {logging_mixin.py:154} INFO - [2023-12-03T18:31:20.256+0000] {dagbag.py:536} INFO - Filling up the DagBag from /home/airflow/.local/lib/python3.8/site-packages/airflow/example_dags/example_xcomargs.py
[2023-12-03T18:31:20.270+0000] {processor.py:839} INFO - DAG(s) dict_keys(['example_xcom_args', 'example_xcom_args_with_operators']) retrieved from /home/airflow/.local/lib/python3.8/site-packages/airflow/example_dags/example_xcomargs.py
[2023-12-03T18:31:20.315+0000] {logging_mixin.py:154} INFO - [2023-12-03T18:31:20.314+0000] {dag.py:2941} INFO - Sync 2 DAGs
[2023-12-03T18:31:20.340+0000] {logging_mixin.py:154} INFO - [2023-12-03T18:31:20.340+0000] {dag.py:3722} INFO - Setting next_dagrun for example_xcom_args to None, run_after=None
[2023-12-03T18:31:20.347+0000] {logging_mixin.py:154} INFO - [2023-12-03T18:31:20.347+0000] {dag.py:3722} INFO - Setting next_dagrun for example_xcom_args_with_operators to None, run_after=None
[2023-12-03T18:31:20.389+0000] {processor.py:179} INFO - Processing /home/airflow/.local/lib/python3.8/site-packages/airflow/example_dags/example_xcomargs.py took 0.146 seconds
[2023-12-03T18:31:50.535+0000] {processor.py:157} INFO - Started process (PID=274) to work on /home/airflow/.local/lib/python3.8/site-packages/airflow/example_dags/example_xcomargs.py
[2023-12-03T18:31:50.536+0000] {processor.py:829} INFO - Processing file /home/airflow/.local/lib/python3.8/site-packages/airflow/example_dags/example_xcomargs.py for tasks to queue
[2023-12-03T18:31:50.541+0000] {logging_mixin.py:154} INFO - [2023-12-03T18:31:50.540+0000] {dagbag.py:536} INFO - Filling up the DagBag from /home/airflow/.local/lib/python3.8/site-packages/airflow/example_dags/example_xcomargs.py
[2023-12-03T18:31:50.554+0000] {processor.py:839} INFO - DAG(s) dict_keys(['example_xcom_args', 'example_xcom_args_with_operators']) retrieved from /home/airflow/.local/lib/python3.8/site-packages/airflow/example_dags/example_xcomargs.py
[2023-12-03T18:31:50.596+0000] {logging_mixin.py:154} INFO - [2023-12-03T18:31:50.595+0000] {dag.py:2941} INFO - Sync 2 DAGs
[2023-12-03T18:31:50.619+0000] {logging_mixin.py:154} INFO - [2023-12-03T18:31:50.619+0000] {dag.py:3722} INFO - Setting next_dagrun for example_xcom_args to None, run_after=None
[2023-12-03T18:31:50.625+0000] {logging_mixin.py:154} INFO - [2023-12-03T18:31:50.625+0000] {dag.py:3722} INFO - Setting next_dagrun for example_xcom_args_with_operators to None, run_after=None
[2023-12-03T18:31:50.658+0000] {processor.py:179} INFO - Processing /home/airflow/.local/lib/python3.8/site-packages/airflow/example_dags/example_xcomargs.py took 0.129 seconds
[2023-12-03T18:32:21.122+0000] {processor.py:157} INFO - Started process (PID=329) to work on /home/airflow/.local/lib/python3.8/site-packages/airflow/example_dags/example_xcomargs.py
[2023-12-03T18:32:21.123+0000] {processor.py:829} INFO - Processing file /home/airflow/.local/lib/python3.8/site-packages/airflow/example_dags/example_xcomargs.py for tasks to queue
[2023-12-03T18:32:21.127+0000] {logging_mixin.py:154} INFO - [2023-12-03T18:32:21.126+0000] {dagbag.py:536} INFO - Filling up the DagBag from /home/airflow/.local/lib/python3.8/site-packages/airflow/example_dags/example_xcomargs.py
[2023-12-03T18:32:21.140+0000] {processor.py:839} INFO - DAG(s) dict_keys(['example_xcom_args_with_operators', 'example_xcom_args']) retrieved from /home/airflow/.local/lib/python3.8/site-packages/airflow/example_dags/example_xcomargs.py
[2023-12-03T18:32:21.179+0000] {logging_mixin.py:154} INFO - [2023-12-03T18:32:21.179+0000] {dag.py:2941} INFO - Sync 2 DAGs
[2023-12-03T18:32:21.211+0000] {logging_mixin.py:154} INFO - [2023-12-03T18:32:21.210+0000] {dag.py:3722} INFO - Setting next_dagrun for example_xcom_args to None, run_after=None
[2023-12-03T18:32:21.217+0000] {logging_mixin.py:154} INFO - [2023-12-03T18:32:21.217+0000] {dag.py:3722} INFO - Setting next_dagrun for example_xcom_args_with_operators to None, run_after=None
[2023-12-03T18:32:21.245+0000] {processor.py:179} INFO - Processing /home/airflow/.local/lib/python3.8/site-packages/airflow/example_dags/example_xcomargs.py took 0.127 seconds
[2023-12-03T18:32:51.380+0000] {processor.py:157} INFO - Started process (PID=384) to work on /home/airflow/.local/lib/python3.8/site-packages/airflow/example_dags/example_xcomargs.py
[2023-12-03T18:32:51.382+0000] {processor.py:829} INFO - Processing file /home/airflow/.local/lib/python3.8/site-packages/airflow/example_dags/example_xcomargs.py for tasks to queue
[2023-12-03T18:32:51.389+0000] {logging_mixin.py:154} INFO - [2023-12-03T18:32:51.387+0000] {dagbag.py:536} INFO - Filling up the DagBag from /home/airflow/.local/lib/python3.8/site-packages/airflow/example_dags/example_xcomargs.py
[2023-12-03T18:32:51.409+0000] {processor.py:839} INFO - DAG(s) dict_keys(['example_xcom_args_with_operators', 'example_xcom_args']) retrieved from /home/airflow/.local/lib/python3.8/site-packages/airflow/example_dags/example_xcomargs.py
[2023-12-03T18:32:51.473+0000] {logging_mixin.py:154} INFO - [2023-12-03T18:32:51.473+0000] {dag.py:2941} INFO - Sync 2 DAGs
[2023-12-03T18:32:51.505+0000] {logging_mixin.py:154} INFO - [2023-12-03T18:32:51.504+0000] {dag.py:3722} INFO - Setting next_dagrun for example_xcom_args to None, run_after=None
[2023-12-03T18:32:51.511+0000] {logging_mixin.py:154} INFO - [2023-12-03T18:32:51.510+0000] {dag.py:3722} INFO - Setting next_dagrun for example_xcom_args_with_operators to None, run_after=None
[2023-12-03T18:32:51.537+0000] {processor.py:179} INFO - Processing /home/airflow/.local/lib/python3.8/site-packages/airflow/example_dags/example_xcomargs.py took 0.165 seconds
[2023-12-03T18:33:22.903+0000] {processor.py:157} INFO - Started process (PID=439) to work on /home/airflow/.local/lib/python3.8/site-packages/airflow/example_dags/example_xcomargs.py
[2023-12-03T18:33:22.904+0000] {processor.py:829} INFO - Processing file /home/airflow/.local/lib/python3.8/site-packages/airflow/example_dags/example_xcomargs.py for tasks to queue
[2023-12-03T18:33:22.907+0000] {logging_mixin.py:154} INFO - [2023-12-03T18:33:22.907+0000] {dagbag.py:536} INFO - Filling up the DagBag from /home/airflow/.local/lib/python3.8/site-packages/airflow/example_dags/example_xcomargs.py
[2023-12-03T18:33:22.917+0000] {processor.py:839} INFO - DAG(s) dict_keys(['example_xcom_args', 'example_xcom_args_with_operators']) retrieved from /home/airflow/.local/lib/python3.8/site-packages/airflow/example_dags/example_xcomargs.py
[2023-12-03T18:33:22.954+0000] {logging_mixin.py:154} INFO - [2023-12-03T18:33:22.953+0000] {dag.py:2941} INFO - Sync 2 DAGs
[2023-12-03T18:33:22.976+0000] {logging_mixin.py:154} INFO - [2023-12-03T18:33:22.976+0000] {dag.py:3722} INFO - Setting next_dagrun for example_xcom_args to None, run_after=None
[2023-12-03T18:33:22.982+0000] {logging_mixin.py:154} INFO - [2023-12-03T18:33:22.982+0000] {dag.py:3722} INFO - Setting next_dagrun for example_xcom_args_with_operators to None, run_after=None
[2023-12-03T18:33:23.173+0000] {processor.py:179} INFO - Processing /home/airflow/.local/lib/python3.8/site-packages/airflow/example_dags/example_xcomargs.py took 0.274 seconds
[2023-12-03T18:33:53.629+0000] {processor.py:157} INFO - Started process (PID=494) to work on /home/airflow/.local/lib/python3.8/site-packages/airflow/example_dags/example_xcomargs.py
[2023-12-03T18:33:53.631+0000] {processor.py:829} INFO - Processing file /home/airflow/.local/lib/python3.8/site-packages/airflow/example_dags/example_xcomargs.py for tasks to queue
[2023-12-03T18:33:53.636+0000] {logging_mixin.py:154} INFO - [2023-12-03T18:33:53.635+0000] {dagbag.py:536} INFO - Filling up the DagBag from /home/airflow/.local/lib/python3.8/site-packages/airflow/example_dags/example_xcomargs.py
[2023-12-03T18:33:53.649+0000] {processor.py:839} INFO - DAG(s) dict_keys(['example_xcom_args', 'example_xcom_args_with_operators']) retrieved from /home/airflow/.local/lib/python3.8/site-packages/airflow/example_dags/example_xcomargs.py
[2023-12-03T18:33:53.693+0000] {logging_mixin.py:154} INFO - [2023-12-03T18:33:53.693+0000] {dag.py:2941} INFO - Sync 2 DAGs
[2023-12-03T18:33:53.717+0000] {logging_mixin.py:154} INFO - [2023-12-03T18:33:53.716+0000] {dag.py:3722} INFO - Setting next_dagrun for example_xcom_args to None, run_after=None
[2023-12-03T18:33:53.723+0000] {logging_mixin.py:154} INFO - [2023-12-03T18:33:53.723+0000] {dag.py:3722} INFO - Setting next_dagrun for example_xcom_args_with_operators to None, run_after=None
[2023-12-03T18:33:53.952+0000] {processor.py:179} INFO - Processing /home/airflow/.local/lib/python3.8/site-packages/airflow/example_dags/example_xcomargs.py took 0.329 seconds
[2023-12-03T18:34:24.423+0000] {processor.py:157} INFO - Started process (PID=549) to work on /home/airflow/.local/lib/python3.8/site-packages/airflow/example_dags/example_xcomargs.py
[2023-12-03T18:34:24.425+0000] {processor.py:829} INFO - Processing file /home/airflow/.local/lib/python3.8/site-packages/airflow/example_dags/example_xcomargs.py for tasks to queue
[2023-12-03T18:34:24.430+0000] {logging_mixin.py:154} INFO - [2023-12-03T18:34:24.429+0000] {dagbag.py:536} INFO - Filling up the DagBag from /home/airflow/.local/lib/python3.8/site-packages/airflow/example_dags/example_xcomargs.py
[2023-12-03T18:34:24.443+0000] {processor.py:839} INFO - DAG(s) dict_keys(['example_xcom_args_with_operators', 'example_xcom_args']) retrieved from /home/airflow/.local/lib/python3.8/site-packages/airflow/example_dags/example_xcomargs.py
[2023-12-03T18:34:24.482+0000] {logging_mixin.py:154} INFO - [2023-12-03T18:34:24.481+0000] {dag.py:2941} INFO - Sync 2 DAGs
[2023-12-03T18:34:24.502+0000] {logging_mixin.py:154} INFO - [2023-12-03T18:34:24.502+0000] {dag.py:3722} INFO - Setting next_dagrun for example_xcom_args to None, run_after=None
[2023-12-03T18:34:24.508+0000] {logging_mixin.py:154} INFO - [2023-12-03T18:34:24.508+0000] {dag.py:3722} INFO - Setting next_dagrun for example_xcom_args_with_operators to None, run_after=None
[2023-12-03T18:34:24.691+0000] {processor.py:179} INFO - Processing /home/airflow/.local/lib/python3.8/site-packages/airflow/example_dags/example_xcomargs.py took 0.273 seconds
[2023-12-03T18:34:55.031+0000] {processor.py:157} INFO - Started process (PID=604) to work on /home/airflow/.local/lib/python3.8/site-packages/airflow/example_dags/example_xcomargs.py
[2023-12-03T18:34:55.032+0000] {processor.py:829} INFO - Processing file /home/airflow/.local/lib/python3.8/site-packages/airflow/example_dags/example_xcomargs.py for tasks to queue
[2023-12-03T18:34:55.037+0000] {logging_mixin.py:154} INFO - [2023-12-03T18:34:55.036+0000] {dagbag.py:536} INFO - Filling up the DagBag from /home/airflow/.local/lib/python3.8/site-packages/airflow/example_dags/example_xcomargs.py
[2023-12-03T18:34:55.054+0000] {processor.py:839} INFO - DAG(s) dict_keys(['example_xcom_args', 'example_xcom_args_with_operators']) retrieved from /home/airflow/.local/lib/python3.8/site-packages/airflow/example_dags/example_xcomargs.py
[2023-12-03T18:34:55.102+0000] {logging_mixin.py:154} INFO - [2023-12-03T18:34:55.102+0000] {dag.py:2941} INFO - Sync 2 DAGs
[2023-12-03T18:34:55.129+0000] {logging_mixin.py:154} INFO - [2023-12-03T18:34:55.128+0000] {dag.py:3722} INFO - Setting next_dagrun for example_xcom_args to None, run_after=None
[2023-12-03T18:34:55.135+0000] {logging_mixin.py:154} INFO - [2023-12-03T18:34:55.135+0000] {dag.py:3722} INFO - Setting next_dagrun for example_xcom_args_with_operators to None, run_after=None
[2023-12-03T18:34:55.331+0000] {processor.py:179} INFO - Processing /home/airflow/.local/lib/python3.8/site-packages/airflow/example_dags/example_xcomargs.py took 0.304 seconds
[2023-12-03T18:35:26.281+0000] {processor.py:157} INFO - Started process (PID=666) to work on /home/airflow/.local/lib/python3.8/site-packages/airflow/example_dags/example_xcomargs.py
[2023-12-03T18:35:26.283+0000] {processor.py:829} INFO - Processing file /home/airflow/.local/lib/python3.8/site-packages/airflow/example_dags/example_xcomargs.py for tasks to queue
[2023-12-03T18:35:26.289+0000] {logging_mixin.py:154} INFO - [2023-12-03T18:35:26.287+0000] {dagbag.py:536} INFO - Filling up the DagBag from /home/airflow/.local/lib/python3.8/site-packages/airflow/example_dags/example_xcomargs.py
[2023-12-03T18:35:26.313+0000] {processor.py:839} INFO - DAG(s) dict_keys(['example_xcom_args', 'example_xcom_args_with_operators']) retrieved from /home/airflow/.local/lib/python3.8/site-packages/airflow/example_dags/example_xcomargs.py
[2023-12-03T18:35:26.361+0000] {logging_mixin.py:154} INFO - [2023-12-03T18:35:26.360+0000] {dag.py:2941} INFO - Sync 2 DAGs
[2023-12-03T18:35:26.387+0000] {logging_mixin.py:154} INFO - [2023-12-03T18:35:26.386+0000] {dag.py:3722} INFO - Setting next_dagrun for example_xcom_args to None, run_after=None
[2023-12-03T18:35:26.394+0000] {logging_mixin.py:154} INFO - [2023-12-03T18:35:26.393+0000] {dag.py:3722} INFO - Setting next_dagrun for example_xcom_args_with_operators to None, run_after=None
[2023-12-03T18:35:26.622+0000] {processor.py:179} INFO - Processing /home/airflow/.local/lib/python3.8/site-packages/airflow/example_dags/example_xcomargs.py took 0.349 seconds
[2023-12-03T18:35:57.319+0000] {processor.py:157} INFO - Started process (PID=721) to work on /home/airflow/.local/lib/python3.8/site-packages/airflow/example_dags/example_xcomargs.py
[2023-12-03T18:35:57.321+0000] {processor.py:829} INFO - Processing file /home/airflow/.local/lib/python3.8/site-packages/airflow/example_dags/example_xcomargs.py for tasks to queue
[2023-12-03T18:35:57.326+0000] {logging_mixin.py:154} INFO - [2023-12-03T18:35:57.325+0000] {dagbag.py:536} INFO - Filling up the DagBag from /home/airflow/.local/lib/python3.8/site-packages/airflow/example_dags/example_xcomargs.py
[2023-12-03T18:35:57.347+0000] {processor.py:839} INFO - DAG(s) dict_keys(['example_xcom_args', 'example_xcom_args_with_operators']) retrieved from /home/airflow/.local/lib/python3.8/site-packages/airflow/example_dags/example_xcomargs.py
[2023-12-03T18:35:57.397+0000] {logging_mixin.py:154} INFO - [2023-12-03T18:35:57.397+0000] {dag.py:2941} INFO - Sync 2 DAGs
[2023-12-03T18:35:57.428+0000] {logging_mixin.py:154} INFO - [2023-12-03T18:35:57.427+0000] {dag.py:3722} INFO - Setting next_dagrun for example_xcom_args to None, run_after=None
[2023-12-03T18:35:57.435+0000] {logging_mixin.py:154} INFO - [2023-12-03T18:35:57.435+0000] {dag.py:3722} INFO - Setting next_dagrun for example_xcom_args_with_operators to None, run_after=None
[2023-12-03T18:35:57.472+0000] {processor.py:179} INFO - Processing /home/airflow/.local/lib/python3.8/site-packages/airflow/example_dags/example_xcomargs.py took 0.161 seconds
[2023-12-03T18:36:27.694+0000] {processor.py:157} INFO - Started process (PID=776) to work on /home/airflow/.local/lib/python3.8/site-packages/airflow/example_dags/example_xcomargs.py
[2023-12-03T18:36:27.695+0000] {processor.py:829} INFO - Processing file /home/airflow/.local/lib/python3.8/site-packages/airflow/example_dags/example_xcomargs.py for tasks to queue
[2023-12-03T18:36:27.699+0000] {logging_mixin.py:154} INFO - [2023-12-03T18:36:27.699+0000] {dagbag.py:536} INFO - Filling up the DagBag from /home/airflow/.local/lib/python3.8/site-packages/airflow/example_dags/example_xcomargs.py
[2023-12-03T18:36:27.710+0000] {processor.py:839} INFO - DAG(s) dict_keys(['example_xcom_args', 'example_xcom_args_with_operators']) retrieved from /home/airflow/.local/lib/python3.8/site-packages/airflow/example_dags/example_xcomargs.py
[2023-12-03T18:36:27.745+0000] {logging_mixin.py:154} INFO - [2023-12-03T18:36:27.745+0000] {dag.py:2941} INFO - Sync 2 DAGs
[2023-12-03T18:36:27.763+0000] {logging_mixin.py:154} INFO - [2023-12-03T18:36:27.762+0000] {dag.py:3722} INFO - Setting next_dagrun for example_xcom_args to None, run_after=None
[2023-12-03T18:36:27.769+0000] {logging_mixin.py:154} INFO - [2023-12-03T18:36:27.769+0000] {dag.py:3722} INFO - Setting next_dagrun for example_xcom_args_with_operators to None, run_after=None
[2023-12-03T18:36:27.797+0000] {processor.py:179} INFO - Processing /home/airflow/.local/lib/python3.8/site-packages/airflow/example_dags/example_xcomargs.py took 0.107 seconds
[2023-12-03T18:36:58.625+0000] {processor.py:157} INFO - Started process (PID=831) to work on /home/airflow/.local/lib/python3.8/site-packages/airflow/example_dags/example_xcomargs.py
[2023-12-03T18:36:58.626+0000] {processor.py:829} INFO - Processing file /home/airflow/.local/lib/python3.8/site-packages/airflow/example_dags/example_xcomargs.py for tasks to queue
[2023-12-03T18:36:58.630+0000] {logging_mixin.py:154} INFO - [2023-12-03T18:36:58.630+0000] {dagbag.py:536} INFO - Filling up the DagBag from /home/airflow/.local/lib/python3.8/site-packages/airflow/example_dags/example_xcomargs.py
[2023-12-03T18:36:58.647+0000] {processor.py:839} INFO - DAG(s) dict_keys(['example_xcom_args_with_operators', 'example_xcom_args']) retrieved from /home/airflow/.local/lib/python3.8/site-packages/airflow/example_dags/example_xcomargs.py
[2023-12-03T18:36:58.698+0000] {logging_mixin.py:154} INFO - [2023-12-03T18:36:58.698+0000] {dag.py:2941} INFO - Sync 2 DAGs
[2023-12-03T18:36:58.729+0000] {logging_mixin.py:154} INFO - [2023-12-03T18:36:58.729+0000] {dag.py:3722} INFO - Setting next_dagrun for example_xcom_args to None, run_after=None
[2023-12-03T18:36:58.738+0000] {logging_mixin.py:154} INFO - [2023-12-03T18:36:58.738+0000] {dag.py:3722} INFO - Setting next_dagrun for example_xcom_args_with_operators to None, run_after=None
[2023-12-03T18:36:58.775+0000] {processor.py:179} INFO - Processing /home/airflow/.local/lib/python3.8/site-packages/airflow/example_dags/example_xcomargs.py took 0.156 seconds
[2023-12-03T18:37:29.075+0000] {processor.py:157} INFO - Started process (PID=886) to work on /home/airflow/.local/lib/python3.8/site-packages/airflow/example_dags/example_xcomargs.py
[2023-12-03T18:37:29.076+0000] {processor.py:829} INFO - Processing file /home/airflow/.local/lib/python3.8/site-packages/airflow/example_dags/example_xcomargs.py for tasks to queue
[2023-12-03T18:37:29.080+0000] {logging_mixin.py:154} INFO - [2023-12-03T18:37:29.079+0000] {dagbag.py:536} INFO - Filling up the DagBag from /home/airflow/.local/lib/python3.8/site-packages/airflow/example_dags/example_xcomargs.py
[2023-12-03T18:37:29.092+0000] {processor.py:839} INFO - DAG(s) dict_keys(['example_xcom_args', 'example_xcom_args_with_operators']) retrieved from /home/airflow/.local/lib/python3.8/site-packages/airflow/example_dags/example_xcomargs.py
[2023-12-03T18:37:29.150+0000] {logging_mixin.py:154} INFO - [2023-12-03T18:37:29.150+0000] {dag.py:2941} INFO - Sync 2 DAGs
[2023-12-03T18:37:29.174+0000] {logging_mixin.py:154} INFO - [2023-12-03T18:37:29.174+0000] {dag.py:3722} INFO - Setting next_dagrun for example_xcom_args to None, run_after=None
[2023-12-03T18:37:29.181+0000] {logging_mixin.py:154} INFO - [2023-12-03T18:37:29.181+0000] {dag.py:3722} INFO - Setting next_dagrun for example_xcom_args_with_operators to None, run_after=None
[2023-12-03T18:37:29.213+0000] {processor.py:179} INFO - Processing /home/airflow/.local/lib/python3.8/site-packages/airflow/example_dags/example_xcomargs.py took 0.143 seconds
[2023-12-03T18:37:59.845+0000] {processor.py:157} INFO - Started process (PID=941) to work on /home/airflow/.local/lib/python3.8/site-packages/airflow/example_dags/example_xcomargs.py
[2023-12-03T18:37:59.847+0000] {processor.py:829} INFO - Processing file /home/airflow/.local/lib/python3.8/site-packages/airflow/example_dags/example_xcomargs.py for tasks to queue
[2023-12-03T18:37:59.854+0000] {logging_mixin.py:154} INFO - [2023-12-03T18:37:59.852+0000] {dagbag.py:536} INFO - Filling up the DagBag from /home/airflow/.local/lib/python3.8/site-packages/airflow/example_dags/example_xcomargs.py
[2023-12-03T18:37:59.881+0000] {processor.py:839} INFO - DAG(s) dict_keys(['example_xcom_args_with_operators', 'example_xcom_args']) retrieved from /home/airflow/.local/lib/python3.8/site-packages/airflow/example_dags/example_xcomargs.py
[2023-12-03T18:37:59.934+0000] {logging_mixin.py:154} INFO - [2023-12-03T18:37:59.934+0000] {dag.py:2941} INFO - Sync 2 DAGs
[2023-12-03T18:37:59.957+0000] {logging_mixin.py:154} INFO - [2023-12-03T18:37:59.957+0000] {dag.py:3722} INFO - Setting next_dagrun for example_xcom_args to None, run_after=None
[2023-12-03T18:37:59.965+0000] {logging_mixin.py:154} INFO - [2023-12-03T18:37:59.965+0000] {dag.py:3722} INFO - Setting next_dagrun for example_xcom_args_with_operators to None, run_after=None
[2023-12-03T18:38:00.006+0000] {processor.py:179} INFO - Processing /home/airflow/.local/lib/python3.8/site-packages/airflow/example_dags/example_xcomargs.py took 0.166 seconds
[2023-12-03T18:38:30.181+0000] {processor.py:157} INFO - Started process (PID=996) to work on /home/airflow/.local/lib/python3.8/site-packages/airflow/example_dags/example_xcomargs.py
[2023-12-03T18:38:30.183+0000] {processor.py:829} INFO - Processing file /home/airflow/.local/lib/python3.8/site-packages/airflow/example_dags/example_xcomargs.py for tasks to queue
[2023-12-03T18:38:30.190+0000] {logging_mixin.py:154} INFO - [2023-12-03T18:38:30.189+0000] {dagbag.py:536} INFO - Filling up the DagBag from /home/airflow/.local/lib/python3.8/site-packages/airflow/example_dags/example_xcomargs.py
[2023-12-03T18:38:30.211+0000] {processor.py:839} INFO - DAG(s) dict_keys(['example_xcom_args_with_operators', 'example_xcom_args']) retrieved from /home/airflow/.local/lib/python3.8/site-packages/airflow/example_dags/example_xcomargs.py
[2023-12-03T18:38:30.247+0000] {logging_mixin.py:154} INFO - [2023-12-03T18:38:30.247+0000] {dag.py:2941} INFO - Sync 2 DAGs
[2023-12-03T18:38:30.268+0000] {logging_mixin.py:154} INFO - [2023-12-03T18:38:30.268+0000] {dag.py:3722} INFO - Setting next_dagrun for example_xcom_args to None, run_after=None
[2023-12-03T18:38:30.274+0000] {logging_mixin.py:154} INFO - [2023-12-03T18:38:30.274+0000] {dag.py:3722} INFO - Setting next_dagrun for example_xcom_args_with_operators to None, run_after=None
[2023-12-03T18:38:30.305+0000] {processor.py:179} INFO - Processing /home/airflow/.local/lib/python3.8/site-packages/airflow/example_dags/example_xcomargs.py took 0.132 seconds
[2023-12-03T18:39:00.845+0000] {processor.py:157} INFO - Started process (PID=1051) to work on /home/airflow/.local/lib/python3.8/site-packages/airflow/example_dags/example_xcomargs.py
[2023-12-03T18:39:00.846+0000] {processor.py:829} INFO - Processing file /home/airflow/.local/lib/python3.8/site-packages/airflow/example_dags/example_xcomargs.py for tasks to queue
[2023-12-03T18:39:00.850+0000] {logging_mixin.py:154} INFO - [2023-12-03T18:39:00.849+0000] {dagbag.py:536} INFO - Filling up the DagBag from /home/airflow/.local/lib/python3.8/site-packages/airflow/example_dags/example_xcomargs.py
[2023-12-03T18:39:00.861+0000] {processor.py:839} INFO - DAG(s) dict_keys(['example_xcom_args', 'example_xcom_args_with_operators']) retrieved from /home/airflow/.local/lib/python3.8/site-packages/airflow/example_dags/example_xcomargs.py
[2023-12-03T18:39:00.899+0000] {logging_mixin.py:154} INFO - [2023-12-03T18:39:00.899+0000] {dag.py:2941} INFO - Sync 2 DAGs
[2023-12-03T18:39:00.922+0000] {logging_mixin.py:154} INFO - [2023-12-03T18:39:00.921+0000] {dag.py:3722} INFO - Setting next_dagrun for example_xcom_args to None, run_after=None
[2023-12-03T18:39:00.928+0000] {logging_mixin.py:154} INFO - [2023-12-03T18:39:00.928+0000] {dag.py:3722} INFO - Setting next_dagrun for example_xcom_args_with_operators to None, run_after=None
[2023-12-03T18:39:00.972+0000] {processor.py:179} INFO - Processing /home/airflow/.local/lib/python3.8/site-packages/airflow/example_dags/example_xcomargs.py took 0.133 seconds
[2023-12-03T18:39:31.218+0000] {processor.py:157} INFO - Started process (PID=1106) to work on /home/airflow/.local/lib/python3.8/site-packages/airflow/example_dags/example_xcomargs.py
[2023-12-03T18:39:31.219+0000] {processor.py:829} INFO - Processing file /home/airflow/.local/lib/python3.8/site-packages/airflow/example_dags/example_xcomargs.py for tasks to queue
[2023-12-03T18:39:31.223+0000] {logging_mixin.py:154} INFO - [2023-12-03T18:39:31.223+0000] {dagbag.py:536} INFO - Filling up the DagBag from /home/airflow/.local/lib/python3.8/site-packages/airflow/example_dags/example_xcomargs.py
[2023-12-03T18:39:31.235+0000] {processor.py:839} INFO - DAG(s) dict_keys(['example_xcom_args_with_operators', 'example_xcom_args']) retrieved from /home/airflow/.local/lib/python3.8/site-packages/airflow/example_dags/example_xcomargs.py
[2023-12-03T18:39:31.288+0000] {logging_mixin.py:154} INFO - [2023-12-03T18:39:31.287+0000] {dag.py:2941} INFO - Sync 2 DAGs
[2023-12-03T18:39:31.307+0000] {logging_mixin.py:154} INFO - [2023-12-03T18:39:31.307+0000] {dag.py:3722} INFO - Setting next_dagrun for example_xcom_args to None, run_after=None
[2023-12-03T18:39:31.313+0000] {logging_mixin.py:154} INFO - [2023-12-03T18:39:31.313+0000] {dag.py:3722} INFO - Setting next_dagrun for example_xcom_args_with_operators to None, run_after=None
[2023-12-03T18:39:31.351+0000] {processor.py:179} INFO - Processing /home/airflow/.local/lib/python3.8/site-packages/airflow/example_dags/example_xcomargs.py took 0.138 seconds
[2023-12-03T18:40:01.499+0000] {processor.py:157} INFO - Started process (PID=1161) to work on /home/airflow/.local/lib/python3.8/site-packages/airflow/example_dags/example_xcomargs.py
[2023-12-03T18:40:01.501+0000] {processor.py:829} INFO - Processing file /home/airflow/.local/lib/python3.8/site-packages/airflow/example_dags/example_xcomargs.py for tasks to queue
[2023-12-03T18:40:01.507+0000] {logging_mixin.py:154} INFO - [2023-12-03T18:40:01.506+0000] {dagbag.py:536} INFO - Filling up the DagBag from /home/airflow/.local/lib/python3.8/site-packages/airflow/example_dags/example_xcomargs.py
[2023-12-03T18:40:01.521+0000] {processor.py:839} INFO - DAG(s) dict_keys(['example_xcom_args', 'example_xcom_args_with_operators']) retrieved from /home/airflow/.local/lib/python3.8/site-packages/airflow/example_dags/example_xcomargs.py
[2023-12-03T18:40:01.568+0000] {logging_mixin.py:154} INFO - [2023-12-03T18:40:01.568+0000] {dag.py:2941} INFO - Sync 2 DAGs
[2023-12-03T18:40:01.592+0000] {logging_mixin.py:154} INFO - [2023-12-03T18:40:01.592+0000] {dag.py:3722} INFO - Setting next_dagrun for example_xcom_args to None, run_after=None
[2023-12-03T18:40:01.599+0000] {logging_mixin.py:154} INFO - [2023-12-03T18:40:01.599+0000] {dag.py:3722} INFO - Setting next_dagrun for example_xcom_args_with_operators to None, run_after=None
[2023-12-03T18:40:01.642+0000] {processor.py:179} INFO - Processing /home/airflow/.local/lib/python3.8/site-packages/airflow/example_dags/example_xcomargs.py took 0.149 seconds
[2023-12-03T18:41:31.265+0000] {processor.py:157} INFO - Started process (PID=47) to work on /home/airflow/.local/lib/python3.8/site-packages/airflow/example_dags/example_xcomargs.py
[2023-12-03T18:41:31.266+0000] {processor.py:829} INFO - Processing file /home/airflow/.local/lib/python3.8/site-packages/airflow/example_dags/example_xcomargs.py for tasks to queue
[2023-12-03T18:41:31.270+0000] {logging_mixin.py:154} INFO - [2023-12-03T18:41:31.270+0000] {dagbag.py:536} INFO - Filling up the DagBag from /home/airflow/.local/lib/python3.8/site-packages/airflow/example_dags/example_xcomargs.py
[2023-12-03T18:41:31.296+0000] {processor.py:839} INFO - DAG(s) dict_keys(['example_xcom_args_with_operators', 'example_xcom_args']) retrieved from /home/airflow/.local/lib/python3.8/site-packages/airflow/example_dags/example_xcomargs.py
[2023-12-03T18:41:31.321+0000] {logging_mixin.py:154} INFO - [2023-12-03T18:41:31.320+0000] {dag.py:2941} INFO - Sync 2 DAGs
[2023-12-03T18:41:31.353+0000] {logging_mixin.py:154} INFO - [2023-12-03T18:41:31.352+0000] {dag.py:3722} INFO - Setting next_dagrun for example_xcom_args to None, run_after=None
[2023-12-03T18:41:31.361+0000] {logging_mixin.py:154} INFO - [2023-12-03T18:41:31.361+0000] {dag.py:3722} INFO - Setting next_dagrun for example_xcom_args_with_operators to None, run_after=None
[2023-12-03T18:41:31.394+0000] {processor.py:179} INFO - Processing /home/airflow/.local/lib/python3.8/site-packages/airflow/example_dags/example_xcomargs.py took 0.136 seconds
[2023-12-03T18:41:56.127+0000] {processor.py:157} INFO - Started process (PID=46) to work on /home/airflow/.local/lib/python3.8/site-packages/airflow/example_dags/example_xcomargs.py
[2023-12-03T18:41:56.128+0000] {processor.py:829} INFO - Processing file /home/airflow/.local/lib/python3.8/site-packages/airflow/example_dags/example_xcomargs.py for tasks to queue
[2023-12-03T18:41:56.133+0000] {logging_mixin.py:154} INFO - [2023-12-03T18:41:56.132+0000] {dagbag.py:536} INFO - Filling up the DagBag from /home/airflow/.local/lib/python3.8/site-packages/airflow/example_dags/example_xcomargs.py
[2023-12-03T18:41:56.152+0000] {processor.py:839} INFO - DAG(s) dict_keys(['example_xcom_args', 'example_xcom_args_with_operators']) retrieved from /home/airflow/.local/lib/python3.8/site-packages/airflow/example_dags/example_xcomargs.py
[2023-12-03T18:41:56.205+0000] {logging_mixin.py:154} INFO - [2023-12-03T18:41:56.204+0000] {dag.py:2941} INFO - Sync 2 DAGs
[2023-12-03T18:41:56.226+0000] {logging_mixin.py:154} INFO - [2023-12-03T18:41:56.226+0000] {dag.py:3722} INFO - Setting next_dagrun for example_xcom_args to None, run_after=None
[2023-12-03T18:41:56.233+0000] {logging_mixin.py:154} INFO - [2023-12-03T18:41:56.233+0000] {dag.py:3722} INFO - Setting next_dagrun for example_xcom_args_with_operators to None, run_after=None
[2023-12-03T18:41:56.265+0000] {processor.py:179} INFO - Processing /home/airflow/.local/lib/python3.8/site-packages/airflow/example_dags/example_xcomargs.py took 0.145 seconds
[2023-12-03T18:42:26.939+0000] {processor.py:157} INFO - Started process (PID=101) to work on /home/airflow/.local/lib/python3.8/site-packages/airflow/example_dags/example_xcomargs.py
[2023-12-03T18:42:26.940+0000] {processor.py:829} INFO - Processing file /home/airflow/.local/lib/python3.8/site-packages/airflow/example_dags/example_xcomargs.py for tasks to queue
[2023-12-03T18:42:26.945+0000] {logging_mixin.py:154} INFO - [2023-12-03T18:42:26.944+0000] {dagbag.py:536} INFO - Filling up the DagBag from /home/airflow/.local/lib/python3.8/site-packages/airflow/example_dags/example_xcomargs.py
[2023-12-03T18:42:26.960+0000] {processor.py:839} INFO - DAG(s) dict_keys(['example_xcom_args', 'example_xcom_args_with_operators']) retrieved from /home/airflow/.local/lib/python3.8/site-packages/airflow/example_dags/example_xcomargs.py
[2023-12-03T18:42:27.000+0000] {logging_mixin.py:154} INFO - [2023-12-03T18:42:27.000+0000] {dag.py:2941} INFO - Sync 2 DAGs
[2023-12-03T18:42:27.020+0000] {logging_mixin.py:154} INFO - [2023-12-03T18:42:27.020+0000] {dag.py:3722} INFO - Setting next_dagrun for example_xcom_args to None, run_after=None
[2023-12-03T18:42:27.028+0000] {logging_mixin.py:154} INFO - [2023-12-03T18:42:27.028+0000] {dag.py:3722} INFO - Setting next_dagrun for example_xcom_args_with_operators to None, run_after=None
[2023-12-03T18:42:27.067+0000] {processor.py:179} INFO - Processing /home/airflow/.local/lib/python3.8/site-packages/airflow/example_dags/example_xcomargs.py took 0.132 seconds
[2023-12-03T18:42:57.799+0000] {processor.py:157} INFO - Started process (PID=157) to work on /home/airflow/.local/lib/python3.8/site-packages/airflow/example_dags/example_xcomargs.py
[2023-12-03T18:42:57.801+0000] {processor.py:829} INFO - Processing file /home/airflow/.local/lib/python3.8/site-packages/airflow/example_dags/example_xcomargs.py for tasks to queue
[2023-12-03T18:42:57.806+0000] {logging_mixin.py:154} INFO - [2023-12-03T18:42:57.805+0000] {dagbag.py:536} INFO - Filling up the DagBag from /home/airflow/.local/lib/python3.8/site-packages/airflow/example_dags/example_xcomargs.py
[2023-12-03T18:42:57.820+0000] {processor.py:839} INFO - DAG(s) dict_keys(['example_xcom_args', 'example_xcom_args_with_operators']) retrieved from /home/airflow/.local/lib/python3.8/site-packages/airflow/example_dags/example_xcomargs.py
[2023-12-03T18:42:57.862+0000] {logging_mixin.py:154} INFO - [2023-12-03T18:42:57.862+0000] {dag.py:2941} INFO - Sync 2 DAGs
[2023-12-03T18:42:57.886+0000] {logging_mixin.py:154} INFO - [2023-12-03T18:42:57.886+0000] {dag.py:3722} INFO - Setting next_dagrun for example_xcom_args to None, run_after=None
[2023-12-03T18:42:57.893+0000] {logging_mixin.py:154} INFO - [2023-12-03T18:42:57.893+0000] {dag.py:3722} INFO - Setting next_dagrun for example_xcom_args_with_operators to None, run_after=None
[2023-12-03T18:42:57.931+0000] {processor.py:179} INFO - Processing /home/airflow/.local/lib/python3.8/site-packages/airflow/example_dags/example_xcomargs.py took 0.136 seconds
[2023-12-03T18:43:28.759+0000] {processor.py:157} INFO - Started process (PID=212) to work on /home/airflow/.local/lib/python3.8/site-packages/airflow/example_dags/example_xcomargs.py
[2023-12-03T18:43:28.762+0000] {processor.py:829} INFO - Processing file /home/airflow/.local/lib/python3.8/site-packages/airflow/example_dags/example_xcomargs.py for tasks to queue
[2023-12-03T18:43:28.766+0000] {logging_mixin.py:154} INFO - [2023-12-03T18:43:28.765+0000] {dagbag.py:536} INFO - Filling up the DagBag from /home/airflow/.local/lib/python3.8/site-packages/airflow/example_dags/example_xcomargs.py
[2023-12-03T18:43:28.779+0000] {processor.py:839} INFO - DAG(s) dict_keys(['example_xcom_args', 'example_xcom_args_with_operators']) retrieved from /home/airflow/.local/lib/python3.8/site-packages/airflow/example_dags/example_xcomargs.py
[2023-12-03T18:43:28.815+0000] {logging_mixin.py:154} INFO - [2023-12-03T18:43:28.814+0000] {dag.py:2941} INFO - Sync 2 DAGs
[2023-12-03T18:43:28.837+0000] {logging_mixin.py:154} INFO - [2023-12-03T18:43:28.836+0000] {dag.py:3722} INFO - Setting next_dagrun for example_xcom_args to None, run_after=None
[2023-12-03T18:43:28.844+0000] {logging_mixin.py:154} INFO - [2023-12-03T18:43:28.844+0000] {dag.py:3722} INFO - Setting next_dagrun for example_xcom_args_with_operators to None, run_after=None
[2023-12-03T18:43:28.875+0000] {processor.py:179} INFO - Processing /home/airflow/.local/lib/python3.8/site-packages/airflow/example_dags/example_xcomargs.py took 0.119 seconds
[2023-12-03T18:43:59.423+0000] {processor.py:157} INFO - Started process (PID=267) to work on /home/airflow/.local/lib/python3.8/site-packages/airflow/example_dags/example_xcomargs.py
[2023-12-03T18:43:59.425+0000] {processor.py:829} INFO - Processing file /home/airflow/.local/lib/python3.8/site-packages/airflow/example_dags/example_xcomargs.py for tasks to queue
[2023-12-03T18:43:59.428+0000] {logging_mixin.py:154} INFO - [2023-12-03T18:43:59.428+0000] {dagbag.py:536} INFO - Filling up the DagBag from /home/airflow/.local/lib/python3.8/site-packages/airflow/example_dags/example_xcomargs.py
[2023-12-03T18:43:59.438+0000] {processor.py:839} INFO - DAG(s) dict_keys(['example_xcom_args', 'example_xcom_args_with_operators']) retrieved from /home/airflow/.local/lib/python3.8/site-packages/airflow/example_dags/example_xcomargs.py
[2023-12-03T18:43:59.488+0000] {logging_mixin.py:154} INFO - [2023-12-03T18:43:59.488+0000] {dag.py:2941} INFO - Sync 2 DAGs
[2023-12-03T18:43:59.510+0000] {logging_mixin.py:154} INFO - [2023-12-03T18:43:59.510+0000] {dag.py:3722} INFO - Setting next_dagrun for example_xcom_args to None, run_after=None
[2023-12-03T18:43:59.516+0000] {logging_mixin.py:154} INFO - [2023-12-03T18:43:59.516+0000] {dag.py:3722} INFO - Setting next_dagrun for example_xcom_args_with_operators to None, run_after=None
[2023-12-03T18:43:59.548+0000] {processor.py:179} INFO - Processing /home/airflow/.local/lib/python3.8/site-packages/airflow/example_dags/example_xcomargs.py took 0.129 seconds
[2023-12-03T18:44:30.386+0000] {processor.py:157} INFO - Started process (PID=322) to work on /home/airflow/.local/lib/python3.8/site-packages/airflow/example_dags/example_xcomargs.py
[2023-12-03T18:44:30.387+0000] {processor.py:829} INFO - Processing file /home/airflow/.local/lib/python3.8/site-packages/airflow/example_dags/example_xcomargs.py for tasks to queue
[2023-12-03T18:44:30.392+0000] {logging_mixin.py:154} INFO - [2023-12-03T18:44:30.391+0000] {dagbag.py:536} INFO - Filling up the DagBag from /home/airflow/.local/lib/python3.8/site-packages/airflow/example_dags/example_xcomargs.py
[2023-12-03T18:44:30.408+0000] {processor.py:839} INFO - DAG(s) dict_keys(['example_xcom_args_with_operators', 'example_xcom_args']) retrieved from /home/airflow/.local/lib/python3.8/site-packages/airflow/example_dags/example_xcomargs.py
[2023-12-03T18:44:30.447+0000] {logging_mixin.py:154} INFO - [2023-12-03T18:44:30.446+0000] {dag.py:2941} INFO - Sync 2 DAGs
[2023-12-03T18:44:30.470+0000] {logging_mixin.py:154} INFO - [2023-12-03T18:44:30.469+0000] {dag.py:3722} INFO - Setting next_dagrun for example_xcom_args to None, run_after=None
[2023-12-03T18:44:30.476+0000] {logging_mixin.py:154} INFO - [2023-12-03T18:44:30.476+0000] {dag.py:3722} INFO - Setting next_dagrun for example_xcom_args_with_operators to None, run_after=None
[2023-12-03T18:44:30.505+0000] {processor.py:179} INFO - Processing /home/airflow/.local/lib/python3.8/site-packages/airflow/example_dags/example_xcomargs.py took 0.125 seconds
[2023-12-03T18:48:27.549+0000] {processor.py:157} INFO - Started process (PID=50) to work on /home/airflow/.local/lib/python3.8/site-packages/airflow/example_dags/example_xcomargs.py
[2023-12-03T18:48:27.550+0000] {processor.py:829} INFO - Processing file /home/airflow/.local/lib/python3.8/site-packages/airflow/example_dags/example_xcomargs.py for tasks to queue
[2023-12-03T18:48:27.554+0000] {logging_mixin.py:154} INFO - [2023-12-03T18:48:27.554+0000] {dagbag.py:536} INFO - Filling up the DagBag from /home/airflow/.local/lib/python3.8/site-packages/airflow/example_dags/example_xcomargs.py
[2023-12-03T18:48:27.573+0000] {processor.py:839} INFO - DAG(s) dict_keys(['example_xcom_args_with_operators', 'example_xcom_args']) retrieved from /home/airflow/.local/lib/python3.8/site-packages/airflow/example_dags/example_xcomargs.py
[2023-12-03T18:48:27.593+0000] {logging_mixin.py:154} INFO - [2023-12-03T18:48:27.593+0000] {dag.py:2941} INFO - Sync 2 DAGs
[2023-12-03T18:48:27.620+0000] {logging_mixin.py:154} INFO - [2023-12-03T18:48:27.620+0000] {dag.py:3722} INFO - Setting next_dagrun for example_xcom_args to None, run_after=None
[2023-12-03T18:48:27.626+0000] {logging_mixin.py:154} INFO - [2023-12-03T18:48:27.626+0000] {dag.py:3722} INFO - Setting next_dagrun for example_xcom_args_with_operators to None, run_after=None
[2023-12-03T18:48:27.671+0000] {processor.py:179} INFO - Processing /home/airflow/.local/lib/python3.8/site-packages/airflow/example_dags/example_xcomargs.py took 0.127 seconds
[2023-12-03T18:48:58.399+0000] {processor.py:157} INFO - Started process (PID=105) to work on /home/airflow/.local/lib/python3.8/site-packages/airflow/example_dags/example_xcomargs.py
[2023-12-03T18:48:58.401+0000] {processor.py:829} INFO - Processing file /home/airflow/.local/lib/python3.8/site-packages/airflow/example_dags/example_xcomargs.py for tasks to queue
[2023-12-03T18:48:58.405+0000] {logging_mixin.py:154} INFO - [2023-12-03T18:48:58.404+0000] {dagbag.py:536} INFO - Filling up the DagBag from /home/airflow/.local/lib/python3.8/site-packages/airflow/example_dags/example_xcomargs.py
[2023-12-03T18:48:58.418+0000] {processor.py:839} INFO - DAG(s) dict_keys(['example_xcom_args_with_operators', 'example_xcom_args']) retrieved from /home/airflow/.local/lib/python3.8/site-packages/airflow/example_dags/example_xcomargs.py
[2023-12-03T18:48:58.459+0000] {logging_mixin.py:154} INFO - [2023-12-03T18:48:58.459+0000] {dag.py:2941} INFO - Sync 2 DAGs
[2023-12-03T18:48:58.485+0000] {logging_mixin.py:154} INFO - [2023-12-03T18:48:58.484+0000] {dag.py:3722} INFO - Setting next_dagrun for example_xcom_args to None, run_after=None
[2023-12-03T18:48:58.493+0000] {logging_mixin.py:154} INFO - [2023-12-03T18:48:58.493+0000] {dag.py:3722} INFO - Setting next_dagrun for example_xcom_args_with_operators to None, run_after=None
[2023-12-03T18:48:58.566+0000] {processor.py:179} INFO - Processing /home/airflow/.local/lib/python3.8/site-packages/airflow/example_dags/example_xcomargs.py took 0.172 seconds
[2023-12-03T18:49:28.782+0000] {processor.py:157} INFO - Started process (PID=160) to work on /home/airflow/.local/lib/python3.8/site-packages/airflow/example_dags/example_xcomargs.py
[2023-12-03T18:49:28.784+0000] {processor.py:829} INFO - Processing file /home/airflow/.local/lib/python3.8/site-packages/airflow/example_dags/example_xcomargs.py for tasks to queue
[2023-12-03T18:49:28.788+0000] {logging_mixin.py:154} INFO - [2023-12-03T18:49:28.787+0000] {dagbag.py:536} INFO - Filling up the DagBag from /home/airflow/.local/lib/python3.8/site-packages/airflow/example_dags/example_xcomargs.py
[2023-12-03T18:49:28.806+0000] {processor.py:839} INFO - DAG(s) dict_keys(['example_xcom_args_with_operators', 'example_xcom_args']) retrieved from /home/airflow/.local/lib/python3.8/site-packages/airflow/example_dags/example_xcomargs.py
[2023-12-03T18:49:28.865+0000] {logging_mixin.py:154} INFO - [2023-12-03T18:49:28.865+0000] {dag.py:2941} INFO - Sync 2 DAGs
[2023-12-03T18:49:28.887+0000] {logging_mixin.py:154} INFO - [2023-12-03T18:49:28.887+0000] {dag.py:3722} INFO - Setting next_dagrun for example_xcom_args to None, run_after=None
[2023-12-03T18:49:28.895+0000] {logging_mixin.py:154} INFO - [2023-12-03T18:49:28.894+0000] {dag.py:3722} INFO - Setting next_dagrun for example_xcom_args_with_operators to None, run_after=None
[2023-12-03T18:49:28.938+0000] {processor.py:179} INFO - Processing /home/airflow/.local/lib/python3.8/site-packages/airflow/example_dags/example_xcomargs.py took 0.161 seconds
