[2023-12-03T18:18:47.289+0000] {processor.py:157} INFO - Started process (PID=51) to work on /home/airflow/.local/lib/python3.8/site-packages/airflow/example_dags/example_kubernetes_executor.py
[2023-12-03T18:18:47.292+0000] {processor.py:829} INFO - Processing file /home/airflow/.local/lib/python3.8/site-packages/airflow/example_dags/example_kubernetes_executor.py for tasks to queue
[2023-12-03T18:18:47.296+0000] {logging_mixin.py:154} INFO - [2023-12-03T18:18:47.295+0000] {dagbag.py:536} INFO - Filling up the DagBag from /home/airflow/.local/lib/python3.8/site-packages/airflow/example_dags/example_kubernetes_executor.py
[2023-12-03T18:18:47.327+0000] {processor.py:839} INFO - DAG(s) dict_keys(['example_kubernetes_executor']) retrieved from /home/airflow/.local/lib/python3.8/site-packages/airflow/example_dags/example_kubernetes_executor.py
[2023-12-03T18:18:47.434+0000] {logging_mixin.py:154} INFO - [2023-12-03T18:18:47.433+0000] {dag.py:2941} INFO - Sync 1 DAGs
[2023-12-03T18:18:47.461+0000] {logging_mixin.py:154} INFO - [2023-12-03T18:18:47.461+0000] {dag.py:3722} INFO - Setting next_dagrun for example_kubernetes_executor to None, run_after=None
[2023-12-03T18:18:47.497+0000] {processor.py:179} INFO - Processing /home/airflow/.local/lib/python3.8/site-packages/airflow/example_dags/example_kubernetes_executor.py took 0.218 seconds
[2023-12-03T18:19:18.365+0000] {processor.py:157} INFO - Started process (PID=105) to work on /home/airflow/.local/lib/python3.8/site-packages/airflow/example_dags/example_kubernetes_executor.py
[2023-12-03T18:19:18.367+0000] {processor.py:829} INFO - Processing file /home/airflow/.local/lib/python3.8/site-packages/airflow/example_dags/example_kubernetes_executor.py for tasks to queue
[2023-12-03T18:19:18.372+0000] {logging_mixin.py:154} INFO - [2023-12-03T18:19:18.371+0000] {dagbag.py:536} INFO - Filling up the DagBag from /home/airflow/.local/lib/python3.8/site-packages/airflow/example_dags/example_kubernetes_executor.py
[2023-12-03T18:19:18.405+0000] {processor.py:839} INFO - DAG(s) dict_keys(['example_kubernetes_executor']) retrieved from /home/airflow/.local/lib/python3.8/site-packages/airflow/example_dags/example_kubernetes_executor.py
[2023-12-03T18:19:18.484+0000] {logging_mixin.py:154} INFO - [2023-12-03T18:19:18.484+0000] {dag.py:2941} INFO - Sync 1 DAGs
[2023-12-03T18:19:18.517+0000] {logging_mixin.py:154} INFO - [2023-12-03T18:19:18.516+0000] {dag.py:3722} INFO - Setting next_dagrun for example_kubernetes_executor to None, run_after=None
[2023-12-03T18:19:18.570+0000] {processor.py:179} INFO - Processing /home/airflow/.local/lib/python3.8/site-packages/airflow/example_dags/example_kubernetes_executor.py took 0.210 seconds
[2023-12-03T18:19:49.315+0000] {processor.py:157} INFO - Started process (PID=159) to work on /home/airflow/.local/lib/python3.8/site-packages/airflow/example_dags/example_kubernetes_executor.py
[2023-12-03T18:19:49.317+0000] {processor.py:829} INFO - Processing file /home/airflow/.local/lib/python3.8/site-packages/airflow/example_dags/example_kubernetes_executor.py for tasks to queue
[2023-12-03T18:19:49.321+0000] {logging_mixin.py:154} INFO - [2023-12-03T18:19:49.321+0000] {dagbag.py:536} INFO - Filling up the DagBag from /home/airflow/.local/lib/python3.8/site-packages/airflow/example_dags/example_kubernetes_executor.py
[2023-12-03T18:19:49.356+0000] {processor.py:839} INFO - DAG(s) dict_keys(['example_kubernetes_executor']) retrieved from /home/airflow/.local/lib/python3.8/site-packages/airflow/example_dags/example_kubernetes_executor.py
[2023-12-03T18:19:49.382+0000] {logging_mixin.py:154} INFO - [2023-12-03T18:19:49.382+0000] {dag.py:2941} INFO - Sync 1 DAGs
[2023-12-03T18:19:49.419+0000] {logging_mixin.py:154} INFO - [2023-12-03T18:19:49.419+0000] {dag.py:3722} INFO - Setting next_dagrun for example_kubernetes_executor to None, run_after=None
[2023-12-03T18:19:49.474+0000] {processor.py:179} INFO - Processing /home/airflow/.local/lib/python3.8/site-packages/airflow/example_dags/example_kubernetes_executor.py took 0.166 seconds
[2023-12-03T18:20:19.770+0000] {processor.py:157} INFO - Started process (PID=213) to work on /home/airflow/.local/lib/python3.8/site-packages/airflow/example_dags/example_kubernetes_executor.py
[2023-12-03T18:20:19.772+0000] {processor.py:829} INFO - Processing file /home/airflow/.local/lib/python3.8/site-packages/airflow/example_dags/example_kubernetes_executor.py for tasks to queue
[2023-12-03T18:20:19.776+0000] {logging_mixin.py:154} INFO - [2023-12-03T18:20:19.775+0000] {dagbag.py:536} INFO - Filling up the DagBag from /home/airflow/.local/lib/python3.8/site-packages/airflow/example_dags/example_kubernetes_executor.py
[2023-12-03T18:20:19.799+0000] {processor.py:839} INFO - DAG(s) dict_keys(['example_kubernetes_executor']) retrieved from /home/airflow/.local/lib/python3.8/site-packages/airflow/example_dags/example_kubernetes_executor.py
[2023-12-03T18:20:19.852+0000] {logging_mixin.py:154} INFO - [2023-12-03T18:20:19.852+0000] {dag.py:2941} INFO - Sync 1 DAGs
[2023-12-03T18:20:19.872+0000] {logging_mixin.py:154} INFO - [2023-12-03T18:20:19.872+0000] {dag.py:3722} INFO - Setting next_dagrun for example_kubernetes_executor to None, run_after=None
[2023-12-03T18:20:19.905+0000] {processor.py:179} INFO - Processing /home/airflow/.local/lib/python3.8/site-packages/airflow/example_dags/example_kubernetes_executor.py took 0.141 seconds
[2023-12-03T18:20:50.395+0000] {processor.py:157} INFO - Started process (PID=267) to work on /home/airflow/.local/lib/python3.8/site-packages/airflow/example_dags/example_kubernetes_executor.py
[2023-12-03T18:20:50.398+0000] {processor.py:829} INFO - Processing file /home/airflow/.local/lib/python3.8/site-packages/airflow/example_dags/example_kubernetes_executor.py for tasks to queue
[2023-12-03T18:20:50.404+0000] {logging_mixin.py:154} INFO - [2023-12-03T18:20:50.403+0000] {dagbag.py:536} INFO - Filling up the DagBag from /home/airflow/.local/lib/python3.8/site-packages/airflow/example_dags/example_kubernetes_executor.py
[2023-12-03T18:20:50.441+0000] {processor.py:839} INFO - DAG(s) dict_keys(['example_kubernetes_executor']) retrieved from /home/airflow/.local/lib/python3.8/site-packages/airflow/example_dags/example_kubernetes_executor.py
[2023-12-03T18:20:50.527+0000] {logging_mixin.py:154} INFO - [2023-12-03T18:20:50.527+0000] {dag.py:2941} INFO - Sync 1 DAGs
[2023-12-03T18:20:50.565+0000] {logging_mixin.py:154} INFO - [2023-12-03T18:20:50.564+0000] {dag.py:3722} INFO - Setting next_dagrun for example_kubernetes_executor to None, run_after=None
[2023-12-03T18:20:50.630+0000] {processor.py:179} INFO - Processing /home/airflow/.local/lib/python3.8/site-packages/airflow/example_dags/example_kubernetes_executor.py took 0.243 seconds
[2023-12-03T18:21:21.531+0000] {processor.py:157} INFO - Started process (PID=321) to work on /home/airflow/.local/lib/python3.8/site-packages/airflow/example_dags/example_kubernetes_executor.py
[2023-12-03T18:21:21.533+0000] {processor.py:829} INFO - Processing file /home/airflow/.local/lib/python3.8/site-packages/airflow/example_dags/example_kubernetes_executor.py for tasks to queue
[2023-12-03T18:21:21.541+0000] {logging_mixin.py:154} INFO - [2023-12-03T18:21:21.540+0000] {dagbag.py:536} INFO - Filling up the DagBag from /home/airflow/.local/lib/python3.8/site-packages/airflow/example_dags/example_kubernetes_executor.py
[2023-12-03T18:21:21.589+0000] {processor.py:839} INFO - DAG(s) dict_keys(['example_kubernetes_executor']) retrieved from /home/airflow/.local/lib/python3.8/site-packages/airflow/example_dags/example_kubernetes_executor.py
[2023-12-03T18:21:21.615+0000] {logging_mixin.py:154} INFO - [2023-12-03T18:21:21.615+0000] {dag.py:2941} INFO - Sync 1 DAGs
[2023-12-03T18:21:21.639+0000] {logging_mixin.py:154} INFO - [2023-12-03T18:21:21.639+0000] {dag.py:3722} INFO - Setting next_dagrun for example_kubernetes_executor to None, run_after=None
[2023-12-03T18:21:21.678+0000] {processor.py:179} INFO - Processing /home/airflow/.local/lib/python3.8/site-packages/airflow/example_dags/example_kubernetes_executor.py took 0.155 seconds
[2023-12-03T18:21:52.078+0000] {processor.py:157} INFO - Started process (PID=382) to work on /home/airflow/.local/lib/python3.8/site-packages/airflow/example_dags/example_kubernetes_executor.py
[2023-12-03T18:21:52.079+0000] {processor.py:829} INFO - Processing file /home/airflow/.local/lib/python3.8/site-packages/airflow/example_dags/example_kubernetes_executor.py for tasks to queue
[2023-12-03T18:21:52.087+0000] {logging_mixin.py:154} INFO - [2023-12-03T18:21:52.086+0000] {dagbag.py:536} INFO - Filling up the DagBag from /home/airflow/.local/lib/python3.8/site-packages/airflow/example_dags/example_kubernetes_executor.py
[2023-12-03T18:21:52.126+0000] {processor.py:839} INFO - DAG(s) dict_keys(['example_kubernetes_executor']) retrieved from /home/airflow/.local/lib/python3.8/site-packages/airflow/example_dags/example_kubernetes_executor.py
[2023-12-03T18:21:52.204+0000] {logging_mixin.py:154} INFO - [2023-12-03T18:21:52.204+0000] {dag.py:2941} INFO - Sync 1 DAGs
[2023-12-03T18:21:52.229+0000] {logging_mixin.py:154} INFO - [2023-12-03T18:21:52.229+0000] {dag.py:3722} INFO - Setting next_dagrun for example_kubernetes_executor to None, run_after=None
[2023-12-03T18:21:52.260+0000] {processor.py:179} INFO - Processing /home/airflow/.local/lib/python3.8/site-packages/airflow/example_dags/example_kubernetes_executor.py took 0.188 seconds
[2023-12-03T18:22:22.763+0000] {processor.py:157} INFO - Started process (PID=436) to work on /home/airflow/.local/lib/python3.8/site-packages/airflow/example_dags/example_kubernetes_executor.py
[2023-12-03T18:22:22.769+0000] {processor.py:829} INFO - Processing file /home/airflow/.local/lib/python3.8/site-packages/airflow/example_dags/example_kubernetes_executor.py for tasks to queue
[2023-12-03T18:22:22.777+0000] {logging_mixin.py:154} INFO - [2023-12-03T18:22:22.775+0000] {dagbag.py:536} INFO - Filling up the DagBag from /home/airflow/.local/lib/python3.8/site-packages/airflow/example_dags/example_kubernetes_executor.py
[2023-12-03T18:22:22.823+0000] {processor.py:839} INFO - DAG(s) dict_keys(['example_kubernetes_executor']) retrieved from /home/airflow/.local/lib/python3.8/site-packages/airflow/example_dags/example_kubernetes_executor.py
[2023-12-03T18:22:22.932+0000] {logging_mixin.py:154} INFO - [2023-12-03T18:22:22.931+0000] {dag.py:2941} INFO - Sync 1 DAGs
[2023-12-03T18:22:23.001+0000] {logging_mixin.py:154} INFO - [2023-12-03T18:22:23.000+0000] {dag.py:3722} INFO - Setting next_dagrun for example_kubernetes_executor to None, run_after=None
[2023-12-03T18:22:23.054+0000] {processor.py:179} INFO - Processing /home/airflow/.local/lib/python3.8/site-packages/airflow/example_dags/example_kubernetes_executor.py took 0.299 seconds
[2023-12-03T18:23:57.180+0000] {processor.py:157} INFO - Started process (PID=51) to work on /home/airflow/.local/lib/python3.8/site-packages/airflow/example_dags/example_kubernetes_executor.py
[2023-12-03T18:23:57.182+0000] {processor.py:829} INFO - Processing file /home/airflow/.local/lib/python3.8/site-packages/airflow/example_dags/example_kubernetes_executor.py for tasks to queue
[2023-12-03T18:23:57.186+0000] {logging_mixin.py:154} INFO - [2023-12-03T18:23:57.185+0000] {dagbag.py:536} INFO - Filling up the DagBag from /home/airflow/.local/lib/python3.8/site-packages/airflow/example_dags/example_kubernetes_executor.py
[2023-12-03T18:23:57.222+0000] {processor.py:839} INFO - DAG(s) dict_keys(['example_kubernetes_executor']) retrieved from /home/airflow/.local/lib/python3.8/site-packages/airflow/example_dags/example_kubernetes_executor.py
[2023-12-03T18:23:57.249+0000] {logging_mixin.py:154} INFO - [2023-12-03T18:23:57.249+0000] {dag.py:2941} INFO - Sync 1 DAGs
[2023-12-03T18:23:57.288+0000] {logging_mixin.py:154} INFO - [2023-12-03T18:23:57.287+0000] {dag.py:3722} INFO - Setting next_dagrun for example_kubernetes_executor to None, run_after=None
[2023-12-03T18:23:57.330+0000] {processor.py:179} INFO - Processing /home/airflow/.local/lib/python3.8/site-packages/airflow/example_dags/example_kubernetes_executor.py took 0.159 seconds
[2023-12-03T18:24:28.303+0000] {processor.py:157} INFO - Started process (PID=105) to work on /home/airflow/.local/lib/python3.8/site-packages/airflow/example_dags/example_kubernetes_executor.py
[2023-12-03T18:24:28.305+0000] {processor.py:829} INFO - Processing file /home/airflow/.local/lib/python3.8/site-packages/airflow/example_dags/example_kubernetes_executor.py for tasks to queue
[2023-12-03T18:24:28.309+0000] {logging_mixin.py:154} INFO - [2023-12-03T18:24:28.309+0000] {dagbag.py:536} INFO - Filling up the DagBag from /home/airflow/.local/lib/python3.8/site-packages/airflow/example_dags/example_kubernetes_executor.py
[2023-12-03T18:24:28.332+0000] {processor.py:839} INFO - DAG(s) dict_keys(['example_kubernetes_executor']) retrieved from /home/airflow/.local/lib/python3.8/site-packages/airflow/example_dags/example_kubernetes_executor.py
[2023-12-03T18:24:28.394+0000] {logging_mixin.py:154} INFO - [2023-12-03T18:24:28.393+0000] {dag.py:2941} INFO - Sync 1 DAGs
[2023-12-03T18:24:28.414+0000] {logging_mixin.py:154} INFO - [2023-12-03T18:24:28.414+0000] {dag.py:3722} INFO - Setting next_dagrun for example_kubernetes_executor to None, run_after=None
[2023-12-03T18:24:28.454+0000] {processor.py:179} INFO - Processing /home/airflow/.local/lib/python3.8/site-packages/airflow/example_dags/example_kubernetes_executor.py took 0.157 seconds
[2023-12-03T18:24:59.438+0000] {processor.py:157} INFO - Started process (PID=159) to work on /home/airflow/.local/lib/python3.8/site-packages/airflow/example_dags/example_kubernetes_executor.py
[2023-12-03T18:24:59.441+0000] {processor.py:829} INFO - Processing file /home/airflow/.local/lib/python3.8/site-packages/airflow/example_dags/example_kubernetes_executor.py for tasks to queue
[2023-12-03T18:24:59.446+0000] {logging_mixin.py:154} INFO - [2023-12-03T18:24:59.445+0000] {dagbag.py:536} INFO - Filling up the DagBag from /home/airflow/.local/lib/python3.8/site-packages/airflow/example_dags/example_kubernetes_executor.py
[2023-12-03T18:24:59.488+0000] {processor.py:839} INFO - DAG(s) dict_keys(['example_kubernetes_executor']) retrieved from /home/airflow/.local/lib/python3.8/site-packages/airflow/example_dags/example_kubernetes_executor.py
[2023-12-03T18:24:59.542+0000] {logging_mixin.py:154} INFO - [2023-12-03T18:24:59.542+0000] {dag.py:2941} INFO - Sync 1 DAGs
[2023-12-03T18:24:59.563+0000] {logging_mixin.py:154} INFO - [2023-12-03T18:24:59.563+0000] {dag.py:3722} INFO - Setting next_dagrun for example_kubernetes_executor to None, run_after=None
[2023-12-03T18:24:59.604+0000] {processor.py:179} INFO - Processing /home/airflow/.local/lib/python3.8/site-packages/airflow/example_dags/example_kubernetes_executor.py took 0.174 seconds
[2023-12-03T18:25:29.924+0000] {processor.py:157} INFO - Started process (PID=213) to work on /home/airflow/.local/lib/python3.8/site-packages/airflow/example_dags/example_kubernetes_executor.py
[2023-12-03T18:25:29.925+0000] {processor.py:829} INFO - Processing file /home/airflow/.local/lib/python3.8/site-packages/airflow/example_dags/example_kubernetes_executor.py for tasks to queue
[2023-12-03T18:25:29.929+0000] {logging_mixin.py:154} INFO - [2023-12-03T18:25:29.928+0000] {dagbag.py:536} INFO - Filling up the DagBag from /home/airflow/.local/lib/python3.8/site-packages/airflow/example_dags/example_kubernetes_executor.py
[2023-12-03T18:25:29.949+0000] {processor.py:839} INFO - DAG(s) dict_keys(['example_kubernetes_executor']) retrieved from /home/airflow/.local/lib/python3.8/site-packages/airflow/example_dags/example_kubernetes_executor.py
[2023-12-03T18:25:30.010+0000] {logging_mixin.py:154} INFO - [2023-12-03T18:25:30.009+0000] {dag.py:2941} INFO - Sync 1 DAGs
[2023-12-03T18:25:30.031+0000] {logging_mixin.py:154} INFO - [2023-12-03T18:25:30.030+0000] {dag.py:3722} INFO - Setting next_dagrun for example_kubernetes_executor to None, run_after=None
[2023-12-03T18:25:30.070+0000] {processor.py:179} INFO - Processing /home/airflow/.local/lib/python3.8/site-packages/airflow/example_dags/example_kubernetes_executor.py took 0.151 seconds
[2023-12-03T18:26:00.580+0000] {processor.py:157} INFO - Started process (PID=267) to work on /home/airflow/.local/lib/python3.8/site-packages/airflow/example_dags/example_kubernetes_executor.py
[2023-12-03T18:26:00.582+0000] {processor.py:829} INFO - Processing file /home/airflow/.local/lib/python3.8/site-packages/airflow/example_dags/example_kubernetes_executor.py for tasks to queue
[2023-12-03T18:26:00.586+0000] {logging_mixin.py:154} INFO - [2023-12-03T18:26:00.585+0000] {dagbag.py:536} INFO - Filling up the DagBag from /home/airflow/.local/lib/python3.8/site-packages/airflow/example_dags/example_kubernetes_executor.py
[2023-12-03T18:26:00.604+0000] {processor.py:839} INFO - DAG(s) dict_keys(['example_kubernetes_executor']) retrieved from /home/airflow/.local/lib/python3.8/site-packages/airflow/example_dags/example_kubernetes_executor.py
[2023-12-03T18:26:00.671+0000] {logging_mixin.py:154} INFO - [2023-12-03T18:26:00.670+0000] {dag.py:2941} INFO - Sync 1 DAGs
[2023-12-03T18:26:00.694+0000] {logging_mixin.py:154} INFO - [2023-12-03T18:26:00.693+0000] {dag.py:3722} INFO - Setting next_dagrun for example_kubernetes_executor to None, run_after=None
[2023-12-03T18:26:00.734+0000] {processor.py:179} INFO - Processing /home/airflow/.local/lib/python3.8/site-packages/airflow/example_dags/example_kubernetes_executor.py took 0.159 seconds
[2023-12-03T18:26:30.923+0000] {processor.py:157} INFO - Started process (PID=321) to work on /home/airflow/.local/lib/python3.8/site-packages/airflow/example_dags/example_kubernetes_executor.py
[2023-12-03T18:26:30.924+0000] {processor.py:829} INFO - Processing file /home/airflow/.local/lib/python3.8/site-packages/airflow/example_dags/example_kubernetes_executor.py for tasks to queue
[2023-12-03T18:26:30.928+0000] {logging_mixin.py:154} INFO - [2023-12-03T18:26:30.927+0000] {dagbag.py:536} INFO - Filling up the DagBag from /home/airflow/.local/lib/python3.8/site-packages/airflow/example_dags/example_kubernetes_executor.py
[2023-12-03T18:26:30.950+0000] {processor.py:839} INFO - DAG(s) dict_keys(['example_kubernetes_executor']) retrieved from /home/airflow/.local/lib/python3.8/site-packages/airflow/example_dags/example_kubernetes_executor.py
[2023-12-03T18:26:31.011+0000] {logging_mixin.py:154} INFO - [2023-12-03T18:26:31.011+0000] {dag.py:2941} INFO - Sync 1 DAGs
[2023-12-03T18:26:31.032+0000] {logging_mixin.py:154} INFO - [2023-12-03T18:26:31.032+0000] {dag.py:3722} INFO - Setting next_dagrun for example_kubernetes_executor to None, run_after=None
[2023-12-03T18:26:31.061+0000] {processor.py:179} INFO - Processing /home/airflow/.local/lib/python3.8/site-packages/airflow/example_dags/example_kubernetes_executor.py took 0.142 seconds
[2023-12-03T18:27:01.686+0000] {processor.py:157} INFO - Started process (PID=375) to work on /home/airflow/.local/lib/python3.8/site-packages/airflow/example_dags/example_kubernetes_executor.py
[2023-12-03T18:27:01.688+0000] {processor.py:829} INFO - Processing file /home/airflow/.local/lib/python3.8/site-packages/airflow/example_dags/example_kubernetes_executor.py for tasks to queue
[2023-12-03T18:27:01.695+0000] {logging_mixin.py:154} INFO - [2023-12-03T18:27:01.694+0000] {dagbag.py:536} INFO - Filling up the DagBag from /home/airflow/.local/lib/python3.8/site-packages/airflow/example_dags/example_kubernetes_executor.py
[2023-12-03T18:27:01.728+0000] {processor.py:839} INFO - DAG(s) dict_keys(['example_kubernetes_executor']) retrieved from /home/airflow/.local/lib/python3.8/site-packages/airflow/example_dags/example_kubernetes_executor.py
[2023-12-03T18:27:01.783+0000] {logging_mixin.py:154} INFO - [2023-12-03T18:27:01.783+0000] {dag.py:2941} INFO - Sync 1 DAGs
[2023-12-03T18:27:01.806+0000] {logging_mixin.py:154} INFO - [2023-12-03T18:27:01.805+0000] {dag.py:3722} INFO - Setting next_dagrun for example_kubernetes_executor to None, run_after=None
[2023-12-03T18:27:01.842+0000] {processor.py:179} INFO - Processing /home/airflow/.local/lib/python3.8/site-packages/airflow/example_dags/example_kubernetes_executor.py took 0.165 seconds
[2023-12-03T18:27:31.900+0000] {processor.py:157} INFO - Started process (PID=429) to work on /home/airflow/.local/lib/python3.8/site-packages/airflow/example_dags/example_kubernetes_executor.py
[2023-12-03T18:27:31.901+0000] {processor.py:829} INFO - Processing file /home/airflow/.local/lib/python3.8/site-packages/airflow/example_dags/example_kubernetes_executor.py for tasks to queue
[2023-12-03T18:27:31.905+0000] {logging_mixin.py:154} INFO - [2023-12-03T18:27:31.904+0000] {dagbag.py:536} INFO - Filling up the DagBag from /home/airflow/.local/lib/python3.8/site-packages/airflow/example_dags/example_kubernetes_executor.py
[2023-12-03T18:27:31.924+0000] {processor.py:839} INFO - DAG(s) dict_keys(['example_kubernetes_executor']) retrieved from /home/airflow/.local/lib/python3.8/site-packages/airflow/example_dags/example_kubernetes_executor.py
[2023-12-03T18:27:31.990+0000] {logging_mixin.py:154} INFO - [2023-12-03T18:27:31.989+0000] {dag.py:2941} INFO - Sync 1 DAGs
[2023-12-03T18:27:32.013+0000] {logging_mixin.py:154} INFO - [2023-12-03T18:27:32.013+0000] {dag.py:3722} INFO - Setting next_dagrun for example_kubernetes_executor to None, run_after=None
[2023-12-03T18:27:32.050+0000] {processor.py:179} INFO - Processing /home/airflow/.local/lib/python3.8/site-packages/airflow/example_dags/example_kubernetes_executor.py took 0.155 seconds
[2023-12-03T18:28:02.563+0000] {processor.py:157} INFO - Started process (PID=483) to work on /home/airflow/.local/lib/python3.8/site-packages/airflow/example_dags/example_kubernetes_executor.py
[2023-12-03T18:28:02.565+0000] {processor.py:829} INFO - Processing file /home/airflow/.local/lib/python3.8/site-packages/airflow/example_dags/example_kubernetes_executor.py for tasks to queue
[2023-12-03T18:28:02.568+0000] {logging_mixin.py:154} INFO - [2023-12-03T18:28:02.567+0000] {dagbag.py:536} INFO - Filling up the DagBag from /home/airflow/.local/lib/python3.8/site-packages/airflow/example_dags/example_kubernetes_executor.py
[2023-12-03T18:28:02.591+0000] {processor.py:839} INFO - DAG(s) dict_keys(['example_kubernetes_executor']) retrieved from /home/airflow/.local/lib/python3.8/site-packages/airflow/example_dags/example_kubernetes_executor.py
[2023-12-03T18:28:02.652+0000] {logging_mixin.py:154} INFO - [2023-12-03T18:28:02.651+0000] {dag.py:2941} INFO - Sync 1 DAGs
[2023-12-03T18:28:02.671+0000] {logging_mixin.py:154} INFO - [2023-12-03T18:28:02.671+0000] {dag.py:3722} INFO - Setting next_dagrun for example_kubernetes_executor to None, run_after=None
[2023-12-03T18:28:02.702+0000] {processor.py:179} INFO - Processing /home/airflow/.local/lib/python3.8/site-packages/airflow/example_dags/example_kubernetes_executor.py took 0.143 seconds
[2023-12-03T18:28:33.137+0000] {processor.py:157} INFO - Started process (PID=537) to work on /home/airflow/.local/lib/python3.8/site-packages/airflow/example_dags/example_kubernetes_executor.py
[2023-12-03T18:28:33.138+0000] {processor.py:829} INFO - Processing file /home/airflow/.local/lib/python3.8/site-packages/airflow/example_dags/example_kubernetes_executor.py for tasks to queue
[2023-12-03T18:28:33.142+0000] {logging_mixin.py:154} INFO - [2023-12-03T18:28:33.141+0000] {dagbag.py:536} INFO - Filling up the DagBag from /home/airflow/.local/lib/python3.8/site-packages/airflow/example_dags/example_kubernetes_executor.py
[2023-12-03T18:28:33.163+0000] {processor.py:839} INFO - DAG(s) dict_keys(['example_kubernetes_executor']) retrieved from /home/airflow/.local/lib/python3.8/site-packages/airflow/example_dags/example_kubernetes_executor.py
[2023-12-03T18:28:33.230+0000] {logging_mixin.py:154} INFO - [2023-12-03T18:28:33.230+0000] {dag.py:2941} INFO - Sync 1 DAGs
[2023-12-03T18:28:33.253+0000] {logging_mixin.py:154} INFO - [2023-12-03T18:28:33.252+0000] {dag.py:3722} INFO - Setting next_dagrun for example_kubernetes_executor to None, run_after=None
[2023-12-03T18:28:33.293+0000] {processor.py:179} INFO - Processing /home/airflow/.local/lib/python3.8/site-packages/airflow/example_dags/example_kubernetes_executor.py took 0.161 seconds
[2023-12-03T18:29:48.681+0000] {processor.py:157} INFO - Started process (PID=52) to work on /home/airflow/.local/lib/python3.8/site-packages/airflow/example_dags/example_kubernetes_executor.py
[2023-12-03T18:29:48.684+0000] {processor.py:829} INFO - Processing file /home/airflow/.local/lib/python3.8/site-packages/airflow/example_dags/example_kubernetes_executor.py for tasks to queue
[2023-12-03T18:29:48.692+0000] {logging_mixin.py:154} INFO - [2023-12-03T18:29:48.691+0000] {dagbag.py:536} INFO - Filling up the DagBag from /home/airflow/.local/lib/python3.8/site-packages/airflow/example_dags/example_kubernetes_executor.py
[2023-12-03T18:29:48.744+0000] {processor.py:839} INFO - DAG(s) dict_keys(['example_kubernetes_executor']) retrieved from /home/airflow/.local/lib/python3.8/site-packages/airflow/example_dags/example_kubernetes_executor.py
[2023-12-03T18:29:48.846+0000] {logging_mixin.py:154} INFO - [2023-12-03T18:29:48.846+0000] {dag.py:2941} INFO - Sync 1 DAGs
[2023-12-03T18:29:48.879+0000] {logging_mixin.py:154} INFO - [2023-12-03T18:29:48.879+0000] {dag.py:3722} INFO - Setting next_dagrun for example_kubernetes_executor to None, run_after=None
[2023-12-03T18:29:48.934+0000] {processor.py:179} INFO - Processing /home/airflow/.local/lib/python3.8/site-packages/airflow/example_dags/example_kubernetes_executor.py took 0.265 seconds
[2023-12-03T18:30:19.391+0000] {processor.py:157} INFO - Started process (PID=107) to work on /home/airflow/.local/lib/python3.8/site-packages/airflow/example_dags/example_kubernetes_executor.py
[2023-12-03T18:30:19.392+0000] {processor.py:829} INFO - Processing file /home/airflow/.local/lib/python3.8/site-packages/airflow/example_dags/example_kubernetes_executor.py for tasks to queue
[2023-12-03T18:30:19.396+0000] {logging_mixin.py:154} INFO - [2023-12-03T18:30:19.396+0000] {dagbag.py:536} INFO - Filling up the DagBag from /home/airflow/.local/lib/python3.8/site-packages/airflow/example_dags/example_kubernetes_executor.py
[2023-12-03T18:30:19.418+0000] {processor.py:839} INFO - DAG(s) dict_keys(['example_kubernetes_executor']) retrieved from /home/airflow/.local/lib/python3.8/site-packages/airflow/example_dags/example_kubernetes_executor.py
[2023-12-03T18:30:19.474+0000] {logging_mixin.py:154} INFO - [2023-12-03T18:30:19.473+0000] {dag.py:2941} INFO - Sync 1 DAGs
[2023-12-03T18:30:19.494+0000] {logging_mixin.py:154} INFO - [2023-12-03T18:30:19.494+0000] {dag.py:3722} INFO - Setting next_dagrun for example_kubernetes_executor to None, run_after=None
[2023-12-03T18:30:19.532+0000] {processor.py:179} INFO - Processing /home/airflow/.local/lib/python3.8/site-packages/airflow/example_dags/example_kubernetes_executor.py took 0.146 seconds
[2023-12-03T18:30:50.611+0000] {processor.py:157} INFO - Started process (PID=162) to work on /home/airflow/.local/lib/python3.8/site-packages/airflow/example_dags/example_kubernetes_executor.py
[2023-12-03T18:30:50.613+0000] {processor.py:829} INFO - Processing file /home/airflow/.local/lib/python3.8/site-packages/airflow/example_dags/example_kubernetes_executor.py for tasks to queue
[2023-12-03T18:30:50.616+0000] {logging_mixin.py:154} INFO - [2023-12-03T18:30:50.616+0000] {dagbag.py:536} INFO - Filling up the DagBag from /home/airflow/.local/lib/python3.8/site-packages/airflow/example_dags/example_kubernetes_executor.py
[2023-12-03T18:30:50.650+0000] {processor.py:839} INFO - DAG(s) dict_keys(['example_kubernetes_executor']) retrieved from /home/airflow/.local/lib/python3.8/site-packages/airflow/example_dags/example_kubernetes_executor.py
[2023-12-03T18:30:50.714+0000] {logging_mixin.py:154} INFO - [2023-12-03T18:30:50.714+0000] {dag.py:2941} INFO - Sync 1 DAGs
[2023-12-03T18:30:50.733+0000] {logging_mixin.py:154} INFO - [2023-12-03T18:30:50.732+0000] {dag.py:3722} INFO - Setting next_dagrun for example_kubernetes_executor to None, run_after=None
[2023-12-03T18:30:50.769+0000] {processor.py:179} INFO - Processing /home/airflow/.local/lib/python3.8/site-packages/airflow/example_dags/example_kubernetes_executor.py took 0.163 seconds
[2023-12-03T18:31:21.355+0000] {processor.py:157} INFO - Started process (PID=221) to work on /home/airflow/.local/lib/python3.8/site-packages/airflow/example_dags/example_kubernetes_executor.py
[2023-12-03T18:31:21.356+0000] {processor.py:829} INFO - Processing file /home/airflow/.local/lib/python3.8/site-packages/airflow/example_dags/example_kubernetes_executor.py for tasks to queue
[2023-12-03T18:31:21.360+0000] {logging_mixin.py:154} INFO - [2023-12-03T18:31:21.360+0000] {dagbag.py:536} INFO - Filling up the DagBag from /home/airflow/.local/lib/python3.8/site-packages/airflow/example_dags/example_kubernetes_executor.py
[2023-12-03T18:31:21.385+0000] {processor.py:839} INFO - DAG(s) dict_keys(['example_kubernetes_executor']) retrieved from /home/airflow/.local/lib/python3.8/site-packages/airflow/example_dags/example_kubernetes_executor.py
[2023-12-03T18:31:21.460+0000] {logging_mixin.py:154} INFO - [2023-12-03T18:31:21.460+0000] {dag.py:2941} INFO - Sync 1 DAGs
[2023-12-03T18:31:21.486+0000] {logging_mixin.py:154} INFO - [2023-12-03T18:31:21.486+0000] {dag.py:3722} INFO - Setting next_dagrun for example_kubernetes_executor to None, run_after=None
[2023-12-03T18:31:21.540+0000] {processor.py:179} INFO - Processing /home/airflow/.local/lib/python3.8/site-packages/airflow/example_dags/example_kubernetes_executor.py took 0.192 seconds
[2023-12-03T18:31:52.699+0000] {processor.py:157} INFO - Started process (PID=280) to work on /home/airflow/.local/lib/python3.8/site-packages/airflow/example_dags/example_kubernetes_executor.py
[2023-12-03T18:31:52.701+0000] {processor.py:829} INFO - Processing file /home/airflow/.local/lib/python3.8/site-packages/airflow/example_dags/example_kubernetes_executor.py for tasks to queue
[2023-12-03T18:31:52.707+0000] {logging_mixin.py:154} INFO - [2023-12-03T18:31:52.706+0000] {dagbag.py:536} INFO - Filling up the DagBag from /home/airflow/.local/lib/python3.8/site-packages/airflow/example_dags/example_kubernetes_executor.py
[2023-12-03T18:31:52.748+0000] {processor.py:839} INFO - DAG(s) dict_keys(['example_kubernetes_executor']) retrieved from /home/airflow/.local/lib/python3.8/site-packages/airflow/example_dags/example_kubernetes_executor.py
[2023-12-03T18:31:52.814+0000] {logging_mixin.py:154} INFO - [2023-12-03T18:31:52.814+0000] {dag.py:2941} INFO - Sync 1 DAGs
[2023-12-03T18:31:52.840+0000] {logging_mixin.py:154} INFO - [2023-12-03T18:31:52.840+0000] {dag.py:3722} INFO - Setting next_dagrun for example_kubernetes_executor to None, run_after=None
[2023-12-03T18:31:52.875+0000] {processor.py:179} INFO - Processing /home/airflow/.local/lib/python3.8/site-packages/airflow/example_dags/example_kubernetes_executor.py took 0.184 seconds
[2023-12-03T18:32:23.409+0000] {processor.py:157} INFO - Started process (PID=335) to work on /home/airflow/.local/lib/python3.8/site-packages/airflow/example_dags/example_kubernetes_executor.py
[2023-12-03T18:32:23.410+0000] {processor.py:829} INFO - Processing file /home/airflow/.local/lib/python3.8/site-packages/airflow/example_dags/example_kubernetes_executor.py for tasks to queue
[2023-12-03T18:32:23.414+0000] {logging_mixin.py:154} INFO - [2023-12-03T18:32:23.413+0000] {dagbag.py:536} INFO - Filling up the DagBag from /home/airflow/.local/lib/python3.8/site-packages/airflow/example_dags/example_kubernetes_executor.py
[2023-12-03T18:32:23.435+0000] {processor.py:839} INFO - DAG(s) dict_keys(['example_kubernetes_executor']) retrieved from /home/airflow/.local/lib/python3.8/site-packages/airflow/example_dags/example_kubernetes_executor.py
[2023-12-03T18:32:23.493+0000] {logging_mixin.py:154} INFO - [2023-12-03T18:32:23.493+0000] {dag.py:2941} INFO - Sync 1 DAGs
[2023-12-03T18:32:23.511+0000] {logging_mixin.py:154} INFO - [2023-12-03T18:32:23.511+0000] {dag.py:3722} INFO - Setting next_dagrun for example_kubernetes_executor to None, run_after=None
[2023-12-03T18:32:23.544+0000] {processor.py:179} INFO - Processing /home/airflow/.local/lib/python3.8/site-packages/airflow/example_dags/example_kubernetes_executor.py took 0.139 seconds
[2023-12-03T18:32:54.264+0000] {processor.py:157} INFO - Started process (PID=390) to work on /home/airflow/.local/lib/python3.8/site-packages/airflow/example_dags/example_kubernetes_executor.py
[2023-12-03T18:32:54.266+0000] {processor.py:829} INFO - Processing file /home/airflow/.local/lib/python3.8/site-packages/airflow/example_dags/example_kubernetes_executor.py for tasks to queue
[2023-12-03T18:32:54.271+0000] {logging_mixin.py:154} INFO - [2023-12-03T18:32:54.270+0000] {dagbag.py:536} INFO - Filling up the DagBag from /home/airflow/.local/lib/python3.8/site-packages/airflow/example_dags/example_kubernetes_executor.py
[2023-12-03T18:32:54.290+0000] {processor.py:839} INFO - DAG(s) dict_keys(['example_kubernetes_executor']) retrieved from /home/airflow/.local/lib/python3.8/site-packages/airflow/example_dags/example_kubernetes_executor.py
[2023-12-03T18:32:54.510+0000] {logging_mixin.py:154} INFO - [2023-12-03T18:32:54.510+0000] {dag.py:2941} INFO - Sync 1 DAGs
[2023-12-03T18:32:54.527+0000] {logging_mixin.py:154} INFO - [2023-12-03T18:32:54.526+0000] {dag.py:3722} INFO - Setting next_dagrun for example_kubernetes_executor to None, run_after=None
[2023-12-03T18:32:54.555+0000] {processor.py:179} INFO - Processing /home/airflow/.local/lib/python3.8/site-packages/airflow/example_dags/example_kubernetes_executor.py took 0.306 seconds
[2023-12-03T18:33:24.951+0000] {processor.py:157} INFO - Started process (PID=445) to work on /home/airflow/.local/lib/python3.8/site-packages/airflow/example_dags/example_kubernetes_executor.py
[2023-12-03T18:33:24.953+0000] {processor.py:829} INFO - Processing file /home/airflow/.local/lib/python3.8/site-packages/airflow/example_dags/example_kubernetes_executor.py for tasks to queue
[2023-12-03T18:33:24.957+0000] {logging_mixin.py:154} INFO - [2023-12-03T18:33:24.957+0000] {dagbag.py:536} INFO - Filling up the DagBag from /home/airflow/.local/lib/python3.8/site-packages/airflow/example_dags/example_kubernetes_executor.py
[2023-12-03T18:33:24.984+0000] {processor.py:839} INFO - DAG(s) dict_keys(['example_kubernetes_executor']) retrieved from /home/airflow/.local/lib/python3.8/site-packages/airflow/example_dags/example_kubernetes_executor.py
[2023-12-03T18:33:25.218+0000] {logging_mixin.py:154} INFO - [2023-12-03T18:33:25.218+0000] {dag.py:2941} INFO - Sync 1 DAGs
[2023-12-03T18:33:25.238+0000] {logging_mixin.py:154} INFO - [2023-12-03T18:33:25.238+0000] {dag.py:3722} INFO - Setting next_dagrun for example_kubernetes_executor to None, run_after=None
[2023-12-03T18:33:25.270+0000] {processor.py:179} INFO - Processing /home/airflow/.local/lib/python3.8/site-packages/airflow/example_dags/example_kubernetes_executor.py took 0.324 seconds
[2023-12-03T18:33:55.650+0000] {processor.py:157} INFO - Started process (PID=500) to work on /home/airflow/.local/lib/python3.8/site-packages/airflow/example_dags/example_kubernetes_executor.py
[2023-12-03T18:33:55.651+0000] {processor.py:829} INFO - Processing file /home/airflow/.local/lib/python3.8/site-packages/airflow/example_dags/example_kubernetes_executor.py for tasks to queue
[2023-12-03T18:33:55.655+0000] {logging_mixin.py:154} INFO - [2023-12-03T18:33:55.655+0000] {dagbag.py:536} INFO - Filling up the DagBag from /home/airflow/.local/lib/python3.8/site-packages/airflow/example_dags/example_kubernetes_executor.py
[2023-12-03T18:33:55.679+0000] {processor.py:839} INFO - DAG(s) dict_keys(['example_kubernetes_executor']) retrieved from /home/airflow/.local/lib/python3.8/site-packages/airflow/example_dags/example_kubernetes_executor.py
[2023-12-03T18:33:55.929+0000] {logging_mixin.py:154} INFO - [2023-12-03T18:33:55.929+0000] {dag.py:2941} INFO - Sync 1 DAGs
[2023-12-03T18:33:55.950+0000] {logging_mixin.py:154} INFO - [2023-12-03T18:33:55.950+0000] {dag.py:3722} INFO - Setting next_dagrun for example_kubernetes_executor to None, run_after=None
[2023-12-03T18:33:55.987+0000] {processor.py:179} INFO - Processing /home/airflow/.local/lib/python3.8/site-packages/airflow/example_dags/example_kubernetes_executor.py took 0.344 seconds
[2023-12-03T18:34:26.589+0000] {processor.py:157} INFO - Started process (PID=562) to work on /home/airflow/.local/lib/python3.8/site-packages/airflow/example_dags/example_kubernetes_executor.py
[2023-12-03T18:34:26.590+0000] {processor.py:829} INFO - Processing file /home/airflow/.local/lib/python3.8/site-packages/airflow/example_dags/example_kubernetes_executor.py for tasks to queue
[2023-12-03T18:34:26.594+0000] {logging_mixin.py:154} INFO - [2023-12-03T18:34:26.593+0000] {dagbag.py:536} INFO - Filling up the DagBag from /home/airflow/.local/lib/python3.8/site-packages/airflow/example_dags/example_kubernetes_executor.py
[2023-12-03T18:34:26.613+0000] {processor.py:839} INFO - DAG(s) dict_keys(['example_kubernetes_executor']) retrieved from /home/airflow/.local/lib/python3.8/site-packages/airflow/example_dags/example_kubernetes_executor.py
[2023-12-03T18:34:26.816+0000] {logging_mixin.py:154} INFO - [2023-12-03T18:34:26.815+0000] {dag.py:2941} INFO - Sync 1 DAGs
[2023-12-03T18:34:26.835+0000] {logging_mixin.py:154} INFO - [2023-12-03T18:34:26.834+0000] {dag.py:3722} INFO - Setting next_dagrun for example_kubernetes_executor to None, run_after=None
[2023-12-03T18:34:26.868+0000] {processor.py:179} INFO - Processing /home/airflow/.local/lib/python3.8/site-packages/airflow/example_dags/example_kubernetes_executor.py took 0.283 seconds
[2023-12-03T18:34:57.277+0000] {processor.py:157} INFO - Started process (PID=617) to work on /home/airflow/.local/lib/python3.8/site-packages/airflow/example_dags/example_kubernetes_executor.py
[2023-12-03T18:34:57.279+0000] {processor.py:829} INFO - Processing file /home/airflow/.local/lib/python3.8/site-packages/airflow/example_dags/example_kubernetes_executor.py for tasks to queue
[2023-12-03T18:34:57.285+0000] {logging_mixin.py:154} INFO - [2023-12-03T18:34:57.284+0000] {dagbag.py:536} INFO - Filling up the DagBag from /home/airflow/.local/lib/python3.8/site-packages/airflow/example_dags/example_kubernetes_executor.py
[2023-12-03T18:34:57.307+0000] {processor.py:839} INFO - DAG(s) dict_keys(['example_kubernetes_executor']) retrieved from /home/airflow/.local/lib/python3.8/site-packages/airflow/example_dags/example_kubernetes_executor.py
[2023-12-03T18:34:57.521+0000] {logging_mixin.py:154} INFO - [2023-12-03T18:34:57.521+0000] {dag.py:2941} INFO - Sync 1 DAGs
[2023-12-03T18:34:57.541+0000] {logging_mixin.py:154} INFO - [2023-12-03T18:34:57.540+0000] {dag.py:3722} INFO - Setting next_dagrun for example_kubernetes_executor to None, run_after=None
[2023-12-03T18:34:57.573+0000] {processor.py:179} INFO - Processing /home/airflow/.local/lib/python3.8/site-packages/airflow/example_dags/example_kubernetes_executor.py took 0.301 seconds
[2023-12-03T18:35:28.246+0000] {processor.py:157} INFO - Started process (PID=672) to work on /home/airflow/.local/lib/python3.8/site-packages/airflow/example_dags/example_kubernetes_executor.py
[2023-12-03T18:35:28.247+0000] {processor.py:829} INFO - Processing file /home/airflow/.local/lib/python3.8/site-packages/airflow/example_dags/example_kubernetes_executor.py for tasks to queue
[2023-12-03T18:35:28.251+0000] {logging_mixin.py:154} INFO - [2023-12-03T18:35:28.250+0000] {dagbag.py:536} INFO - Filling up the DagBag from /home/airflow/.local/lib/python3.8/site-packages/airflow/example_dags/example_kubernetes_executor.py
[2023-12-03T18:35:28.270+0000] {processor.py:839} INFO - DAG(s) dict_keys(['example_kubernetes_executor']) retrieved from /home/airflow/.local/lib/python3.8/site-packages/airflow/example_dags/example_kubernetes_executor.py
[2023-12-03T18:35:28.484+0000] {logging_mixin.py:154} INFO - [2023-12-03T18:35:28.484+0000] {dag.py:2941} INFO - Sync 1 DAGs
[2023-12-03T18:35:28.506+0000] {logging_mixin.py:154} INFO - [2023-12-03T18:35:28.505+0000] {dag.py:3722} INFO - Setting next_dagrun for example_kubernetes_executor to None, run_after=None
[2023-12-03T18:35:28.540+0000] {processor.py:179} INFO - Processing /home/airflow/.local/lib/python3.8/site-packages/airflow/example_dags/example_kubernetes_executor.py took 0.298 seconds
[2023-12-03T18:35:59.144+0000] {processor.py:157} INFO - Started process (PID=727) to work on /home/airflow/.local/lib/python3.8/site-packages/airflow/example_dags/example_kubernetes_executor.py
[2023-12-03T18:35:59.145+0000] {processor.py:829} INFO - Processing file /home/airflow/.local/lib/python3.8/site-packages/airflow/example_dags/example_kubernetes_executor.py for tasks to queue
[2023-12-03T18:35:59.150+0000] {logging_mixin.py:154} INFO - [2023-12-03T18:35:59.149+0000] {dagbag.py:536} INFO - Filling up the DagBag from /home/airflow/.local/lib/python3.8/site-packages/airflow/example_dags/example_kubernetes_executor.py
[2023-12-03T18:35:59.173+0000] {processor.py:839} INFO - DAG(s) dict_keys(['example_kubernetes_executor']) retrieved from /home/airflow/.local/lib/python3.8/site-packages/airflow/example_dags/example_kubernetes_executor.py
[2023-12-03T18:35:59.241+0000] {logging_mixin.py:154} INFO - [2023-12-03T18:35:59.240+0000] {dag.py:2941} INFO - Sync 1 DAGs
[2023-12-03T18:35:59.261+0000] {logging_mixin.py:154} INFO - [2023-12-03T18:35:59.261+0000] {dag.py:3722} INFO - Setting next_dagrun for example_kubernetes_executor to None, run_after=None
[2023-12-03T18:35:59.294+0000] {processor.py:179} INFO - Processing /home/airflow/.local/lib/python3.8/site-packages/airflow/example_dags/example_kubernetes_executor.py took 0.159 seconds
[2023-12-03T18:36:29.578+0000] {processor.py:157} INFO - Started process (PID=782) to work on /home/airflow/.local/lib/python3.8/site-packages/airflow/example_dags/example_kubernetes_executor.py
[2023-12-03T18:36:29.580+0000] {processor.py:829} INFO - Processing file /home/airflow/.local/lib/python3.8/site-packages/airflow/example_dags/example_kubernetes_executor.py for tasks to queue
[2023-12-03T18:36:29.584+0000] {logging_mixin.py:154} INFO - [2023-12-03T18:36:29.583+0000] {dagbag.py:536} INFO - Filling up the DagBag from /home/airflow/.local/lib/python3.8/site-packages/airflow/example_dags/example_kubernetes_executor.py
[2023-12-03T18:36:29.605+0000] {processor.py:839} INFO - DAG(s) dict_keys(['example_kubernetes_executor']) retrieved from /home/airflow/.local/lib/python3.8/site-packages/airflow/example_dags/example_kubernetes_executor.py
[2023-12-03T18:36:29.665+0000] {logging_mixin.py:154} INFO - [2023-12-03T18:36:29.665+0000] {dag.py:2941} INFO - Sync 1 DAGs
[2023-12-03T18:36:29.686+0000] {logging_mixin.py:154} INFO - [2023-12-03T18:36:29.685+0000] {dag.py:3722} INFO - Setting next_dagrun for example_kubernetes_executor to None, run_after=None
[2023-12-03T18:36:29.720+0000] {processor.py:179} INFO - Processing /home/airflow/.local/lib/python3.8/site-packages/airflow/example_dags/example_kubernetes_executor.py took 0.147 seconds
[2023-12-03T18:37:00.343+0000] {processor.py:157} INFO - Started process (PID=837) to work on /home/airflow/.local/lib/python3.8/site-packages/airflow/example_dags/example_kubernetes_executor.py
[2023-12-03T18:37:00.344+0000] {processor.py:829} INFO - Processing file /home/airflow/.local/lib/python3.8/site-packages/airflow/example_dags/example_kubernetes_executor.py for tasks to queue
[2023-12-03T18:37:00.349+0000] {logging_mixin.py:154} INFO - [2023-12-03T18:37:00.349+0000] {dagbag.py:536} INFO - Filling up the DagBag from /home/airflow/.local/lib/python3.8/site-packages/airflow/example_dags/example_kubernetes_executor.py
[2023-12-03T18:37:00.379+0000] {processor.py:839} INFO - DAG(s) dict_keys(['example_kubernetes_executor']) retrieved from /home/airflow/.local/lib/python3.8/site-packages/airflow/example_dags/example_kubernetes_executor.py
[2023-12-03T18:37:00.469+0000] {logging_mixin.py:154} INFO - [2023-12-03T18:37:00.468+0000] {dag.py:2941} INFO - Sync 1 DAGs
[2023-12-03T18:37:00.501+0000] {logging_mixin.py:154} INFO - [2023-12-03T18:37:00.501+0000] {dag.py:3722} INFO - Setting next_dagrun for example_kubernetes_executor to None, run_after=None
[2023-12-03T18:37:00.546+0000] {processor.py:179} INFO - Processing /home/airflow/.local/lib/python3.8/site-packages/airflow/example_dags/example_kubernetes_executor.py took 0.209 seconds
[2023-12-03T18:37:30.675+0000] {processor.py:157} INFO - Started process (PID=892) to work on /home/airflow/.local/lib/python3.8/site-packages/airflow/example_dags/example_kubernetes_executor.py
[2023-12-03T18:37:30.676+0000] {processor.py:829} INFO - Processing file /home/airflow/.local/lib/python3.8/site-packages/airflow/example_dags/example_kubernetes_executor.py for tasks to queue
[2023-12-03T18:37:30.682+0000] {logging_mixin.py:154} INFO - [2023-12-03T18:37:30.681+0000] {dagbag.py:536} INFO - Filling up the DagBag from /home/airflow/.local/lib/python3.8/site-packages/airflow/example_dags/example_kubernetes_executor.py
[2023-12-03T18:37:30.708+0000] {processor.py:839} INFO - DAG(s) dict_keys(['example_kubernetes_executor']) retrieved from /home/airflow/.local/lib/python3.8/site-packages/airflow/example_dags/example_kubernetes_executor.py
[2023-12-03T18:37:30.774+0000] {logging_mixin.py:154} INFO - [2023-12-03T18:37:30.774+0000] {dag.py:2941} INFO - Sync 1 DAGs
[2023-12-03T18:37:30.797+0000] {logging_mixin.py:154} INFO - [2023-12-03T18:37:30.796+0000] {dag.py:3722} INFO - Setting next_dagrun for example_kubernetes_executor to None, run_after=None
[2023-12-03T18:37:30.832+0000] {processor.py:179} INFO - Processing /home/airflow/.local/lib/python3.8/site-packages/airflow/example_dags/example_kubernetes_executor.py took 0.161 seconds
[2023-12-03T18:38:01.386+0000] {processor.py:157} INFO - Started process (PID=947) to work on /home/airflow/.local/lib/python3.8/site-packages/airflow/example_dags/example_kubernetes_executor.py
[2023-12-03T18:38:01.387+0000] {processor.py:829} INFO - Processing file /home/airflow/.local/lib/python3.8/site-packages/airflow/example_dags/example_kubernetes_executor.py for tasks to queue
[2023-12-03T18:38:01.392+0000] {logging_mixin.py:154} INFO - [2023-12-03T18:38:01.391+0000] {dagbag.py:536} INFO - Filling up the DagBag from /home/airflow/.local/lib/python3.8/site-packages/airflow/example_dags/example_kubernetes_executor.py
[2023-12-03T18:38:01.413+0000] {processor.py:839} INFO - DAG(s) dict_keys(['example_kubernetes_executor']) retrieved from /home/airflow/.local/lib/python3.8/site-packages/airflow/example_dags/example_kubernetes_executor.py
[2023-12-03T18:38:01.476+0000] {logging_mixin.py:154} INFO - [2023-12-03T18:38:01.476+0000] {dag.py:2941} INFO - Sync 1 DAGs
[2023-12-03T18:38:01.496+0000] {logging_mixin.py:154} INFO - [2023-12-03T18:38:01.495+0000] {dag.py:3722} INFO - Setting next_dagrun for example_kubernetes_executor to None, run_after=None
[2023-12-03T18:38:01.526+0000] {processor.py:179} INFO - Processing /home/airflow/.local/lib/python3.8/site-packages/airflow/example_dags/example_kubernetes_executor.py took 0.148 seconds
[2023-12-03T18:38:31.898+0000] {processor.py:157} INFO - Started process (PID=1002) to work on /home/airflow/.local/lib/python3.8/site-packages/airflow/example_dags/example_kubernetes_executor.py
[2023-12-03T18:38:31.900+0000] {processor.py:829} INFO - Processing file /home/airflow/.local/lib/python3.8/site-packages/airflow/example_dags/example_kubernetes_executor.py for tasks to queue
[2023-12-03T18:38:31.904+0000] {logging_mixin.py:154} INFO - [2023-12-03T18:38:31.903+0000] {dagbag.py:536} INFO - Filling up the DagBag from /home/airflow/.local/lib/python3.8/site-packages/airflow/example_dags/example_kubernetes_executor.py
[2023-12-03T18:38:31.925+0000] {processor.py:839} INFO - DAG(s) dict_keys(['example_kubernetes_executor']) retrieved from /home/airflow/.local/lib/python3.8/site-packages/airflow/example_dags/example_kubernetes_executor.py
[2023-12-03T18:38:31.982+0000] {logging_mixin.py:154} INFO - [2023-12-03T18:38:31.982+0000] {dag.py:2941} INFO - Sync 1 DAGs
[2023-12-03T18:38:32.002+0000] {logging_mixin.py:154} INFO - [2023-12-03T18:38:32.002+0000] {dag.py:3722} INFO - Setting next_dagrun for example_kubernetes_executor to None, run_after=None
[2023-12-03T18:38:32.029+0000] {processor.py:179} INFO - Processing /home/airflow/.local/lib/python3.8/site-packages/airflow/example_dags/example_kubernetes_executor.py took 0.135 seconds
[2023-12-03T18:39:02.592+0000] {processor.py:157} INFO - Started process (PID=1057) to work on /home/airflow/.local/lib/python3.8/site-packages/airflow/example_dags/example_kubernetes_executor.py
[2023-12-03T18:39:02.593+0000] {processor.py:829} INFO - Processing file /home/airflow/.local/lib/python3.8/site-packages/airflow/example_dags/example_kubernetes_executor.py for tasks to queue
[2023-12-03T18:39:02.598+0000] {logging_mixin.py:154} INFO - [2023-12-03T18:39:02.597+0000] {dagbag.py:536} INFO - Filling up the DagBag from /home/airflow/.local/lib/python3.8/site-packages/airflow/example_dags/example_kubernetes_executor.py
[2023-12-03T18:39:02.621+0000] {processor.py:839} INFO - DAG(s) dict_keys(['example_kubernetes_executor']) retrieved from /home/airflow/.local/lib/python3.8/site-packages/airflow/example_dags/example_kubernetes_executor.py
[2023-12-03T18:39:02.679+0000] {logging_mixin.py:154} INFO - [2023-12-03T18:39:02.679+0000] {dag.py:2941} INFO - Sync 1 DAGs
[2023-12-03T18:39:02.699+0000] {logging_mixin.py:154} INFO - [2023-12-03T18:39:02.698+0000] {dag.py:3722} INFO - Setting next_dagrun for example_kubernetes_executor to None, run_after=None
[2023-12-03T18:39:02.736+0000] {processor.py:179} INFO - Processing /home/airflow/.local/lib/python3.8/site-packages/airflow/example_dags/example_kubernetes_executor.py took 0.149 seconds
[2023-12-03T18:39:32.990+0000] {processor.py:157} INFO - Started process (PID=1112) to work on /home/airflow/.local/lib/python3.8/site-packages/airflow/example_dags/example_kubernetes_executor.py
[2023-12-03T18:39:32.992+0000] {processor.py:829} INFO - Processing file /home/airflow/.local/lib/python3.8/site-packages/airflow/example_dags/example_kubernetes_executor.py for tasks to queue
[2023-12-03T18:39:32.995+0000] {logging_mixin.py:154} INFO - [2023-12-03T18:39:32.995+0000] {dagbag.py:536} INFO - Filling up the DagBag from /home/airflow/.local/lib/python3.8/site-packages/airflow/example_dags/example_kubernetes_executor.py
[2023-12-03T18:39:33.017+0000] {processor.py:839} INFO - DAG(s) dict_keys(['example_kubernetes_executor']) retrieved from /home/airflow/.local/lib/python3.8/site-packages/airflow/example_dags/example_kubernetes_executor.py
[2023-12-03T18:39:33.070+0000] {logging_mixin.py:154} INFO - [2023-12-03T18:39:33.069+0000] {dag.py:2941} INFO - Sync 1 DAGs
[2023-12-03T18:39:33.091+0000] {logging_mixin.py:154} INFO - [2023-12-03T18:39:33.091+0000] {dag.py:3722} INFO - Setting next_dagrun for example_kubernetes_executor to None, run_after=None
[2023-12-03T18:39:33.124+0000] {processor.py:179} INFO - Processing /home/airflow/.local/lib/python3.8/site-packages/airflow/example_dags/example_kubernetes_executor.py took 0.138 seconds
[2023-12-03T18:40:03.339+0000] {processor.py:157} INFO - Started process (PID=1167) to work on /home/airflow/.local/lib/python3.8/site-packages/airflow/example_dags/example_kubernetes_executor.py
[2023-12-03T18:40:03.341+0000] {processor.py:829} INFO - Processing file /home/airflow/.local/lib/python3.8/site-packages/airflow/example_dags/example_kubernetes_executor.py for tasks to queue
[2023-12-03T18:40:03.345+0000] {logging_mixin.py:154} INFO - [2023-12-03T18:40:03.345+0000] {dagbag.py:536} INFO - Filling up the DagBag from /home/airflow/.local/lib/python3.8/site-packages/airflow/example_dags/example_kubernetes_executor.py
[2023-12-03T18:40:03.363+0000] {processor.py:839} INFO - DAG(s) dict_keys(['example_kubernetes_executor']) retrieved from /home/airflow/.local/lib/python3.8/site-packages/airflow/example_dags/example_kubernetes_executor.py
[2023-12-03T18:40:03.416+0000] {logging_mixin.py:154} INFO - [2023-12-03T18:40:03.416+0000] {dag.py:2941} INFO - Sync 1 DAGs
[2023-12-03T18:40:03.440+0000] {logging_mixin.py:154} INFO - [2023-12-03T18:40:03.440+0000] {dag.py:3722} INFO - Setting next_dagrun for example_kubernetes_executor to None, run_after=None
[2023-12-03T18:40:03.480+0000] {processor.py:179} INFO - Processing /home/airflow/.local/lib/python3.8/site-packages/airflow/example_dags/example_kubernetes_executor.py took 0.149 seconds
[2023-12-03T18:41:31.790+0000] {processor.py:157} INFO - Started process (PID=52) to work on /home/airflow/.local/lib/python3.8/site-packages/airflow/example_dags/example_kubernetes_executor.py
[2023-12-03T18:41:31.792+0000] {processor.py:829} INFO - Processing file /home/airflow/.local/lib/python3.8/site-packages/airflow/example_dags/example_kubernetes_executor.py for tasks to queue
[2023-12-03T18:41:31.795+0000] {logging_mixin.py:154} INFO - [2023-12-03T18:41:31.795+0000] {dagbag.py:536} INFO - Filling up the DagBag from /home/airflow/.local/lib/python3.8/site-packages/airflow/example_dags/example_kubernetes_executor.py
[2023-12-03T18:41:31.826+0000] {processor.py:839} INFO - DAG(s) dict_keys(['example_kubernetes_executor']) retrieved from /home/airflow/.local/lib/python3.8/site-packages/airflow/example_dags/example_kubernetes_executor.py
[2023-12-03T18:41:31.848+0000] {logging_mixin.py:154} INFO - [2023-12-03T18:41:31.847+0000] {dag.py:2941} INFO - Sync 1 DAGs
[2023-12-03T18:41:31.876+0000] {logging_mixin.py:154} INFO - [2023-12-03T18:41:31.876+0000] {dag.py:3722} INFO - Setting next_dagrun for example_kubernetes_executor to None, run_after=None
[2023-12-03T18:41:31.913+0000] {processor.py:179} INFO - Processing /home/airflow/.local/lib/python3.8/site-packages/airflow/example_dags/example_kubernetes_executor.py took 0.129 seconds
[2023-12-03T18:41:56.723+0000] {processor.py:157} INFO - Started process (PID=51) to work on /home/airflow/.local/lib/python3.8/site-packages/airflow/example_dags/example_kubernetes_executor.py
[2023-12-03T18:41:56.725+0000] {processor.py:829} INFO - Processing file /home/airflow/.local/lib/python3.8/site-packages/airflow/example_dags/example_kubernetes_executor.py for tasks to queue
[2023-12-03T18:41:56.730+0000] {logging_mixin.py:154} INFO - [2023-12-03T18:41:56.729+0000] {dagbag.py:536} INFO - Filling up the DagBag from /home/airflow/.local/lib/python3.8/site-packages/airflow/example_dags/example_kubernetes_executor.py
[2023-12-03T18:41:56.756+0000] {processor.py:839} INFO - DAG(s) dict_keys(['example_kubernetes_executor']) retrieved from /home/airflow/.local/lib/python3.8/site-packages/airflow/example_dags/example_kubernetes_executor.py
[2023-12-03T18:41:56.835+0000] {logging_mixin.py:154} INFO - [2023-12-03T18:41:56.835+0000] {dag.py:2941} INFO - Sync 1 DAGs
[2023-12-03T18:41:56.856+0000] {logging_mixin.py:154} INFO - [2023-12-03T18:41:56.856+0000] {dag.py:3722} INFO - Setting next_dagrun for example_kubernetes_executor to None, run_after=None
[2023-12-03T18:41:56.894+0000] {processor.py:179} INFO - Processing /home/airflow/.local/lib/python3.8/site-packages/airflow/example_dags/example_kubernetes_executor.py took 0.179 seconds
[2023-12-03T18:42:27.354+0000] {processor.py:157} INFO - Started process (PID=106) to work on /home/airflow/.local/lib/python3.8/site-packages/airflow/example_dags/example_kubernetes_executor.py
[2023-12-03T18:42:27.355+0000] {processor.py:829} INFO - Processing file /home/airflow/.local/lib/python3.8/site-packages/airflow/example_dags/example_kubernetes_executor.py for tasks to queue
[2023-12-03T18:42:27.360+0000] {logging_mixin.py:154} INFO - [2023-12-03T18:42:27.359+0000] {dagbag.py:536} INFO - Filling up the DagBag from /home/airflow/.local/lib/python3.8/site-packages/airflow/example_dags/example_kubernetes_executor.py
[2023-12-03T18:42:27.387+0000] {processor.py:839} INFO - DAG(s) dict_keys(['example_kubernetes_executor']) retrieved from /home/airflow/.local/lib/python3.8/site-packages/airflow/example_dags/example_kubernetes_executor.py
[2023-12-03T18:42:27.461+0000] {logging_mixin.py:154} INFO - [2023-12-03T18:42:27.460+0000] {dag.py:2941} INFO - Sync 1 DAGs
[2023-12-03T18:42:27.485+0000] {logging_mixin.py:154} INFO - [2023-12-03T18:42:27.485+0000] {dag.py:3722} INFO - Setting next_dagrun for example_kubernetes_executor to None, run_after=None
[2023-12-03T18:42:27.520+0000] {processor.py:179} INFO - Processing /home/airflow/.local/lib/python3.8/site-packages/airflow/example_dags/example_kubernetes_executor.py took 0.171 seconds
[2023-12-03T18:42:58.410+0000] {processor.py:157} INFO - Started process (PID=162) to work on /home/airflow/.local/lib/python3.8/site-packages/airflow/example_dags/example_kubernetes_executor.py
[2023-12-03T18:42:58.411+0000] {processor.py:829} INFO - Processing file /home/airflow/.local/lib/python3.8/site-packages/airflow/example_dags/example_kubernetes_executor.py for tasks to queue
[2023-12-03T18:42:58.415+0000] {logging_mixin.py:154} INFO - [2023-12-03T18:42:58.415+0000] {dagbag.py:536} INFO - Filling up the DagBag from /home/airflow/.local/lib/python3.8/site-packages/airflow/example_dags/example_kubernetes_executor.py
[2023-12-03T18:42:58.436+0000] {processor.py:839} INFO - DAG(s) dict_keys(['example_kubernetes_executor']) retrieved from /home/airflow/.local/lib/python3.8/site-packages/airflow/example_dags/example_kubernetes_executor.py
[2023-12-03T18:42:58.495+0000] {logging_mixin.py:154} INFO - [2023-12-03T18:42:58.495+0000] {dag.py:2941} INFO - Sync 1 DAGs
[2023-12-03T18:42:58.515+0000] {logging_mixin.py:154} INFO - [2023-12-03T18:42:58.515+0000] {dag.py:3722} INFO - Setting next_dagrun for example_kubernetes_executor to None, run_after=None
[2023-12-03T18:42:58.556+0000] {processor.py:179} INFO - Processing /home/airflow/.local/lib/python3.8/site-packages/airflow/example_dags/example_kubernetes_executor.py took 0.150 seconds
[2023-12-03T18:43:29.280+0000] {processor.py:157} INFO - Started process (PID=217) to work on /home/airflow/.local/lib/python3.8/site-packages/airflow/example_dags/example_kubernetes_executor.py
[2023-12-03T18:43:29.281+0000] {processor.py:829} INFO - Processing file /home/airflow/.local/lib/python3.8/site-packages/airflow/example_dags/example_kubernetes_executor.py for tasks to queue
[2023-12-03T18:43:29.284+0000] {logging_mixin.py:154} INFO - [2023-12-03T18:43:29.284+0000] {dagbag.py:536} INFO - Filling up the DagBag from /home/airflow/.local/lib/python3.8/site-packages/airflow/example_dags/example_kubernetes_executor.py
[2023-12-03T18:43:29.302+0000] {processor.py:839} INFO - DAG(s) dict_keys(['example_kubernetes_executor']) retrieved from /home/airflow/.local/lib/python3.8/site-packages/airflow/example_dags/example_kubernetes_executor.py
[2023-12-03T18:43:29.360+0000] {logging_mixin.py:154} INFO - [2023-12-03T18:43:29.360+0000] {dag.py:2941} INFO - Sync 1 DAGs
[2023-12-03T18:43:29.382+0000] {logging_mixin.py:154} INFO - [2023-12-03T18:43:29.382+0000] {dag.py:3722} INFO - Setting next_dagrun for example_kubernetes_executor to None, run_after=None
[2023-12-03T18:43:29.412+0000] {processor.py:179} INFO - Processing /home/airflow/.local/lib/python3.8/site-packages/airflow/example_dags/example_kubernetes_executor.py took 0.138 seconds
[2023-12-03T18:43:59.992+0000] {processor.py:157} INFO - Started process (PID=272) to work on /home/airflow/.local/lib/python3.8/site-packages/airflow/example_dags/example_kubernetes_executor.py
[2023-12-03T18:43:59.993+0000] {processor.py:829} INFO - Processing file /home/airflow/.local/lib/python3.8/site-packages/airflow/example_dags/example_kubernetes_executor.py for tasks to queue
[2023-12-03T18:43:59.998+0000] {logging_mixin.py:154} INFO - [2023-12-03T18:43:59.997+0000] {dagbag.py:536} INFO - Filling up the DagBag from /home/airflow/.local/lib/python3.8/site-packages/airflow/example_dags/example_kubernetes_executor.py
[2023-12-03T18:44:00.026+0000] {processor.py:839} INFO - DAG(s) dict_keys(['example_kubernetes_executor']) retrieved from /home/airflow/.local/lib/python3.8/site-packages/airflow/example_dags/example_kubernetes_executor.py
[2023-12-03T18:44:00.090+0000] {logging_mixin.py:154} INFO - [2023-12-03T18:44:00.089+0000] {dag.py:2941} INFO - Sync 1 DAGs
[2023-12-03T18:44:00.115+0000] {logging_mixin.py:154} INFO - [2023-12-03T18:44:00.114+0000] {dag.py:3722} INFO - Setting next_dagrun for example_kubernetes_executor to None, run_after=None
[2023-12-03T18:44:00.156+0000] {processor.py:179} INFO - Processing /home/airflow/.local/lib/python3.8/site-packages/airflow/example_dags/example_kubernetes_executor.py took 0.170 seconds
[2023-12-03T18:44:30.852+0000] {processor.py:157} INFO - Started process (PID=327) to work on /home/airflow/.local/lib/python3.8/site-packages/airflow/example_dags/example_kubernetes_executor.py
[2023-12-03T18:44:30.854+0000] {processor.py:829} INFO - Processing file /home/airflow/.local/lib/python3.8/site-packages/airflow/example_dags/example_kubernetes_executor.py for tasks to queue
[2023-12-03T18:44:30.857+0000] {logging_mixin.py:154} INFO - [2023-12-03T18:44:30.857+0000] {dagbag.py:536} INFO - Filling up the DagBag from /home/airflow/.local/lib/python3.8/site-packages/airflow/example_dags/example_kubernetes_executor.py
[2023-12-03T18:44:30.881+0000] {processor.py:839} INFO - DAG(s) dict_keys(['example_kubernetes_executor']) retrieved from /home/airflow/.local/lib/python3.8/site-packages/airflow/example_dags/example_kubernetes_executor.py
[2023-12-03T18:44:30.946+0000] {logging_mixin.py:154} INFO - [2023-12-03T18:44:30.946+0000] {dag.py:2941} INFO - Sync 1 DAGs
[2023-12-03T18:44:30.969+0000] {logging_mixin.py:154} INFO - [2023-12-03T18:44:30.968+0000] {dag.py:3722} INFO - Setting next_dagrun for example_kubernetes_executor to None, run_after=None
[2023-12-03T18:44:31.013+0000] {processor.py:179} INFO - Processing /home/airflow/.local/lib/python3.8/site-packages/airflow/example_dags/example_kubernetes_executor.py took 0.166 seconds
[2023-12-03T18:48:27.986+0000] {processor.py:157} INFO - Started process (PID=55) to work on /home/airflow/.local/lib/python3.8/site-packages/airflow/example_dags/example_kubernetes_executor.py
[2023-12-03T18:48:27.988+0000] {processor.py:829} INFO - Processing file /home/airflow/.local/lib/python3.8/site-packages/airflow/example_dags/example_kubernetes_executor.py for tasks to queue
[2023-12-03T18:48:27.992+0000] {logging_mixin.py:154} INFO - [2023-12-03T18:48:27.992+0000] {dagbag.py:536} INFO - Filling up the DagBag from /home/airflow/.local/lib/python3.8/site-packages/airflow/example_dags/example_kubernetes_executor.py
[2023-12-03T18:48:28.036+0000] {processor.py:839} INFO - DAG(s) dict_keys(['example_kubernetes_executor']) retrieved from /home/airflow/.local/lib/python3.8/site-packages/airflow/example_dags/example_kubernetes_executor.py
[2023-12-03T18:48:28.059+0000] {logging_mixin.py:154} INFO - [2023-12-03T18:48:28.058+0000] {dag.py:2941} INFO - Sync 1 DAGs
[2023-12-03T18:48:28.087+0000] {logging_mixin.py:154} INFO - [2023-12-03T18:48:28.087+0000] {dag.py:3722} INFO - Setting next_dagrun for example_kubernetes_executor to None, run_after=None
[2023-12-03T18:48:28.125+0000] {processor.py:179} INFO - Processing /home/airflow/.local/lib/python3.8/site-packages/airflow/example_dags/example_kubernetes_executor.py took 0.144 seconds
[2023-12-03T18:48:59.013+0000] {processor.py:157} INFO - Started process (PID=110) to work on /home/airflow/.local/lib/python3.8/site-packages/airflow/example_dags/example_kubernetes_executor.py
[2023-12-03T18:48:59.014+0000] {processor.py:829} INFO - Processing file /home/airflow/.local/lib/python3.8/site-packages/airflow/example_dags/example_kubernetes_executor.py for tasks to queue
[2023-12-03T18:48:59.017+0000] {logging_mixin.py:154} INFO - [2023-12-03T18:48:59.017+0000] {dagbag.py:536} INFO - Filling up the DagBag from /home/airflow/.local/lib/python3.8/site-packages/airflow/example_dags/example_kubernetes_executor.py
[2023-12-03T18:48:59.056+0000] {processor.py:839} INFO - DAG(s) dict_keys(['example_kubernetes_executor']) retrieved from /home/airflow/.local/lib/python3.8/site-packages/airflow/example_dags/example_kubernetes_executor.py
[2023-12-03T18:48:59.139+0000] {logging_mixin.py:154} INFO - [2023-12-03T18:48:59.139+0000] {dag.py:2941} INFO - Sync 1 DAGs
[2023-12-03T18:48:59.156+0000] {logging_mixin.py:154} INFO - [2023-12-03T18:48:59.156+0000] {dag.py:3722} INFO - Setting next_dagrun for example_kubernetes_executor to None, run_after=None
[2023-12-03T18:48:59.210+0000] {processor.py:179} INFO - Processing /home/airflow/.local/lib/python3.8/site-packages/airflow/example_dags/example_kubernetes_executor.py took 0.202 seconds
[2023-12-03T18:49:29.363+0000] {processor.py:157} INFO - Started process (PID=165) to work on /home/airflow/.local/lib/python3.8/site-packages/airflow/example_dags/example_kubernetes_executor.py
[2023-12-03T18:49:29.365+0000] {processor.py:829} INFO - Processing file /home/airflow/.local/lib/python3.8/site-packages/airflow/example_dags/example_kubernetes_executor.py for tasks to queue
[2023-12-03T18:49:29.368+0000] {logging_mixin.py:154} INFO - [2023-12-03T18:49:29.367+0000] {dagbag.py:536} INFO - Filling up the DagBag from /home/airflow/.local/lib/python3.8/site-packages/airflow/example_dags/example_kubernetes_executor.py
[2023-12-03T18:49:29.387+0000] {processor.py:839} INFO - DAG(s) dict_keys(['example_kubernetes_executor']) retrieved from /home/airflow/.local/lib/python3.8/site-packages/airflow/example_dags/example_kubernetes_executor.py
[2023-12-03T18:49:29.448+0000] {logging_mixin.py:154} INFO - [2023-12-03T18:49:29.448+0000] {dag.py:2941} INFO - Sync 1 DAGs
[2023-12-03T18:49:29.467+0000] {logging_mixin.py:154} INFO - [2023-12-03T18:49:29.467+0000] {dag.py:3722} INFO - Setting next_dagrun for example_kubernetes_executor to None, run_after=None
[2023-12-03T18:49:29.510+0000] {processor.py:179} INFO - Processing /home/airflow/.local/lib/python3.8/site-packages/airflow/example_dags/example_kubernetes_executor.py took 0.152 seconds
