[2023-12-03T18:18:47.545+0000] {processor.py:157} INFO - Started process (PID=53) to work on /home/airflow/.local/lib/python3.8/site-packages/airflow/example_dags/example_trigger_controller_dag.py
[2023-12-03T18:18:47.546+0000] {processor.py:829} INFO - Processing file /home/airflow/.local/lib/python3.8/site-packages/airflow/example_dags/example_trigger_controller_dag.py for tasks to queue
[2023-12-03T18:18:47.551+0000] {logging_mixin.py:154} INFO - [2023-12-03T18:18:47.550+0000] {dagbag.py:536} INFO - Filling up the DagBag from /home/airflow/.local/lib/python3.8/site-packages/airflow/example_dags/example_trigger_controller_dag.py
[2023-12-03T18:18:47.560+0000] {processor.py:839} INFO - DAG(s) dict_keys(['example_trigger_controller_dag']) retrieved from /home/airflow/.local/lib/python3.8/site-packages/airflow/example_dags/example_trigger_controller_dag.py
[2023-12-03T18:18:47.603+0000] {logging_mixin.py:154} INFO - [2023-12-03T18:18:47.602+0000] {dag.py:2941} INFO - Sync 1 DAGs
[2023-12-03T18:18:47.642+0000] {logging_mixin.py:154} INFO - [2023-12-03T18:18:47.641+0000] {dag.py:3722} INFO - Setting next_dagrun for example_trigger_controller_dag to 2021-01-01T00:00:00+00:00, run_after=2021-01-01T00:00:00+00:00
[2023-12-03T18:18:47.680+0000] {processor.py:179} INFO - Processing /home/airflow/.local/lib/python3.8/site-packages/airflow/example_dags/example_trigger_controller_dag.py took 0.141 seconds
[2023-12-03T18:19:18.621+0000] {processor.py:157} INFO - Started process (PID=107) to work on /home/airflow/.local/lib/python3.8/site-packages/airflow/example_dags/example_trigger_controller_dag.py
[2023-12-03T18:19:18.622+0000] {processor.py:829} INFO - Processing file /home/airflow/.local/lib/python3.8/site-packages/airflow/example_dags/example_trigger_controller_dag.py for tasks to queue
[2023-12-03T18:19:18.628+0000] {logging_mixin.py:154} INFO - [2023-12-03T18:19:18.627+0000] {dagbag.py:536} INFO - Filling up the DagBag from /home/airflow/.local/lib/python3.8/site-packages/airflow/example_dags/example_trigger_controller_dag.py
[2023-12-03T18:19:18.639+0000] {processor.py:839} INFO - DAG(s) dict_keys(['example_trigger_controller_dag']) retrieved from /home/airflow/.local/lib/python3.8/site-packages/airflow/example_dags/example_trigger_controller_dag.py
[2023-12-03T18:19:18.688+0000] {logging_mixin.py:154} INFO - [2023-12-03T18:19:18.688+0000] {dag.py:2941} INFO - Sync 1 DAGs
[2023-12-03T18:19:18.743+0000] {logging_mixin.py:154} INFO - [2023-12-03T18:19:18.742+0000] {dag.py:3722} INFO - Setting next_dagrun for example_trigger_controller_dag to 2021-01-01T00:00:00+00:00, run_after=2021-01-01T00:00:00+00:00
[2023-12-03T18:19:18.796+0000] {processor.py:179} INFO - Processing /home/airflow/.local/lib/python3.8/site-packages/airflow/example_dags/example_trigger_controller_dag.py took 0.182 seconds
[2023-12-03T18:19:49.537+0000] {processor.py:157} INFO - Started process (PID=161) to work on /home/airflow/.local/lib/python3.8/site-packages/airflow/example_dags/example_trigger_controller_dag.py
[2023-12-03T18:19:49.539+0000] {processor.py:829} INFO - Processing file /home/airflow/.local/lib/python3.8/site-packages/airflow/example_dags/example_trigger_controller_dag.py for tasks to queue
[2023-12-03T18:19:49.544+0000] {logging_mixin.py:154} INFO - [2023-12-03T18:19:49.543+0000] {dagbag.py:536} INFO - Filling up the DagBag from /home/airflow/.local/lib/python3.8/site-packages/airflow/example_dags/example_trigger_controller_dag.py
[2023-12-03T18:19:49.556+0000] {processor.py:839} INFO - DAG(s) dict_keys(['example_trigger_controller_dag']) retrieved from /home/airflow/.local/lib/python3.8/site-packages/airflow/example_dags/example_trigger_controller_dag.py
[2023-12-03T18:19:49.595+0000] {logging_mixin.py:154} INFO - [2023-12-03T18:19:49.594+0000] {dag.py:2941} INFO - Sync 1 DAGs
[2023-12-03T18:19:49.648+0000] {logging_mixin.py:154} INFO - [2023-12-03T18:19:49.647+0000] {dag.py:3722} INFO - Setting next_dagrun for example_trigger_controller_dag to 2021-01-01T00:00:00+00:00, run_after=2021-01-01T00:00:00+00:00
[2023-12-03T18:19:49.686+0000] {processor.py:179} INFO - Processing /home/airflow/.local/lib/python3.8/site-packages/airflow/example_dags/example_trigger_controller_dag.py took 0.158 seconds
[2023-12-03T18:20:19.949+0000] {processor.py:157} INFO - Started process (PID=215) to work on /home/airflow/.local/lib/python3.8/site-packages/airflow/example_dags/example_trigger_controller_dag.py
[2023-12-03T18:20:19.951+0000] {processor.py:829} INFO - Processing file /home/airflow/.local/lib/python3.8/site-packages/airflow/example_dags/example_trigger_controller_dag.py for tasks to queue
[2023-12-03T18:20:19.955+0000] {logging_mixin.py:154} INFO - [2023-12-03T18:20:19.954+0000] {dagbag.py:536} INFO - Filling up the DagBag from /home/airflow/.local/lib/python3.8/site-packages/airflow/example_dags/example_trigger_controller_dag.py
[2023-12-03T18:20:19.962+0000] {processor.py:839} INFO - DAG(s) dict_keys(['example_trigger_controller_dag']) retrieved from /home/airflow/.local/lib/python3.8/site-packages/airflow/example_dags/example_trigger_controller_dag.py
[2023-12-03T18:20:19.995+0000] {logging_mixin.py:154} INFO - [2023-12-03T18:20:19.995+0000] {dag.py:2941} INFO - Sync 1 DAGs
[2023-12-03T18:20:20.033+0000] {logging_mixin.py:154} INFO - [2023-12-03T18:20:20.032+0000] {dag.py:3722} INFO - Setting next_dagrun for example_trigger_controller_dag to 2021-01-01T00:00:00+00:00, run_after=2021-01-01T00:00:00+00:00
[2023-12-03T18:20:20.070+0000] {processor.py:179} INFO - Processing /home/airflow/.local/lib/python3.8/site-packages/airflow/example_dags/example_trigger_controller_dag.py took 0.126 seconds
[2023-12-03T18:20:50.688+0000] {processor.py:157} INFO - Started process (PID=269) to work on /home/airflow/.local/lib/python3.8/site-packages/airflow/example_dags/example_trigger_controller_dag.py
[2023-12-03T18:20:50.691+0000] {processor.py:829} INFO - Processing file /home/airflow/.local/lib/python3.8/site-packages/airflow/example_dags/example_trigger_controller_dag.py for tasks to queue
[2023-12-03T18:20:50.696+0000] {logging_mixin.py:154} INFO - [2023-12-03T18:20:50.695+0000] {dagbag.py:536} INFO - Filling up the DagBag from /home/airflow/.local/lib/python3.8/site-packages/airflow/example_dags/example_trigger_controller_dag.py
[2023-12-03T18:20:50.708+0000] {processor.py:839} INFO - DAG(s) dict_keys(['example_trigger_controller_dag']) retrieved from /home/airflow/.local/lib/python3.8/site-packages/airflow/example_dags/example_trigger_controller_dag.py
[2023-12-03T18:20:50.764+0000] {logging_mixin.py:154} INFO - [2023-12-03T18:20:50.763+0000] {dag.py:2941} INFO - Sync 1 DAGs
[2023-12-03T18:20:50.827+0000] {logging_mixin.py:154} INFO - [2023-12-03T18:20:50.826+0000] {dag.py:3722} INFO - Setting next_dagrun for example_trigger_controller_dag to 2021-01-01T00:00:00+00:00, run_after=2021-01-01T00:00:00+00:00
[2023-12-03T18:20:50.891+0000] {processor.py:179} INFO - Processing /home/airflow/.local/lib/python3.8/site-packages/airflow/example_dags/example_trigger_controller_dag.py took 0.211 seconds
[2023-12-03T18:21:21.749+0000] {processor.py:157} INFO - Started process (PID=330) to work on /home/airflow/.local/lib/python3.8/site-packages/airflow/example_dags/example_trigger_controller_dag.py
[2023-12-03T18:21:21.750+0000] {processor.py:829} INFO - Processing file /home/airflow/.local/lib/python3.8/site-packages/airflow/example_dags/example_trigger_controller_dag.py for tasks to queue
[2023-12-03T18:21:21.754+0000] {logging_mixin.py:154} INFO - [2023-12-03T18:21:21.754+0000] {dagbag.py:536} INFO - Filling up the DagBag from /home/airflow/.local/lib/python3.8/site-packages/airflow/example_dags/example_trigger_controller_dag.py
[2023-12-03T18:21:21.766+0000] {processor.py:839} INFO - DAG(s) dict_keys(['example_trigger_controller_dag']) retrieved from /home/airflow/.local/lib/python3.8/site-packages/airflow/example_dags/example_trigger_controller_dag.py
[2023-12-03T18:21:21.794+0000] {logging_mixin.py:154} INFO - [2023-12-03T18:21:21.793+0000] {dag.py:2941} INFO - Sync 1 DAGs
[2023-12-03T18:21:21.833+0000] {logging_mixin.py:154} INFO - [2023-12-03T18:21:21.832+0000] {dag.py:3722} INFO - Setting next_dagrun for example_trigger_controller_dag to 2021-01-01T00:00:00+00:00, run_after=2021-01-01T00:00:00+00:00
[2023-12-03T18:21:21.863+0000] {processor.py:179} INFO - Processing /home/airflow/.local/lib/python3.8/site-packages/airflow/example_dags/example_trigger_controller_dag.py took 0.120 seconds
[2023-12-03T18:21:52.445+0000] {processor.py:157} INFO - Started process (PID=384) to work on /home/airflow/.local/lib/python3.8/site-packages/airflow/example_dags/example_trigger_controller_dag.py
[2023-12-03T18:21:52.446+0000] {processor.py:829} INFO - Processing file /home/airflow/.local/lib/python3.8/site-packages/airflow/example_dags/example_trigger_controller_dag.py for tasks to queue
[2023-12-03T18:21:52.451+0000] {logging_mixin.py:154} INFO - [2023-12-03T18:21:52.450+0000] {dagbag.py:536} INFO - Filling up the DagBag from /home/airflow/.local/lib/python3.8/site-packages/airflow/example_dags/example_trigger_controller_dag.py
[2023-12-03T18:21:52.463+0000] {processor.py:839} INFO - DAG(s) dict_keys(['example_trigger_controller_dag']) retrieved from /home/airflow/.local/lib/python3.8/site-packages/airflow/example_dags/example_trigger_controller_dag.py
[2023-12-03T18:21:52.498+0000] {logging_mixin.py:154} INFO - [2023-12-03T18:21:52.498+0000] {dag.py:2941} INFO - Sync 1 DAGs
[2023-12-03T18:21:52.539+0000] {logging_mixin.py:154} INFO - [2023-12-03T18:21:52.538+0000] {dag.py:3722} INFO - Setting next_dagrun for example_trigger_controller_dag to 2021-01-01T00:00:00+00:00, run_after=2021-01-01T00:00:00+00:00
[2023-12-03T18:21:52.581+0000] {processor.py:179} INFO - Processing /home/airflow/.local/lib/python3.8/site-packages/airflow/example_dags/example_trigger_controller_dag.py took 0.142 seconds
[2023-12-03T18:22:23.394+0000] {processor.py:157} INFO - Started process (PID=438) to work on /home/airflow/.local/lib/python3.8/site-packages/airflow/example_dags/example_trigger_controller_dag.py
[2023-12-03T18:22:23.398+0000] {processor.py:829} INFO - Processing file /home/airflow/.local/lib/python3.8/site-packages/airflow/example_dags/example_trigger_controller_dag.py for tasks to queue
[2023-12-03T18:22:23.406+0000] {logging_mixin.py:154} INFO - [2023-12-03T18:22:23.405+0000] {dagbag.py:536} INFO - Filling up the DagBag from /home/airflow/.local/lib/python3.8/site-packages/airflow/example_dags/example_trigger_controller_dag.py
[2023-12-03T18:22:23.416+0000] {processor.py:839} INFO - DAG(s) dict_keys(['example_trigger_controller_dag']) retrieved from /home/airflow/.local/lib/python3.8/site-packages/airflow/example_dags/example_trigger_controller_dag.py
[2023-12-03T18:22:23.486+0000] {logging_mixin.py:154} INFO - [2023-12-03T18:22:23.485+0000] {dag.py:2941} INFO - Sync 1 DAGs
[2023-12-03T18:22:23.564+0000] {logging_mixin.py:154} INFO - [2023-12-03T18:22:23.564+0000] {dag.py:3722} INFO - Setting next_dagrun for example_trigger_controller_dag to 2021-01-01T00:00:00+00:00, run_after=2021-01-01T00:00:00+00:00
[2023-12-03T18:22:23.628+0000] {processor.py:179} INFO - Processing /home/airflow/.local/lib/python3.8/site-packages/airflow/example_dags/example_trigger_controller_dag.py took 0.253 seconds
[2023-12-03T18:23:57.389+0000] {processor.py:157} INFO - Started process (PID=53) to work on /home/airflow/.local/lib/python3.8/site-packages/airflow/example_dags/example_trigger_controller_dag.py
[2023-12-03T18:23:57.392+0000] {processor.py:829} INFO - Processing file /home/airflow/.local/lib/python3.8/site-packages/airflow/example_dags/example_trigger_controller_dag.py for tasks to queue
[2023-12-03T18:23:57.396+0000] {logging_mixin.py:154} INFO - [2023-12-03T18:23:57.396+0000] {dagbag.py:536} INFO - Filling up the DagBag from /home/airflow/.local/lib/python3.8/site-packages/airflow/example_dags/example_trigger_controller_dag.py
[2023-12-03T18:23:57.407+0000] {processor.py:839} INFO - DAG(s) dict_keys(['example_trigger_controller_dag']) retrieved from /home/airflow/.local/lib/python3.8/site-packages/airflow/example_dags/example_trigger_controller_dag.py
[2023-12-03T18:23:57.429+0000] {logging_mixin.py:154} INFO - [2023-12-03T18:23:57.429+0000] {dag.py:2941} INFO - Sync 1 DAGs
[2023-12-03T18:23:57.471+0000] {logging_mixin.py:154} INFO - [2023-12-03T18:23:57.471+0000] {dag.py:3722} INFO - Setting next_dagrun for example_trigger_controller_dag to 2021-01-01T00:00:00+00:00, run_after=2021-01-01T00:00:00+00:00
[2023-12-03T18:23:57.516+0000] {processor.py:179} INFO - Processing /home/airflow/.local/lib/python3.8/site-packages/airflow/example_dags/example_trigger_controller_dag.py took 0.136 seconds
[2023-12-03T18:24:28.497+0000] {processor.py:157} INFO - Started process (PID=107) to work on /home/airflow/.local/lib/python3.8/site-packages/airflow/example_dags/example_trigger_controller_dag.py
[2023-12-03T18:24:28.498+0000] {processor.py:829} INFO - Processing file /home/airflow/.local/lib/python3.8/site-packages/airflow/example_dags/example_trigger_controller_dag.py for tasks to queue
[2023-12-03T18:24:28.502+0000] {logging_mixin.py:154} INFO - [2023-12-03T18:24:28.502+0000] {dagbag.py:536} INFO - Filling up the DagBag from /home/airflow/.local/lib/python3.8/site-packages/airflow/example_dags/example_trigger_controller_dag.py
[2023-12-03T18:24:28.510+0000] {processor.py:839} INFO - DAG(s) dict_keys(['example_trigger_controller_dag']) retrieved from /home/airflow/.local/lib/python3.8/site-packages/airflow/example_dags/example_trigger_controller_dag.py
[2023-12-03T18:24:28.543+0000] {logging_mixin.py:154} INFO - [2023-12-03T18:24:28.543+0000] {dag.py:2941} INFO - Sync 1 DAGs
[2023-12-03T18:24:28.581+0000] {logging_mixin.py:154} INFO - [2023-12-03T18:24:28.581+0000] {dag.py:3722} INFO - Setting next_dagrun for example_trigger_controller_dag to 2021-01-01T00:00:00+00:00, run_after=2021-01-01T00:00:00+00:00
[2023-12-03T18:24:28.612+0000] {processor.py:179} INFO - Processing /home/airflow/.local/lib/python3.8/site-packages/airflow/example_dags/example_trigger_controller_dag.py took 0.121 seconds
[2023-12-03T18:24:59.648+0000] {processor.py:157} INFO - Started process (PID=161) to work on /home/airflow/.local/lib/python3.8/site-packages/airflow/example_dags/example_trigger_controller_dag.py
[2023-12-03T18:24:59.650+0000] {processor.py:829} INFO - Processing file /home/airflow/.local/lib/python3.8/site-packages/airflow/example_dags/example_trigger_controller_dag.py for tasks to queue
[2023-12-03T18:24:59.657+0000] {logging_mixin.py:154} INFO - [2023-12-03T18:24:59.655+0000] {dagbag.py:536} INFO - Filling up the DagBag from /home/airflow/.local/lib/python3.8/site-packages/airflow/example_dags/example_trigger_controller_dag.py
[2023-12-03T18:24:59.669+0000] {processor.py:839} INFO - DAG(s) dict_keys(['example_trigger_controller_dag']) retrieved from /home/airflow/.local/lib/python3.8/site-packages/airflow/example_dags/example_trigger_controller_dag.py
[2023-12-03T18:24:59.717+0000] {logging_mixin.py:154} INFO - [2023-12-03T18:24:59.716+0000] {dag.py:2941} INFO - Sync 1 DAGs
[2023-12-03T18:24:59.753+0000] {logging_mixin.py:154} INFO - [2023-12-03T18:24:59.752+0000] {dag.py:3722} INFO - Setting next_dagrun for example_trigger_controller_dag to 2021-01-01T00:00:00+00:00, run_after=2021-01-01T00:00:00+00:00
[2023-12-03T18:24:59.779+0000] {processor.py:179} INFO - Processing /home/airflow/.local/lib/python3.8/site-packages/airflow/example_dags/example_trigger_controller_dag.py took 0.140 seconds
[2023-12-03T18:25:30.106+0000] {processor.py:157} INFO - Started process (PID=215) to work on /home/airflow/.local/lib/python3.8/site-packages/airflow/example_dags/example_trigger_controller_dag.py
[2023-12-03T18:25:30.107+0000] {processor.py:829} INFO - Processing file /home/airflow/.local/lib/python3.8/site-packages/airflow/example_dags/example_trigger_controller_dag.py for tasks to queue
[2023-12-03T18:25:30.110+0000] {logging_mixin.py:154} INFO - [2023-12-03T18:25:30.110+0000] {dagbag.py:536} INFO - Filling up the DagBag from /home/airflow/.local/lib/python3.8/site-packages/airflow/example_dags/example_trigger_controller_dag.py
[2023-12-03T18:25:30.117+0000] {processor.py:839} INFO - DAG(s) dict_keys(['example_trigger_controller_dag']) retrieved from /home/airflow/.local/lib/python3.8/site-packages/airflow/example_dags/example_trigger_controller_dag.py
[2023-12-03T18:25:30.146+0000] {logging_mixin.py:154} INFO - [2023-12-03T18:25:30.146+0000] {dag.py:2941} INFO - Sync 1 DAGs
[2023-12-03T18:25:30.177+0000] {logging_mixin.py:154} INFO - [2023-12-03T18:25:30.177+0000] {dag.py:3722} INFO - Setting next_dagrun for example_trigger_controller_dag to 2021-01-01T00:00:00+00:00, run_after=2021-01-01T00:00:00+00:00
[2023-12-03T18:25:30.215+0000] {processor.py:179} INFO - Processing /home/airflow/.local/lib/python3.8/site-packages/airflow/example_dags/example_trigger_controller_dag.py took 0.114 seconds
[2023-12-03T18:26:00.780+0000] {processor.py:157} INFO - Started process (PID=269) to work on /home/airflow/.local/lib/python3.8/site-packages/airflow/example_dags/example_trigger_controller_dag.py
[2023-12-03T18:26:00.782+0000] {processor.py:829} INFO - Processing file /home/airflow/.local/lib/python3.8/site-packages/airflow/example_dags/example_trigger_controller_dag.py for tasks to queue
[2023-12-03T18:26:00.787+0000] {logging_mixin.py:154} INFO - [2023-12-03T18:26:00.787+0000] {dagbag.py:536} INFO - Filling up the DagBag from /home/airflow/.local/lib/python3.8/site-packages/airflow/example_dags/example_trigger_controller_dag.py
[2023-12-03T18:26:00.797+0000] {processor.py:839} INFO - DAG(s) dict_keys(['example_trigger_controller_dag']) retrieved from /home/airflow/.local/lib/python3.8/site-packages/airflow/example_dags/example_trigger_controller_dag.py
[2023-12-03T18:26:00.823+0000] {logging_mixin.py:154} INFO - [2023-12-03T18:26:00.823+0000] {dag.py:2941} INFO - Sync 1 DAGs
[2023-12-03T18:26:00.853+0000] {logging_mixin.py:154} INFO - [2023-12-03T18:26:00.853+0000] {dag.py:3722} INFO - Setting next_dagrun for example_trigger_controller_dag to 2021-01-01T00:00:00+00:00, run_after=2021-01-01T00:00:00+00:00
[2023-12-03T18:26:00.878+0000] {processor.py:179} INFO - Processing /home/airflow/.local/lib/python3.8/site-packages/airflow/example_dags/example_trigger_controller_dag.py took 0.107 seconds
[2023-12-03T18:26:31.094+0000] {processor.py:157} INFO - Started process (PID=323) to work on /home/airflow/.local/lib/python3.8/site-packages/airflow/example_dags/example_trigger_controller_dag.py
[2023-12-03T18:26:31.095+0000] {processor.py:829} INFO - Processing file /home/airflow/.local/lib/python3.8/site-packages/airflow/example_dags/example_trigger_controller_dag.py for tasks to queue
[2023-12-03T18:26:31.099+0000] {logging_mixin.py:154} INFO - [2023-12-03T18:26:31.098+0000] {dagbag.py:536} INFO - Filling up the DagBag from /home/airflow/.local/lib/python3.8/site-packages/airflow/example_dags/example_trigger_controller_dag.py
[2023-12-03T18:26:31.105+0000] {processor.py:839} INFO - DAG(s) dict_keys(['example_trigger_controller_dag']) retrieved from /home/airflow/.local/lib/python3.8/site-packages/airflow/example_dags/example_trigger_controller_dag.py
[2023-12-03T18:26:31.141+0000] {logging_mixin.py:154} INFO - [2023-12-03T18:26:31.141+0000] {dag.py:2941} INFO - Sync 1 DAGs
[2023-12-03T18:26:31.176+0000] {logging_mixin.py:154} INFO - [2023-12-03T18:26:31.175+0000] {dag.py:3722} INFO - Setting next_dagrun for example_trigger_controller_dag to 2021-01-01T00:00:00+00:00, run_after=2021-01-01T00:00:00+00:00
[2023-12-03T18:26:31.206+0000] {processor.py:179} INFO - Processing /home/airflow/.local/lib/python3.8/site-packages/airflow/example_dags/example_trigger_controller_dag.py took 0.116 seconds
[2023-12-03T18:27:01.872+0000] {processor.py:157} INFO - Started process (PID=377) to work on /home/airflow/.local/lib/python3.8/site-packages/airflow/example_dags/example_trigger_controller_dag.py
[2023-12-03T18:27:01.873+0000] {processor.py:829} INFO - Processing file /home/airflow/.local/lib/python3.8/site-packages/airflow/example_dags/example_trigger_controller_dag.py for tasks to queue
[2023-12-03T18:27:01.876+0000] {logging_mixin.py:154} INFO - [2023-12-03T18:27:01.876+0000] {dagbag.py:536} INFO - Filling up the DagBag from /home/airflow/.local/lib/python3.8/site-packages/airflow/example_dags/example_trigger_controller_dag.py
[2023-12-03T18:27:01.884+0000] {processor.py:839} INFO - DAG(s) dict_keys(['example_trigger_controller_dag']) retrieved from /home/airflow/.local/lib/python3.8/site-packages/airflow/example_dags/example_trigger_controller_dag.py
[2023-12-03T18:27:01.909+0000] {logging_mixin.py:154} INFO - [2023-12-03T18:27:01.909+0000] {dag.py:2941} INFO - Sync 1 DAGs
[2023-12-03T18:27:01.940+0000] {logging_mixin.py:154} INFO - [2023-12-03T18:27:01.939+0000] {dag.py:3722} INFO - Setting next_dagrun for example_trigger_controller_dag to 2021-01-01T00:00:00+00:00, run_after=2021-01-01T00:00:00+00:00
[2023-12-03T18:27:01.983+0000] {processor.py:179} INFO - Processing /home/airflow/.local/lib/python3.8/site-packages/airflow/example_dags/example_trigger_controller_dag.py took 0.115 seconds
[2023-12-03T18:27:32.072+0000] {processor.py:157} INFO - Started process (PID=431) to work on /home/airflow/.local/lib/python3.8/site-packages/airflow/example_dags/example_trigger_controller_dag.py
[2023-12-03T18:27:32.073+0000] {processor.py:829} INFO - Processing file /home/airflow/.local/lib/python3.8/site-packages/airflow/example_dags/example_trigger_controller_dag.py for tasks to queue
[2023-12-03T18:27:32.076+0000] {logging_mixin.py:154} INFO - [2023-12-03T18:27:32.076+0000] {dagbag.py:536} INFO - Filling up the DagBag from /home/airflow/.local/lib/python3.8/site-packages/airflow/example_dags/example_trigger_controller_dag.py
[2023-12-03T18:27:32.083+0000] {processor.py:839} INFO - DAG(s) dict_keys(['example_trigger_controller_dag']) retrieved from /home/airflow/.local/lib/python3.8/site-packages/airflow/example_dags/example_trigger_controller_dag.py
[2023-12-03T18:27:32.110+0000] {logging_mixin.py:154} INFO - [2023-12-03T18:27:32.110+0000] {dag.py:2941} INFO - Sync 1 DAGs
[2023-12-03T18:27:32.141+0000] {logging_mixin.py:154} INFO - [2023-12-03T18:27:32.141+0000] {dag.py:3722} INFO - Setting next_dagrun for example_trigger_controller_dag to 2021-01-01T00:00:00+00:00, run_after=2021-01-01T00:00:00+00:00
[2023-12-03T18:27:32.178+0000] {processor.py:179} INFO - Processing /home/airflow/.local/lib/python3.8/site-packages/airflow/example_dags/example_trigger_controller_dag.py took 0.110 seconds
[2023-12-03T18:28:02.739+0000] {processor.py:157} INFO - Started process (PID=485) to work on /home/airflow/.local/lib/python3.8/site-packages/airflow/example_dags/example_trigger_controller_dag.py
[2023-12-03T18:28:02.740+0000] {processor.py:829} INFO - Processing file /home/airflow/.local/lib/python3.8/site-packages/airflow/example_dags/example_trigger_controller_dag.py for tasks to queue
[2023-12-03T18:28:02.743+0000] {logging_mixin.py:154} INFO - [2023-12-03T18:28:02.743+0000] {dagbag.py:536} INFO - Filling up the DagBag from /home/airflow/.local/lib/python3.8/site-packages/airflow/example_dags/example_trigger_controller_dag.py
[2023-12-03T18:28:02.750+0000] {processor.py:839} INFO - DAG(s) dict_keys(['example_trigger_controller_dag']) retrieved from /home/airflow/.local/lib/python3.8/site-packages/airflow/example_dags/example_trigger_controller_dag.py
[2023-12-03T18:28:02.784+0000] {logging_mixin.py:154} INFO - [2023-12-03T18:28:02.784+0000] {dag.py:2941} INFO - Sync 1 DAGs
[2023-12-03T18:28:02.825+0000] {logging_mixin.py:154} INFO - [2023-12-03T18:28:02.825+0000] {dag.py:3722} INFO - Setting next_dagrun for example_trigger_controller_dag to 2021-01-01T00:00:00+00:00, run_after=2021-01-01T00:00:00+00:00
[2023-12-03T18:28:02.861+0000] {processor.py:179} INFO - Processing /home/airflow/.local/lib/python3.8/site-packages/airflow/example_dags/example_trigger_controller_dag.py took 0.126 seconds
[2023-12-03T18:28:33.331+0000] {processor.py:157} INFO - Started process (PID=539) to work on /home/airflow/.local/lib/python3.8/site-packages/airflow/example_dags/example_trigger_controller_dag.py
[2023-12-03T18:28:33.332+0000] {processor.py:829} INFO - Processing file /home/airflow/.local/lib/python3.8/site-packages/airflow/example_dags/example_trigger_controller_dag.py for tasks to queue
[2023-12-03T18:28:33.336+0000] {logging_mixin.py:154} INFO - [2023-12-03T18:28:33.335+0000] {dagbag.py:536} INFO - Filling up the DagBag from /home/airflow/.local/lib/python3.8/site-packages/airflow/example_dags/example_trigger_controller_dag.py
[2023-12-03T18:28:33.343+0000] {processor.py:839} INFO - DAG(s) dict_keys(['example_trigger_controller_dag']) retrieved from /home/airflow/.local/lib/python3.8/site-packages/airflow/example_dags/example_trigger_controller_dag.py
[2023-12-03T18:28:33.373+0000] {logging_mixin.py:154} INFO - [2023-12-03T18:28:33.373+0000] {dag.py:2941} INFO - Sync 1 DAGs
[2023-12-03T18:28:33.405+0000] {logging_mixin.py:154} INFO - [2023-12-03T18:28:33.404+0000] {dag.py:3722} INFO - Setting next_dagrun for example_trigger_controller_dag to 2021-01-01T00:00:00+00:00, run_after=2021-01-01T00:00:00+00:00
[2023-12-03T18:28:33.442+0000] {processor.py:179} INFO - Processing /home/airflow/.local/lib/python3.8/site-packages/airflow/example_dags/example_trigger_controller_dag.py took 0.116 seconds
[2023-12-03T18:29:49.322+0000] {processor.py:157} INFO - Started process (PID=54) to work on /home/airflow/.local/lib/python3.8/site-packages/airflow/example_dags/example_trigger_controller_dag.py
[2023-12-03T18:29:49.323+0000] {processor.py:829} INFO - Processing file /home/airflow/.local/lib/python3.8/site-packages/airflow/example_dags/example_trigger_controller_dag.py for tasks to queue
[2023-12-03T18:29:49.327+0000] {logging_mixin.py:154} INFO - [2023-12-03T18:29:49.326+0000] {dagbag.py:536} INFO - Filling up the DagBag from /home/airflow/.local/lib/python3.8/site-packages/airflow/example_dags/example_trigger_controller_dag.py
[2023-12-03T18:29:49.334+0000] {processor.py:839} INFO - DAG(s) dict_keys(['example_trigger_controller_dag']) retrieved from /home/airflow/.local/lib/python3.8/site-packages/airflow/example_dags/example_trigger_controller_dag.py
[2023-12-03T18:29:49.371+0000] {logging_mixin.py:154} INFO - [2023-12-03T18:29:49.371+0000] {dag.py:2941} INFO - Sync 1 DAGs
[2023-12-03T18:29:49.411+0000] {logging_mixin.py:154} INFO - [2023-12-03T18:29:49.410+0000] {dag.py:3722} INFO - Setting next_dagrun for example_trigger_controller_dag to 2021-01-01T00:00:00+00:00, run_after=2021-01-01T00:00:00+00:00
[2023-12-03T18:29:49.632+0000] {processor.py:179} INFO - Processing /home/airflow/.local/lib/python3.8/site-packages/airflow/example_dags/example_trigger_controller_dag.py took 0.316 seconds
[2023-12-03T18:30:19.719+0000] {processor.py:157} INFO - Started process (PID=109) to work on /home/airflow/.local/lib/python3.8/site-packages/airflow/example_dags/example_trigger_controller_dag.py
[2023-12-03T18:30:19.721+0000] {processor.py:829} INFO - Processing file /home/airflow/.local/lib/python3.8/site-packages/airflow/example_dags/example_trigger_controller_dag.py for tasks to queue
[2023-12-03T18:30:19.727+0000] {logging_mixin.py:154} INFO - [2023-12-03T18:30:19.726+0000] {dagbag.py:536} INFO - Filling up the DagBag from /home/airflow/.local/lib/python3.8/site-packages/airflow/example_dags/example_trigger_controller_dag.py
[2023-12-03T18:30:19.739+0000] {processor.py:839} INFO - DAG(s) dict_keys(['example_trigger_controller_dag']) retrieved from /home/airflow/.local/lib/python3.8/site-packages/airflow/example_dags/example_trigger_controller_dag.py
[2023-12-03T18:30:19.773+0000] {logging_mixin.py:154} INFO - [2023-12-03T18:30:19.773+0000] {dag.py:2941} INFO - Sync 1 DAGs
[2023-12-03T18:30:19.800+0000] {logging_mixin.py:154} INFO - [2023-12-03T18:30:19.800+0000] {dag.py:3722} INFO - Setting next_dagrun for example_trigger_controller_dag to 2021-01-01T00:00:00+00:00, run_after=2021-01-01T00:00:00+00:00
[2023-12-03T18:30:19.997+0000] {processor.py:179} INFO - Processing /home/airflow/.local/lib/python3.8/site-packages/airflow/example_dags/example_trigger_controller_dag.py took 0.285 seconds
[2023-12-03T18:30:50.809+0000] {processor.py:157} INFO - Started process (PID=164) to work on /home/airflow/.local/lib/python3.8/site-packages/airflow/example_dags/example_trigger_controller_dag.py
[2023-12-03T18:30:50.811+0000] {processor.py:829} INFO - Processing file /home/airflow/.local/lib/python3.8/site-packages/airflow/example_dags/example_trigger_controller_dag.py for tasks to queue
[2023-12-03T18:30:50.818+0000] {logging_mixin.py:154} INFO - [2023-12-03T18:30:50.817+0000] {dagbag.py:536} INFO - Filling up the DagBag from /home/airflow/.local/lib/python3.8/site-packages/airflow/example_dags/example_trigger_controller_dag.py
[2023-12-03T18:30:50.826+0000] {processor.py:839} INFO - DAG(s) dict_keys(['example_trigger_controller_dag']) retrieved from /home/airflow/.local/lib/python3.8/site-packages/airflow/example_dags/example_trigger_controller_dag.py
[2023-12-03T18:30:50.871+0000] {logging_mixin.py:154} INFO - [2023-12-03T18:30:50.871+0000] {dag.py:2941} INFO - Sync 1 DAGs
[2023-12-03T18:30:50.902+0000] {logging_mixin.py:154} INFO - [2023-12-03T18:30:50.902+0000] {dag.py:3722} INFO - Setting next_dagrun for example_trigger_controller_dag to 2021-01-01T00:00:00+00:00, run_after=2021-01-01T00:00:00+00:00
[2023-12-03T18:30:51.101+0000] {processor.py:179} INFO - Processing /home/airflow/.local/lib/python3.8/site-packages/airflow/example_dags/example_trigger_controller_dag.py took 0.300 seconds
[2023-12-03T18:31:21.672+0000] {processor.py:157} INFO - Started process (PID=223) to work on /home/airflow/.local/lib/python3.8/site-packages/airflow/example_dags/example_trigger_controller_dag.py
[2023-12-03T18:31:21.673+0000] {processor.py:829} INFO - Processing file /home/airflow/.local/lib/python3.8/site-packages/airflow/example_dags/example_trigger_controller_dag.py for tasks to queue
[2023-12-03T18:31:21.677+0000] {logging_mixin.py:154} INFO - [2023-12-03T18:31:21.676+0000] {dagbag.py:536} INFO - Filling up the DagBag from /home/airflow/.local/lib/python3.8/site-packages/airflow/example_dags/example_trigger_controller_dag.py
[2023-12-03T18:31:21.685+0000] {processor.py:839} INFO - DAG(s) dict_keys(['example_trigger_controller_dag']) retrieved from /home/airflow/.local/lib/python3.8/site-packages/airflow/example_dags/example_trigger_controller_dag.py
[2023-12-03T18:31:21.723+0000] {logging_mixin.py:154} INFO - [2023-12-03T18:31:21.723+0000] {dag.py:2941} INFO - Sync 1 DAGs
[2023-12-03T18:31:21.768+0000] {logging_mixin.py:154} INFO - [2023-12-03T18:31:21.767+0000] {dag.py:3722} INFO - Setting next_dagrun for example_trigger_controller_dag to 2021-01-01T00:00:00+00:00, run_after=2021-01-01T00:00:00+00:00
[2023-12-03T18:31:21.997+0000] {processor.py:179} INFO - Processing /home/airflow/.local/lib/python3.8/site-packages/airflow/example_dags/example_trigger_controller_dag.py took 0.331 seconds
[2023-12-03T18:31:52.983+0000] {processor.py:157} INFO - Started process (PID=282) to work on /home/airflow/.local/lib/python3.8/site-packages/airflow/example_dags/example_trigger_controller_dag.py
[2023-12-03T18:31:52.984+0000] {processor.py:829} INFO - Processing file /home/airflow/.local/lib/python3.8/site-packages/airflow/example_dags/example_trigger_controller_dag.py for tasks to queue
[2023-12-03T18:31:52.990+0000] {logging_mixin.py:154} INFO - [2023-12-03T18:31:52.989+0000] {dagbag.py:536} INFO - Filling up the DagBag from /home/airflow/.local/lib/python3.8/site-packages/airflow/example_dags/example_trigger_controller_dag.py
[2023-12-03T18:31:52.998+0000] {processor.py:839} INFO - DAG(s) dict_keys(['example_trigger_controller_dag']) retrieved from /home/airflow/.local/lib/python3.8/site-packages/airflow/example_dags/example_trigger_controller_dag.py
[2023-12-03T18:31:53.034+0000] {logging_mixin.py:154} INFO - [2023-12-03T18:31:53.034+0000] {dag.py:2941} INFO - Sync 1 DAGs
[2023-12-03T18:31:53.079+0000] {logging_mixin.py:154} INFO - [2023-12-03T18:31:53.079+0000] {dag.py:3722} INFO - Setting next_dagrun for example_trigger_controller_dag to 2021-01-01T00:00:00+00:00, run_after=2021-01-01T00:00:00+00:00
[2023-12-03T18:31:53.358+0000] {processor.py:179} INFO - Processing /home/airflow/.local/lib/python3.8/site-packages/airflow/example_dags/example_trigger_controller_dag.py took 0.380 seconds
[2023-12-03T18:32:23.868+0000] {processor.py:157} INFO - Started process (PID=337) to work on /home/airflow/.local/lib/python3.8/site-packages/airflow/example_dags/example_trigger_controller_dag.py
[2023-12-03T18:32:23.870+0000] {processor.py:829} INFO - Processing file /home/airflow/.local/lib/python3.8/site-packages/airflow/example_dags/example_trigger_controller_dag.py for tasks to queue
[2023-12-03T18:32:23.874+0000] {logging_mixin.py:154} INFO - [2023-12-03T18:32:23.873+0000] {dagbag.py:536} INFO - Filling up the DagBag from /home/airflow/.local/lib/python3.8/site-packages/airflow/example_dags/example_trigger_controller_dag.py
[2023-12-03T18:32:23.882+0000] {processor.py:839} INFO - DAG(s) dict_keys(['example_trigger_controller_dag']) retrieved from /home/airflow/.local/lib/python3.8/site-packages/airflow/example_dags/example_trigger_controller_dag.py
[2023-12-03T18:32:23.920+0000] {logging_mixin.py:154} INFO - [2023-12-03T18:32:23.919+0000] {dag.py:2941} INFO - Sync 1 DAGs
[2023-12-03T18:32:23.953+0000] {logging_mixin.py:154} INFO - [2023-12-03T18:32:23.952+0000] {dag.py:3722} INFO - Setting next_dagrun for example_trigger_controller_dag to 2021-01-01T00:00:00+00:00, run_after=2021-01-01T00:00:00+00:00
[2023-12-03T18:32:24.155+0000] {processor.py:179} INFO - Processing /home/airflow/.local/lib/python3.8/site-packages/airflow/example_dags/example_trigger_controller_dag.py took 0.292 seconds
[2023-12-03T18:32:54.593+0000] {processor.py:157} INFO - Started process (PID=392) to work on /home/airflow/.local/lib/python3.8/site-packages/airflow/example_dags/example_trigger_controller_dag.py
[2023-12-03T18:32:54.595+0000] {processor.py:829} INFO - Processing file /home/airflow/.local/lib/python3.8/site-packages/airflow/example_dags/example_trigger_controller_dag.py for tasks to queue
[2023-12-03T18:32:54.601+0000] {logging_mixin.py:154} INFO - [2023-12-03T18:32:54.600+0000] {dagbag.py:536} INFO - Filling up the DagBag from /home/airflow/.local/lib/python3.8/site-packages/airflow/example_dags/example_trigger_controller_dag.py
[2023-12-03T18:32:54.615+0000] {processor.py:839} INFO - DAG(s) dict_keys(['example_trigger_controller_dag']) retrieved from /home/airflow/.local/lib/python3.8/site-packages/airflow/example_dags/example_trigger_controller_dag.py
[2023-12-03T18:32:54.650+0000] {logging_mixin.py:154} INFO - [2023-12-03T18:32:54.649+0000] {dag.py:2941} INFO - Sync 1 DAGs
[2023-12-03T18:32:54.847+0000] {logging_mixin.py:154} INFO - [2023-12-03T18:32:54.847+0000] {dag.py:3722} INFO - Setting next_dagrun for example_trigger_controller_dag to 2021-01-01T00:00:00+00:00, run_after=2021-01-01T00:00:00+00:00
[2023-12-03T18:32:54.890+0000] {processor.py:179} INFO - Processing /home/airflow/.local/lib/python3.8/site-packages/airflow/example_dags/example_trigger_controller_dag.py took 0.304 seconds
[2023-12-03T18:33:25.312+0000] {processor.py:157} INFO - Started process (PID=447) to work on /home/airflow/.local/lib/python3.8/site-packages/airflow/example_dags/example_trigger_controller_dag.py
[2023-12-03T18:33:25.313+0000] {processor.py:829} INFO - Processing file /home/airflow/.local/lib/python3.8/site-packages/airflow/example_dags/example_trigger_controller_dag.py for tasks to queue
[2023-12-03T18:33:25.317+0000] {logging_mixin.py:154} INFO - [2023-12-03T18:33:25.316+0000] {dagbag.py:536} INFO - Filling up the DagBag from /home/airflow/.local/lib/python3.8/site-packages/airflow/example_dags/example_trigger_controller_dag.py
[2023-12-03T18:33:25.324+0000] {processor.py:839} INFO - DAG(s) dict_keys(['example_trigger_controller_dag']) retrieved from /home/airflow/.local/lib/python3.8/site-packages/airflow/example_dags/example_trigger_controller_dag.py
[2023-12-03T18:33:25.358+0000] {logging_mixin.py:154} INFO - [2023-12-03T18:33:25.358+0000] {dag.py:2941} INFO - Sync 1 DAGs
[2023-12-03T18:33:25.565+0000] {logging_mixin.py:154} INFO - [2023-12-03T18:33:25.564+0000] {dag.py:3722} INFO - Setting next_dagrun for example_trigger_controller_dag to 2021-01-01T00:00:00+00:00, run_after=2021-01-01T00:00:00+00:00
[2023-12-03T18:33:25.592+0000] {processor.py:179} INFO - Processing /home/airflow/.local/lib/python3.8/site-packages/airflow/example_dags/example_trigger_controller_dag.py took 0.284 seconds
[2023-12-03T18:33:56.029+0000] {processor.py:157} INFO - Started process (PID=509) to work on /home/airflow/.local/lib/python3.8/site-packages/airflow/example_dags/example_trigger_controller_dag.py
[2023-12-03T18:33:56.030+0000] {processor.py:829} INFO - Processing file /home/airflow/.local/lib/python3.8/site-packages/airflow/example_dags/example_trigger_controller_dag.py for tasks to queue
[2023-12-03T18:33:56.034+0000] {logging_mixin.py:154} INFO - [2023-12-03T18:33:56.033+0000] {dagbag.py:536} INFO - Filling up the DagBag from /home/airflow/.local/lib/python3.8/site-packages/airflow/example_dags/example_trigger_controller_dag.py
[2023-12-03T18:33:56.043+0000] {processor.py:839} INFO - DAG(s) dict_keys(['example_trigger_controller_dag']) retrieved from /home/airflow/.local/lib/python3.8/site-packages/airflow/example_dags/example_trigger_controller_dag.py
[2023-12-03T18:33:56.081+0000] {logging_mixin.py:154} INFO - [2023-12-03T18:33:56.081+0000] {dag.py:2941} INFO - Sync 1 DAGs
[2023-12-03T18:33:56.274+0000] {logging_mixin.py:154} INFO - [2023-12-03T18:33:56.273+0000] {dag.py:3722} INFO - Setting next_dagrun for example_trigger_controller_dag to 2021-01-01T00:00:00+00:00, run_after=2021-01-01T00:00:00+00:00
[2023-12-03T18:33:56.305+0000] {processor.py:179} INFO - Processing /home/airflow/.local/lib/python3.8/site-packages/airflow/example_dags/example_trigger_controller_dag.py took 0.281 seconds
[2023-12-03T18:34:26.917+0000] {processor.py:157} INFO - Started process (PID=564) to work on /home/airflow/.local/lib/python3.8/site-packages/airflow/example_dags/example_trigger_controller_dag.py
[2023-12-03T18:34:26.919+0000] {processor.py:829} INFO - Processing file /home/airflow/.local/lib/python3.8/site-packages/airflow/example_dags/example_trigger_controller_dag.py for tasks to queue
[2023-12-03T18:34:26.923+0000] {logging_mixin.py:154} INFO - [2023-12-03T18:34:26.923+0000] {dagbag.py:536} INFO - Filling up the DagBag from /home/airflow/.local/lib/python3.8/site-packages/airflow/example_dags/example_trigger_controller_dag.py
[2023-12-03T18:34:26.932+0000] {processor.py:839} INFO - DAG(s) dict_keys(['example_trigger_controller_dag']) retrieved from /home/airflow/.local/lib/python3.8/site-packages/airflow/example_dags/example_trigger_controller_dag.py
[2023-12-03T18:34:26.969+0000] {logging_mixin.py:154} INFO - [2023-12-03T18:34:26.969+0000] {dag.py:2941} INFO - Sync 1 DAGs
[2023-12-03T18:34:27.165+0000] {logging_mixin.py:154} INFO - [2023-12-03T18:34:27.165+0000] {dag.py:3722} INFO - Setting next_dagrun for example_trigger_controller_dag to 2021-01-01T00:00:00+00:00, run_after=2021-01-01T00:00:00+00:00
[2023-12-03T18:34:27.211+0000] {processor.py:179} INFO - Processing /home/airflow/.local/lib/python3.8/site-packages/airflow/example_dags/example_trigger_controller_dag.py took 0.299 seconds
[2023-12-03T18:34:57.617+0000] {processor.py:157} INFO - Started process (PID=619) to work on /home/airflow/.local/lib/python3.8/site-packages/airflow/example_dags/example_trigger_controller_dag.py
[2023-12-03T18:34:57.618+0000] {processor.py:829} INFO - Processing file /home/airflow/.local/lib/python3.8/site-packages/airflow/example_dags/example_trigger_controller_dag.py for tasks to queue
[2023-12-03T18:34:57.622+0000] {logging_mixin.py:154} INFO - [2023-12-03T18:34:57.621+0000] {dagbag.py:536} INFO - Filling up the DagBag from /home/airflow/.local/lib/python3.8/site-packages/airflow/example_dags/example_trigger_controller_dag.py
[2023-12-03T18:34:57.629+0000] {processor.py:839} INFO - DAG(s) dict_keys(['example_trigger_controller_dag']) retrieved from /home/airflow/.local/lib/python3.8/site-packages/airflow/example_dags/example_trigger_controller_dag.py
[2023-12-03T18:34:57.675+0000] {logging_mixin.py:154} INFO - [2023-12-03T18:34:57.675+0000] {dag.py:2941} INFO - Sync 1 DAGs
[2023-12-03T18:34:57.861+0000] {logging_mixin.py:154} INFO - [2023-12-03T18:34:57.861+0000] {dag.py:3722} INFO - Setting next_dagrun for example_trigger_controller_dag to 2021-01-01T00:00:00+00:00, run_after=2021-01-01T00:00:00+00:00
[2023-12-03T18:34:57.894+0000] {processor.py:179} INFO - Processing /home/airflow/.local/lib/python3.8/site-packages/airflow/example_dags/example_trigger_controller_dag.py took 0.282 seconds
[2023-12-03T18:35:28.579+0000] {processor.py:157} INFO - Started process (PID=674) to work on /home/airflow/.local/lib/python3.8/site-packages/airflow/example_dags/example_trigger_controller_dag.py
[2023-12-03T18:35:28.580+0000] {processor.py:829} INFO - Processing file /home/airflow/.local/lib/python3.8/site-packages/airflow/example_dags/example_trigger_controller_dag.py for tasks to queue
[2023-12-03T18:35:28.584+0000] {logging_mixin.py:154} INFO - [2023-12-03T18:35:28.584+0000] {dagbag.py:536} INFO - Filling up the DagBag from /home/airflow/.local/lib/python3.8/site-packages/airflow/example_dags/example_trigger_controller_dag.py
[2023-12-03T18:35:28.591+0000] {processor.py:839} INFO - DAG(s) dict_keys(['example_trigger_controller_dag']) retrieved from /home/airflow/.local/lib/python3.8/site-packages/airflow/example_dags/example_trigger_controller_dag.py
[2023-12-03T18:35:28.623+0000] {logging_mixin.py:154} INFO - [2023-12-03T18:35:28.623+0000] {dag.py:2941} INFO - Sync 1 DAGs
[2023-12-03T18:35:28.812+0000] {logging_mixin.py:154} INFO - [2023-12-03T18:35:28.811+0000] {dag.py:3722} INFO - Setting next_dagrun for example_trigger_controller_dag to 2021-01-01T00:00:00+00:00, run_after=2021-01-01T00:00:00+00:00
[2023-12-03T18:35:28.857+0000] {processor.py:179} INFO - Processing /home/airflow/.local/lib/python3.8/site-packages/airflow/example_dags/example_trigger_controller_dag.py took 0.283 seconds
[2023-12-03T18:35:59.332+0000] {processor.py:157} INFO - Started process (PID=729) to work on /home/airflow/.local/lib/python3.8/site-packages/airflow/example_dags/example_trigger_controller_dag.py
[2023-12-03T18:35:59.333+0000] {processor.py:829} INFO - Processing file /home/airflow/.local/lib/python3.8/site-packages/airflow/example_dags/example_trigger_controller_dag.py for tasks to queue
[2023-12-03T18:35:59.338+0000] {logging_mixin.py:154} INFO - [2023-12-03T18:35:59.337+0000] {dagbag.py:536} INFO - Filling up the DagBag from /home/airflow/.local/lib/python3.8/site-packages/airflow/example_dags/example_trigger_controller_dag.py
[2023-12-03T18:35:59.346+0000] {processor.py:839} INFO - DAG(s) dict_keys(['example_trigger_controller_dag']) retrieved from /home/airflow/.local/lib/python3.8/site-packages/airflow/example_dags/example_trigger_controller_dag.py
[2023-12-03T18:35:59.375+0000] {logging_mixin.py:154} INFO - [2023-12-03T18:35:59.374+0000] {dag.py:2941} INFO - Sync 1 DAGs
[2023-12-03T18:35:59.414+0000] {logging_mixin.py:154} INFO - [2023-12-03T18:35:59.414+0000] {dag.py:3722} INFO - Setting next_dagrun for example_trigger_controller_dag to 2021-01-01T00:00:00+00:00, run_after=2021-01-01T00:00:00+00:00
[2023-12-03T18:35:59.446+0000] {processor.py:179} INFO - Processing /home/airflow/.local/lib/python3.8/site-packages/airflow/example_dags/example_trigger_controller_dag.py took 0.119 seconds
[2023-12-03T18:36:29.920+0000] {processor.py:157} INFO - Started process (PID=784) to work on /home/airflow/.local/lib/python3.8/site-packages/airflow/example_dags/example_trigger_controller_dag.py
[2023-12-03T18:36:29.922+0000] {processor.py:829} INFO - Processing file /home/airflow/.local/lib/python3.8/site-packages/airflow/example_dags/example_trigger_controller_dag.py for tasks to queue
[2023-12-03T18:36:29.931+0000] {logging_mixin.py:154} INFO - [2023-12-03T18:36:29.930+0000] {dagbag.py:536} INFO - Filling up the DagBag from /home/airflow/.local/lib/python3.8/site-packages/airflow/example_dags/example_trigger_controller_dag.py
[2023-12-03T18:36:29.946+0000] {processor.py:839} INFO - DAG(s) dict_keys(['example_trigger_controller_dag']) retrieved from /home/airflow/.local/lib/python3.8/site-packages/airflow/example_dags/example_trigger_controller_dag.py
[2023-12-03T18:36:29.993+0000] {logging_mixin.py:154} INFO - [2023-12-03T18:36:29.993+0000] {dag.py:2941} INFO - Sync 1 DAGs
[2023-12-03T18:36:30.035+0000] {logging_mixin.py:154} INFO - [2023-12-03T18:36:30.035+0000] {dag.py:3722} INFO - Setting next_dagrun for example_trigger_controller_dag to 2021-01-01T00:00:00+00:00, run_after=2021-01-01T00:00:00+00:00
[2023-12-03T18:36:30.075+0000] {processor.py:179} INFO - Processing /home/airflow/.local/lib/python3.8/site-packages/airflow/example_dags/example_trigger_controller_dag.py took 0.165 seconds
[2023-12-03T18:37:00.769+0000] {processor.py:157} INFO - Started process (PID=839) to work on /home/airflow/.local/lib/python3.8/site-packages/airflow/example_dags/example_trigger_controller_dag.py
[2023-12-03T18:37:00.770+0000] {processor.py:829} INFO - Processing file /home/airflow/.local/lib/python3.8/site-packages/airflow/example_dags/example_trigger_controller_dag.py for tasks to queue
[2023-12-03T18:37:00.775+0000] {logging_mixin.py:154} INFO - [2023-12-03T18:37:00.774+0000] {dagbag.py:536} INFO - Filling up the DagBag from /home/airflow/.local/lib/python3.8/site-packages/airflow/example_dags/example_trigger_controller_dag.py
[2023-12-03T18:37:00.785+0000] {processor.py:839} INFO - DAG(s) dict_keys(['example_trigger_controller_dag']) retrieved from /home/airflow/.local/lib/python3.8/site-packages/airflow/example_dags/example_trigger_controller_dag.py
[2023-12-03T18:37:00.820+0000] {logging_mixin.py:154} INFO - [2023-12-03T18:37:00.820+0000] {dag.py:2941} INFO - Sync 1 DAGs
[2023-12-03T18:37:00.862+0000] {logging_mixin.py:154} INFO - [2023-12-03T18:37:00.861+0000] {dag.py:3722} INFO - Setting next_dagrun for example_trigger_controller_dag to 2021-01-01T00:00:00+00:00, run_after=2021-01-01T00:00:00+00:00
[2023-12-03T18:37:00.901+0000] {processor.py:179} INFO - Processing /home/airflow/.local/lib/python3.8/site-packages/airflow/example_dags/example_trigger_controller_dag.py took 0.137 seconds
[2023-12-03T18:37:30.977+0000] {processor.py:157} INFO - Started process (PID=894) to work on /home/airflow/.local/lib/python3.8/site-packages/airflow/example_dags/example_trigger_controller_dag.py
[2023-12-03T18:37:30.978+0000] {processor.py:829} INFO - Processing file /home/airflow/.local/lib/python3.8/site-packages/airflow/example_dags/example_trigger_controller_dag.py for tasks to queue
[2023-12-03T18:37:30.982+0000] {logging_mixin.py:154} INFO - [2023-12-03T18:37:30.981+0000] {dagbag.py:536} INFO - Filling up the DagBag from /home/airflow/.local/lib/python3.8/site-packages/airflow/example_dags/example_trigger_controller_dag.py
[2023-12-03T18:37:30.988+0000] {processor.py:839} INFO - DAG(s) dict_keys(['example_trigger_controller_dag']) retrieved from /home/airflow/.local/lib/python3.8/site-packages/airflow/example_dags/example_trigger_controller_dag.py
[2023-12-03T18:37:31.036+0000] {logging_mixin.py:154} INFO - [2023-12-03T18:37:31.035+0000] {dag.py:2941} INFO - Sync 1 DAGs
[2023-12-03T18:37:31.069+0000] {logging_mixin.py:154} INFO - [2023-12-03T18:37:31.068+0000] {dag.py:3722} INFO - Setting next_dagrun for example_trigger_controller_dag to 2021-01-01T00:00:00+00:00, run_after=2021-01-01T00:00:00+00:00
[2023-12-03T18:37:31.120+0000] {processor.py:179} INFO - Processing /home/airflow/.local/lib/python3.8/site-packages/airflow/example_dags/example_trigger_controller_dag.py took 0.147 seconds
[2023-12-03T18:38:01.696+0000] {processor.py:157} INFO - Started process (PID=949) to work on /home/airflow/.local/lib/python3.8/site-packages/airflow/example_dags/example_trigger_controller_dag.py
[2023-12-03T18:38:01.697+0000] {processor.py:829} INFO - Processing file /home/airflow/.local/lib/python3.8/site-packages/airflow/example_dags/example_trigger_controller_dag.py for tasks to queue
[2023-12-03T18:38:01.701+0000] {logging_mixin.py:154} INFO - [2023-12-03T18:38:01.701+0000] {dagbag.py:536} INFO - Filling up the DagBag from /home/airflow/.local/lib/python3.8/site-packages/airflow/example_dags/example_trigger_controller_dag.py
[2023-12-03T18:38:01.709+0000] {processor.py:839} INFO - DAG(s) dict_keys(['example_trigger_controller_dag']) retrieved from /home/airflow/.local/lib/python3.8/site-packages/airflow/example_dags/example_trigger_controller_dag.py
[2023-12-03T18:38:01.746+0000] {logging_mixin.py:154} INFO - [2023-12-03T18:38:01.746+0000] {dag.py:2941} INFO - Sync 1 DAGs
[2023-12-03T18:38:01.776+0000] {logging_mixin.py:154} INFO - [2023-12-03T18:38:01.775+0000] {dag.py:3722} INFO - Setting next_dagrun for example_trigger_controller_dag to 2021-01-01T00:00:00+00:00, run_after=2021-01-01T00:00:00+00:00
[2023-12-03T18:38:01.814+0000] {processor.py:179} INFO - Processing /home/airflow/.local/lib/python3.8/site-packages/airflow/example_dags/example_trigger_controller_dag.py took 0.123 seconds
[2023-12-03T18:38:32.069+0000] {processor.py:157} INFO - Started process (PID=1004) to work on /home/airflow/.local/lib/python3.8/site-packages/airflow/example_dags/example_trigger_controller_dag.py
[2023-12-03T18:38:32.071+0000] {processor.py:829} INFO - Processing file /home/airflow/.local/lib/python3.8/site-packages/airflow/example_dags/example_trigger_controller_dag.py for tasks to queue
[2023-12-03T18:38:32.075+0000] {logging_mixin.py:154} INFO - [2023-12-03T18:38:32.074+0000] {dagbag.py:536} INFO - Filling up the DagBag from /home/airflow/.local/lib/python3.8/site-packages/airflow/example_dags/example_trigger_controller_dag.py
[2023-12-03T18:38:32.081+0000] {processor.py:839} INFO - DAG(s) dict_keys(['example_trigger_controller_dag']) retrieved from /home/airflow/.local/lib/python3.8/site-packages/airflow/example_dags/example_trigger_controller_dag.py
[2023-12-03T18:38:32.113+0000] {logging_mixin.py:154} INFO - [2023-12-03T18:38:32.113+0000] {dag.py:2941} INFO - Sync 1 DAGs
[2023-12-03T18:38:32.148+0000] {logging_mixin.py:154} INFO - [2023-12-03T18:38:32.148+0000] {dag.py:3722} INFO - Setting next_dagrun for example_trigger_controller_dag to 2021-01-01T00:00:00+00:00, run_after=2021-01-01T00:00:00+00:00
[2023-12-03T18:38:32.186+0000] {processor.py:179} INFO - Processing /home/airflow/.local/lib/python3.8/site-packages/airflow/example_dags/example_trigger_controller_dag.py took 0.121 seconds
[2023-12-03T18:39:02.798+0000] {processor.py:157} INFO - Started process (PID=1059) to work on /home/airflow/.local/lib/python3.8/site-packages/airflow/example_dags/example_trigger_controller_dag.py
[2023-12-03T18:39:02.800+0000] {processor.py:829} INFO - Processing file /home/airflow/.local/lib/python3.8/site-packages/airflow/example_dags/example_trigger_controller_dag.py for tasks to queue
[2023-12-03T18:39:02.809+0000] {logging_mixin.py:154} INFO - [2023-12-03T18:39:02.807+0000] {dagbag.py:536} INFO - Filling up the DagBag from /home/airflow/.local/lib/python3.8/site-packages/airflow/example_dags/example_trigger_controller_dag.py
[2023-12-03T18:39:02.820+0000] {processor.py:839} INFO - DAG(s) dict_keys(['example_trigger_controller_dag']) retrieved from /home/airflow/.local/lib/python3.8/site-packages/airflow/example_dags/example_trigger_controller_dag.py
[2023-12-03T18:39:02.856+0000] {logging_mixin.py:154} INFO - [2023-12-03T18:39:02.856+0000] {dag.py:2941} INFO - Sync 1 DAGs
[2023-12-03T18:39:02.886+0000] {logging_mixin.py:154} INFO - [2023-12-03T18:39:02.886+0000] {dag.py:3722} INFO - Setting next_dagrun for example_trigger_controller_dag to 2021-01-01T00:00:00+00:00, run_after=2021-01-01T00:00:00+00:00
[2023-12-03T18:39:02.925+0000] {processor.py:179} INFO - Processing /home/airflow/.local/lib/python3.8/site-packages/airflow/example_dags/example_trigger_controller_dag.py took 0.139 seconds
[2023-12-03T18:39:33.164+0000] {processor.py:157} INFO - Started process (PID=1114) to work on /home/airflow/.local/lib/python3.8/site-packages/airflow/example_dags/example_trigger_controller_dag.py
[2023-12-03T18:39:33.166+0000] {processor.py:829} INFO - Processing file /home/airflow/.local/lib/python3.8/site-packages/airflow/example_dags/example_trigger_controller_dag.py for tasks to queue
[2023-12-03T18:39:33.172+0000] {logging_mixin.py:154} INFO - [2023-12-03T18:39:33.171+0000] {dagbag.py:536} INFO - Filling up the DagBag from /home/airflow/.local/lib/python3.8/site-packages/airflow/example_dags/example_trigger_controller_dag.py
[2023-12-03T18:39:33.186+0000] {processor.py:839} INFO - DAG(s) dict_keys(['example_trigger_controller_dag']) retrieved from /home/airflow/.local/lib/python3.8/site-packages/airflow/example_dags/example_trigger_controller_dag.py
[2023-12-03T18:39:33.218+0000] {logging_mixin.py:154} INFO - [2023-12-03T18:39:33.218+0000] {dag.py:2941} INFO - Sync 1 DAGs
[2023-12-03T18:39:33.262+0000] {logging_mixin.py:154} INFO - [2023-12-03T18:39:33.261+0000] {dag.py:3722} INFO - Setting next_dagrun for example_trigger_controller_dag to 2021-01-01T00:00:00+00:00, run_after=2021-01-01T00:00:00+00:00
[2023-12-03T18:39:33.293+0000] {processor.py:179} INFO - Processing /home/airflow/.local/lib/python3.8/site-packages/airflow/example_dags/example_trigger_controller_dag.py took 0.134 seconds
[2023-12-03T18:40:03.679+0000] {processor.py:157} INFO - Started process (PID=1169) to work on /home/airflow/.local/lib/python3.8/site-packages/airflow/example_dags/example_trigger_controller_dag.py
[2023-12-03T18:40:03.680+0000] {processor.py:829} INFO - Processing file /home/airflow/.local/lib/python3.8/site-packages/airflow/example_dags/example_trigger_controller_dag.py for tasks to queue
[2023-12-03T18:40:03.684+0000] {logging_mixin.py:154} INFO - [2023-12-03T18:40:03.684+0000] {dagbag.py:536} INFO - Filling up the DagBag from /home/airflow/.local/lib/python3.8/site-packages/airflow/example_dags/example_trigger_controller_dag.py
[2023-12-03T18:40:03.691+0000] {processor.py:839} INFO - DAG(s) dict_keys(['example_trigger_controller_dag']) retrieved from /home/airflow/.local/lib/python3.8/site-packages/airflow/example_dags/example_trigger_controller_dag.py
[2023-12-03T18:40:03.719+0000] {logging_mixin.py:154} INFO - [2023-12-03T18:40:03.719+0000] {dag.py:2941} INFO - Sync 1 DAGs
[2023-12-03T18:40:03.749+0000] {logging_mixin.py:154} INFO - [2023-12-03T18:40:03.749+0000] {dag.py:3722} INFO - Setting next_dagrun for example_trigger_controller_dag to 2021-01-01T00:00:00+00:00, run_after=2021-01-01T00:00:00+00:00
[2023-12-03T18:40:03.777+0000] {processor.py:179} INFO - Processing /home/airflow/.local/lib/python3.8/site-packages/airflow/example_dags/example_trigger_controller_dag.py took 0.102 seconds
[2023-12-03T18:41:31.964+0000] {processor.py:157} INFO - Started process (PID=54) to work on /home/airflow/.local/lib/python3.8/site-packages/airflow/example_dags/example_trigger_controller_dag.py
[2023-12-03T18:41:31.966+0000] {processor.py:829} INFO - Processing file /home/airflow/.local/lib/python3.8/site-packages/airflow/example_dags/example_trigger_controller_dag.py for tasks to queue
[2023-12-03T18:41:31.969+0000] {logging_mixin.py:154} INFO - [2023-12-03T18:41:31.969+0000] {dagbag.py:536} INFO - Filling up the DagBag from /home/airflow/.local/lib/python3.8/site-packages/airflow/example_dags/example_trigger_controller_dag.py
[2023-12-03T18:41:31.977+0000] {processor.py:839} INFO - DAG(s) dict_keys(['example_trigger_controller_dag']) retrieved from /home/airflow/.local/lib/python3.8/site-packages/airflow/example_dags/example_trigger_controller_dag.py
[2023-12-03T18:41:31.998+0000] {logging_mixin.py:154} INFO - [2023-12-03T18:41:31.998+0000] {dag.py:2941} INFO - Sync 1 DAGs
[2023-12-03T18:41:32.045+0000] {logging_mixin.py:154} INFO - [2023-12-03T18:41:32.044+0000] {dag.py:3722} INFO - Setting next_dagrun for example_trigger_controller_dag to 2021-01-01T00:00:00+00:00, run_after=2021-01-01T00:00:00+00:00
[2023-12-03T18:41:32.088+0000] {processor.py:179} INFO - Processing /home/airflow/.local/lib/python3.8/site-packages/airflow/example_dags/example_trigger_controller_dag.py took 0.131 seconds
[2023-12-03T18:41:56.938+0000] {processor.py:157} INFO - Started process (PID=53) to work on /home/airflow/.local/lib/python3.8/site-packages/airflow/example_dags/example_trigger_controller_dag.py
[2023-12-03T18:41:56.939+0000] {processor.py:829} INFO - Processing file /home/airflow/.local/lib/python3.8/site-packages/airflow/example_dags/example_trigger_controller_dag.py for tasks to queue
[2023-12-03T18:41:56.942+0000] {logging_mixin.py:154} INFO - [2023-12-03T18:41:56.942+0000] {dagbag.py:536} INFO - Filling up the DagBag from /home/airflow/.local/lib/python3.8/site-packages/airflow/example_dags/example_trigger_controller_dag.py
[2023-12-03T18:41:56.949+0000] {processor.py:839} INFO - DAG(s) dict_keys(['example_trigger_controller_dag']) retrieved from /home/airflow/.local/lib/python3.8/site-packages/airflow/example_dags/example_trigger_controller_dag.py
[2023-12-03T18:41:56.978+0000] {logging_mixin.py:154} INFO - [2023-12-03T18:41:56.978+0000] {dag.py:2941} INFO - Sync 1 DAGs
[2023-12-03T18:41:57.009+0000] {logging_mixin.py:154} INFO - [2023-12-03T18:41:57.009+0000] {dag.py:3722} INFO - Setting next_dagrun for example_trigger_controller_dag to 2021-01-01T00:00:00+00:00, run_after=2021-01-01T00:00:00+00:00
[2023-12-03T18:41:57.042+0000] {processor.py:179} INFO - Processing /home/airflow/.local/lib/python3.8/site-packages/airflow/example_dags/example_trigger_controller_dag.py took 0.109 seconds
[2023-12-03T18:42:27.557+0000] {processor.py:157} INFO - Started process (PID=108) to work on /home/airflow/.local/lib/python3.8/site-packages/airflow/example_dags/example_trigger_controller_dag.py
[2023-12-03T18:42:27.558+0000] {processor.py:829} INFO - Processing file /home/airflow/.local/lib/python3.8/site-packages/airflow/example_dags/example_trigger_controller_dag.py for tasks to queue
[2023-12-03T18:42:27.562+0000] {logging_mixin.py:154} INFO - [2023-12-03T18:42:27.562+0000] {dagbag.py:536} INFO - Filling up the DagBag from /home/airflow/.local/lib/python3.8/site-packages/airflow/example_dags/example_trigger_controller_dag.py
[2023-12-03T18:42:27.570+0000] {processor.py:839} INFO - DAG(s) dict_keys(['example_trigger_controller_dag']) retrieved from /home/airflow/.local/lib/python3.8/site-packages/airflow/example_dags/example_trigger_controller_dag.py
[2023-12-03T18:42:27.608+0000] {logging_mixin.py:154} INFO - [2023-12-03T18:42:27.608+0000] {dag.py:2941} INFO - Sync 1 DAGs
[2023-12-03T18:42:27.646+0000] {logging_mixin.py:154} INFO - [2023-12-03T18:42:27.645+0000] {dag.py:3722} INFO - Setting next_dagrun for example_trigger_controller_dag to 2021-01-01T00:00:00+00:00, run_after=2021-01-01T00:00:00+00:00
[2023-12-03T18:42:27.680+0000] {processor.py:179} INFO - Processing /home/airflow/.local/lib/python3.8/site-packages/airflow/example_dags/example_trigger_controller_dag.py took 0.128 seconds
[2023-12-03T18:42:58.593+0000] {processor.py:157} INFO - Started process (PID=164) to work on /home/airflow/.local/lib/python3.8/site-packages/airflow/example_dags/example_trigger_controller_dag.py
[2023-12-03T18:42:58.595+0000] {processor.py:829} INFO - Processing file /home/airflow/.local/lib/python3.8/site-packages/airflow/example_dags/example_trigger_controller_dag.py for tasks to queue
[2023-12-03T18:42:58.598+0000] {logging_mixin.py:154} INFO - [2023-12-03T18:42:58.598+0000] {dagbag.py:536} INFO - Filling up the DagBag from /home/airflow/.local/lib/python3.8/site-packages/airflow/example_dags/example_trigger_controller_dag.py
[2023-12-03T18:42:58.605+0000] {processor.py:839} INFO - DAG(s) dict_keys(['example_trigger_controller_dag']) retrieved from /home/airflow/.local/lib/python3.8/site-packages/airflow/example_dags/example_trigger_controller_dag.py
[2023-12-03T18:42:58.636+0000] {logging_mixin.py:154} INFO - [2023-12-03T18:42:58.636+0000] {dag.py:2941} INFO - Sync 1 DAGs
[2023-12-03T18:42:58.703+0000] {logging_mixin.py:154} INFO - [2023-12-03T18:42:58.703+0000] {dag.py:3722} INFO - Setting next_dagrun for example_trigger_controller_dag to 2021-01-01T00:00:00+00:00, run_after=2021-01-01T00:00:00+00:00
[2023-12-03T18:42:58.738+0000] {processor.py:179} INFO - Processing /home/airflow/.local/lib/python3.8/site-packages/airflow/example_dags/example_trigger_controller_dag.py took 0.149 seconds
[2023-12-03T18:43:29.588+0000] {processor.py:157} INFO - Started process (PID=219) to work on /home/airflow/.local/lib/python3.8/site-packages/airflow/example_dags/example_trigger_controller_dag.py
[2023-12-03T18:43:29.589+0000] {processor.py:829} INFO - Processing file /home/airflow/.local/lib/python3.8/site-packages/airflow/example_dags/example_trigger_controller_dag.py for tasks to queue
[2023-12-03T18:43:29.592+0000] {logging_mixin.py:154} INFO - [2023-12-03T18:43:29.592+0000] {dagbag.py:536} INFO - Filling up the DagBag from /home/airflow/.local/lib/python3.8/site-packages/airflow/example_dags/example_trigger_controller_dag.py
[2023-12-03T18:43:29.604+0000] {processor.py:839} INFO - DAG(s) dict_keys(['example_trigger_controller_dag']) retrieved from /home/airflow/.local/lib/python3.8/site-packages/airflow/example_dags/example_trigger_controller_dag.py
[2023-12-03T18:43:29.640+0000] {logging_mixin.py:154} INFO - [2023-12-03T18:43:29.640+0000] {dag.py:2941} INFO - Sync 1 DAGs
[2023-12-03T18:43:29.668+0000] {logging_mixin.py:154} INFO - [2023-12-03T18:43:29.668+0000] {dag.py:3722} INFO - Setting next_dagrun for example_trigger_controller_dag to 2021-01-01T00:00:00+00:00, run_after=2021-01-01T00:00:00+00:00
[2023-12-03T18:43:29.713+0000] {processor.py:179} INFO - Processing /home/airflow/.local/lib/python3.8/site-packages/airflow/example_dags/example_trigger_controller_dag.py took 0.130 seconds
[2023-12-03T18:44:00.373+0000] {processor.py:157} INFO - Started process (PID=274) to work on /home/airflow/.local/lib/python3.8/site-packages/airflow/example_dags/example_trigger_controller_dag.py
[2023-12-03T18:44:00.377+0000] {processor.py:829} INFO - Processing file /home/airflow/.local/lib/python3.8/site-packages/airflow/example_dags/example_trigger_controller_dag.py for tasks to queue
[2023-12-03T18:44:00.381+0000] {logging_mixin.py:154} INFO - [2023-12-03T18:44:00.380+0000] {dagbag.py:536} INFO - Filling up the DagBag from /home/airflow/.local/lib/python3.8/site-packages/airflow/example_dags/example_trigger_controller_dag.py
[2023-12-03T18:44:00.388+0000] {processor.py:839} INFO - DAG(s) dict_keys(['example_trigger_controller_dag']) retrieved from /home/airflow/.local/lib/python3.8/site-packages/airflow/example_dags/example_trigger_controller_dag.py
[2023-12-03T18:44:00.425+0000] {logging_mixin.py:154} INFO - [2023-12-03T18:44:00.425+0000] {dag.py:2941} INFO - Sync 1 DAGs
[2023-12-03T18:44:00.461+0000] {logging_mixin.py:154} INFO - [2023-12-03T18:44:00.461+0000] {dag.py:3722} INFO - Setting next_dagrun for example_trigger_controller_dag to 2021-01-01T00:00:00+00:00, run_after=2021-01-01T00:00:00+00:00
[2023-12-03T18:44:00.490+0000] {processor.py:179} INFO - Processing /home/airflow/.local/lib/python3.8/site-packages/airflow/example_dags/example_trigger_controller_dag.py took 0.125 seconds
[2023-12-03T18:44:31.052+0000] {processor.py:157} INFO - Started process (PID=329) to work on /home/airflow/.local/lib/python3.8/site-packages/airflow/example_dags/example_trigger_controller_dag.py
[2023-12-03T18:44:31.054+0000] {processor.py:829} INFO - Processing file /home/airflow/.local/lib/python3.8/site-packages/airflow/example_dags/example_trigger_controller_dag.py for tasks to queue
[2023-12-03T18:44:31.058+0000] {logging_mixin.py:154} INFO - [2023-12-03T18:44:31.057+0000] {dagbag.py:536} INFO - Filling up the DagBag from /home/airflow/.local/lib/python3.8/site-packages/airflow/example_dags/example_trigger_controller_dag.py
[2023-12-03T18:44:31.066+0000] {processor.py:839} INFO - DAG(s) dict_keys(['example_trigger_controller_dag']) retrieved from /home/airflow/.local/lib/python3.8/site-packages/airflow/example_dags/example_trigger_controller_dag.py
[2023-12-03T18:44:31.100+0000] {logging_mixin.py:154} INFO - [2023-12-03T18:44:31.099+0000] {dag.py:2941} INFO - Sync 1 DAGs
[2023-12-03T18:44:31.141+0000] {logging_mixin.py:154} INFO - [2023-12-03T18:44:31.140+0000] {dag.py:3722} INFO - Setting next_dagrun for example_trigger_controller_dag to 2021-01-01T00:00:00+00:00, run_after=2021-01-01T00:00:00+00:00
[2023-12-03T18:44:31.176+0000] {processor.py:179} INFO - Processing /home/airflow/.local/lib/python3.8/site-packages/airflow/example_dags/example_trigger_controller_dag.py took 0.128 seconds
[2023-12-03T18:48:28.360+0000] {processor.py:157} INFO - Started process (PID=57) to work on /home/airflow/.local/lib/python3.8/site-packages/airflow/example_dags/example_trigger_controller_dag.py
[2023-12-03T18:48:28.361+0000] {processor.py:829} INFO - Processing file /home/airflow/.local/lib/python3.8/site-packages/airflow/example_dags/example_trigger_controller_dag.py for tasks to queue
[2023-12-03T18:48:28.365+0000] {logging_mixin.py:154} INFO - [2023-12-03T18:48:28.365+0000] {dagbag.py:536} INFO - Filling up the DagBag from /home/airflow/.local/lib/python3.8/site-packages/airflow/example_dags/example_trigger_controller_dag.py
[2023-12-03T18:48:28.373+0000] {processor.py:839} INFO - DAG(s) dict_keys(['example_trigger_controller_dag']) retrieved from /home/airflow/.local/lib/python3.8/site-packages/airflow/example_dags/example_trigger_controller_dag.py
[2023-12-03T18:48:28.393+0000] {logging_mixin.py:154} INFO - [2023-12-03T18:48:28.393+0000] {dag.py:2941} INFO - Sync 1 DAGs
[2023-12-03T18:48:28.439+0000] {logging_mixin.py:154} INFO - [2023-12-03T18:48:28.439+0000] {dag.py:3722} INFO - Setting next_dagrun for example_trigger_controller_dag to 2021-01-01T00:00:00+00:00, run_after=2021-01-01T00:00:00+00:00
[2023-12-03T18:48:28.490+0000] {processor.py:179} INFO - Processing /home/airflow/.local/lib/python3.8/site-packages/airflow/example_dags/example_trigger_controller_dag.py took 0.134 seconds
[2023-12-03T18:48:59.252+0000] {processor.py:157} INFO - Started process (PID=112) to work on /home/airflow/.local/lib/python3.8/site-packages/airflow/example_dags/example_trigger_controller_dag.py
[2023-12-03T18:48:59.254+0000] {processor.py:829} INFO - Processing file /home/airflow/.local/lib/python3.8/site-packages/airflow/example_dags/example_trigger_controller_dag.py for tasks to queue
[2023-12-03T18:48:59.257+0000] {logging_mixin.py:154} INFO - [2023-12-03T18:48:59.257+0000] {dagbag.py:536} INFO - Filling up the DagBag from /home/airflow/.local/lib/python3.8/site-packages/airflow/example_dags/example_trigger_controller_dag.py
[2023-12-03T18:48:59.264+0000] {processor.py:839} INFO - DAG(s) dict_keys(['example_trigger_controller_dag']) retrieved from /home/airflow/.local/lib/python3.8/site-packages/airflow/example_dags/example_trigger_controller_dag.py
[2023-12-03T18:48:59.301+0000] {logging_mixin.py:154} INFO - [2023-12-03T18:48:59.301+0000] {dag.py:2941} INFO - Sync 1 DAGs
[2023-12-03T18:48:59.335+0000] {logging_mixin.py:154} INFO - [2023-12-03T18:48:59.335+0000] {dag.py:3722} INFO - Setting next_dagrun for example_trigger_controller_dag to 2021-01-01T00:00:00+00:00, run_after=2021-01-01T00:00:00+00:00
[2023-12-03T18:48:59.367+0000] {processor.py:179} INFO - Processing /home/airflow/.local/lib/python3.8/site-packages/airflow/example_dags/example_trigger_controller_dag.py took 0.119 seconds
[2023-12-03T18:49:29.608+0000] {processor.py:157} INFO - Started process (PID=167) to work on /home/airflow/.local/lib/python3.8/site-packages/airflow/example_dags/example_trigger_controller_dag.py
[2023-12-03T18:49:29.609+0000] {processor.py:829} INFO - Processing file /home/airflow/.local/lib/python3.8/site-packages/airflow/example_dags/example_trigger_controller_dag.py for tasks to queue
[2023-12-03T18:49:29.614+0000] {logging_mixin.py:154} INFO - [2023-12-03T18:49:29.613+0000] {dagbag.py:536} INFO - Filling up the DagBag from /home/airflow/.local/lib/python3.8/site-packages/airflow/example_dags/example_trigger_controller_dag.py
[2023-12-03T18:49:29.621+0000] {processor.py:839} INFO - DAG(s) dict_keys(['example_trigger_controller_dag']) retrieved from /home/airflow/.local/lib/python3.8/site-packages/airflow/example_dags/example_trigger_controller_dag.py
[2023-12-03T18:49:29.652+0000] {logging_mixin.py:154} INFO - [2023-12-03T18:49:29.652+0000] {dag.py:2941} INFO - Sync 1 DAGs
[2023-12-03T18:49:29.686+0000] {logging_mixin.py:154} INFO - [2023-12-03T18:49:29.686+0000] {dag.py:3722} INFO - Setting next_dagrun for example_trigger_controller_dag to 2021-01-01T00:00:00+00:00, run_after=2021-01-01T00:00:00+00:00
[2023-12-03T18:49:29.719+0000] {processor.py:179} INFO - Processing /home/airflow/.local/lib/python3.8/site-packages/airflow/example_dags/example_trigger_controller_dag.py took 0.116 seconds
