[2023-12-03T18:18:46.098+0000] {processor.py:157} INFO - Started process (PID=43) to work on /home/airflow/.local/lib/python3.8/site-packages/airflow/example_dags/example_params_ui_tutorial.py
[2023-12-03T18:18:46.100+0000] {processor.py:829} INFO - Processing file /home/airflow/.local/lib/python3.8/site-packages/airflow/example_dags/example_params_ui_tutorial.py for tasks to queue
[2023-12-03T18:18:46.105+0000] {logging_mixin.py:154} INFO - [2023-12-03T18:18:46.104+0000] {dagbag.py:536} INFO - Filling up the DagBag from /home/airflow/.local/lib/python3.8/site-packages/airflow/example_dags/example_params_ui_tutorial.py
[2023-12-03T18:18:46.193+0000] {processor.py:839} INFO - DAG(s) dict_keys(['example_params_ui_tutorial']) retrieved from /home/airflow/.local/lib/python3.8/site-packages/airflow/example_dags/example_params_ui_tutorial.py
[2023-12-03T18:18:46.341+0000] {logging_mixin.py:154} INFO - [2023-12-03T18:18:46.341+0000] {dag.py:2941} INFO - Sync 1 DAGs
[2023-12-03T18:18:46.376+0000] {logging_mixin.py:154} INFO - [2023-12-03T18:18:46.375+0000] {dag.py:3722} INFO - Setting next_dagrun for example_params_ui_tutorial to None, run_after=None
[2023-12-03T18:18:46.424+0000] {processor.py:179} INFO - Processing /home/airflow/.local/lib/python3.8/site-packages/airflow/example_dags/example_params_ui_tutorial.py took 0.332 seconds
[2023-12-03T18:19:17.259+0000] {processor.py:157} INFO - Started process (PID=97) to work on /home/airflow/.local/lib/python3.8/site-packages/airflow/example_dags/example_params_ui_tutorial.py
[2023-12-03T18:19:17.262+0000] {processor.py:829} INFO - Processing file /home/airflow/.local/lib/python3.8/site-packages/airflow/example_dags/example_params_ui_tutorial.py for tasks to queue
[2023-12-03T18:19:17.269+0000] {logging_mixin.py:154} INFO - [2023-12-03T18:19:17.268+0000] {dagbag.py:536} INFO - Filling up the DagBag from /home/airflow/.local/lib/python3.8/site-packages/airflow/example_dags/example_params_ui_tutorial.py
[2023-12-03T18:19:17.329+0000] {processor.py:839} INFO - DAG(s) dict_keys(['example_params_ui_tutorial']) retrieved from /home/airflow/.local/lib/python3.8/site-packages/airflow/example_dags/example_params_ui_tutorial.py
[2023-12-03T18:19:17.407+0000] {logging_mixin.py:154} INFO - [2023-12-03T18:19:17.407+0000] {dag.py:2941} INFO - Sync 1 DAGs
[2023-12-03T18:19:17.426+0000] {logging_mixin.py:154} INFO - [2023-12-03T18:19:17.426+0000] {dag.py:3722} INFO - Setting next_dagrun for example_params_ui_tutorial to None, run_after=None
[2023-12-03T18:19:17.456+0000] {processor.py:179} INFO - Processing /home/airflow/.local/lib/python3.8/site-packages/airflow/example_dags/example_params_ui_tutorial.py took 0.208 seconds
[2023-12-03T18:19:48.102+0000] {processor.py:157} INFO - Started process (PID=151) to work on /home/airflow/.local/lib/python3.8/site-packages/airflow/example_dags/example_params_ui_tutorial.py
[2023-12-03T18:19:48.117+0000] {processor.py:829} INFO - Processing file /home/airflow/.local/lib/python3.8/site-packages/airflow/example_dags/example_params_ui_tutorial.py for tasks to queue
[2023-12-03T18:19:48.122+0000] {logging_mixin.py:154} INFO - [2023-12-03T18:19:48.122+0000] {dagbag.py:536} INFO - Filling up the DagBag from /home/airflow/.local/lib/python3.8/site-packages/airflow/example_dags/example_params_ui_tutorial.py
[2023-12-03T18:19:48.201+0000] {processor.py:839} INFO - DAG(s) dict_keys(['example_params_ui_tutorial']) retrieved from /home/airflow/.local/lib/python3.8/site-packages/airflow/example_dags/example_params_ui_tutorial.py
[2023-12-03T18:19:48.228+0000] {logging_mixin.py:154} INFO - [2023-12-03T18:19:48.228+0000] {dag.py:2941} INFO - Sync 1 DAGs
[2023-12-03T18:19:48.267+0000] {logging_mixin.py:154} INFO - [2023-12-03T18:19:48.266+0000] {dag.py:3722} INFO - Setting next_dagrun for example_params_ui_tutorial to None, run_after=None
[2023-12-03T18:19:48.304+0000] {processor.py:179} INFO - Processing /home/airflow/.local/lib/python3.8/site-packages/airflow/example_dags/example_params_ui_tutorial.py took 0.208 seconds
[2023-12-03T18:20:18.596+0000] {processor.py:157} INFO - Started process (PID=205) to work on /home/airflow/.local/lib/python3.8/site-packages/airflow/example_dags/example_params_ui_tutorial.py
[2023-12-03T18:20:18.599+0000] {processor.py:829} INFO - Processing file /home/airflow/.local/lib/python3.8/site-packages/airflow/example_dags/example_params_ui_tutorial.py for tasks to queue
[2023-12-03T18:20:18.605+0000] {logging_mixin.py:154} INFO - [2023-12-03T18:20:18.604+0000] {dagbag.py:536} INFO - Filling up the DagBag from /home/airflow/.local/lib/python3.8/site-packages/airflow/example_dags/example_params_ui_tutorial.py
[2023-12-03T18:20:18.678+0000] {processor.py:839} INFO - DAG(s) dict_keys(['example_params_ui_tutorial']) retrieved from /home/airflow/.local/lib/python3.8/site-packages/airflow/example_dags/example_params_ui_tutorial.py
[2023-12-03T18:20:18.774+0000] {logging_mixin.py:154} INFO - [2023-12-03T18:20:18.773+0000] {dag.py:2941} INFO - Sync 1 DAGs
[2023-12-03T18:20:18.797+0000] {logging_mixin.py:154} INFO - [2023-12-03T18:20:18.796+0000] {dag.py:3722} INFO - Setting next_dagrun for example_params_ui_tutorial to None, run_after=None
[2023-12-03T18:20:18.844+0000] {processor.py:179} INFO - Processing /home/airflow/.local/lib/python3.8/site-packages/airflow/example_dags/example_params_ui_tutorial.py took 0.258 seconds
[2023-12-03T18:20:49.060+0000] {processor.py:157} INFO - Started process (PID=258) to work on /home/airflow/.local/lib/python3.8/site-packages/airflow/example_dags/example_params_ui_tutorial.py
[2023-12-03T18:20:49.062+0000] {processor.py:829} INFO - Processing file /home/airflow/.local/lib/python3.8/site-packages/airflow/example_dags/example_params_ui_tutorial.py for tasks to queue
[2023-12-03T18:20:49.071+0000] {logging_mixin.py:154} INFO - [2023-12-03T18:20:49.070+0000] {dagbag.py:536} INFO - Filling up the DagBag from /home/airflow/.local/lib/python3.8/site-packages/airflow/example_dags/example_params_ui_tutorial.py
[2023-12-03T18:20:49.167+0000] {processor.py:839} INFO - DAG(s) dict_keys(['example_params_ui_tutorial']) retrieved from /home/airflow/.local/lib/python3.8/site-packages/airflow/example_dags/example_params_ui_tutorial.py
[2023-12-03T18:20:49.276+0000] {logging_mixin.py:154} INFO - [2023-12-03T18:20:49.276+0000] {dag.py:2941} INFO - Sync 1 DAGs
[2023-12-03T18:20:49.300+0000] {logging_mixin.py:154} INFO - [2023-12-03T18:20:49.299+0000] {dag.py:3722} INFO - Setting next_dagrun for example_params_ui_tutorial to None, run_after=None
[2023-12-03T18:20:49.343+0000] {processor.py:179} INFO - Processing /home/airflow/.local/lib/python3.8/site-packages/airflow/example_dags/example_params_ui_tutorial.py took 0.293 seconds
[2023-12-03T18:21:19.699+0000] {processor.py:157} INFO - Started process (PID=312) to work on /home/airflow/.local/lib/python3.8/site-packages/airflow/example_dags/example_params_ui_tutorial.py
[2023-12-03T18:21:19.701+0000] {processor.py:829} INFO - Processing file /home/airflow/.local/lib/python3.8/site-packages/airflow/example_dags/example_params_ui_tutorial.py for tasks to queue
[2023-12-03T18:21:19.708+0000] {logging_mixin.py:154} INFO - [2023-12-03T18:21:19.707+0000] {dagbag.py:536} INFO - Filling up the DagBag from /home/airflow/.local/lib/python3.8/site-packages/airflow/example_dags/example_params_ui_tutorial.py
[2023-12-03T18:21:19.788+0000] {processor.py:839} INFO - DAG(s) dict_keys(['example_params_ui_tutorial']) retrieved from /home/airflow/.local/lib/python3.8/site-packages/airflow/example_dags/example_params_ui_tutorial.py
[2023-12-03T18:21:19.808+0000] {logging_mixin.py:154} INFO - [2023-12-03T18:21:19.808+0000] {dag.py:2941} INFO - Sync 1 DAGs
[2023-12-03T18:21:19.833+0000] {logging_mixin.py:154} INFO - [2023-12-03T18:21:19.832+0000] {dag.py:3722} INFO - Setting next_dagrun for example_params_ui_tutorial to None, run_after=None
[2023-12-03T18:21:19.868+0000] {processor.py:179} INFO - Processing /home/airflow/.local/lib/python3.8/site-packages/airflow/example_dags/example_params_ui_tutorial.py took 0.180 seconds
[2023-12-03T18:21:49.958+0000] {processor.py:157} INFO - Started process (PID=366) to work on /home/airflow/.local/lib/python3.8/site-packages/airflow/example_dags/example_params_ui_tutorial.py
[2023-12-03T18:21:49.961+0000] {processor.py:829} INFO - Processing file /home/airflow/.local/lib/python3.8/site-packages/airflow/example_dags/example_params_ui_tutorial.py for tasks to queue
[2023-12-03T18:21:49.968+0000] {logging_mixin.py:154} INFO - [2023-12-03T18:21:49.967+0000] {dagbag.py:536} INFO - Filling up the DagBag from /home/airflow/.local/lib/python3.8/site-packages/airflow/example_dags/example_params_ui_tutorial.py
[2023-12-03T18:21:50.047+0000] {processor.py:839} INFO - DAG(s) dict_keys(['example_params_ui_tutorial']) retrieved from /home/airflow/.local/lib/python3.8/site-packages/airflow/example_dags/example_params_ui_tutorial.py
[2023-12-03T18:21:50.141+0000] {logging_mixin.py:154} INFO - [2023-12-03T18:21:50.140+0000] {dag.py:2941} INFO - Sync 1 DAGs
[2023-12-03T18:21:50.181+0000] {logging_mixin.py:154} INFO - [2023-12-03T18:21:50.181+0000] {dag.py:3722} INFO - Setting next_dagrun for example_params_ui_tutorial to None, run_after=None
[2023-12-03T18:21:50.224+0000] {processor.py:179} INFO - Processing /home/airflow/.local/lib/python3.8/site-packages/airflow/example_dags/example_params_ui_tutorial.py took 0.274 seconds
[2023-12-03T18:22:20.364+0000] {processor.py:157} INFO - Started process (PID=421) to work on /home/airflow/.local/lib/python3.8/site-packages/airflow/example_dags/example_params_ui_tutorial.py
[2023-12-03T18:22:20.366+0000] {processor.py:829} INFO - Processing file /home/airflow/.local/lib/python3.8/site-packages/airflow/example_dags/example_params_ui_tutorial.py for tasks to queue
[2023-12-03T18:22:20.371+0000] {logging_mixin.py:154} INFO - [2023-12-03T18:22:20.370+0000] {dagbag.py:536} INFO - Filling up the DagBag from /home/airflow/.local/lib/python3.8/site-packages/airflow/example_dags/example_params_ui_tutorial.py
[2023-12-03T18:22:20.442+0000] {processor.py:839} INFO - DAG(s) dict_keys(['example_params_ui_tutorial']) retrieved from /home/airflow/.local/lib/python3.8/site-packages/airflow/example_dags/example_params_ui_tutorial.py
[2023-12-03T18:22:20.556+0000] {logging_mixin.py:154} INFO - [2023-12-03T18:22:20.556+0000] {dag.py:2941} INFO - Sync 1 DAGs
[2023-12-03T18:22:20.581+0000] {logging_mixin.py:154} INFO - [2023-12-03T18:22:20.581+0000] {dag.py:3722} INFO - Setting next_dagrun for example_params_ui_tutorial to None, run_after=None
[2023-12-03T18:22:20.620+0000] {processor.py:179} INFO - Processing /home/airflow/.local/lib/python3.8/site-packages/airflow/example_dags/example_params_ui_tutorial.py took 0.266 seconds
[2023-12-03T18:23:56.097+0000] {processor.py:157} INFO - Started process (PID=43) to work on /home/airflow/.local/lib/python3.8/site-packages/airflow/example_dags/example_params_ui_tutorial.py
[2023-12-03T18:23:56.099+0000] {processor.py:829} INFO - Processing file /home/airflow/.local/lib/python3.8/site-packages/airflow/example_dags/example_params_ui_tutorial.py for tasks to queue
[2023-12-03T18:23:56.104+0000] {logging_mixin.py:154} INFO - [2023-12-03T18:23:56.104+0000] {dagbag.py:536} INFO - Filling up the DagBag from /home/airflow/.local/lib/python3.8/site-packages/airflow/example_dags/example_params_ui_tutorial.py
[2023-12-03T18:23:56.182+0000] {processor.py:839} INFO - DAG(s) dict_keys(['example_params_ui_tutorial']) retrieved from /home/airflow/.local/lib/python3.8/site-packages/airflow/example_dags/example_params_ui_tutorial.py
[2023-12-03T18:23:56.210+0000] {logging_mixin.py:154} INFO - [2023-12-03T18:23:56.209+0000] {dag.py:2941} INFO - Sync 1 DAGs
[2023-12-03T18:23:56.239+0000] {logging_mixin.py:154} INFO - [2023-12-03T18:23:56.238+0000] {dag.py:3722} INFO - Setting next_dagrun for example_params_ui_tutorial to None, run_after=None
[2023-12-03T18:23:56.290+0000] {processor.py:179} INFO - Processing /home/airflow/.local/lib/python3.8/site-packages/airflow/example_dags/example_params_ui_tutorial.py took 0.203 seconds
[2023-12-03T18:24:27.245+0000] {processor.py:157} INFO - Started process (PID=97) to work on /home/airflow/.local/lib/python3.8/site-packages/airflow/example_dags/example_params_ui_tutorial.py
[2023-12-03T18:24:27.247+0000] {processor.py:829} INFO - Processing file /home/airflow/.local/lib/python3.8/site-packages/airflow/example_dags/example_params_ui_tutorial.py for tasks to queue
[2023-12-03T18:24:27.250+0000] {logging_mixin.py:154} INFO - [2023-12-03T18:24:27.250+0000] {dagbag.py:536} INFO - Filling up the DagBag from /home/airflow/.local/lib/python3.8/site-packages/airflow/example_dags/example_params_ui_tutorial.py
[2023-12-03T18:24:27.296+0000] {processor.py:839} INFO - DAG(s) dict_keys(['example_params_ui_tutorial']) retrieved from /home/airflow/.local/lib/python3.8/site-packages/airflow/example_dags/example_params_ui_tutorial.py
[2023-12-03T18:24:27.367+0000] {logging_mixin.py:154} INFO - [2023-12-03T18:24:27.367+0000] {dag.py:2941} INFO - Sync 1 DAGs
[2023-12-03T18:24:27.385+0000] {logging_mixin.py:154} INFO - [2023-12-03T18:24:27.385+0000] {dag.py:3722} INFO - Setting next_dagrun for example_params_ui_tutorial to None, run_after=None
[2023-12-03T18:24:27.422+0000] {processor.py:179} INFO - Processing /home/airflow/.local/lib/python3.8/site-packages/airflow/example_dags/example_params_ui_tutorial.py took 0.180 seconds
[2023-12-03T18:24:57.539+0000] {processor.py:157} INFO - Started process (PID=151) to work on /home/airflow/.local/lib/python3.8/site-packages/airflow/example_dags/example_params_ui_tutorial.py
[2023-12-03T18:24:57.541+0000] {processor.py:829} INFO - Processing file /home/airflow/.local/lib/python3.8/site-packages/airflow/example_dags/example_params_ui_tutorial.py for tasks to queue
[2023-12-03T18:24:57.548+0000] {logging_mixin.py:154} INFO - [2023-12-03T18:24:57.547+0000] {dagbag.py:536} INFO - Filling up the DagBag from /home/airflow/.local/lib/python3.8/site-packages/airflow/example_dags/example_params_ui_tutorial.py
[2023-12-03T18:24:57.619+0000] {processor.py:839} INFO - DAG(s) dict_keys(['example_params_ui_tutorial']) retrieved from /home/airflow/.local/lib/python3.8/site-packages/airflow/example_dags/example_params_ui_tutorial.py
[2023-12-03T18:24:57.700+0000] {logging_mixin.py:154} INFO - [2023-12-03T18:24:57.699+0000] {dag.py:2941} INFO - Sync 1 DAGs
[2023-12-03T18:24:57.720+0000] {logging_mixin.py:154} INFO - [2023-12-03T18:24:57.719+0000] {dag.py:3722} INFO - Setting next_dagrun for example_params_ui_tutorial to None, run_after=None
[2023-12-03T18:24:57.753+0000] {processor.py:179} INFO - Processing /home/airflow/.local/lib/python3.8/site-packages/airflow/example_dags/example_params_ui_tutorial.py took 0.222 seconds
[2023-12-03T18:25:28.202+0000] {processor.py:157} INFO - Started process (PID=205) to work on /home/airflow/.local/lib/python3.8/site-packages/airflow/example_dags/example_params_ui_tutorial.py
[2023-12-03T18:25:28.203+0000] {processor.py:829} INFO - Processing file /home/airflow/.local/lib/python3.8/site-packages/airflow/example_dags/example_params_ui_tutorial.py for tasks to queue
[2023-12-03T18:25:28.207+0000] {logging_mixin.py:154} INFO - [2023-12-03T18:25:28.206+0000] {dagbag.py:536} INFO - Filling up the DagBag from /home/airflow/.local/lib/python3.8/site-packages/airflow/example_dags/example_params_ui_tutorial.py
[2023-12-03T18:25:28.257+0000] {processor.py:839} INFO - DAG(s) dict_keys(['example_params_ui_tutorial']) retrieved from /home/airflow/.local/lib/python3.8/site-packages/airflow/example_dags/example_params_ui_tutorial.py
[2023-12-03T18:25:28.346+0000] {logging_mixin.py:154} INFO - [2023-12-03T18:25:28.346+0000] {dag.py:2941} INFO - Sync 1 DAGs
[2023-12-03T18:25:28.366+0000] {logging_mixin.py:154} INFO - [2023-12-03T18:25:28.366+0000] {dag.py:3722} INFO - Setting next_dagrun for example_params_ui_tutorial to None, run_after=None
[2023-12-03T18:25:28.399+0000] {processor.py:179} INFO - Processing /home/airflow/.local/lib/python3.8/site-packages/airflow/example_dags/example_params_ui_tutorial.py took 0.201 seconds
[2023-12-03T18:25:58.839+0000] {processor.py:157} INFO - Started process (PID=259) to work on /home/airflow/.local/lib/python3.8/site-packages/airflow/example_dags/example_params_ui_tutorial.py
[2023-12-03T18:25:58.842+0000] {processor.py:829} INFO - Processing file /home/airflow/.local/lib/python3.8/site-packages/airflow/example_dags/example_params_ui_tutorial.py for tasks to queue
[2023-12-03T18:25:58.846+0000] {logging_mixin.py:154} INFO - [2023-12-03T18:25:58.846+0000] {dagbag.py:536} INFO - Filling up the DagBag from /home/airflow/.local/lib/python3.8/site-packages/airflow/example_dags/example_params_ui_tutorial.py
[2023-12-03T18:25:58.907+0000] {processor.py:839} INFO - DAG(s) dict_keys(['example_params_ui_tutorial']) retrieved from /home/airflow/.local/lib/python3.8/site-packages/airflow/example_dags/example_params_ui_tutorial.py
[2023-12-03T18:25:58.996+0000] {logging_mixin.py:154} INFO - [2023-12-03T18:25:58.996+0000] {dag.py:2941} INFO - Sync 1 DAGs
[2023-12-03T18:25:59.018+0000] {logging_mixin.py:154} INFO - [2023-12-03T18:25:59.018+0000] {dag.py:3722} INFO - Setting next_dagrun for example_params_ui_tutorial to None, run_after=None
[2023-12-03T18:25:59.052+0000] {processor.py:179} INFO - Processing /home/airflow/.local/lib/python3.8/site-packages/airflow/example_dags/example_params_ui_tutorial.py took 0.223 seconds
[2023-12-03T18:26:29.116+0000] {processor.py:157} INFO - Started process (PID=313) to work on /home/airflow/.local/lib/python3.8/site-packages/airflow/example_dags/example_params_ui_tutorial.py
[2023-12-03T18:26:29.118+0000] {processor.py:829} INFO - Processing file /home/airflow/.local/lib/python3.8/site-packages/airflow/example_dags/example_params_ui_tutorial.py for tasks to queue
[2023-12-03T18:26:29.124+0000] {logging_mixin.py:154} INFO - [2023-12-03T18:26:29.123+0000] {dagbag.py:536} INFO - Filling up the DagBag from /home/airflow/.local/lib/python3.8/site-packages/airflow/example_dags/example_params_ui_tutorial.py
[2023-12-03T18:26:29.187+0000] {processor.py:839} INFO - DAG(s) dict_keys(['example_params_ui_tutorial']) retrieved from /home/airflow/.local/lib/python3.8/site-packages/airflow/example_dags/example_params_ui_tutorial.py
[2023-12-03T18:26:29.262+0000] {logging_mixin.py:154} INFO - [2023-12-03T18:26:29.262+0000] {dag.py:2941} INFO - Sync 1 DAGs
[2023-12-03T18:26:29.281+0000] {logging_mixin.py:154} INFO - [2023-12-03T18:26:29.281+0000] {dag.py:3722} INFO - Setting next_dagrun for example_params_ui_tutorial to None, run_after=None
[2023-12-03T18:26:29.314+0000] {processor.py:179} INFO - Processing /home/airflow/.local/lib/python3.8/site-packages/airflow/example_dags/example_params_ui_tutorial.py took 0.190 seconds
[2023-12-03T18:26:59.640+0000] {processor.py:157} INFO - Started process (PID=367) to work on /home/airflow/.local/lib/python3.8/site-packages/airflow/example_dags/example_params_ui_tutorial.py
[2023-12-03T18:26:59.642+0000] {processor.py:829} INFO - Processing file /home/airflow/.local/lib/python3.8/site-packages/airflow/example_dags/example_params_ui_tutorial.py for tasks to queue
[2023-12-03T18:26:59.648+0000] {logging_mixin.py:154} INFO - [2023-12-03T18:26:59.647+0000] {dagbag.py:536} INFO - Filling up the DagBag from /home/airflow/.local/lib/python3.8/site-packages/airflow/example_dags/example_params_ui_tutorial.py
[2023-12-03T18:26:59.717+0000] {processor.py:839} INFO - DAG(s) dict_keys(['example_params_ui_tutorial']) retrieved from /home/airflow/.local/lib/python3.8/site-packages/airflow/example_dags/example_params_ui_tutorial.py
[2023-12-03T18:26:59.801+0000] {logging_mixin.py:154} INFO - [2023-12-03T18:26:59.800+0000] {dag.py:2941} INFO - Sync 1 DAGs
[2023-12-03T18:26:59.818+0000] {logging_mixin.py:154} INFO - [2023-12-03T18:26:59.817+0000] {dag.py:3722} INFO - Setting next_dagrun for example_params_ui_tutorial to None, run_after=None
[2023-12-03T18:26:59.850+0000] {processor.py:179} INFO - Processing /home/airflow/.local/lib/python3.8/site-packages/airflow/example_dags/example_params_ui_tutorial.py took 0.218 seconds
[2023-12-03T18:27:29.900+0000] {processor.py:157} INFO - Started process (PID=421) to work on /home/airflow/.local/lib/python3.8/site-packages/airflow/example_dags/example_params_ui_tutorial.py
[2023-12-03T18:27:29.902+0000] {processor.py:829} INFO - Processing file /home/airflow/.local/lib/python3.8/site-packages/airflow/example_dags/example_params_ui_tutorial.py for tasks to queue
[2023-12-03T18:27:29.909+0000] {logging_mixin.py:154} INFO - [2023-12-03T18:27:29.908+0000] {dagbag.py:536} INFO - Filling up the DagBag from /home/airflow/.local/lib/python3.8/site-packages/airflow/example_dags/example_params_ui_tutorial.py
[2023-12-03T18:27:29.969+0000] {processor.py:839} INFO - DAG(s) dict_keys(['example_params_ui_tutorial']) retrieved from /home/airflow/.local/lib/python3.8/site-packages/airflow/example_dags/example_params_ui_tutorial.py
[2023-12-03T18:27:30.041+0000] {logging_mixin.py:154} INFO - [2023-12-03T18:27:30.040+0000] {dag.py:2941} INFO - Sync 1 DAGs
[2023-12-03T18:27:30.057+0000] {logging_mixin.py:154} INFO - [2023-12-03T18:27:30.057+0000] {dag.py:3722} INFO - Setting next_dagrun for example_params_ui_tutorial to None, run_after=None
[2023-12-03T18:27:30.095+0000] {processor.py:179} INFO - Processing /home/airflow/.local/lib/python3.8/site-packages/airflow/example_dags/example_params_ui_tutorial.py took 0.203 seconds
[2023-12-03T18:28:00.337+0000] {processor.py:157} INFO - Started process (PID=474) to work on /home/airflow/.local/lib/python3.8/site-packages/airflow/example_dags/example_params_ui_tutorial.py
[2023-12-03T18:28:00.340+0000] {processor.py:829} INFO - Processing file /home/airflow/.local/lib/python3.8/site-packages/airflow/example_dags/example_params_ui_tutorial.py for tasks to queue
[2023-12-03T18:28:00.346+0000] {logging_mixin.py:154} INFO - [2023-12-03T18:28:00.345+0000] {dagbag.py:536} INFO - Filling up the DagBag from /home/airflow/.local/lib/python3.8/site-packages/airflow/example_dags/example_params_ui_tutorial.py
[2023-12-03T18:28:00.412+0000] {processor.py:839} INFO - DAG(s) dict_keys(['example_params_ui_tutorial']) retrieved from /home/airflow/.local/lib/python3.8/site-packages/airflow/example_dags/example_params_ui_tutorial.py
[2023-12-03T18:28:00.488+0000] {logging_mixin.py:154} INFO - [2023-12-03T18:28:00.487+0000] {dag.py:2941} INFO - Sync 1 DAGs
[2023-12-03T18:28:00.508+0000] {logging_mixin.py:154} INFO - [2023-12-03T18:28:00.507+0000] {dag.py:3722} INFO - Setting next_dagrun for example_params_ui_tutorial to None, run_after=None
[2023-12-03T18:28:00.552+0000] {processor.py:179} INFO - Processing /home/airflow/.local/lib/python3.8/site-packages/airflow/example_dags/example_params_ui_tutorial.py took 0.223 seconds
[2023-12-03T18:28:31.108+0000] {processor.py:157} INFO - Started process (PID=528) to work on /home/airflow/.local/lib/python3.8/site-packages/airflow/example_dags/example_params_ui_tutorial.py
[2023-12-03T18:28:31.109+0000] {processor.py:829} INFO - Processing file /home/airflow/.local/lib/python3.8/site-packages/airflow/example_dags/example_params_ui_tutorial.py for tasks to queue
[2023-12-03T18:28:31.114+0000] {logging_mixin.py:154} INFO - [2023-12-03T18:28:31.114+0000] {dagbag.py:536} INFO - Filling up the DagBag from /home/airflow/.local/lib/python3.8/site-packages/airflow/example_dags/example_params_ui_tutorial.py
[2023-12-03T18:28:31.182+0000] {processor.py:839} INFO - DAG(s) dict_keys(['example_params_ui_tutorial']) retrieved from /home/airflow/.local/lib/python3.8/site-packages/airflow/example_dags/example_params_ui_tutorial.py
[2023-12-03T18:28:31.270+0000] {logging_mixin.py:154} INFO - [2023-12-03T18:28:31.269+0000] {dag.py:2941} INFO - Sync 1 DAGs
[2023-12-03T18:28:31.291+0000] {logging_mixin.py:154} INFO - [2023-12-03T18:28:31.291+0000] {dag.py:3722} INFO - Setting next_dagrun for example_params_ui_tutorial to None, run_after=None
[2023-12-03T18:28:31.325+0000] {processor.py:179} INFO - Processing /home/airflow/.local/lib/python3.8/site-packages/airflow/example_dags/example_params_ui_tutorial.py took 0.221 seconds
[2023-12-03T18:29:47.470+0000] {processor.py:157} INFO - Started process (PID=44) to work on /home/airflow/.local/lib/python3.8/site-packages/airflow/example_dags/example_params_ui_tutorial.py
[2023-12-03T18:29:47.472+0000] {processor.py:829} INFO - Processing file /home/airflow/.local/lib/python3.8/site-packages/airflow/example_dags/example_params_ui_tutorial.py for tasks to queue
[2023-12-03T18:29:47.477+0000] {logging_mixin.py:154} INFO - [2023-12-03T18:29:47.476+0000] {dagbag.py:536} INFO - Filling up the DagBag from /home/airflow/.local/lib/python3.8/site-packages/airflow/example_dags/example_params_ui_tutorial.py
[2023-12-03T18:29:47.562+0000] {processor.py:839} INFO - DAG(s) dict_keys(['example_params_ui_tutorial']) retrieved from /home/airflow/.local/lib/python3.8/site-packages/airflow/example_dags/example_params_ui_tutorial.py
[2023-12-03T18:29:47.663+0000] {logging_mixin.py:154} INFO - [2023-12-03T18:29:47.662+0000] {dag.py:2941} INFO - Sync 1 DAGs
[2023-12-03T18:29:47.685+0000] {logging_mixin.py:154} INFO - [2023-12-03T18:29:47.685+0000] {dag.py:3722} INFO - Setting next_dagrun for example_params_ui_tutorial to None, run_after=None
[2023-12-03T18:29:47.752+0000] {processor.py:179} INFO - Processing /home/airflow/.local/lib/python3.8/site-packages/airflow/example_dags/example_params_ui_tutorial.py took 0.286 seconds
[2023-12-03T18:30:18.275+0000] {processor.py:157} INFO - Started process (PID=98) to work on /home/airflow/.local/lib/python3.8/site-packages/airflow/example_dags/example_params_ui_tutorial.py
[2023-12-03T18:30:18.276+0000] {processor.py:829} INFO - Processing file /home/airflow/.local/lib/python3.8/site-packages/airflow/example_dags/example_params_ui_tutorial.py for tasks to queue
[2023-12-03T18:30:18.279+0000] {logging_mixin.py:154} INFO - [2023-12-03T18:30:18.279+0000] {dagbag.py:536} INFO - Filling up the DagBag from /home/airflow/.local/lib/python3.8/site-packages/airflow/example_dags/example_params_ui_tutorial.py
[2023-12-03T18:30:18.325+0000] {processor.py:839} INFO - DAG(s) dict_keys(['example_params_ui_tutorial']) retrieved from /home/airflow/.local/lib/python3.8/site-packages/airflow/example_dags/example_params_ui_tutorial.py
[2023-12-03T18:30:18.397+0000] {logging_mixin.py:154} INFO - [2023-12-03T18:30:18.397+0000] {dag.py:2941} INFO - Sync 1 DAGs
[2023-12-03T18:30:18.413+0000] {logging_mixin.py:154} INFO - [2023-12-03T18:30:18.413+0000] {dag.py:3722} INFO - Setting next_dagrun for example_params_ui_tutorial to None, run_after=None
[2023-12-03T18:30:18.443+0000] {processor.py:179} INFO - Processing /home/airflow/.local/lib/python3.8/site-packages/airflow/example_dags/example_params_ui_tutorial.py took 0.172 seconds
[2023-12-03T18:30:49.086+0000] {processor.py:157} INFO - Started process (PID=153) to work on /home/airflow/.local/lib/python3.8/site-packages/airflow/example_dags/example_params_ui_tutorial.py
[2023-12-03T18:30:49.088+0000] {processor.py:829} INFO - Processing file /home/airflow/.local/lib/python3.8/site-packages/airflow/example_dags/example_params_ui_tutorial.py for tasks to queue
[2023-12-03T18:30:49.096+0000] {logging_mixin.py:154} INFO - [2023-12-03T18:30:49.095+0000] {dagbag.py:536} INFO - Filling up the DagBag from /home/airflow/.local/lib/python3.8/site-packages/airflow/example_dags/example_params_ui_tutorial.py
[2023-12-03T18:30:49.150+0000] {processor.py:839} INFO - DAG(s) dict_keys(['example_params_ui_tutorial']) retrieved from /home/airflow/.local/lib/python3.8/site-packages/airflow/example_dags/example_params_ui_tutorial.py
[2023-12-03T18:30:49.225+0000] {logging_mixin.py:154} INFO - [2023-12-03T18:30:49.225+0000] {dag.py:2941} INFO - Sync 1 DAGs
[2023-12-03T18:30:49.243+0000] {logging_mixin.py:154} INFO - [2023-12-03T18:30:49.243+0000] {dag.py:3722} INFO - Setting next_dagrun for example_params_ui_tutorial to None, run_after=None
[2023-12-03T18:30:49.271+0000] {processor.py:179} INFO - Processing /home/airflow/.local/lib/python3.8/site-packages/airflow/example_dags/example_params_ui_tutorial.py took 0.195 seconds
[2023-12-03T18:31:19.429+0000] {processor.py:157} INFO - Started process (PID=212) to work on /home/airflow/.local/lib/python3.8/site-packages/airflow/example_dags/example_params_ui_tutorial.py
[2023-12-03T18:31:19.430+0000] {processor.py:829} INFO - Processing file /home/airflow/.local/lib/python3.8/site-packages/airflow/example_dags/example_params_ui_tutorial.py for tasks to queue
[2023-12-03T18:31:19.434+0000] {logging_mixin.py:154} INFO - [2023-12-03T18:31:19.433+0000] {dagbag.py:536} INFO - Filling up the DagBag from /home/airflow/.local/lib/python3.8/site-packages/airflow/example_dags/example_params_ui_tutorial.py
[2023-12-03T18:31:19.492+0000] {processor.py:839} INFO - DAG(s) dict_keys(['example_params_ui_tutorial']) retrieved from /home/airflow/.local/lib/python3.8/site-packages/airflow/example_dags/example_params_ui_tutorial.py
[2023-12-03T18:31:19.582+0000] {logging_mixin.py:154} INFO - [2023-12-03T18:31:19.582+0000] {dag.py:2941} INFO - Sync 1 DAGs
[2023-12-03T18:31:19.602+0000] {logging_mixin.py:154} INFO - [2023-12-03T18:31:19.601+0000] {dag.py:3722} INFO - Setting next_dagrun for example_params_ui_tutorial to None, run_after=None
[2023-12-03T18:31:19.647+0000] {processor.py:179} INFO - Processing /home/airflow/.local/lib/python3.8/site-packages/airflow/example_dags/example_params_ui_tutorial.py took 0.224 seconds
[2023-12-03T18:31:49.927+0000] {processor.py:157} INFO - Started process (PID=271) to work on /home/airflow/.local/lib/python3.8/site-packages/airflow/example_dags/example_params_ui_tutorial.py
[2023-12-03T18:31:49.930+0000] {processor.py:829} INFO - Processing file /home/airflow/.local/lib/python3.8/site-packages/airflow/example_dags/example_params_ui_tutorial.py for tasks to queue
[2023-12-03T18:31:49.938+0000] {logging_mixin.py:154} INFO - [2023-12-03T18:31:49.936+0000] {dagbag.py:536} INFO - Filling up the DagBag from /home/airflow/.local/lib/python3.8/site-packages/airflow/example_dags/example_params_ui_tutorial.py
[2023-12-03T18:31:50.007+0000] {processor.py:839} INFO - DAG(s) dict_keys(['example_params_ui_tutorial']) retrieved from /home/airflow/.local/lib/python3.8/site-packages/airflow/example_dags/example_params_ui_tutorial.py
[2023-12-03T18:31:50.089+0000] {logging_mixin.py:154} INFO - [2023-12-03T18:31:50.088+0000] {dag.py:2941} INFO - Sync 1 DAGs
[2023-12-03T18:31:50.112+0000] {logging_mixin.py:154} INFO - [2023-12-03T18:31:50.112+0000] {dag.py:3722} INFO - Setting next_dagrun for example_params_ui_tutorial to None, run_after=None
[2023-12-03T18:31:50.152+0000] {processor.py:179} INFO - Processing /home/airflow/.local/lib/python3.8/site-packages/airflow/example_dags/example_params_ui_tutorial.py took 0.237 seconds
[2023-12-03T18:32:20.700+0000] {processor.py:157} INFO - Started process (PID=326) to work on /home/airflow/.local/lib/python3.8/site-packages/airflow/example_dags/example_params_ui_tutorial.py
[2023-12-03T18:32:20.703+0000] {processor.py:829} INFO - Processing file /home/airflow/.local/lib/python3.8/site-packages/airflow/example_dags/example_params_ui_tutorial.py for tasks to queue
[2023-12-03T18:32:20.707+0000] {logging_mixin.py:154} INFO - [2023-12-03T18:32:20.707+0000] {dagbag.py:536} INFO - Filling up the DagBag from /home/airflow/.local/lib/python3.8/site-packages/airflow/example_dags/example_params_ui_tutorial.py
[2023-12-03T18:32:20.772+0000] {processor.py:839} INFO - DAG(s) dict_keys(['example_params_ui_tutorial']) retrieved from /home/airflow/.local/lib/python3.8/site-packages/airflow/example_dags/example_params_ui_tutorial.py
[2023-12-03T18:32:20.858+0000] {logging_mixin.py:154} INFO - [2023-12-03T18:32:20.858+0000] {dag.py:2941} INFO - Sync 1 DAGs
[2023-12-03T18:32:20.880+0000] {logging_mixin.py:154} INFO - [2023-12-03T18:32:20.880+0000] {dag.py:3722} INFO - Setting next_dagrun for example_params_ui_tutorial to None, run_after=None
[2023-12-03T18:32:21.077+0000] {processor.py:179} INFO - Processing /home/airflow/.local/lib/python3.8/site-packages/airflow/example_dags/example_params_ui_tutorial.py took 0.383 seconds
[2023-12-03T18:32:51.236+0000] {processor.py:157} INFO - Started process (PID=382) to work on /home/airflow/.local/lib/python3.8/site-packages/airflow/example_dags/example_params_ui_tutorial.py
[2023-12-03T18:32:51.238+0000] {processor.py:829} INFO - Processing file /home/airflow/.local/lib/python3.8/site-packages/airflow/example_dags/example_params_ui_tutorial.py for tasks to queue
[2023-12-03T18:32:51.245+0000] {logging_mixin.py:154} INFO - [2023-12-03T18:32:51.245+0000] {dagbag.py:536} INFO - Filling up the DagBag from /home/airflow/.local/lib/python3.8/site-packages/airflow/example_dags/example_params_ui_tutorial.py
[2023-12-03T18:32:51.317+0000] {processor.py:839} INFO - DAG(s) dict_keys(['example_params_ui_tutorial']) retrieved from /home/airflow/.local/lib/python3.8/site-packages/airflow/example_dags/example_params_ui_tutorial.py
[2023-12-03T18:32:51.389+0000] {logging_mixin.py:154} INFO - [2023-12-03T18:32:51.388+0000] {dag.py:2941} INFO - Sync 1 DAGs
[2023-12-03T18:32:51.407+0000] {logging_mixin.py:154} INFO - [2023-12-03T18:32:51.407+0000] {dag.py:3722} INFO - Setting next_dagrun for example_params_ui_tutorial to None, run_after=None
[2023-12-03T18:32:51.439+0000] {processor.py:179} INFO - Processing /home/airflow/.local/lib/python3.8/site-packages/airflow/example_dags/example_params_ui_tutorial.py took 0.211 seconds
[2023-12-03T18:33:22.107+0000] {processor.py:157} INFO - Started process (PID=436) to work on /home/airflow/.local/lib/python3.8/site-packages/airflow/example_dags/example_params_ui_tutorial.py
[2023-12-03T18:33:22.109+0000] {processor.py:829} INFO - Processing file /home/airflow/.local/lib/python3.8/site-packages/airflow/example_dags/example_params_ui_tutorial.py for tasks to queue
[2023-12-03T18:33:22.114+0000] {logging_mixin.py:154} INFO - [2023-12-03T18:33:22.113+0000] {dagbag.py:536} INFO - Filling up the DagBag from /home/airflow/.local/lib/python3.8/site-packages/airflow/example_dags/example_params_ui_tutorial.py
[2023-12-03T18:33:22.164+0000] {processor.py:839} INFO - DAG(s) dict_keys(['example_params_ui_tutorial']) retrieved from /home/airflow/.local/lib/python3.8/site-packages/airflow/example_dags/example_params_ui_tutorial.py
[2023-12-03T18:33:22.255+0000] {logging_mixin.py:154} INFO - [2023-12-03T18:33:22.255+0000] {dag.py:2941} INFO - Sync 1 DAGs
[2023-12-03T18:33:22.423+0000] {logging_mixin.py:154} INFO - [2023-12-03T18:33:22.423+0000] {dag.py:3722} INFO - Setting next_dagrun for example_params_ui_tutorial to None, run_after=None
[2023-12-03T18:33:22.461+0000] {processor.py:179} INFO - Processing /home/airflow/.local/lib/python3.8/site-packages/airflow/example_dags/example_params_ui_tutorial.py took 0.364 seconds
[2023-12-03T18:33:52.904+0000] {processor.py:157} INFO - Started process (PID=491) to work on /home/airflow/.local/lib/python3.8/site-packages/airflow/example_dags/example_params_ui_tutorial.py
[2023-12-03T18:33:52.905+0000] {processor.py:829} INFO - Processing file /home/airflow/.local/lib/python3.8/site-packages/airflow/example_dags/example_params_ui_tutorial.py for tasks to queue
[2023-12-03T18:33:52.910+0000] {logging_mixin.py:154} INFO - [2023-12-03T18:33:52.910+0000] {dagbag.py:536} INFO - Filling up the DagBag from /home/airflow/.local/lib/python3.8/site-packages/airflow/example_dags/example_params_ui_tutorial.py
[2023-12-03T18:33:52.964+0000] {processor.py:839} INFO - DAG(s) dict_keys(['example_params_ui_tutorial']) retrieved from /home/airflow/.local/lib/python3.8/site-packages/airflow/example_dags/example_params_ui_tutorial.py
[2023-12-03T18:33:53.033+0000] {logging_mixin.py:154} INFO - [2023-12-03T18:33:53.033+0000] {dag.py:2941} INFO - Sync 1 DAGs
[2023-12-03T18:33:53.206+0000] {logging_mixin.py:154} INFO - [2023-12-03T18:33:53.206+0000] {dag.py:3722} INFO - Setting next_dagrun for example_params_ui_tutorial to None, run_after=None
[2023-12-03T18:33:53.252+0000] {processor.py:179} INFO - Processing /home/airflow/.local/lib/python3.8/site-packages/airflow/example_dags/example_params_ui_tutorial.py took 0.352 seconds
[2023-12-03T18:34:23.927+0000] {processor.py:157} INFO - Started process (PID=546) to work on /home/airflow/.local/lib/python3.8/site-packages/airflow/example_dags/example_params_ui_tutorial.py
[2023-12-03T18:34:23.929+0000] {processor.py:829} INFO - Processing file /home/airflow/.local/lib/python3.8/site-packages/airflow/example_dags/example_params_ui_tutorial.py for tasks to queue
[2023-12-03T18:34:23.932+0000] {logging_mixin.py:154} INFO - [2023-12-03T18:34:23.932+0000] {dagbag.py:536} INFO - Filling up the DagBag from /home/airflow/.local/lib/python3.8/site-packages/airflow/example_dags/example_params_ui_tutorial.py
[2023-12-03T18:34:24.024+0000] {processor.py:839} INFO - DAG(s) dict_keys(['example_params_ui_tutorial']) retrieved from /home/airflow/.local/lib/python3.8/site-packages/airflow/example_dags/example_params_ui_tutorial.py
[2023-12-03T18:34:24.152+0000] {logging_mixin.py:154} INFO - [2023-12-03T18:34:24.152+0000] {dag.py:2941} INFO - Sync 1 DAGs
[2023-12-03T18:34:24.352+0000] {logging_mixin.py:154} INFO - [2023-12-03T18:34:24.352+0000] {dag.py:3722} INFO - Setting next_dagrun for example_params_ui_tutorial to None, run_after=None
[2023-12-03T18:34:24.379+0000] {processor.py:179} INFO - Processing /home/airflow/.local/lib/python3.8/site-packages/airflow/example_dags/example_params_ui_tutorial.py took 0.457 seconds
[2023-12-03T18:34:54.469+0000] {processor.py:157} INFO - Started process (PID=601) to work on /home/airflow/.local/lib/python3.8/site-packages/airflow/example_dags/example_params_ui_tutorial.py
[2023-12-03T18:34:54.471+0000] {processor.py:829} INFO - Processing file /home/airflow/.local/lib/python3.8/site-packages/airflow/example_dags/example_params_ui_tutorial.py for tasks to queue
[2023-12-03T18:34:54.476+0000] {logging_mixin.py:154} INFO - [2023-12-03T18:34:54.475+0000] {dagbag.py:536} INFO - Filling up the DagBag from /home/airflow/.local/lib/python3.8/site-packages/airflow/example_dags/example_params_ui_tutorial.py
[2023-12-03T18:34:54.543+0000] {processor.py:839} INFO - DAG(s) dict_keys(['example_params_ui_tutorial']) retrieved from /home/airflow/.local/lib/python3.8/site-packages/airflow/example_dags/example_params_ui_tutorial.py
[2023-12-03T18:34:54.646+0000] {logging_mixin.py:154} INFO - [2023-12-03T18:34:54.645+0000] {dag.py:2941} INFO - Sync 1 DAGs
[2023-12-03T18:34:54.873+0000] {logging_mixin.py:154} INFO - [2023-12-03T18:34:54.873+0000] {dag.py:3722} INFO - Setting next_dagrun for example_params_ui_tutorial to None, run_after=None
[2023-12-03T18:34:54.933+0000] {processor.py:179} INFO - Processing /home/airflow/.local/lib/python3.8/site-packages/airflow/example_dags/example_params_ui_tutorial.py took 0.469 seconds
[2023-12-03T18:35:25.701+0000] {processor.py:157} INFO - Started process (PID=656) to work on /home/airflow/.local/lib/python3.8/site-packages/airflow/example_dags/example_params_ui_tutorial.py
[2023-12-03T18:35:25.703+0000] {processor.py:829} INFO - Processing file /home/airflow/.local/lib/python3.8/site-packages/airflow/example_dags/example_params_ui_tutorial.py for tasks to queue
[2023-12-03T18:35:25.710+0000] {logging_mixin.py:154} INFO - [2023-12-03T18:35:25.709+0000] {dagbag.py:536} INFO - Filling up the DagBag from /home/airflow/.local/lib/python3.8/site-packages/airflow/example_dags/example_params_ui_tutorial.py
[2023-12-03T18:35:25.759+0000] {processor.py:839} INFO - DAG(s) dict_keys(['example_params_ui_tutorial']) retrieved from /home/airflow/.local/lib/python3.8/site-packages/airflow/example_dags/example_params_ui_tutorial.py
[2023-12-03T18:35:25.843+0000] {logging_mixin.py:154} INFO - [2023-12-03T18:35:25.842+0000] {dag.py:2941} INFO - Sync 1 DAGs
[2023-12-03T18:35:26.068+0000] {logging_mixin.py:154} INFO - [2023-12-03T18:35:26.067+0000] {dag.py:3722} INFO - Setting next_dagrun for example_params_ui_tutorial to None, run_after=None
[2023-12-03T18:35:26.132+0000] {processor.py:179} INFO - Processing /home/airflow/.local/lib/python3.8/site-packages/airflow/example_dags/example_params_ui_tutorial.py took 0.442 seconds
[2023-12-03T18:35:56.244+0000] {processor.py:157} INFO - Started process (PID=716) to work on /home/airflow/.local/lib/python3.8/site-packages/airflow/example_dags/example_params_ui_tutorial.py
[2023-12-03T18:35:56.245+0000] {processor.py:829} INFO - Processing file /home/airflow/.local/lib/python3.8/site-packages/airflow/example_dags/example_params_ui_tutorial.py for tasks to queue
[2023-12-03T18:35:56.250+0000] {logging_mixin.py:154} INFO - [2023-12-03T18:35:56.249+0000] {dagbag.py:536} INFO - Filling up the DagBag from /home/airflow/.local/lib/python3.8/site-packages/airflow/example_dags/example_params_ui_tutorial.py
[2023-12-03T18:35:56.323+0000] {processor.py:839} INFO - DAG(s) dict_keys(['example_params_ui_tutorial']) retrieved from /home/airflow/.local/lib/python3.8/site-packages/airflow/example_dags/example_params_ui_tutorial.py
[2023-12-03T18:35:56.427+0000] {logging_mixin.py:154} INFO - [2023-12-03T18:35:56.427+0000] {dag.py:2941} INFO - Sync 1 DAGs
[2023-12-03T18:35:56.450+0000] {logging_mixin.py:154} INFO - [2023-12-03T18:35:56.450+0000] {dag.py:3722} INFO - Setting next_dagrun for example_params_ui_tutorial to None, run_after=None
[2023-12-03T18:35:56.487+0000] {processor.py:179} INFO - Processing /home/airflow/.local/lib/python3.8/site-packages/airflow/example_dags/example_params_ui_tutorial.py took 0.248 seconds
[2023-12-03T18:36:27.268+0000] {processor.py:157} INFO - Started process (PID=773) to work on /home/airflow/.local/lib/python3.8/site-packages/airflow/example_dags/example_params_ui_tutorial.py
[2023-12-03T18:36:27.271+0000] {processor.py:829} INFO - Processing file /home/airflow/.local/lib/python3.8/site-packages/airflow/example_dags/example_params_ui_tutorial.py for tasks to queue
[2023-12-03T18:36:27.277+0000] {logging_mixin.py:154} INFO - [2023-12-03T18:36:27.277+0000] {dagbag.py:536} INFO - Filling up the DagBag from /home/airflow/.local/lib/python3.8/site-packages/airflow/example_dags/example_params_ui_tutorial.py
[2023-12-03T18:36:27.346+0000] {processor.py:839} INFO - DAG(s) dict_keys(['example_params_ui_tutorial']) retrieved from /home/airflow/.local/lib/python3.8/site-packages/airflow/example_dags/example_params_ui_tutorial.py
[2023-12-03T18:36:27.426+0000] {logging_mixin.py:154} INFO - [2023-12-03T18:36:27.426+0000] {dag.py:2941} INFO - Sync 1 DAGs
[2023-12-03T18:36:27.447+0000] {logging_mixin.py:154} INFO - [2023-12-03T18:36:27.447+0000] {dag.py:3722} INFO - Setting next_dagrun for example_params_ui_tutorial to None, run_after=None
[2023-12-03T18:36:27.485+0000] {processor.py:179} INFO - Processing /home/airflow/.local/lib/python3.8/site-packages/airflow/example_dags/example_params_ui_tutorial.py took 0.228 seconds
[2023-12-03T18:36:58.250+0000] {processor.py:157} INFO - Started process (PID=828) to work on /home/airflow/.local/lib/python3.8/site-packages/airflow/example_dags/example_params_ui_tutorial.py
[2023-12-03T18:36:58.252+0000] {processor.py:829} INFO - Processing file /home/airflow/.local/lib/python3.8/site-packages/airflow/example_dags/example_params_ui_tutorial.py for tasks to queue
[2023-12-03T18:36:58.257+0000] {logging_mixin.py:154} INFO - [2023-12-03T18:36:58.256+0000] {dagbag.py:536} INFO - Filling up the DagBag from /home/airflow/.local/lib/python3.8/site-packages/airflow/example_dags/example_params_ui_tutorial.py
[2023-12-03T18:36:58.323+0000] {processor.py:839} INFO - DAG(s) dict_keys(['example_params_ui_tutorial']) retrieved from /home/airflow/.local/lib/python3.8/site-packages/airflow/example_dags/example_params_ui_tutorial.py
[2023-12-03T18:36:58.432+0000] {logging_mixin.py:154} INFO - [2023-12-03T18:36:58.431+0000] {dag.py:2941} INFO - Sync 1 DAGs
[2023-12-03T18:36:58.459+0000] {logging_mixin.py:154} INFO - [2023-12-03T18:36:58.459+0000] {dag.py:3722} INFO - Setting next_dagrun for example_params_ui_tutorial to None, run_after=None
[2023-12-03T18:36:58.499+0000] {processor.py:179} INFO - Processing /home/airflow/.local/lib/python3.8/site-packages/airflow/example_dags/example_params_ui_tutorial.py took 0.253 seconds
[2023-12-03T18:37:28.671+0000] {processor.py:157} INFO - Started process (PID=883) to work on /home/airflow/.local/lib/python3.8/site-packages/airflow/example_dags/example_params_ui_tutorial.py
[2023-12-03T18:37:28.672+0000] {processor.py:829} INFO - Processing file /home/airflow/.local/lib/python3.8/site-packages/airflow/example_dags/example_params_ui_tutorial.py for tasks to queue
[2023-12-03T18:37:28.676+0000] {logging_mixin.py:154} INFO - [2023-12-03T18:37:28.675+0000] {dagbag.py:536} INFO - Filling up the DagBag from /home/airflow/.local/lib/python3.8/site-packages/airflow/example_dags/example_params_ui_tutorial.py
[2023-12-03T18:37:28.727+0000] {processor.py:839} INFO - DAG(s) dict_keys(['example_params_ui_tutorial']) retrieved from /home/airflow/.local/lib/python3.8/site-packages/airflow/example_dags/example_params_ui_tutorial.py
[2023-12-03T18:37:28.807+0000] {logging_mixin.py:154} INFO - [2023-12-03T18:37:28.806+0000] {dag.py:2941} INFO - Sync 1 DAGs
[2023-12-03T18:37:28.833+0000] {logging_mixin.py:154} INFO - [2023-12-03T18:37:28.832+0000] {dag.py:3722} INFO - Setting next_dagrun for example_params_ui_tutorial to None, run_after=None
[2023-12-03T18:37:28.866+0000] {processor.py:179} INFO - Processing /home/airflow/.local/lib/python3.8/site-packages/airflow/example_dags/example_params_ui_tutorial.py took 0.200 seconds
[2023-12-03T18:37:59.430+0000] {processor.py:157} INFO - Started process (PID=938) to work on /home/airflow/.local/lib/python3.8/site-packages/airflow/example_dags/example_params_ui_tutorial.py
[2023-12-03T18:37:59.432+0000] {processor.py:829} INFO - Processing file /home/airflow/.local/lib/python3.8/site-packages/airflow/example_dags/example_params_ui_tutorial.py for tasks to queue
[2023-12-03T18:37:59.436+0000] {logging_mixin.py:154} INFO - [2023-12-03T18:37:59.435+0000] {dagbag.py:536} INFO - Filling up the DagBag from /home/airflow/.local/lib/python3.8/site-packages/airflow/example_dags/example_params_ui_tutorial.py
[2023-12-03T18:37:59.487+0000] {processor.py:839} INFO - DAG(s) dict_keys(['example_params_ui_tutorial']) retrieved from /home/airflow/.local/lib/python3.8/site-packages/airflow/example_dags/example_params_ui_tutorial.py
[2023-12-03T18:37:59.565+0000] {logging_mixin.py:154} INFO - [2023-12-03T18:37:59.565+0000] {dag.py:2941} INFO - Sync 1 DAGs
[2023-12-03T18:37:59.582+0000] {logging_mixin.py:154} INFO - [2023-12-03T18:37:59.582+0000] {dag.py:3722} INFO - Setting next_dagrun for example_params_ui_tutorial to None, run_after=None
[2023-12-03T18:37:59.612+0000] {processor.py:179} INFO - Processing /home/airflow/.local/lib/python3.8/site-packages/airflow/example_dags/example_params_ui_tutorial.py took 0.188 seconds
[2023-12-03T18:38:29.902+0000] {processor.py:157} INFO - Started process (PID=993) to work on /home/airflow/.local/lib/python3.8/site-packages/airflow/example_dags/example_params_ui_tutorial.py
[2023-12-03T18:38:29.903+0000] {processor.py:829} INFO - Processing file /home/airflow/.local/lib/python3.8/site-packages/airflow/example_dags/example_params_ui_tutorial.py for tasks to queue
[2023-12-03T18:38:29.907+0000] {logging_mixin.py:154} INFO - [2023-12-03T18:38:29.907+0000] {dagbag.py:536} INFO - Filling up the DagBag from /home/airflow/.local/lib/python3.8/site-packages/airflow/example_dags/example_params_ui_tutorial.py
[2023-12-03T18:38:29.962+0000] {processor.py:839} INFO - DAG(s) dict_keys(['example_params_ui_tutorial']) retrieved from /home/airflow/.local/lib/python3.8/site-packages/airflow/example_dags/example_params_ui_tutorial.py
[2023-12-03T18:38:30.060+0000] {logging_mixin.py:154} INFO - [2023-12-03T18:38:30.060+0000] {dag.py:2941} INFO - Sync 1 DAGs
[2023-12-03T18:38:30.082+0000] {logging_mixin.py:154} INFO - [2023-12-03T18:38:30.082+0000] {dag.py:3722} INFO - Setting next_dagrun for example_params_ui_tutorial to None, run_after=None
[2023-12-03T18:38:30.123+0000] {processor.py:179} INFO - Processing /home/airflow/.local/lib/python3.8/site-packages/airflow/example_dags/example_params_ui_tutorial.py took 0.226 seconds
[2023-12-03T18:39:00.604+0000] {processor.py:157} INFO - Started process (PID=1049) to work on /home/airflow/.local/lib/python3.8/site-packages/airflow/example_dags/example_params_ui_tutorial.py
[2023-12-03T18:39:00.605+0000] {processor.py:829} INFO - Processing file /home/airflow/.local/lib/python3.8/site-packages/airflow/example_dags/example_params_ui_tutorial.py for tasks to queue
[2023-12-03T18:39:00.609+0000] {logging_mixin.py:154} INFO - [2023-12-03T18:39:00.609+0000] {dagbag.py:536} INFO - Filling up the DagBag from /home/airflow/.local/lib/python3.8/site-packages/airflow/example_dags/example_params_ui_tutorial.py
[2023-12-03T18:39:00.664+0000] {processor.py:839} INFO - DAG(s) dict_keys(['example_params_ui_tutorial']) retrieved from /home/airflow/.local/lib/python3.8/site-packages/airflow/example_dags/example_params_ui_tutorial.py
[2023-12-03T18:39:00.751+0000] {logging_mixin.py:154} INFO - [2023-12-03T18:39:00.750+0000] {dag.py:2941} INFO - Sync 1 DAGs
[2023-12-03T18:39:00.771+0000] {logging_mixin.py:154} INFO - [2023-12-03T18:39:00.771+0000] {dag.py:3722} INFO - Setting next_dagrun for example_params_ui_tutorial to None, run_after=None
[2023-12-03T18:39:00.805+0000] {processor.py:179} INFO - Processing /home/airflow/.local/lib/python3.8/site-packages/airflow/example_dags/example_params_ui_tutorial.py took 0.205 seconds
[2023-12-03T18:39:31.008+0000] {processor.py:157} INFO - Started process (PID=1104) to work on /home/airflow/.local/lib/python3.8/site-packages/airflow/example_dags/example_params_ui_tutorial.py
[2023-12-03T18:39:31.010+0000] {processor.py:829} INFO - Processing file /home/airflow/.local/lib/python3.8/site-packages/airflow/example_dags/example_params_ui_tutorial.py for tasks to queue
[2023-12-03T18:39:31.017+0000] {logging_mixin.py:154} INFO - [2023-12-03T18:39:31.016+0000] {dagbag.py:536} INFO - Filling up the DagBag from /home/airflow/.local/lib/python3.8/site-packages/airflow/example_dags/example_params_ui_tutorial.py
[2023-12-03T18:39:31.085+0000] {processor.py:839} INFO - DAG(s) dict_keys(['example_params_ui_tutorial']) retrieved from /home/airflow/.local/lib/python3.8/site-packages/airflow/example_dags/example_params_ui_tutorial.py
[2023-12-03T18:39:31.155+0000] {logging_mixin.py:154} INFO - [2023-12-03T18:39:31.155+0000] {dag.py:2941} INFO - Sync 1 DAGs
[2023-12-03T18:39:31.177+0000] {logging_mixin.py:154} INFO - [2023-12-03T18:39:31.177+0000] {dag.py:3722} INFO - Setting next_dagrun for example_params_ui_tutorial to None, run_after=None
[2023-12-03T18:39:31.207+0000] {processor.py:179} INFO - Processing /home/airflow/.local/lib/python3.8/site-packages/airflow/example_dags/example_params_ui_tutorial.py took 0.204 seconds
[2023-12-03T18:40:01.284+0000] {processor.py:157} INFO - Started process (PID=1159) to work on /home/airflow/.local/lib/python3.8/site-packages/airflow/example_dags/example_params_ui_tutorial.py
[2023-12-03T18:40:01.285+0000] {processor.py:829} INFO - Processing file /home/airflow/.local/lib/python3.8/site-packages/airflow/example_dags/example_params_ui_tutorial.py for tasks to queue
[2023-12-03T18:40:01.289+0000] {logging_mixin.py:154} INFO - [2023-12-03T18:40:01.289+0000] {dagbag.py:536} INFO - Filling up the DagBag from /home/airflow/.local/lib/python3.8/site-packages/airflow/example_dags/example_params_ui_tutorial.py
[2023-12-03T18:40:01.342+0000] {processor.py:839} INFO - DAG(s) dict_keys(['example_params_ui_tutorial']) retrieved from /home/airflow/.local/lib/python3.8/site-packages/airflow/example_dags/example_params_ui_tutorial.py
[2023-12-03T18:40:01.429+0000] {logging_mixin.py:154} INFO - [2023-12-03T18:40:01.429+0000] {dag.py:2941} INFO - Sync 1 DAGs
[2023-12-03T18:40:01.452+0000] {logging_mixin.py:154} INFO - [2023-12-03T18:40:01.452+0000] {dag.py:3722} INFO - Setting next_dagrun for example_params_ui_tutorial to None, run_after=None
[2023-12-03T18:40:01.492+0000] {processor.py:179} INFO - Processing /home/airflow/.local/lib/python3.8/site-packages/airflow/example_dags/example_params_ui_tutorial.py took 0.213 seconds
[2023-12-03T18:41:30.961+0000] {processor.py:157} INFO - Started process (PID=44) to work on /home/airflow/.local/lib/python3.8/site-packages/airflow/example_dags/example_params_ui_tutorial.py
[2023-12-03T18:41:30.963+0000] {processor.py:829} INFO - Processing file /home/airflow/.local/lib/python3.8/site-packages/airflow/example_dags/example_params_ui_tutorial.py for tasks to queue
[2023-12-03T18:41:30.967+0000] {logging_mixin.py:154} INFO - [2023-12-03T18:41:30.967+0000] {dagbag.py:536} INFO - Filling up the DagBag from /home/airflow/.local/lib/python3.8/site-packages/airflow/example_dags/example_params_ui_tutorial.py
[2023-12-03T18:41:31.034+0000] {processor.py:839} INFO - DAG(s) dict_keys(['example_params_ui_tutorial']) retrieved from /home/airflow/.local/lib/python3.8/site-packages/airflow/example_dags/example_params_ui_tutorial.py
[2023-12-03T18:41:31.072+0000] {logging_mixin.py:154} INFO - [2023-12-03T18:41:31.072+0000] {dag.py:2941} INFO - Sync 1 DAGs
[2023-12-03T18:41:31.106+0000] {logging_mixin.py:154} INFO - [2023-12-03T18:41:31.105+0000] {dag.py:3722} INFO - Setting next_dagrun for example_params_ui_tutorial to None, run_after=None
[2023-12-03T18:41:31.175+0000] {processor.py:179} INFO - Processing /home/airflow/.local/lib/python3.8/site-packages/airflow/example_dags/example_params_ui_tutorial.py took 0.219 seconds
[2023-12-03T18:41:55.852+0000] {processor.py:157} INFO - Started process (PID=43) to work on /home/airflow/.local/lib/python3.8/site-packages/airflow/example_dags/example_params_ui_tutorial.py
[2023-12-03T18:41:55.854+0000] {processor.py:829} INFO - Processing file /home/airflow/.local/lib/python3.8/site-packages/airflow/example_dags/example_params_ui_tutorial.py for tasks to queue
[2023-12-03T18:41:55.857+0000] {logging_mixin.py:154} INFO - [2023-12-03T18:41:55.857+0000] {dagbag.py:536} INFO - Filling up the DagBag from /home/airflow/.local/lib/python3.8/site-packages/airflow/example_dags/example_params_ui_tutorial.py
[2023-12-03T18:41:55.918+0000] {processor.py:839} INFO - DAG(s) dict_keys(['example_params_ui_tutorial']) retrieved from /home/airflow/.local/lib/python3.8/site-packages/airflow/example_dags/example_params_ui_tutorial.py
[2023-12-03T18:41:56.020+0000] {logging_mixin.py:154} INFO - [2023-12-03T18:41:56.020+0000] {dag.py:2941} INFO - Sync 1 DAGs
[2023-12-03T18:41:56.046+0000] {logging_mixin.py:154} INFO - [2023-12-03T18:41:56.046+0000] {dag.py:3722} INFO - Setting next_dagrun for example_params_ui_tutorial to None, run_after=None
[2023-12-03T18:41:56.084+0000] {processor.py:179} INFO - Processing /home/airflow/.local/lib/python3.8/site-packages/airflow/example_dags/example_params_ui_tutorial.py took 0.237 seconds
[2023-12-03T18:42:26.516+0000] {processor.py:157} INFO - Started process (PID=98) to work on /home/airflow/.local/lib/python3.8/site-packages/airflow/example_dags/example_params_ui_tutorial.py
[2023-12-03T18:42:26.517+0000] {processor.py:829} INFO - Processing file /home/airflow/.local/lib/python3.8/site-packages/airflow/example_dags/example_params_ui_tutorial.py for tasks to queue
[2023-12-03T18:42:26.520+0000] {logging_mixin.py:154} INFO - [2023-12-03T18:42:26.520+0000] {dagbag.py:536} INFO - Filling up the DagBag from /home/airflow/.local/lib/python3.8/site-packages/airflow/example_dags/example_params_ui_tutorial.py
[2023-12-03T18:42:26.583+0000] {processor.py:839} INFO - DAG(s) dict_keys(['example_params_ui_tutorial']) retrieved from /home/airflow/.local/lib/python3.8/site-packages/airflow/example_dags/example_params_ui_tutorial.py
[2023-12-03T18:42:26.686+0000] {logging_mixin.py:154} INFO - [2023-12-03T18:42:26.685+0000] {dag.py:2941} INFO - Sync 1 DAGs
[2023-12-03T18:42:26.705+0000] {logging_mixin.py:154} INFO - [2023-12-03T18:42:26.705+0000] {dag.py:3722} INFO - Setting next_dagrun for example_params_ui_tutorial to None, run_after=None
[2023-12-03T18:42:26.737+0000] {processor.py:179} INFO - Processing /home/airflow/.local/lib/python3.8/site-packages/airflow/example_dags/example_params_ui_tutorial.py took 0.226 seconds
[2023-12-03T18:42:57.382+0000] {processor.py:157} INFO - Started process (PID=154) to work on /home/airflow/.local/lib/python3.8/site-packages/airflow/example_dags/example_params_ui_tutorial.py
[2023-12-03T18:42:57.383+0000] {processor.py:829} INFO - Processing file /home/airflow/.local/lib/python3.8/site-packages/airflow/example_dags/example_params_ui_tutorial.py for tasks to queue
[2023-12-03T18:42:57.387+0000] {logging_mixin.py:154} INFO - [2023-12-03T18:42:57.387+0000] {dagbag.py:536} INFO - Filling up the DagBag from /home/airflow/.local/lib/python3.8/site-packages/airflow/example_dags/example_params_ui_tutorial.py
[2023-12-03T18:42:57.441+0000] {processor.py:839} INFO - DAG(s) dict_keys(['example_params_ui_tutorial']) retrieved from /home/airflow/.local/lib/python3.8/site-packages/airflow/example_dags/example_params_ui_tutorial.py
[2023-12-03T18:42:57.534+0000] {logging_mixin.py:154} INFO - [2023-12-03T18:42:57.533+0000] {dag.py:2941} INFO - Sync 1 DAGs
[2023-12-03T18:42:57.559+0000] {logging_mixin.py:154} INFO - [2023-12-03T18:42:57.559+0000] {dag.py:3722} INFO - Setting next_dagrun for example_params_ui_tutorial to None, run_after=None
[2023-12-03T18:42:57.603+0000] {processor.py:179} INFO - Processing /home/airflow/.local/lib/python3.8/site-packages/airflow/example_dags/example_params_ui_tutorial.py took 0.227 seconds
[2023-12-03T18:43:28.379+0000] {processor.py:157} INFO - Started process (PID=209) to work on /home/airflow/.local/lib/python3.8/site-packages/airflow/example_dags/example_params_ui_tutorial.py
[2023-12-03T18:43:28.381+0000] {processor.py:829} INFO - Processing file /home/airflow/.local/lib/python3.8/site-packages/airflow/example_dags/example_params_ui_tutorial.py for tasks to queue
[2023-12-03T18:43:28.387+0000] {logging_mixin.py:154} INFO - [2023-12-03T18:43:28.386+0000] {dagbag.py:536} INFO - Filling up the DagBag from /home/airflow/.local/lib/python3.8/site-packages/airflow/example_dags/example_params_ui_tutorial.py
[2023-12-03T18:43:28.434+0000] {processor.py:839} INFO - DAG(s) dict_keys(['example_params_ui_tutorial']) retrieved from /home/airflow/.local/lib/python3.8/site-packages/airflow/example_dags/example_params_ui_tutorial.py
[2023-12-03T18:43:28.509+0000] {logging_mixin.py:154} INFO - [2023-12-03T18:43:28.508+0000] {dag.py:2941} INFO - Sync 1 DAGs
[2023-12-03T18:43:28.526+0000] {logging_mixin.py:154} INFO - [2023-12-03T18:43:28.526+0000] {dag.py:3722} INFO - Setting next_dagrun for example_params_ui_tutorial to None, run_after=None
[2023-12-03T18:43:28.563+0000] {processor.py:179} INFO - Processing /home/airflow/.local/lib/python3.8/site-packages/airflow/example_dags/example_params_ui_tutorial.py took 0.188 seconds
[2023-12-03T18:43:59.066+0000] {processor.py:157} INFO - Started process (PID=264) to work on /home/airflow/.local/lib/python3.8/site-packages/airflow/example_dags/example_params_ui_tutorial.py
[2023-12-03T18:43:59.067+0000] {processor.py:829} INFO - Processing file /home/airflow/.local/lib/python3.8/site-packages/airflow/example_dags/example_params_ui_tutorial.py for tasks to queue
[2023-12-03T18:43:59.071+0000] {logging_mixin.py:154} INFO - [2023-12-03T18:43:59.070+0000] {dagbag.py:536} INFO - Filling up the DagBag from /home/airflow/.local/lib/python3.8/site-packages/airflow/example_dags/example_params_ui_tutorial.py
[2023-12-03T18:43:59.118+0000] {processor.py:839} INFO - DAG(s) dict_keys(['example_params_ui_tutorial']) retrieved from /home/airflow/.local/lib/python3.8/site-packages/airflow/example_dags/example_params_ui_tutorial.py
[2023-12-03T18:43:59.203+0000] {logging_mixin.py:154} INFO - [2023-12-03T18:43:59.203+0000] {dag.py:2941} INFO - Sync 1 DAGs
[2023-12-03T18:43:59.226+0000] {logging_mixin.py:154} INFO - [2023-12-03T18:43:59.226+0000] {dag.py:3722} INFO - Setting next_dagrun for example_params_ui_tutorial to None, run_after=None
[2023-12-03T18:43:59.254+0000] {processor.py:179} INFO - Processing /home/airflow/.local/lib/python3.8/site-packages/airflow/example_dags/example_params_ui_tutorial.py took 0.195 seconds
[2023-12-03T18:44:29.973+0000] {processor.py:157} INFO - Started process (PID=319) to work on /home/airflow/.local/lib/python3.8/site-packages/airflow/example_dags/example_params_ui_tutorial.py
[2023-12-03T18:44:29.975+0000] {processor.py:829} INFO - Processing file /home/airflow/.local/lib/python3.8/site-packages/airflow/example_dags/example_params_ui_tutorial.py for tasks to queue
[2023-12-03T18:44:29.980+0000] {logging_mixin.py:154} INFO - [2023-12-03T18:44:29.979+0000] {dagbag.py:536} INFO - Filling up the DagBag from /home/airflow/.local/lib/python3.8/site-packages/airflow/example_dags/example_params_ui_tutorial.py
[2023-12-03T18:44:30.035+0000] {processor.py:839} INFO - DAG(s) dict_keys(['example_params_ui_tutorial']) retrieved from /home/airflow/.local/lib/python3.8/site-packages/airflow/example_dags/example_params_ui_tutorial.py
[2023-12-03T18:44:30.118+0000] {logging_mixin.py:154} INFO - [2023-12-03T18:44:30.118+0000] {dag.py:2941} INFO - Sync 1 DAGs
[2023-12-03T18:44:30.148+0000] {logging_mixin.py:154} INFO - [2023-12-03T18:44:30.148+0000] {dag.py:3722} INFO - Setting next_dagrun for example_params_ui_tutorial to None, run_after=None
[2023-12-03T18:44:30.185+0000] {processor.py:179} INFO - Processing /home/airflow/.local/lib/python3.8/site-packages/airflow/example_dags/example_params_ui_tutorial.py took 0.224 seconds
[2023-12-03T18:48:27.191+0000] {processor.py:157} INFO - Started process (PID=47) to work on /home/airflow/.local/lib/python3.8/site-packages/airflow/example_dags/example_params_ui_tutorial.py
[2023-12-03T18:48:27.193+0000] {processor.py:829} INFO - Processing file /home/airflow/.local/lib/python3.8/site-packages/airflow/example_dags/example_params_ui_tutorial.py for tasks to queue
[2023-12-03T18:48:27.197+0000] {logging_mixin.py:154} INFO - [2023-12-03T18:48:27.196+0000] {dagbag.py:536} INFO - Filling up the DagBag from /home/airflow/.local/lib/python3.8/site-packages/airflow/example_dags/example_params_ui_tutorial.py
[2023-12-03T18:48:27.292+0000] {processor.py:839} INFO - DAG(s) dict_keys(['example_params_ui_tutorial']) retrieved from /home/airflow/.local/lib/python3.8/site-packages/airflow/example_dags/example_params_ui_tutorial.py
[2023-12-03T18:48:27.315+0000] {logging_mixin.py:154} INFO - [2023-12-03T18:48:27.315+0000] {dag.py:2941} INFO - Sync 1 DAGs
[2023-12-03T18:48:27.347+0000] {logging_mixin.py:154} INFO - [2023-12-03T18:48:27.346+0000] {dag.py:3722} INFO - Setting next_dagrun for example_params_ui_tutorial to None, run_after=None
[2023-12-03T18:48:27.384+0000] {processor.py:179} INFO - Processing /home/airflow/.local/lib/python3.8/site-packages/airflow/example_dags/example_params_ui_tutorial.py took 0.201 seconds
[2023-12-03T18:48:57.988+0000] {processor.py:157} INFO - Started process (PID=102) to work on /home/airflow/.local/lib/python3.8/site-packages/airflow/example_dags/example_params_ui_tutorial.py
[2023-12-03T18:48:57.990+0000] {processor.py:829} INFO - Processing file /home/airflow/.local/lib/python3.8/site-packages/airflow/example_dags/example_params_ui_tutorial.py for tasks to queue
[2023-12-03T18:48:57.994+0000] {logging_mixin.py:154} INFO - [2023-12-03T18:48:57.993+0000] {dagbag.py:536} INFO - Filling up the DagBag from /home/airflow/.local/lib/python3.8/site-packages/airflow/example_dags/example_params_ui_tutorial.py
[2023-12-03T18:48:58.042+0000] {processor.py:839} INFO - DAG(s) dict_keys(['example_params_ui_tutorial']) retrieved from /home/airflow/.local/lib/python3.8/site-packages/airflow/example_dags/example_params_ui_tutorial.py
[2023-12-03T18:48:58.123+0000] {logging_mixin.py:154} INFO - [2023-12-03T18:48:58.123+0000] {dag.py:2941} INFO - Sync 1 DAGs
[2023-12-03T18:48:58.143+0000] {logging_mixin.py:154} INFO - [2023-12-03T18:48:58.142+0000] {dag.py:3722} INFO - Setting next_dagrun for example_params_ui_tutorial to None, run_after=None
[2023-12-03T18:48:58.183+0000] {processor.py:179} INFO - Processing /home/airflow/.local/lib/python3.8/site-packages/airflow/example_dags/example_params_ui_tutorial.py took 0.199 seconds
[2023-12-03T18:49:28.441+0000] {processor.py:157} INFO - Started process (PID=157) to work on /home/airflow/.local/lib/python3.8/site-packages/airflow/example_dags/example_params_ui_tutorial.py
[2023-12-03T18:49:28.442+0000] {processor.py:829} INFO - Processing file /home/airflow/.local/lib/python3.8/site-packages/airflow/example_dags/example_params_ui_tutorial.py for tasks to queue
[2023-12-03T18:49:28.445+0000] {logging_mixin.py:154} INFO - [2023-12-03T18:49:28.445+0000] {dagbag.py:536} INFO - Filling up the DagBag from /home/airflow/.local/lib/python3.8/site-packages/airflow/example_dags/example_params_ui_tutorial.py
[2023-12-03T18:49:28.490+0000] {processor.py:839} INFO - DAG(s) dict_keys(['example_params_ui_tutorial']) retrieved from /home/airflow/.local/lib/python3.8/site-packages/airflow/example_dags/example_params_ui_tutorial.py
[2023-12-03T18:49:28.567+0000] {logging_mixin.py:154} INFO - [2023-12-03T18:49:28.566+0000] {dag.py:2941} INFO - Sync 1 DAGs
[2023-12-03T18:49:28.589+0000] {logging_mixin.py:154} INFO - [2023-12-03T18:49:28.589+0000] {dag.py:3722} INFO - Setting next_dagrun for example_params_ui_tutorial to None, run_after=None
[2023-12-03T18:49:28.624+0000] {processor.py:179} INFO - Processing /home/airflow/.local/lib/python3.8/site-packages/airflow/example_dags/example_params_ui_tutorial.py took 0.189 seconds
