[2023-12-03T18:18:45.001+0000] {processor.py:157} INFO - Started process (PID=35) to work on /home/airflow/.local/lib/python3.8/site-packages/airflow/example_dags/example_short_circuit_decorator.py
[2023-12-03T18:18:45.003+0000] {processor.py:829} INFO - Processing file /home/airflow/.local/lib/python3.8/site-packages/airflow/example_dags/example_short_circuit_decorator.py for tasks to queue
[2023-12-03T18:18:45.007+0000] {logging_mixin.py:154} INFO - [2023-12-03T18:18:45.007+0000] {dagbag.py:536} INFO - Filling up the DagBag from /home/airflow/.local/lib/python3.8/site-packages/airflow/example_dags/example_short_circuit_decorator.py
[2023-12-03T18:18:45.041+0000] {processor.py:839} INFO - DAG(s) dict_keys(['example_short_circuit_decorator']) retrieved from /home/airflow/.local/lib/python3.8/site-packages/airflow/example_dags/example_short_circuit_decorator.py
[2023-12-03T18:18:45.135+0000] {logging_mixin.py:154} INFO - [2023-12-03T18:18:45.135+0000] {dag.py:2941} INFO - Sync 1 DAGs
[2023-12-03T18:18:45.167+0000] {logging_mixin.py:154} INFO - [2023-12-03T18:18:45.166+0000] {dag.py:3722} INFO - Setting next_dagrun for example_short_circuit_decorator to 2023-12-02T18:18:45.166636+00:00, run_after=2023-12-03T18:18:45.166636+00:00
[2023-12-03T18:18:45.196+0000] {processor.py:179} INFO - Processing /home/airflow/.local/lib/python3.8/site-packages/airflow/example_dags/example_short_circuit_decorator.py took 0.201 seconds
[2023-12-03T18:19:15.436+0000] {processor.py:157} INFO - Started process (PID=89) to work on /home/airflow/.local/lib/python3.8/site-packages/airflow/example_dags/example_short_circuit_decorator.py
[2023-12-03T18:19:15.439+0000] {processor.py:829} INFO - Processing file /home/airflow/.local/lib/python3.8/site-packages/airflow/example_dags/example_short_circuit_decorator.py for tasks to queue
[2023-12-03T18:19:15.446+0000] {logging_mixin.py:154} INFO - [2023-12-03T18:19:15.445+0000] {dagbag.py:536} INFO - Filling up the DagBag from /home/airflow/.local/lib/python3.8/site-packages/airflow/example_dags/example_short_circuit_decorator.py
[2023-12-03T18:19:15.476+0000] {processor.py:839} INFO - DAG(s) dict_keys(['example_short_circuit_decorator']) retrieved from /home/airflow/.local/lib/python3.8/site-packages/airflow/example_dags/example_short_circuit_decorator.py
[2023-12-03T18:19:15.514+0000] {logging_mixin.py:154} INFO - [2023-12-03T18:19:15.513+0000] {dag.py:2941} INFO - Sync 1 DAGs
[2023-12-03T18:19:15.548+0000] {logging_mixin.py:154} INFO - [2023-12-03T18:19:15.547+0000] {dag.py:3722} INFO - Setting next_dagrun for example_short_circuit_decorator to 2023-12-02T18:19:15.547105+00:00, run_after=2023-12-03T18:19:15.547105+00:00
[2023-12-03T18:19:15.605+0000] {processor.py:179} INFO - Processing /home/airflow/.local/lib/python3.8/site-packages/airflow/example_dags/example_short_circuit_decorator.py took 0.177 seconds
[2023-12-03T18:19:46.289+0000] {processor.py:157} INFO - Started process (PID=143) to work on /home/airflow/.local/lib/python3.8/site-packages/airflow/example_dags/example_short_circuit_decorator.py
[2023-12-03T18:19:46.291+0000] {processor.py:829} INFO - Processing file /home/airflow/.local/lib/python3.8/site-packages/airflow/example_dags/example_short_circuit_decorator.py for tasks to queue
[2023-12-03T18:19:46.298+0000] {logging_mixin.py:154} INFO - [2023-12-03T18:19:46.297+0000] {dagbag.py:536} INFO - Filling up the DagBag from /home/airflow/.local/lib/python3.8/site-packages/airflow/example_dags/example_short_circuit_decorator.py
[2023-12-03T18:19:46.334+0000] {processor.py:839} INFO - DAG(s) dict_keys(['example_short_circuit_decorator']) retrieved from /home/airflow/.local/lib/python3.8/site-packages/airflow/example_dags/example_short_circuit_decorator.py
[2023-12-03T18:19:46.357+0000] {logging_mixin.py:154} INFO - [2023-12-03T18:19:46.357+0000] {dag.py:2941} INFO - Sync 1 DAGs
[2023-12-03T18:19:46.400+0000] {logging_mixin.py:154} INFO - [2023-12-03T18:19:46.400+0000] {dag.py:3722} INFO - Setting next_dagrun for example_short_circuit_decorator to 2023-12-02T18:19:46.399670+00:00, run_after=2023-12-03T18:19:46.399670+00:00
[2023-12-03T18:19:46.456+0000] {processor.py:179} INFO - Processing /home/airflow/.local/lib/python3.8/site-packages/airflow/example_dags/example_short_circuit_decorator.py took 0.176 seconds
[2023-12-03T18:20:16.885+0000] {processor.py:157} INFO - Started process (PID=197) to work on /home/airflow/.local/lib/python3.8/site-packages/airflow/example_dags/example_short_circuit_decorator.py
[2023-12-03T18:20:16.887+0000] {processor.py:829} INFO - Processing file /home/airflow/.local/lib/python3.8/site-packages/airflow/example_dags/example_short_circuit_decorator.py for tasks to queue
[2023-12-03T18:20:16.895+0000] {logging_mixin.py:154} INFO - [2023-12-03T18:20:16.894+0000] {dagbag.py:536} INFO - Filling up the DagBag from /home/airflow/.local/lib/python3.8/site-packages/airflow/example_dags/example_short_circuit_decorator.py
[2023-12-03T18:20:16.931+0000] {processor.py:839} INFO - DAG(s) dict_keys(['example_short_circuit_decorator']) retrieved from /home/airflow/.local/lib/python3.8/site-packages/airflow/example_dags/example_short_circuit_decorator.py
[2023-12-03T18:20:16.996+0000] {logging_mixin.py:154} INFO - [2023-12-03T18:20:16.995+0000] {dag.py:2941} INFO - Sync 1 DAGs
[2023-12-03T18:20:17.047+0000] {logging_mixin.py:154} INFO - [2023-12-03T18:20:17.047+0000] {dag.py:3722} INFO - Setting next_dagrun for example_short_circuit_decorator to 2023-12-02T18:20:17.046740+00:00, run_after=2023-12-03T18:20:17.046740+00:00
[2023-12-03T18:20:17.086+0000] {processor.py:179} INFO - Processing /home/airflow/.local/lib/python3.8/site-packages/airflow/example_dags/example_short_circuit_decorator.py took 0.210 seconds
[2023-12-03T18:20:47.266+0000] {processor.py:157} INFO - Started process (PID=251) to work on /home/airflow/.local/lib/python3.8/site-packages/airflow/example_dags/example_short_circuit_decorator.py
[2023-12-03T18:20:47.268+0000] {processor.py:829} INFO - Processing file /home/airflow/.local/lib/python3.8/site-packages/airflow/example_dags/example_short_circuit_decorator.py for tasks to queue
[2023-12-03T18:20:47.279+0000] {logging_mixin.py:154} INFO - [2023-12-03T18:20:47.277+0000] {dagbag.py:536} INFO - Filling up the DagBag from /home/airflow/.local/lib/python3.8/site-packages/airflow/example_dags/example_short_circuit_decorator.py
[2023-12-03T18:20:47.311+0000] {processor.py:839} INFO - DAG(s) dict_keys(['example_short_circuit_decorator']) retrieved from /home/airflow/.local/lib/python3.8/site-packages/airflow/example_dags/example_short_circuit_decorator.py
[2023-12-03T18:20:47.368+0000] {logging_mixin.py:154} INFO - [2023-12-03T18:20:47.367+0000] {dag.py:2941} INFO - Sync 1 DAGs
[2023-12-03T18:20:47.418+0000] {logging_mixin.py:154} INFO - [2023-12-03T18:20:47.418+0000] {dag.py:3722} INFO - Setting next_dagrun for example_short_circuit_decorator to 2023-12-02T18:20:47.417442+00:00, run_after=2023-12-03T18:20:47.417442+00:00
[2023-12-03T18:20:47.458+0000] {processor.py:179} INFO - Processing /home/airflow/.local/lib/python3.8/site-packages/airflow/example_dags/example_short_circuit_decorator.py took 0.200 seconds
[2023-12-03T18:21:17.961+0000] {processor.py:157} INFO - Started process (PID=305) to work on /home/airflow/.local/lib/python3.8/site-packages/airflow/example_dags/example_short_circuit_decorator.py
[2023-12-03T18:21:17.964+0000] {processor.py:829} INFO - Processing file /home/airflow/.local/lib/python3.8/site-packages/airflow/example_dags/example_short_circuit_decorator.py for tasks to queue
[2023-12-03T18:21:17.972+0000] {logging_mixin.py:154} INFO - [2023-12-03T18:21:17.971+0000] {dagbag.py:536} INFO - Filling up the DagBag from /home/airflow/.local/lib/python3.8/site-packages/airflow/example_dags/example_short_circuit_decorator.py
[2023-12-03T18:21:18.001+0000] {processor.py:839} INFO - DAG(s) dict_keys(['example_short_circuit_decorator']) retrieved from /home/airflow/.local/lib/python3.8/site-packages/airflow/example_dags/example_short_circuit_decorator.py
[2023-12-03T18:21:18.033+0000] {logging_mixin.py:154} INFO - [2023-12-03T18:21:18.032+0000] {dag.py:2941} INFO - Sync 1 DAGs
[2023-12-03T18:21:18.074+0000] {logging_mixin.py:154} INFO - [2023-12-03T18:21:18.073+0000] {dag.py:3722} INFO - Setting next_dagrun for example_short_circuit_decorator to 2023-12-02T18:21:18.073612+00:00, run_after=2023-12-03T18:21:18.073612+00:00
[2023-12-03T18:21:18.120+0000] {processor.py:179} INFO - Processing /home/airflow/.local/lib/python3.8/site-packages/airflow/example_dags/example_short_circuit_decorator.py took 0.167 seconds
[2023-12-03T18:21:48.281+0000] {processor.py:157} INFO - Started process (PID=359) to work on /home/airflow/.local/lib/python3.8/site-packages/airflow/example_dags/example_short_circuit_decorator.py
[2023-12-03T18:21:48.284+0000] {processor.py:829} INFO - Processing file /home/airflow/.local/lib/python3.8/site-packages/airflow/example_dags/example_short_circuit_decorator.py for tasks to queue
[2023-12-03T18:21:48.292+0000] {logging_mixin.py:154} INFO - [2023-12-03T18:21:48.291+0000] {dagbag.py:536} INFO - Filling up the DagBag from /home/airflow/.local/lib/python3.8/site-packages/airflow/example_dags/example_short_circuit_decorator.py
[2023-12-03T18:21:48.330+0000] {processor.py:839} INFO - DAG(s) dict_keys(['example_short_circuit_decorator']) retrieved from /home/airflow/.local/lib/python3.8/site-packages/airflow/example_dags/example_short_circuit_decorator.py
[2023-12-03T18:21:48.388+0000] {logging_mixin.py:154} INFO - [2023-12-03T18:21:48.388+0000] {dag.py:2941} INFO - Sync 1 DAGs
[2023-12-03T18:21:48.437+0000] {logging_mixin.py:154} INFO - [2023-12-03T18:21:48.436+0000] {dag.py:3722} INFO - Setting next_dagrun for example_short_circuit_decorator to 2023-12-02T18:21:48.436385+00:00, run_after=2023-12-03T18:21:48.436385+00:00
[2023-12-03T18:21:48.474+0000] {processor.py:179} INFO - Processing /home/airflow/.local/lib/python3.8/site-packages/airflow/example_dags/example_short_circuit_decorator.py took 0.202 seconds
[2023-12-03T18:22:18.569+0000] {processor.py:157} INFO - Started process (PID=413) to work on /home/airflow/.local/lib/python3.8/site-packages/airflow/example_dags/example_short_circuit_decorator.py
[2023-12-03T18:22:18.570+0000] {processor.py:829} INFO - Processing file /home/airflow/.local/lib/python3.8/site-packages/airflow/example_dags/example_short_circuit_decorator.py for tasks to queue
[2023-12-03T18:22:18.575+0000] {logging_mixin.py:154} INFO - [2023-12-03T18:22:18.574+0000] {dagbag.py:536} INFO - Filling up the DagBag from /home/airflow/.local/lib/python3.8/site-packages/airflow/example_dags/example_short_circuit_decorator.py
[2023-12-03T18:22:18.592+0000] {processor.py:839} INFO - DAG(s) dict_keys(['example_short_circuit_decorator']) retrieved from /home/airflow/.local/lib/python3.8/site-packages/airflow/example_dags/example_short_circuit_decorator.py
[2023-12-03T18:22:18.635+0000] {logging_mixin.py:154} INFO - [2023-12-03T18:22:18.635+0000] {dag.py:2941} INFO - Sync 1 DAGs
[2023-12-03T18:22:18.678+0000] {logging_mixin.py:154} INFO - [2023-12-03T18:22:18.677+0000] {dag.py:3722} INFO - Setting next_dagrun for example_short_circuit_decorator to 2023-12-02T18:22:18.677314+00:00, run_after=2023-12-03T18:22:18.677314+00:00
[2023-12-03T18:22:18.721+0000] {processor.py:179} INFO - Processing /home/airflow/.local/lib/python3.8/site-packages/airflow/example_dags/example_short_circuit_decorator.py took 0.158 seconds
[2023-12-03T18:22:49.179+0000] {processor.py:157} INFO - Started process (PID=467) to work on /home/airflow/.local/lib/python3.8/site-packages/airflow/example_dags/example_short_circuit_decorator.py
[2023-12-03T18:22:49.181+0000] {processor.py:829} INFO - Processing file /home/airflow/.local/lib/python3.8/site-packages/airflow/example_dags/example_short_circuit_decorator.py for tasks to queue
[2023-12-03T18:22:49.188+0000] {logging_mixin.py:154} INFO - [2023-12-03T18:22:49.187+0000] {dagbag.py:536} INFO - Filling up the DagBag from /home/airflow/.local/lib/python3.8/site-packages/airflow/example_dags/example_short_circuit_decorator.py
[2023-12-03T18:22:49.210+0000] {processor.py:839} INFO - DAG(s) dict_keys(['example_short_circuit_decorator']) retrieved from /home/airflow/.local/lib/python3.8/site-packages/airflow/example_dags/example_short_circuit_decorator.py
[2023-12-03T18:22:49.258+0000] {logging_mixin.py:154} INFO - [2023-12-03T18:22:49.258+0000] {dag.py:2941} INFO - Sync 1 DAGs
[2023-12-03T18:22:49.305+0000] {logging_mixin.py:154} INFO - [2023-12-03T18:22:49.305+0000] {dag.py:3722} INFO - Setting next_dagrun for example_short_circuit_decorator to 2023-12-02T18:22:49.304761+00:00, run_after=2023-12-03T18:22:49.304761+00:00
[2023-12-03T18:22:49.348+0000] {processor.py:179} INFO - Processing /home/airflow/.local/lib/python3.8/site-packages/airflow/example_dags/example_short_circuit_decorator.py took 0.177 seconds
[2023-12-03T18:23:54.900+0000] {processor.py:157} INFO - Started process (PID=35) to work on /home/airflow/.local/lib/python3.8/site-packages/airflow/example_dags/example_short_circuit_decorator.py
[2023-12-03T18:23:54.902+0000] {processor.py:829} INFO - Processing file /home/airflow/.local/lib/python3.8/site-packages/airflow/example_dags/example_short_circuit_decorator.py for tasks to queue
[2023-12-03T18:23:54.907+0000] {logging_mixin.py:154} INFO - [2023-12-03T18:23:54.906+0000] {dagbag.py:536} INFO - Filling up the DagBag from /home/airflow/.local/lib/python3.8/site-packages/airflow/example_dags/example_short_circuit_decorator.py
[2023-12-03T18:23:54.948+0000] {processor.py:839} INFO - DAG(s) dict_keys(['example_short_circuit_decorator']) retrieved from /home/airflow/.local/lib/python3.8/site-packages/airflow/example_dags/example_short_circuit_decorator.py
[2023-12-03T18:23:55.008+0000] {logging_mixin.py:154} INFO - [2023-12-03T18:23:55.008+0000] {dag.py:2941} INFO - Sync 1 DAGs
[2023-12-03T18:23:55.051+0000] {logging_mixin.py:154} INFO - [2023-12-03T18:23:55.051+0000] {dag.py:3722} INFO - Setting next_dagrun for example_short_circuit_decorator to 2023-12-02T18:23:55.050788+00:00, run_after=2023-12-03T18:23:55.050788+00:00
[2023-12-03T18:23:55.105+0000] {processor.py:179} INFO - Processing /home/airflow/.local/lib/python3.8/site-packages/airflow/example_dags/example_short_circuit_decorator.py took 0.211 seconds
[2023-12-03T18:24:25.266+0000] {processor.py:157} INFO - Started process (PID=89) to work on /home/airflow/.local/lib/python3.8/site-packages/airflow/example_dags/example_short_circuit_decorator.py
[2023-12-03T18:24:25.269+0000] {processor.py:829} INFO - Processing file /home/airflow/.local/lib/python3.8/site-packages/airflow/example_dags/example_short_circuit_decorator.py for tasks to queue
[2023-12-03T18:24:25.276+0000] {logging_mixin.py:154} INFO - [2023-12-03T18:24:25.275+0000] {dagbag.py:536} INFO - Filling up the DagBag from /home/airflow/.local/lib/python3.8/site-packages/airflow/example_dags/example_short_circuit_decorator.py
[2023-12-03T18:24:25.308+0000] {processor.py:839} INFO - DAG(s) dict_keys(['example_short_circuit_decorator']) retrieved from /home/airflow/.local/lib/python3.8/site-packages/airflow/example_dags/example_short_circuit_decorator.py
[2023-12-03T18:24:25.352+0000] {logging_mixin.py:154} INFO - [2023-12-03T18:24:25.352+0000] {dag.py:2941} INFO - Sync 1 DAGs
[2023-12-03T18:24:25.388+0000] {logging_mixin.py:154} INFO - [2023-12-03T18:24:25.388+0000] {dag.py:3722} INFO - Setting next_dagrun for example_short_circuit_decorator to 2023-12-02T18:24:25.387758+00:00, run_after=2023-12-03T18:24:25.387758+00:00
[2023-12-03T18:24:25.419+0000] {processor.py:179} INFO - Processing /home/airflow/.local/lib/python3.8/site-packages/airflow/example_dags/example_short_circuit_decorator.py took 0.161 seconds
[2023-12-03T18:24:55.566+0000] {processor.py:157} INFO - Started process (PID=143) to work on /home/airflow/.local/lib/python3.8/site-packages/airflow/example_dags/example_short_circuit_decorator.py
[2023-12-03T18:24:55.567+0000] {processor.py:829} INFO - Processing file /home/airflow/.local/lib/python3.8/site-packages/airflow/example_dags/example_short_circuit_decorator.py for tasks to queue
[2023-12-03T18:24:55.574+0000] {logging_mixin.py:154} INFO - [2023-12-03T18:24:55.573+0000] {dagbag.py:536} INFO - Filling up the DagBag from /home/airflow/.local/lib/python3.8/site-packages/airflow/example_dags/example_short_circuit_decorator.py
[2023-12-03T18:24:55.608+0000] {processor.py:839} INFO - DAG(s) dict_keys(['example_short_circuit_decorator']) retrieved from /home/airflow/.local/lib/python3.8/site-packages/airflow/example_dags/example_short_circuit_decorator.py
[2023-12-03T18:24:55.660+0000] {logging_mixin.py:154} INFO - [2023-12-03T18:24:55.660+0000] {dag.py:2941} INFO - Sync 1 DAGs
[2023-12-03T18:24:55.705+0000] {logging_mixin.py:154} INFO - [2023-12-03T18:24:55.704+0000] {dag.py:3722} INFO - Setting next_dagrun for example_short_circuit_decorator to 2023-12-02T18:24:55.704577+00:00, run_after=2023-12-03T18:24:55.704577+00:00
[2023-12-03T18:24:55.758+0000] {processor.py:179} INFO - Processing /home/airflow/.local/lib/python3.8/site-packages/airflow/example_dags/example_short_circuit_decorator.py took 0.197 seconds
[2023-12-03T18:25:26.038+0000] {processor.py:157} INFO - Started process (PID=197) to work on /home/airflow/.local/lib/python3.8/site-packages/airflow/example_dags/example_short_circuit_decorator.py
[2023-12-03T18:25:26.039+0000] {processor.py:829} INFO - Processing file /home/airflow/.local/lib/python3.8/site-packages/airflow/example_dags/example_short_circuit_decorator.py for tasks to queue
[2023-12-03T18:25:26.043+0000] {logging_mixin.py:154} INFO - [2023-12-03T18:25:26.043+0000] {dagbag.py:536} INFO - Filling up the DagBag from /home/airflow/.local/lib/python3.8/site-packages/airflow/example_dags/example_short_circuit_decorator.py
[2023-12-03T18:25:26.058+0000] {processor.py:839} INFO - DAG(s) dict_keys(['example_short_circuit_decorator']) retrieved from /home/airflow/.local/lib/python3.8/site-packages/airflow/example_dags/example_short_circuit_decorator.py
[2023-12-03T18:25:26.094+0000] {logging_mixin.py:154} INFO - [2023-12-03T18:25:26.093+0000] {dag.py:2941} INFO - Sync 1 DAGs
[2023-12-03T18:25:26.127+0000] {logging_mixin.py:154} INFO - [2023-12-03T18:25:26.127+0000] {dag.py:3722} INFO - Setting next_dagrun for example_short_circuit_decorator to 2023-12-02T18:25:26.126818+00:00, run_after=2023-12-03T18:25:26.126818+00:00
[2023-12-03T18:25:26.161+0000] {processor.py:179} INFO - Processing /home/airflow/.local/lib/python3.8/site-packages/airflow/example_dags/example_short_circuit_decorator.py took 0.128 seconds
[2023-12-03T18:25:56.705+0000] {processor.py:157} INFO - Started process (PID=251) to work on /home/airflow/.local/lib/python3.8/site-packages/airflow/example_dags/example_short_circuit_decorator.py
[2023-12-03T18:25:56.706+0000] {processor.py:829} INFO - Processing file /home/airflow/.local/lib/python3.8/site-packages/airflow/example_dags/example_short_circuit_decorator.py for tasks to queue
[2023-12-03T18:25:56.710+0000] {logging_mixin.py:154} INFO - [2023-12-03T18:25:56.709+0000] {dagbag.py:536} INFO - Filling up the DagBag from /home/airflow/.local/lib/python3.8/site-packages/airflow/example_dags/example_short_circuit_decorator.py
[2023-12-03T18:25:56.726+0000] {processor.py:839} INFO - DAG(s) dict_keys(['example_short_circuit_decorator']) retrieved from /home/airflow/.local/lib/python3.8/site-packages/airflow/example_dags/example_short_circuit_decorator.py
[2023-12-03T18:25:56.766+0000] {logging_mixin.py:154} INFO - [2023-12-03T18:25:56.766+0000] {dag.py:2941} INFO - Sync 1 DAGs
[2023-12-03T18:25:56.806+0000] {logging_mixin.py:154} INFO - [2023-12-03T18:25:56.805+0000] {dag.py:3722} INFO - Setting next_dagrun for example_short_circuit_decorator to 2023-12-02T18:25:56.805500+00:00, run_after=2023-12-03T18:25:56.805500+00:00
[2023-12-03T18:25:56.847+0000] {processor.py:179} INFO - Processing /home/airflow/.local/lib/python3.8/site-packages/airflow/example_dags/example_short_circuit_decorator.py took 0.148 seconds
[2023-12-03T18:26:27.337+0000] {processor.py:157} INFO - Started process (PID=305) to work on /home/airflow/.local/lib/python3.8/site-packages/airflow/example_dags/example_short_circuit_decorator.py
[2023-12-03T18:26:27.339+0000] {processor.py:829} INFO - Processing file /home/airflow/.local/lib/python3.8/site-packages/airflow/example_dags/example_short_circuit_decorator.py for tasks to queue
[2023-12-03T18:26:27.344+0000] {logging_mixin.py:154} INFO - [2023-12-03T18:26:27.343+0000] {dagbag.py:536} INFO - Filling up the DagBag from /home/airflow/.local/lib/python3.8/site-packages/airflow/example_dags/example_short_circuit_decorator.py
[2023-12-03T18:26:27.361+0000] {processor.py:839} INFO - DAG(s) dict_keys(['example_short_circuit_decorator']) retrieved from /home/airflow/.local/lib/python3.8/site-packages/airflow/example_dags/example_short_circuit_decorator.py
[2023-12-03T18:26:27.404+0000] {logging_mixin.py:154} INFO - [2023-12-03T18:26:27.403+0000] {dag.py:2941} INFO - Sync 1 DAGs
[2023-12-03T18:26:27.444+0000] {logging_mixin.py:154} INFO - [2023-12-03T18:26:27.444+0000] {dag.py:3722} INFO - Setting next_dagrun for example_short_circuit_decorator to 2023-12-02T18:26:27.443663+00:00, run_after=2023-12-03T18:26:27.443663+00:00
[2023-12-03T18:26:27.476+0000] {processor.py:179} INFO - Processing /home/airflow/.local/lib/python3.8/site-packages/airflow/example_dags/example_short_circuit_decorator.py took 0.145 seconds
[2023-12-03T18:26:57.724+0000] {processor.py:157} INFO - Started process (PID=359) to work on /home/airflow/.local/lib/python3.8/site-packages/airflow/example_dags/example_short_circuit_decorator.py
[2023-12-03T18:26:57.726+0000] {processor.py:829} INFO - Processing file /home/airflow/.local/lib/python3.8/site-packages/airflow/example_dags/example_short_circuit_decorator.py for tasks to queue
[2023-12-03T18:26:57.733+0000] {logging_mixin.py:154} INFO - [2023-12-03T18:26:57.732+0000] {dagbag.py:536} INFO - Filling up the DagBag from /home/airflow/.local/lib/python3.8/site-packages/airflow/example_dags/example_short_circuit_decorator.py
[2023-12-03T18:26:57.762+0000] {processor.py:839} INFO - DAG(s) dict_keys(['example_short_circuit_decorator']) retrieved from /home/airflow/.local/lib/python3.8/site-packages/airflow/example_dags/example_short_circuit_decorator.py
[2023-12-03T18:26:57.806+0000] {logging_mixin.py:154} INFO - [2023-12-03T18:26:57.806+0000] {dag.py:2941} INFO - Sync 1 DAGs
[2023-12-03T18:26:57.837+0000] {logging_mixin.py:154} INFO - [2023-12-03T18:26:57.837+0000] {dag.py:3722} INFO - Setting next_dagrun for example_short_circuit_decorator to 2023-12-02T18:26:57.837205+00:00, run_after=2023-12-03T18:26:57.837205+00:00
[2023-12-03T18:26:57.881+0000] {processor.py:179} INFO - Processing /home/airflow/.local/lib/python3.8/site-packages/airflow/example_dags/example_short_circuit_decorator.py took 0.163 seconds
[2023-12-03T18:27:28.142+0000] {processor.py:157} INFO - Started process (PID=413) to work on /home/airflow/.local/lib/python3.8/site-packages/airflow/example_dags/example_short_circuit_decorator.py
[2023-12-03T18:27:28.143+0000] {processor.py:829} INFO - Processing file /home/airflow/.local/lib/python3.8/site-packages/airflow/example_dags/example_short_circuit_decorator.py for tasks to queue
[2023-12-03T18:27:28.147+0000] {logging_mixin.py:154} INFO - [2023-12-03T18:27:28.146+0000] {dagbag.py:536} INFO - Filling up the DagBag from /home/airflow/.local/lib/python3.8/site-packages/airflow/example_dags/example_short_circuit_decorator.py
[2023-12-03T18:27:28.161+0000] {processor.py:839} INFO - DAG(s) dict_keys(['example_short_circuit_decorator']) retrieved from /home/airflow/.local/lib/python3.8/site-packages/airflow/example_dags/example_short_circuit_decorator.py
[2023-12-03T18:27:28.205+0000] {logging_mixin.py:154} INFO - [2023-12-03T18:27:28.205+0000] {dag.py:2941} INFO - Sync 1 DAGs
[2023-12-03T18:27:28.241+0000] {logging_mixin.py:154} INFO - [2023-12-03T18:27:28.240+0000] {dag.py:3722} INFO - Setting next_dagrun for example_short_circuit_decorator to 2023-12-02T18:27:28.240309+00:00, run_after=2023-12-03T18:27:28.240309+00:00
[2023-12-03T18:27:28.285+0000] {processor.py:179} INFO - Processing /home/airflow/.local/lib/python3.8/site-packages/airflow/example_dags/example_short_circuit_decorator.py took 0.148 seconds
[2023-12-03T18:27:58.704+0000] {processor.py:157} INFO - Started process (PID=467) to work on /home/airflow/.local/lib/python3.8/site-packages/airflow/example_dags/example_short_circuit_decorator.py
[2023-12-03T18:27:58.705+0000] {processor.py:829} INFO - Processing file /home/airflow/.local/lib/python3.8/site-packages/airflow/example_dags/example_short_circuit_decorator.py for tasks to queue
[2023-12-03T18:27:58.709+0000] {logging_mixin.py:154} INFO - [2023-12-03T18:27:58.709+0000] {dagbag.py:536} INFO - Filling up the DagBag from /home/airflow/.local/lib/python3.8/site-packages/airflow/example_dags/example_short_circuit_decorator.py
[2023-12-03T18:27:58.724+0000] {processor.py:839} INFO - DAG(s) dict_keys(['example_short_circuit_decorator']) retrieved from /home/airflow/.local/lib/python3.8/site-packages/airflow/example_dags/example_short_circuit_decorator.py
[2023-12-03T18:27:58.776+0000] {logging_mixin.py:154} INFO - [2023-12-03T18:27:58.775+0000] {dag.py:2941} INFO - Sync 1 DAGs
[2023-12-03T18:27:58.827+0000] {logging_mixin.py:154} INFO - [2023-12-03T18:27:58.826+0000] {dag.py:3722} INFO - Setting next_dagrun for example_short_circuit_decorator to 2023-12-02T18:27:58.826530+00:00, run_after=2023-12-03T18:27:58.826530+00:00
[2023-12-03T18:27:58.868+0000] {processor.py:179} INFO - Processing /home/airflow/.local/lib/python3.8/site-packages/airflow/example_dags/example_short_circuit_decorator.py took 0.170 seconds
[2023-12-03T18:28:29.378+0000] {processor.py:157} INFO - Started process (PID=521) to work on /home/airflow/.local/lib/python3.8/site-packages/airflow/example_dags/example_short_circuit_decorator.py
[2023-12-03T18:28:29.381+0000] {processor.py:829} INFO - Processing file /home/airflow/.local/lib/python3.8/site-packages/airflow/example_dags/example_short_circuit_decorator.py for tasks to queue
[2023-12-03T18:28:29.388+0000] {logging_mixin.py:154} INFO - [2023-12-03T18:28:29.387+0000] {dagbag.py:536} INFO - Filling up the DagBag from /home/airflow/.local/lib/python3.8/site-packages/airflow/example_dags/example_short_circuit_decorator.py
[2023-12-03T18:28:29.419+0000] {processor.py:839} INFO - DAG(s) dict_keys(['example_short_circuit_decorator']) retrieved from /home/airflow/.local/lib/python3.8/site-packages/airflow/example_dags/example_short_circuit_decorator.py
[2023-12-03T18:28:29.483+0000] {logging_mixin.py:154} INFO - [2023-12-03T18:28:29.483+0000] {dag.py:2941} INFO - Sync 1 DAGs
[2023-12-03T18:28:29.514+0000] {logging_mixin.py:154} INFO - [2023-12-03T18:28:29.514+0000] {dag.py:3722} INFO - Setting next_dagrun for example_short_circuit_decorator to 2023-12-02T18:28:29.514307+00:00, run_after=2023-12-03T18:28:29.514307+00:00
[2023-12-03T18:28:29.553+0000] {processor.py:179} INFO - Processing /home/airflow/.local/lib/python3.8/site-packages/airflow/example_dags/example_short_circuit_decorator.py took 0.186 seconds
[2023-12-03T18:29:46.099+0000] {processor.py:157} INFO - Started process (PID=36) to work on /home/airflow/.local/lib/python3.8/site-packages/airflow/example_dags/example_short_circuit_decorator.py
[2023-12-03T18:29:46.101+0000] {processor.py:829} INFO - Processing file /home/airflow/.local/lib/python3.8/site-packages/airflow/example_dags/example_short_circuit_decorator.py for tasks to queue
[2023-12-03T18:29:46.105+0000] {logging_mixin.py:154} INFO - [2023-12-03T18:29:46.105+0000] {dagbag.py:536} INFO - Filling up the DagBag from /home/airflow/.local/lib/python3.8/site-packages/airflow/example_dags/example_short_circuit_decorator.py
[2023-12-03T18:29:46.128+0000] {processor.py:839} INFO - DAG(s) dict_keys(['example_short_circuit_decorator']) retrieved from /home/airflow/.local/lib/python3.8/site-packages/airflow/example_dags/example_short_circuit_decorator.py
[2023-12-03T18:29:46.195+0000] {logging_mixin.py:154} INFO - [2023-12-03T18:29:46.195+0000] {dag.py:2941} INFO - Sync 1 DAGs
[2023-12-03T18:29:46.234+0000] {logging_mixin.py:154} INFO - [2023-12-03T18:29:46.233+0000] {dag.py:3722} INFO - Setting next_dagrun for example_short_circuit_decorator to 2023-12-02T18:29:46.233359+00:00, run_after=2023-12-03T18:29:46.233359+00:00
[2023-12-03T18:29:46.272+0000] {processor.py:179} INFO - Processing /home/airflow/.local/lib/python3.8/site-packages/airflow/example_dags/example_short_circuit_decorator.py took 0.185 seconds
[2023-12-03T18:30:16.559+0000] {processor.py:157} INFO - Started process (PID=90) to work on /home/airflow/.local/lib/python3.8/site-packages/airflow/example_dags/example_short_circuit_decorator.py
[2023-12-03T18:30:16.561+0000] {processor.py:829} INFO - Processing file /home/airflow/.local/lib/python3.8/site-packages/airflow/example_dags/example_short_circuit_decorator.py for tasks to queue
[2023-12-03T18:30:16.568+0000] {logging_mixin.py:154} INFO - [2023-12-03T18:30:16.566+0000] {dagbag.py:536} INFO - Filling up the DagBag from /home/airflow/.local/lib/python3.8/site-packages/airflow/example_dags/example_short_circuit_decorator.py
[2023-12-03T18:30:16.583+0000] {processor.py:839} INFO - DAG(s) dict_keys(['example_short_circuit_decorator']) retrieved from /home/airflow/.local/lib/python3.8/site-packages/airflow/example_dags/example_short_circuit_decorator.py
[2023-12-03T18:30:16.621+0000] {logging_mixin.py:154} INFO - [2023-12-03T18:30:16.620+0000] {dag.py:2941} INFO - Sync 1 DAGs
[2023-12-03T18:30:16.660+0000] {logging_mixin.py:154} INFO - [2023-12-03T18:30:16.659+0000] {dag.py:3722} INFO - Setting next_dagrun for example_short_circuit_decorator to 2023-12-02T18:30:16.659410+00:00, run_after=2023-12-03T18:30:16.659410+00:00
[2023-12-03T18:30:16.698+0000] {processor.py:179} INFO - Processing /home/airflow/.local/lib/python3.8/site-packages/airflow/example_dags/example_short_circuit_decorator.py took 0.146 seconds
[2023-12-03T18:30:47.359+0000] {processor.py:157} INFO - Started process (PID=146) to work on /home/airflow/.local/lib/python3.8/site-packages/airflow/example_dags/example_short_circuit_decorator.py
[2023-12-03T18:30:47.360+0000] {processor.py:829} INFO - Processing file /home/airflow/.local/lib/python3.8/site-packages/airflow/example_dags/example_short_circuit_decorator.py for tasks to queue
[2023-12-03T18:30:47.366+0000] {logging_mixin.py:154} INFO - [2023-12-03T18:30:47.365+0000] {dagbag.py:536} INFO - Filling up the DagBag from /home/airflow/.local/lib/python3.8/site-packages/airflow/example_dags/example_short_circuit_decorator.py
[2023-12-03T18:30:47.393+0000] {processor.py:839} INFO - DAG(s) dict_keys(['example_short_circuit_decorator']) retrieved from /home/airflow/.local/lib/python3.8/site-packages/airflow/example_dags/example_short_circuit_decorator.py
[2023-12-03T18:30:47.442+0000] {logging_mixin.py:154} INFO - [2023-12-03T18:30:47.442+0000] {dag.py:2941} INFO - Sync 1 DAGs
[2023-12-03T18:30:47.493+0000] {logging_mixin.py:154} INFO - [2023-12-03T18:30:47.493+0000] {dag.py:3722} INFO - Setting next_dagrun for example_short_circuit_decorator to 2023-12-02T18:30:47.492496+00:00, run_after=2023-12-03T18:30:47.492496+00:00
[2023-12-03T18:30:47.526+0000] {processor.py:179} INFO - Processing /home/airflow/.local/lib/python3.8/site-packages/airflow/example_dags/example_short_circuit_decorator.py took 0.177 seconds
[2023-12-03T18:31:18.451+0000] {processor.py:157} INFO - Started process (PID=205) to work on /home/airflow/.local/lib/python3.8/site-packages/airflow/example_dags/example_short_circuit_decorator.py
[2023-12-03T18:31:18.452+0000] {processor.py:829} INFO - Processing file /home/airflow/.local/lib/python3.8/site-packages/airflow/example_dags/example_short_circuit_decorator.py for tasks to queue
[2023-12-03T18:31:18.457+0000] {logging_mixin.py:154} INFO - [2023-12-03T18:31:18.456+0000] {dagbag.py:536} INFO - Filling up the DagBag from /home/airflow/.local/lib/python3.8/site-packages/airflow/example_dags/example_short_circuit_decorator.py
[2023-12-03T18:31:18.493+0000] {processor.py:839} INFO - DAG(s) dict_keys(['example_short_circuit_decorator']) retrieved from /home/airflow/.local/lib/python3.8/site-packages/airflow/example_dags/example_short_circuit_decorator.py
[2023-12-03T18:31:18.539+0000] {logging_mixin.py:154} INFO - [2023-12-03T18:31:18.538+0000] {dag.py:2941} INFO - Sync 1 DAGs
[2023-12-03T18:31:18.580+0000] {logging_mixin.py:154} INFO - [2023-12-03T18:31:18.580+0000] {dag.py:3722} INFO - Setting next_dagrun for example_short_circuit_decorator to 2023-12-02T18:31:18.579770+00:00, run_after=2023-12-03T18:31:18.579770+00:00
[2023-12-03T18:31:18.617+0000] {processor.py:179} INFO - Processing /home/airflow/.local/lib/python3.8/site-packages/airflow/example_dags/example_short_circuit_decorator.py took 0.172 seconds
[2023-12-03T18:31:48.832+0000] {processor.py:157} INFO - Started process (PID=264) to work on /home/airflow/.local/lib/python3.8/site-packages/airflow/example_dags/example_short_circuit_decorator.py
[2023-12-03T18:31:48.834+0000] {processor.py:829} INFO - Processing file /home/airflow/.local/lib/python3.8/site-packages/airflow/example_dags/example_short_circuit_decorator.py for tasks to queue
[2023-12-03T18:31:48.839+0000] {logging_mixin.py:154} INFO - [2023-12-03T18:31:48.838+0000] {dagbag.py:536} INFO - Filling up the DagBag from /home/airflow/.local/lib/python3.8/site-packages/airflow/example_dags/example_short_circuit_decorator.py
[2023-12-03T18:31:48.853+0000] {processor.py:839} INFO - DAG(s) dict_keys(['example_short_circuit_decorator']) retrieved from /home/airflow/.local/lib/python3.8/site-packages/airflow/example_dags/example_short_circuit_decorator.py
[2023-12-03T18:31:48.895+0000] {logging_mixin.py:154} INFO - [2023-12-03T18:31:48.895+0000] {dag.py:2941} INFO - Sync 1 DAGs
[2023-12-03T18:31:48.940+0000] {logging_mixin.py:154} INFO - [2023-12-03T18:31:48.940+0000] {dag.py:3722} INFO - Setting next_dagrun for example_short_circuit_decorator to 2023-12-02T18:31:48.939694+00:00, run_after=2023-12-03T18:31:48.939694+00:00
[2023-12-03T18:31:48.975+0000] {processor.py:179} INFO - Processing /home/airflow/.local/lib/python3.8/site-packages/airflow/example_dags/example_short_circuit_decorator.py took 0.148 seconds
[2023-12-03T18:32:19.802+0000] {processor.py:157} INFO - Started process (PID=319) to work on /home/airflow/.local/lib/python3.8/site-packages/airflow/example_dags/example_short_circuit_decorator.py
[2023-12-03T18:32:19.803+0000] {processor.py:829} INFO - Processing file /home/airflow/.local/lib/python3.8/site-packages/airflow/example_dags/example_short_circuit_decorator.py for tasks to queue
[2023-12-03T18:32:19.807+0000] {logging_mixin.py:154} INFO - [2023-12-03T18:32:19.806+0000] {dagbag.py:536} INFO - Filling up the DagBag from /home/airflow/.local/lib/python3.8/site-packages/airflow/example_dags/example_short_circuit_decorator.py
[2023-12-03T18:32:19.820+0000] {processor.py:839} INFO - DAG(s) dict_keys(['example_short_circuit_decorator']) retrieved from /home/airflow/.local/lib/python3.8/site-packages/airflow/example_dags/example_short_circuit_decorator.py
[2023-12-03T18:32:19.852+0000] {logging_mixin.py:154} INFO - [2023-12-03T18:32:19.852+0000] {dag.py:2941} INFO - Sync 1 DAGs
[2023-12-03T18:32:19.886+0000] {logging_mixin.py:154} INFO - [2023-12-03T18:32:19.885+0000] {dag.py:3722} INFO - Setting next_dagrun for example_short_circuit_decorator to 2023-12-02T18:32:19.885399+00:00, run_after=2023-12-03T18:32:19.885399+00:00
[2023-12-03T18:32:19.930+0000] {processor.py:179} INFO - Processing /home/airflow/.local/lib/python3.8/site-packages/airflow/example_dags/example_short_circuit_decorator.py took 0.133 seconds
[2023-12-03T18:32:50.051+0000] {processor.py:157} INFO - Started process (PID=374) to work on /home/airflow/.local/lib/python3.8/site-packages/airflow/example_dags/example_short_circuit_decorator.py
[2023-12-03T18:32:50.054+0000] {processor.py:829} INFO - Processing file /home/airflow/.local/lib/python3.8/site-packages/airflow/example_dags/example_short_circuit_decorator.py for tasks to queue
[2023-12-03T18:32:50.062+0000] {logging_mixin.py:154} INFO - [2023-12-03T18:32:50.061+0000] {dagbag.py:536} INFO - Filling up the DagBag from /home/airflow/.local/lib/python3.8/site-packages/airflow/example_dags/example_short_circuit_decorator.py
[2023-12-03T18:32:50.093+0000] {processor.py:839} INFO - DAG(s) dict_keys(['example_short_circuit_decorator']) retrieved from /home/airflow/.local/lib/python3.8/site-packages/airflow/example_dags/example_short_circuit_decorator.py
[2023-12-03T18:32:50.168+0000] {logging_mixin.py:154} INFO - [2023-12-03T18:32:50.168+0000] {dag.py:2941} INFO - Sync 1 DAGs
[2023-12-03T18:32:50.225+0000] {logging_mixin.py:154} INFO - [2023-12-03T18:32:50.224+0000] {dag.py:3722} INFO - Setting next_dagrun for example_short_circuit_decorator to 2023-12-02T18:32:50.223884+00:00, run_after=2023-12-03T18:32:50.223884+00:00
[2023-12-03T18:32:50.276+0000] {processor.py:179} INFO - Processing /home/airflow/.local/lib/python3.8/site-packages/airflow/example_dags/example_short_circuit_decorator.py took 0.235 seconds
[2023-12-03T18:33:21.104+0000] {processor.py:157} INFO - Started process (PID=429) to work on /home/airflow/.local/lib/python3.8/site-packages/airflow/example_dags/example_short_circuit_decorator.py
[2023-12-03T18:33:21.107+0000] {processor.py:829} INFO - Processing file /home/airflow/.local/lib/python3.8/site-packages/airflow/example_dags/example_short_circuit_decorator.py for tasks to queue
[2023-12-03T18:33:21.115+0000] {logging_mixin.py:154} INFO - [2023-12-03T18:33:21.114+0000] {dagbag.py:536} INFO - Filling up the DagBag from /home/airflow/.local/lib/python3.8/site-packages/airflow/example_dags/example_short_circuit_decorator.py
[2023-12-03T18:33:21.147+0000] {processor.py:839} INFO - DAG(s) dict_keys(['example_short_circuit_decorator']) retrieved from /home/airflow/.local/lib/python3.8/site-packages/airflow/example_dags/example_short_circuit_decorator.py
[2023-12-03T18:33:21.184+0000] {logging_mixin.py:154} INFO - [2023-12-03T18:33:21.184+0000] {dag.py:2941} INFO - Sync 1 DAGs
[2023-12-03T18:33:21.225+0000] {logging_mixin.py:154} INFO - [2023-12-03T18:33:21.225+0000] {dag.py:3722} INFO - Setting next_dagrun for example_short_circuit_decorator to 2023-12-02T18:33:21.224508+00:00, run_after=2023-12-03T18:33:21.224508+00:00
[2023-12-03T18:33:21.283+0000] {processor.py:179} INFO - Processing /home/airflow/.local/lib/python3.8/site-packages/airflow/example_dags/example_short_circuit_decorator.py took 0.190 seconds
[2023-12-03T18:33:51.952+0000] {processor.py:157} INFO - Started process (PID=484) to work on /home/airflow/.local/lib/python3.8/site-packages/airflow/example_dags/example_short_circuit_decorator.py
[2023-12-03T18:33:51.954+0000] {processor.py:829} INFO - Processing file /home/airflow/.local/lib/python3.8/site-packages/airflow/example_dags/example_short_circuit_decorator.py for tasks to queue
[2023-12-03T18:33:51.958+0000] {logging_mixin.py:154} INFO - [2023-12-03T18:33:51.957+0000] {dagbag.py:536} INFO - Filling up the DagBag from /home/airflow/.local/lib/python3.8/site-packages/airflow/example_dags/example_short_circuit_decorator.py
[2023-12-03T18:33:51.971+0000] {processor.py:839} INFO - DAG(s) dict_keys(['example_short_circuit_decorator']) retrieved from /home/airflow/.local/lib/python3.8/site-packages/airflow/example_dags/example_short_circuit_decorator.py
[2023-12-03T18:33:52.018+0000] {logging_mixin.py:154} INFO - [2023-12-03T18:33:52.018+0000] {dag.py:2941} INFO - Sync 1 DAGs
[2023-12-03T18:33:52.058+0000] {logging_mixin.py:154} INFO - [2023-12-03T18:33:52.058+0000] {dag.py:3722} INFO - Setting next_dagrun for example_short_circuit_decorator to 2023-12-02T18:33:52.057834+00:00, run_after=2023-12-03T18:33:52.057834+00:00
[2023-12-03T18:33:52.102+0000] {processor.py:179} INFO - Processing /home/airflow/.local/lib/python3.8/site-packages/airflow/example_dags/example_short_circuit_decorator.py took 0.155 seconds
[2023-12-03T18:34:22.608+0000] {processor.py:157} INFO - Started process (PID=539) to work on /home/airflow/.local/lib/python3.8/site-packages/airflow/example_dags/example_short_circuit_decorator.py
[2023-12-03T18:34:22.611+0000] {processor.py:829} INFO - Processing file /home/airflow/.local/lib/python3.8/site-packages/airflow/example_dags/example_short_circuit_decorator.py for tasks to queue
[2023-12-03T18:34:22.618+0000] {logging_mixin.py:154} INFO - [2023-12-03T18:34:22.617+0000] {dagbag.py:536} INFO - Filling up the DagBag from /home/airflow/.local/lib/python3.8/site-packages/airflow/example_dags/example_short_circuit_decorator.py
[2023-12-03T18:34:22.632+0000] {processor.py:839} INFO - DAG(s) dict_keys(['example_short_circuit_decorator']) retrieved from /home/airflow/.local/lib/python3.8/site-packages/airflow/example_dags/example_short_circuit_decorator.py
[2023-12-03T18:34:22.668+0000] {logging_mixin.py:154} INFO - [2023-12-03T18:34:22.667+0000] {dag.py:2941} INFO - Sync 1 DAGs
[2023-12-03T18:34:22.702+0000] {logging_mixin.py:154} INFO - [2023-12-03T18:34:22.701+0000] {dag.py:3722} INFO - Setting next_dagrun for example_short_circuit_decorator to 2023-12-02T18:34:22.701379+00:00, run_after=2023-12-03T18:34:22.701379+00:00
[2023-12-03T18:34:22.746+0000] {processor.py:179} INFO - Processing /home/airflow/.local/lib/python3.8/site-packages/airflow/example_dags/example_short_circuit_decorator.py took 0.150 seconds
[2023-12-03T18:34:53.326+0000] {processor.py:157} INFO - Started process (PID=594) to work on /home/airflow/.local/lib/python3.8/site-packages/airflow/example_dags/example_short_circuit_decorator.py
[2023-12-03T18:34:53.328+0000] {processor.py:829} INFO - Processing file /home/airflow/.local/lib/python3.8/site-packages/airflow/example_dags/example_short_circuit_decorator.py for tasks to queue
[2023-12-03T18:34:53.332+0000] {logging_mixin.py:154} INFO - [2023-12-03T18:34:53.331+0000] {dagbag.py:536} INFO - Filling up the DagBag from /home/airflow/.local/lib/python3.8/site-packages/airflow/example_dags/example_short_circuit_decorator.py
[2023-12-03T18:34:53.351+0000] {processor.py:839} INFO - DAG(s) dict_keys(['example_short_circuit_decorator']) retrieved from /home/airflow/.local/lib/python3.8/site-packages/airflow/example_dags/example_short_circuit_decorator.py
[2023-12-03T18:34:53.401+0000] {logging_mixin.py:154} INFO - [2023-12-03T18:34:53.400+0000] {dag.py:2941} INFO - Sync 1 DAGs
[2023-12-03T18:34:53.456+0000] {logging_mixin.py:154} INFO - [2023-12-03T18:34:53.456+0000] {dag.py:3722} INFO - Setting next_dagrun for example_short_circuit_decorator to 2023-12-02T18:34:53.456040+00:00, run_after=2023-12-03T18:34:53.456040+00:00
[2023-12-03T18:34:53.497+0000] {processor.py:179} INFO - Processing /home/airflow/.local/lib/python3.8/site-packages/airflow/example_dags/example_short_circuit_decorator.py took 0.178 seconds
[2023-12-03T18:35:23.673+0000] {processor.py:157} INFO - Started process (PID=649) to work on /home/airflow/.local/lib/python3.8/site-packages/airflow/example_dags/example_short_circuit_decorator.py
[2023-12-03T18:35:23.675+0000] {processor.py:829} INFO - Processing file /home/airflow/.local/lib/python3.8/site-packages/airflow/example_dags/example_short_circuit_decorator.py for tasks to queue
[2023-12-03T18:35:23.679+0000] {logging_mixin.py:154} INFO - [2023-12-03T18:35:23.678+0000] {dagbag.py:536} INFO - Filling up the DagBag from /home/airflow/.local/lib/python3.8/site-packages/airflow/example_dags/example_short_circuit_decorator.py
[2023-12-03T18:35:23.693+0000] {processor.py:839} INFO - DAG(s) dict_keys(['example_short_circuit_decorator']) retrieved from /home/airflow/.local/lib/python3.8/site-packages/airflow/example_dags/example_short_circuit_decorator.py
[2023-12-03T18:35:23.731+0000] {logging_mixin.py:154} INFO - [2023-12-03T18:35:23.731+0000] {dag.py:2941} INFO - Sync 1 DAGs
[2023-12-03T18:35:23.763+0000] {logging_mixin.py:154} INFO - [2023-12-03T18:35:23.763+0000] {dag.py:3722} INFO - Setting next_dagrun for example_short_circuit_decorator to 2023-12-02T18:35:23.763045+00:00, run_after=2023-12-03T18:35:23.763045+00:00
[2023-12-03T18:35:23.808+0000] {processor.py:179} INFO - Processing /home/airflow/.local/lib/python3.8/site-packages/airflow/example_dags/example_short_circuit_decorator.py took 0.142 seconds
[2023-12-03T18:35:54.620+0000] {processor.py:157} INFO - Started process (PID=704) to work on /home/airflow/.local/lib/python3.8/site-packages/airflow/example_dags/example_short_circuit_decorator.py
[2023-12-03T18:35:54.622+0000] {processor.py:829} INFO - Processing file /home/airflow/.local/lib/python3.8/site-packages/airflow/example_dags/example_short_circuit_decorator.py for tasks to queue
[2023-12-03T18:35:54.630+0000] {logging_mixin.py:154} INFO - [2023-12-03T18:35:54.630+0000] {dagbag.py:536} INFO - Filling up the DagBag from /home/airflow/.local/lib/python3.8/site-packages/airflow/example_dags/example_short_circuit_decorator.py
[2023-12-03T18:35:54.660+0000] {processor.py:839} INFO - DAG(s) dict_keys(['example_short_circuit_decorator']) retrieved from /home/airflow/.local/lib/python3.8/site-packages/airflow/example_dags/example_short_circuit_decorator.py
[2023-12-03T18:35:54.705+0000] {logging_mixin.py:154} INFO - [2023-12-03T18:35:54.705+0000] {dag.py:2941} INFO - Sync 1 DAGs
[2023-12-03T18:35:54.757+0000] {logging_mixin.py:154} INFO - [2023-12-03T18:35:54.757+0000] {dag.py:3722} INFO - Setting next_dagrun for example_short_circuit_decorator to 2023-12-02T18:35:54.756194+00:00, run_after=2023-12-03T18:35:54.756194+00:00
[2023-12-03T18:35:54.803+0000] {processor.py:179} INFO - Processing /home/airflow/.local/lib/python3.8/site-packages/airflow/example_dags/example_short_circuit_decorator.py took 0.195 seconds
[2023-12-03T18:36:25.495+0000] {processor.py:157} INFO - Started process (PID=759) to work on /home/airflow/.local/lib/python3.8/site-packages/airflow/example_dags/example_short_circuit_decorator.py
[2023-12-03T18:36:25.497+0000] {processor.py:829} INFO - Processing file /home/airflow/.local/lib/python3.8/site-packages/airflow/example_dags/example_short_circuit_decorator.py for tasks to queue
[2023-12-03T18:36:25.505+0000] {logging_mixin.py:154} INFO - [2023-12-03T18:36:25.504+0000] {dagbag.py:536} INFO - Filling up the DagBag from /home/airflow/.local/lib/python3.8/site-packages/airflow/example_dags/example_short_circuit_decorator.py
[2023-12-03T18:36:25.533+0000] {processor.py:839} INFO - DAG(s) dict_keys(['example_short_circuit_decorator']) retrieved from /home/airflow/.local/lib/python3.8/site-packages/airflow/example_dags/example_short_circuit_decorator.py
[2023-12-03T18:36:25.582+0000] {logging_mixin.py:154} INFO - [2023-12-03T18:36:25.582+0000] {dag.py:2941} INFO - Sync 1 DAGs
[2023-12-03T18:36:25.615+0000] {logging_mixin.py:154} INFO - [2023-12-03T18:36:25.615+0000] {dag.py:3722} INFO - Setting next_dagrun for example_short_circuit_decorator to 2023-12-02T18:36:25.615074+00:00, run_after=2023-12-03T18:36:25.615074+00:00
[2023-12-03T18:36:25.651+0000] {processor.py:179} INFO - Processing /home/airflow/.local/lib/python3.8/site-packages/airflow/example_dags/example_short_circuit_decorator.py took 0.166 seconds
[2023-12-03T18:36:56.111+0000] {processor.py:157} INFO - Started process (PID=814) to work on /home/airflow/.local/lib/python3.8/site-packages/airflow/example_dags/example_short_circuit_decorator.py
[2023-12-03T18:36:56.112+0000] {processor.py:829} INFO - Processing file /home/airflow/.local/lib/python3.8/site-packages/airflow/example_dags/example_short_circuit_decorator.py for tasks to queue
[2023-12-03T18:36:56.118+0000] {logging_mixin.py:154} INFO - [2023-12-03T18:36:56.117+0000] {dagbag.py:536} INFO - Filling up the DagBag from /home/airflow/.local/lib/python3.8/site-packages/airflow/example_dags/example_short_circuit_decorator.py
[2023-12-03T18:36:56.134+0000] {processor.py:839} INFO - DAG(s) dict_keys(['example_short_circuit_decorator']) retrieved from /home/airflow/.local/lib/python3.8/site-packages/airflow/example_dags/example_short_circuit_decorator.py
[2023-12-03T18:36:56.178+0000] {logging_mixin.py:154} INFO - [2023-12-03T18:36:56.178+0000] {dag.py:2941} INFO - Sync 1 DAGs
[2023-12-03T18:36:56.217+0000] {logging_mixin.py:154} INFO - [2023-12-03T18:36:56.217+0000] {dag.py:3722} INFO - Setting next_dagrun for example_short_circuit_decorator to 2023-12-02T18:36:56.216627+00:00, run_after=2023-12-03T18:36:56.216627+00:00
[2023-12-03T18:36:56.435+0000] {processor.py:179} INFO - Processing /home/airflow/.local/lib/python3.8/site-packages/airflow/example_dags/example_short_circuit_decorator.py took 0.332 seconds
[2023-12-03T18:37:26.928+0000] {processor.py:157} INFO - Started process (PID=876) to work on /home/airflow/.local/lib/python3.8/site-packages/airflow/example_dags/example_short_circuit_decorator.py
[2023-12-03T18:37:26.930+0000] {processor.py:829} INFO - Processing file /home/airflow/.local/lib/python3.8/site-packages/airflow/example_dags/example_short_circuit_decorator.py for tasks to queue
[2023-12-03T18:37:26.935+0000] {logging_mixin.py:154} INFO - [2023-12-03T18:37:26.935+0000] {dagbag.py:536} INFO - Filling up the DagBag from /home/airflow/.local/lib/python3.8/site-packages/airflow/example_dags/example_short_circuit_decorator.py
[2023-12-03T18:37:26.955+0000] {processor.py:839} INFO - DAG(s) dict_keys(['example_short_circuit_decorator']) retrieved from /home/airflow/.local/lib/python3.8/site-packages/airflow/example_dags/example_short_circuit_decorator.py
[2023-12-03T18:37:26.989+0000] {logging_mixin.py:154} INFO - [2023-12-03T18:37:26.989+0000] {dag.py:2941} INFO - Sync 1 DAGs
[2023-12-03T18:37:27.026+0000] {logging_mixin.py:154} INFO - [2023-12-03T18:37:27.026+0000] {dag.py:3722} INFO - Setting next_dagrun for example_short_circuit_decorator to 2023-12-02T18:37:27.025756+00:00, run_after=2023-12-03T18:37:27.025756+00:00
[2023-12-03T18:37:27.060+0000] {processor.py:179} INFO - Processing /home/airflow/.local/lib/python3.8/site-packages/airflow/example_dags/example_short_circuit_decorator.py took 0.138 seconds
[2023-12-03T18:37:57.666+0000] {processor.py:157} INFO - Started process (PID=931) to work on /home/airflow/.local/lib/python3.8/site-packages/airflow/example_dags/example_short_circuit_decorator.py
[2023-12-03T18:37:57.667+0000] {processor.py:829} INFO - Processing file /home/airflow/.local/lib/python3.8/site-packages/airflow/example_dags/example_short_circuit_decorator.py for tasks to queue
[2023-12-03T18:37:57.675+0000] {logging_mixin.py:154} INFO - [2023-12-03T18:37:57.674+0000] {dagbag.py:536} INFO - Filling up the DagBag from /home/airflow/.local/lib/python3.8/site-packages/airflow/example_dags/example_short_circuit_decorator.py
[2023-12-03T18:37:57.705+0000] {processor.py:839} INFO - DAG(s) dict_keys(['example_short_circuit_decorator']) retrieved from /home/airflow/.local/lib/python3.8/site-packages/airflow/example_dags/example_short_circuit_decorator.py
[2023-12-03T18:37:57.775+0000] {logging_mixin.py:154} INFO - [2023-12-03T18:37:57.775+0000] {dag.py:2941} INFO - Sync 1 DAGs
[2023-12-03T18:37:57.814+0000] {logging_mixin.py:154} INFO - [2023-12-03T18:37:57.813+0000] {dag.py:3722} INFO - Setting next_dagrun for example_short_circuit_decorator to 2023-12-02T18:37:57.813456+00:00, run_after=2023-12-03T18:37:57.813456+00:00
[2023-12-03T18:37:57.845+0000] {processor.py:179} INFO - Processing /home/airflow/.local/lib/python3.8/site-packages/airflow/example_dags/example_short_circuit_decorator.py took 0.184 seconds
[2023-12-03T18:38:28.130+0000] {processor.py:157} INFO - Started process (PID=986) to work on /home/airflow/.local/lib/python3.8/site-packages/airflow/example_dags/example_short_circuit_decorator.py
[2023-12-03T18:38:28.133+0000] {processor.py:829} INFO - Processing file /home/airflow/.local/lib/python3.8/site-packages/airflow/example_dags/example_short_circuit_decorator.py for tasks to queue
[2023-12-03T18:38:28.142+0000] {logging_mixin.py:154} INFO - [2023-12-03T18:38:28.141+0000] {dagbag.py:536} INFO - Filling up the DagBag from /home/airflow/.local/lib/python3.8/site-packages/airflow/example_dags/example_short_circuit_decorator.py
[2023-12-03T18:38:28.175+0000] {processor.py:839} INFO - DAG(s) dict_keys(['example_short_circuit_decorator']) retrieved from /home/airflow/.local/lib/python3.8/site-packages/airflow/example_dags/example_short_circuit_decorator.py
[2023-12-03T18:38:28.216+0000] {logging_mixin.py:154} INFO - [2023-12-03T18:38:28.215+0000] {dag.py:2941} INFO - Sync 1 DAGs
[2023-12-03T18:38:28.251+0000] {logging_mixin.py:154} INFO - [2023-12-03T18:38:28.250+0000] {dag.py:3722} INFO - Setting next_dagrun for example_short_circuit_decorator to 2023-12-02T18:38:28.250420+00:00, run_after=2023-12-03T18:38:28.250420+00:00
[2023-12-03T18:38:28.288+0000] {processor.py:179} INFO - Processing /home/airflow/.local/lib/python3.8/site-packages/airflow/example_dags/example_short_circuit_decorator.py took 0.169 seconds
[2023-12-03T18:38:58.783+0000] {processor.py:157} INFO - Started process (PID=1041) to work on /home/airflow/.local/lib/python3.8/site-packages/airflow/example_dags/example_short_circuit_decorator.py
[2023-12-03T18:38:58.785+0000] {processor.py:829} INFO - Processing file /home/airflow/.local/lib/python3.8/site-packages/airflow/example_dags/example_short_circuit_decorator.py for tasks to queue
[2023-12-03T18:38:58.792+0000] {logging_mixin.py:154} INFO - [2023-12-03T18:38:58.791+0000] {dagbag.py:536} INFO - Filling up the DagBag from /home/airflow/.local/lib/python3.8/site-packages/airflow/example_dags/example_short_circuit_decorator.py
[2023-12-03T18:38:58.823+0000] {processor.py:839} INFO - DAG(s) dict_keys(['example_short_circuit_decorator']) retrieved from /home/airflow/.local/lib/python3.8/site-packages/airflow/example_dags/example_short_circuit_decorator.py
[2023-12-03T18:38:58.880+0000] {logging_mixin.py:154} INFO - [2023-12-03T18:38:58.879+0000] {dag.py:2941} INFO - Sync 1 DAGs
[2023-12-03T18:38:58.921+0000] {logging_mixin.py:154} INFO - [2023-12-03T18:38:58.921+0000] {dag.py:3722} INFO - Setting next_dagrun for example_short_circuit_decorator to 2023-12-02T18:38:58.920865+00:00, run_after=2023-12-03T18:38:58.920865+00:00
[2023-12-03T18:38:58.958+0000] {processor.py:179} INFO - Processing /home/airflow/.local/lib/python3.8/site-packages/airflow/example_dags/example_short_circuit_decorator.py took 0.187 seconds
[2023-12-03T18:39:29.920+0000] {processor.py:157} INFO - Started process (PID=1096) to work on /home/airflow/.local/lib/python3.8/site-packages/airflow/example_dags/example_short_circuit_decorator.py
[2023-12-03T18:39:29.923+0000] {processor.py:829} INFO - Processing file /home/airflow/.local/lib/python3.8/site-packages/airflow/example_dags/example_short_circuit_decorator.py for tasks to queue
[2023-12-03T18:39:29.932+0000] {logging_mixin.py:154} INFO - [2023-12-03T18:39:29.931+0000] {dagbag.py:536} INFO - Filling up the DagBag from /home/airflow/.local/lib/python3.8/site-packages/airflow/example_dags/example_short_circuit_decorator.py
[2023-12-03T18:39:29.946+0000] {processor.py:839} INFO - DAG(s) dict_keys(['example_short_circuit_decorator']) retrieved from /home/airflow/.local/lib/python3.8/site-packages/airflow/example_dags/example_short_circuit_decorator.py
[2023-12-03T18:39:29.990+0000] {logging_mixin.py:154} INFO - [2023-12-03T18:39:29.989+0000] {dag.py:2941} INFO - Sync 1 DAGs
[2023-12-03T18:39:30.033+0000] {logging_mixin.py:154} INFO - [2023-12-03T18:39:30.033+0000] {dag.py:3722} INFO - Setting next_dagrun for example_short_circuit_decorator to 2023-12-02T18:39:30.032608+00:00, run_after=2023-12-03T18:39:30.032608+00:00
[2023-12-03T18:39:30.077+0000] {processor.py:179} INFO - Processing /home/airflow/.local/lib/python3.8/site-packages/airflow/example_dags/example_short_circuit_decorator.py took 0.168 seconds
[2023-12-03T18:40:00.270+0000] {processor.py:157} INFO - Started process (PID=1151) to work on /home/airflow/.local/lib/python3.8/site-packages/airflow/example_dags/example_short_circuit_decorator.py
[2023-12-03T18:40:00.272+0000] {processor.py:829} INFO - Processing file /home/airflow/.local/lib/python3.8/site-packages/airflow/example_dags/example_short_circuit_decorator.py for tasks to queue
[2023-12-03T18:40:00.280+0000] {logging_mixin.py:154} INFO - [2023-12-03T18:40:00.279+0000] {dagbag.py:536} INFO - Filling up the DagBag from /home/airflow/.local/lib/python3.8/site-packages/airflow/example_dags/example_short_circuit_decorator.py
[2023-12-03T18:40:00.313+0000] {processor.py:839} INFO - DAG(s) dict_keys(['example_short_circuit_decorator']) retrieved from /home/airflow/.local/lib/python3.8/site-packages/airflow/example_dags/example_short_circuit_decorator.py
[2023-12-03T18:40:00.351+0000] {logging_mixin.py:154} INFO - [2023-12-03T18:40:00.351+0000] {dag.py:2941} INFO - Sync 1 DAGs
[2023-12-03T18:40:00.385+0000] {logging_mixin.py:154} INFO - [2023-12-03T18:40:00.385+0000] {dag.py:3722} INFO - Setting next_dagrun for example_short_circuit_decorator to 2023-12-02T18:40:00.385103+00:00, run_after=2023-12-03T18:40:00.385103+00:00
[2023-12-03T18:40:00.427+0000] {processor.py:179} INFO - Processing /home/airflow/.local/lib/python3.8/site-packages/airflow/example_dags/example_short_circuit_decorator.py took 0.166 seconds
[2023-12-03T18:41:29.691+0000] {processor.py:157} INFO - Started process (PID=36) to work on /home/airflow/.local/lib/python3.8/site-packages/airflow/example_dags/example_short_circuit_decorator.py
[2023-12-03T18:41:29.694+0000] {processor.py:829} INFO - Processing file /home/airflow/.local/lib/python3.8/site-packages/airflow/example_dags/example_short_circuit_decorator.py for tasks to queue
[2023-12-03T18:41:29.701+0000] {logging_mixin.py:154} INFO - [2023-12-03T18:41:29.700+0000] {dagbag.py:536} INFO - Filling up the DagBag from /home/airflow/.local/lib/python3.8/site-packages/airflow/example_dags/example_short_circuit_decorator.py
[2023-12-03T18:41:29.719+0000] {processor.py:839} INFO - DAG(s) dict_keys(['example_short_circuit_decorator']) retrieved from /home/airflow/.local/lib/python3.8/site-packages/airflow/example_dags/example_short_circuit_decorator.py
[2023-12-03T18:41:29.755+0000] {logging_mixin.py:154} INFO - [2023-12-03T18:41:29.754+0000] {dag.py:2941} INFO - Sync 1 DAGs
[2023-12-03T18:41:29.792+0000] {logging_mixin.py:154} INFO - [2023-12-03T18:41:29.792+0000] {dag.py:3722} INFO - Setting next_dagrun for example_short_circuit_decorator to 2023-12-02T18:41:29.791993+00:00, run_after=2023-12-03T18:41:29.791993+00:00
[2023-12-03T18:41:29.834+0000] {processor.py:179} INFO - Processing /home/airflow/.local/lib/python3.8/site-packages/airflow/example_dags/example_short_circuit_decorator.py took 0.150 seconds
[2023-12-03T18:41:54.754+0000] {processor.py:157} INFO - Started process (PID=35) to work on /home/airflow/.local/lib/python3.8/site-packages/airflow/example_dags/example_short_circuit_decorator.py
[2023-12-03T18:41:54.755+0000] {processor.py:829} INFO - Processing file /home/airflow/.local/lib/python3.8/site-packages/airflow/example_dags/example_short_circuit_decorator.py for tasks to queue
[2023-12-03T18:41:54.759+0000] {logging_mixin.py:154} INFO - [2023-12-03T18:41:54.758+0000] {dagbag.py:536} INFO - Filling up the DagBag from /home/airflow/.local/lib/python3.8/site-packages/airflow/example_dags/example_short_circuit_decorator.py
[2023-12-03T18:41:54.786+0000] {processor.py:839} INFO - DAG(s) dict_keys(['example_short_circuit_decorator']) retrieved from /home/airflow/.local/lib/python3.8/site-packages/airflow/example_dags/example_short_circuit_decorator.py
[2023-12-03T18:41:54.854+0000] {logging_mixin.py:154} INFO - [2023-12-03T18:41:54.854+0000] {dag.py:2941} INFO - Sync 1 DAGs
[2023-12-03T18:41:54.886+0000] {logging_mixin.py:154} INFO - [2023-12-03T18:41:54.886+0000] {dag.py:3722} INFO - Setting next_dagrun for example_short_circuit_decorator to 2023-12-02T18:41:54.886335+00:00, run_after=2023-12-03T18:41:54.886335+00:00
[2023-12-03T18:41:54.914+0000] {processor.py:179} INFO - Processing /home/airflow/.local/lib/python3.8/site-packages/airflow/example_dags/example_short_circuit_decorator.py took 0.166 seconds
[2023-12-03T18:42:25.442+0000] {processor.py:157} INFO - Started process (PID=90) to work on /home/airflow/.local/lib/python3.8/site-packages/airflow/example_dags/example_short_circuit_decorator.py
[2023-12-03T18:42:25.445+0000] {processor.py:829} INFO - Processing file /home/airflow/.local/lib/python3.8/site-packages/airflow/example_dags/example_short_circuit_decorator.py for tasks to queue
[2023-12-03T18:42:25.452+0000] {logging_mixin.py:154} INFO - [2023-12-03T18:42:25.451+0000] {dagbag.py:536} INFO - Filling up the DagBag from /home/airflow/.local/lib/python3.8/site-packages/airflow/example_dags/example_short_circuit_decorator.py
[2023-12-03T18:42:25.481+0000] {processor.py:839} INFO - DAG(s) dict_keys(['example_short_circuit_decorator']) retrieved from /home/airflow/.local/lib/python3.8/site-packages/airflow/example_dags/example_short_circuit_decorator.py
[2023-12-03T18:42:25.522+0000] {logging_mixin.py:154} INFO - [2023-12-03T18:42:25.522+0000] {dag.py:2941} INFO - Sync 1 DAGs
[2023-12-03T18:42:25.563+0000] {logging_mixin.py:154} INFO - [2023-12-03T18:42:25.563+0000] {dag.py:3722} INFO - Setting next_dagrun for example_short_circuit_decorator to 2023-12-02T18:42:25.562604+00:00, run_after=2023-12-03T18:42:25.562604+00:00
[2023-12-03T18:42:25.601+0000] {processor.py:179} INFO - Processing /home/airflow/.local/lib/python3.8/site-packages/airflow/example_dags/example_short_circuit_decorator.py took 0.170 seconds
[2023-12-03T18:42:56.428+0000] {processor.py:157} INFO - Started process (PID=146) to work on /home/airflow/.local/lib/python3.8/site-packages/airflow/example_dags/example_short_circuit_decorator.py
[2023-12-03T18:42:56.430+0000] {processor.py:829} INFO - Processing file /home/airflow/.local/lib/python3.8/site-packages/airflow/example_dags/example_short_circuit_decorator.py for tasks to queue
[2023-12-03T18:42:56.434+0000] {logging_mixin.py:154} INFO - [2023-12-03T18:42:56.434+0000] {dagbag.py:536} INFO - Filling up the DagBag from /home/airflow/.local/lib/python3.8/site-packages/airflow/example_dags/example_short_circuit_decorator.py
[2023-12-03T18:42:56.452+0000] {processor.py:839} INFO - DAG(s) dict_keys(['example_short_circuit_decorator']) retrieved from /home/airflow/.local/lib/python3.8/site-packages/airflow/example_dags/example_short_circuit_decorator.py
[2023-12-03T18:42:56.491+0000] {logging_mixin.py:154} INFO - [2023-12-03T18:42:56.490+0000] {dag.py:2941} INFO - Sync 1 DAGs
[2023-12-03T18:42:56.526+0000] {logging_mixin.py:154} INFO - [2023-12-03T18:42:56.526+0000] {dag.py:3722} INFO - Setting next_dagrun for example_short_circuit_decorator to 2023-12-02T18:42:56.525617+00:00, run_after=2023-12-03T18:42:56.525617+00:00
[2023-12-03T18:42:56.570+0000] {processor.py:179} INFO - Processing /home/airflow/.local/lib/python3.8/site-packages/airflow/example_dags/example_short_circuit_decorator.py took 0.147 seconds
[2023-12-03T18:43:27.205+0000] {processor.py:157} INFO - Started process (PID=201) to work on /home/airflow/.local/lib/python3.8/site-packages/airflow/example_dags/example_short_circuit_decorator.py
[2023-12-03T18:43:27.206+0000] {processor.py:829} INFO - Processing file /home/airflow/.local/lib/python3.8/site-packages/airflow/example_dags/example_short_circuit_decorator.py for tasks to queue
[2023-12-03T18:43:27.210+0000] {logging_mixin.py:154} INFO - [2023-12-03T18:43:27.209+0000] {dagbag.py:536} INFO - Filling up the DagBag from /home/airflow/.local/lib/python3.8/site-packages/airflow/example_dags/example_short_circuit_decorator.py
[2023-12-03T18:43:27.222+0000] {processor.py:839} INFO - DAG(s) dict_keys(['example_short_circuit_decorator']) retrieved from /home/airflow/.local/lib/python3.8/site-packages/airflow/example_dags/example_short_circuit_decorator.py
[2023-12-03T18:43:27.259+0000] {logging_mixin.py:154} INFO - [2023-12-03T18:43:27.259+0000] {dag.py:2941} INFO - Sync 1 DAGs
[2023-12-03T18:43:27.295+0000] {logging_mixin.py:154} INFO - [2023-12-03T18:43:27.294+0000] {dag.py:3722} INFO - Setting next_dagrun for example_short_circuit_decorator to 2023-12-02T18:43:27.294390+00:00, run_after=2023-12-03T18:43:27.294390+00:00
[2023-12-03T18:43:27.328+0000] {processor.py:179} INFO - Processing /home/airflow/.local/lib/python3.8/site-packages/airflow/example_dags/example_short_circuit_decorator.py took 0.129 seconds
[2023-12-03T18:43:58.036+0000] {processor.py:157} INFO - Started process (PID=256) to work on /home/airflow/.local/lib/python3.8/site-packages/airflow/example_dags/example_short_circuit_decorator.py
[2023-12-03T18:43:58.038+0000] {processor.py:829} INFO - Processing file /home/airflow/.local/lib/python3.8/site-packages/airflow/example_dags/example_short_circuit_decorator.py for tasks to queue
[2023-12-03T18:43:58.042+0000] {logging_mixin.py:154} INFO - [2023-12-03T18:43:58.042+0000] {dagbag.py:536} INFO - Filling up the DagBag from /home/airflow/.local/lib/python3.8/site-packages/airflow/example_dags/example_short_circuit_decorator.py
[2023-12-03T18:43:58.056+0000] {processor.py:839} INFO - DAG(s) dict_keys(['example_short_circuit_decorator']) retrieved from /home/airflow/.local/lib/python3.8/site-packages/airflow/example_dags/example_short_circuit_decorator.py
[2023-12-03T18:43:58.095+0000] {logging_mixin.py:154} INFO - [2023-12-03T18:43:58.095+0000] {dag.py:2941} INFO - Sync 1 DAGs
[2023-12-03T18:43:58.129+0000] {logging_mixin.py:154} INFO - [2023-12-03T18:43:58.128+0000] {dag.py:3722} INFO - Setting next_dagrun for example_short_circuit_decorator to 2023-12-02T18:43:58.128379+00:00, run_after=2023-12-03T18:43:58.128379+00:00
[2023-12-03T18:43:58.161+0000] {processor.py:179} INFO - Processing /home/airflow/.local/lib/python3.8/site-packages/airflow/example_dags/example_short_circuit_decorator.py took 0.134 seconds
[2023-12-03T18:44:28.961+0000] {processor.py:157} INFO - Started process (PID=311) to work on /home/airflow/.local/lib/python3.8/site-packages/airflow/example_dags/example_short_circuit_decorator.py
[2023-12-03T18:44:28.962+0000] {processor.py:829} INFO - Processing file /home/airflow/.local/lib/python3.8/site-packages/airflow/example_dags/example_short_circuit_decorator.py for tasks to queue
[2023-12-03T18:44:28.966+0000] {logging_mixin.py:154} INFO - [2023-12-03T18:44:28.966+0000] {dagbag.py:536} INFO - Filling up the DagBag from /home/airflow/.local/lib/python3.8/site-packages/airflow/example_dags/example_short_circuit_decorator.py
[2023-12-03T18:44:28.982+0000] {processor.py:839} INFO - DAG(s) dict_keys(['example_short_circuit_decorator']) retrieved from /home/airflow/.local/lib/python3.8/site-packages/airflow/example_dags/example_short_circuit_decorator.py
[2023-12-03T18:44:29.028+0000] {logging_mixin.py:154} INFO - [2023-12-03T18:44:29.028+0000] {dag.py:2941} INFO - Sync 1 DAGs
[2023-12-03T18:44:29.089+0000] {logging_mixin.py:154} INFO - [2023-12-03T18:44:29.088+0000] {dag.py:3722} INFO - Setting next_dagrun for example_short_circuit_decorator to 2023-12-02T18:44:29.086177+00:00, run_after=2023-12-03T18:44:29.086177+00:00
[2023-12-03T18:44:29.131+0000] {processor.py:179} INFO - Processing /home/airflow/.local/lib/python3.8/site-packages/airflow/example_dags/example_short_circuit_decorator.py took 0.176 seconds
[2023-12-03T18:48:26.118+0000] {processor.py:157} INFO - Started process (PID=39) to work on /home/airflow/.local/lib/python3.8/site-packages/airflow/example_dags/example_short_circuit_decorator.py
[2023-12-03T18:48:26.120+0000] {processor.py:829} INFO - Processing file /home/airflow/.local/lib/python3.8/site-packages/airflow/example_dags/example_short_circuit_decorator.py for tasks to queue
[2023-12-03T18:48:26.124+0000] {logging_mixin.py:154} INFO - [2023-12-03T18:48:26.123+0000] {dagbag.py:536} INFO - Filling up the DagBag from /home/airflow/.local/lib/python3.8/site-packages/airflow/example_dags/example_short_circuit_decorator.py
[2023-12-03T18:48:26.180+0000] {processor.py:839} INFO - DAG(s) dict_keys(['example_short_circuit_decorator']) retrieved from /home/airflow/.local/lib/python3.8/site-packages/airflow/example_dags/example_short_circuit_decorator.py
[2023-12-03T18:48:26.223+0000] {logging_mixin.py:154} INFO - [2023-12-03T18:48:26.223+0000] {dag.py:2941} INFO - Sync 1 DAGs
[2023-12-03T18:48:26.270+0000] {logging_mixin.py:154} INFO - [2023-12-03T18:48:26.270+0000] {dag.py:3722} INFO - Setting next_dagrun for example_short_circuit_decorator to 2023-12-02T18:48:26.269940+00:00, run_after=2023-12-03T18:48:26.269940+00:00
[2023-12-03T18:48:26.323+0000] {processor.py:179} INFO - Processing /home/airflow/.local/lib/python3.8/site-packages/airflow/example_dags/example_short_circuit_decorator.py took 0.211 seconds
[2023-12-03T18:48:56.833+0000] {processor.py:157} INFO - Started process (PID=94) to work on /home/airflow/.local/lib/python3.8/site-packages/airflow/example_dags/example_short_circuit_decorator.py
[2023-12-03T18:48:56.835+0000] {processor.py:829} INFO - Processing file /home/airflow/.local/lib/python3.8/site-packages/airflow/example_dags/example_short_circuit_decorator.py for tasks to queue
[2023-12-03T18:48:56.840+0000] {logging_mixin.py:154} INFO - [2023-12-03T18:48:56.840+0000] {dagbag.py:536} INFO - Filling up the DagBag from /home/airflow/.local/lib/python3.8/site-packages/airflow/example_dags/example_short_circuit_decorator.py
[2023-12-03T18:48:56.854+0000] {processor.py:839} INFO - DAG(s) dict_keys(['example_short_circuit_decorator']) retrieved from /home/airflow/.local/lib/python3.8/site-packages/airflow/example_dags/example_short_circuit_decorator.py
[2023-12-03T18:48:56.891+0000] {logging_mixin.py:154} INFO - [2023-12-03T18:48:56.891+0000] {dag.py:2941} INFO - Sync 1 DAGs
[2023-12-03T18:48:56.924+0000] {logging_mixin.py:154} INFO - [2023-12-03T18:48:56.924+0000] {dag.py:3722} INFO - Setting next_dagrun for example_short_circuit_decorator to 2023-12-02T18:48:56.923889+00:00, run_after=2023-12-03T18:48:56.923889+00:00
[2023-12-03T18:48:56.961+0000] {processor.py:179} INFO - Processing /home/airflow/.local/lib/python3.8/site-packages/airflow/example_dags/example_short_circuit_decorator.py took 0.138 seconds
[2023-12-03T18:49:27.423+0000] {processor.py:157} INFO - Started process (PID=149) to work on /home/airflow/.local/lib/python3.8/site-packages/airflow/example_dags/example_short_circuit_decorator.py
[2023-12-03T18:49:27.425+0000] {processor.py:829} INFO - Processing file /home/airflow/.local/lib/python3.8/site-packages/airflow/example_dags/example_short_circuit_decorator.py for tasks to queue
[2023-12-03T18:49:27.431+0000] {logging_mixin.py:154} INFO - [2023-12-03T18:49:27.430+0000] {dagbag.py:536} INFO - Filling up the DagBag from /home/airflow/.local/lib/python3.8/site-packages/airflow/example_dags/example_short_circuit_decorator.py
[2023-12-03T18:49:27.446+0000] {processor.py:839} INFO - DAG(s) dict_keys(['example_short_circuit_decorator']) retrieved from /home/airflow/.local/lib/python3.8/site-packages/airflow/example_dags/example_short_circuit_decorator.py
[2023-12-03T18:49:27.477+0000] {logging_mixin.py:154} INFO - [2023-12-03T18:49:27.476+0000] {dag.py:2941} INFO - Sync 1 DAGs
[2023-12-03T18:49:27.507+0000] {logging_mixin.py:154} INFO - [2023-12-03T18:49:27.507+0000] {dag.py:3722} INFO - Setting next_dagrun for example_short_circuit_decorator to 2023-12-02T18:49:27.506645+00:00, run_after=2023-12-03T18:49:27.506645+00:00
[2023-12-03T18:49:27.546+0000] {processor.py:179} INFO - Processing /home/airflow/.local/lib/python3.8/site-packages/airflow/example_dags/example_short_circuit_decorator.py took 0.132 seconds
