[2023-12-03T18:18:46.921+0000] {processor.py:157} INFO - Started process (PID=48) to work on /home/airflow/.local/lib/python3.8/site-packages/airflow/example_dags/example_setup_teardown_taskflow.py
[2023-12-03T18:18:46.923+0000] {processor.py:829} INFO - Processing file /home/airflow/.local/lib/python3.8/site-packages/airflow/example_dags/example_setup_teardown_taskflow.py for tasks to queue
[2023-12-03T18:18:46.927+0000] {logging_mixin.py:154} INFO - [2023-12-03T18:18:46.926+0000] {dagbag.py:536} INFO - Filling up the DagBag from /home/airflow/.local/lib/python3.8/site-packages/airflow/example_dags/example_setup_teardown_taskflow.py
[2023-12-03T18:18:46.953+0000] {processor.py:839} INFO - DAG(s) dict_keys(['example_setup_teardown_taskflow']) retrieved from /home/airflow/.local/lib/python3.8/site-packages/airflow/example_dags/example_setup_teardown_taskflow.py
[2023-12-03T18:18:47.010+0000] {logging_mixin.py:154} INFO - [2023-12-03T18:18:47.009+0000] {dag.py:2941} INFO - Sync 1 DAGs
[2023-12-03T18:18:47.047+0000] {logging_mixin.py:154} INFO - [2023-12-03T18:18:47.047+0000] {dag.py:3722} INFO - Setting next_dagrun for example_setup_teardown_taskflow to 2023-12-02T18:18:47.046490+00:00, run_after=2023-12-03T18:18:47.046490+00:00
[2023-12-03T18:18:47.086+0000] {processor.py:179} INFO - Processing /home/airflow/.local/lib/python3.8/site-packages/airflow/example_dags/example_setup_teardown_taskflow.py took 0.171 seconds
[2023-12-03T18:19:18.001+0000] {processor.py:157} INFO - Started process (PID=102) to work on /home/airflow/.local/lib/python3.8/site-packages/airflow/example_dags/example_setup_teardown_taskflow.py
[2023-12-03T18:19:18.003+0000] {processor.py:829} INFO - Processing file /home/airflow/.local/lib/python3.8/site-packages/airflow/example_dags/example_setup_teardown_taskflow.py for tasks to queue
[2023-12-03T18:19:18.011+0000] {logging_mixin.py:154} INFO - [2023-12-03T18:19:18.010+0000] {dagbag.py:536} INFO - Filling up the DagBag from /home/airflow/.local/lib/python3.8/site-packages/airflow/example_dags/example_setup_teardown_taskflow.py
[2023-12-03T18:19:18.030+0000] {processor.py:839} INFO - DAG(s) dict_keys(['example_setup_teardown_taskflow']) retrieved from /home/airflow/.local/lib/python3.8/site-packages/airflow/example_dags/example_setup_teardown_taskflow.py
[2023-12-03T18:19:18.082+0000] {logging_mixin.py:154} INFO - [2023-12-03T18:19:18.081+0000] {dag.py:2941} INFO - Sync 1 DAGs
[2023-12-03T18:19:18.143+0000] {logging_mixin.py:154} INFO - [2023-12-03T18:19:18.142+0000] {dag.py:3722} INFO - Setting next_dagrun for example_setup_teardown_taskflow to 2023-12-02T18:19:18.142192+00:00, run_after=2023-12-03T18:19:18.142192+00:00
[2023-12-03T18:19:18.198+0000] {processor.py:179} INFO - Processing /home/airflow/.local/lib/python3.8/site-packages/airflow/example_dags/example_setup_teardown_taskflow.py took 0.203 seconds
[2023-12-03T18:19:48.883+0000] {processor.py:157} INFO - Started process (PID=156) to work on /home/airflow/.local/lib/python3.8/site-packages/airflow/example_dags/example_setup_teardown_taskflow.py
[2023-12-03T18:19:48.885+0000] {processor.py:829} INFO - Processing file /home/airflow/.local/lib/python3.8/site-packages/airflow/example_dags/example_setup_teardown_taskflow.py for tasks to queue
[2023-12-03T18:19:48.890+0000] {logging_mixin.py:154} INFO - [2023-12-03T18:19:48.889+0000] {dagbag.py:536} INFO - Filling up the DagBag from /home/airflow/.local/lib/python3.8/site-packages/airflow/example_dags/example_setup_teardown_taskflow.py
[2023-12-03T18:19:48.910+0000] {processor.py:839} INFO - DAG(s) dict_keys(['example_setup_teardown_taskflow']) retrieved from /home/airflow/.local/lib/python3.8/site-packages/airflow/example_dags/example_setup_teardown_taskflow.py
[2023-12-03T18:19:48.935+0000] {logging_mixin.py:154} INFO - [2023-12-03T18:19:48.935+0000] {dag.py:2941} INFO - Sync 1 DAGs
[2023-12-03T18:19:48.983+0000] {logging_mixin.py:154} INFO - [2023-12-03T18:19:48.982+0000] {dag.py:3722} INFO - Setting next_dagrun for example_setup_teardown_taskflow to 2023-12-02T18:19:48.981925+00:00, run_after=2023-12-03T18:19:48.981925+00:00
[2023-12-03T18:19:49.031+0000] {processor.py:179} INFO - Processing /home/airflow/.local/lib/python3.8/site-packages/airflow/example_dags/example_setup_teardown_taskflow.py took 0.156 seconds
[2023-12-03T18:20:19.432+0000] {processor.py:157} INFO - Started process (PID=210) to work on /home/airflow/.local/lib/python3.8/site-packages/airflow/example_dags/example_setup_teardown_taskflow.py
[2023-12-03T18:20:19.434+0000] {processor.py:829} INFO - Processing file /home/airflow/.local/lib/python3.8/site-packages/airflow/example_dags/example_setup_teardown_taskflow.py for tasks to queue
[2023-12-03T18:20:19.439+0000] {logging_mixin.py:154} INFO - [2023-12-03T18:20:19.438+0000] {dagbag.py:536} INFO - Filling up the DagBag from /home/airflow/.local/lib/python3.8/site-packages/airflow/example_dags/example_setup_teardown_taskflow.py
[2023-12-03T18:20:19.468+0000] {processor.py:839} INFO - DAG(s) dict_keys(['example_setup_teardown_taskflow']) retrieved from /home/airflow/.local/lib/python3.8/site-packages/airflow/example_dags/example_setup_teardown_taskflow.py
[2023-12-03T18:20:19.514+0000] {logging_mixin.py:154} INFO - [2023-12-03T18:20:19.514+0000] {dag.py:2941} INFO - Sync 1 DAGs
[2023-12-03T18:20:19.552+0000] {logging_mixin.py:154} INFO - [2023-12-03T18:20:19.552+0000] {dag.py:3722} INFO - Setting next_dagrun for example_setup_teardown_taskflow to 2023-12-02T18:20:19.552402+00:00, run_after=2023-12-03T18:20:19.552402+00:00
[2023-12-03T18:20:19.599+0000] {processor.py:179} INFO - Processing /home/airflow/.local/lib/python3.8/site-packages/airflow/example_dags/example_setup_teardown_taskflow.py took 0.173 seconds
[2023-12-03T18:20:50.046+0000] {processor.py:157} INFO - Started process (PID=264) to work on /home/airflow/.local/lib/python3.8/site-packages/airflow/example_dags/example_setup_teardown_taskflow.py
[2023-12-03T18:20:50.048+0000] {processor.py:829} INFO - Processing file /home/airflow/.local/lib/python3.8/site-packages/airflow/example_dags/example_setup_teardown_taskflow.py for tasks to queue
[2023-12-03T18:20:50.052+0000] {logging_mixin.py:154} INFO - [2023-12-03T18:20:50.051+0000] {dagbag.py:536} INFO - Filling up the DagBag from /home/airflow/.local/lib/python3.8/site-packages/airflow/example_dags/example_setup_teardown_taskflow.py
[2023-12-03T18:20:50.069+0000] {processor.py:839} INFO - DAG(s) dict_keys(['example_setup_teardown_taskflow']) retrieved from /home/airflow/.local/lib/python3.8/site-packages/airflow/example_dags/example_setup_teardown_taskflow.py
[2023-12-03T18:20:50.136+0000] {logging_mixin.py:154} INFO - [2023-12-03T18:20:50.135+0000] {dag.py:2941} INFO - Sync 1 DAGs
[2023-12-03T18:20:50.178+0000] {logging_mixin.py:154} INFO - [2023-12-03T18:20:50.178+0000] {dag.py:3722} INFO - Setting next_dagrun for example_setup_teardown_taskflow to 2023-12-02T18:20:50.177749+00:00, run_after=2023-12-03T18:20:50.177749+00:00
[2023-12-03T18:20:50.231+0000] {processor.py:179} INFO - Processing /home/airflow/.local/lib/python3.8/site-packages/airflow/example_dags/example_setup_teardown_taskflow.py took 0.192 seconds
[2023-12-03T18:21:20.301+0000] {processor.py:157} INFO - Started process (PID=318) to work on /home/airflow/.local/lib/python3.8/site-packages/airflow/example_dags/example_setup_teardown_taskflow.py
[2023-12-03T18:21:20.303+0000] {processor.py:829} INFO - Processing file /home/airflow/.local/lib/python3.8/site-packages/airflow/example_dags/example_setup_teardown_taskflow.py for tasks to queue
[2023-12-03T18:21:20.307+0000] {logging_mixin.py:154} INFO - [2023-12-03T18:21:20.306+0000] {dagbag.py:536} INFO - Filling up the DagBag from /home/airflow/.local/lib/python3.8/site-packages/airflow/example_dags/example_setup_teardown_taskflow.py
[2023-12-03T18:21:20.321+0000] {processor.py:839} INFO - DAG(s) dict_keys(['example_setup_teardown_taskflow']) retrieved from /home/airflow/.local/lib/python3.8/site-packages/airflow/example_dags/example_setup_teardown_taskflow.py
[2023-12-03T18:21:20.339+0000] {logging_mixin.py:154} INFO - [2023-12-03T18:21:20.339+0000] {dag.py:2941} INFO - Sync 1 DAGs
[2023-12-03T18:21:20.379+0000] {logging_mixin.py:154} INFO - [2023-12-03T18:21:20.379+0000] {dag.py:3722} INFO - Setting next_dagrun for example_setup_teardown_taskflow to 2023-12-02T18:21:20.379088+00:00, run_after=2023-12-03T18:21:20.379088+00:00
[2023-12-03T18:21:20.419+0000] {processor.py:179} INFO - Processing /home/airflow/.local/lib/python3.8/site-packages/airflow/example_dags/example_setup_teardown_taskflow.py took 0.122 seconds
[2023-12-03T18:21:50.620+0000] {processor.py:157} INFO - Started process (PID=372) to work on /home/airflow/.local/lib/python3.8/site-packages/airflow/example_dags/example_setup_teardown_taskflow.py
[2023-12-03T18:21:50.622+0000] {processor.py:829} INFO - Processing file /home/airflow/.local/lib/python3.8/site-packages/airflow/example_dags/example_setup_teardown_taskflow.py for tasks to queue
[2023-12-03T18:21:50.627+0000] {logging_mixin.py:154} INFO - [2023-12-03T18:21:50.626+0000] {dagbag.py:536} INFO - Filling up the DagBag from /home/airflow/.local/lib/python3.8/site-packages/airflow/example_dags/example_setup_teardown_taskflow.py
[2023-12-03T18:21:50.644+0000] {processor.py:839} INFO - DAG(s) dict_keys(['example_setup_teardown_taskflow']) retrieved from /home/airflow/.local/lib/python3.8/site-packages/airflow/example_dags/example_setup_teardown_taskflow.py
[2023-12-03T18:21:50.695+0000] {logging_mixin.py:154} INFO - [2023-12-03T18:21:50.695+0000] {dag.py:2941} INFO - Sync 1 DAGs
[2023-12-03T18:21:50.752+0000] {logging_mixin.py:154} INFO - [2023-12-03T18:21:50.752+0000] {dag.py:3722} INFO - Setting next_dagrun for example_setup_teardown_taskflow to 2023-12-02T18:21:50.751522+00:00, run_after=2023-12-03T18:21:50.751522+00:00
[2023-12-03T18:21:50.797+0000] {processor.py:179} INFO - Processing /home/airflow/.local/lib/python3.8/site-packages/airflow/example_dags/example_setup_teardown_taskflow.py took 0.183 seconds
[2023-12-03T18:22:20.868+0000] {processor.py:157} INFO - Started process (PID=425) to work on /home/airflow/.local/lib/python3.8/site-packages/airflow/example_dags/example_setup_teardown_taskflow.py
[2023-12-03T18:22:20.870+0000] {processor.py:829} INFO - Processing file /home/airflow/.local/lib/python3.8/site-packages/airflow/example_dags/example_setup_teardown_taskflow.py for tasks to queue
[2023-12-03T18:22:20.874+0000] {logging_mixin.py:154} INFO - [2023-12-03T18:22:20.874+0000] {dagbag.py:536} INFO - Filling up the DagBag from /home/airflow/.local/lib/python3.8/site-packages/airflow/example_dags/example_setup_teardown_taskflow.py
[2023-12-03T18:22:20.890+0000] {processor.py:839} INFO - DAG(s) dict_keys(['example_setup_teardown_taskflow']) retrieved from /home/airflow/.local/lib/python3.8/site-packages/airflow/example_dags/example_setup_teardown_taskflow.py
[2023-12-03T18:22:20.924+0000] {logging_mixin.py:154} INFO - [2023-12-03T18:22:20.924+0000] {dag.py:2941} INFO - Sync 1 DAGs
[2023-12-03T18:22:20.960+0000] {logging_mixin.py:154} INFO - [2023-12-03T18:22:20.960+0000] {dag.py:3722} INFO - Setting next_dagrun for example_setup_teardown_taskflow to 2023-12-02T18:22:20.959620+00:00, run_after=2023-12-03T18:22:20.959620+00:00
[2023-12-03T18:22:21.000+0000] {processor.py:179} INFO - Processing /home/airflow/.local/lib/python3.8/site-packages/airflow/example_dags/example_setup_teardown_taskflow.py took 0.137 seconds
[2023-12-03T18:23:56.715+0000] {processor.py:157} INFO - Started process (PID=48) to work on /home/airflow/.local/lib/python3.8/site-packages/airflow/example_dags/example_setup_teardown_taskflow.py
[2023-12-03T18:23:56.716+0000] {processor.py:829} INFO - Processing file /home/airflow/.local/lib/python3.8/site-packages/airflow/example_dags/example_setup_teardown_taskflow.py for tasks to queue
[2023-12-03T18:23:56.722+0000] {logging_mixin.py:154} INFO - [2023-12-03T18:23:56.722+0000] {dagbag.py:536} INFO - Filling up the DagBag from /home/airflow/.local/lib/python3.8/site-packages/airflow/example_dags/example_setup_teardown_taskflow.py
[2023-12-03T18:23:56.753+0000] {processor.py:839} INFO - DAG(s) dict_keys(['example_setup_teardown_taskflow']) retrieved from /home/airflow/.local/lib/python3.8/site-packages/airflow/example_dags/example_setup_teardown_taskflow.py
[2023-12-03T18:23:56.778+0000] {logging_mixin.py:154} INFO - [2023-12-03T18:23:56.777+0000] {dag.py:2941} INFO - Sync 1 DAGs
[2023-12-03T18:23:56.846+0000] {logging_mixin.py:154} INFO - [2023-12-03T18:23:56.846+0000] {dag.py:3722} INFO - Setting next_dagrun for example_setup_teardown_taskflow to 2023-12-02T18:23:56.845465+00:00, run_after=2023-12-03T18:23:56.845465+00:00
[2023-12-03T18:23:56.903+0000] {processor.py:179} INFO - Processing /home/airflow/.local/lib/python3.8/site-packages/airflow/example_dags/example_setup_teardown_taskflow.py took 0.195 seconds
[2023-12-03T18:24:28.061+0000] {processor.py:157} INFO - Started process (PID=102) to work on /home/airflow/.local/lib/python3.8/site-packages/airflow/example_dags/example_setup_teardown_taskflow.py
[2023-12-03T18:24:28.063+0000] {processor.py:829} INFO - Processing file /home/airflow/.local/lib/python3.8/site-packages/airflow/example_dags/example_setup_teardown_taskflow.py for tasks to queue
[2023-12-03T18:24:28.066+0000] {logging_mixin.py:154} INFO - [2023-12-03T18:24:28.065+0000] {dagbag.py:536} INFO - Filling up the DagBag from /home/airflow/.local/lib/python3.8/site-packages/airflow/example_dags/example_setup_teardown_taskflow.py
[2023-12-03T18:24:28.083+0000] {processor.py:839} INFO - DAG(s) dict_keys(['example_setup_teardown_taskflow']) retrieved from /home/airflow/.local/lib/python3.8/site-packages/airflow/example_dags/example_setup_teardown_taskflow.py
[2023-12-03T18:24:28.141+0000] {logging_mixin.py:154} INFO - [2023-12-03T18:24:28.141+0000] {dag.py:2941} INFO - Sync 1 DAGs
[2023-12-03T18:24:28.186+0000] {logging_mixin.py:154} INFO - [2023-12-03T18:24:28.185+0000] {dag.py:3722} INFO - Setting next_dagrun for example_setup_teardown_taskflow to 2023-12-02T18:24:28.185665+00:00, run_after=2023-12-03T18:24:28.185665+00:00
[2023-12-03T18:24:28.215+0000] {processor.py:179} INFO - Processing /home/airflow/.local/lib/python3.8/site-packages/airflow/example_dags/example_setup_teardown_taskflow.py took 0.158 seconds
[2023-12-03T18:24:59.016+0000] {processor.py:157} INFO - Started process (PID=156) to work on /home/airflow/.local/lib/python3.8/site-packages/airflow/example_dags/example_setup_teardown_taskflow.py
[2023-12-03T18:24:59.018+0000] {processor.py:829} INFO - Processing file /home/airflow/.local/lib/python3.8/site-packages/airflow/example_dags/example_setup_teardown_taskflow.py for tasks to queue
[2023-12-03T18:24:59.025+0000] {logging_mixin.py:154} INFO - [2023-12-03T18:24:59.024+0000] {dagbag.py:536} INFO - Filling up the DagBag from /home/airflow/.local/lib/python3.8/site-packages/airflow/example_dags/example_setup_teardown_taskflow.py
[2023-12-03T18:24:59.055+0000] {processor.py:839} INFO - DAG(s) dict_keys(['example_setup_teardown_taskflow']) retrieved from /home/airflow/.local/lib/python3.8/site-packages/airflow/example_dags/example_setup_teardown_taskflow.py
[2023-12-03T18:24:59.124+0000] {logging_mixin.py:154} INFO - [2023-12-03T18:24:59.123+0000] {dag.py:2941} INFO - Sync 1 DAGs
[2023-12-03T18:24:59.181+0000] {logging_mixin.py:154} INFO - [2023-12-03T18:24:59.180+0000] {dag.py:3722} INFO - Setting next_dagrun for example_setup_teardown_taskflow to 2023-12-02T18:24:59.180351+00:00, run_after=2023-12-03T18:24:59.180351+00:00
[2023-12-03T18:24:59.236+0000] {processor.py:179} INFO - Processing /home/airflow/.local/lib/python3.8/site-packages/airflow/example_dags/example_setup_teardown_taskflow.py took 0.199 seconds
[2023-12-03T18:25:29.575+0000] {processor.py:157} INFO - Started process (PID=210) to work on /home/airflow/.local/lib/python3.8/site-packages/airflow/example_dags/example_setup_teardown_taskflow.py
[2023-12-03T18:25:29.577+0000] {processor.py:829} INFO - Processing file /home/airflow/.local/lib/python3.8/site-packages/airflow/example_dags/example_setup_teardown_taskflow.py for tasks to queue
[2023-12-03T18:25:29.584+0000] {logging_mixin.py:154} INFO - [2023-12-03T18:25:29.583+0000] {dagbag.py:536} INFO - Filling up the DagBag from /home/airflow/.local/lib/python3.8/site-packages/airflow/example_dags/example_setup_teardown_taskflow.py
[2023-12-03T18:25:29.598+0000] {processor.py:839} INFO - DAG(s) dict_keys(['example_setup_teardown_taskflow']) retrieved from /home/airflow/.local/lib/python3.8/site-packages/airflow/example_dags/example_setup_teardown_taskflow.py
[2023-12-03T18:25:29.632+0000] {logging_mixin.py:154} INFO - [2023-12-03T18:25:29.632+0000] {dag.py:2941} INFO - Sync 1 DAGs
[2023-12-03T18:25:29.665+0000] {logging_mixin.py:154} INFO - [2023-12-03T18:25:29.665+0000] {dag.py:3722} INFO - Setting next_dagrun for example_setup_teardown_taskflow to 2023-12-02T18:25:29.664973+00:00, run_after=2023-12-03T18:25:29.664973+00:00
[2023-12-03T18:25:29.707+0000] {processor.py:179} INFO - Processing /home/airflow/.local/lib/python3.8/site-packages/airflow/example_dags/example_setup_teardown_taskflow.py took 0.142 seconds
[2023-12-03T18:26:00.202+0000] {processor.py:157} INFO - Started process (PID=264) to work on /home/airflow/.local/lib/python3.8/site-packages/airflow/example_dags/example_setup_teardown_taskflow.py
[2023-12-03T18:26:00.204+0000] {processor.py:829} INFO - Processing file /home/airflow/.local/lib/python3.8/site-packages/airflow/example_dags/example_setup_teardown_taskflow.py for tasks to queue
[2023-12-03T18:26:00.211+0000] {logging_mixin.py:154} INFO - [2023-12-03T18:26:00.210+0000] {dagbag.py:536} INFO - Filling up the DagBag from /home/airflow/.local/lib/python3.8/site-packages/airflow/example_dags/example_setup_teardown_taskflow.py
[2023-12-03T18:26:00.241+0000] {processor.py:839} INFO - DAG(s) dict_keys(['example_setup_teardown_taskflow']) retrieved from /home/airflow/.local/lib/python3.8/site-packages/airflow/example_dags/example_setup_teardown_taskflow.py
[2023-12-03T18:26:00.289+0000] {logging_mixin.py:154} INFO - [2023-12-03T18:26:00.288+0000] {dag.py:2941} INFO - Sync 1 DAGs
[2023-12-03T18:26:00.325+0000] {logging_mixin.py:154} INFO - [2023-12-03T18:26:00.325+0000] {dag.py:3722} INFO - Setting next_dagrun for example_setup_teardown_taskflow to 2023-12-02T18:26:00.324652+00:00, run_after=2023-12-03T18:26:00.324652+00:00
[2023-12-03T18:26:00.362+0000] {processor.py:179} INFO - Processing /home/airflow/.local/lib/python3.8/site-packages/airflow/example_dags/example_setup_teardown_taskflow.py took 0.170 seconds
[2023-12-03T18:26:30.524+0000] {processor.py:157} INFO - Started process (PID=318) to work on /home/airflow/.local/lib/python3.8/site-packages/airflow/example_dags/example_setup_teardown_taskflow.py
[2023-12-03T18:26:30.525+0000] {processor.py:829} INFO - Processing file /home/airflow/.local/lib/python3.8/site-packages/airflow/example_dags/example_setup_teardown_taskflow.py for tasks to queue
[2023-12-03T18:26:30.529+0000] {logging_mixin.py:154} INFO - [2023-12-03T18:26:30.528+0000] {dagbag.py:536} INFO - Filling up the DagBag from /home/airflow/.local/lib/python3.8/site-packages/airflow/example_dags/example_setup_teardown_taskflow.py
[2023-12-03T18:26:30.557+0000] {processor.py:839} INFO - DAG(s) dict_keys(['example_setup_teardown_taskflow']) retrieved from /home/airflow/.local/lib/python3.8/site-packages/airflow/example_dags/example_setup_teardown_taskflow.py
[2023-12-03T18:26:30.616+0000] {logging_mixin.py:154} INFO - [2023-12-03T18:26:30.616+0000] {dag.py:2941} INFO - Sync 1 DAGs
[2023-12-03T18:26:30.648+0000] {logging_mixin.py:154} INFO - [2023-12-03T18:26:30.648+0000] {dag.py:3722} INFO - Setting next_dagrun for example_setup_teardown_taskflow to 2023-12-02T18:26:30.648047+00:00, run_after=2023-12-03T18:26:30.648047+00:00
[2023-12-03T18:26:30.689+0000] {processor.py:179} INFO - Processing /home/airflow/.local/lib/python3.8/site-packages/airflow/example_dags/example_setup_teardown_taskflow.py took 0.171 seconds
[2023-12-03T18:27:01.077+0000] {processor.py:157} INFO - Started process (PID=372) to work on /home/airflow/.local/lib/python3.8/site-packages/airflow/example_dags/example_setup_teardown_taskflow.py
[2023-12-03T18:27:01.079+0000] {processor.py:829} INFO - Processing file /home/airflow/.local/lib/python3.8/site-packages/airflow/example_dags/example_setup_teardown_taskflow.py for tasks to queue
[2023-12-03T18:27:01.086+0000] {logging_mixin.py:154} INFO - [2023-12-03T18:27:01.085+0000] {dagbag.py:536} INFO - Filling up the DagBag from /home/airflow/.local/lib/python3.8/site-packages/airflow/example_dags/example_setup_teardown_taskflow.py
[2023-12-03T18:27:01.119+0000] {processor.py:839} INFO - DAG(s) dict_keys(['example_setup_teardown_taskflow']) retrieved from /home/airflow/.local/lib/python3.8/site-packages/airflow/example_dags/example_setup_teardown_taskflow.py
[2023-12-03T18:27:01.158+0000] {logging_mixin.py:154} INFO - [2023-12-03T18:27:01.158+0000] {dag.py:2941} INFO - Sync 1 DAGs
[2023-12-03T18:27:01.197+0000] {logging_mixin.py:154} INFO - [2023-12-03T18:27:01.196+0000] {dag.py:3722} INFO - Setting next_dagrun for example_setup_teardown_taskflow to 2023-12-02T18:27:01.196353+00:00, run_after=2023-12-03T18:27:01.196353+00:00
[2023-12-03T18:27:01.239+0000] {processor.py:179} INFO - Processing /home/airflow/.local/lib/python3.8/site-packages/airflow/example_dags/example_setup_teardown_taskflow.py took 0.167 seconds
[2023-12-03T18:27:31.498+0000] {processor.py:157} INFO - Started process (PID=426) to work on /home/airflow/.local/lib/python3.8/site-packages/airflow/example_dags/example_setup_teardown_taskflow.py
[2023-12-03T18:27:31.502+0000] {processor.py:829} INFO - Processing file /home/airflow/.local/lib/python3.8/site-packages/airflow/example_dags/example_setup_teardown_taskflow.py for tasks to queue
[2023-12-03T18:27:31.508+0000] {logging_mixin.py:154} INFO - [2023-12-03T18:27:31.507+0000] {dagbag.py:536} INFO - Filling up the DagBag from /home/airflow/.local/lib/python3.8/site-packages/airflow/example_dags/example_setup_teardown_taskflow.py
[2023-12-03T18:27:31.538+0000] {processor.py:839} INFO - DAG(s) dict_keys(['example_setup_teardown_taskflow']) retrieved from /home/airflow/.local/lib/python3.8/site-packages/airflow/example_dags/example_setup_teardown_taskflow.py
[2023-12-03T18:27:31.580+0000] {logging_mixin.py:154} INFO - [2023-12-03T18:27:31.580+0000] {dag.py:2941} INFO - Sync 1 DAGs
[2023-12-03T18:27:31.611+0000] {logging_mixin.py:154} INFO - [2023-12-03T18:27:31.611+0000] {dag.py:3722} INFO - Setting next_dagrun for example_setup_teardown_taskflow to 2023-12-02T18:27:31.611084+00:00, run_after=2023-12-03T18:27:31.611084+00:00
[2023-12-03T18:27:31.656+0000] {processor.py:179} INFO - Processing /home/airflow/.local/lib/python3.8/site-packages/airflow/example_dags/example_setup_teardown_taskflow.py took 0.169 seconds
[2023-12-03T18:28:02.181+0000] {processor.py:157} INFO - Started process (PID=480) to work on /home/airflow/.local/lib/python3.8/site-packages/airflow/example_dags/example_setup_teardown_taskflow.py
[2023-12-03T18:28:02.184+0000] {processor.py:829} INFO - Processing file /home/airflow/.local/lib/python3.8/site-packages/airflow/example_dags/example_setup_teardown_taskflow.py for tasks to queue
[2023-12-03T18:28:02.193+0000] {logging_mixin.py:154} INFO - [2023-12-03T18:28:02.192+0000] {dagbag.py:536} INFO - Filling up the DagBag from /home/airflow/.local/lib/python3.8/site-packages/airflow/example_dags/example_setup_teardown_taskflow.py
[2023-12-03T18:28:02.229+0000] {processor.py:839} INFO - DAG(s) dict_keys(['example_setup_teardown_taskflow']) retrieved from /home/airflow/.local/lib/python3.8/site-packages/airflow/example_dags/example_setup_teardown_taskflow.py
[2023-12-03T18:28:02.259+0000] {logging_mixin.py:154} INFO - [2023-12-03T18:28:02.258+0000] {dag.py:2941} INFO - Sync 1 DAGs
[2023-12-03T18:28:02.299+0000] {logging_mixin.py:154} INFO - [2023-12-03T18:28:02.299+0000] {dag.py:3722} INFO - Setting next_dagrun for example_setup_teardown_taskflow to 2023-12-02T18:28:02.298692+00:00, run_after=2023-12-03T18:28:02.298692+00:00
[2023-12-03T18:28:02.341+0000] {processor.py:179} INFO - Processing /home/airflow/.local/lib/python3.8/site-packages/airflow/example_dags/example_setup_teardown_taskflow.py took 0.171 seconds
[2023-12-03T18:28:32.706+0000] {processor.py:157} INFO - Started process (PID=534) to work on /home/airflow/.local/lib/python3.8/site-packages/airflow/example_dags/example_setup_teardown_taskflow.py
[2023-12-03T18:28:32.708+0000] {processor.py:829} INFO - Processing file /home/airflow/.local/lib/python3.8/site-packages/airflow/example_dags/example_setup_teardown_taskflow.py for tasks to queue
[2023-12-03T18:28:32.712+0000] {logging_mixin.py:154} INFO - [2023-12-03T18:28:32.711+0000] {dagbag.py:536} INFO - Filling up the DagBag from /home/airflow/.local/lib/python3.8/site-packages/airflow/example_dags/example_setup_teardown_taskflow.py
[2023-12-03T18:28:32.729+0000] {processor.py:839} INFO - DAG(s) dict_keys(['example_setup_teardown_taskflow']) retrieved from /home/airflow/.local/lib/python3.8/site-packages/airflow/example_dags/example_setup_teardown_taskflow.py
[2023-12-03T18:28:32.788+0000] {logging_mixin.py:154} INFO - [2023-12-03T18:28:32.787+0000] {dag.py:2941} INFO - Sync 1 DAGs
[2023-12-03T18:28:32.839+0000] {logging_mixin.py:154} INFO - [2023-12-03T18:28:32.838+0000] {dag.py:3722} INFO - Setting next_dagrun for example_setup_teardown_taskflow to 2023-12-02T18:28:32.838257+00:00, run_after=2023-12-03T18:28:32.838257+00:00
[2023-12-03T18:28:32.889+0000] {processor.py:179} INFO - Processing /home/airflow/.local/lib/python3.8/site-packages/airflow/example_dags/example_setup_teardown_taskflow.py took 0.193 seconds
[2023-12-03T18:29:48.221+0000] {processor.py:157} INFO - Started process (PID=49) to work on /home/airflow/.local/lib/python3.8/site-packages/airflow/example_dags/example_setup_teardown_taskflow.py
[2023-12-03T18:29:48.223+0000] {processor.py:829} INFO - Processing file /home/airflow/.local/lib/python3.8/site-packages/airflow/example_dags/example_setup_teardown_taskflow.py for tasks to queue
[2023-12-03T18:29:48.227+0000] {logging_mixin.py:154} INFO - [2023-12-03T18:29:48.227+0000] {dagbag.py:536} INFO - Filling up the DagBag from /home/airflow/.local/lib/python3.8/site-packages/airflow/example_dags/example_setup_teardown_taskflow.py
[2023-12-03T18:29:48.255+0000] {processor.py:839} INFO - DAG(s) dict_keys(['example_setup_teardown_taskflow']) retrieved from /home/airflow/.local/lib/python3.8/site-packages/airflow/example_dags/example_setup_teardown_taskflow.py
[2023-12-03T18:29:48.333+0000] {logging_mixin.py:154} INFO - [2023-12-03T18:29:48.332+0000] {dag.py:2941} INFO - Sync 1 DAGs
[2023-12-03T18:29:48.374+0000] {logging_mixin.py:154} INFO - [2023-12-03T18:29:48.374+0000] {dag.py:3722} INFO - Setting next_dagrun for example_setup_teardown_taskflow to 2023-12-02T18:29:48.373940+00:00, run_after=2023-12-03T18:29:48.373940+00:00
[2023-12-03T18:29:48.412+0000] {processor.py:179} INFO - Processing /home/airflow/.local/lib/python3.8/site-packages/airflow/example_dags/example_setup_teardown_taskflow.py took 0.197 seconds
[2023-12-03T18:30:18.970+0000] {processor.py:157} INFO - Started process (PID=104) to work on /home/airflow/.local/lib/python3.8/site-packages/airflow/example_dags/example_setup_teardown_taskflow.py
[2023-12-03T18:30:18.971+0000] {processor.py:829} INFO - Processing file /home/airflow/.local/lib/python3.8/site-packages/airflow/example_dags/example_setup_teardown_taskflow.py for tasks to queue
[2023-12-03T18:30:18.975+0000] {logging_mixin.py:154} INFO - [2023-12-03T18:30:18.974+0000] {dagbag.py:536} INFO - Filling up the DagBag from /home/airflow/.local/lib/python3.8/site-packages/airflow/example_dags/example_setup_teardown_taskflow.py
[2023-12-03T18:30:19.004+0000] {processor.py:839} INFO - DAG(s) dict_keys(['example_setup_teardown_taskflow']) retrieved from /home/airflow/.local/lib/python3.8/site-packages/airflow/example_dags/example_setup_teardown_taskflow.py
[2023-12-03T18:30:19.043+0000] {logging_mixin.py:154} INFO - [2023-12-03T18:30:19.042+0000] {dag.py:2941} INFO - Sync 1 DAGs
[2023-12-03T18:30:19.083+0000] {logging_mixin.py:154} INFO - [2023-12-03T18:30:19.082+0000] {dag.py:3722} INFO - Setting next_dagrun for example_setup_teardown_taskflow to 2023-12-02T18:30:19.081785+00:00, run_after=2023-12-03T18:30:19.081785+00:00
[2023-12-03T18:30:19.271+0000] {processor.py:179} INFO - Processing /home/airflow/.local/lib/python3.8/site-packages/airflow/example_dags/example_setup_teardown_taskflow.py took 0.306 seconds
[2023-12-03T18:30:49.925+0000] {processor.py:157} INFO - Started process (PID=159) to work on /home/airflow/.local/lib/python3.8/site-packages/airflow/example_dags/example_setup_teardown_taskflow.py
[2023-12-03T18:30:49.927+0000] {processor.py:829} INFO - Processing file /home/airflow/.local/lib/python3.8/site-packages/airflow/example_dags/example_setup_teardown_taskflow.py for tasks to queue
[2023-12-03T18:30:49.930+0000] {logging_mixin.py:154} INFO - [2023-12-03T18:30:49.929+0000] {dagbag.py:536} INFO - Filling up the DagBag from /home/airflow/.local/lib/python3.8/site-packages/airflow/example_dags/example_setup_teardown_taskflow.py
[2023-12-03T18:30:49.943+0000] {processor.py:839} INFO - DAG(s) dict_keys(['example_setup_teardown_taskflow']) retrieved from /home/airflow/.local/lib/python3.8/site-packages/airflow/example_dags/example_setup_teardown_taskflow.py
[2023-12-03T18:30:49.990+0000] {logging_mixin.py:154} INFO - [2023-12-03T18:30:49.989+0000] {dag.py:2941} INFO - Sync 1 DAGs
[2023-12-03T18:30:50.054+0000] {logging_mixin.py:154} INFO - [2023-12-03T18:30:50.053+0000] {dag.py:3722} INFO - Setting next_dagrun for example_setup_teardown_taskflow to 2023-12-02T18:30:50.051553+00:00, run_after=2023-12-03T18:30:50.051553+00:00
[2023-12-03T18:30:50.252+0000] {processor.py:179} INFO - Processing /home/airflow/.local/lib/python3.8/site-packages/airflow/example_dags/example_setup_teardown_taskflow.py took 0.330 seconds
[2023-12-03T18:31:20.809+0000] {processor.py:157} INFO - Started process (PID=218) to work on /home/airflow/.local/lib/python3.8/site-packages/airflow/example_dags/example_setup_teardown_taskflow.py
[2023-12-03T18:31:20.811+0000] {processor.py:829} INFO - Processing file /home/airflow/.local/lib/python3.8/site-packages/airflow/example_dags/example_setup_teardown_taskflow.py for tasks to queue
[2023-12-03T18:31:20.815+0000] {logging_mixin.py:154} INFO - [2023-12-03T18:31:20.814+0000] {dagbag.py:536} INFO - Filling up the DagBag from /home/airflow/.local/lib/python3.8/site-packages/airflow/example_dags/example_setup_teardown_taskflow.py
[2023-12-03T18:31:20.833+0000] {processor.py:839} INFO - DAG(s) dict_keys(['example_setup_teardown_taskflow']) retrieved from /home/airflow/.local/lib/python3.8/site-packages/airflow/example_dags/example_setup_teardown_taskflow.py
[2023-12-03T18:31:20.874+0000] {logging_mixin.py:154} INFO - [2023-12-03T18:31:20.873+0000] {dag.py:2941} INFO - Sync 1 DAGs
[2023-12-03T18:31:20.920+0000] {logging_mixin.py:154} INFO - [2023-12-03T18:31:20.920+0000] {dag.py:3722} INFO - Setting next_dagrun for example_setup_teardown_taskflow to 2023-12-02T18:31:20.917658+00:00, run_after=2023-12-03T18:31:20.917658+00:00
[2023-12-03T18:31:21.192+0000] {processor.py:179} INFO - Processing /home/airflow/.local/lib/python3.8/site-packages/airflow/example_dags/example_setup_teardown_taskflow.py took 0.390 seconds
[2023-12-03T18:31:52.132+0000] {processor.py:157} INFO - Started process (PID=277) to work on /home/airflow/.local/lib/python3.8/site-packages/airflow/example_dags/example_setup_teardown_taskflow.py
[2023-12-03T18:31:52.133+0000] {processor.py:829} INFO - Processing file /home/airflow/.local/lib/python3.8/site-packages/airflow/example_dags/example_setup_teardown_taskflow.py for tasks to queue
[2023-12-03T18:31:52.139+0000] {logging_mixin.py:154} INFO - [2023-12-03T18:31:52.137+0000] {dagbag.py:536} INFO - Filling up the DagBag from /home/airflow/.local/lib/python3.8/site-packages/airflow/example_dags/example_setup_teardown_taskflow.py
[2023-12-03T18:31:52.157+0000] {processor.py:839} INFO - DAG(s) dict_keys(['example_setup_teardown_taskflow']) retrieved from /home/airflow/.local/lib/python3.8/site-packages/airflow/example_dags/example_setup_teardown_taskflow.py
[2023-12-03T18:31:52.205+0000] {logging_mixin.py:154} INFO - [2023-12-03T18:31:52.204+0000] {dag.py:2941} INFO - Sync 1 DAGs
[2023-12-03T18:31:52.249+0000] {logging_mixin.py:154} INFO - [2023-12-03T18:31:52.248+0000] {dag.py:3722} INFO - Setting next_dagrun for example_setup_teardown_taskflow to 2023-12-02T18:31:52.248520+00:00, run_after=2023-12-03T18:31:52.248520+00:00
[2023-12-03T18:31:52.482+0000] {processor.py:179} INFO - Processing /home/airflow/.local/lib/python3.8/site-packages/airflow/example_dags/example_setup_teardown_taskflow.py took 0.357 seconds
[2023-12-03T18:32:22.621+0000] {processor.py:157} INFO - Started process (PID=332) to work on /home/airflow/.local/lib/python3.8/site-packages/airflow/example_dags/example_setup_teardown_taskflow.py
[2023-12-03T18:32:22.622+0000] {processor.py:829} INFO - Processing file /home/airflow/.local/lib/python3.8/site-packages/airflow/example_dags/example_setup_teardown_taskflow.py for tasks to queue
[2023-12-03T18:32:22.626+0000] {logging_mixin.py:154} INFO - [2023-12-03T18:32:22.626+0000] {dagbag.py:536} INFO - Filling up the DagBag from /home/airflow/.local/lib/python3.8/site-packages/airflow/example_dags/example_setup_teardown_taskflow.py
[2023-12-03T18:32:22.643+0000] {processor.py:839} INFO - DAG(s) dict_keys(['example_setup_teardown_taskflow']) retrieved from /home/airflow/.local/lib/python3.8/site-packages/airflow/example_dags/example_setup_teardown_taskflow.py
[2023-12-03T18:32:22.684+0000] {logging_mixin.py:154} INFO - [2023-12-03T18:32:22.683+0000] {dag.py:2941} INFO - Sync 1 DAGs
[2023-12-03T18:32:22.723+0000] {logging_mixin.py:154} INFO - [2023-12-03T18:32:22.723+0000] {dag.py:3722} INFO - Setting next_dagrun for example_setup_teardown_taskflow to 2023-12-02T18:32:22.722810+00:00, run_after=2023-12-03T18:32:22.722810+00:00
[2023-12-03T18:32:22.939+0000] {processor.py:179} INFO - Processing /home/airflow/.local/lib/python3.8/site-packages/airflow/example_dags/example_setup_teardown_taskflow.py took 0.324 seconds
[2023-12-03T18:32:53.056+0000] {processor.py:157} INFO - Started process (PID=386) to work on /home/airflow/.local/lib/python3.8/site-packages/airflow/example_dags/example_setup_teardown_taskflow.py
[2023-12-03T18:32:53.058+0000] {processor.py:829} INFO - Processing file /home/airflow/.local/lib/python3.8/site-packages/airflow/example_dags/example_setup_teardown_taskflow.py for tasks to queue
[2023-12-03T18:32:53.064+0000] {logging_mixin.py:154} INFO - [2023-12-03T18:32:53.063+0000] {dagbag.py:536} INFO - Filling up the DagBag from /home/airflow/.local/lib/python3.8/site-packages/airflow/example_dags/example_setup_teardown_taskflow.py
[2023-12-03T18:32:53.086+0000] {processor.py:839} INFO - DAG(s) dict_keys(['example_setup_teardown_taskflow']) retrieved from /home/airflow/.local/lib/python3.8/site-packages/airflow/example_dags/example_setup_teardown_taskflow.py
[2023-12-03T18:32:53.121+0000] {logging_mixin.py:154} INFO - [2023-12-03T18:32:53.120+0000] {dag.py:2941} INFO - Sync 1 DAGs
[2023-12-03T18:32:53.152+0000] {logging_mixin.py:154} INFO - [2023-12-03T18:32:53.152+0000] {dag.py:3722} INFO - Setting next_dagrun for example_setup_teardown_taskflow to 2023-12-02T18:32:53.152238+00:00, run_after=2023-12-03T18:32:53.152238+00:00
[2023-12-03T18:32:53.360+0000] {processor.py:179} INFO - Processing /home/airflow/.local/lib/python3.8/site-packages/airflow/example_dags/example_setup_teardown_taskflow.py took 0.311 seconds
[2023-12-03T18:33:23.646+0000] {processor.py:157} INFO - Started process (PID=441) to work on /home/airflow/.local/lib/python3.8/site-packages/airflow/example_dags/example_setup_teardown_taskflow.py
[2023-12-03T18:33:23.648+0000] {processor.py:829} INFO - Processing file /home/airflow/.local/lib/python3.8/site-packages/airflow/example_dags/example_setup_teardown_taskflow.py for tasks to queue
[2023-12-03T18:33:23.653+0000] {logging_mixin.py:154} INFO - [2023-12-03T18:33:23.652+0000] {dagbag.py:536} INFO - Filling up the DagBag from /home/airflow/.local/lib/python3.8/site-packages/airflow/example_dags/example_setup_teardown_taskflow.py
[2023-12-03T18:33:23.667+0000] {processor.py:839} INFO - DAG(s) dict_keys(['example_setup_teardown_taskflow']) retrieved from /home/airflow/.local/lib/python3.8/site-packages/airflow/example_dags/example_setup_teardown_taskflow.py
[2023-12-03T18:33:23.721+0000] {logging_mixin.py:154} INFO - [2023-12-03T18:33:23.721+0000] {dag.py:2941} INFO - Sync 1 DAGs
[2023-12-03T18:33:23.953+0000] {logging_mixin.py:154} INFO - [2023-12-03T18:33:23.953+0000] {dag.py:3722} INFO - Setting next_dagrun for example_setup_teardown_taskflow to 2023-12-02T18:33:23.953341+00:00, run_after=2023-12-03T18:33:23.953341+00:00
[2023-12-03T18:33:23.991+0000] {processor.py:179} INFO - Processing /home/airflow/.local/lib/python3.8/site-packages/airflow/example_dags/example_setup_teardown_taskflow.py took 0.355 seconds
[2023-12-03T18:33:54.056+0000] {processor.py:157} INFO - Started process (PID=496) to work on /home/airflow/.local/lib/python3.8/site-packages/airflow/example_dags/example_setup_teardown_taskflow.py
[2023-12-03T18:33:54.057+0000] {processor.py:829} INFO - Processing file /home/airflow/.local/lib/python3.8/site-packages/airflow/example_dags/example_setup_teardown_taskflow.py for tasks to queue
[2023-12-03T18:33:54.061+0000] {logging_mixin.py:154} INFO - [2023-12-03T18:33:54.060+0000] {dagbag.py:536} INFO - Filling up the DagBag from /home/airflow/.local/lib/python3.8/site-packages/airflow/example_dags/example_setup_teardown_taskflow.py
[2023-12-03T18:33:54.075+0000] {processor.py:839} INFO - DAG(s) dict_keys(['example_setup_teardown_taskflow']) retrieved from /home/airflow/.local/lib/python3.8/site-packages/airflow/example_dags/example_setup_teardown_taskflow.py
[2023-12-03T18:33:54.104+0000] {logging_mixin.py:154} INFO - [2023-12-03T18:33:54.104+0000] {dag.py:2941} INFO - Sync 1 DAGs
[2023-12-03T18:33:54.292+0000] {logging_mixin.py:154} INFO - [2023-12-03T18:33:54.291+0000] {dag.py:3722} INFO - Setting next_dagrun for example_setup_teardown_taskflow to 2023-12-02T18:33:54.291436+00:00, run_after=2023-12-03T18:33:54.291436+00:00
[2023-12-03T18:33:54.320+0000] {processor.py:179} INFO - Processing /home/airflow/.local/lib/python3.8/site-packages/airflow/example_dags/example_setup_teardown_taskflow.py took 0.268 seconds
[2023-12-03T18:34:24.731+0000] {processor.py:157} INFO - Started process (PID=551) to work on /home/airflow/.local/lib/python3.8/site-packages/airflow/example_dags/example_setup_teardown_taskflow.py
[2023-12-03T18:34:24.733+0000] {processor.py:829} INFO - Processing file /home/airflow/.local/lib/python3.8/site-packages/airflow/example_dags/example_setup_teardown_taskflow.py for tasks to queue
[2023-12-03T18:34:24.736+0000] {logging_mixin.py:154} INFO - [2023-12-03T18:34:24.736+0000] {dagbag.py:536} INFO - Filling up the DagBag from /home/airflow/.local/lib/python3.8/site-packages/airflow/example_dags/example_setup_teardown_taskflow.py
[2023-12-03T18:34:24.750+0000] {processor.py:839} INFO - DAG(s) dict_keys(['example_setup_teardown_taskflow']) retrieved from /home/airflow/.local/lib/python3.8/site-packages/airflow/example_dags/example_setup_teardown_taskflow.py
[2023-12-03T18:34:24.797+0000] {logging_mixin.py:154} INFO - [2023-12-03T18:34:24.796+0000] {dag.py:2941} INFO - Sync 1 DAGs
[2023-12-03T18:34:24.992+0000] {logging_mixin.py:154} INFO - [2023-12-03T18:34:24.991+0000] {dag.py:3722} INFO - Setting next_dagrun for example_setup_teardown_taskflow to 2023-12-02T18:34:24.991657+00:00, run_after=2023-12-03T18:34:24.991657+00:00
[2023-12-03T18:34:25.028+0000] {processor.py:179} INFO - Processing /home/airflow/.local/lib/python3.8/site-packages/airflow/example_dags/example_setup_teardown_taskflow.py took 0.302 seconds
[2023-12-03T18:34:55.376+0000] {processor.py:157} INFO - Started process (PID=606) to work on /home/airflow/.local/lib/python3.8/site-packages/airflow/example_dags/example_setup_teardown_taskflow.py
[2023-12-03T18:34:55.377+0000] {processor.py:829} INFO - Processing file /home/airflow/.local/lib/python3.8/site-packages/airflow/example_dags/example_setup_teardown_taskflow.py for tasks to queue
[2023-12-03T18:34:55.382+0000] {logging_mixin.py:154} INFO - [2023-12-03T18:34:55.381+0000] {dagbag.py:536} INFO - Filling up the DagBag from /home/airflow/.local/lib/python3.8/site-packages/airflow/example_dags/example_setup_teardown_taskflow.py
[2023-12-03T18:34:55.398+0000] {processor.py:839} INFO - DAG(s) dict_keys(['example_setup_teardown_taskflow']) retrieved from /home/airflow/.local/lib/python3.8/site-packages/airflow/example_dags/example_setup_teardown_taskflow.py
[2023-12-03T18:34:55.442+0000] {logging_mixin.py:154} INFO - [2023-12-03T18:34:55.442+0000] {dag.py:2941} INFO - Sync 1 DAGs
[2023-12-03T18:34:55.654+0000] {logging_mixin.py:154} INFO - [2023-12-03T18:34:55.654+0000] {dag.py:3722} INFO - Setting next_dagrun for example_setup_teardown_taskflow to 2023-12-02T18:34:55.653965+00:00, run_after=2023-12-03T18:34:55.653965+00:00
[2023-12-03T18:34:55.687+0000] {processor.py:179} INFO - Processing /home/airflow/.local/lib/python3.8/site-packages/airflow/example_dags/example_setup_teardown_taskflow.py took 0.317 seconds
[2023-12-03T18:35:26.668+0000] {processor.py:157} INFO - Started process (PID=668) to work on /home/airflow/.local/lib/python3.8/site-packages/airflow/example_dags/example_setup_teardown_taskflow.py
[2023-12-03T18:35:26.670+0000] {processor.py:829} INFO - Processing file /home/airflow/.local/lib/python3.8/site-packages/airflow/example_dags/example_setup_teardown_taskflow.py for tasks to queue
[2023-12-03T18:35:26.674+0000] {logging_mixin.py:154} INFO - [2023-12-03T18:35:26.674+0000] {dagbag.py:536} INFO - Filling up the DagBag from /home/airflow/.local/lib/python3.8/site-packages/airflow/example_dags/example_setup_teardown_taskflow.py
[2023-12-03T18:35:26.690+0000] {processor.py:839} INFO - DAG(s) dict_keys(['example_setup_teardown_taskflow']) retrieved from /home/airflow/.local/lib/python3.8/site-packages/airflow/example_dags/example_setup_teardown_taskflow.py
[2023-12-03T18:35:26.728+0000] {logging_mixin.py:154} INFO - [2023-12-03T18:35:26.728+0000] {dag.py:2941} INFO - Sync 1 DAGs
[2023-12-03T18:35:26.966+0000] {logging_mixin.py:154} INFO - [2023-12-03T18:35:26.965+0000] {dag.py:3722} INFO - Setting next_dagrun for example_setup_teardown_taskflow to 2023-12-02T18:35:26.965435+00:00, run_after=2023-12-03T18:35:26.965435+00:00
[2023-12-03T18:35:27.009+0000] {processor.py:179} INFO - Processing /home/airflow/.local/lib/python3.8/site-packages/airflow/example_dags/example_setup_teardown_taskflow.py took 0.346 seconds
[2023-12-03T18:35:57.517+0000] {processor.py:157} INFO - Started process (PID=723) to work on /home/airflow/.local/lib/python3.8/site-packages/airflow/example_dags/example_setup_teardown_taskflow.py
[2023-12-03T18:35:57.519+0000] {processor.py:829} INFO - Processing file /home/airflow/.local/lib/python3.8/site-packages/airflow/example_dags/example_setup_teardown_taskflow.py for tasks to queue
[2023-12-03T18:35:57.523+0000] {logging_mixin.py:154} INFO - [2023-12-03T18:35:57.523+0000] {dagbag.py:536} INFO - Filling up the DagBag from /home/airflow/.local/lib/python3.8/site-packages/airflow/example_dags/example_setup_teardown_taskflow.py
[2023-12-03T18:35:57.543+0000] {processor.py:839} INFO - DAG(s) dict_keys(['example_setup_teardown_taskflow']) retrieved from /home/airflow/.local/lib/python3.8/site-packages/airflow/example_dags/example_setup_teardown_taskflow.py
[2023-12-03T18:35:57.584+0000] {logging_mixin.py:154} INFO - [2023-12-03T18:35:57.584+0000] {dag.py:2941} INFO - Sync 1 DAGs
[2023-12-03T18:35:57.628+0000] {logging_mixin.py:154} INFO - [2023-12-03T18:35:57.628+0000] {dag.py:3722} INFO - Setting next_dagrun for example_setup_teardown_taskflow to 2023-12-02T18:35:57.627638+00:00, run_after=2023-12-03T18:35:57.627638+00:00
[2023-12-03T18:35:57.660+0000] {processor.py:179} INFO - Processing /home/airflow/.local/lib/python3.8/site-packages/airflow/example_dags/example_setup_teardown_taskflow.py took 0.148 seconds
[2023-12-03T18:36:27.888+0000] {processor.py:157} INFO - Started process (PID=778) to work on /home/airflow/.local/lib/python3.8/site-packages/airflow/example_dags/example_setup_teardown_taskflow.py
[2023-12-03T18:36:27.891+0000] {processor.py:829} INFO - Processing file /home/airflow/.local/lib/python3.8/site-packages/airflow/example_dags/example_setup_teardown_taskflow.py for tasks to queue
[2023-12-03T18:36:27.901+0000] {logging_mixin.py:154} INFO - [2023-12-03T18:36:27.899+0000] {dagbag.py:536} INFO - Filling up the DagBag from /home/airflow/.local/lib/python3.8/site-packages/airflow/example_dags/example_setup_teardown_taskflow.py
[2023-12-03T18:36:27.928+0000] {processor.py:839} INFO - DAG(s) dict_keys(['example_setup_teardown_taskflow']) retrieved from /home/airflow/.local/lib/python3.8/site-packages/airflow/example_dags/example_setup_teardown_taskflow.py
[2023-12-03T18:36:27.985+0000] {logging_mixin.py:154} INFO - [2023-12-03T18:36:27.984+0000] {dag.py:2941} INFO - Sync 1 DAGs
[2023-12-03T18:36:28.033+0000] {logging_mixin.py:154} INFO - [2023-12-03T18:36:28.032+0000] {dag.py:3722} INFO - Setting next_dagrun for example_setup_teardown_taskflow to 2023-12-02T18:36:28.032588+00:00, run_after=2023-12-03T18:36:28.032588+00:00
[2023-12-03T18:36:28.067+0000] {processor.py:179} INFO - Processing /home/airflow/.local/lib/python3.8/site-packages/airflow/example_dags/example_setup_teardown_taskflow.py took 0.192 seconds
[2023-12-03T18:36:58.823+0000] {processor.py:157} INFO - Started process (PID=833) to work on /home/airflow/.local/lib/python3.8/site-packages/airflow/example_dags/example_setup_teardown_taskflow.py
[2023-12-03T18:36:58.824+0000] {processor.py:829} INFO - Processing file /home/airflow/.local/lib/python3.8/site-packages/airflow/example_dags/example_setup_teardown_taskflow.py for tasks to queue
[2023-12-03T18:36:58.829+0000] {logging_mixin.py:154} INFO - [2023-12-03T18:36:58.828+0000] {dagbag.py:536} INFO - Filling up the DagBag from /home/airflow/.local/lib/python3.8/site-packages/airflow/example_dags/example_setup_teardown_taskflow.py
[2023-12-03T18:36:58.848+0000] {processor.py:839} INFO - DAG(s) dict_keys(['example_setup_teardown_taskflow']) retrieved from /home/airflow/.local/lib/python3.8/site-packages/airflow/example_dags/example_setup_teardown_taskflow.py
[2023-12-03T18:36:58.924+0000] {logging_mixin.py:154} INFO - [2023-12-03T18:36:58.924+0000] {dag.py:2941} INFO - Sync 1 DAGs
[2023-12-03T18:36:58.981+0000] {logging_mixin.py:154} INFO - [2023-12-03T18:36:58.980+0000] {dag.py:3722} INFO - Setting next_dagrun for example_setup_teardown_taskflow to 2023-12-02T18:36:58.980177+00:00, run_after=2023-12-03T18:36:58.980177+00:00
[2023-12-03T18:36:59.020+0000] {processor.py:179} INFO - Processing /home/airflow/.local/lib/python3.8/site-packages/airflow/example_dags/example_setup_teardown_taskflow.py took 0.203 seconds
[2023-12-03T18:37:29.247+0000] {processor.py:157} INFO - Started process (PID=888) to work on /home/airflow/.local/lib/python3.8/site-packages/airflow/example_dags/example_setup_teardown_taskflow.py
[2023-12-03T18:37:29.249+0000] {processor.py:829} INFO - Processing file /home/airflow/.local/lib/python3.8/site-packages/airflow/example_dags/example_setup_teardown_taskflow.py for tasks to queue
[2023-12-03T18:37:29.254+0000] {logging_mixin.py:154} INFO - [2023-12-03T18:37:29.253+0000] {dagbag.py:536} INFO - Filling up the DagBag from /home/airflow/.local/lib/python3.8/site-packages/airflow/example_dags/example_setup_teardown_taskflow.py
[2023-12-03T18:37:29.281+0000] {processor.py:839} INFO - DAG(s) dict_keys(['example_setup_teardown_taskflow']) retrieved from /home/airflow/.local/lib/python3.8/site-packages/airflow/example_dags/example_setup_teardown_taskflow.py
[2023-12-03T18:37:29.342+0000] {logging_mixin.py:154} INFO - [2023-12-03T18:37:29.342+0000] {dag.py:2941} INFO - Sync 1 DAGs
[2023-12-03T18:37:29.387+0000] {logging_mixin.py:154} INFO - [2023-12-03T18:37:29.387+0000] {dag.py:3722} INFO - Setting next_dagrun for example_setup_teardown_taskflow to 2023-12-02T18:37:29.387087+00:00, run_after=2023-12-03T18:37:29.387087+00:00
[2023-12-03T18:37:29.425+0000] {processor.py:179} INFO - Processing /home/airflow/.local/lib/python3.8/site-packages/airflow/example_dags/example_setup_teardown_taskflow.py took 0.182 seconds
[2023-12-03T18:38:00.050+0000] {processor.py:157} INFO - Started process (PID=943) to work on /home/airflow/.local/lib/python3.8/site-packages/airflow/example_dags/example_setup_teardown_taskflow.py
[2023-12-03T18:38:00.051+0000] {processor.py:829} INFO - Processing file /home/airflow/.local/lib/python3.8/site-packages/airflow/example_dags/example_setup_teardown_taskflow.py for tasks to queue
[2023-12-03T18:38:00.056+0000] {logging_mixin.py:154} INFO - [2023-12-03T18:38:00.055+0000] {dagbag.py:536} INFO - Filling up the DagBag from /home/airflow/.local/lib/python3.8/site-packages/airflow/example_dags/example_setup_teardown_taskflow.py
[2023-12-03T18:38:00.070+0000] {processor.py:839} INFO - DAG(s) dict_keys(['example_setup_teardown_taskflow']) retrieved from /home/airflow/.local/lib/python3.8/site-packages/airflow/example_dags/example_setup_teardown_taskflow.py
[2023-12-03T18:38:00.107+0000] {logging_mixin.py:154} INFO - [2023-12-03T18:38:00.107+0000] {dag.py:2941} INFO - Sync 1 DAGs
[2023-12-03T18:38:00.142+0000] {logging_mixin.py:154} INFO - [2023-12-03T18:38:00.142+0000] {dag.py:3722} INFO - Setting next_dagrun for example_setup_teardown_taskflow to 2023-12-02T18:38:00.142369+00:00, run_after=2023-12-03T18:38:00.142369+00:00
[2023-12-03T18:38:00.170+0000] {processor.py:179} INFO - Processing /home/airflow/.local/lib/python3.8/site-packages/airflow/example_dags/example_setup_teardown_taskflow.py took 0.125 seconds
[2023-12-03T18:38:30.342+0000] {processor.py:157} INFO - Started process (PID=998) to work on /home/airflow/.local/lib/python3.8/site-packages/airflow/example_dags/example_setup_teardown_taskflow.py
[2023-12-03T18:38:30.343+0000] {processor.py:829} INFO - Processing file /home/airflow/.local/lib/python3.8/site-packages/airflow/example_dags/example_setup_teardown_taskflow.py for tasks to queue
[2023-12-03T18:38:30.348+0000] {logging_mixin.py:154} INFO - [2023-12-03T18:38:30.348+0000] {dagbag.py:536} INFO - Filling up the DagBag from /home/airflow/.local/lib/python3.8/site-packages/airflow/example_dags/example_setup_teardown_taskflow.py
[2023-12-03T18:38:30.362+0000] {processor.py:839} INFO - DAG(s) dict_keys(['example_setup_teardown_taskflow']) retrieved from /home/airflow/.local/lib/python3.8/site-packages/airflow/example_dags/example_setup_teardown_taskflow.py
[2023-12-03T18:38:30.401+0000] {logging_mixin.py:154} INFO - [2023-12-03T18:38:30.401+0000] {dag.py:2941} INFO - Sync 1 DAGs
[2023-12-03T18:38:30.459+0000] {logging_mixin.py:154} INFO - [2023-12-03T18:38:30.458+0000] {dag.py:3722} INFO - Setting next_dagrun for example_setup_teardown_taskflow to 2023-12-02T18:38:30.458418+00:00, run_after=2023-12-03T18:38:30.458418+00:00
[2023-12-03T18:38:30.493+0000] {processor.py:179} INFO - Processing /home/airflow/.local/lib/python3.8/site-packages/airflow/example_dags/example_setup_teardown_taskflow.py took 0.157 seconds
[2023-12-03T18:39:01.013+0000] {processor.py:157} INFO - Started process (PID=1053) to work on /home/airflow/.local/lib/python3.8/site-packages/airflow/example_dags/example_setup_teardown_taskflow.py
[2023-12-03T18:39:01.014+0000] {processor.py:829} INFO - Processing file /home/airflow/.local/lib/python3.8/site-packages/airflow/example_dags/example_setup_teardown_taskflow.py for tasks to queue
[2023-12-03T18:39:01.018+0000] {logging_mixin.py:154} INFO - [2023-12-03T18:39:01.017+0000] {dagbag.py:536} INFO - Filling up the DagBag from /home/airflow/.local/lib/python3.8/site-packages/airflow/example_dags/example_setup_teardown_taskflow.py
[2023-12-03T18:39:01.031+0000] {processor.py:839} INFO - DAG(s) dict_keys(['example_setup_teardown_taskflow']) retrieved from /home/airflow/.local/lib/python3.8/site-packages/airflow/example_dags/example_setup_teardown_taskflow.py
[2023-12-03T18:39:01.064+0000] {logging_mixin.py:154} INFO - [2023-12-03T18:39:01.064+0000] {dag.py:2941} INFO - Sync 1 DAGs
[2023-12-03T18:39:01.098+0000] {logging_mixin.py:154} INFO - [2023-12-03T18:39:01.098+0000] {dag.py:3722} INFO - Setting next_dagrun for example_setup_teardown_taskflow to 2023-12-02T18:39:01.097739+00:00, run_after=2023-12-03T18:39:01.097739+00:00
[2023-12-03T18:39:01.130+0000] {processor.py:179} INFO - Processing /home/airflow/.local/lib/python3.8/site-packages/airflow/example_dags/example_setup_teardown_taskflow.py took 0.121 seconds
[2023-12-03T18:39:31.392+0000] {processor.py:157} INFO - Started process (PID=1108) to work on /home/airflow/.local/lib/python3.8/site-packages/airflow/example_dags/example_setup_teardown_taskflow.py
[2023-12-03T18:39:31.393+0000] {processor.py:829} INFO - Processing file /home/airflow/.local/lib/python3.8/site-packages/airflow/example_dags/example_setup_teardown_taskflow.py for tasks to queue
[2023-12-03T18:39:31.397+0000] {logging_mixin.py:154} INFO - [2023-12-03T18:39:31.396+0000] {dagbag.py:536} INFO - Filling up the DagBag from /home/airflow/.local/lib/python3.8/site-packages/airflow/example_dags/example_setup_teardown_taskflow.py
[2023-12-03T18:39:31.412+0000] {processor.py:839} INFO - DAG(s) dict_keys(['example_setup_teardown_taskflow']) retrieved from /home/airflow/.local/lib/python3.8/site-packages/airflow/example_dags/example_setup_teardown_taskflow.py
[2023-12-03T18:39:31.439+0000] {logging_mixin.py:154} INFO - [2023-12-03T18:39:31.438+0000] {dag.py:2941} INFO - Sync 1 DAGs
[2023-12-03T18:39:31.465+0000] {logging_mixin.py:154} INFO - [2023-12-03T18:39:31.465+0000] {dag.py:3722} INFO - Setting next_dagrun for example_setup_teardown_taskflow to 2023-12-02T18:39:31.465410+00:00, run_after=2023-12-03T18:39:31.465410+00:00
[2023-12-03T18:39:31.490+0000] {processor.py:179} INFO - Processing /home/airflow/.local/lib/python3.8/site-packages/airflow/example_dags/example_setup_teardown_taskflow.py took 0.104 seconds
[2023-12-03T18:40:01.697+0000] {processor.py:157} INFO - Started process (PID=1163) to work on /home/airflow/.local/lib/python3.8/site-packages/airflow/example_dags/example_setup_teardown_taskflow.py
[2023-12-03T18:40:01.700+0000] {processor.py:829} INFO - Processing file /home/airflow/.local/lib/python3.8/site-packages/airflow/example_dags/example_setup_teardown_taskflow.py for tasks to queue
[2023-12-03T18:40:01.708+0000] {logging_mixin.py:154} INFO - [2023-12-03T18:40:01.707+0000] {dagbag.py:536} INFO - Filling up the DagBag from /home/airflow/.local/lib/python3.8/site-packages/airflow/example_dags/example_setup_teardown_taskflow.py
[2023-12-03T18:40:01.736+0000] {processor.py:839} INFO - DAG(s) dict_keys(['example_setup_teardown_taskflow']) retrieved from /home/airflow/.local/lib/python3.8/site-packages/airflow/example_dags/example_setup_teardown_taskflow.py
[2023-12-03T18:40:01.769+0000] {logging_mixin.py:154} INFO - [2023-12-03T18:40:01.769+0000] {dag.py:2941} INFO - Sync 1 DAGs
[2023-12-03T18:40:01.799+0000] {logging_mixin.py:154} INFO - [2023-12-03T18:40:01.798+0000] {dag.py:3722} INFO - Setting next_dagrun for example_setup_teardown_taskflow to 2023-12-02T18:40:01.798422+00:00, run_after=2023-12-03T18:40:01.798422+00:00
[2023-12-03T18:40:01.837+0000] {processor.py:179} INFO - Processing /home/airflow/.local/lib/python3.8/site-packages/airflow/example_dags/example_setup_teardown_taskflow.py took 0.149 seconds
[2023-12-03T18:41:31.441+0000] {processor.py:157} INFO - Started process (PID=49) to work on /home/airflow/.local/lib/python3.8/site-packages/airflow/example_dags/example_setup_teardown_taskflow.py
[2023-12-03T18:41:31.443+0000] {processor.py:829} INFO - Processing file /home/airflow/.local/lib/python3.8/site-packages/airflow/example_dags/example_setup_teardown_taskflow.py for tasks to queue
[2023-12-03T18:41:31.447+0000] {logging_mixin.py:154} INFO - [2023-12-03T18:41:31.447+0000] {dagbag.py:536} INFO - Filling up the DagBag from /home/airflow/.local/lib/python3.8/site-packages/airflow/example_dags/example_setup_teardown_taskflow.py
[2023-12-03T18:41:31.476+0000] {processor.py:839} INFO - DAG(s) dict_keys(['example_setup_teardown_taskflow']) retrieved from /home/airflow/.local/lib/python3.8/site-packages/airflow/example_dags/example_setup_teardown_taskflow.py
[2023-12-03T18:41:31.502+0000] {logging_mixin.py:154} INFO - [2023-12-03T18:41:31.501+0000] {dag.py:2941} INFO - Sync 1 DAGs
[2023-12-03T18:41:31.550+0000] {logging_mixin.py:154} INFO - [2023-12-03T18:41:31.549+0000] {dag.py:3722} INFO - Setting next_dagrun for example_setup_teardown_taskflow to 2023-12-02T18:41:31.549279+00:00, run_after=2023-12-03T18:41:31.549279+00:00
[2023-12-03T18:41:31.589+0000] {processor.py:179} INFO - Processing /home/airflow/.local/lib/python3.8/site-packages/airflow/example_dags/example_setup_teardown_taskflow.py took 0.155 seconds
[2023-12-03T18:41:56.308+0000] {processor.py:157} INFO - Started process (PID=48) to work on /home/airflow/.local/lib/python3.8/site-packages/airflow/example_dags/example_setup_teardown_taskflow.py
[2023-12-03T18:41:56.311+0000] {processor.py:829} INFO - Processing file /home/airflow/.local/lib/python3.8/site-packages/airflow/example_dags/example_setup_teardown_taskflow.py for tasks to queue
[2023-12-03T18:41:56.315+0000] {logging_mixin.py:154} INFO - [2023-12-03T18:41:56.314+0000] {dagbag.py:536} INFO - Filling up the DagBag from /home/airflow/.local/lib/python3.8/site-packages/airflow/example_dags/example_setup_teardown_taskflow.py
[2023-12-03T18:41:56.339+0000] {processor.py:839} INFO - DAG(s) dict_keys(['example_setup_teardown_taskflow']) retrieved from /home/airflow/.local/lib/python3.8/site-packages/airflow/example_dags/example_setup_teardown_taskflow.py
[2023-12-03T18:41:56.385+0000] {logging_mixin.py:154} INFO - [2023-12-03T18:41:56.384+0000] {dag.py:2941} INFO - Sync 1 DAGs
[2023-12-03T18:41:56.421+0000] {logging_mixin.py:154} INFO - [2023-12-03T18:41:56.421+0000] {dag.py:3722} INFO - Setting next_dagrun for example_setup_teardown_taskflow to 2023-12-02T18:41:56.420716+00:00, run_after=2023-12-03T18:41:56.420716+00:00
[2023-12-03T18:41:56.459+0000] {processor.py:179} INFO - Processing /home/airflow/.local/lib/python3.8/site-packages/airflow/example_dags/example_setup_teardown_taskflow.py took 0.157 seconds
[2023-12-03T18:42:27.106+0000] {processor.py:157} INFO - Started process (PID=103) to work on /home/airflow/.local/lib/python3.8/site-packages/airflow/example_dags/example_setup_teardown_taskflow.py
[2023-12-03T18:42:27.108+0000] {processor.py:829} INFO - Processing file /home/airflow/.local/lib/python3.8/site-packages/airflow/example_dags/example_setup_teardown_taskflow.py for tasks to queue
[2023-12-03T18:42:27.112+0000] {logging_mixin.py:154} INFO - [2023-12-03T18:42:27.111+0000] {dagbag.py:536} INFO - Filling up the DagBag from /home/airflow/.local/lib/python3.8/site-packages/airflow/example_dags/example_setup_teardown_taskflow.py
[2023-12-03T18:42:27.133+0000] {processor.py:839} INFO - DAG(s) dict_keys(['example_setup_teardown_taskflow']) retrieved from /home/airflow/.local/lib/python3.8/site-packages/airflow/example_dags/example_setup_teardown_taskflow.py
[2023-12-03T18:42:27.173+0000] {logging_mixin.py:154} INFO - [2023-12-03T18:42:27.173+0000] {dag.py:2941} INFO - Sync 1 DAGs
[2023-12-03T18:42:27.218+0000] {logging_mixin.py:154} INFO - [2023-12-03T18:42:27.218+0000] {dag.py:3722} INFO - Setting next_dagrun for example_setup_teardown_taskflow to 2023-12-02T18:42:27.217654+00:00, run_after=2023-12-03T18:42:27.217654+00:00
[2023-12-03T18:42:27.253+0000] {processor.py:179} INFO - Processing /home/airflow/.local/lib/python3.8/site-packages/airflow/example_dags/example_setup_teardown_taskflow.py took 0.153 seconds
[2023-12-03T18:42:58.006+0000] {processor.py:157} INFO - Started process (PID=159) to work on /home/airflow/.local/lib/python3.8/site-packages/airflow/example_dags/example_setup_teardown_taskflow.py
[2023-12-03T18:42:58.008+0000] {processor.py:829} INFO - Processing file /home/airflow/.local/lib/python3.8/site-packages/airflow/example_dags/example_setup_teardown_taskflow.py for tasks to queue
[2023-12-03T18:42:58.011+0000] {logging_mixin.py:154} INFO - [2023-12-03T18:42:58.011+0000] {dagbag.py:536} INFO - Filling up the DagBag from /home/airflow/.local/lib/python3.8/site-packages/airflow/example_dags/example_setup_teardown_taskflow.py
[2023-12-03T18:42:58.026+0000] {processor.py:839} INFO - DAG(s) dict_keys(['example_setup_teardown_taskflow']) retrieved from /home/airflow/.local/lib/python3.8/site-packages/airflow/example_dags/example_setup_teardown_taskflow.py
[2023-12-03T18:42:58.065+0000] {logging_mixin.py:154} INFO - [2023-12-03T18:42:58.065+0000] {dag.py:2941} INFO - Sync 1 DAGs
[2023-12-03T18:42:58.103+0000] {logging_mixin.py:154} INFO - [2023-12-03T18:42:58.102+0000] {dag.py:3722} INFO - Setting next_dagrun for example_setup_teardown_taskflow to 2023-12-02T18:42:58.102160+00:00, run_after=2023-12-03T18:42:58.102160+00:00
[2023-12-03T18:42:58.148+0000] {processor.py:179} INFO - Processing /home/airflow/.local/lib/python3.8/site-packages/airflow/example_dags/example_setup_teardown_taskflow.py took 0.148 seconds
[2023-12-03T18:43:29.073+0000] {processor.py:157} INFO - Started process (PID=214) to work on /home/airflow/.local/lib/python3.8/site-packages/airflow/example_dags/example_setup_teardown_taskflow.py
[2023-12-03T18:43:29.075+0000] {processor.py:829} INFO - Processing file /home/airflow/.local/lib/python3.8/site-packages/airflow/example_dags/example_setup_teardown_taskflow.py for tasks to queue
[2023-12-03T18:43:29.078+0000] {logging_mixin.py:154} INFO - [2023-12-03T18:43:29.078+0000] {dagbag.py:536} INFO - Filling up the DagBag from /home/airflow/.local/lib/python3.8/site-packages/airflow/example_dags/example_setup_teardown_taskflow.py
[2023-12-03T18:43:29.093+0000] {processor.py:839} INFO - DAG(s) dict_keys(['example_setup_teardown_taskflow']) retrieved from /home/airflow/.local/lib/python3.8/site-packages/airflow/example_dags/example_setup_teardown_taskflow.py
[2023-12-03T18:43:29.136+0000] {logging_mixin.py:154} INFO - [2023-12-03T18:43:29.136+0000] {dag.py:2941} INFO - Sync 1 DAGs
[2023-12-03T18:43:29.177+0000] {logging_mixin.py:154} INFO - [2023-12-03T18:43:29.176+0000] {dag.py:3722} INFO - Setting next_dagrun for example_setup_teardown_taskflow to 2023-12-02T18:43:29.176618+00:00, run_after=2023-12-03T18:43:29.176618+00:00
[2023-12-03T18:43:29.204+0000] {processor.py:179} INFO - Processing /home/airflow/.local/lib/python3.8/site-packages/airflow/example_dags/example_setup_teardown_taskflow.py took 0.135 seconds
[2023-12-03T18:43:59.605+0000] {processor.py:157} INFO - Started process (PID=269) to work on /home/airflow/.local/lib/python3.8/site-packages/airflow/example_dags/example_setup_teardown_taskflow.py
[2023-12-03T18:43:59.607+0000] {processor.py:829} INFO - Processing file /home/airflow/.local/lib/python3.8/site-packages/airflow/example_dags/example_setup_teardown_taskflow.py for tasks to queue
[2023-12-03T18:43:59.613+0000] {logging_mixin.py:154} INFO - [2023-12-03T18:43:59.612+0000] {dagbag.py:536} INFO - Filling up the DagBag from /home/airflow/.local/lib/python3.8/site-packages/airflow/example_dags/example_setup_teardown_taskflow.py
[2023-12-03T18:43:59.639+0000] {processor.py:839} INFO - DAG(s) dict_keys(['example_setup_teardown_taskflow']) retrieved from /home/airflow/.local/lib/python3.8/site-packages/airflow/example_dags/example_setup_teardown_taskflow.py
[2023-12-03T18:43:59.676+0000] {logging_mixin.py:154} INFO - [2023-12-03T18:43:59.676+0000] {dag.py:2941} INFO - Sync 1 DAGs
[2023-12-03T18:43:59.718+0000] {logging_mixin.py:154} INFO - [2023-12-03T18:43:59.718+0000] {dag.py:3722} INFO - Setting next_dagrun for example_setup_teardown_taskflow to 2023-12-02T18:43:59.717785+00:00, run_after=2023-12-03T18:43:59.717785+00:00
[2023-12-03T18:43:59.750+0000] {processor.py:179} INFO - Processing /home/airflow/.local/lib/python3.8/site-packages/airflow/example_dags/example_setup_teardown_taskflow.py took 0.155 seconds
[2023-12-03T18:44:30.544+0000] {processor.py:157} INFO - Started process (PID=324) to work on /home/airflow/.local/lib/python3.8/site-packages/airflow/example_dags/example_setup_teardown_taskflow.py
[2023-12-03T18:44:30.546+0000] {processor.py:829} INFO - Processing file /home/airflow/.local/lib/python3.8/site-packages/airflow/example_dags/example_setup_teardown_taskflow.py for tasks to queue
[2023-12-03T18:44:30.549+0000] {logging_mixin.py:154} INFO - [2023-12-03T18:44:30.549+0000] {dagbag.py:536} INFO - Filling up the DagBag from /home/airflow/.local/lib/python3.8/site-packages/airflow/example_dags/example_setup_teardown_taskflow.py
[2023-12-03T18:44:30.565+0000] {processor.py:839} INFO - DAG(s) dict_keys(['example_setup_teardown_taskflow']) retrieved from /home/airflow/.local/lib/python3.8/site-packages/airflow/example_dags/example_setup_teardown_taskflow.py
[2023-12-03T18:44:30.598+0000] {logging_mixin.py:154} INFO - [2023-12-03T18:44:30.598+0000] {dag.py:2941} INFO - Sync 1 DAGs
[2023-12-03T18:44:30.633+0000] {logging_mixin.py:154} INFO - [2023-12-03T18:44:30.633+0000] {dag.py:3722} INFO - Setting next_dagrun for example_setup_teardown_taskflow to 2023-12-02T18:44:30.633206+00:00, run_after=2023-12-03T18:44:30.633206+00:00
[2023-12-03T18:44:30.668+0000] {processor.py:179} INFO - Processing /home/airflow/.local/lib/python3.8/site-packages/airflow/example_dags/example_setup_teardown_taskflow.py took 0.129 seconds
[2023-12-03T18:48:27.716+0000] {processor.py:157} INFO - Started process (PID=52) to work on /home/airflow/.local/lib/python3.8/site-packages/airflow/example_dags/example_setup_teardown_taskflow.py
[2023-12-03T18:48:27.718+0000] {processor.py:829} INFO - Processing file /home/airflow/.local/lib/python3.8/site-packages/airflow/example_dags/example_setup_teardown_taskflow.py for tasks to queue
[2023-12-03T18:48:27.725+0000] {logging_mixin.py:154} INFO - [2023-12-03T18:48:27.724+0000] {dagbag.py:536} INFO - Filling up the DagBag from /home/airflow/.local/lib/python3.8/site-packages/airflow/example_dags/example_setup_teardown_taskflow.py
[2023-12-03T18:48:27.752+0000] {processor.py:839} INFO - DAG(s) dict_keys(['example_setup_teardown_taskflow']) retrieved from /home/airflow/.local/lib/python3.8/site-packages/airflow/example_dags/example_setup_teardown_taskflow.py
[2023-12-03T18:48:27.787+0000] {logging_mixin.py:154} INFO - [2023-12-03T18:48:27.787+0000] {dag.py:2941} INFO - Sync 1 DAGs
[2023-12-03T18:48:27.830+0000] {logging_mixin.py:154} INFO - [2023-12-03T18:48:27.830+0000] {dag.py:3722} INFO - Setting next_dagrun for example_setup_teardown_taskflow to 2023-12-02T18:48:27.829845+00:00, run_after=2023-12-03T18:48:27.829845+00:00
[2023-12-03T18:48:27.865+0000] {processor.py:179} INFO - Processing /home/airflow/.local/lib/python3.8/site-packages/airflow/example_dags/example_setup_teardown_taskflow.py took 0.158 seconds
[2023-12-03T18:48:58.635+0000] {processor.py:157} INFO - Started process (PID=107) to work on /home/airflow/.local/lib/python3.8/site-packages/airflow/example_dags/example_setup_teardown_taskflow.py
[2023-12-03T18:48:58.636+0000] {processor.py:829} INFO - Processing file /home/airflow/.local/lib/python3.8/site-packages/airflow/example_dags/example_setup_teardown_taskflow.py for tasks to queue
[2023-12-03T18:48:58.641+0000] {logging_mixin.py:154} INFO - [2023-12-03T18:48:58.641+0000] {dagbag.py:536} INFO - Filling up the DagBag from /home/airflow/.local/lib/python3.8/site-packages/airflow/example_dags/example_setup_teardown_taskflow.py
[2023-12-03T18:48:58.660+0000] {processor.py:839} INFO - DAG(s) dict_keys(['example_setup_teardown_taskflow']) retrieved from /home/airflow/.local/lib/python3.8/site-packages/airflow/example_dags/example_setup_teardown_taskflow.py
[2023-12-03T18:48:58.696+0000] {logging_mixin.py:154} INFO - [2023-12-03T18:48:58.696+0000] {dag.py:2941} INFO - Sync 1 DAGs
[2023-12-03T18:48:58.733+0000] {logging_mixin.py:154} INFO - [2023-12-03T18:48:58.733+0000] {dag.py:3722} INFO - Setting next_dagrun for example_setup_teardown_taskflow to 2023-12-02T18:48:58.732929+00:00, run_after=2023-12-03T18:48:58.732929+00:00
[2023-12-03T18:48:58.774+0000] {processor.py:179} INFO - Processing /home/airflow/.local/lib/python3.8/site-packages/airflow/example_dags/example_setup_teardown_taskflow.py took 0.147 seconds
[2023-12-03T18:49:28.994+0000] {processor.py:157} INFO - Started process (PID=162) to work on /home/airflow/.local/lib/python3.8/site-packages/airflow/example_dags/example_setup_teardown_taskflow.py
[2023-12-03T18:49:28.996+0000] {processor.py:829} INFO - Processing file /home/airflow/.local/lib/python3.8/site-packages/airflow/example_dags/example_setup_teardown_taskflow.py for tasks to queue
[2023-12-03T18:49:28.999+0000] {logging_mixin.py:154} INFO - [2023-12-03T18:49:28.999+0000] {dagbag.py:536} INFO - Filling up the DagBag from /home/airflow/.local/lib/python3.8/site-packages/airflow/example_dags/example_setup_teardown_taskflow.py
[2023-12-03T18:49:29.015+0000] {processor.py:839} INFO - DAG(s) dict_keys(['example_setup_teardown_taskflow']) retrieved from /home/airflow/.local/lib/python3.8/site-packages/airflow/example_dags/example_setup_teardown_taskflow.py
[2023-12-03T18:49:29.049+0000] {logging_mixin.py:154} INFO - [2023-12-03T18:49:29.049+0000] {dag.py:2941} INFO - Sync 1 DAGs
[2023-12-03T18:49:29.085+0000] {logging_mixin.py:154} INFO - [2023-12-03T18:49:29.084+0000] {dag.py:3722} INFO - Setting next_dagrun for example_setup_teardown_taskflow to 2023-12-02T18:49:29.084308+00:00, run_after=2023-12-03T18:49:29.084308+00:00
[2023-12-03T18:49:29.122+0000] {processor.py:179} INFO - Processing /home/airflow/.local/lib/python3.8/site-packages/airflow/example_dags/example_setup_teardown_taskflow.py took 0.133 seconds
