[2023-12-03T18:18:45.623+0000] {processor.py:157} INFO - Started process (PID=40) to work on /home/airflow/.local/lib/python3.8/site-packages/airflow/example_dags/example_dag_decorator.py
[2023-12-03T18:18:45.625+0000] {processor.py:829} INFO - Processing file /home/airflow/.local/lib/python3.8/site-packages/airflow/example_dags/example_dag_decorator.py for tasks to queue
[2023-12-03T18:18:45.630+0000] {logging_mixin.py:154} INFO - [2023-12-03T18:18:45.629+0000] {dagbag.py:536} INFO - Filling up the DagBag from /home/airflow/.local/lib/python3.8/site-packages/airflow/example_dags/example_dag_decorator.py
[2023-12-03T18:18:46.014+0000] {processor.py:839} INFO - DAG(s) dict_keys(['example_dag_decorator']) retrieved from /home/airflow/.local/lib/python3.8/site-packages/airflow/example_dags/example_dag_decorator.py
[2023-12-03T18:18:46.480+0000] {logging_mixin.py:154} INFO - [2023-12-03T18:18:46.480+0000] {dag.py:2941} INFO - Sync 1 DAGs
[2023-12-03T18:18:46.504+0000] {logging_mixin.py:154} INFO - [2023-12-03T18:18:46.504+0000] {dag.py:3722} INFO - Setting next_dagrun for example_dag_decorator to None, run_after=None
[2023-12-03T18:18:46.553+0000] {processor.py:179} INFO - Processing /home/airflow/.local/lib/python3.8/site-packages/airflow/example_dags/example_dag_decorator.py took 0.936 seconds
[2023-12-03T18:19:17.220+0000] {processor.py:157} INFO - Started process (PID=96) to work on /home/airflow/.local/lib/python3.8/site-packages/airflow/example_dags/example_dag_decorator.py
[2023-12-03T18:19:17.222+0000] {processor.py:829} INFO - Processing file /home/airflow/.local/lib/python3.8/site-packages/airflow/example_dags/example_dag_decorator.py for tasks to queue
[2023-12-03T18:19:17.228+0000] {logging_mixin.py:154} INFO - [2023-12-03T18:19:17.227+0000] {dagbag.py:536} INFO - Filling up the DagBag from /home/airflow/.local/lib/python3.8/site-packages/airflow/example_dags/example_dag_decorator.py
[2023-12-03T18:19:17.387+0000] {processor.py:839} INFO - DAG(s) dict_keys(['example_dag_decorator']) retrieved from /home/airflow/.local/lib/python3.8/site-packages/airflow/example_dags/example_dag_decorator.py
[2023-12-03T18:19:17.547+0000] {logging_mixin.py:154} INFO - [2023-12-03T18:19:17.547+0000] {dag.py:2941} INFO - Sync 1 DAGs
[2023-12-03T18:19:17.567+0000] {logging_mixin.py:154} INFO - [2023-12-03T18:19:17.567+0000] {dag.py:3722} INFO - Setting next_dagrun for example_dag_decorator to None, run_after=None
[2023-12-03T18:19:17.609+0000] {processor.py:179} INFO - Processing /home/airflow/.local/lib/python3.8/site-packages/airflow/example_dags/example_dag_decorator.py took 0.395 seconds
[2023-12-03T18:19:48.096+0000] {processor.py:157} INFO - Started process (PID=150) to work on /home/airflow/.local/lib/python3.8/site-packages/airflow/example_dags/example_dag_decorator.py
[2023-12-03T18:19:48.098+0000] {processor.py:829} INFO - Processing file /home/airflow/.local/lib/python3.8/site-packages/airflow/example_dags/example_dag_decorator.py for tasks to queue
[2023-12-03T18:19:48.105+0000] {logging_mixin.py:154} INFO - [2023-12-03T18:19:48.104+0000] {dagbag.py:536} INFO - Filling up the DagBag from /home/airflow/.local/lib/python3.8/site-packages/airflow/example_dags/example_dag_decorator.py
[2023-12-03T18:19:48.263+0000] {processor.py:839} INFO - DAG(s) dict_keys(['example_dag_decorator']) retrieved from /home/airflow/.local/lib/python3.8/site-packages/airflow/example_dags/example_dag_decorator.py
[2023-12-03T18:19:48.293+0000] {logging_mixin.py:154} INFO - [2023-12-03T18:19:48.292+0000] {dag.py:2941} INFO - Sync 1 DAGs
[2023-12-03T18:19:48.317+0000] {logging_mixin.py:154} INFO - [2023-12-03T18:19:48.317+0000] {dag.py:3722} INFO - Setting next_dagrun for example_dag_decorator to None, run_after=None
[2023-12-03T18:19:48.357+0000] {processor.py:179} INFO - Processing /home/airflow/.local/lib/python3.8/site-packages/airflow/example_dags/example_dag_decorator.py took 0.272 seconds
[2023-12-03T18:20:18.577+0000] {processor.py:157} INFO - Started process (PID=204) to work on /home/airflow/.local/lib/python3.8/site-packages/airflow/example_dags/example_dag_decorator.py
[2023-12-03T18:20:18.580+0000] {processor.py:829} INFO - Processing file /home/airflow/.local/lib/python3.8/site-packages/airflow/example_dags/example_dag_decorator.py for tasks to queue
[2023-12-03T18:20:18.587+0000] {logging_mixin.py:154} INFO - [2023-12-03T18:20:18.586+0000] {dagbag.py:536} INFO - Filling up the DagBag from /home/airflow/.local/lib/python3.8/site-packages/airflow/example_dags/example_dag_decorator.py
[2023-12-03T18:20:18.721+0000] {processor.py:839} INFO - DAG(s) dict_keys(['example_dag_decorator']) retrieved from /home/airflow/.local/lib/python3.8/site-packages/airflow/example_dags/example_dag_decorator.py
[2023-12-03T18:20:19.111+0000] {logging_mixin.py:154} INFO - [2023-12-03T18:20:19.110+0000] {dag.py:2941} INFO - Sync 1 DAGs
[2023-12-03T18:20:19.135+0000] {logging_mixin.py:154} INFO - [2023-12-03T18:20:19.134+0000] {dag.py:3722} INFO - Setting next_dagrun for example_dag_decorator to None, run_after=None
[2023-12-03T18:20:19.178+0000] {processor.py:179} INFO - Processing /home/airflow/.local/lib/python3.8/site-packages/airflow/example_dags/example_dag_decorator.py took 0.612 seconds
[2023-12-03T18:20:49.359+0000] {processor.py:157} INFO - Started process (PID=260) to work on /home/airflow/.local/lib/python3.8/site-packages/airflow/example_dags/example_dag_decorator.py
[2023-12-03T18:20:49.360+0000] {processor.py:829} INFO - Processing file /home/airflow/.local/lib/python3.8/site-packages/airflow/example_dags/example_dag_decorator.py for tasks to queue
[2023-12-03T18:20:49.365+0000] {logging_mixin.py:154} INFO - [2023-12-03T18:20:49.364+0000] {dagbag.py:536} INFO - Filling up the DagBag from /home/airflow/.local/lib/python3.8/site-packages/airflow/example_dags/example_dag_decorator.py
[2023-12-03T18:20:49.500+0000] {processor.py:839} INFO - DAG(s) dict_keys(['example_dag_decorator']) retrieved from /home/airflow/.local/lib/python3.8/site-packages/airflow/example_dags/example_dag_decorator.py
[2023-12-03T18:20:49.773+0000] {logging_mixin.py:154} INFO - [2023-12-03T18:20:49.772+0000] {dag.py:2941} INFO - Sync 1 DAGs
[2023-12-03T18:20:50.017+0000] {logging_mixin.py:154} INFO - [2023-12-03T18:20:50.016+0000] {dag.py:3722} INFO - Setting next_dagrun for example_dag_decorator to None, run_after=None
[2023-12-03T18:20:50.056+0000] {processor.py:179} INFO - Processing /home/airflow/.local/lib/python3.8/site-packages/airflow/example_dags/example_dag_decorator.py took 0.704 seconds
[2023-12-03T18:21:20.266+0000] {processor.py:157} INFO - Started process (PID=317) to work on /home/airflow/.local/lib/python3.8/site-packages/airflow/example_dags/example_dag_decorator.py
[2023-12-03T18:21:20.268+0000] {processor.py:829} INFO - Processing file /home/airflow/.local/lib/python3.8/site-packages/airflow/example_dags/example_dag_decorator.py for tasks to queue
[2023-12-03T18:21:20.272+0000] {logging_mixin.py:154} INFO - [2023-12-03T18:21:20.272+0000] {dagbag.py:536} INFO - Filling up the DagBag from /home/airflow/.local/lib/python3.8/site-packages/airflow/example_dags/example_dag_decorator.py
[2023-12-03T18:21:20.372+0000] {processor.py:839} INFO - DAG(s) dict_keys(['example_dag_decorator']) retrieved from /home/airflow/.local/lib/python3.8/site-packages/airflow/example_dags/example_dag_decorator.py
[2023-12-03T18:21:20.392+0000] {logging_mixin.py:154} INFO - [2023-12-03T18:21:20.392+0000] {dag.py:2941} INFO - Sync 1 DAGs
[2023-12-03T18:21:20.413+0000] {logging_mixin.py:154} INFO - [2023-12-03T18:21:20.412+0000] {dag.py:3722} INFO - Setting next_dagrun for example_dag_decorator to None, run_after=None
[2023-12-03T18:21:20.443+0000] {processor.py:179} INFO - Processing /home/airflow/.local/lib/python3.8/site-packages/airflow/example_dags/example_dag_decorator.py took 0.182 seconds
[2023-12-03T18:21:50.602+0000] {processor.py:157} INFO - Started process (PID=371) to work on /home/airflow/.local/lib/python3.8/site-packages/airflow/example_dags/example_dag_decorator.py
[2023-12-03T18:21:50.605+0000] {processor.py:829} INFO - Processing file /home/airflow/.local/lib/python3.8/site-packages/airflow/example_dags/example_dag_decorator.py for tasks to queue
[2023-12-03T18:21:50.612+0000] {logging_mixin.py:154} INFO - [2023-12-03T18:21:50.611+0000] {dagbag.py:536} INFO - Filling up the DagBag from /home/airflow/.local/lib/python3.8/site-packages/airflow/example_dags/example_dag_decorator.py
[2023-12-03T18:21:50.780+0000] {processor.py:839} INFO - DAG(s) dict_keys(['example_dag_decorator']) retrieved from /home/airflow/.local/lib/python3.8/site-packages/airflow/example_dags/example_dag_decorator.py
[2023-12-03T18:21:51.115+0000] {logging_mixin.py:154} INFO - [2023-12-03T18:21:51.115+0000] {dag.py:2941} INFO - Sync 1 DAGs
[2023-12-03T18:21:51.132+0000] {logging_mixin.py:154} INFO - [2023-12-03T18:21:51.132+0000] {dag.py:3722} INFO - Setting next_dagrun for example_dag_decorator to None, run_after=None
[2023-12-03T18:21:51.173+0000] {processor.py:179} INFO - Processing /home/airflow/.local/lib/python3.8/site-packages/airflow/example_dags/example_dag_decorator.py took 0.580 seconds
[2023-12-03T18:22:21.890+0000] {processor.py:157} INFO - Started process (PID=433) to work on /home/airflow/.local/lib/python3.8/site-packages/airflow/example_dags/example_dag_decorator.py
[2023-12-03T18:22:21.892+0000] {processor.py:829} INFO - Processing file /home/airflow/.local/lib/python3.8/site-packages/airflow/example_dags/example_dag_decorator.py for tasks to queue
[2023-12-03T18:22:21.898+0000] {logging_mixin.py:154} INFO - [2023-12-03T18:22:21.897+0000] {dagbag.py:536} INFO - Filling up the DagBag from /home/airflow/.local/lib/python3.8/site-packages/airflow/example_dags/example_dag_decorator.py
[2023-12-03T18:22:22.080+0000] {processor.py:839} INFO - DAG(s) dict_keys(['example_dag_decorator']) retrieved from /home/airflow/.local/lib/python3.8/site-packages/airflow/example_dags/example_dag_decorator.py
[2023-12-03T18:22:22.627+0000] {logging_mixin.py:154} INFO - [2023-12-03T18:22:22.627+0000] {dag.py:2941} INFO - Sync 1 DAGs
[2023-12-03T18:22:22.651+0000] {logging_mixin.py:154} INFO - [2023-12-03T18:22:22.651+0000] {dag.py:3722} INFO - Setting next_dagrun for example_dag_decorator to None, run_after=None
[2023-12-03T18:22:22.693+0000] {processor.py:179} INFO - Processing /home/airflow/.local/lib/python3.8/site-packages/airflow/example_dags/example_dag_decorator.py took 0.810 seconds
[2023-12-03T18:23:55.526+0000] {processor.py:157} INFO - Started process (PID=40) to work on /home/airflow/.local/lib/python3.8/site-packages/airflow/example_dags/example_dag_decorator.py
[2023-12-03T18:23:55.527+0000] {processor.py:829} INFO - Processing file /home/airflow/.local/lib/python3.8/site-packages/airflow/example_dags/example_dag_decorator.py for tasks to queue
[2023-12-03T18:23:55.531+0000] {logging_mixin.py:154} INFO - [2023-12-03T18:23:55.530+0000] {dagbag.py:536} INFO - Filling up the DagBag from /home/airflow/.local/lib/python3.8/site-packages/airflow/example_dags/example_dag_decorator.py
[2023-12-03T18:23:55.780+0000] {processor.py:839} INFO - DAG(s) dict_keys(['example_dag_decorator']) retrieved from /home/airflow/.local/lib/python3.8/site-packages/airflow/example_dags/example_dag_decorator.py
[2023-12-03T18:23:55.802+0000] {logging_mixin.py:154} INFO - [2023-12-03T18:23:55.802+0000] {dag.py:2941} INFO - Sync 1 DAGs
[2023-12-03T18:23:55.832+0000] {logging_mixin.py:154} INFO - [2023-12-03T18:23:55.831+0000] {dag.py:3722} INFO - Setting next_dagrun for example_dag_decorator to None, run_after=None
[2023-12-03T18:23:55.880+0000] {processor.py:179} INFO - Processing /home/airflow/.local/lib/python3.8/site-packages/airflow/example_dags/example_dag_decorator.py took 0.360 seconds
[2023-12-03T18:24:26.882+0000] {processor.py:157} INFO - Started process (PID=94) to work on /home/airflow/.local/lib/python3.8/site-packages/airflow/example_dags/example_dag_decorator.py
[2023-12-03T18:24:26.883+0000] {processor.py:829} INFO - Processing file /home/airflow/.local/lib/python3.8/site-packages/airflow/example_dags/example_dag_decorator.py for tasks to queue
[2023-12-03T18:24:26.891+0000] {logging_mixin.py:154} INFO - [2023-12-03T18:24:26.890+0000] {dagbag.py:536} INFO - Filling up the DagBag from /home/airflow/.local/lib/python3.8/site-packages/airflow/example_dags/example_dag_decorator.py
[2023-12-03T18:24:26.992+0000] {processor.py:839} INFO - DAG(s) dict_keys(['example_dag_decorator']) retrieved from /home/airflow/.local/lib/python3.8/site-packages/airflow/example_dags/example_dag_decorator.py
[2023-12-03T18:24:27.158+0000] {logging_mixin.py:154} INFO - [2023-12-03T18:24:27.158+0000] {dag.py:2941} INFO - Sync 1 DAGs
[2023-12-03T18:24:27.179+0000] {logging_mixin.py:154} INFO - [2023-12-03T18:24:27.179+0000] {dag.py:3722} INFO - Setting next_dagrun for example_dag_decorator to None, run_after=None
[2023-12-03T18:24:27.215+0000] {processor.py:179} INFO - Processing /home/airflow/.local/lib/python3.8/site-packages/airflow/example_dags/example_dag_decorator.py took 0.338 seconds
[2023-12-03T18:24:57.354+0000] {processor.py:157} INFO - Started process (PID=149) to work on /home/airflow/.local/lib/python3.8/site-packages/airflow/example_dags/example_dag_decorator.py
[2023-12-03T18:24:57.355+0000] {processor.py:829} INFO - Processing file /home/airflow/.local/lib/python3.8/site-packages/airflow/example_dags/example_dag_decorator.py for tasks to queue
[2023-12-03T18:24:57.358+0000] {logging_mixin.py:154} INFO - [2023-12-03T18:24:57.358+0000] {dagbag.py:536} INFO - Filling up the DagBag from /home/airflow/.local/lib/python3.8/site-packages/airflow/example_dags/example_dag_decorator.py
[2023-12-03T18:24:57.455+0000] {processor.py:839} INFO - DAG(s) dict_keys(['example_dag_decorator']) retrieved from /home/airflow/.local/lib/python3.8/site-packages/airflow/example_dags/example_dag_decorator.py
[2023-12-03T18:24:57.613+0000] {logging_mixin.py:154} INFO - [2023-12-03T18:24:57.613+0000] {dag.py:2941} INFO - Sync 1 DAGs
[2023-12-03T18:24:57.628+0000] {logging_mixin.py:154} INFO - [2023-12-03T18:24:57.628+0000] {dag.py:3722} INFO - Setting next_dagrun for example_dag_decorator to None, run_after=None
[2023-12-03T18:24:57.664+0000] {processor.py:179} INFO - Processing /home/airflow/.local/lib/python3.8/site-packages/airflow/example_dags/example_dag_decorator.py took 0.315 seconds
[2023-12-03T18:25:27.729+0000] {processor.py:157} INFO - Started process (PID=204) to work on /home/airflow/.local/lib/python3.8/site-packages/airflow/example_dags/example_dag_decorator.py
[2023-12-03T18:25:27.730+0000] {processor.py:829} INFO - Processing file /home/airflow/.local/lib/python3.8/site-packages/airflow/example_dags/example_dag_decorator.py for tasks to queue
[2023-12-03T18:25:27.734+0000] {logging_mixin.py:154} INFO - [2023-12-03T18:25:27.733+0000] {dagbag.py:536} INFO - Filling up the DagBag from /home/airflow/.local/lib/python3.8/site-packages/airflow/example_dags/example_dag_decorator.py
[2023-12-03T18:25:27.822+0000] {processor.py:839} INFO - DAG(s) dict_keys(['example_dag_decorator']) retrieved from /home/airflow/.local/lib/python3.8/site-packages/airflow/example_dags/example_dag_decorator.py
[2023-12-03T18:25:28.119+0000] {logging_mixin.py:154} INFO - [2023-12-03T18:25:28.119+0000] {dag.py:2941} INFO - Sync 1 DAGs
[2023-12-03T18:25:28.135+0000] {logging_mixin.py:154} INFO - [2023-12-03T18:25:28.134+0000] {dag.py:3722} INFO - Setting next_dagrun for example_dag_decorator to None, run_after=None
[2023-12-03T18:25:28.164+0000] {processor.py:179} INFO - Processing /home/airflow/.local/lib/python3.8/site-packages/airflow/example_dags/example_dag_decorator.py took 0.440 seconds
[2023-12-03T18:25:58.308+0000] {processor.py:157} INFO - Started process (PID=258) to work on /home/airflow/.local/lib/python3.8/site-packages/airflow/example_dags/example_dag_decorator.py
[2023-12-03T18:25:58.310+0000] {processor.py:829} INFO - Processing file /home/airflow/.local/lib/python3.8/site-packages/airflow/example_dags/example_dag_decorator.py for tasks to queue
[2023-12-03T18:25:58.314+0000] {logging_mixin.py:154} INFO - [2023-12-03T18:25:58.313+0000] {dagbag.py:536} INFO - Filling up the DagBag from /home/airflow/.local/lib/python3.8/site-packages/airflow/example_dags/example_dag_decorator.py
[2023-12-03T18:25:58.412+0000] {processor.py:839} INFO - DAG(s) dict_keys(['example_dag_decorator']) retrieved from /home/airflow/.local/lib/python3.8/site-packages/airflow/example_dags/example_dag_decorator.py
[2023-12-03T18:25:58.573+0000] {logging_mixin.py:154} INFO - [2023-12-03T18:25:58.572+0000] {dag.py:2941} INFO - Sync 1 DAGs
[2023-12-03T18:25:58.589+0000] {logging_mixin.py:154} INFO - [2023-12-03T18:25:58.589+0000] {dag.py:3722} INFO - Setting next_dagrun for example_dag_decorator to None, run_after=None
[2023-12-03T18:25:58.788+0000] {processor.py:179} INFO - Processing /home/airflow/.local/lib/python3.8/site-packages/airflow/example_dags/example_dag_decorator.py took 0.484 seconds
[2023-12-03T18:26:28.911+0000] {processor.py:157} INFO - Started process (PID=312) to work on /home/airflow/.local/lib/python3.8/site-packages/airflow/example_dags/example_dag_decorator.py
[2023-12-03T18:26:28.912+0000] {processor.py:829} INFO - Processing file /home/airflow/.local/lib/python3.8/site-packages/airflow/example_dags/example_dag_decorator.py for tasks to queue
[2023-12-03T18:26:28.916+0000] {logging_mixin.py:154} INFO - [2023-12-03T18:26:28.915+0000] {dagbag.py:536} INFO - Filling up the DagBag from /home/airflow/.local/lib/python3.8/site-packages/airflow/example_dags/example_dag_decorator.py
[2023-12-03T18:26:29.009+0000] {processor.py:839} INFO - DAG(s) dict_keys(['example_dag_decorator']) retrieved from /home/airflow/.local/lib/python3.8/site-packages/airflow/example_dags/example_dag_decorator.py
[2023-12-03T18:26:29.037+0000] {logging_mixin.py:154} INFO - [2023-12-03T18:26:29.036+0000] {dag.py:2941} INFO - Sync 1 DAGs
[2023-12-03T18:26:29.052+0000] {logging_mixin.py:154} INFO - [2023-12-03T18:26:29.051+0000] {dag.py:3722} INFO - Setting next_dagrun for example_dag_decorator to None, run_after=None
[2023-12-03T18:26:29.076+0000] {processor.py:179} INFO - Processing /home/airflow/.local/lib/python3.8/site-packages/airflow/example_dags/example_dag_decorator.py took 0.170 seconds
[2023-12-03T18:26:59.309+0000] {processor.py:157} INFO - Started process (PID=364) to work on /home/airflow/.local/lib/python3.8/site-packages/airflow/example_dags/example_dag_decorator.py
[2023-12-03T18:26:59.312+0000] {processor.py:829} INFO - Processing file /home/airflow/.local/lib/python3.8/site-packages/airflow/example_dags/example_dag_decorator.py for tasks to queue
[2023-12-03T18:26:59.319+0000] {logging_mixin.py:154} INFO - [2023-12-03T18:26:59.318+0000] {dagbag.py:536} INFO - Filling up the DagBag from /home/airflow/.local/lib/python3.8/site-packages/airflow/example_dags/example_dag_decorator.py
[2023-12-03T18:26:59.439+0000] {processor.py:839} INFO - DAG(s) dict_keys(['example_dag_decorator']) retrieved from /home/airflow/.local/lib/python3.8/site-packages/airflow/example_dags/example_dag_decorator.py
[2023-12-03T18:26:59.738+0000] {logging_mixin.py:154} INFO - [2023-12-03T18:26:59.738+0000] {dag.py:2941} INFO - Sync 1 DAGs
[2023-12-03T18:26:59.758+0000] {logging_mixin.py:154} INFO - [2023-12-03T18:26:59.758+0000] {dag.py:3722} INFO - Setting next_dagrun for example_dag_decorator to None, run_after=None
[2023-12-03T18:26:59.795+0000] {processor.py:179} INFO - Processing /home/airflow/.local/lib/python3.8/site-packages/airflow/example_dags/example_dag_decorator.py took 0.498 seconds
[2023-12-03T18:27:29.851+0000] {processor.py:157} INFO - Started process (PID=420) to work on /home/airflow/.local/lib/python3.8/site-packages/airflow/example_dags/example_dag_decorator.py
[2023-12-03T18:27:29.854+0000] {processor.py:829} INFO - Processing file /home/airflow/.local/lib/python3.8/site-packages/airflow/example_dags/example_dag_decorator.py for tasks to queue
[2023-12-03T18:27:29.860+0000] {logging_mixin.py:154} INFO - [2023-12-03T18:27:29.859+0000] {dagbag.py:536} INFO - Filling up the DagBag from /home/airflow/.local/lib/python3.8/site-packages/airflow/example_dags/example_dag_decorator.py
[2023-12-03T18:27:29.949+0000] {processor.py:839} INFO - DAG(s) dict_keys(['example_dag_decorator']) retrieved from /home/airflow/.local/lib/python3.8/site-packages/airflow/example_dags/example_dag_decorator.py
[2023-12-03T18:27:30.146+0000] {logging_mixin.py:154} INFO - [2023-12-03T18:27:30.146+0000] {dag.py:2941} INFO - Sync 1 DAGs
[2023-12-03T18:27:30.340+0000] {logging_mixin.py:154} INFO - [2023-12-03T18:27:30.339+0000] {dag.py:3722} INFO - Setting next_dagrun for example_dag_decorator to None, run_after=None
[2023-12-03T18:27:30.386+0000] {processor.py:179} INFO - Processing /home/airflow/.local/lib/python3.8/site-packages/airflow/example_dags/example_dag_decorator.py took 0.545 seconds
[2023-12-03T18:28:00.592+0000] {processor.py:157} INFO - Started process (PID=475) to work on /home/airflow/.local/lib/python3.8/site-packages/airflow/example_dags/example_dag_decorator.py
[2023-12-03T18:28:00.593+0000] {processor.py:829} INFO - Processing file /home/airflow/.local/lib/python3.8/site-packages/airflow/example_dags/example_dag_decorator.py for tasks to queue
[2023-12-03T18:28:00.597+0000] {logging_mixin.py:154} INFO - [2023-12-03T18:28:00.597+0000] {dagbag.py:536} INFO - Filling up the DagBag from /home/airflow/.local/lib/python3.8/site-packages/airflow/example_dags/example_dag_decorator.py
[2023-12-03T18:28:00.690+0000] {processor.py:839} INFO - DAG(s) dict_keys(['example_dag_decorator']) retrieved from /home/airflow/.local/lib/python3.8/site-packages/airflow/example_dags/example_dag_decorator.py
[2023-12-03T18:28:00.973+0000] {logging_mixin.py:154} INFO - [2023-12-03T18:28:00.972+0000] {dag.py:2941} INFO - Sync 1 DAGs
[2023-12-03T18:28:01.179+0000] {logging_mixin.py:154} INFO - [2023-12-03T18:28:01.179+0000] {dag.py:3722} INFO - Setting next_dagrun for example_dag_decorator to None, run_after=None
[2023-12-03T18:28:01.204+0000] {processor.py:179} INFO - Processing /home/airflow/.local/lib/python3.8/site-packages/airflow/example_dags/example_dag_decorator.py took 0.617 seconds
[2023-12-03T18:28:31.291+0000] {processor.py:157} INFO - Started process (PID=530) to work on /home/airflow/.local/lib/python3.8/site-packages/airflow/example_dags/example_dag_decorator.py
[2023-12-03T18:28:31.293+0000] {processor.py:829} INFO - Processing file /home/airflow/.local/lib/python3.8/site-packages/airflow/example_dags/example_dag_decorator.py for tasks to queue
[2023-12-03T18:28:31.296+0000] {logging_mixin.py:154} INFO - [2023-12-03T18:28:31.296+0000] {dagbag.py:536} INFO - Filling up the DagBag from /home/airflow/.local/lib/python3.8/site-packages/airflow/example_dags/example_dag_decorator.py
[2023-12-03T18:28:31.403+0000] {processor.py:839} INFO - DAG(s) dict_keys(['example_dag_decorator']) retrieved from /home/airflow/.local/lib/python3.8/site-packages/airflow/example_dags/example_dag_decorator.py
[2023-12-03T18:28:31.790+0000] {logging_mixin.py:154} INFO - [2023-12-03T18:28:31.790+0000] {dag.py:2941} INFO - Sync 1 DAGs
[2023-12-03T18:28:31.809+0000] {logging_mixin.py:154} INFO - [2023-12-03T18:28:31.808+0000] {dag.py:3722} INFO - Setting next_dagrun for example_dag_decorator to None, run_after=None
[2023-12-03T18:28:31.848+0000] {processor.py:179} INFO - Processing /home/airflow/.local/lib/python3.8/site-packages/airflow/example_dags/example_dag_decorator.py took 0.561 seconds
[2023-12-03T18:29:47.062+0000] {processor.py:157} INFO - Started process (PID=41) to work on /home/airflow/.local/lib/python3.8/site-packages/airflow/example_dags/example_dag_decorator.py
[2023-12-03T18:29:47.064+0000] {processor.py:829} INFO - Processing file /home/airflow/.local/lib/python3.8/site-packages/airflow/example_dags/example_dag_decorator.py for tasks to queue
[2023-12-03T18:29:47.068+0000] {logging_mixin.py:154} INFO - [2023-12-03T18:29:47.067+0000] {dagbag.py:536} INFO - Filling up the DagBag from /home/airflow/.local/lib/python3.8/site-packages/airflow/example_dags/example_dag_decorator.py
[2023-12-03T18:29:47.438+0000] {processor.py:839} INFO - DAG(s) dict_keys(['example_dag_decorator']) retrieved from /home/airflow/.local/lib/python3.8/site-packages/airflow/example_dags/example_dag_decorator.py
[2023-12-03T18:29:47.907+0000] {logging_mixin.py:154} INFO - [2023-12-03T18:29:47.907+0000] {dag.py:2941} INFO - Sync 1 DAGs
[2023-12-03T18:29:47.931+0000] {logging_mixin.py:154} INFO - [2023-12-03T18:29:47.931+0000] {dag.py:3722} INFO - Setting next_dagrun for example_dag_decorator to None, run_after=None
[2023-12-03T18:29:47.974+0000] {processor.py:179} INFO - Processing /home/airflow/.local/lib/python3.8/site-packages/airflow/example_dags/example_dag_decorator.py took 0.919 seconds
[2023-12-03T18:30:18.347+0000] {processor.py:157} INFO - Started process (PID=99) to work on /home/airflow/.local/lib/python3.8/site-packages/airflow/example_dags/example_dag_decorator.py
[2023-12-03T18:30:18.349+0000] {processor.py:829} INFO - Processing file /home/airflow/.local/lib/python3.8/site-packages/airflow/example_dags/example_dag_decorator.py for tasks to queue
[2023-12-03T18:30:18.352+0000] {logging_mixin.py:154} INFO - [2023-12-03T18:30:18.352+0000] {dagbag.py:536} INFO - Filling up the DagBag from /home/airflow/.local/lib/python3.8/site-packages/airflow/example_dags/example_dag_decorator.py
[2023-12-03T18:30:18.439+0000] {processor.py:839} INFO - DAG(s) dict_keys(['example_dag_decorator']) retrieved from /home/airflow/.local/lib/python3.8/site-packages/airflow/example_dags/example_dag_decorator.py
[2023-12-03T18:30:18.753+0000] {logging_mixin.py:154} INFO - [2023-12-03T18:30:18.753+0000] {dag.py:2941} INFO - Sync 1 DAGs
[2023-12-03T18:30:18.768+0000] {logging_mixin.py:154} INFO - [2023-12-03T18:30:18.768+0000] {dag.py:3722} INFO - Setting next_dagrun for example_dag_decorator to None, run_after=None
[2023-12-03T18:30:18.804+0000] {processor.py:179} INFO - Processing /home/airflow/.local/lib/python3.8/site-packages/airflow/example_dags/example_dag_decorator.py took 0.462 seconds
[2023-12-03T18:30:49.318+0000] {processor.py:157} INFO - Started process (PID=155) to work on /home/airflow/.local/lib/python3.8/site-packages/airflow/example_dags/example_dag_decorator.py
[2023-12-03T18:30:49.319+0000] {processor.py:829} INFO - Processing file /home/airflow/.local/lib/python3.8/site-packages/airflow/example_dags/example_dag_decorator.py for tasks to queue
[2023-12-03T18:30:49.324+0000] {logging_mixin.py:154} INFO - [2023-12-03T18:30:49.323+0000] {dagbag.py:536} INFO - Filling up the DagBag from /home/airflow/.local/lib/python3.8/site-packages/airflow/example_dags/example_dag_decorator.py
[2023-12-03T18:30:49.452+0000] {processor.py:839} INFO - DAG(s) dict_keys(['example_dag_decorator']) retrieved from /home/airflow/.local/lib/python3.8/site-packages/airflow/example_dags/example_dag_decorator.py
[2023-12-03T18:30:49.788+0000] {logging_mixin.py:154} INFO - [2023-12-03T18:30:49.787+0000] {dag.py:2941} INFO - Sync 1 DAGs
[2023-12-03T18:30:49.802+0000] {logging_mixin.py:154} INFO - [2023-12-03T18:30:49.802+0000] {dag.py:3722} INFO - Setting next_dagrun for example_dag_decorator to None, run_after=None
[2023-12-03T18:30:49.846+0000] {processor.py:179} INFO - Processing /home/airflow/.local/lib/python3.8/site-packages/airflow/example_dags/example_dag_decorator.py took 0.534 seconds
[2023-12-03T18:31:20.070+0000] {processor.py:157} INFO - Started process (PID=214) to work on /home/airflow/.local/lib/python3.8/site-packages/airflow/example_dags/example_dag_decorator.py
[2023-12-03T18:31:20.073+0000] {processor.py:829} INFO - Processing file /home/airflow/.local/lib/python3.8/site-packages/airflow/example_dags/example_dag_decorator.py for tasks to queue
[2023-12-03T18:31:20.078+0000] {logging_mixin.py:154} INFO - [2023-12-03T18:31:20.077+0000] {dagbag.py:536} INFO - Filling up the DagBag from /home/airflow/.local/lib/python3.8/site-packages/airflow/example_dags/example_dag_decorator.py
[2023-12-03T18:31:20.205+0000] {processor.py:839} INFO - DAG(s) dict_keys(['example_dag_decorator']) retrieved from /home/airflow/.local/lib/python3.8/site-packages/airflow/example_dags/example_dag_decorator.py
[2023-12-03T18:31:20.653+0000] {logging_mixin.py:154} INFO - [2023-12-03T18:31:20.653+0000] {dag.py:2941} INFO - Sync 1 DAGs
[2023-12-03T18:31:20.677+0000] {logging_mixin.py:154} INFO - [2023-12-03T18:31:20.677+0000] {dag.py:3722} INFO - Setting next_dagrun for example_dag_decorator to None, run_after=None
[2023-12-03T18:31:20.730+0000] {processor.py:179} INFO - Processing /home/airflow/.local/lib/python3.8/site-packages/airflow/example_dags/example_dag_decorator.py took 0.666 seconds
[2023-12-03T18:31:51.688+0000] {processor.py:157} INFO - Started process (PID=275) to work on /home/airflow/.local/lib/python3.8/site-packages/airflow/example_dags/example_dag_decorator.py
[2023-12-03T18:31:51.691+0000] {processor.py:829} INFO - Processing file /home/airflow/.local/lib/python3.8/site-packages/airflow/example_dags/example_dag_decorator.py for tasks to queue
[2023-12-03T18:31:51.698+0000] {logging_mixin.py:154} INFO - [2023-12-03T18:31:51.697+0000] {dagbag.py:536} INFO - Filling up the DagBag from /home/airflow/.local/lib/python3.8/site-packages/airflow/example_dags/example_dag_decorator.py
[2023-12-03T18:31:52.012+0000] {processor.py:839} INFO - DAG(s) dict_keys(['example_dag_decorator']) retrieved from /home/airflow/.local/lib/python3.8/site-packages/airflow/example_dags/example_dag_decorator.py
[2023-12-03T18:31:52.186+0000] {logging_mixin.py:154} INFO - [2023-12-03T18:31:52.186+0000] {dag.py:2941} INFO - Sync 1 DAGs
[2023-12-03T18:31:52.210+0000] {logging_mixin.py:154} INFO - [2023-12-03T18:31:52.209+0000] {dag.py:3722} INFO - Setting next_dagrun for example_dag_decorator to None, run_after=None
[2023-12-03T18:31:52.255+0000] {processor.py:179} INFO - Processing /home/airflow/.local/lib/python3.8/site-packages/airflow/example_dags/example_dag_decorator.py took 0.576 seconds
[2023-12-03T18:32:22.601+0000] {processor.py:157} INFO - Started process (PID=331) to work on /home/airflow/.local/lib/python3.8/site-packages/airflow/example_dags/example_dag_decorator.py
[2023-12-03T18:32:22.603+0000] {processor.py:829} INFO - Processing file /home/airflow/.local/lib/python3.8/site-packages/airflow/example_dags/example_dag_decorator.py for tasks to queue
[2023-12-03T18:32:22.607+0000] {logging_mixin.py:154} INFO - [2023-12-03T18:32:22.606+0000] {dagbag.py:536} INFO - Filling up the DagBag from /home/airflow/.local/lib/python3.8/site-packages/airflow/example_dags/example_dag_decorator.py
[2023-12-03T18:32:22.918+0000] {processor.py:839} INFO - DAG(s) dict_keys(['example_dag_decorator']) retrieved from /home/airflow/.local/lib/python3.8/site-packages/airflow/example_dags/example_dag_decorator.py
[2023-12-03T18:32:23.058+0000] {logging_mixin.py:154} INFO - [2023-12-03T18:32:23.057+0000] {dag.py:2941} INFO - Sync 1 DAGs
[2023-12-03T18:32:23.072+0000] {logging_mixin.py:154} INFO - [2023-12-03T18:32:23.072+0000] {dag.py:3722} INFO - Setting next_dagrun for example_dag_decorator to None, run_after=None
[2023-12-03T18:32:23.114+0000] {processor.py:179} INFO - Processing /home/airflow/.local/lib/python3.8/site-packages/airflow/example_dags/example_dag_decorator.py took 0.518 seconds
[2023-12-03T18:32:53.395+0000] {processor.py:157} INFO - Started process (PID=387) to work on /home/airflow/.local/lib/python3.8/site-packages/airflow/example_dags/example_dag_decorator.py
[2023-12-03T18:32:53.397+0000] {processor.py:829} INFO - Processing file /home/airflow/.local/lib/python3.8/site-packages/airflow/example_dags/example_dag_decorator.py for tasks to queue
[2023-12-03T18:32:53.400+0000] {logging_mixin.py:154} INFO - [2023-12-03T18:32:53.399+0000] {dagbag.py:536} INFO - Filling up the DagBag from /home/airflow/.local/lib/python3.8/site-packages/airflow/example_dags/example_dag_decorator.py
[2023-12-03T18:32:53.645+0000] {processor.py:839} INFO - DAG(s) dict_keys(['example_dag_decorator']) retrieved from /home/airflow/.local/lib/python3.8/site-packages/airflow/example_dags/example_dag_decorator.py
[2023-12-03T18:32:53.764+0000] {logging_mixin.py:154} INFO - [2023-12-03T18:32:53.764+0000] {dag.py:2941} INFO - Sync 1 DAGs
[2023-12-03T18:32:53.780+0000] {logging_mixin.py:154} INFO - [2023-12-03T18:32:53.780+0000] {dag.py:3722} INFO - Setting next_dagrun for example_dag_decorator to None, run_after=None
[2023-12-03T18:32:53.811+0000] {processor.py:179} INFO - Processing /home/airflow/.local/lib/python3.8/site-packages/airflow/example_dags/example_dag_decorator.py took 0.419 seconds
[2023-12-03T18:33:24.039+0000] {processor.py:157} INFO - Started process (PID=442) to work on /home/airflow/.local/lib/python3.8/site-packages/airflow/example_dags/example_dag_decorator.py
[2023-12-03T18:33:24.041+0000] {processor.py:829} INFO - Processing file /home/airflow/.local/lib/python3.8/site-packages/airflow/example_dags/example_dag_decorator.py for tasks to queue
[2023-12-03T18:33:24.046+0000] {logging_mixin.py:154} INFO - [2023-12-03T18:33:24.045+0000] {dagbag.py:536} INFO - Filling up the DagBag from /home/airflow/.local/lib/python3.8/site-packages/airflow/example_dags/example_dag_decorator.py
[2023-12-03T18:33:24.341+0000] {processor.py:839} INFO - DAG(s) dict_keys(['example_dag_decorator']) retrieved from /home/airflow/.local/lib/python3.8/site-packages/airflow/example_dags/example_dag_decorator.py
[2023-12-03T18:33:24.485+0000] {logging_mixin.py:154} INFO - [2023-12-03T18:33:24.484+0000] {dag.py:2941} INFO - Sync 1 DAGs
[2023-12-03T18:33:24.504+0000] {logging_mixin.py:154} INFO - [2023-12-03T18:33:24.504+0000] {dag.py:3722} INFO - Setting next_dagrun for example_dag_decorator to None, run_after=None
[2023-12-03T18:33:24.536+0000] {processor.py:179} INFO - Processing /home/airflow/.local/lib/python3.8/site-packages/airflow/example_dags/example_dag_decorator.py took 0.502 seconds
[2023-12-03T18:33:55.080+0000] {processor.py:157} INFO - Started process (PID=497) to work on /home/airflow/.local/lib/python3.8/site-packages/airflow/example_dags/example_dag_decorator.py
[2023-12-03T18:33:55.083+0000] {processor.py:829} INFO - Processing file /home/airflow/.local/lib/python3.8/site-packages/airflow/example_dags/example_dag_decorator.py for tasks to queue
[2023-12-03T18:33:55.090+0000] {logging_mixin.py:154} INFO - [2023-12-03T18:33:55.089+0000] {dagbag.py:536} INFO - Filling up the DagBag from /home/airflow/.local/lib/python3.8/site-packages/airflow/example_dags/example_dag_decorator.py
[2023-12-03T18:33:55.364+0000] {processor.py:839} INFO - DAG(s) dict_keys(['example_dag_decorator']) retrieved from /home/airflow/.local/lib/python3.8/site-packages/airflow/example_dags/example_dag_decorator.py
[2023-12-03T18:33:55.522+0000] {logging_mixin.py:154} INFO - [2023-12-03T18:33:55.522+0000] {dag.py:2941} INFO - Sync 1 DAGs
[2023-12-03T18:33:55.541+0000] {logging_mixin.py:154} INFO - [2023-12-03T18:33:55.541+0000] {dag.py:3722} INFO - Setting next_dagrun for example_dag_decorator to None, run_after=None
[2023-12-03T18:33:55.593+0000] {processor.py:179} INFO - Processing /home/airflow/.local/lib/python3.8/site-packages/airflow/example_dags/example_dag_decorator.py took 0.523 seconds
[2023-12-03T18:34:26.072+0000] {processor.py:157} INFO - Started process (PID=559) to work on /home/airflow/.local/lib/python3.8/site-packages/airflow/example_dags/example_dag_decorator.py
[2023-12-03T18:34:26.073+0000] {processor.py:829} INFO - Processing file /home/airflow/.local/lib/python3.8/site-packages/airflow/example_dags/example_dag_decorator.py for tasks to queue
[2023-12-03T18:34:26.077+0000] {logging_mixin.py:154} INFO - [2023-12-03T18:34:26.076+0000] {dagbag.py:536} INFO - Filling up the DagBag from /home/airflow/.local/lib/python3.8/site-packages/airflow/example_dags/example_dag_decorator.py
[2023-12-03T18:34:26.351+0000] {processor.py:839} INFO - DAG(s) dict_keys(['example_dag_decorator']) retrieved from /home/airflow/.local/lib/python3.8/site-packages/airflow/example_dags/example_dag_decorator.py
[2023-12-03T18:34:26.496+0000] {logging_mixin.py:154} INFO - [2023-12-03T18:34:26.496+0000] {dag.py:2941} INFO - Sync 1 DAGs
[2023-12-03T18:34:26.513+0000] {logging_mixin.py:154} INFO - [2023-12-03T18:34:26.513+0000] {dag.py:3722} INFO - Setting next_dagrun for example_dag_decorator to None, run_after=None
[2023-12-03T18:34:26.551+0000] {processor.py:179} INFO - Processing /home/airflow/.local/lib/python3.8/site-packages/airflow/example_dags/example_dag_decorator.py took 0.484 seconds
[2023-12-03T18:34:56.731+0000] {processor.py:157} INFO - Started process (PID=614) to work on /home/airflow/.local/lib/python3.8/site-packages/airflow/example_dags/example_dag_decorator.py
[2023-12-03T18:34:56.734+0000] {processor.py:829} INFO - Processing file /home/airflow/.local/lib/python3.8/site-packages/airflow/example_dags/example_dag_decorator.py for tasks to queue
[2023-12-03T18:34:56.743+0000] {logging_mixin.py:154} INFO - [2023-12-03T18:34:56.742+0000] {dagbag.py:536} INFO - Filling up the DagBag from /home/airflow/.local/lib/python3.8/site-packages/airflow/example_dags/example_dag_decorator.py
[2023-12-03T18:34:57.019+0000] {processor.py:839} INFO - DAG(s) dict_keys(['example_dag_decorator']) retrieved from /home/airflow/.local/lib/python3.8/site-packages/airflow/example_dags/example_dag_decorator.py
[2023-12-03T18:34:57.171+0000] {logging_mixin.py:154} INFO - [2023-12-03T18:34:57.170+0000] {dag.py:2941} INFO - Sync 1 DAGs
[2023-12-03T18:34:57.188+0000] {logging_mixin.py:154} INFO - [2023-12-03T18:34:57.188+0000] {dag.py:3722} INFO - Setting next_dagrun for example_dag_decorator to None, run_after=None
[2023-12-03T18:34:57.229+0000] {processor.py:179} INFO - Processing /home/airflow/.local/lib/python3.8/site-packages/airflow/example_dags/example_dag_decorator.py took 0.506 seconds
[2023-12-03T18:35:27.701+0000] {processor.py:157} INFO - Started process (PID=669) to work on /home/airflow/.local/lib/python3.8/site-packages/airflow/example_dags/example_dag_decorator.py
[2023-12-03T18:35:27.703+0000] {processor.py:829} INFO - Processing file /home/airflow/.local/lib/python3.8/site-packages/airflow/example_dags/example_dag_decorator.py for tasks to queue
[2023-12-03T18:35:27.710+0000] {logging_mixin.py:154} INFO - [2023-12-03T18:35:27.709+0000] {dagbag.py:536} INFO - Filling up the DagBag from /home/airflow/.local/lib/python3.8/site-packages/airflow/example_dags/example_dag_decorator.py
[2023-12-03T18:35:27.986+0000] {processor.py:839} INFO - DAG(s) dict_keys(['example_dag_decorator']) retrieved from /home/airflow/.local/lib/python3.8/site-packages/airflow/example_dags/example_dag_decorator.py
[2023-12-03T18:35:28.141+0000] {logging_mixin.py:154} INFO - [2023-12-03T18:35:28.141+0000] {dag.py:2941} INFO - Sync 1 DAGs
[2023-12-03T18:35:28.163+0000] {logging_mixin.py:154} INFO - [2023-12-03T18:35:28.163+0000] {dag.py:3722} INFO - Setting next_dagrun for example_dag_decorator to None, run_after=None
[2023-12-03T18:35:28.202+0000] {processor.py:179} INFO - Processing /home/airflow/.local/lib/python3.8/site-packages/airflow/example_dags/example_dag_decorator.py took 0.512 seconds
[2023-12-03T18:35:58.714+0000] {processor.py:157} INFO - Started process (PID=724) to work on /home/airflow/.local/lib/python3.8/site-packages/airflow/example_dags/example_dag_decorator.py
[2023-12-03T18:35:58.716+0000] {processor.py:829} INFO - Processing file /home/airflow/.local/lib/python3.8/site-packages/airflow/example_dags/example_dag_decorator.py for tasks to queue
[2023-12-03T18:35:58.724+0000] {logging_mixin.py:154} INFO - [2023-12-03T18:35:58.723+0000] {dagbag.py:536} INFO - Filling up the DagBag from /home/airflow/.local/lib/python3.8/site-packages/airflow/example_dags/example_dag_decorator.py
[2023-12-03T18:35:58.866+0000] {processor.py:839} INFO - DAG(s) dict_keys(['example_dag_decorator']) retrieved from /home/airflow/.local/lib/python3.8/site-packages/airflow/example_dags/example_dag_decorator.py
[2023-12-03T18:35:59.089+0000] {logging_mixin.py:154} INFO - [2023-12-03T18:35:59.089+0000] {dag.py:2941} INFO - Sync 1 DAGs
[2023-12-03T18:35:59.112+0000] {logging_mixin.py:154} INFO - [2023-12-03T18:35:59.111+0000] {dag.py:3722} INFO - Setting next_dagrun for example_dag_decorator to None, run_after=None
[2023-12-03T18:35:59.157+0000] {processor.py:179} INFO - Processing /home/airflow/.local/lib/python3.8/site-packages/airflow/example_dags/example_dag_decorator.py took 0.453 seconds
[2023-12-03T18:36:29.311+0000] {processor.py:157} INFO - Started process (PID=780) to work on /home/airflow/.local/lib/python3.8/site-packages/airflow/example_dags/example_dag_decorator.py
[2023-12-03T18:36:29.312+0000] {processor.py:829} INFO - Processing file /home/airflow/.local/lib/python3.8/site-packages/airflow/example_dags/example_dag_decorator.py for tasks to queue
[2023-12-03T18:36:29.315+0000] {logging_mixin.py:154} INFO - [2023-12-03T18:36:29.315+0000] {dagbag.py:536} INFO - Filling up the DagBag from /home/airflow/.local/lib/python3.8/site-packages/airflow/example_dags/example_dag_decorator.py
[2023-12-03T18:36:29.451+0000] {processor.py:839} INFO - DAG(s) dict_keys(['example_dag_decorator']) retrieved from /home/airflow/.local/lib/python3.8/site-packages/airflow/example_dags/example_dag_decorator.py
[2023-12-03T18:36:29.646+0000] {logging_mixin.py:154} INFO - [2023-12-03T18:36:29.645+0000] {dag.py:2941} INFO - Sync 1 DAGs
[2023-12-03T18:36:29.669+0000] {logging_mixin.py:154} INFO - [2023-12-03T18:36:29.668+0000] {dag.py:3722} INFO - Setting next_dagrun for example_dag_decorator to None, run_after=None
[2023-12-03T18:36:29.714+0000] {processor.py:179} INFO - Processing /home/airflow/.local/lib/python3.8/site-packages/airflow/example_dags/example_dag_decorator.py took 0.417 seconds
[2023-12-03T18:37:00.022+0000] {processor.py:157} INFO - Started process (PID=834) to work on /home/airflow/.local/lib/python3.8/site-packages/airflow/example_dags/example_dag_decorator.py
[2023-12-03T18:37:00.024+0000] {processor.py:829} INFO - Processing file /home/airflow/.local/lib/python3.8/site-packages/airflow/example_dags/example_dag_decorator.py for tasks to queue
[2023-12-03T18:37:00.029+0000] {logging_mixin.py:154} INFO - [2023-12-03T18:37:00.028+0000] {dagbag.py:536} INFO - Filling up the DagBag from /home/airflow/.local/lib/python3.8/site-packages/airflow/example_dags/example_dag_decorator.py
[2023-12-03T18:37:00.166+0000] {processor.py:839} INFO - DAG(s) dict_keys(['example_dag_decorator']) retrieved from /home/airflow/.local/lib/python3.8/site-packages/airflow/example_dags/example_dag_decorator.py
[2023-12-03T18:37:00.211+0000] {logging_mixin.py:154} INFO - [2023-12-03T18:37:00.211+0000] {dag.py:2941} INFO - Sync 1 DAGs
[2023-12-03T18:37:00.240+0000] {logging_mixin.py:154} INFO - [2023-12-03T18:37:00.239+0000] {dag.py:3722} INFO - Setting next_dagrun for example_dag_decorator to None, run_after=None
[2023-12-03T18:37:00.285+0000] {processor.py:179} INFO - Processing /home/airflow/.local/lib/python3.8/site-packages/airflow/example_dags/example_dag_decorator.py took 0.273 seconds
[2023-12-03T18:37:30.395+0000] {processor.py:157} INFO - Started process (PID=889) to work on /home/airflow/.local/lib/python3.8/site-packages/airflow/example_dags/example_dag_decorator.py
[2023-12-03T18:37:30.398+0000] {processor.py:829} INFO - Processing file /home/airflow/.local/lib/python3.8/site-packages/airflow/example_dags/example_dag_decorator.py for tasks to queue
[2023-12-03T18:37:30.409+0000] {logging_mixin.py:154} INFO - [2023-12-03T18:37:30.408+0000] {dagbag.py:536} INFO - Filling up the DagBag from /home/airflow/.local/lib/python3.8/site-packages/airflow/example_dags/example_dag_decorator.py
[2023-12-03T18:37:30.533+0000] {processor.py:839} INFO - DAG(s) dict_keys(['example_dag_decorator']) retrieved from /home/airflow/.local/lib/python3.8/site-packages/airflow/example_dags/example_dag_decorator.py
[2023-12-03T18:37:30.572+0000] {logging_mixin.py:154} INFO - [2023-12-03T18:37:30.571+0000] {dag.py:2941} INFO - Sync 1 DAGs
[2023-12-03T18:37:30.594+0000] {logging_mixin.py:154} INFO - [2023-12-03T18:37:30.594+0000] {dag.py:3722} INFO - Setting next_dagrun for example_dag_decorator to None, run_after=None
[2023-12-03T18:37:30.633+0000] {processor.py:179} INFO - Processing /home/airflow/.local/lib/python3.8/site-packages/airflow/example_dags/example_dag_decorator.py took 0.253 seconds
[2023-12-03T18:38:01.090+0000] {processor.py:157} INFO - Started process (PID=944) to work on /home/airflow/.local/lib/python3.8/site-packages/airflow/example_dags/example_dag_decorator.py
[2023-12-03T18:38:01.092+0000] {processor.py:829} INFO - Processing file /home/airflow/.local/lib/python3.8/site-packages/airflow/example_dags/example_dag_decorator.py for tasks to queue
[2023-12-03T18:38:01.100+0000] {logging_mixin.py:154} INFO - [2023-12-03T18:38:01.098+0000] {dagbag.py:536} INFO - Filling up the DagBag from /home/airflow/.local/lib/python3.8/site-packages/airflow/example_dags/example_dag_decorator.py
[2023-12-03T18:38:01.229+0000] {processor.py:839} INFO - DAG(s) dict_keys(['example_dag_decorator']) retrieved from /home/airflow/.local/lib/python3.8/site-packages/airflow/example_dags/example_dag_decorator.py
[2023-12-03T18:38:01.270+0000] {logging_mixin.py:154} INFO - [2023-12-03T18:38:01.270+0000] {dag.py:2941} INFO - Sync 1 DAGs
[2023-12-03T18:38:01.292+0000] {logging_mixin.py:154} INFO - [2023-12-03T18:38:01.292+0000] {dag.py:3722} INFO - Setting next_dagrun for example_dag_decorator to None, run_after=None
[2023-12-03T18:38:01.335+0000] {processor.py:179} INFO - Processing /home/airflow/.local/lib/python3.8/site-packages/airflow/example_dags/example_dag_decorator.py took 0.260 seconds
[2023-12-03T18:38:31.507+0000] {processor.py:157} INFO - Started process (PID=999) to work on /home/airflow/.local/lib/python3.8/site-packages/airflow/example_dags/example_dag_decorator.py
[2023-12-03T18:38:31.509+0000] {processor.py:829} INFO - Processing file /home/airflow/.local/lib/python3.8/site-packages/airflow/example_dags/example_dag_decorator.py for tasks to queue
[2023-12-03T18:38:31.517+0000] {logging_mixin.py:154} INFO - [2023-12-03T18:38:31.516+0000] {dagbag.py:536} INFO - Filling up the DagBag from /home/airflow/.local/lib/python3.8/site-packages/airflow/example_dags/example_dag_decorator.py
[2023-12-03T18:38:31.647+0000] {processor.py:839} INFO - DAG(s) dict_keys(['example_dag_decorator']) retrieved from /home/airflow/.local/lib/python3.8/site-packages/airflow/example_dags/example_dag_decorator.py
[2023-12-03T18:38:31.802+0000] {logging_mixin.py:154} INFO - [2023-12-03T18:38:31.802+0000] {dag.py:2941} INFO - Sync 1 DAGs
[2023-12-03T18:38:31.818+0000] {logging_mixin.py:154} INFO - [2023-12-03T18:38:31.818+0000] {dag.py:3722} INFO - Setting next_dagrun for example_dag_decorator to None, run_after=None
[2023-12-03T18:38:31.858+0000] {processor.py:179} INFO - Processing /home/airflow/.local/lib/python3.8/site-packages/airflow/example_dags/example_dag_decorator.py took 0.358 seconds
[2023-12-03T18:39:02.111+0000] {processor.py:157} INFO - Started process (PID=1054) to work on /home/airflow/.local/lib/python3.8/site-packages/airflow/example_dags/example_dag_decorator.py
[2023-12-03T18:39:02.114+0000] {processor.py:829} INFO - Processing file /home/airflow/.local/lib/python3.8/site-packages/airflow/example_dags/example_dag_decorator.py for tasks to queue
[2023-12-03T18:39:02.121+0000] {logging_mixin.py:154} INFO - [2023-12-03T18:39:02.120+0000] {dagbag.py:536} INFO - Filling up the DagBag from /home/airflow/.local/lib/python3.8/site-packages/airflow/example_dags/example_dag_decorator.py
[2023-12-03T18:39:02.273+0000] {processor.py:839} INFO - DAG(s) dict_keys(['example_dag_decorator']) retrieved from /home/airflow/.local/lib/python3.8/site-packages/airflow/example_dags/example_dag_decorator.py
[2023-12-03T18:39:02.483+0000] {logging_mixin.py:154} INFO - [2023-12-03T18:39:02.483+0000] {dag.py:2941} INFO - Sync 1 DAGs
[2023-12-03T18:39:02.504+0000] {logging_mixin.py:154} INFO - [2023-12-03T18:39:02.504+0000] {dag.py:3722} INFO - Setting next_dagrun for example_dag_decorator to None, run_after=None
[2023-12-03T18:39:02.551+0000] {processor.py:179} INFO - Processing /home/airflow/.local/lib/python3.8/site-packages/airflow/example_dags/example_dag_decorator.py took 0.450 seconds
[2023-12-03T18:39:32.724+0000] {processor.py:157} INFO - Started process (PID=1110) to work on /home/airflow/.local/lib/python3.8/site-packages/airflow/example_dags/example_dag_decorator.py
[2023-12-03T18:39:32.726+0000] {processor.py:829} INFO - Processing file /home/airflow/.local/lib/python3.8/site-packages/airflow/example_dags/example_dag_decorator.py for tasks to queue
[2023-12-03T18:39:32.729+0000] {logging_mixin.py:154} INFO - [2023-12-03T18:39:32.729+0000] {dagbag.py:536} INFO - Filling up the DagBag from /home/airflow/.local/lib/python3.8/site-packages/airflow/example_dags/example_dag_decorator.py
[2023-12-03T18:39:32.828+0000] {processor.py:839} INFO - DAG(s) dict_keys(['example_dag_decorator']) retrieved from /home/airflow/.local/lib/python3.8/site-packages/airflow/example_dags/example_dag_decorator.py
[2023-12-03T18:39:32.995+0000] {logging_mixin.py:154} INFO - [2023-12-03T18:39:32.995+0000] {dag.py:2941} INFO - Sync 1 DAGs
[2023-12-03T18:39:33.014+0000] {logging_mixin.py:154} INFO - [2023-12-03T18:39:33.013+0000] {dag.py:3722} INFO - Setting next_dagrun for example_dag_decorator to None, run_after=None
[2023-12-03T18:39:33.050+0000] {processor.py:179} INFO - Processing /home/airflow/.local/lib/python3.8/site-packages/airflow/example_dags/example_dag_decorator.py took 0.330 seconds
[2023-12-03T18:40:03.326+0000] {processor.py:157} INFO - Started process (PID=1166) to work on /home/airflow/.local/lib/python3.8/site-packages/airflow/example_dags/example_dag_decorator.py
[2023-12-03T18:40:03.327+0000] {processor.py:829} INFO - Processing file /home/airflow/.local/lib/python3.8/site-packages/airflow/example_dags/example_dag_decorator.py for tasks to queue
[2023-12-03T18:40:03.331+0000] {logging_mixin.py:154} INFO - [2023-12-03T18:40:03.330+0000] {dagbag.py:536} INFO - Filling up the DagBag from /home/airflow/.local/lib/python3.8/site-packages/airflow/example_dags/example_dag_decorator.py
[2023-12-03T18:40:03.433+0000] {processor.py:839} INFO - DAG(s) dict_keys(['example_dag_decorator']) retrieved from /home/airflow/.local/lib/python3.8/site-packages/airflow/example_dags/example_dag_decorator.py
[2023-12-03T18:40:03.594+0000] {logging_mixin.py:154} INFO - [2023-12-03T18:40:03.593+0000] {dag.py:2941} INFO - Sync 1 DAGs
[2023-12-03T18:40:03.612+0000] {logging_mixin.py:154} INFO - [2023-12-03T18:40:03.612+0000] {dag.py:3722} INFO - Setting next_dagrun for example_dag_decorator to None, run_after=None
[2023-12-03T18:40:03.644+0000] {processor.py:179} INFO - Processing /home/airflow/.local/lib/python3.8/site-packages/airflow/example_dags/example_dag_decorator.py took 0.323 seconds
[2023-12-03T18:41:30.462+0000] {processor.py:157} INFO - Started process (PID=41) to work on /home/airflow/.local/lib/python3.8/site-packages/airflow/example_dags/example_dag_decorator.py
[2023-12-03T18:41:30.465+0000] {processor.py:829} INFO - Processing file /home/airflow/.local/lib/python3.8/site-packages/airflow/example_dags/example_dag_decorator.py for tasks to queue
[2023-12-03T18:41:30.470+0000] {logging_mixin.py:154} INFO - [2023-12-03T18:41:30.469+0000] {dagbag.py:536} INFO - Filling up the DagBag from /home/airflow/.local/lib/python3.8/site-packages/airflow/example_dags/example_dag_decorator.py
[2023-12-03T18:41:30.705+0000] {processor.py:839} INFO - DAG(s) dict_keys(['example_dag_decorator']) retrieved from /home/airflow/.local/lib/python3.8/site-packages/airflow/example_dags/example_dag_decorator.py
[2023-12-03T18:41:30.723+0000] {logging_mixin.py:154} INFO - [2023-12-03T18:41:30.722+0000] {dag.py:2941} INFO - Sync 1 DAGs
[2023-12-03T18:41:30.940+0000] {logging_mixin.py:154} INFO - [2023-12-03T18:41:30.940+0000] {dag.py:3722} INFO - Setting next_dagrun for example_dag_decorator to None, run_after=None
[2023-12-03T18:41:30.976+0000] {processor.py:179} INFO - Processing /home/airflow/.local/lib/python3.8/site-packages/airflow/example_dags/example_dag_decorator.py took 0.520 seconds
[2023-12-03T18:41:55.357+0000] {processor.py:157} INFO - Started process (PID=40) to work on /home/airflow/.local/lib/python3.8/site-packages/airflow/example_dags/example_dag_decorator.py
[2023-12-03T18:41:55.358+0000] {processor.py:829} INFO - Processing file /home/airflow/.local/lib/python3.8/site-packages/airflow/example_dags/example_dag_decorator.py for tasks to queue
[2023-12-03T18:41:55.362+0000] {logging_mixin.py:154} INFO - [2023-12-03T18:41:55.361+0000] {dagbag.py:536} INFO - Filling up the DagBag from /home/airflow/.local/lib/python3.8/site-packages/airflow/example_dags/example_dag_decorator.py
[2023-12-03T18:41:55.448+0000] {processor.py:839} INFO - DAG(s) dict_keys(['example_dag_decorator']) retrieved from /home/airflow/.local/lib/python3.8/site-packages/airflow/example_dags/example_dag_decorator.py
[2023-12-03T18:41:55.584+0000] {logging_mixin.py:154} INFO - [2023-12-03T18:41:55.584+0000] {dag.py:2941} INFO - Sync 1 DAGs
[2023-12-03T18:41:55.602+0000] {logging_mixin.py:154} INFO - [2023-12-03T18:41:55.602+0000] {dag.py:3722} INFO - Setting next_dagrun for example_dag_decorator to None, run_after=None
[2023-12-03T18:41:55.645+0000] {processor.py:179} INFO - Processing /home/airflow/.local/lib/python3.8/site-packages/airflow/example_dags/example_dag_decorator.py took 0.292 seconds
[2023-12-03T18:42:25.990+0000] {processor.py:157} INFO - Started process (PID=95) to work on /home/airflow/.local/lib/python3.8/site-packages/airflow/example_dags/example_dag_decorator.py
[2023-12-03T18:42:25.991+0000] {processor.py:829} INFO - Processing file /home/airflow/.local/lib/python3.8/site-packages/airflow/example_dags/example_dag_decorator.py for tasks to queue
[2023-12-03T18:42:25.995+0000] {logging_mixin.py:154} INFO - [2023-12-03T18:42:25.995+0000] {dagbag.py:536} INFO - Filling up the DagBag from /home/airflow/.local/lib/python3.8/site-packages/airflow/example_dags/example_dag_decorator.py
[2023-12-03T18:42:26.096+0000] {processor.py:839} INFO - DAG(s) dict_keys(['example_dag_decorator']) retrieved from /home/airflow/.local/lib/python3.8/site-packages/airflow/example_dags/example_dag_decorator.py
[2023-12-03T18:42:26.249+0000] {logging_mixin.py:154} INFO - [2023-12-03T18:42:26.248+0000] {dag.py:2941} INFO - Sync 1 DAGs
[2023-12-03T18:42:26.266+0000] {logging_mixin.py:154} INFO - [2023-12-03T18:42:26.265+0000] {dag.py:3722} INFO - Setting next_dagrun for example_dag_decorator to None, run_after=None
[2023-12-03T18:42:26.310+0000] {processor.py:179} INFO - Processing /home/airflow/.local/lib/python3.8/site-packages/airflow/example_dags/example_dag_decorator.py took 0.325 seconds
[2023-12-03T18:42:56.986+0000] {processor.py:157} INFO - Started process (PID=151) to work on /home/airflow/.local/lib/python3.8/site-packages/airflow/example_dags/example_dag_decorator.py
[2023-12-03T18:42:56.987+0000] {processor.py:829} INFO - Processing file /home/airflow/.local/lib/python3.8/site-packages/airflow/example_dags/example_dag_decorator.py for tasks to queue
[2023-12-03T18:42:56.992+0000] {logging_mixin.py:154} INFO - [2023-12-03T18:42:56.991+0000] {dagbag.py:536} INFO - Filling up the DagBag from /home/airflow/.local/lib/python3.8/site-packages/airflow/example_dags/example_dag_decorator.py
[2023-12-03T18:42:57.092+0000] {processor.py:839} INFO - DAG(s) dict_keys(['example_dag_decorator']) retrieved from /home/airflow/.local/lib/python3.8/site-packages/airflow/example_dags/example_dag_decorator.py
[2023-12-03T18:42:57.278+0000] {logging_mixin.py:154} INFO - [2023-12-03T18:42:57.278+0000] {dag.py:2941} INFO - Sync 1 DAGs
[2023-12-03T18:42:57.296+0000] {logging_mixin.py:154} INFO - [2023-12-03T18:42:57.296+0000] {dag.py:3722} INFO - Setting next_dagrun for example_dag_decorator to None, run_after=None
[2023-12-03T18:42:57.337+0000] {processor.py:179} INFO - Processing /home/airflow/.local/lib/python3.8/site-packages/airflow/example_dags/example_dag_decorator.py took 0.357 seconds
[2023-12-03T18:43:27.731+0000] {processor.py:157} INFO - Started process (PID=206) to work on /home/airflow/.local/lib/python3.8/site-packages/airflow/example_dags/example_dag_decorator.py
[2023-12-03T18:43:27.732+0000] {processor.py:829} INFO - Processing file /home/airflow/.local/lib/python3.8/site-packages/airflow/example_dags/example_dag_decorator.py for tasks to queue
[2023-12-03T18:43:27.735+0000] {logging_mixin.py:154} INFO - [2023-12-03T18:43:27.735+0000] {dagbag.py:536} INFO - Filling up the DagBag from /home/airflow/.local/lib/python3.8/site-packages/airflow/example_dags/example_dag_decorator.py
[2023-12-03T18:43:27.819+0000] {processor.py:839} INFO - DAG(s) dict_keys(['example_dag_decorator']) retrieved from /home/airflow/.local/lib/python3.8/site-packages/airflow/example_dags/example_dag_decorator.py
[2023-12-03T18:43:27.997+0000] {logging_mixin.py:154} INFO - [2023-12-03T18:43:27.997+0000] {dag.py:2941} INFO - Sync 1 DAGs
[2023-12-03T18:43:28.017+0000] {logging_mixin.py:154} INFO - [2023-12-03T18:43:28.016+0000] {dag.py:3722} INFO - Setting next_dagrun for example_dag_decorator to None, run_after=None
[2023-12-03T18:43:28.180+0000] {processor.py:179} INFO - Processing /home/airflow/.local/lib/python3.8/site-packages/airflow/example_dags/example_dag_decorator.py took 0.454 seconds
[2023-12-03T18:43:58.579+0000] {processor.py:157} INFO - Started process (PID=261) to work on /home/airflow/.local/lib/python3.8/site-packages/airflow/example_dags/example_dag_decorator.py
[2023-12-03T18:43:58.580+0000] {processor.py:829} INFO - Processing file /home/airflow/.local/lib/python3.8/site-packages/airflow/example_dags/example_dag_decorator.py for tasks to queue
[2023-12-03T18:43:58.584+0000] {logging_mixin.py:154} INFO - [2023-12-03T18:43:58.583+0000] {dagbag.py:536} INFO - Filling up the DagBag from /home/airflow/.local/lib/python3.8/site-packages/airflow/example_dags/example_dag_decorator.py
[2023-12-03T18:43:58.676+0000] {processor.py:839} INFO - DAG(s) dict_keys(['example_dag_decorator']) retrieved from /home/airflow/.local/lib/python3.8/site-packages/airflow/example_dags/example_dag_decorator.py
[2023-12-03T18:43:58.851+0000] {logging_mixin.py:154} INFO - [2023-12-03T18:43:58.850+0000] {dag.py:2941} INFO - Sync 1 DAGs
[2023-12-03T18:43:58.875+0000] {logging_mixin.py:154} INFO - [2023-12-03T18:43:58.875+0000] {dag.py:3722} INFO - Setting next_dagrun for example_dag_decorator to None, run_after=None
[2023-12-03T18:43:59.083+0000] {processor.py:179} INFO - Processing /home/airflow/.local/lib/python3.8/site-packages/airflow/example_dags/example_dag_decorator.py took 0.509 seconds
[2023-12-03T18:44:29.731+0000] {processor.py:157} INFO - Started process (PID=317) to work on /home/airflow/.local/lib/python3.8/site-packages/airflow/example_dags/example_dag_decorator.py
[2023-12-03T18:44:29.733+0000] {processor.py:829} INFO - Processing file /home/airflow/.local/lib/python3.8/site-packages/airflow/example_dags/example_dag_decorator.py for tasks to queue
[2023-12-03T18:44:29.737+0000] {logging_mixin.py:154} INFO - [2023-12-03T18:44:29.736+0000] {dagbag.py:536} INFO - Filling up the DagBag from /home/airflow/.local/lib/python3.8/site-packages/airflow/example_dags/example_dag_decorator.py
[2023-12-03T18:44:29.851+0000] {processor.py:839} INFO - DAG(s) dict_keys(['example_dag_decorator']) retrieved from /home/airflow/.local/lib/python3.8/site-packages/airflow/example_dags/example_dag_decorator.py
[2023-12-03T18:44:30.019+0000] {logging_mixin.py:154} INFO - [2023-12-03T18:44:30.019+0000] {dag.py:2941} INFO - Sync 1 DAGs
[2023-12-03T18:44:30.218+0000] {logging_mixin.py:154} INFO - [2023-12-03T18:44:30.218+0000] {dag.py:3722} INFO - Setting next_dagrun for example_dag_decorator to None, run_after=None
[2023-12-03T18:44:30.253+0000] {processor.py:179} INFO - Processing /home/airflow/.local/lib/python3.8/site-packages/airflow/example_dags/example_dag_decorator.py took 0.527 seconds
[2023-12-03T18:48:26.816+0000] {processor.py:157} INFO - Started process (PID=44) to work on /home/airflow/.local/lib/python3.8/site-packages/airflow/example_dags/example_dag_decorator.py
[2023-12-03T18:48:26.818+0000] {processor.py:829} INFO - Processing file /home/airflow/.local/lib/python3.8/site-packages/airflow/example_dags/example_dag_decorator.py for tasks to queue
[2023-12-03T18:48:26.823+0000] {logging_mixin.py:154} INFO - [2023-12-03T18:48:26.822+0000] {dagbag.py:536} INFO - Filling up the DagBag from /home/airflow/.local/lib/python3.8/site-packages/airflow/example_dags/example_dag_decorator.py
[2023-12-03T18:48:27.055+0000] {processor.py:839} INFO - DAG(s) dict_keys(['example_dag_decorator']) retrieved from /home/airflow/.local/lib/python3.8/site-packages/airflow/example_dags/example_dag_decorator.py
[2023-12-03T18:48:27.073+0000] {logging_mixin.py:154} INFO - [2023-12-03T18:48:27.073+0000] {dag.py:2941} INFO - Sync 1 DAGs
[2023-12-03T18:48:27.098+0000] {logging_mixin.py:154} INFO - [2023-12-03T18:48:27.098+0000] {dag.py:3722} INFO - Setting next_dagrun for example_dag_decorator to None, run_after=None
[2023-12-03T18:48:27.141+0000] {processor.py:179} INFO - Processing /home/airflow/.local/lib/python3.8/site-packages/airflow/example_dags/example_dag_decorator.py took 0.333 seconds
[2023-12-03T18:48:57.420+0000] {processor.py:157} INFO - Started process (PID=99) to work on /home/airflow/.local/lib/python3.8/site-packages/airflow/example_dags/example_dag_decorator.py
[2023-12-03T18:48:57.425+0000] {processor.py:829} INFO - Processing file /home/airflow/.local/lib/python3.8/site-packages/airflow/example_dags/example_dag_decorator.py for tasks to queue
[2023-12-03T18:48:57.429+0000] {logging_mixin.py:154} INFO - [2023-12-03T18:48:57.428+0000] {dagbag.py:536} INFO - Filling up the DagBag from /home/airflow/.local/lib/python3.8/site-packages/airflow/example_dags/example_dag_decorator.py
[2023-12-03T18:48:57.557+0000] {processor.py:839} INFO - DAG(s) dict_keys(['example_dag_decorator']) retrieved from /home/airflow/.local/lib/python3.8/site-packages/airflow/example_dags/example_dag_decorator.py
[2023-12-03T18:48:57.876+0000] {logging_mixin.py:154} INFO - [2023-12-03T18:48:57.875+0000] {dag.py:2941} INFO - Sync 1 DAGs
[2023-12-03T18:48:57.909+0000] {logging_mixin.py:154} INFO - [2023-12-03T18:48:57.908+0000] {dag.py:3722} INFO - Setting next_dagrun for example_dag_decorator to None, run_after=None
[2023-12-03T18:48:57.961+0000] {processor.py:179} INFO - Processing /home/airflow/.local/lib/python3.8/site-packages/airflow/example_dags/example_dag_decorator.py took 0.546 seconds
[2023-12-03T18:49:28.156+0000] {processor.py:157} INFO - Started process (PID=155) to work on /home/airflow/.local/lib/python3.8/site-packages/airflow/example_dags/example_dag_decorator.py
[2023-12-03T18:49:28.157+0000] {processor.py:829} INFO - Processing file /home/airflow/.local/lib/python3.8/site-packages/airflow/example_dags/example_dag_decorator.py for tasks to queue
[2023-12-03T18:49:28.161+0000] {logging_mixin.py:154} INFO - [2023-12-03T18:49:28.161+0000] {dagbag.py:536} INFO - Filling up the DagBag from /home/airflow/.local/lib/python3.8/site-packages/airflow/example_dags/example_dag_decorator.py
[2023-12-03T18:49:28.279+0000] {processor.py:839} INFO - DAG(s) dict_keys(['example_dag_decorator']) retrieved from /home/airflow/.local/lib/python3.8/site-packages/airflow/example_dags/example_dag_decorator.py
[2023-12-03T18:49:28.436+0000] {logging_mixin.py:154} INFO - [2023-12-03T18:49:28.436+0000] {dag.py:2941} INFO - Sync 1 DAGs
[2023-12-03T18:49:28.454+0000] {logging_mixin.py:154} INFO - [2023-12-03T18:49:28.454+0000] {dag.py:3722} INFO - Setting next_dagrun for example_dag_decorator to None, run_after=None
[2023-12-03T18:49:28.485+0000] {processor.py:179} INFO - Processing /home/airflow/.local/lib/python3.8/site-packages/airflow/example_dags/example_dag_decorator.py took 0.333 seconds
