[2023-12-03T18:18:49.226+0000] {processor.py:157} INFO - Started process (PID=69) to work on /home/airflow/.local/lib/python3.8/site-packages/airflow/example_dags/example_skip_dag.py
[2023-12-03T18:18:49.227+0000] {processor.py:829} INFO - Processing file /home/airflow/.local/lib/python3.8/site-packages/airflow/example_dags/example_skip_dag.py for tasks to queue
[2023-12-03T18:18:49.231+0000] {logging_mixin.py:154} INFO - [2023-12-03T18:18:49.230+0000] {dagbag.py:536} INFO - Filling up the DagBag from /home/airflow/.local/lib/python3.8/site-packages/airflow/example_dags/example_skip_dag.py
[2023-12-03T18:18:49.245+0000] {processor.py:839} INFO - DAG(s) dict_keys(['example_skip_dag']) retrieved from /home/airflow/.local/lib/python3.8/site-packages/airflow/example_dags/example_skip_dag.py
[2023-12-03T18:18:49.282+0000] {logging_mixin.py:154} INFO - [2023-12-03T18:18:49.281+0000] {dag.py:2941} INFO - Sync 1 DAGs
[2023-12-03T18:18:49.325+0000] {logging_mixin.py:154} INFO - [2023-12-03T18:18:49.325+0000] {dag.py:3722} INFO - Setting next_dagrun for example_skip_dag to 2023-12-02T18:18:49.325159+00:00, run_after=2023-12-03T18:18:49.325159+00:00
[2023-12-03T18:18:49.388+0000] {processor.py:179} INFO - Processing /home/airflow/.local/lib/python3.8/site-packages/airflow/example_dags/example_skip_dag.py took 0.166 seconds
[2023-12-03T18:19:20.285+0000] {processor.py:157} INFO - Started process (PID=123) to work on /home/airflow/.local/lib/python3.8/site-packages/airflow/example_dags/example_skip_dag.py
[2023-12-03T18:19:20.287+0000] {processor.py:829} INFO - Processing file /home/airflow/.local/lib/python3.8/site-packages/airflow/example_dags/example_skip_dag.py for tasks to queue
[2023-12-03T18:19:20.292+0000] {logging_mixin.py:154} INFO - [2023-12-03T18:19:20.292+0000] {dagbag.py:536} INFO - Filling up the DagBag from /home/airflow/.local/lib/python3.8/site-packages/airflow/example_dags/example_skip_dag.py
[2023-12-03T18:19:20.311+0000] {processor.py:839} INFO - DAG(s) dict_keys(['example_skip_dag']) retrieved from /home/airflow/.local/lib/python3.8/site-packages/airflow/example_dags/example_skip_dag.py
[2023-12-03T18:19:20.353+0000] {logging_mixin.py:154} INFO - [2023-12-03T18:19:20.353+0000] {dag.py:2941} INFO - Sync 1 DAGs
[2023-12-03T18:19:20.402+0000] {logging_mixin.py:154} INFO - [2023-12-03T18:19:20.402+0000] {dag.py:3722} INFO - Setting next_dagrun for example_skip_dag to 2023-12-02T18:19:20.401963+00:00, run_after=2023-12-03T18:19:20.401963+00:00
[2023-12-03T18:19:20.450+0000] {processor.py:179} INFO - Processing /home/airflow/.local/lib/python3.8/site-packages/airflow/example_dags/example_skip_dag.py took 0.173 seconds
[2023-12-03T18:19:51.549+0000] {processor.py:157} INFO - Started process (PID=184) to work on /home/airflow/.local/lib/python3.8/site-packages/airflow/example_dags/example_skip_dag.py
[2023-12-03T18:19:51.551+0000] {processor.py:829} INFO - Processing file /home/airflow/.local/lib/python3.8/site-packages/airflow/example_dags/example_skip_dag.py for tasks to queue
[2023-12-03T18:19:51.555+0000] {logging_mixin.py:154} INFO - [2023-12-03T18:19:51.555+0000] {dagbag.py:536} INFO - Filling up the DagBag from /home/airflow/.local/lib/python3.8/site-packages/airflow/example_dags/example_skip_dag.py
[2023-12-03T18:19:51.568+0000] {processor.py:839} INFO - DAG(s) dict_keys(['example_skip_dag']) retrieved from /home/airflow/.local/lib/python3.8/site-packages/airflow/example_dags/example_skip_dag.py
[2023-12-03T18:19:51.595+0000] {logging_mixin.py:154} INFO - [2023-12-03T18:19:51.595+0000] {dag.py:2941} INFO - Sync 1 DAGs
[2023-12-03T18:19:51.654+0000] {logging_mixin.py:154} INFO - [2023-12-03T18:19:51.653+0000] {dag.py:3722} INFO - Setting next_dagrun for example_skip_dag to 2023-12-02T18:19:51.653145+00:00, run_after=2023-12-03T18:19:51.653145+00:00
[2023-12-03T18:19:51.697+0000] {processor.py:179} INFO - Processing /home/airflow/.local/lib/python3.8/site-packages/airflow/example_dags/example_skip_dag.py took 0.155 seconds
[2023-12-03T18:20:21.794+0000] {processor.py:157} INFO - Started process (PID=238) to work on /home/airflow/.local/lib/python3.8/site-packages/airflow/example_dags/example_skip_dag.py
[2023-12-03T18:20:21.796+0000] {processor.py:829} INFO - Processing file /home/airflow/.local/lib/python3.8/site-packages/airflow/example_dags/example_skip_dag.py for tasks to queue
[2023-12-03T18:20:21.801+0000] {logging_mixin.py:154} INFO - [2023-12-03T18:20:21.800+0000] {dagbag.py:536} INFO - Filling up the DagBag from /home/airflow/.local/lib/python3.8/site-packages/airflow/example_dags/example_skip_dag.py
[2023-12-03T18:20:21.811+0000] {processor.py:839} INFO - DAG(s) dict_keys(['example_skip_dag']) retrieved from /home/airflow/.local/lib/python3.8/site-packages/airflow/example_dags/example_skip_dag.py
[2023-12-03T18:20:21.848+0000] {logging_mixin.py:154} INFO - [2023-12-03T18:20:21.848+0000] {dag.py:2941} INFO - Sync 1 DAGs
[2023-12-03T18:20:21.886+0000] {logging_mixin.py:154} INFO - [2023-12-03T18:20:21.886+0000] {dag.py:3722} INFO - Setting next_dagrun for example_skip_dag to 2023-12-02T18:20:21.885837+00:00, run_after=2023-12-03T18:20:21.885837+00:00
[2023-12-03T18:20:21.916+0000] {processor.py:179} INFO - Processing /home/airflow/.local/lib/python3.8/site-packages/airflow/example_dags/example_skip_dag.py took 0.127 seconds
[2023-12-03T18:20:52.786+0000] {processor.py:157} INFO - Started process (PID=292) to work on /home/airflow/.local/lib/python3.8/site-packages/airflow/example_dags/example_skip_dag.py
[2023-12-03T18:20:52.788+0000] {processor.py:829} INFO - Processing file /home/airflow/.local/lib/python3.8/site-packages/airflow/example_dags/example_skip_dag.py for tasks to queue
[2023-12-03T18:20:52.792+0000] {logging_mixin.py:154} INFO - [2023-12-03T18:20:52.791+0000] {dagbag.py:536} INFO - Filling up the DagBag from /home/airflow/.local/lib/python3.8/site-packages/airflow/example_dags/example_skip_dag.py
[2023-12-03T18:20:52.805+0000] {processor.py:839} INFO - DAG(s) dict_keys(['example_skip_dag']) retrieved from /home/airflow/.local/lib/python3.8/site-packages/airflow/example_dags/example_skip_dag.py
[2023-12-03T18:20:52.851+0000] {logging_mixin.py:154} INFO - [2023-12-03T18:20:52.851+0000] {dag.py:2941} INFO - Sync 1 DAGs
[2023-12-03T18:20:52.901+0000] {logging_mixin.py:154} INFO - [2023-12-03T18:20:52.901+0000] {dag.py:3722} INFO - Setting next_dagrun for example_skip_dag to 2023-12-02T18:20:52.900898+00:00, run_after=2023-12-03T18:20:52.900898+00:00
[2023-12-03T18:20:52.944+0000] {processor.py:179} INFO - Processing /home/airflow/.local/lib/python3.8/site-packages/airflow/example_dags/example_skip_dag.py took 0.165 seconds
[2023-12-03T18:21:23.428+0000] {processor.py:157} INFO - Started process (PID=346) to work on /home/airflow/.local/lib/python3.8/site-packages/airflow/example_dags/example_skip_dag.py
[2023-12-03T18:21:23.430+0000] {processor.py:829} INFO - Processing file /home/airflow/.local/lib/python3.8/site-packages/airflow/example_dags/example_skip_dag.py for tasks to queue
[2023-12-03T18:21:23.436+0000] {logging_mixin.py:154} INFO - [2023-12-03T18:21:23.435+0000] {dagbag.py:536} INFO - Filling up the DagBag from /home/airflow/.local/lib/python3.8/site-packages/airflow/example_dags/example_skip_dag.py
[2023-12-03T18:21:23.456+0000] {processor.py:839} INFO - DAG(s) dict_keys(['example_skip_dag']) retrieved from /home/airflow/.local/lib/python3.8/site-packages/airflow/example_dags/example_skip_dag.py
[2023-12-03T18:21:23.484+0000] {logging_mixin.py:154} INFO - [2023-12-03T18:21:23.483+0000] {dag.py:2941} INFO - Sync 1 DAGs
[2023-12-03T18:21:23.526+0000] {logging_mixin.py:154} INFO - [2023-12-03T18:21:23.525+0000] {dag.py:3722} INFO - Setting next_dagrun for example_skip_dag to 2023-12-02T18:21:23.525350+00:00, run_after=2023-12-03T18:21:23.525350+00:00
[2023-12-03T18:21:23.566+0000] {processor.py:179} INFO - Processing /home/airflow/.local/lib/python3.8/site-packages/airflow/example_dags/example_skip_dag.py took 0.147 seconds
[2023-12-03T18:21:54.242+0000] {processor.py:157} INFO - Started process (PID=400) to work on /home/airflow/.local/lib/python3.8/site-packages/airflow/example_dags/example_skip_dag.py
[2023-12-03T18:21:54.244+0000] {processor.py:829} INFO - Processing file /home/airflow/.local/lib/python3.8/site-packages/airflow/example_dags/example_skip_dag.py for tasks to queue
[2023-12-03T18:21:54.253+0000] {logging_mixin.py:154} INFO - [2023-12-03T18:21:54.251+0000] {dagbag.py:536} INFO - Filling up the DagBag from /home/airflow/.local/lib/python3.8/site-packages/airflow/example_dags/example_skip_dag.py
[2023-12-03T18:21:54.272+0000] {processor.py:839} INFO - DAG(s) dict_keys(['example_skip_dag']) retrieved from /home/airflow/.local/lib/python3.8/site-packages/airflow/example_dags/example_skip_dag.py
[2023-12-03T18:21:54.314+0000] {logging_mixin.py:154} INFO - [2023-12-03T18:21:54.314+0000] {dag.py:2941} INFO - Sync 1 DAGs
[2023-12-03T18:21:54.373+0000] {logging_mixin.py:154} INFO - [2023-12-03T18:21:54.373+0000] {dag.py:3722} INFO - Setting next_dagrun for example_skip_dag to 2023-12-02T18:21:54.373036+00:00, run_after=2023-12-03T18:21:54.373036+00:00
[2023-12-03T18:21:54.418+0000] {processor.py:179} INFO - Processing /home/airflow/.local/lib/python3.8/site-packages/airflow/example_dags/example_skip_dag.py took 0.184 seconds
[2023-12-03T18:22:26.113+0000] {processor.py:157} INFO - Started process (PID=454) to work on /home/airflow/.local/lib/python3.8/site-packages/airflow/example_dags/example_skip_dag.py
[2023-12-03T18:22:26.115+0000] {processor.py:829} INFO - Processing file /home/airflow/.local/lib/python3.8/site-packages/airflow/example_dags/example_skip_dag.py for tasks to queue
[2023-12-03T18:22:26.120+0000] {logging_mixin.py:154} INFO - [2023-12-03T18:22:26.119+0000] {dagbag.py:536} INFO - Filling up the DagBag from /home/airflow/.local/lib/python3.8/site-packages/airflow/example_dags/example_skip_dag.py
[2023-12-03T18:22:26.136+0000] {processor.py:839} INFO - DAG(s) dict_keys(['example_skip_dag']) retrieved from /home/airflow/.local/lib/python3.8/site-packages/airflow/example_dags/example_skip_dag.py
[2023-12-03T18:22:26.197+0000] {logging_mixin.py:154} INFO - [2023-12-03T18:22:26.197+0000] {dag.py:2941} INFO - Sync 1 DAGs
[2023-12-03T18:22:26.261+0000] {logging_mixin.py:154} INFO - [2023-12-03T18:22:26.260+0000] {dag.py:3722} INFO - Setting next_dagrun for example_skip_dag to 2023-12-02T18:22:26.260289+00:00, run_after=2023-12-03T18:22:26.260289+00:00
[2023-12-03T18:22:26.318+0000] {processor.py:179} INFO - Processing /home/airflow/.local/lib/python3.8/site-packages/airflow/example_dags/example_skip_dag.py took 0.212 seconds
[2023-12-03T18:23:59.639+0000] {processor.py:157} INFO - Started process (PID=69) to work on /home/airflow/.local/lib/python3.8/site-packages/airflow/example_dags/example_skip_dag.py
[2023-12-03T18:23:59.641+0000] {processor.py:829} INFO - Processing file /home/airflow/.local/lib/python3.8/site-packages/airflow/example_dags/example_skip_dag.py for tasks to queue
[2023-12-03T18:23:59.645+0000] {logging_mixin.py:154} INFO - [2023-12-03T18:23:59.644+0000] {dagbag.py:536} INFO - Filling up the DagBag from /home/airflow/.local/lib/python3.8/site-packages/airflow/example_dags/example_skip_dag.py
[2023-12-03T18:23:59.659+0000] {processor.py:839} INFO - DAG(s) dict_keys(['example_skip_dag']) retrieved from /home/airflow/.local/lib/python3.8/site-packages/airflow/example_dags/example_skip_dag.py
[2023-12-03T18:23:59.696+0000] {logging_mixin.py:154} INFO - [2023-12-03T18:23:59.695+0000] {dag.py:2941} INFO - Sync 1 DAGs
[2023-12-03T18:23:59.736+0000] {logging_mixin.py:154} INFO - [2023-12-03T18:23:59.735+0000] {dag.py:3722} INFO - Setting next_dagrun for example_skip_dag to 2023-12-02T18:23:59.735440+00:00, run_after=2023-12-03T18:23:59.735440+00:00
[2023-12-03T18:23:59.775+0000] {processor.py:179} INFO - Processing /home/airflow/.local/lib/python3.8/site-packages/airflow/example_dags/example_skip_dag.py took 0.141 seconds
[2023-12-03T18:24:30.219+0000] {processor.py:157} INFO - Started process (PID=123) to work on /home/airflow/.local/lib/python3.8/site-packages/airflow/example_dags/example_skip_dag.py
[2023-12-03T18:24:30.221+0000] {processor.py:829} INFO - Processing file /home/airflow/.local/lib/python3.8/site-packages/airflow/example_dags/example_skip_dag.py for tasks to queue
[2023-12-03T18:24:30.228+0000] {logging_mixin.py:154} INFO - [2023-12-03T18:24:30.227+0000] {dagbag.py:536} INFO - Filling up the DagBag from /home/airflow/.local/lib/python3.8/site-packages/airflow/example_dags/example_skip_dag.py
[2023-12-03T18:24:30.245+0000] {processor.py:839} INFO - DAG(s) dict_keys(['example_skip_dag']) retrieved from /home/airflow/.local/lib/python3.8/site-packages/airflow/example_dags/example_skip_dag.py
[2023-12-03T18:24:30.295+0000] {logging_mixin.py:154} INFO - [2023-12-03T18:24:30.294+0000] {dag.py:2941} INFO - Sync 1 DAGs
[2023-12-03T18:24:30.323+0000] {logging_mixin.py:154} INFO - [2023-12-03T18:24:30.323+0000] {dag.py:3722} INFO - Setting next_dagrun for example_skip_dag to 2023-12-02T18:24:30.323122+00:00, run_after=2023-12-03T18:24:30.323122+00:00
[2023-12-03T18:24:30.356+0000] {processor.py:179} INFO - Processing /home/airflow/.local/lib/python3.8/site-packages/airflow/example_dags/example_skip_dag.py took 0.146 seconds
[2023-12-03T18:25:01.163+0000] {processor.py:157} INFO - Started process (PID=177) to work on /home/airflow/.local/lib/python3.8/site-packages/airflow/example_dags/example_skip_dag.py
[2023-12-03T18:25:01.166+0000] {processor.py:829} INFO - Processing file /home/airflow/.local/lib/python3.8/site-packages/airflow/example_dags/example_skip_dag.py for tasks to queue
[2023-12-03T18:25:01.172+0000] {logging_mixin.py:154} INFO - [2023-12-03T18:25:01.171+0000] {dagbag.py:536} INFO - Filling up the DagBag from /home/airflow/.local/lib/python3.8/site-packages/airflow/example_dags/example_skip_dag.py
[2023-12-03T18:25:01.191+0000] {processor.py:839} INFO - DAG(s) dict_keys(['example_skip_dag']) retrieved from /home/airflow/.local/lib/python3.8/site-packages/airflow/example_dags/example_skip_dag.py
[2023-12-03T18:25:01.241+0000] {logging_mixin.py:154} INFO - [2023-12-03T18:25:01.241+0000] {dag.py:2941} INFO - Sync 1 DAGs
[2023-12-03T18:25:01.280+0000] {logging_mixin.py:154} INFO - [2023-12-03T18:25:01.279+0000] {dag.py:3722} INFO - Setting next_dagrun for example_skip_dag to 2023-12-02T18:25:01.279411+00:00, run_after=2023-12-03T18:25:01.279411+00:00
[2023-12-03T18:25:01.311+0000] {processor.py:179} INFO - Processing /home/airflow/.local/lib/python3.8/site-packages/airflow/example_dags/example_skip_dag.py took 0.155 seconds
[2023-12-03T18:25:31.776+0000] {processor.py:157} INFO - Started process (PID=231) to work on /home/airflow/.local/lib/python3.8/site-packages/airflow/example_dags/example_skip_dag.py
[2023-12-03T18:25:31.778+0000] {processor.py:829} INFO - Processing file /home/airflow/.local/lib/python3.8/site-packages/airflow/example_dags/example_skip_dag.py for tasks to queue
[2023-12-03T18:25:31.785+0000] {logging_mixin.py:154} INFO - [2023-12-03T18:25:31.784+0000] {dagbag.py:536} INFO - Filling up the DagBag from /home/airflow/.local/lib/python3.8/site-packages/airflow/example_dags/example_skip_dag.py
[2023-12-03T18:25:31.807+0000] {processor.py:839} INFO - DAG(s) dict_keys(['example_skip_dag']) retrieved from /home/airflow/.local/lib/python3.8/site-packages/airflow/example_dags/example_skip_dag.py
[2023-12-03T18:25:31.845+0000] {logging_mixin.py:154} INFO - [2023-12-03T18:25:31.845+0000] {dag.py:2941} INFO - Sync 1 DAGs
[2023-12-03T18:25:31.880+0000] {logging_mixin.py:154} INFO - [2023-12-03T18:25:31.880+0000] {dag.py:3722} INFO - Setting next_dagrun for example_skip_dag to 2023-12-02T18:25:31.880132+00:00, run_after=2023-12-03T18:25:31.880132+00:00
[2023-12-03T18:25:31.926+0000] {processor.py:179} INFO - Processing /home/airflow/.local/lib/python3.8/site-packages/airflow/example_dags/example_skip_dag.py took 0.158 seconds
[2023-12-03T18:26:02.227+0000] {processor.py:157} INFO - Started process (PID=285) to work on /home/airflow/.local/lib/python3.8/site-packages/airflow/example_dags/example_skip_dag.py
[2023-12-03T18:26:02.229+0000] {processor.py:829} INFO - Processing file /home/airflow/.local/lib/python3.8/site-packages/airflow/example_dags/example_skip_dag.py for tasks to queue
[2023-12-03T18:26:02.232+0000] {logging_mixin.py:154} INFO - [2023-12-03T18:26:02.232+0000] {dagbag.py:536} INFO - Filling up the DagBag from /home/airflow/.local/lib/python3.8/site-packages/airflow/example_dags/example_skip_dag.py
[2023-12-03T18:26:02.241+0000] {processor.py:839} INFO - DAG(s) dict_keys(['example_skip_dag']) retrieved from /home/airflow/.local/lib/python3.8/site-packages/airflow/example_dags/example_skip_dag.py
[2023-12-03T18:26:02.295+0000] {logging_mixin.py:154} INFO - [2023-12-03T18:26:02.295+0000] {dag.py:2941} INFO - Sync 1 DAGs
[2023-12-03T18:26:02.353+0000] {logging_mixin.py:154} INFO - [2023-12-03T18:26:02.353+0000] {dag.py:3722} INFO - Setting next_dagrun for example_skip_dag to 2023-12-02T18:26:02.352819+00:00, run_after=2023-12-03T18:26:02.352819+00:00
[2023-12-03T18:26:02.385+0000] {processor.py:179} INFO - Processing /home/airflow/.local/lib/python3.8/site-packages/airflow/example_dags/example_skip_dag.py took 0.162 seconds
[2023-12-03T18:26:32.582+0000] {processor.py:157} INFO - Started process (PID=339) to work on /home/airflow/.local/lib/python3.8/site-packages/airflow/example_dags/example_skip_dag.py
[2023-12-03T18:26:32.583+0000] {processor.py:829} INFO - Processing file /home/airflow/.local/lib/python3.8/site-packages/airflow/example_dags/example_skip_dag.py for tasks to queue
[2023-12-03T18:26:32.587+0000] {logging_mixin.py:154} INFO - [2023-12-03T18:26:32.586+0000] {dagbag.py:536} INFO - Filling up the DagBag from /home/airflow/.local/lib/python3.8/site-packages/airflow/example_dags/example_skip_dag.py
[2023-12-03T18:26:32.607+0000] {processor.py:839} INFO - DAG(s) dict_keys(['example_skip_dag']) retrieved from /home/airflow/.local/lib/python3.8/site-packages/airflow/example_dags/example_skip_dag.py
[2023-12-03T18:26:32.660+0000] {logging_mixin.py:154} INFO - [2023-12-03T18:26:32.659+0000] {dag.py:2941} INFO - Sync 1 DAGs
[2023-12-03T18:26:32.690+0000] {logging_mixin.py:154} INFO - [2023-12-03T18:26:32.690+0000] {dag.py:3722} INFO - Setting next_dagrun for example_skip_dag to 2023-12-02T18:26:32.690175+00:00, run_after=2023-12-03T18:26:32.690175+00:00
[2023-12-03T18:26:32.723+0000] {processor.py:179} INFO - Processing /home/airflow/.local/lib/python3.8/site-packages/airflow/example_dags/example_skip_dag.py took 0.147 seconds
[2023-12-03T18:27:03.384+0000] {processor.py:157} INFO - Started process (PID=393) to work on /home/airflow/.local/lib/python3.8/site-packages/airflow/example_dags/example_skip_dag.py
[2023-12-03T18:27:03.385+0000] {processor.py:829} INFO - Processing file /home/airflow/.local/lib/python3.8/site-packages/airflow/example_dags/example_skip_dag.py for tasks to queue
[2023-12-03T18:27:03.391+0000] {logging_mixin.py:154} INFO - [2023-12-03T18:27:03.390+0000] {dagbag.py:536} INFO - Filling up the DagBag from /home/airflow/.local/lib/python3.8/site-packages/airflow/example_dags/example_skip_dag.py
[2023-12-03T18:27:03.406+0000] {processor.py:839} INFO - DAG(s) dict_keys(['example_skip_dag']) retrieved from /home/airflow/.local/lib/python3.8/site-packages/airflow/example_dags/example_skip_dag.py
[2023-12-03T18:27:03.442+0000] {logging_mixin.py:154} INFO - [2023-12-03T18:27:03.442+0000] {dag.py:2941} INFO - Sync 1 DAGs
[2023-12-03T18:27:03.480+0000] {logging_mixin.py:154} INFO - [2023-12-03T18:27:03.480+0000] {dag.py:3722} INFO - Setting next_dagrun for example_skip_dag to 2023-12-02T18:27:03.480171+00:00, run_after=2023-12-03T18:27:03.480171+00:00
[2023-12-03T18:27:03.519+0000] {processor.py:179} INFO - Processing /home/airflow/.local/lib/python3.8/site-packages/airflow/example_dags/example_skip_dag.py took 0.143 seconds
[2023-12-03T18:27:33.804+0000] {processor.py:157} INFO - Started process (PID=447) to work on /home/airflow/.local/lib/python3.8/site-packages/airflow/example_dags/example_skip_dag.py
[2023-12-03T18:27:33.805+0000] {processor.py:829} INFO - Processing file /home/airflow/.local/lib/python3.8/site-packages/airflow/example_dags/example_skip_dag.py for tasks to queue
[2023-12-03T18:27:33.809+0000] {logging_mixin.py:154} INFO - [2023-12-03T18:27:33.808+0000] {dagbag.py:536} INFO - Filling up the DagBag from /home/airflow/.local/lib/python3.8/site-packages/airflow/example_dags/example_skip_dag.py
[2023-12-03T18:27:33.821+0000] {processor.py:839} INFO - DAG(s) dict_keys(['example_skip_dag']) retrieved from /home/airflow/.local/lib/python3.8/site-packages/airflow/example_dags/example_skip_dag.py
[2023-12-03T18:27:33.860+0000] {logging_mixin.py:154} INFO - [2023-12-03T18:27:33.860+0000] {dag.py:2941} INFO - Sync 1 DAGs
[2023-12-03T18:27:33.901+0000] {logging_mixin.py:154} INFO - [2023-12-03T18:27:33.901+0000] {dag.py:3722} INFO - Setting next_dagrun for example_skip_dag to 2023-12-02T18:27:33.900645+00:00, run_after=2023-12-03T18:27:33.900645+00:00
[2023-12-03T18:27:33.936+0000] {processor.py:179} INFO - Processing /home/airflow/.local/lib/python3.8/site-packages/airflow/example_dags/example_skip_dag.py took 0.138 seconds
[2023-12-03T18:28:04.074+0000] {processor.py:157} INFO - Started process (PID=501) to work on /home/airflow/.local/lib/python3.8/site-packages/airflow/example_dags/example_skip_dag.py
[2023-12-03T18:28:04.075+0000] {processor.py:829} INFO - Processing file /home/airflow/.local/lib/python3.8/site-packages/airflow/example_dags/example_skip_dag.py for tasks to queue
[2023-12-03T18:28:04.079+0000] {logging_mixin.py:154} INFO - [2023-12-03T18:28:04.078+0000] {dagbag.py:536} INFO - Filling up the DagBag from /home/airflow/.local/lib/python3.8/site-packages/airflow/example_dags/example_skip_dag.py
[2023-12-03T18:28:04.091+0000] {processor.py:839} INFO - DAG(s) dict_keys(['example_skip_dag']) retrieved from /home/airflow/.local/lib/python3.8/site-packages/airflow/example_dags/example_skip_dag.py
[2023-12-03T18:28:04.124+0000] {logging_mixin.py:154} INFO - [2023-12-03T18:28:04.124+0000] {dag.py:2941} INFO - Sync 1 DAGs
[2023-12-03T18:28:04.161+0000] {logging_mixin.py:154} INFO - [2023-12-03T18:28:04.161+0000] {dag.py:3722} INFO - Setting next_dagrun for example_skip_dag to 2023-12-02T18:28:04.161118+00:00, run_after=2023-12-03T18:28:04.161118+00:00
[2023-12-03T18:28:04.198+0000] {processor.py:179} INFO - Processing /home/airflow/.local/lib/python3.8/site-packages/airflow/example_dags/example_skip_dag.py took 0.128 seconds
[2023-12-03T18:28:35.324+0000] {processor.py:157} INFO - Started process (PID=555) to work on /home/airflow/.local/lib/python3.8/site-packages/airflow/example_dags/example_skip_dag.py
[2023-12-03T18:28:35.327+0000] {processor.py:829} INFO - Processing file /home/airflow/.local/lib/python3.8/site-packages/airflow/example_dags/example_skip_dag.py for tasks to queue
[2023-12-03T18:28:35.332+0000] {logging_mixin.py:154} INFO - [2023-12-03T18:28:35.331+0000] {dagbag.py:536} INFO - Filling up the DagBag from /home/airflow/.local/lib/python3.8/site-packages/airflow/example_dags/example_skip_dag.py
[2023-12-03T18:28:35.344+0000] {processor.py:839} INFO - DAG(s) dict_keys(['example_skip_dag']) retrieved from /home/airflow/.local/lib/python3.8/site-packages/airflow/example_dags/example_skip_dag.py
[2023-12-03T18:28:35.405+0000] {logging_mixin.py:154} INFO - [2023-12-03T18:28:35.404+0000] {dag.py:2941} INFO - Sync 1 DAGs
[2023-12-03T18:28:35.445+0000] {logging_mixin.py:154} INFO - [2023-12-03T18:28:35.445+0000] {dag.py:3722} INFO - Setting next_dagrun for example_skip_dag to 2023-12-02T18:28:35.444656+00:00, run_after=2023-12-03T18:28:35.444656+00:00
[2023-12-03T18:28:35.487+0000] {processor.py:179} INFO - Processing /home/airflow/.local/lib/python3.8/site-packages/airflow/example_dags/example_skip_dag.py took 0.169 seconds
[2023-12-03T18:29:51.987+0000] {processor.py:157} INFO - Started process (PID=70) to work on /home/airflow/.local/lib/python3.8/site-packages/airflow/example_dags/example_skip_dag.py
[2023-12-03T18:29:51.989+0000] {processor.py:829} INFO - Processing file /home/airflow/.local/lib/python3.8/site-packages/airflow/example_dags/example_skip_dag.py for tasks to queue
[2023-12-03T18:29:51.993+0000] {logging_mixin.py:154} INFO - [2023-12-03T18:29:51.992+0000] {dagbag.py:536} INFO - Filling up the DagBag from /home/airflow/.local/lib/python3.8/site-packages/airflow/example_dags/example_skip_dag.py
[2023-12-03T18:29:52.004+0000] {processor.py:839} INFO - DAG(s) dict_keys(['example_skip_dag']) retrieved from /home/airflow/.local/lib/python3.8/site-packages/airflow/example_dags/example_skip_dag.py
[2023-12-03T18:29:52.041+0000] {logging_mixin.py:154} INFO - [2023-12-03T18:29:52.041+0000] {dag.py:2941} INFO - Sync 1 DAGs
[2023-12-03T18:29:52.082+0000] {logging_mixin.py:154} INFO - [2023-12-03T18:29:52.082+0000] {dag.py:3722} INFO - Setting next_dagrun for example_skip_dag to 2023-12-02T18:29:52.081544+00:00, run_after=2023-12-03T18:29:52.081544+00:00
[2023-12-03T18:29:52.118+0000] {processor.py:179} INFO - Processing /home/airflow/.local/lib/python3.8/site-packages/airflow/example_dags/example_skip_dag.py took 0.136 seconds
[2023-12-03T18:30:22.891+0000] {processor.py:157} INFO - Started process (PID=125) to work on /home/airflow/.local/lib/python3.8/site-packages/airflow/example_dags/example_skip_dag.py
[2023-12-03T18:30:22.892+0000] {processor.py:829} INFO - Processing file /home/airflow/.local/lib/python3.8/site-packages/airflow/example_dags/example_skip_dag.py for tasks to queue
[2023-12-03T18:30:22.896+0000] {logging_mixin.py:154} INFO - [2023-12-03T18:30:22.896+0000] {dagbag.py:536} INFO - Filling up the DagBag from /home/airflow/.local/lib/python3.8/site-packages/airflow/example_dags/example_skip_dag.py
[2023-12-03T18:30:22.906+0000] {processor.py:839} INFO - DAG(s) dict_keys(['example_skip_dag']) retrieved from /home/airflow/.local/lib/python3.8/site-packages/airflow/example_dags/example_skip_dag.py
[2023-12-03T18:30:22.942+0000] {logging_mixin.py:154} INFO - [2023-12-03T18:30:22.941+0000] {dag.py:2941} INFO - Sync 1 DAGs
[2023-12-03T18:30:22.980+0000] {logging_mixin.py:154} INFO - [2023-12-03T18:30:22.979+0000] {dag.py:3722} INFO - Setting next_dagrun for example_skip_dag to 2023-12-02T18:30:22.979168+00:00, run_after=2023-12-03T18:30:22.979168+00:00
[2023-12-03T18:30:23.010+0000] {processor.py:179} INFO - Processing /home/airflow/.local/lib/python3.8/site-packages/airflow/example_dags/example_skip_dag.py took 0.125 seconds
[2023-12-03T18:30:54.384+0000] {processor.py:157} INFO - Started process (PID=180) to work on /home/airflow/.local/lib/python3.8/site-packages/airflow/example_dags/example_skip_dag.py
[2023-12-03T18:30:54.385+0000] {processor.py:829} INFO - Processing file /home/airflow/.local/lib/python3.8/site-packages/airflow/example_dags/example_skip_dag.py for tasks to queue
[2023-12-03T18:30:54.389+0000] {logging_mixin.py:154} INFO - [2023-12-03T18:30:54.388+0000] {dagbag.py:536} INFO - Filling up the DagBag from /home/airflow/.local/lib/python3.8/site-packages/airflow/example_dags/example_skip_dag.py
[2023-12-03T18:30:54.401+0000] {processor.py:839} INFO - DAG(s) dict_keys(['example_skip_dag']) retrieved from /home/airflow/.local/lib/python3.8/site-packages/airflow/example_dags/example_skip_dag.py
[2023-12-03T18:30:54.432+0000] {logging_mixin.py:154} INFO - [2023-12-03T18:30:54.432+0000] {dag.py:2941} INFO - Sync 1 DAGs
[2023-12-03T18:30:54.465+0000] {logging_mixin.py:154} INFO - [2023-12-03T18:30:54.465+0000] {dag.py:3722} INFO - Setting next_dagrun for example_skip_dag to 2023-12-02T18:30:54.464782+00:00, run_after=2023-12-03T18:30:54.464782+00:00
[2023-12-03T18:30:54.496+0000] {processor.py:179} INFO - Processing /home/airflow/.local/lib/python3.8/site-packages/airflow/example_dags/example_skip_dag.py took 0.116 seconds
[2023-12-03T18:31:25.672+0000] {processor.py:157} INFO - Started process (PID=250) to work on /home/airflow/.local/lib/python3.8/site-packages/airflow/example_dags/example_skip_dag.py
[2023-12-03T18:31:25.674+0000] {processor.py:829} INFO - Processing file /home/airflow/.local/lib/python3.8/site-packages/airflow/example_dags/example_skip_dag.py for tasks to queue
[2023-12-03T18:31:25.678+0000] {logging_mixin.py:154} INFO - [2023-12-03T18:31:25.677+0000] {dagbag.py:536} INFO - Filling up the DagBag from /home/airflow/.local/lib/python3.8/site-packages/airflow/example_dags/example_skip_dag.py
[2023-12-03T18:31:25.691+0000] {processor.py:839} INFO - DAG(s) dict_keys(['example_skip_dag']) retrieved from /home/airflow/.local/lib/python3.8/site-packages/airflow/example_dags/example_skip_dag.py
[2023-12-03T18:31:25.728+0000] {logging_mixin.py:154} INFO - [2023-12-03T18:31:25.728+0000] {dag.py:2941} INFO - Sync 1 DAGs
[2023-12-03T18:31:25.777+0000] {logging_mixin.py:154} INFO - [2023-12-03T18:31:25.777+0000] {dag.py:3722} INFO - Setting next_dagrun for example_skip_dag to 2023-12-02T18:31:25.777004+00:00, run_after=2023-12-03T18:31:25.777004+00:00
[2023-12-03T18:31:25.817+0000] {processor.py:179} INFO - Processing /home/airflow/.local/lib/python3.8/site-packages/airflow/example_dags/example_skip_dag.py took 0.150 seconds
[2023-12-03T18:31:57.072+0000] {processor.py:157} INFO - Started process (PID=305) to work on /home/airflow/.local/lib/python3.8/site-packages/airflow/example_dags/example_skip_dag.py
[2023-12-03T18:31:57.074+0000] {processor.py:829} INFO - Processing file /home/airflow/.local/lib/python3.8/site-packages/airflow/example_dags/example_skip_dag.py for tasks to queue
[2023-12-03T18:31:57.078+0000] {logging_mixin.py:154} INFO - [2023-12-03T18:31:57.077+0000] {dagbag.py:536} INFO - Filling up the DagBag from /home/airflow/.local/lib/python3.8/site-packages/airflow/example_dags/example_skip_dag.py
[2023-12-03T18:31:57.088+0000] {processor.py:839} INFO - DAG(s) dict_keys(['example_skip_dag']) retrieved from /home/airflow/.local/lib/python3.8/site-packages/airflow/example_dags/example_skip_dag.py
[2023-12-03T18:31:57.125+0000] {logging_mixin.py:154} INFO - [2023-12-03T18:31:57.125+0000] {dag.py:2941} INFO - Sync 1 DAGs
[2023-12-03T18:31:57.325+0000] {logging_mixin.py:154} INFO - [2023-12-03T18:31:57.324+0000] {dag.py:3722} INFO - Setting next_dagrun for example_skip_dag to 2023-12-02T18:31:57.324372+00:00, run_after=2023-12-03T18:31:57.324372+00:00
[2023-12-03T18:31:57.363+0000] {processor.py:179} INFO - Processing /home/airflow/.local/lib/python3.8/site-packages/airflow/example_dags/example_skip_dag.py took 0.297 seconds
[2023-12-03T18:32:27.687+0000] {processor.py:157} INFO - Started process (PID=360) to work on /home/airflow/.local/lib/python3.8/site-packages/airflow/example_dags/example_skip_dag.py
[2023-12-03T18:32:27.688+0000] {processor.py:829} INFO - Processing file /home/airflow/.local/lib/python3.8/site-packages/airflow/example_dags/example_skip_dag.py for tasks to queue
[2023-12-03T18:32:27.692+0000] {logging_mixin.py:154} INFO - [2023-12-03T18:32:27.691+0000] {dagbag.py:536} INFO - Filling up the DagBag from /home/airflow/.local/lib/python3.8/site-packages/airflow/example_dags/example_skip_dag.py
[2023-12-03T18:32:27.703+0000] {processor.py:839} INFO - DAG(s) dict_keys(['example_skip_dag']) retrieved from /home/airflow/.local/lib/python3.8/site-packages/airflow/example_dags/example_skip_dag.py
[2023-12-03T18:32:27.741+0000] {logging_mixin.py:154} INFO - [2023-12-03T18:32:27.741+0000] {dag.py:2941} INFO - Sync 1 DAGs
[2023-12-03T18:32:27.789+0000] {logging_mixin.py:154} INFO - [2023-12-03T18:32:27.789+0000] {dag.py:3722} INFO - Setting next_dagrun for example_skip_dag to 2023-12-02T18:32:27.788655+00:00, run_after=2023-12-03T18:32:27.788655+00:00
[2023-12-03T18:32:27.831+0000] {processor.py:179} INFO - Processing /home/airflow/.local/lib/python3.8/site-packages/airflow/example_dags/example_skip_dag.py took 0.150 seconds
[2023-12-03T18:32:58.415+0000] {processor.py:157} INFO - Started process (PID=415) to work on /home/airflow/.local/lib/python3.8/site-packages/airflow/example_dags/example_skip_dag.py
[2023-12-03T18:32:58.417+0000] {processor.py:829} INFO - Processing file /home/airflow/.local/lib/python3.8/site-packages/airflow/example_dags/example_skip_dag.py for tasks to queue
[2023-12-03T18:32:58.423+0000] {logging_mixin.py:154} INFO - [2023-12-03T18:32:58.422+0000] {dagbag.py:536} INFO - Filling up the DagBag from /home/airflow/.local/lib/python3.8/site-packages/airflow/example_dags/example_skip_dag.py
[2023-12-03T18:32:58.443+0000] {processor.py:839} INFO - DAG(s) dict_keys(['example_skip_dag']) retrieved from /home/airflow/.local/lib/python3.8/site-packages/airflow/example_dags/example_skip_dag.py
[2023-12-03T18:32:58.480+0000] {logging_mixin.py:154} INFO - [2023-12-03T18:32:58.479+0000] {dag.py:2941} INFO - Sync 1 DAGs
[2023-12-03T18:32:58.512+0000] {logging_mixin.py:154} INFO - [2023-12-03T18:32:58.512+0000] {dag.py:3722} INFO - Setting next_dagrun for example_skip_dag to 2023-12-02T18:32:58.511904+00:00, run_after=2023-12-03T18:32:58.511904+00:00
[2023-12-03T18:32:58.540+0000] {processor.py:179} INFO - Processing /home/airflow/.local/lib/python3.8/site-packages/airflow/example_dags/example_skip_dag.py took 0.134 seconds
[2023-12-03T18:33:29.390+0000] {processor.py:157} INFO - Started process (PID=470) to work on /home/airflow/.local/lib/python3.8/site-packages/airflow/example_dags/example_skip_dag.py
[2023-12-03T18:33:29.391+0000] {processor.py:829} INFO - Processing file /home/airflow/.local/lib/python3.8/site-packages/airflow/example_dags/example_skip_dag.py for tasks to queue
[2023-12-03T18:33:29.395+0000] {logging_mixin.py:154} INFO - [2023-12-03T18:33:29.395+0000] {dagbag.py:536} INFO - Filling up the DagBag from /home/airflow/.local/lib/python3.8/site-packages/airflow/example_dags/example_skip_dag.py
[2023-12-03T18:33:29.408+0000] {processor.py:839} INFO - DAG(s) dict_keys(['example_skip_dag']) retrieved from /home/airflow/.local/lib/python3.8/site-packages/airflow/example_dags/example_skip_dag.py
[2023-12-03T18:33:29.440+0000] {logging_mixin.py:154} INFO - [2023-12-03T18:33:29.440+0000] {dag.py:2941} INFO - Sync 1 DAGs
[2023-12-03T18:33:29.472+0000] {logging_mixin.py:154} INFO - [2023-12-03T18:33:29.472+0000] {dag.py:3722} INFO - Setting next_dagrun for example_skip_dag to 2023-12-02T18:33:29.471783+00:00, run_after=2023-12-03T18:33:29.471783+00:00
[2023-12-03T18:33:29.504+0000] {processor.py:179} INFO - Processing /home/airflow/.local/lib/python3.8/site-packages/airflow/example_dags/example_skip_dag.py took 0.121 seconds
[2023-12-03T18:34:00.080+0000] {processor.py:157} INFO - Started process (PID=525) to work on /home/airflow/.local/lib/python3.8/site-packages/airflow/example_dags/example_skip_dag.py
[2023-12-03T18:34:00.081+0000] {processor.py:829} INFO - Processing file /home/airflow/.local/lib/python3.8/site-packages/airflow/example_dags/example_skip_dag.py for tasks to queue
[2023-12-03T18:34:00.085+0000] {logging_mixin.py:154} INFO - [2023-12-03T18:34:00.084+0000] {dagbag.py:536} INFO - Filling up the DagBag from /home/airflow/.local/lib/python3.8/site-packages/airflow/example_dags/example_skip_dag.py
[2023-12-03T18:34:00.098+0000] {processor.py:839} INFO - DAG(s) dict_keys(['example_skip_dag']) retrieved from /home/airflow/.local/lib/python3.8/site-packages/airflow/example_dags/example_skip_dag.py
[2023-12-03T18:34:00.136+0000] {logging_mixin.py:154} INFO - [2023-12-03T18:34:00.135+0000] {dag.py:2941} INFO - Sync 1 DAGs
[2023-12-03T18:34:00.325+0000] {logging_mixin.py:154} INFO - [2023-12-03T18:34:00.324+0000] {dag.py:3722} INFO - Setting next_dagrun for example_skip_dag to 2023-12-02T18:34:00.324647+00:00, run_after=2023-12-03T18:34:00.324647+00:00
[2023-12-03T18:34:00.362+0000] {processor.py:179} INFO - Processing /home/airflow/.local/lib/python3.8/site-packages/airflow/example_dags/example_skip_dag.py took 0.287 seconds
[2023-12-03T18:34:31.243+0000] {processor.py:157} INFO - Started process (PID=580) to work on /home/airflow/.local/lib/python3.8/site-packages/airflow/example_dags/example_skip_dag.py
[2023-12-03T18:34:31.245+0000] {processor.py:829} INFO - Processing file /home/airflow/.local/lib/python3.8/site-packages/airflow/example_dags/example_skip_dag.py for tasks to queue
[2023-12-03T18:34:31.248+0000] {logging_mixin.py:154} INFO - [2023-12-03T18:34:31.248+0000] {dagbag.py:536} INFO - Filling up the DagBag from /home/airflow/.local/lib/python3.8/site-packages/airflow/example_dags/example_skip_dag.py
[2023-12-03T18:34:31.259+0000] {processor.py:839} INFO - DAG(s) dict_keys(['example_skip_dag']) retrieved from /home/airflow/.local/lib/python3.8/site-packages/airflow/example_dags/example_skip_dag.py
[2023-12-03T18:34:31.289+0000] {logging_mixin.py:154} INFO - [2023-12-03T18:34:31.289+0000] {dag.py:2941} INFO - Sync 1 DAGs
[2023-12-03T18:34:31.493+0000] {logging_mixin.py:154} INFO - [2023-12-03T18:34:31.493+0000] {dag.py:3722} INFO - Setting next_dagrun for example_skip_dag to 2023-12-02T18:34:31.492947+00:00, run_after=2023-12-03T18:34:31.492947+00:00
[2023-12-03T18:34:31.529+0000] {processor.py:179} INFO - Processing /home/airflow/.local/lib/python3.8/site-packages/airflow/example_dags/example_skip_dag.py took 0.292 seconds
[2023-12-03T18:35:01.711+0000] {processor.py:157} INFO - Started process (PID=635) to work on /home/airflow/.local/lib/python3.8/site-packages/airflow/example_dags/example_skip_dag.py
[2023-12-03T18:35:01.712+0000] {processor.py:829} INFO - Processing file /home/airflow/.local/lib/python3.8/site-packages/airflow/example_dags/example_skip_dag.py for tasks to queue
[2023-12-03T18:35:01.716+0000] {logging_mixin.py:154} INFO - [2023-12-03T18:35:01.715+0000] {dagbag.py:536} INFO - Filling up the DagBag from /home/airflow/.local/lib/python3.8/site-packages/airflow/example_dags/example_skip_dag.py
[2023-12-03T18:35:01.726+0000] {processor.py:839} INFO - DAG(s) dict_keys(['example_skip_dag']) retrieved from /home/airflow/.local/lib/python3.8/site-packages/airflow/example_dags/example_skip_dag.py
[2023-12-03T18:35:01.768+0000] {logging_mixin.py:154} INFO - [2023-12-03T18:35:01.767+0000] {dag.py:2941} INFO - Sync 1 DAGs
[2023-12-03T18:35:01.969+0000] {logging_mixin.py:154} INFO - [2023-12-03T18:35:01.969+0000] {dag.py:3722} INFO - Setting next_dagrun for example_skip_dag to 2023-12-02T18:35:01.969205+00:00, run_after=2023-12-03T18:35:01.969205+00:00
[2023-12-03T18:35:01.998+0000] {processor.py:179} INFO - Processing /home/airflow/.local/lib/python3.8/site-packages/airflow/example_dags/example_skip_dag.py took 0.292 seconds
[2023-12-03T18:35:32.955+0000] {processor.py:157} INFO - Started process (PID=690) to work on /home/airflow/.local/lib/python3.8/site-packages/airflow/example_dags/example_skip_dag.py
[2023-12-03T18:35:32.958+0000] {processor.py:829} INFO - Processing file /home/airflow/.local/lib/python3.8/site-packages/airflow/example_dags/example_skip_dag.py for tasks to queue
[2023-12-03T18:35:32.963+0000] {logging_mixin.py:154} INFO - [2023-12-03T18:35:32.962+0000] {dagbag.py:536} INFO - Filling up the DagBag from /home/airflow/.local/lib/python3.8/site-packages/airflow/example_dags/example_skip_dag.py
[2023-12-03T18:35:32.975+0000] {processor.py:839} INFO - DAG(s) dict_keys(['example_skip_dag']) retrieved from /home/airflow/.local/lib/python3.8/site-packages/airflow/example_dags/example_skip_dag.py
[2023-12-03T18:35:33.008+0000] {logging_mixin.py:154} INFO - [2023-12-03T18:35:33.008+0000] {dag.py:2941} INFO - Sync 1 DAGs
[2023-12-03T18:35:33.198+0000] {logging_mixin.py:154} INFO - [2023-12-03T18:35:33.198+0000] {dag.py:3722} INFO - Setting next_dagrun for example_skip_dag to 2023-12-02T18:35:33.198189+00:00, run_after=2023-12-03T18:35:33.198189+00:00
[2023-12-03T18:35:33.236+0000] {processor.py:179} INFO - Processing /home/airflow/.local/lib/python3.8/site-packages/airflow/example_dags/example_skip_dag.py took 0.291 seconds
[2023-12-03T18:36:03.747+0000] {processor.py:157} INFO - Started process (PID=745) to work on /home/airflow/.local/lib/python3.8/site-packages/airflow/example_dags/example_skip_dag.py
[2023-12-03T18:36:03.749+0000] {processor.py:829} INFO - Processing file /home/airflow/.local/lib/python3.8/site-packages/airflow/example_dags/example_skip_dag.py for tasks to queue
[2023-12-03T18:36:03.758+0000] {logging_mixin.py:154} INFO - [2023-12-03T18:36:03.757+0000] {dagbag.py:536} INFO - Filling up the DagBag from /home/airflow/.local/lib/python3.8/site-packages/airflow/example_dags/example_skip_dag.py
[2023-12-03T18:36:03.781+0000] {processor.py:839} INFO - DAG(s) dict_keys(['example_skip_dag']) retrieved from /home/airflow/.local/lib/python3.8/site-packages/airflow/example_dags/example_skip_dag.py
[2023-12-03T18:36:03.821+0000] {logging_mixin.py:154} INFO - [2023-12-03T18:36:03.821+0000] {dag.py:2941} INFO - Sync 1 DAGs
[2023-12-03T18:36:03.885+0000] {logging_mixin.py:154} INFO - [2023-12-03T18:36:03.885+0000] {dag.py:3722} INFO - Setting next_dagrun for example_skip_dag to 2023-12-02T18:36:03.884839+00:00, run_after=2023-12-03T18:36:03.884839+00:00
[2023-12-03T18:36:03.913+0000] {processor.py:179} INFO - Processing /home/airflow/.local/lib/python3.8/site-packages/airflow/example_dags/example_skip_dag.py took 0.176 seconds
[2023-12-03T18:36:34.381+0000] {processor.py:157} INFO - Started process (PID=800) to work on /home/airflow/.local/lib/python3.8/site-packages/airflow/example_dags/example_skip_dag.py
[2023-12-03T18:36:34.383+0000] {processor.py:829} INFO - Processing file /home/airflow/.local/lib/python3.8/site-packages/airflow/example_dags/example_skip_dag.py for tasks to queue
[2023-12-03T18:36:34.387+0000] {logging_mixin.py:154} INFO - [2023-12-03T18:36:34.387+0000] {dagbag.py:536} INFO - Filling up the DagBag from /home/airflow/.local/lib/python3.8/site-packages/airflow/example_dags/example_skip_dag.py
[2023-12-03T18:36:34.399+0000] {processor.py:839} INFO - DAG(s) dict_keys(['example_skip_dag']) retrieved from /home/airflow/.local/lib/python3.8/site-packages/airflow/example_dags/example_skip_dag.py
[2023-12-03T18:36:34.432+0000] {logging_mixin.py:154} INFO - [2023-12-03T18:36:34.432+0000] {dag.py:2941} INFO - Sync 1 DAGs
[2023-12-03T18:36:34.466+0000] {logging_mixin.py:154} INFO - [2023-12-03T18:36:34.466+0000] {dag.py:3722} INFO - Setting next_dagrun for example_skip_dag to 2023-12-02T18:36:34.465645+00:00, run_after=2023-12-03T18:36:34.465645+00:00
[2023-12-03T18:36:34.499+0000] {processor.py:179} INFO - Processing /home/airflow/.local/lib/python3.8/site-packages/airflow/example_dags/example_skip_dag.py took 0.124 seconds
[2023-12-03T18:37:05.235+0000] {processor.py:157} INFO - Started process (PID=855) to work on /home/airflow/.local/lib/python3.8/site-packages/airflow/example_dags/example_skip_dag.py
[2023-12-03T18:37:05.236+0000] {processor.py:829} INFO - Processing file /home/airflow/.local/lib/python3.8/site-packages/airflow/example_dags/example_skip_dag.py for tasks to queue
[2023-12-03T18:37:05.240+0000] {logging_mixin.py:154} INFO - [2023-12-03T18:37:05.240+0000] {dagbag.py:536} INFO - Filling up the DagBag from /home/airflow/.local/lib/python3.8/site-packages/airflow/example_dags/example_skip_dag.py
[2023-12-03T18:37:05.255+0000] {processor.py:839} INFO - DAG(s) dict_keys(['example_skip_dag']) retrieved from /home/airflow/.local/lib/python3.8/site-packages/airflow/example_dags/example_skip_dag.py
[2023-12-03T18:37:05.298+0000] {logging_mixin.py:154} INFO - [2023-12-03T18:37:05.297+0000] {dag.py:2941} INFO - Sync 1 DAGs
[2023-12-03T18:37:05.347+0000] {logging_mixin.py:154} INFO - [2023-12-03T18:37:05.347+0000] {dag.py:3722} INFO - Setting next_dagrun for example_skip_dag to 2023-12-02T18:37:05.346629+00:00, run_after=2023-12-03T18:37:05.346629+00:00
[2023-12-03T18:37:05.384+0000] {processor.py:179} INFO - Processing /home/airflow/.local/lib/python3.8/site-packages/airflow/example_dags/example_skip_dag.py took 0.154 seconds
[2023-12-03T18:37:35.568+0000] {processor.py:157} INFO - Started process (PID=910) to work on /home/airflow/.local/lib/python3.8/site-packages/airflow/example_dags/example_skip_dag.py
[2023-12-03T18:37:35.569+0000] {processor.py:829} INFO - Processing file /home/airflow/.local/lib/python3.8/site-packages/airflow/example_dags/example_skip_dag.py for tasks to queue
[2023-12-03T18:37:35.573+0000] {logging_mixin.py:154} INFO - [2023-12-03T18:37:35.573+0000] {dagbag.py:536} INFO - Filling up the DagBag from /home/airflow/.local/lib/python3.8/site-packages/airflow/example_dags/example_skip_dag.py
[2023-12-03T18:37:35.584+0000] {processor.py:839} INFO - DAG(s) dict_keys(['example_skip_dag']) retrieved from /home/airflow/.local/lib/python3.8/site-packages/airflow/example_dags/example_skip_dag.py
[2023-12-03T18:37:35.620+0000] {logging_mixin.py:154} INFO - [2023-12-03T18:37:35.620+0000] {dag.py:2941} INFO - Sync 1 DAGs
[2023-12-03T18:37:35.665+0000] {logging_mixin.py:154} INFO - [2023-12-03T18:37:35.665+0000] {dag.py:3722} INFO - Setting next_dagrun for example_skip_dag to 2023-12-02T18:37:35.664359+00:00, run_after=2023-12-03T18:37:35.664359+00:00
[2023-12-03T18:37:35.699+0000] {processor.py:179} INFO - Processing /home/airflow/.local/lib/python3.8/site-packages/airflow/example_dags/example_skip_dag.py took 0.136 seconds
[2023-12-03T18:38:06.179+0000] {processor.py:157} INFO - Started process (PID=965) to work on /home/airflow/.local/lib/python3.8/site-packages/airflow/example_dags/example_skip_dag.py
[2023-12-03T18:38:06.180+0000] {processor.py:829} INFO - Processing file /home/airflow/.local/lib/python3.8/site-packages/airflow/example_dags/example_skip_dag.py for tasks to queue
[2023-12-03T18:38:06.186+0000] {logging_mixin.py:154} INFO - [2023-12-03T18:38:06.185+0000] {dagbag.py:536} INFO - Filling up the DagBag from /home/airflow/.local/lib/python3.8/site-packages/airflow/example_dags/example_skip_dag.py
[2023-12-03T18:38:06.204+0000] {processor.py:839} INFO - DAG(s) dict_keys(['example_skip_dag']) retrieved from /home/airflow/.local/lib/python3.8/site-packages/airflow/example_dags/example_skip_dag.py
[2023-12-03T18:38:06.266+0000] {logging_mixin.py:154} INFO - [2023-12-03T18:38:06.265+0000] {dag.py:2941} INFO - Sync 1 DAGs
[2023-12-03T18:38:06.304+0000] {logging_mixin.py:154} INFO - [2023-12-03T18:38:06.304+0000] {dag.py:3722} INFO - Setting next_dagrun for example_skip_dag to 2023-12-02T18:38:06.303761+00:00, run_after=2023-12-03T18:38:06.303761+00:00
[2023-12-03T18:38:06.338+0000] {processor.py:179} INFO - Processing /home/airflow/.local/lib/python3.8/site-packages/airflow/example_dags/example_skip_dag.py took 0.164 seconds
[2023-12-03T18:38:36.640+0000] {processor.py:157} INFO - Started process (PID=1020) to work on /home/airflow/.local/lib/python3.8/site-packages/airflow/example_dags/example_skip_dag.py
[2023-12-03T18:38:36.642+0000] {processor.py:829} INFO - Processing file /home/airflow/.local/lib/python3.8/site-packages/airflow/example_dags/example_skip_dag.py for tasks to queue
[2023-12-03T18:38:36.645+0000] {logging_mixin.py:154} INFO - [2023-12-03T18:38:36.644+0000] {dagbag.py:536} INFO - Filling up the DagBag from /home/airflow/.local/lib/python3.8/site-packages/airflow/example_dags/example_skip_dag.py
[2023-12-03T18:38:36.655+0000] {processor.py:839} INFO - DAG(s) dict_keys(['example_skip_dag']) retrieved from /home/airflow/.local/lib/python3.8/site-packages/airflow/example_dags/example_skip_dag.py
[2023-12-03T18:38:36.685+0000] {logging_mixin.py:154} INFO - [2023-12-03T18:38:36.685+0000] {dag.py:2941} INFO - Sync 1 DAGs
[2023-12-03T18:38:36.717+0000] {logging_mixin.py:154} INFO - [2023-12-03T18:38:36.716+0000] {dag.py:3722} INFO - Setting next_dagrun for example_skip_dag to 2023-12-02T18:38:36.716114+00:00, run_after=2023-12-03T18:38:36.716114+00:00
[2023-12-03T18:38:36.768+0000] {processor.py:179} INFO - Processing /home/airflow/.local/lib/python3.8/site-packages/airflow/example_dags/example_skip_dag.py took 0.134 seconds
[2023-12-03T18:39:07.469+0000] {processor.py:157} INFO - Started process (PID=1075) to work on /home/airflow/.local/lib/python3.8/site-packages/airflow/example_dags/example_skip_dag.py
[2023-12-03T18:39:07.471+0000] {processor.py:829} INFO - Processing file /home/airflow/.local/lib/python3.8/site-packages/airflow/example_dags/example_skip_dag.py for tasks to queue
[2023-12-03T18:39:07.474+0000] {logging_mixin.py:154} INFO - [2023-12-03T18:39:07.474+0000] {dagbag.py:536} INFO - Filling up the DagBag from /home/airflow/.local/lib/python3.8/site-packages/airflow/example_dags/example_skip_dag.py
[2023-12-03T18:39:07.486+0000] {processor.py:839} INFO - DAG(s) dict_keys(['example_skip_dag']) retrieved from /home/airflow/.local/lib/python3.8/site-packages/airflow/example_dags/example_skip_dag.py
[2023-12-03T18:39:07.515+0000] {logging_mixin.py:154} INFO - [2023-12-03T18:39:07.515+0000] {dag.py:2941} INFO - Sync 1 DAGs
[2023-12-03T18:39:07.551+0000] {logging_mixin.py:154} INFO - [2023-12-03T18:39:07.551+0000] {dag.py:3722} INFO - Setting next_dagrun for example_skip_dag to 2023-12-02T18:39:07.551391+00:00, run_after=2023-12-03T18:39:07.551391+00:00
[2023-12-03T18:39:07.590+0000] {processor.py:179} INFO - Processing /home/airflow/.local/lib/python3.8/site-packages/airflow/example_dags/example_skip_dag.py took 0.126 seconds
[2023-12-03T18:39:38.551+0000] {processor.py:157} INFO - Started process (PID=1130) to work on /home/airflow/.local/lib/python3.8/site-packages/airflow/example_dags/example_skip_dag.py
[2023-12-03T18:39:38.552+0000] {processor.py:829} INFO - Processing file /home/airflow/.local/lib/python3.8/site-packages/airflow/example_dags/example_skip_dag.py for tasks to queue
[2023-12-03T18:39:38.555+0000] {logging_mixin.py:154} INFO - [2023-12-03T18:39:38.555+0000] {dagbag.py:536} INFO - Filling up the DagBag from /home/airflow/.local/lib/python3.8/site-packages/airflow/example_dags/example_skip_dag.py
[2023-12-03T18:39:38.565+0000] {processor.py:839} INFO - DAG(s) dict_keys(['example_skip_dag']) retrieved from /home/airflow/.local/lib/python3.8/site-packages/airflow/example_dags/example_skip_dag.py
[2023-12-03T18:39:38.598+0000] {logging_mixin.py:154} INFO - [2023-12-03T18:39:38.598+0000] {dag.py:2941} INFO - Sync 1 DAGs
[2023-12-03T18:39:38.627+0000] {logging_mixin.py:154} INFO - [2023-12-03T18:39:38.626+0000] {dag.py:3722} INFO - Setting next_dagrun for example_skip_dag to 2023-12-02T18:39:38.626694+00:00, run_after=2023-12-03T18:39:38.626694+00:00
[2023-12-03T18:39:38.662+0000] {processor.py:179} INFO - Processing /home/airflow/.local/lib/python3.8/site-packages/airflow/example_dags/example_skip_dag.py took 0.116 seconds
[2023-12-03T18:40:09.030+0000] {processor.py:157} INFO - Started process (PID=1185) to work on /home/airflow/.local/lib/python3.8/site-packages/airflow/example_dags/example_skip_dag.py
[2023-12-03T18:40:09.031+0000] {processor.py:829} INFO - Processing file /home/airflow/.local/lib/python3.8/site-packages/airflow/example_dags/example_skip_dag.py for tasks to queue
[2023-12-03T18:40:09.035+0000] {logging_mixin.py:154} INFO - [2023-12-03T18:40:09.034+0000] {dagbag.py:536} INFO - Filling up the DagBag from /home/airflow/.local/lib/python3.8/site-packages/airflow/example_dags/example_skip_dag.py
[2023-12-03T18:40:09.046+0000] {processor.py:839} INFO - DAG(s) dict_keys(['example_skip_dag']) retrieved from /home/airflow/.local/lib/python3.8/site-packages/airflow/example_dags/example_skip_dag.py
[2023-12-03T18:40:09.078+0000] {logging_mixin.py:154} INFO - [2023-12-03T18:40:09.078+0000] {dag.py:2941} INFO - Sync 1 DAGs
[2023-12-03T18:40:09.109+0000] {logging_mixin.py:154} INFO - [2023-12-03T18:40:09.109+0000] {dag.py:3722} INFO - Setting next_dagrun for example_skip_dag to 2023-12-02T18:40:09.108824+00:00, run_after=2023-12-03T18:40:09.108824+00:00
[2023-12-03T18:40:09.137+0000] {processor.py:179} INFO - Processing /home/airflow/.local/lib/python3.8/site-packages/airflow/example_dags/example_skip_dag.py took 0.112 seconds
[2023-12-03T18:41:34.282+0000] {processor.py:157} INFO - Started process (PID=70) to work on /home/airflow/.local/lib/python3.8/site-packages/airflow/example_dags/example_skip_dag.py
[2023-12-03T18:41:34.284+0000] {processor.py:829} INFO - Processing file /home/airflow/.local/lib/python3.8/site-packages/airflow/example_dags/example_skip_dag.py for tasks to queue
[2023-12-03T18:41:34.288+0000] {logging_mixin.py:154} INFO - [2023-12-03T18:41:34.287+0000] {dagbag.py:536} INFO - Filling up the DagBag from /home/airflow/.local/lib/python3.8/site-packages/airflow/example_dags/example_skip_dag.py
[2023-12-03T18:41:34.302+0000] {processor.py:839} INFO - DAG(s) dict_keys(['example_skip_dag']) retrieved from /home/airflow/.local/lib/python3.8/site-packages/airflow/example_dags/example_skip_dag.py
[2023-12-03T18:41:34.339+0000] {logging_mixin.py:154} INFO - [2023-12-03T18:41:34.339+0000] {dag.py:2941} INFO - Sync 1 DAGs
[2023-12-03T18:41:34.383+0000] {logging_mixin.py:154} INFO - [2023-12-03T18:41:34.383+0000] {dag.py:3722} INFO - Setting next_dagrun for example_skip_dag to 2023-12-02T18:41:34.383081+00:00, run_after=2023-12-03T18:41:34.383081+00:00
[2023-12-03T18:41:34.423+0000] {processor.py:179} INFO - Processing /home/airflow/.local/lib/python3.8/site-packages/airflow/example_dags/example_skip_dag.py took 0.147 seconds
[2023-12-03T18:41:58.480+0000] {processor.py:157} INFO - Started process (PID=69) to work on /home/airflow/.local/lib/python3.8/site-packages/airflow/example_dags/example_skip_dag.py
[2023-12-03T18:41:58.482+0000] {processor.py:829} INFO - Processing file /home/airflow/.local/lib/python3.8/site-packages/airflow/example_dags/example_skip_dag.py for tasks to queue
[2023-12-03T18:41:58.486+0000] {logging_mixin.py:154} INFO - [2023-12-03T18:41:58.485+0000] {dagbag.py:536} INFO - Filling up the DagBag from /home/airflow/.local/lib/python3.8/site-packages/airflow/example_dags/example_skip_dag.py
[2023-12-03T18:41:58.500+0000] {processor.py:839} INFO - DAG(s) dict_keys(['example_skip_dag']) retrieved from /home/airflow/.local/lib/python3.8/site-packages/airflow/example_dags/example_skip_dag.py
[2023-12-03T18:41:58.540+0000] {logging_mixin.py:154} INFO - [2023-12-03T18:41:58.539+0000] {dag.py:2941} INFO - Sync 1 DAGs
[2023-12-03T18:41:58.576+0000] {logging_mixin.py:154} INFO - [2023-12-03T18:41:58.576+0000] {dag.py:3722} INFO - Setting next_dagrun for example_skip_dag to 2023-12-02T18:41:58.575898+00:00, run_after=2023-12-03T18:41:58.575898+00:00
[2023-12-03T18:41:58.610+0000] {processor.py:179} INFO - Processing /home/airflow/.local/lib/python3.8/site-packages/airflow/example_dags/example_skip_dag.py took 0.136 seconds
[2023-12-03T18:42:29.245+0000] {processor.py:157} INFO - Started process (PID=124) to work on /home/airflow/.local/lib/python3.8/site-packages/airflow/example_dags/example_skip_dag.py
[2023-12-03T18:42:29.247+0000] {processor.py:829} INFO - Processing file /home/airflow/.local/lib/python3.8/site-packages/airflow/example_dags/example_skip_dag.py for tasks to queue
[2023-12-03T18:42:29.251+0000] {logging_mixin.py:154} INFO - [2023-12-03T18:42:29.250+0000] {dagbag.py:536} INFO - Filling up the DagBag from /home/airflow/.local/lib/python3.8/site-packages/airflow/example_dags/example_skip_dag.py
[2023-12-03T18:42:29.262+0000] {processor.py:839} INFO - DAG(s) dict_keys(['example_skip_dag']) retrieved from /home/airflow/.local/lib/python3.8/site-packages/airflow/example_dags/example_skip_dag.py
[2023-12-03T18:42:29.301+0000] {logging_mixin.py:154} INFO - [2023-12-03T18:42:29.300+0000] {dag.py:2941} INFO - Sync 1 DAGs
[2023-12-03T18:42:29.338+0000] {logging_mixin.py:154} INFO - [2023-12-03T18:42:29.337+0000] {dag.py:3722} INFO - Setting next_dagrun for example_skip_dag to 2023-12-02T18:42:29.337396+00:00, run_after=2023-12-03T18:42:29.337396+00:00
[2023-12-03T18:42:29.372+0000] {processor.py:179} INFO - Processing /home/airflow/.local/lib/python3.8/site-packages/airflow/example_dags/example_skip_dag.py took 0.131 seconds
[2023-12-03T18:43:00.253+0000] {processor.py:157} INFO - Started process (PID=180) to work on /home/airflow/.local/lib/python3.8/site-packages/airflow/example_dags/example_skip_dag.py
[2023-12-03T18:43:00.254+0000] {processor.py:829} INFO - Processing file /home/airflow/.local/lib/python3.8/site-packages/airflow/example_dags/example_skip_dag.py for tasks to queue
[2023-12-03T18:43:00.258+0000] {logging_mixin.py:154} INFO - [2023-12-03T18:43:00.257+0000] {dagbag.py:536} INFO - Filling up the DagBag from /home/airflow/.local/lib/python3.8/site-packages/airflow/example_dags/example_skip_dag.py
[2023-12-03T18:43:00.269+0000] {processor.py:839} INFO - DAG(s) dict_keys(['example_skip_dag']) retrieved from /home/airflow/.local/lib/python3.8/site-packages/airflow/example_dags/example_skip_dag.py
[2023-12-03T18:43:00.307+0000] {logging_mixin.py:154} INFO - [2023-12-03T18:43:00.306+0000] {dag.py:2941} INFO - Sync 1 DAGs
[2023-12-03T18:43:00.344+0000] {logging_mixin.py:154} INFO - [2023-12-03T18:43:00.343+0000] {dag.py:3722} INFO - Setting next_dagrun for example_skip_dag to 2023-12-02T18:43:00.343481+00:00, run_after=2023-12-03T18:43:00.343481+00:00
[2023-12-03T18:43:00.385+0000] {processor.py:179} INFO - Processing /home/airflow/.local/lib/python3.8/site-packages/airflow/example_dags/example_skip_dag.py took 0.138 seconds
[2023-12-03T18:43:30.913+0000] {processor.py:157} INFO - Started process (PID=235) to work on /home/airflow/.local/lib/python3.8/site-packages/airflow/example_dags/example_skip_dag.py
[2023-12-03T18:43:30.915+0000] {processor.py:829} INFO - Processing file /home/airflow/.local/lib/python3.8/site-packages/airflow/example_dags/example_skip_dag.py for tasks to queue
[2023-12-03T18:43:30.919+0000] {logging_mixin.py:154} INFO - [2023-12-03T18:43:30.918+0000] {dagbag.py:536} INFO - Filling up the DagBag from /home/airflow/.local/lib/python3.8/site-packages/airflow/example_dags/example_skip_dag.py
[2023-12-03T18:43:30.928+0000] {processor.py:839} INFO - DAG(s) dict_keys(['example_skip_dag']) retrieved from /home/airflow/.local/lib/python3.8/site-packages/airflow/example_dags/example_skip_dag.py
[2023-12-03T18:43:30.962+0000] {logging_mixin.py:154} INFO - [2023-12-03T18:43:30.961+0000] {dag.py:2941} INFO - Sync 1 DAGs
[2023-12-03T18:43:31.005+0000] {logging_mixin.py:154} INFO - [2023-12-03T18:43:31.005+0000] {dag.py:3722} INFO - Setting next_dagrun for example_skip_dag to 2023-12-02T18:43:31.005159+00:00, run_after=2023-12-03T18:43:31.005159+00:00
[2023-12-03T18:43:31.042+0000] {processor.py:179} INFO - Processing /home/airflow/.local/lib/python3.8/site-packages/airflow/example_dags/example_skip_dag.py took 0.133 seconds
[2023-12-03T18:44:02.033+0000] {processor.py:157} INFO - Started process (PID=290) to work on /home/airflow/.local/lib/python3.8/site-packages/airflow/example_dags/example_skip_dag.py
[2023-12-03T18:44:02.034+0000] {processor.py:829} INFO - Processing file /home/airflow/.local/lib/python3.8/site-packages/airflow/example_dags/example_skip_dag.py for tasks to queue
[2023-12-03T18:44:02.038+0000] {logging_mixin.py:154} INFO - [2023-12-03T18:44:02.037+0000] {dagbag.py:536} INFO - Filling up the DagBag from /home/airflow/.local/lib/python3.8/site-packages/airflow/example_dags/example_skip_dag.py
[2023-12-03T18:44:02.047+0000] {processor.py:839} INFO - DAG(s) dict_keys(['example_skip_dag']) retrieved from /home/airflow/.local/lib/python3.8/site-packages/airflow/example_dags/example_skip_dag.py
[2023-12-03T18:44:02.081+0000] {logging_mixin.py:154} INFO - [2023-12-03T18:44:02.080+0000] {dag.py:2941} INFO - Sync 1 DAGs
[2023-12-03T18:44:02.119+0000] {logging_mixin.py:154} INFO - [2023-12-03T18:44:02.118+0000] {dag.py:3722} INFO - Setting next_dagrun for example_skip_dag to 2023-12-02T18:44:02.118277+00:00, run_after=2023-12-03T18:44:02.118277+00:00
[2023-12-03T18:44:02.154+0000] {processor.py:179} INFO - Processing /home/airflow/.local/lib/python3.8/site-packages/airflow/example_dags/example_skip_dag.py took 0.127 seconds
[2023-12-03T18:44:32.375+0000] {processor.py:157} INFO - Started process (PID=345) to work on /home/airflow/.local/lib/python3.8/site-packages/airflow/example_dags/example_skip_dag.py
[2023-12-03T18:44:32.376+0000] {processor.py:829} INFO - Processing file /home/airflow/.local/lib/python3.8/site-packages/airflow/example_dags/example_skip_dag.py for tasks to queue
[2023-12-03T18:44:32.380+0000] {logging_mixin.py:154} INFO - [2023-12-03T18:44:32.379+0000] {dagbag.py:536} INFO - Filling up the DagBag from /home/airflow/.local/lib/python3.8/site-packages/airflow/example_dags/example_skip_dag.py
[2023-12-03T18:44:32.390+0000] {processor.py:839} INFO - DAG(s) dict_keys(['example_skip_dag']) retrieved from /home/airflow/.local/lib/python3.8/site-packages/airflow/example_dags/example_skip_dag.py
[2023-12-03T18:44:32.423+0000] {logging_mixin.py:154} INFO - [2023-12-03T18:44:32.423+0000] {dag.py:2941} INFO - Sync 1 DAGs
[2023-12-03T18:44:32.459+0000] {logging_mixin.py:154} INFO - [2023-12-03T18:44:32.458+0000] {dag.py:3722} INFO - Setting next_dagrun for example_skip_dag to 2023-12-02T18:44:32.458462+00:00, run_after=2023-12-03T18:44:32.458462+00:00
[2023-12-03T18:44:32.499+0000] {processor.py:179} INFO - Processing /home/airflow/.local/lib/python3.8/site-packages/airflow/example_dags/example_skip_dag.py took 0.130 seconds
[2023-12-03T18:48:30.060+0000] {processor.py:157} INFO - Started process (PID=73) to work on /home/airflow/.local/lib/python3.8/site-packages/airflow/example_dags/example_skip_dag.py
[2023-12-03T18:48:30.062+0000] {processor.py:829} INFO - Processing file /home/airflow/.local/lib/python3.8/site-packages/airflow/example_dags/example_skip_dag.py for tasks to queue
[2023-12-03T18:48:30.066+0000] {logging_mixin.py:154} INFO - [2023-12-03T18:48:30.066+0000] {dagbag.py:536} INFO - Filling up the DagBag from /home/airflow/.local/lib/python3.8/site-packages/airflow/example_dags/example_skip_dag.py
[2023-12-03T18:48:30.083+0000] {processor.py:839} INFO - DAG(s) dict_keys(['example_skip_dag']) retrieved from /home/airflow/.local/lib/python3.8/site-packages/airflow/example_dags/example_skip_dag.py
[2023-12-03T18:48:30.106+0000] {logging_mixin.py:154} INFO - [2023-12-03T18:48:30.106+0000] {dag.py:2941} INFO - Sync 1 DAGs
[2023-12-03T18:48:30.152+0000] {logging_mixin.py:154} INFO - [2023-12-03T18:48:30.151+0000] {dag.py:3722} INFO - Setting next_dagrun for example_skip_dag to 2023-12-02T18:48:30.151406+00:00, run_after=2023-12-03T18:48:30.151406+00:00
[2023-12-03T18:48:30.193+0000] {processor.py:179} INFO - Processing /home/airflow/.local/lib/python3.8/site-packages/airflow/example_dags/example_skip_dag.py took 0.140 seconds
[2023-12-03T18:49:01.036+0000] {processor.py:157} INFO - Started process (PID=128) to work on /home/airflow/.local/lib/python3.8/site-packages/airflow/example_dags/example_skip_dag.py
[2023-12-03T18:49:01.039+0000] {processor.py:829} INFO - Processing file /home/airflow/.local/lib/python3.8/site-packages/airflow/example_dags/example_skip_dag.py for tasks to queue
[2023-12-03T18:49:01.043+0000] {logging_mixin.py:154} INFO - [2023-12-03T18:49:01.042+0000] {dagbag.py:536} INFO - Filling up the DagBag from /home/airflow/.local/lib/python3.8/site-packages/airflow/example_dags/example_skip_dag.py
[2023-12-03T18:49:01.056+0000] {processor.py:839} INFO - DAG(s) dict_keys(['example_skip_dag']) retrieved from /home/airflow/.local/lib/python3.8/site-packages/airflow/example_dags/example_skip_dag.py
[2023-12-03T18:49:01.097+0000] {logging_mixin.py:154} INFO - [2023-12-03T18:49:01.097+0000] {dag.py:2941} INFO - Sync 1 DAGs
[2023-12-03T18:49:01.142+0000] {logging_mixin.py:154} INFO - [2023-12-03T18:49:01.142+0000] {dag.py:3722} INFO - Setting next_dagrun for example_skip_dag to 2023-12-02T18:49:01.141521+00:00, run_after=2023-12-03T18:49:01.141521+00:00
[2023-12-03T18:49:01.174+0000] {processor.py:179} INFO - Processing /home/airflow/.local/lib/python3.8/site-packages/airflow/example_dags/example_skip_dag.py took 0.147 seconds
[2023-12-03T18:49:31.455+0000] {processor.py:157} INFO - Started process (PID=183) to work on /home/airflow/.local/lib/python3.8/site-packages/airflow/example_dags/example_skip_dag.py
[2023-12-03T18:49:31.457+0000] {processor.py:829} INFO - Processing file /home/airflow/.local/lib/python3.8/site-packages/airflow/example_dags/example_skip_dag.py for tasks to queue
[2023-12-03T18:49:31.461+0000] {logging_mixin.py:154} INFO - [2023-12-03T18:49:31.460+0000] {dagbag.py:536} INFO - Filling up the DagBag from /home/airflow/.local/lib/python3.8/site-packages/airflow/example_dags/example_skip_dag.py
[2023-12-03T18:49:31.472+0000] {processor.py:839} INFO - DAG(s) dict_keys(['example_skip_dag']) retrieved from /home/airflow/.local/lib/python3.8/site-packages/airflow/example_dags/example_skip_dag.py
[2023-12-03T18:49:31.506+0000] {logging_mixin.py:154} INFO - [2023-12-03T18:49:31.505+0000] {dag.py:2941} INFO - Sync 1 DAGs
[2023-12-03T18:49:31.544+0000] {logging_mixin.py:154} INFO - [2023-12-03T18:49:31.543+0000] {dag.py:3722} INFO - Setting next_dagrun for example_skip_dag to 2023-12-02T18:49:31.543246+00:00, run_after=2023-12-03T18:49:31.543246+00:00
[2023-12-03T18:49:31.573+0000] {processor.py:179} INFO - Processing /home/airflow/.local/lib/python3.8/site-packages/airflow/example_dags/example_skip_dag.py took 0.124 seconds
