[2023-12-03T18:18:47.903+0000] {processor.py:157} INFO - Started process (PID=57) to work on /home/airflow/.local/lib/python3.8/site-packages/airflow/example_dags/example_external_task_marker_dag.py
[2023-12-03T18:18:47.905+0000] {processor.py:829} INFO - Processing file /home/airflow/.local/lib/python3.8/site-packages/airflow/example_dags/example_external_task_marker_dag.py for tasks to queue
[2023-12-03T18:18:47.910+0000] {logging_mixin.py:154} INFO - [2023-12-03T18:18:47.909+0000] {dagbag.py:536} INFO - Filling up the DagBag from /home/airflow/.local/lib/python3.8/site-packages/airflow/example_dags/example_external_task_marker_dag.py
[2023-12-03T18:18:47.923+0000] {processor.py:839} INFO - DAG(s) dict_keys(['example_external_task_marker_child', 'example_external_task_marker_parent']) retrieved from /home/airflow/.local/lib/python3.8/site-packages/airflow/example_dags/example_external_task_marker_dag.py
[2023-12-03T18:18:47.972+0000] {logging_mixin.py:154} INFO - [2023-12-03T18:18:47.972+0000] {dag.py:2941} INFO - Sync 2 DAGs
[2023-12-03T18:18:48.002+0000] {logging_mixin.py:154} INFO - [2023-12-03T18:18:48.002+0000] {dag.py:3722} INFO - Setting next_dagrun for example_external_task_marker_child to None, run_after=None
[2023-12-03T18:18:48.011+0000] {logging_mixin.py:154} INFO - [2023-12-03T18:18:48.010+0000] {dag.py:3722} INFO - Setting next_dagrun for example_external_task_marker_parent to None, run_after=None
[2023-12-03T18:18:48.045+0000] {processor.py:179} INFO - Processing /home/airflow/.local/lib/python3.8/site-packages/airflow/example_dags/example_external_task_marker_dag.py took 0.148 seconds
[2023-12-03T18:19:19.043+0000] {processor.py:157} INFO - Started process (PID=111) to work on /home/airflow/.local/lib/python3.8/site-packages/airflow/example_dags/example_external_task_marker_dag.py
[2023-12-03T18:19:19.053+0000] {processor.py:829} INFO - Processing file /home/airflow/.local/lib/python3.8/site-packages/airflow/example_dags/example_external_task_marker_dag.py for tasks to queue
[2023-12-03T18:19:19.062+0000] {logging_mixin.py:154} INFO - [2023-12-03T18:19:19.061+0000] {dagbag.py:536} INFO - Filling up the DagBag from /home/airflow/.local/lib/python3.8/site-packages/airflow/example_dags/example_external_task_marker_dag.py
[2023-12-03T18:19:19.081+0000] {processor.py:839} INFO - DAG(s) dict_keys(['example_external_task_marker_parent', 'example_external_task_marker_child']) retrieved from /home/airflow/.local/lib/python3.8/site-packages/airflow/example_dags/example_external_task_marker_dag.py
[2023-12-03T18:19:19.138+0000] {logging_mixin.py:154} INFO - [2023-12-03T18:19:19.138+0000] {dag.py:2941} INFO - Sync 2 DAGs
[2023-12-03T18:19:19.165+0000] {logging_mixin.py:154} INFO - [2023-12-03T18:19:19.165+0000] {dag.py:3722} INFO - Setting next_dagrun for example_external_task_marker_child to None, run_after=None
[2023-12-03T18:19:19.172+0000] {logging_mixin.py:154} INFO - [2023-12-03T18:19:19.172+0000] {dag.py:3722} INFO - Setting next_dagrun for example_external_task_marker_parent to None, run_after=None
[2023-12-03T18:19:19.212+0000] {processor.py:179} INFO - Processing /home/airflow/.local/lib/python3.8/site-packages/airflow/example_dags/example_external_task_marker_dag.py took 0.179 seconds
[2023-12-03T18:19:50.087+0000] {processor.py:157} INFO - Started process (PID=165) to work on /home/airflow/.local/lib/python3.8/site-packages/airflow/example_dags/example_external_task_marker_dag.py
[2023-12-03T18:19:50.088+0000] {processor.py:829} INFO - Processing file /home/airflow/.local/lib/python3.8/site-packages/airflow/example_dags/example_external_task_marker_dag.py for tasks to queue
[2023-12-03T18:19:50.093+0000] {logging_mixin.py:154} INFO - [2023-12-03T18:19:50.092+0000] {dagbag.py:536} INFO - Filling up the DagBag from /home/airflow/.local/lib/python3.8/site-packages/airflow/example_dags/example_external_task_marker_dag.py
[2023-12-03T18:19:50.104+0000] {processor.py:839} INFO - DAG(s) dict_keys(['example_external_task_marker_child', 'example_external_task_marker_parent']) retrieved from /home/airflow/.local/lib/python3.8/site-packages/airflow/example_dags/example_external_task_marker_dag.py
[2023-12-03T18:19:50.133+0000] {logging_mixin.py:154} INFO - [2023-12-03T18:19:50.133+0000] {dag.py:2941} INFO - Sync 2 DAGs
[2023-12-03T18:19:50.175+0000] {logging_mixin.py:154} INFO - [2023-12-03T18:19:50.175+0000] {dag.py:3722} INFO - Setting next_dagrun for example_external_task_marker_child to None, run_after=None
[2023-12-03T18:19:50.183+0000] {logging_mixin.py:154} INFO - [2023-12-03T18:19:50.183+0000] {dag.py:3722} INFO - Setting next_dagrun for example_external_task_marker_parent to None, run_after=None
[2023-12-03T18:19:50.227+0000] {processor.py:179} INFO - Processing /home/airflow/.local/lib/python3.8/site-packages/airflow/example_dags/example_external_task_marker_dag.py took 0.145 seconds
[2023-12-03T18:20:20.452+0000] {processor.py:157} INFO - Started process (PID=219) to work on /home/airflow/.local/lib/python3.8/site-packages/airflow/example_dags/example_external_task_marker_dag.py
[2023-12-03T18:20:20.453+0000] {processor.py:829} INFO - Processing file /home/airflow/.local/lib/python3.8/site-packages/airflow/example_dags/example_external_task_marker_dag.py for tasks to queue
[2023-12-03T18:20:20.458+0000] {logging_mixin.py:154} INFO - [2023-12-03T18:20:20.457+0000] {dagbag.py:536} INFO - Filling up the DagBag from /home/airflow/.local/lib/python3.8/site-packages/airflow/example_dags/example_external_task_marker_dag.py
[2023-12-03T18:20:20.470+0000] {processor.py:839} INFO - DAG(s) dict_keys(['example_external_task_marker_parent', 'example_external_task_marker_child']) retrieved from /home/airflow/.local/lib/python3.8/site-packages/airflow/example_dags/example_external_task_marker_dag.py
[2023-12-03T18:20:20.516+0000] {logging_mixin.py:154} INFO - [2023-12-03T18:20:20.515+0000] {dag.py:2941} INFO - Sync 2 DAGs
[2023-12-03T18:20:20.540+0000] {logging_mixin.py:154} INFO - [2023-12-03T18:20:20.540+0000] {dag.py:3722} INFO - Setting next_dagrun for example_external_task_marker_child to None, run_after=None
[2023-12-03T18:20:20.548+0000] {logging_mixin.py:154} INFO - [2023-12-03T18:20:20.548+0000] {dag.py:3722} INFO - Setting next_dagrun for example_external_task_marker_parent to None, run_after=None
[2023-12-03T18:20:20.586+0000] {processor.py:179} INFO - Processing /home/airflow/.local/lib/python3.8/site-packages/airflow/example_dags/example_external_task_marker_dag.py took 0.140 seconds
[2023-12-03T18:20:51.238+0000] {processor.py:157} INFO - Started process (PID=273) to work on /home/airflow/.local/lib/python3.8/site-packages/airflow/example_dags/example_external_task_marker_dag.py
[2023-12-03T18:20:51.240+0000] {processor.py:829} INFO - Processing file /home/airflow/.local/lib/python3.8/site-packages/airflow/example_dags/example_external_task_marker_dag.py for tasks to queue
[2023-12-03T18:20:51.247+0000] {logging_mixin.py:154} INFO - [2023-12-03T18:20:51.246+0000] {dagbag.py:536} INFO - Filling up the DagBag from /home/airflow/.local/lib/python3.8/site-packages/airflow/example_dags/example_external_task_marker_dag.py
[2023-12-03T18:20:51.261+0000] {processor.py:839} INFO - DAG(s) dict_keys(['example_external_task_marker_parent', 'example_external_task_marker_child']) retrieved from /home/airflow/.local/lib/python3.8/site-packages/airflow/example_dags/example_external_task_marker_dag.py
[2023-12-03T18:20:51.316+0000] {logging_mixin.py:154} INFO - [2023-12-03T18:20:51.316+0000] {dag.py:2941} INFO - Sync 2 DAGs
[2023-12-03T18:20:51.350+0000] {logging_mixin.py:154} INFO - [2023-12-03T18:20:51.350+0000] {dag.py:3722} INFO - Setting next_dagrun for example_external_task_marker_child to None, run_after=None
[2023-12-03T18:20:51.360+0000] {logging_mixin.py:154} INFO - [2023-12-03T18:20:51.360+0000] {dag.py:3722} INFO - Setting next_dagrun for example_external_task_marker_parent to None, run_after=None
[2023-12-03T18:20:51.406+0000] {processor.py:179} INFO - Processing /home/airflow/.local/lib/python3.8/site-packages/airflow/example_dags/example_external_task_marker_dag.py took 0.175 seconds
[2023-12-03T18:21:22.202+0000] {processor.py:157} INFO - Started process (PID=334) to work on /home/airflow/.local/lib/python3.8/site-packages/airflow/example_dags/example_external_task_marker_dag.py
[2023-12-03T18:21:22.204+0000] {processor.py:829} INFO - Processing file /home/airflow/.local/lib/python3.8/site-packages/airflow/example_dags/example_external_task_marker_dag.py for tasks to queue
[2023-12-03T18:21:22.211+0000] {logging_mixin.py:154} INFO - [2023-12-03T18:21:22.210+0000] {dagbag.py:536} INFO - Filling up the DagBag from /home/airflow/.local/lib/python3.8/site-packages/airflow/example_dags/example_external_task_marker_dag.py
[2023-12-03T18:21:22.226+0000] {processor.py:839} INFO - DAG(s) dict_keys(['example_external_task_marker_child', 'example_external_task_marker_parent']) retrieved from /home/airflow/.local/lib/python3.8/site-packages/airflow/example_dags/example_external_task_marker_dag.py
[2023-12-03T18:21:22.252+0000] {logging_mixin.py:154} INFO - [2023-12-03T18:21:22.251+0000] {dag.py:2941} INFO - Sync 2 DAGs
[2023-12-03T18:21:22.275+0000] {logging_mixin.py:154} INFO - [2023-12-03T18:21:22.274+0000] {dag.py:3722} INFO - Setting next_dagrun for example_external_task_marker_child to None, run_after=None
[2023-12-03T18:21:22.285+0000] {logging_mixin.py:154} INFO - [2023-12-03T18:21:22.285+0000] {dag.py:3722} INFO - Setting next_dagrun for example_external_task_marker_parent to None, run_after=None
[2023-12-03T18:21:22.324+0000] {processor.py:179} INFO - Processing /home/airflow/.local/lib/python3.8/site-packages/airflow/example_dags/example_external_task_marker_dag.py took 0.131 seconds
[2023-12-03T18:21:52.774+0000] {processor.py:157} INFO - Started process (PID=388) to work on /home/airflow/.local/lib/python3.8/site-packages/airflow/example_dags/example_external_task_marker_dag.py
[2023-12-03T18:21:52.777+0000] {processor.py:829} INFO - Processing file /home/airflow/.local/lib/python3.8/site-packages/airflow/example_dags/example_external_task_marker_dag.py for tasks to queue
[2023-12-03T18:21:52.786+0000] {logging_mixin.py:154} INFO - [2023-12-03T18:21:52.785+0000] {dagbag.py:536} INFO - Filling up the DagBag from /home/airflow/.local/lib/python3.8/site-packages/airflow/example_dags/example_external_task_marker_dag.py
[2023-12-03T18:21:52.801+0000] {processor.py:839} INFO - DAG(s) dict_keys(['example_external_task_marker_parent', 'example_external_task_marker_child']) retrieved from /home/airflow/.local/lib/python3.8/site-packages/airflow/example_dags/example_external_task_marker_dag.py
[2023-12-03T18:21:52.854+0000] {logging_mixin.py:154} INFO - [2023-12-03T18:21:52.853+0000] {dag.py:2941} INFO - Sync 2 DAGs
[2023-12-03T18:21:52.877+0000] {logging_mixin.py:154} INFO - [2023-12-03T18:21:52.877+0000] {dag.py:3722} INFO - Setting next_dagrun for example_external_task_marker_child to None, run_after=None
[2023-12-03T18:21:52.885+0000] {logging_mixin.py:154} INFO - [2023-12-03T18:21:52.885+0000] {dag.py:3722} INFO - Setting next_dagrun for example_external_task_marker_parent to None, run_after=None
[2023-12-03T18:21:52.917+0000] {processor.py:179} INFO - Processing /home/airflow/.local/lib/python3.8/site-packages/airflow/example_dags/example_external_task_marker_dag.py took 0.150 seconds
[2023-12-03T18:22:23.913+0000] {processor.py:157} INFO - Started process (PID=442) to work on /home/airflow/.local/lib/python3.8/site-packages/airflow/example_dags/example_external_task_marker_dag.py
[2023-12-03T18:22:23.915+0000] {processor.py:829} INFO - Processing file /home/airflow/.local/lib/python3.8/site-packages/airflow/example_dags/example_external_task_marker_dag.py for tasks to queue
[2023-12-03T18:22:23.920+0000] {logging_mixin.py:154} INFO - [2023-12-03T18:22:23.919+0000] {dagbag.py:536} INFO - Filling up the DagBag from /home/airflow/.local/lib/python3.8/site-packages/airflow/example_dags/example_external_task_marker_dag.py
[2023-12-03T18:22:23.932+0000] {processor.py:839} INFO - DAG(s) dict_keys(['example_external_task_marker_child', 'example_external_task_marker_parent']) retrieved from /home/airflow/.local/lib/python3.8/site-packages/airflow/example_dags/example_external_task_marker_dag.py
[2023-12-03T18:22:23.991+0000] {logging_mixin.py:154} INFO - [2023-12-03T18:22:23.990+0000] {dag.py:2941} INFO - Sync 2 DAGs
[2023-12-03T18:22:24.040+0000] {logging_mixin.py:154} INFO - [2023-12-03T18:22:24.039+0000] {dag.py:3722} INFO - Setting next_dagrun for example_external_task_marker_child to None, run_after=None
[2023-12-03T18:22:24.051+0000] {logging_mixin.py:154} INFO - [2023-12-03T18:22:24.051+0000] {dag.py:3722} INFO - Setting next_dagrun for example_external_task_marker_parent to None, run_after=None
[2023-12-03T18:22:24.123+0000] {processor.py:179} INFO - Processing /home/airflow/.local/lib/python3.8/site-packages/airflow/example_dags/example_external_task_marker_dag.py took 0.216 seconds
[2023-12-03T18:23:57.778+0000] {processor.py:157} INFO - Started process (PID=57) to work on /home/airflow/.local/lib/python3.8/site-packages/airflow/example_dags/example_external_task_marker_dag.py
[2023-12-03T18:23:57.780+0000] {processor.py:829} INFO - Processing file /home/airflow/.local/lib/python3.8/site-packages/airflow/example_dags/example_external_task_marker_dag.py for tasks to queue
[2023-12-03T18:23:57.786+0000] {logging_mixin.py:154} INFO - [2023-12-03T18:23:57.785+0000] {dagbag.py:536} INFO - Filling up the DagBag from /home/airflow/.local/lib/python3.8/site-packages/airflow/example_dags/example_external_task_marker_dag.py
[2023-12-03T18:23:57.801+0000] {processor.py:839} INFO - DAG(s) dict_keys(['example_external_task_marker_child', 'example_external_task_marker_parent']) retrieved from /home/airflow/.local/lib/python3.8/site-packages/airflow/example_dags/example_external_task_marker_dag.py
[2023-12-03T18:23:57.855+0000] {logging_mixin.py:154} INFO - [2023-12-03T18:23:57.855+0000] {dag.py:2941} INFO - Sync 2 DAGs
[2023-12-03T18:23:57.883+0000] {logging_mixin.py:154} INFO - [2023-12-03T18:23:57.882+0000] {dag.py:3722} INFO - Setting next_dagrun for example_external_task_marker_child to None, run_after=None
[2023-12-03T18:23:57.891+0000] {logging_mixin.py:154} INFO - [2023-12-03T18:23:57.891+0000] {dag.py:3722} INFO - Setting next_dagrun for example_external_task_marker_parent to None, run_after=None
[2023-12-03T18:23:57.927+0000] {processor.py:179} INFO - Processing /home/airflow/.local/lib/python3.8/site-packages/airflow/example_dags/example_external_task_marker_dag.py took 0.157 seconds
[2023-12-03T18:24:28.957+0000] {processor.py:157} INFO - Started process (PID=111) to work on /home/airflow/.local/lib/python3.8/site-packages/airflow/example_dags/example_external_task_marker_dag.py
[2023-12-03T18:24:28.959+0000] {processor.py:829} INFO - Processing file /home/airflow/.local/lib/python3.8/site-packages/airflow/example_dags/example_external_task_marker_dag.py for tasks to queue
[2023-12-03T18:24:28.966+0000] {logging_mixin.py:154} INFO - [2023-12-03T18:24:28.965+0000] {dagbag.py:536} INFO - Filling up the DagBag from /home/airflow/.local/lib/python3.8/site-packages/airflow/example_dags/example_external_task_marker_dag.py
[2023-12-03T18:24:28.983+0000] {processor.py:839} INFO - DAG(s) dict_keys(['example_external_task_marker_child', 'example_external_task_marker_parent']) retrieved from /home/airflow/.local/lib/python3.8/site-packages/airflow/example_dags/example_external_task_marker_dag.py
[2023-12-03T18:24:29.026+0000] {logging_mixin.py:154} INFO - [2023-12-03T18:24:29.026+0000] {dag.py:2941} INFO - Sync 2 DAGs
[2023-12-03T18:24:29.053+0000] {logging_mixin.py:154} INFO - [2023-12-03T18:24:29.052+0000] {dag.py:3722} INFO - Setting next_dagrun for example_external_task_marker_child to None, run_after=None
[2023-12-03T18:24:29.060+0000] {logging_mixin.py:154} INFO - [2023-12-03T18:24:29.059+0000] {dag.py:3722} INFO - Setting next_dagrun for example_external_task_marker_parent to None, run_after=None
[2023-12-03T18:24:29.110+0000] {processor.py:179} INFO - Processing /home/airflow/.local/lib/python3.8/site-packages/airflow/example_dags/example_external_task_marker_dag.py took 0.153 seconds
[2023-12-03T18:25:00.121+0000] {processor.py:157} INFO - Started process (PID=165) to work on /home/airflow/.local/lib/python3.8/site-packages/airflow/example_dags/example_external_task_marker_dag.py
[2023-12-03T18:25:00.122+0000] {processor.py:829} INFO - Processing file /home/airflow/.local/lib/python3.8/site-packages/airflow/example_dags/example_external_task_marker_dag.py for tasks to queue
[2023-12-03T18:25:00.127+0000] {logging_mixin.py:154} INFO - [2023-12-03T18:25:00.126+0000] {dagbag.py:536} INFO - Filling up the DagBag from /home/airflow/.local/lib/python3.8/site-packages/airflow/example_dags/example_external_task_marker_dag.py
[2023-12-03T18:25:00.141+0000] {processor.py:839} INFO - DAG(s) dict_keys(['example_external_task_marker_parent', 'example_external_task_marker_child']) retrieved from /home/airflow/.local/lib/python3.8/site-packages/airflow/example_dags/example_external_task_marker_dag.py
[2023-12-03T18:25:00.187+0000] {logging_mixin.py:154} INFO - [2023-12-03T18:25:00.187+0000] {dag.py:2941} INFO - Sync 2 DAGs
[2023-12-03T18:25:00.207+0000] {logging_mixin.py:154} INFO - [2023-12-03T18:25:00.207+0000] {dag.py:3722} INFO - Setting next_dagrun for example_external_task_marker_child to None, run_after=None
[2023-12-03T18:25:00.213+0000] {logging_mixin.py:154} INFO - [2023-12-03T18:25:00.213+0000] {dag.py:3722} INFO - Setting next_dagrun for example_external_task_marker_parent to None, run_after=None
[2023-12-03T18:25:00.257+0000] {processor.py:179} INFO - Processing /home/airflow/.local/lib/python3.8/site-packages/airflow/example_dags/example_external_task_marker_dag.py took 0.140 seconds
[2023-12-03T18:25:30.563+0000] {processor.py:157} INFO - Started process (PID=219) to work on /home/airflow/.local/lib/python3.8/site-packages/airflow/example_dags/example_external_task_marker_dag.py
[2023-12-03T18:25:30.564+0000] {processor.py:829} INFO - Processing file /home/airflow/.local/lib/python3.8/site-packages/airflow/example_dags/example_external_task_marker_dag.py for tasks to queue
[2023-12-03T18:25:30.567+0000] {logging_mixin.py:154} INFO - [2023-12-03T18:25:30.567+0000] {dagbag.py:536} INFO - Filling up the DagBag from /home/airflow/.local/lib/python3.8/site-packages/airflow/example_dags/example_external_task_marker_dag.py
[2023-12-03T18:25:30.576+0000] {processor.py:839} INFO - DAG(s) dict_keys(['example_external_task_marker_parent', 'example_external_task_marker_child']) retrieved from /home/airflow/.local/lib/python3.8/site-packages/airflow/example_dags/example_external_task_marker_dag.py
[2023-12-03T18:25:30.640+0000] {logging_mixin.py:154} INFO - [2023-12-03T18:25:30.639+0000] {dag.py:2941} INFO - Sync 2 DAGs
[2023-12-03T18:25:30.674+0000] {logging_mixin.py:154} INFO - [2023-12-03T18:25:30.674+0000] {dag.py:3722} INFO - Setting next_dagrun for example_external_task_marker_child to None, run_after=None
[2023-12-03T18:25:30.680+0000] {logging_mixin.py:154} INFO - [2023-12-03T18:25:30.680+0000] {dag.py:3722} INFO - Setting next_dagrun for example_external_task_marker_parent to None, run_after=None
[2023-12-03T18:25:30.715+0000] {processor.py:179} INFO - Processing /home/airflow/.local/lib/python3.8/site-packages/airflow/example_dags/example_external_task_marker_dag.py took 0.157 seconds
[2023-12-03T18:26:01.232+0000] {processor.py:157} INFO - Started process (PID=273) to work on /home/airflow/.local/lib/python3.8/site-packages/airflow/example_dags/example_external_task_marker_dag.py
[2023-12-03T18:26:01.233+0000] {processor.py:829} INFO - Processing file /home/airflow/.local/lib/python3.8/site-packages/airflow/example_dags/example_external_task_marker_dag.py for tasks to queue
[2023-12-03T18:26:01.237+0000] {logging_mixin.py:154} INFO - [2023-12-03T18:26:01.236+0000] {dagbag.py:536} INFO - Filling up the DagBag from /home/airflow/.local/lib/python3.8/site-packages/airflow/example_dags/example_external_task_marker_dag.py
[2023-12-03T18:26:01.246+0000] {processor.py:839} INFO - DAG(s) dict_keys(['example_external_task_marker_parent', 'example_external_task_marker_child']) retrieved from /home/airflow/.local/lib/python3.8/site-packages/airflow/example_dags/example_external_task_marker_dag.py
[2023-12-03T18:26:01.306+0000] {logging_mixin.py:154} INFO - [2023-12-03T18:26:01.306+0000] {dag.py:2941} INFO - Sync 2 DAGs
[2023-12-03T18:26:01.336+0000] {logging_mixin.py:154} INFO - [2023-12-03T18:26:01.336+0000] {dag.py:3722} INFO - Setting next_dagrun for example_external_task_marker_child to None, run_after=None
[2023-12-03T18:26:01.342+0000] {logging_mixin.py:154} INFO - [2023-12-03T18:26:01.342+0000] {dag.py:3722} INFO - Setting next_dagrun for example_external_task_marker_parent to None, run_after=None
[2023-12-03T18:26:01.370+0000] {processor.py:179} INFO - Processing /home/airflow/.local/lib/python3.8/site-packages/airflow/example_dags/example_external_task_marker_dag.py took 0.142 seconds
[2023-12-03T18:26:31.426+0000] {processor.py:157} INFO - Started process (PID=327) to work on /home/airflow/.local/lib/python3.8/site-packages/airflow/example_dags/example_external_task_marker_dag.py
[2023-12-03T18:26:31.428+0000] {processor.py:829} INFO - Processing file /home/airflow/.local/lib/python3.8/site-packages/airflow/example_dags/example_external_task_marker_dag.py for tasks to queue
[2023-12-03T18:26:31.434+0000] {logging_mixin.py:154} INFO - [2023-12-03T18:26:31.433+0000] {dagbag.py:536} INFO - Filling up the DagBag from /home/airflow/.local/lib/python3.8/site-packages/airflow/example_dags/example_external_task_marker_dag.py
[2023-12-03T18:26:31.450+0000] {processor.py:839} INFO - DAG(s) dict_keys(['example_external_task_marker_parent', 'example_external_task_marker_child']) retrieved from /home/airflow/.local/lib/python3.8/site-packages/airflow/example_dags/example_external_task_marker_dag.py
[2023-12-03T18:26:31.501+0000] {logging_mixin.py:154} INFO - [2023-12-03T18:26:31.501+0000] {dag.py:2941} INFO - Sync 2 DAGs
[2023-12-03T18:26:31.521+0000] {logging_mixin.py:154} INFO - [2023-12-03T18:26:31.521+0000] {dag.py:3722} INFO - Setting next_dagrun for example_external_task_marker_child to None, run_after=None
[2023-12-03T18:26:31.527+0000] {logging_mixin.py:154} INFO - [2023-12-03T18:26:31.527+0000] {dag.py:3722} INFO - Setting next_dagrun for example_external_task_marker_parent to None, run_after=None
[2023-12-03T18:26:31.564+0000] {processor.py:179} INFO - Processing /home/airflow/.local/lib/python3.8/site-packages/airflow/example_dags/example_external_task_marker_dag.py took 0.145 seconds
[2023-12-03T18:27:02.192+0000] {processor.py:157} INFO - Started process (PID=381) to work on /home/airflow/.local/lib/python3.8/site-packages/airflow/example_dags/example_external_task_marker_dag.py
[2023-12-03T18:27:02.193+0000] {processor.py:829} INFO - Processing file /home/airflow/.local/lib/python3.8/site-packages/airflow/example_dags/example_external_task_marker_dag.py for tasks to queue
[2023-12-03T18:27:02.197+0000] {logging_mixin.py:154} INFO - [2023-12-03T18:27:02.197+0000] {dagbag.py:536} INFO - Filling up the DagBag from /home/airflow/.local/lib/python3.8/site-packages/airflow/example_dags/example_external_task_marker_dag.py
[2023-12-03T18:27:02.206+0000] {processor.py:839} INFO - DAG(s) dict_keys(['example_external_task_marker_child', 'example_external_task_marker_parent']) retrieved from /home/airflow/.local/lib/python3.8/site-packages/airflow/example_dags/example_external_task_marker_dag.py
[2023-12-03T18:27:02.237+0000] {logging_mixin.py:154} INFO - [2023-12-03T18:27:02.237+0000] {dag.py:2941} INFO - Sync 2 DAGs
[2023-12-03T18:27:02.262+0000] {logging_mixin.py:154} INFO - [2023-12-03T18:27:02.262+0000] {dag.py:3722} INFO - Setting next_dagrun for example_external_task_marker_child to None, run_after=None
[2023-12-03T18:27:02.269+0000] {logging_mixin.py:154} INFO - [2023-12-03T18:27:02.268+0000] {dag.py:3722} INFO - Setting next_dagrun for example_external_task_marker_parent to None, run_after=None
[2023-12-03T18:27:02.305+0000] {processor.py:179} INFO - Processing /home/airflow/.local/lib/python3.8/site-packages/airflow/example_dags/example_external_task_marker_dag.py took 0.117 seconds
[2023-12-03T18:27:32.474+0000] {processor.py:157} INFO - Started process (PID=435) to work on /home/airflow/.local/lib/python3.8/site-packages/airflow/example_dags/example_external_task_marker_dag.py
[2023-12-03T18:27:32.477+0000] {processor.py:829} INFO - Processing file /home/airflow/.local/lib/python3.8/site-packages/airflow/example_dags/example_external_task_marker_dag.py for tasks to queue
[2023-12-03T18:27:32.483+0000] {logging_mixin.py:154} INFO - [2023-12-03T18:27:32.482+0000] {dagbag.py:536} INFO - Filling up the DagBag from /home/airflow/.local/lib/python3.8/site-packages/airflow/example_dags/example_external_task_marker_dag.py
[2023-12-03T18:27:32.500+0000] {processor.py:839} INFO - DAG(s) dict_keys(['example_external_task_marker_child', 'example_external_task_marker_parent']) retrieved from /home/airflow/.local/lib/python3.8/site-packages/airflow/example_dags/example_external_task_marker_dag.py
[2023-12-03T18:27:32.537+0000] {logging_mixin.py:154} INFO - [2023-12-03T18:27:32.536+0000] {dag.py:2941} INFO - Sync 2 DAGs
[2023-12-03T18:27:32.555+0000] {logging_mixin.py:154} INFO - [2023-12-03T18:27:32.554+0000] {dag.py:3722} INFO - Setting next_dagrun for example_external_task_marker_child to None, run_after=None
[2023-12-03T18:27:32.566+0000] {logging_mixin.py:154} INFO - [2023-12-03T18:27:32.565+0000] {dag.py:3722} INFO - Setting next_dagrun for example_external_task_marker_parent to None, run_after=None
[2023-12-03T18:27:32.599+0000] {processor.py:179} INFO - Processing /home/airflow/.local/lib/python3.8/site-packages/airflow/example_dags/example_external_task_marker_dag.py took 0.133 seconds
[2023-12-03T18:28:03.061+0000] {processor.py:157} INFO - Started process (PID=489) to work on /home/airflow/.local/lib/python3.8/site-packages/airflow/example_dags/example_external_task_marker_dag.py
[2023-12-03T18:28:03.062+0000] {processor.py:829} INFO - Processing file /home/airflow/.local/lib/python3.8/site-packages/airflow/example_dags/example_external_task_marker_dag.py for tasks to queue
[2023-12-03T18:28:03.066+0000] {logging_mixin.py:154} INFO - [2023-12-03T18:28:03.065+0000] {dagbag.py:536} INFO - Filling up the DagBag from /home/airflow/.local/lib/python3.8/site-packages/airflow/example_dags/example_external_task_marker_dag.py
[2023-12-03T18:28:03.076+0000] {processor.py:839} INFO - DAG(s) dict_keys(['example_external_task_marker_parent', 'example_external_task_marker_child']) retrieved from /home/airflow/.local/lib/python3.8/site-packages/airflow/example_dags/example_external_task_marker_dag.py
[2023-12-03T18:28:03.118+0000] {logging_mixin.py:154} INFO - [2023-12-03T18:28:03.117+0000] {dag.py:2941} INFO - Sync 2 DAGs
[2023-12-03T18:28:03.143+0000] {logging_mixin.py:154} INFO - [2023-12-03T18:28:03.143+0000] {dag.py:3722} INFO - Setting next_dagrun for example_external_task_marker_child to None, run_after=None
[2023-12-03T18:28:03.150+0000] {logging_mixin.py:154} INFO - [2023-12-03T18:28:03.149+0000] {dag.py:3722} INFO - Setting next_dagrun for example_external_task_marker_parent to None, run_after=None
[2023-12-03T18:28:03.181+0000] {processor.py:179} INFO - Processing /home/airflow/.local/lib/python3.8/site-packages/airflow/example_dags/example_external_task_marker_dag.py took 0.128 seconds
[2023-12-03T18:28:33.662+0000] {processor.py:157} INFO - Started process (PID=543) to work on /home/airflow/.local/lib/python3.8/site-packages/airflow/example_dags/example_external_task_marker_dag.py
[2023-12-03T18:28:33.664+0000] {processor.py:829} INFO - Processing file /home/airflow/.local/lib/python3.8/site-packages/airflow/example_dags/example_external_task_marker_dag.py for tasks to queue
[2023-12-03T18:28:33.668+0000] {logging_mixin.py:154} INFO - [2023-12-03T18:28:33.667+0000] {dagbag.py:536} INFO - Filling up the DagBag from /home/airflow/.local/lib/python3.8/site-packages/airflow/example_dags/example_external_task_marker_dag.py
[2023-12-03T18:28:33.677+0000] {processor.py:839} INFO - DAG(s) dict_keys(['example_external_task_marker_parent', 'example_external_task_marker_child']) retrieved from /home/airflow/.local/lib/python3.8/site-packages/airflow/example_dags/example_external_task_marker_dag.py
[2023-12-03T18:28:33.721+0000] {logging_mixin.py:154} INFO - [2023-12-03T18:28:33.720+0000] {dag.py:2941} INFO - Sync 2 DAGs
[2023-12-03T18:28:33.744+0000] {logging_mixin.py:154} INFO - [2023-12-03T18:28:33.744+0000] {dag.py:3722} INFO - Setting next_dagrun for example_external_task_marker_child to None, run_after=None
[2023-12-03T18:28:33.750+0000] {logging_mixin.py:154} INFO - [2023-12-03T18:28:33.750+0000] {dag.py:3722} INFO - Setting next_dagrun for example_external_task_marker_parent to None, run_after=None
[2023-12-03T18:28:33.781+0000] {processor.py:179} INFO - Processing /home/airflow/.local/lib/python3.8/site-packages/airflow/example_dags/example_external_task_marker_dag.py took 0.123 seconds
[2023-12-03T18:29:50.001+0000] {processor.py:157} INFO - Started process (PID=58) to work on /home/airflow/.local/lib/python3.8/site-packages/airflow/example_dags/example_external_task_marker_dag.py
[2023-12-03T18:29:50.003+0000] {processor.py:829} INFO - Processing file /home/airflow/.local/lib/python3.8/site-packages/airflow/example_dags/example_external_task_marker_dag.py for tasks to queue
[2023-12-03T18:29:50.007+0000] {logging_mixin.py:154} INFO - [2023-12-03T18:29:50.006+0000] {dagbag.py:536} INFO - Filling up the DagBag from /home/airflow/.local/lib/python3.8/site-packages/airflow/example_dags/example_external_task_marker_dag.py
[2023-12-03T18:29:50.015+0000] {processor.py:839} INFO - DAG(s) dict_keys(['example_external_task_marker_child', 'example_external_task_marker_parent']) retrieved from /home/airflow/.local/lib/python3.8/site-packages/airflow/example_dags/example_external_task_marker_dag.py
[2023-12-03T18:29:50.057+0000] {logging_mixin.py:154} INFO - [2023-12-03T18:29:50.057+0000] {dag.py:2941} INFO - Sync 2 DAGs
[2023-12-03T18:29:50.084+0000] {logging_mixin.py:154} INFO - [2023-12-03T18:29:50.084+0000] {dag.py:3722} INFO - Setting next_dagrun for example_external_task_marker_child to None, run_after=None
[2023-12-03T18:29:50.091+0000] {logging_mixin.py:154} INFO - [2023-12-03T18:29:50.091+0000] {dag.py:3722} INFO - Setting next_dagrun for example_external_task_marker_parent to None, run_after=None
[2023-12-03T18:29:50.129+0000] {processor.py:179} INFO - Processing /home/airflow/.local/lib/python3.8/site-packages/airflow/example_dags/example_external_task_marker_dag.py took 0.133 seconds
[2023-12-03T18:30:20.189+0000] {processor.py:157} INFO - Started process (PID=113) to work on /home/airflow/.local/lib/python3.8/site-packages/airflow/example_dags/example_external_task_marker_dag.py
[2023-12-03T18:30:20.190+0000] {processor.py:829} INFO - Processing file /home/airflow/.local/lib/python3.8/site-packages/airflow/example_dags/example_external_task_marker_dag.py for tasks to queue
[2023-12-03T18:30:20.193+0000] {logging_mixin.py:154} INFO - [2023-12-03T18:30:20.193+0000] {dagbag.py:536} INFO - Filling up the DagBag from /home/airflow/.local/lib/python3.8/site-packages/airflow/example_dags/example_external_task_marker_dag.py
[2023-12-03T18:30:20.202+0000] {processor.py:839} INFO - DAG(s) dict_keys(['example_external_task_marker_child', 'example_external_task_marker_parent']) retrieved from /home/airflow/.local/lib/python3.8/site-packages/airflow/example_dags/example_external_task_marker_dag.py
[2023-12-03T18:30:20.238+0000] {logging_mixin.py:154} INFO - [2023-12-03T18:30:20.237+0000] {dag.py:2941} INFO - Sync 2 DAGs
[2023-12-03T18:30:20.257+0000] {logging_mixin.py:154} INFO - [2023-12-03T18:30:20.256+0000] {dag.py:3722} INFO - Setting next_dagrun for example_external_task_marker_child to None, run_after=None
[2023-12-03T18:30:20.263+0000] {logging_mixin.py:154} INFO - [2023-12-03T18:30:20.262+0000] {dag.py:3722} INFO - Setting next_dagrun for example_external_task_marker_parent to None, run_after=None
[2023-12-03T18:30:20.289+0000] {processor.py:179} INFO - Processing /home/airflow/.local/lib/python3.8/site-packages/airflow/example_dags/example_external_task_marker_dag.py took 0.105 seconds
[2023-12-03T18:30:51.239+0000] {processor.py:157} INFO - Started process (PID=168) to work on /home/airflow/.local/lib/python3.8/site-packages/airflow/example_dags/example_external_task_marker_dag.py
[2023-12-03T18:30:51.241+0000] {processor.py:829} INFO - Processing file /home/airflow/.local/lib/python3.8/site-packages/airflow/example_dags/example_external_task_marker_dag.py for tasks to queue
[2023-12-03T18:30:51.246+0000] {logging_mixin.py:154} INFO - [2023-12-03T18:30:51.245+0000] {dagbag.py:536} INFO - Filling up the DagBag from /home/airflow/.local/lib/python3.8/site-packages/airflow/example_dags/example_external_task_marker_dag.py
[2023-12-03T18:30:51.256+0000] {processor.py:839} INFO - DAG(s) dict_keys(['example_external_task_marker_parent', 'example_external_task_marker_child']) retrieved from /home/airflow/.local/lib/python3.8/site-packages/airflow/example_dags/example_external_task_marker_dag.py
[2023-12-03T18:30:51.294+0000] {logging_mixin.py:154} INFO - [2023-12-03T18:30:51.294+0000] {dag.py:2941} INFO - Sync 2 DAGs
[2023-12-03T18:30:51.314+0000] {logging_mixin.py:154} INFO - [2023-12-03T18:30:51.314+0000] {dag.py:3722} INFO - Setting next_dagrun for example_external_task_marker_child to None, run_after=None
[2023-12-03T18:30:51.320+0000] {logging_mixin.py:154} INFO - [2023-12-03T18:30:51.320+0000] {dag.py:3722} INFO - Setting next_dagrun for example_external_task_marker_parent to None, run_after=None
[2023-12-03T18:30:51.513+0000] {processor.py:179} INFO - Processing /home/airflow/.local/lib/python3.8/site-packages/airflow/example_dags/example_external_task_marker_dag.py took 0.278 seconds
[2023-12-03T18:31:22.263+0000] {processor.py:157} INFO - Started process (PID=227) to work on /home/airflow/.local/lib/python3.8/site-packages/airflow/example_dags/example_external_task_marker_dag.py
[2023-12-03T18:31:22.264+0000] {processor.py:829} INFO - Processing file /home/airflow/.local/lib/python3.8/site-packages/airflow/example_dags/example_external_task_marker_dag.py for tasks to queue
[2023-12-03T18:31:22.268+0000] {logging_mixin.py:154} INFO - [2023-12-03T18:31:22.267+0000] {dagbag.py:536} INFO - Filling up the DagBag from /home/airflow/.local/lib/python3.8/site-packages/airflow/example_dags/example_external_task_marker_dag.py
[2023-12-03T18:31:22.280+0000] {processor.py:839} INFO - DAG(s) dict_keys(['example_external_task_marker_child', 'example_external_task_marker_parent']) retrieved from /home/airflow/.local/lib/python3.8/site-packages/airflow/example_dags/example_external_task_marker_dag.py
[2023-12-03T18:31:22.328+0000] {logging_mixin.py:154} INFO - [2023-12-03T18:31:22.327+0000] {dag.py:2941} INFO - Sync 2 DAGs
[2023-12-03T18:31:22.357+0000] {logging_mixin.py:154} INFO - [2023-12-03T18:31:22.356+0000] {dag.py:3722} INFO - Setting next_dagrun for example_external_task_marker_child to None, run_after=None
[2023-12-03T18:31:22.364+0000] {logging_mixin.py:154} INFO - [2023-12-03T18:31:22.364+0000] {dag.py:3722} INFO - Setting next_dagrun for example_external_task_marker_parent to None, run_after=None
[2023-12-03T18:31:22.621+0000] {processor.py:179} INFO - Processing /home/airflow/.local/lib/python3.8/site-packages/airflow/example_dags/example_external_task_marker_dag.py took 0.365 seconds
[2023-12-03T18:31:53.550+0000] {processor.py:157} INFO - Started process (PID=286) to work on /home/airflow/.local/lib/python3.8/site-packages/airflow/example_dags/example_external_task_marker_dag.py
[2023-12-03T18:31:53.552+0000] {processor.py:829} INFO - Processing file /home/airflow/.local/lib/python3.8/site-packages/airflow/example_dags/example_external_task_marker_dag.py for tasks to queue
[2023-12-03T18:31:53.557+0000] {logging_mixin.py:154} INFO - [2023-12-03T18:31:53.556+0000] {dagbag.py:536} INFO - Filling up the DagBag from /home/airflow/.local/lib/python3.8/site-packages/airflow/example_dags/example_external_task_marker_dag.py
[2023-12-03T18:31:53.566+0000] {processor.py:839} INFO - DAG(s) dict_keys(['example_external_task_marker_parent', 'example_external_task_marker_child']) retrieved from /home/airflow/.local/lib/python3.8/site-packages/airflow/example_dags/example_external_task_marker_dag.py
[2023-12-03T18:31:53.608+0000] {logging_mixin.py:154} INFO - [2023-12-03T18:31:53.607+0000] {dag.py:2941} INFO - Sync 2 DAGs
[2023-12-03T18:31:53.631+0000] {logging_mixin.py:154} INFO - [2023-12-03T18:31:53.631+0000] {dag.py:3722} INFO - Setting next_dagrun for example_external_task_marker_child to None, run_after=None
[2023-12-03T18:31:53.639+0000] {logging_mixin.py:154} INFO - [2023-12-03T18:31:53.638+0000] {dag.py:3722} INFO - Setting next_dagrun for example_external_task_marker_parent to None, run_after=None
[2023-12-03T18:31:53.849+0000] {processor.py:179} INFO - Processing /home/airflow/.local/lib/python3.8/site-packages/airflow/example_dags/example_external_task_marker_dag.py took 0.305 seconds
[2023-12-03T18:32:24.198+0000] {processor.py:157} INFO - Started process (PID=341) to work on /home/airflow/.local/lib/python3.8/site-packages/airflow/example_dags/example_external_task_marker_dag.py
[2023-12-03T18:32:24.200+0000] {processor.py:829} INFO - Processing file /home/airflow/.local/lib/python3.8/site-packages/airflow/example_dags/example_external_task_marker_dag.py for tasks to queue
[2023-12-03T18:32:24.204+0000] {logging_mixin.py:154} INFO - [2023-12-03T18:32:24.203+0000] {dagbag.py:536} INFO - Filling up the DagBag from /home/airflow/.local/lib/python3.8/site-packages/airflow/example_dags/example_external_task_marker_dag.py
[2023-12-03T18:32:24.214+0000] {processor.py:839} INFO - DAG(s) dict_keys(['example_external_task_marker_child', 'example_external_task_marker_parent']) retrieved from /home/airflow/.local/lib/python3.8/site-packages/airflow/example_dags/example_external_task_marker_dag.py
[2023-12-03T18:32:24.266+0000] {logging_mixin.py:154} INFO - [2023-12-03T18:32:24.266+0000] {dag.py:2941} INFO - Sync 2 DAGs
[2023-12-03T18:32:24.288+0000] {logging_mixin.py:154} INFO - [2023-12-03T18:32:24.287+0000] {dag.py:3722} INFO - Setting next_dagrun for example_external_task_marker_child to None, run_after=None
[2023-12-03T18:32:24.297+0000] {logging_mixin.py:154} INFO - [2023-12-03T18:32:24.296+0000] {dag.py:3722} INFO - Setting next_dagrun for example_external_task_marker_parent to None, run_after=None
[2023-12-03T18:32:24.510+0000] {processor.py:179} INFO - Processing /home/airflow/.local/lib/python3.8/site-packages/airflow/example_dags/example_external_task_marker_dag.py took 0.318 seconds
[2023-12-03T18:32:55.274+0000] {processor.py:157} INFO - Started process (PID=396) to work on /home/airflow/.local/lib/python3.8/site-packages/airflow/example_dags/example_external_task_marker_dag.py
[2023-12-03T18:32:55.276+0000] {processor.py:829} INFO - Processing file /home/airflow/.local/lib/python3.8/site-packages/airflow/example_dags/example_external_task_marker_dag.py for tasks to queue
[2023-12-03T18:32:55.283+0000] {logging_mixin.py:154} INFO - [2023-12-03T18:32:55.282+0000] {dagbag.py:536} INFO - Filling up the DagBag from /home/airflow/.local/lib/python3.8/site-packages/airflow/example_dags/example_external_task_marker_dag.py
[2023-12-03T18:32:55.302+0000] {processor.py:839} INFO - DAG(s) dict_keys(['example_external_task_marker_parent', 'example_external_task_marker_child']) retrieved from /home/airflow/.local/lib/python3.8/site-packages/airflow/example_dags/example_external_task_marker_dag.py
[2023-12-03T18:32:55.353+0000] {logging_mixin.py:154} INFO - [2023-12-03T18:32:55.353+0000] {dag.py:2941} INFO - Sync 2 DAGs
[2023-12-03T18:32:55.379+0000] {logging_mixin.py:154} INFO - [2023-12-03T18:32:55.378+0000] {dag.py:3722} INFO - Setting next_dagrun for example_external_task_marker_child to None, run_after=None
[2023-12-03T18:32:55.386+0000] {logging_mixin.py:154} INFO - [2023-12-03T18:32:55.386+0000] {dag.py:3722} INFO - Setting next_dagrun for example_external_task_marker_parent to None, run_after=None
[2023-12-03T18:32:55.570+0000] {processor.py:179} INFO - Processing /home/airflow/.local/lib/python3.8/site-packages/airflow/example_dags/example_external_task_marker_dag.py took 0.305 seconds
[2023-12-03T18:33:26.301+0000] {processor.py:157} INFO - Started process (PID=458) to work on /home/airflow/.local/lib/python3.8/site-packages/airflow/example_dags/example_external_task_marker_dag.py
[2023-12-03T18:33:26.303+0000] {processor.py:829} INFO - Processing file /home/airflow/.local/lib/python3.8/site-packages/airflow/example_dags/example_external_task_marker_dag.py for tasks to queue
[2023-12-03T18:33:26.307+0000] {logging_mixin.py:154} INFO - [2023-12-03T18:33:26.306+0000] {dagbag.py:536} INFO - Filling up the DagBag from /home/airflow/.local/lib/python3.8/site-packages/airflow/example_dags/example_external_task_marker_dag.py
[2023-12-03T18:33:26.316+0000] {processor.py:839} INFO - DAG(s) dict_keys(['example_external_task_marker_child', 'example_external_task_marker_parent']) retrieved from /home/airflow/.local/lib/python3.8/site-packages/airflow/example_dags/example_external_task_marker_dag.py
[2023-12-03T18:33:26.356+0000] {logging_mixin.py:154} INFO - [2023-12-03T18:33:26.356+0000] {dag.py:2941} INFO - Sync 2 DAGs
[2023-12-03T18:33:26.564+0000] {logging_mixin.py:154} INFO - [2023-12-03T18:33:26.563+0000] {dag.py:3722} INFO - Setting next_dagrun for example_external_task_marker_child to None, run_after=None
[2023-12-03T18:33:26.571+0000] {logging_mixin.py:154} INFO - [2023-12-03T18:33:26.570+0000] {dag.py:3722} INFO - Setting next_dagrun for example_external_task_marker_parent to None, run_after=None
[2023-12-03T18:33:26.610+0000] {processor.py:179} INFO - Processing /home/airflow/.local/lib/python3.8/site-packages/airflow/example_dags/example_external_task_marker_dag.py took 0.315 seconds
[2023-12-03T18:33:56.697+0000] {processor.py:157} INFO - Started process (PID=513) to work on /home/airflow/.local/lib/python3.8/site-packages/airflow/example_dags/example_external_task_marker_dag.py
[2023-12-03T18:33:56.698+0000] {processor.py:829} INFO - Processing file /home/airflow/.local/lib/python3.8/site-packages/airflow/example_dags/example_external_task_marker_dag.py for tasks to queue
[2023-12-03T18:33:56.701+0000] {logging_mixin.py:154} INFO - [2023-12-03T18:33:56.701+0000] {dagbag.py:536} INFO - Filling up the DagBag from /home/airflow/.local/lib/python3.8/site-packages/airflow/example_dags/example_external_task_marker_dag.py
[2023-12-03T18:33:56.714+0000] {processor.py:839} INFO - DAG(s) dict_keys(['example_external_task_marker_parent', 'example_external_task_marker_child']) retrieved from /home/airflow/.local/lib/python3.8/site-packages/airflow/example_dags/example_external_task_marker_dag.py
[2023-12-03T18:33:56.753+0000] {logging_mixin.py:154} INFO - [2023-12-03T18:33:56.753+0000] {dag.py:2941} INFO - Sync 2 DAGs
[2023-12-03T18:33:56.922+0000] {logging_mixin.py:154} INFO - [2023-12-03T18:33:56.922+0000] {dag.py:3722} INFO - Setting next_dagrun for example_external_task_marker_child to None, run_after=None
[2023-12-03T18:33:56.929+0000] {logging_mixin.py:154} INFO - [2023-12-03T18:33:56.929+0000] {dag.py:3722} INFO - Setting next_dagrun for example_external_task_marker_parent to None, run_after=None
[2023-12-03T18:33:56.973+0000] {processor.py:179} INFO - Processing /home/airflow/.local/lib/python3.8/site-packages/airflow/example_dags/example_external_task_marker_dag.py took 0.282 seconds
[2023-12-03T18:34:27.612+0000] {processor.py:157} INFO - Started process (PID=568) to work on /home/airflow/.local/lib/python3.8/site-packages/airflow/example_dags/example_external_task_marker_dag.py
[2023-12-03T18:34:27.614+0000] {processor.py:829} INFO - Processing file /home/airflow/.local/lib/python3.8/site-packages/airflow/example_dags/example_external_task_marker_dag.py for tasks to queue
[2023-12-03T18:34:27.618+0000] {logging_mixin.py:154} INFO - [2023-12-03T18:34:27.617+0000] {dagbag.py:536} INFO - Filling up the DagBag from /home/airflow/.local/lib/python3.8/site-packages/airflow/example_dags/example_external_task_marker_dag.py
[2023-12-03T18:34:27.627+0000] {processor.py:839} INFO - DAG(s) dict_keys(['example_external_task_marker_child', 'example_external_task_marker_parent']) retrieved from /home/airflow/.local/lib/python3.8/site-packages/airflow/example_dags/example_external_task_marker_dag.py
[2023-12-03T18:34:27.665+0000] {logging_mixin.py:154} INFO - [2023-12-03T18:34:27.665+0000] {dag.py:2941} INFO - Sync 2 DAGs
[2023-12-03T18:34:27.843+0000] {logging_mixin.py:154} INFO - [2023-12-03T18:34:27.843+0000] {dag.py:3722} INFO - Setting next_dagrun for example_external_task_marker_child to None, run_after=None
[2023-12-03T18:34:27.849+0000] {logging_mixin.py:154} INFO - [2023-12-03T18:34:27.849+0000] {dag.py:3722} INFO - Setting next_dagrun for example_external_task_marker_parent to None, run_after=None
[2023-12-03T18:34:27.883+0000] {processor.py:179} INFO - Processing /home/airflow/.local/lib/python3.8/site-packages/airflow/example_dags/example_external_task_marker_dag.py took 0.274 seconds
[2023-12-03T18:34:58.519+0000] {processor.py:157} INFO - Started process (PID=623) to work on /home/airflow/.local/lib/python3.8/site-packages/airflow/example_dags/example_external_task_marker_dag.py
[2023-12-03T18:34:58.520+0000] {processor.py:829} INFO - Processing file /home/airflow/.local/lib/python3.8/site-packages/airflow/example_dags/example_external_task_marker_dag.py for tasks to queue
[2023-12-03T18:34:58.524+0000] {logging_mixin.py:154} INFO - [2023-12-03T18:34:58.524+0000] {dagbag.py:536} INFO - Filling up the DagBag from /home/airflow/.local/lib/python3.8/site-packages/airflow/example_dags/example_external_task_marker_dag.py
[2023-12-03T18:34:58.534+0000] {processor.py:839} INFO - DAG(s) dict_keys(['example_external_task_marker_parent', 'example_external_task_marker_child']) retrieved from /home/airflow/.local/lib/python3.8/site-packages/airflow/example_dags/example_external_task_marker_dag.py
[2023-12-03T18:34:58.572+0000] {logging_mixin.py:154} INFO - [2023-12-03T18:34:58.572+0000] {dag.py:2941} INFO - Sync 2 DAGs
[2023-12-03T18:34:58.750+0000] {logging_mixin.py:154} INFO - [2023-12-03T18:34:58.750+0000] {dag.py:3722} INFO - Setting next_dagrun for example_external_task_marker_child to None, run_after=None
[2023-12-03T18:34:58.756+0000] {logging_mixin.py:154} INFO - [2023-12-03T18:34:58.756+0000] {dag.py:3722} INFO - Setting next_dagrun for example_external_task_marker_parent to None, run_after=None
[2023-12-03T18:34:58.780+0000] {processor.py:179} INFO - Processing /home/airflow/.local/lib/python3.8/site-packages/airflow/example_dags/example_external_task_marker_dag.py took 0.268 seconds
[2023-12-03T18:35:29.215+0000] {processor.py:157} INFO - Started process (PID=678) to work on /home/airflow/.local/lib/python3.8/site-packages/airflow/example_dags/example_external_task_marker_dag.py
[2023-12-03T18:35:29.217+0000] {processor.py:829} INFO - Processing file /home/airflow/.local/lib/python3.8/site-packages/airflow/example_dags/example_external_task_marker_dag.py for tasks to queue
[2023-12-03T18:35:29.220+0000] {logging_mixin.py:154} INFO - [2023-12-03T18:35:29.220+0000] {dagbag.py:536} INFO - Filling up the DagBag from /home/airflow/.local/lib/python3.8/site-packages/airflow/example_dags/example_external_task_marker_dag.py
[2023-12-03T18:35:29.231+0000] {processor.py:839} INFO - DAG(s) dict_keys(['example_external_task_marker_parent', 'example_external_task_marker_child']) retrieved from /home/airflow/.local/lib/python3.8/site-packages/airflow/example_dags/example_external_task_marker_dag.py
[2023-12-03T18:35:29.267+0000] {logging_mixin.py:154} INFO - [2023-12-03T18:35:29.267+0000] {dag.py:2941} INFO - Sync 2 DAGs
[2023-12-03T18:35:29.441+0000] {logging_mixin.py:154} INFO - [2023-12-03T18:35:29.441+0000] {dag.py:3722} INFO - Setting next_dagrun for example_external_task_marker_child to None, run_after=None
[2023-12-03T18:35:29.447+0000] {logging_mixin.py:154} INFO - [2023-12-03T18:35:29.447+0000] {dag.py:3722} INFO - Setting next_dagrun for example_external_task_marker_parent to None, run_after=None
[2023-12-03T18:35:29.477+0000] {processor.py:179} INFO - Processing /home/airflow/.local/lib/python3.8/site-packages/airflow/example_dags/example_external_task_marker_dag.py took 0.270 seconds
[2023-12-03T18:35:59.525+0000] {processor.py:157} INFO - Started process (PID=732) to work on /home/airflow/.local/lib/python3.8/site-packages/airflow/example_dags/example_external_task_marker_dag.py
[2023-12-03T18:35:59.527+0000] {processor.py:829} INFO - Processing file /home/airflow/.local/lib/python3.8/site-packages/airflow/example_dags/example_external_task_marker_dag.py for tasks to queue
[2023-12-03T18:35:59.532+0000] {logging_mixin.py:154} INFO - [2023-12-03T18:35:59.531+0000] {dagbag.py:536} INFO - Filling up the DagBag from /home/airflow/.local/lib/python3.8/site-packages/airflow/example_dags/example_external_task_marker_dag.py
[2023-12-03T18:35:59.542+0000] {processor.py:839} INFO - DAG(s) dict_keys(['example_external_task_marker_child', 'example_external_task_marker_parent']) retrieved from /home/airflow/.local/lib/python3.8/site-packages/airflow/example_dags/example_external_task_marker_dag.py
[2023-12-03T18:35:59.582+0000] {logging_mixin.py:154} INFO - [2023-12-03T18:35:59.582+0000] {dag.py:2941} INFO - Sync 2 DAGs
[2023-12-03T18:35:59.602+0000] {logging_mixin.py:154} INFO - [2023-12-03T18:35:59.602+0000] {dag.py:3722} INFO - Setting next_dagrun for example_external_task_marker_child to None, run_after=None
[2023-12-03T18:35:59.608+0000] {logging_mixin.py:154} INFO - [2023-12-03T18:35:59.608+0000] {dag.py:3722} INFO - Setting next_dagrun for example_external_task_marker_parent to None, run_after=None
[2023-12-03T18:35:59.640+0000] {processor.py:179} INFO - Processing /home/airflow/.local/lib/python3.8/site-packages/airflow/example_dags/example_external_task_marker_dag.py took 0.120 seconds
[2023-12-03T18:36:30.251+0000] {processor.py:157} INFO - Started process (PID=788) to work on /home/airflow/.local/lib/python3.8/site-packages/airflow/example_dags/example_external_task_marker_dag.py
[2023-12-03T18:36:30.253+0000] {processor.py:829} INFO - Processing file /home/airflow/.local/lib/python3.8/site-packages/airflow/example_dags/example_external_task_marker_dag.py for tasks to queue
[2023-12-03T18:36:30.259+0000] {logging_mixin.py:154} INFO - [2023-12-03T18:36:30.258+0000] {dagbag.py:536} INFO - Filling up the DagBag from /home/airflow/.local/lib/python3.8/site-packages/airflow/example_dags/example_external_task_marker_dag.py
[2023-12-03T18:36:30.270+0000] {processor.py:839} INFO - DAG(s) dict_keys(['example_external_task_marker_child', 'example_external_task_marker_parent']) retrieved from /home/airflow/.local/lib/python3.8/site-packages/airflow/example_dags/example_external_task_marker_dag.py
[2023-12-03T18:36:30.308+0000] {logging_mixin.py:154} INFO - [2023-12-03T18:36:30.308+0000] {dag.py:2941} INFO - Sync 2 DAGs
[2023-12-03T18:36:30.328+0000] {logging_mixin.py:154} INFO - [2023-12-03T18:36:30.328+0000] {dag.py:3722} INFO - Setting next_dagrun for example_external_task_marker_child to None, run_after=None
[2023-12-03T18:36:30.335+0000] {logging_mixin.py:154} INFO - [2023-12-03T18:36:30.335+0000] {dag.py:3722} INFO - Setting next_dagrun for example_external_task_marker_parent to None, run_after=None
[2023-12-03T18:36:30.365+0000] {processor.py:179} INFO - Processing /home/airflow/.local/lib/python3.8/site-packages/airflow/example_dags/example_external_task_marker_dag.py took 0.119 seconds
[2023-12-03T18:37:01.119+0000] {processor.py:157} INFO - Started process (PID=843) to work on /home/airflow/.local/lib/python3.8/site-packages/airflow/example_dags/example_external_task_marker_dag.py
[2023-12-03T18:37:01.121+0000] {processor.py:829} INFO - Processing file /home/airflow/.local/lib/python3.8/site-packages/airflow/example_dags/example_external_task_marker_dag.py for tasks to queue
[2023-12-03T18:37:01.125+0000] {logging_mixin.py:154} INFO - [2023-12-03T18:37:01.125+0000] {dagbag.py:536} INFO - Filling up the DagBag from /home/airflow/.local/lib/python3.8/site-packages/airflow/example_dags/example_external_task_marker_dag.py
[2023-12-03T18:37:01.137+0000] {processor.py:839} INFO - DAG(s) dict_keys(['example_external_task_marker_child', 'example_external_task_marker_parent']) retrieved from /home/airflow/.local/lib/python3.8/site-packages/airflow/example_dags/example_external_task_marker_dag.py
[2023-12-03T18:37:01.178+0000] {logging_mixin.py:154} INFO - [2023-12-03T18:37:01.178+0000] {dag.py:2941} INFO - Sync 2 DAGs
[2023-12-03T18:37:01.200+0000] {logging_mixin.py:154} INFO - [2023-12-03T18:37:01.200+0000] {dag.py:3722} INFO - Setting next_dagrun for example_external_task_marker_child to None, run_after=None
[2023-12-03T18:37:01.208+0000] {logging_mixin.py:154} INFO - [2023-12-03T18:37:01.208+0000] {dag.py:3722} INFO - Setting next_dagrun for example_external_task_marker_parent to None, run_after=None
[2023-12-03T18:37:01.253+0000] {processor.py:179} INFO - Processing /home/airflow/.local/lib/python3.8/site-packages/airflow/example_dags/example_external_task_marker_dag.py took 0.138 seconds
[2023-12-03T18:37:32.213+0000] {processor.py:157} INFO - Started process (PID=898) to work on /home/airflow/.local/lib/python3.8/site-packages/airflow/example_dags/example_external_task_marker_dag.py
[2023-12-03T18:37:32.216+0000] {processor.py:829} INFO - Processing file /home/airflow/.local/lib/python3.8/site-packages/airflow/example_dags/example_external_task_marker_dag.py for tasks to queue
[2023-12-03T18:37:32.225+0000] {logging_mixin.py:154} INFO - [2023-12-03T18:37:32.223+0000] {dagbag.py:536} INFO - Filling up the DagBag from /home/airflow/.local/lib/python3.8/site-packages/airflow/example_dags/example_external_task_marker_dag.py
[2023-12-03T18:37:32.248+0000] {processor.py:839} INFO - DAG(s) dict_keys(['example_external_task_marker_child', 'example_external_task_marker_parent']) retrieved from /home/airflow/.local/lib/python3.8/site-packages/airflow/example_dags/example_external_task_marker_dag.py
[2023-12-03T18:37:32.304+0000] {logging_mixin.py:154} INFO - [2023-12-03T18:37:32.303+0000] {dag.py:2941} INFO - Sync 2 DAGs
[2023-12-03T18:37:32.323+0000] {logging_mixin.py:154} INFO - [2023-12-03T18:37:32.323+0000] {dag.py:3722} INFO - Setting next_dagrun for example_external_task_marker_child to None, run_after=None
[2023-12-03T18:37:32.329+0000] {logging_mixin.py:154} INFO - [2023-12-03T18:37:32.328+0000] {dag.py:3722} INFO - Setting next_dagrun for example_external_task_marker_parent to None, run_after=None
[2023-12-03T18:37:32.361+0000] {processor.py:179} INFO - Processing /home/airflow/.local/lib/python3.8/site-packages/airflow/example_dags/example_external_task_marker_dag.py took 0.161 seconds
[2023-12-03T18:38:02.884+0000] {processor.py:157} INFO - Started process (PID=953) to work on /home/airflow/.local/lib/python3.8/site-packages/airflow/example_dags/example_external_task_marker_dag.py
[2023-12-03T18:38:02.885+0000] {processor.py:829} INFO - Processing file /home/airflow/.local/lib/python3.8/site-packages/airflow/example_dags/example_external_task_marker_dag.py for tasks to queue
[2023-12-03T18:38:02.891+0000] {logging_mixin.py:154} INFO - [2023-12-03T18:38:02.890+0000] {dagbag.py:536} INFO - Filling up the DagBag from /home/airflow/.local/lib/python3.8/site-packages/airflow/example_dags/example_external_task_marker_dag.py
[2023-12-03T18:38:02.900+0000] {processor.py:839} INFO - DAG(s) dict_keys(['example_external_task_marker_child', 'example_external_task_marker_parent']) retrieved from /home/airflow/.local/lib/python3.8/site-packages/airflow/example_dags/example_external_task_marker_dag.py
[2023-12-03T18:38:02.942+0000] {logging_mixin.py:154} INFO - [2023-12-03T18:38:02.942+0000] {dag.py:2941} INFO - Sync 2 DAGs
[2023-12-03T18:38:02.962+0000] {logging_mixin.py:154} INFO - [2023-12-03T18:38:02.962+0000] {dag.py:3722} INFO - Setting next_dagrun for example_external_task_marker_child to None, run_after=None
[2023-12-03T18:38:02.968+0000] {logging_mixin.py:154} INFO - [2023-12-03T18:38:02.968+0000] {dag.py:3722} INFO - Setting next_dagrun for example_external_task_marker_parent to None, run_after=None
[2023-12-03T18:38:03.000+0000] {processor.py:179} INFO - Processing /home/airflow/.local/lib/python3.8/site-packages/airflow/example_dags/example_external_task_marker_dag.py took 0.122 seconds
[2023-12-03T18:38:33.301+0000] {processor.py:157} INFO - Started process (PID=1008) to work on /home/airflow/.local/lib/python3.8/site-packages/airflow/example_dags/example_external_task_marker_dag.py
[2023-12-03T18:38:33.304+0000] {processor.py:829} INFO - Processing file /home/airflow/.local/lib/python3.8/site-packages/airflow/example_dags/example_external_task_marker_dag.py for tasks to queue
[2023-12-03T18:38:33.311+0000] {logging_mixin.py:154} INFO - [2023-12-03T18:38:33.310+0000] {dagbag.py:536} INFO - Filling up the DagBag from /home/airflow/.local/lib/python3.8/site-packages/airflow/example_dags/example_external_task_marker_dag.py
[2023-12-03T18:38:33.329+0000] {processor.py:839} INFO - DAG(s) dict_keys(['example_external_task_marker_child', 'example_external_task_marker_parent']) retrieved from /home/airflow/.local/lib/python3.8/site-packages/airflow/example_dags/example_external_task_marker_dag.py
[2023-12-03T18:38:33.394+0000] {logging_mixin.py:154} INFO - [2023-12-03T18:38:33.394+0000] {dag.py:2941} INFO - Sync 2 DAGs
[2023-12-03T18:38:33.420+0000] {logging_mixin.py:154} INFO - [2023-12-03T18:38:33.420+0000] {dag.py:3722} INFO - Setting next_dagrun for example_external_task_marker_child to None, run_after=None
[2023-12-03T18:38:33.427+0000] {logging_mixin.py:154} INFO - [2023-12-03T18:38:33.427+0000] {dag.py:3722} INFO - Setting next_dagrun for example_external_task_marker_parent to None, run_after=None
[2023-12-03T18:38:33.457+0000] {processor.py:179} INFO - Processing /home/airflow/.local/lib/python3.8/site-packages/airflow/example_dags/example_external_task_marker_dag.py took 0.167 seconds
[2023-12-03T18:39:04.142+0000] {processor.py:157} INFO - Started process (PID=1063) to work on /home/airflow/.local/lib/python3.8/site-packages/airflow/example_dags/example_external_task_marker_dag.py
[2023-12-03T18:39:04.144+0000] {processor.py:829} INFO - Processing file /home/airflow/.local/lib/python3.8/site-packages/airflow/example_dags/example_external_task_marker_dag.py for tasks to queue
[2023-12-03T18:39:04.152+0000] {logging_mixin.py:154} INFO - [2023-12-03T18:39:04.151+0000] {dagbag.py:536} INFO - Filling up the DagBag from /home/airflow/.local/lib/python3.8/site-packages/airflow/example_dags/example_external_task_marker_dag.py
[2023-12-03T18:39:04.174+0000] {processor.py:839} INFO - DAG(s) dict_keys(['example_external_task_marker_child', 'example_external_task_marker_parent']) retrieved from /home/airflow/.local/lib/python3.8/site-packages/airflow/example_dags/example_external_task_marker_dag.py
[2023-12-03T18:39:04.254+0000] {logging_mixin.py:154} INFO - [2023-12-03T18:39:04.253+0000] {dag.py:2941} INFO - Sync 2 DAGs
[2023-12-03T18:39:04.286+0000] {logging_mixin.py:154} INFO - [2023-12-03T18:39:04.286+0000] {dag.py:3722} INFO - Setting next_dagrun for example_external_task_marker_child to None, run_after=None
[2023-12-03T18:39:04.292+0000] {logging_mixin.py:154} INFO - [2023-12-03T18:39:04.292+0000] {dag.py:3722} INFO - Setting next_dagrun for example_external_task_marker_parent to None, run_after=None
[2023-12-03T18:39:04.315+0000] {processor.py:179} INFO - Processing /home/airflow/.local/lib/python3.8/site-packages/airflow/example_dags/example_external_task_marker_dag.py took 0.183 seconds
[2023-12-03T18:39:34.446+0000] {processor.py:157} INFO - Started process (PID=1118) to work on /home/airflow/.local/lib/python3.8/site-packages/airflow/example_dags/example_external_task_marker_dag.py
[2023-12-03T18:39:34.448+0000] {processor.py:829} INFO - Processing file /home/airflow/.local/lib/python3.8/site-packages/airflow/example_dags/example_external_task_marker_dag.py for tasks to queue
[2023-12-03T18:39:34.455+0000] {logging_mixin.py:154} INFO - [2023-12-03T18:39:34.454+0000] {dagbag.py:536} INFO - Filling up the DagBag from /home/airflow/.local/lib/python3.8/site-packages/airflow/example_dags/example_external_task_marker_dag.py
[2023-12-03T18:39:34.470+0000] {processor.py:839} INFO - DAG(s) dict_keys(['example_external_task_marker_child', 'example_external_task_marker_parent']) retrieved from /home/airflow/.local/lib/python3.8/site-packages/airflow/example_dags/example_external_task_marker_dag.py
[2023-12-03T18:39:34.526+0000] {logging_mixin.py:154} INFO - [2023-12-03T18:39:34.525+0000] {dag.py:2941} INFO - Sync 2 DAGs
[2023-12-03T18:39:34.546+0000] {logging_mixin.py:154} INFO - [2023-12-03T18:39:34.546+0000] {dag.py:3722} INFO - Setting next_dagrun for example_external_task_marker_child to None, run_after=None
[2023-12-03T18:39:34.552+0000] {logging_mixin.py:154} INFO - [2023-12-03T18:39:34.552+0000] {dag.py:3722} INFO - Setting next_dagrun for example_external_task_marker_parent to None, run_after=None
[2023-12-03T18:39:34.578+0000] {processor.py:179} INFO - Processing /home/airflow/.local/lib/python3.8/site-packages/airflow/example_dags/example_external_task_marker_dag.py took 0.141 seconds
[2023-12-03T18:40:05.012+0000] {processor.py:157} INFO - Started process (PID=1173) to work on /home/airflow/.local/lib/python3.8/site-packages/airflow/example_dags/example_external_task_marker_dag.py
[2023-12-03T18:40:05.013+0000] {processor.py:829} INFO - Processing file /home/airflow/.local/lib/python3.8/site-packages/airflow/example_dags/example_external_task_marker_dag.py for tasks to queue
[2023-12-03T18:40:05.018+0000] {logging_mixin.py:154} INFO - [2023-12-03T18:40:05.018+0000] {dagbag.py:536} INFO - Filling up the DagBag from /home/airflow/.local/lib/python3.8/site-packages/airflow/example_dags/example_external_task_marker_dag.py
[2023-12-03T18:40:05.030+0000] {processor.py:839} INFO - DAG(s) dict_keys(['example_external_task_marker_parent', 'example_external_task_marker_child']) retrieved from /home/airflow/.local/lib/python3.8/site-packages/airflow/example_dags/example_external_task_marker_dag.py
[2023-12-03T18:40:05.075+0000] {logging_mixin.py:154} INFO - [2023-12-03T18:40:05.075+0000] {dag.py:2941} INFO - Sync 2 DAGs
[2023-12-03T18:40:05.102+0000] {logging_mixin.py:154} INFO - [2023-12-03T18:40:05.101+0000] {dag.py:3722} INFO - Setting next_dagrun for example_external_task_marker_child to None, run_after=None
[2023-12-03T18:40:05.110+0000] {logging_mixin.py:154} INFO - [2023-12-03T18:40:05.110+0000] {dag.py:3722} INFO - Setting next_dagrun for example_external_task_marker_parent to None, run_after=None
[2023-12-03T18:40:05.148+0000] {processor.py:179} INFO - Processing /home/airflow/.local/lib/python3.8/site-packages/airflow/example_dags/example_external_task_marker_dag.py took 0.140 seconds
[2023-12-03T18:41:32.292+0000] {processor.py:157} INFO - Started process (PID=58) to work on /home/airflow/.local/lib/python3.8/site-packages/airflow/example_dags/example_external_task_marker_dag.py
[2023-12-03T18:41:32.294+0000] {processor.py:829} INFO - Processing file /home/airflow/.local/lib/python3.8/site-packages/airflow/example_dags/example_external_task_marker_dag.py for tasks to queue
[2023-12-03T18:41:32.298+0000] {logging_mixin.py:154} INFO - [2023-12-03T18:41:32.298+0000] {dagbag.py:536} INFO - Filling up the DagBag from /home/airflow/.local/lib/python3.8/site-packages/airflow/example_dags/example_external_task_marker_dag.py
[2023-12-03T18:41:32.310+0000] {processor.py:839} INFO - DAG(s) dict_keys(['example_external_task_marker_child', 'example_external_task_marker_parent']) retrieved from /home/airflow/.local/lib/python3.8/site-packages/airflow/example_dags/example_external_task_marker_dag.py
[2023-12-03T18:41:32.335+0000] {logging_mixin.py:154} INFO - [2023-12-03T18:41:32.335+0000] {dag.py:2941} INFO - Sync 2 DAGs
[2023-12-03T18:41:32.373+0000] {logging_mixin.py:154} INFO - [2023-12-03T18:41:32.373+0000] {dag.py:3722} INFO - Setting next_dagrun for example_external_task_marker_child to None, run_after=None
[2023-12-03T18:41:32.381+0000] {logging_mixin.py:154} INFO - [2023-12-03T18:41:32.381+0000] {dag.py:3722} INFO - Setting next_dagrun for example_external_task_marker_parent to None, run_after=None
[2023-12-03T18:41:32.413+0000] {processor.py:179} INFO - Processing /home/airflow/.local/lib/python3.8/site-packages/airflow/example_dags/example_external_task_marker_dag.py took 0.127 seconds
[2023-12-03T18:41:57.430+0000] {processor.py:157} INFO - Started process (PID=57) to work on /home/airflow/.local/lib/python3.8/site-packages/airflow/example_dags/example_external_task_marker_dag.py
[2023-12-03T18:41:57.431+0000] {processor.py:829} INFO - Processing file /home/airflow/.local/lib/python3.8/site-packages/airflow/example_dags/example_external_task_marker_dag.py for tasks to queue
[2023-12-03T18:41:57.436+0000] {logging_mixin.py:154} INFO - [2023-12-03T18:41:57.435+0000] {dagbag.py:536} INFO - Filling up the DagBag from /home/airflow/.local/lib/python3.8/site-packages/airflow/example_dags/example_external_task_marker_dag.py
[2023-12-03T18:41:57.443+0000] {processor.py:839} INFO - DAG(s) dict_keys(['example_external_task_marker_child', 'example_external_task_marker_parent']) retrieved from /home/airflow/.local/lib/python3.8/site-packages/airflow/example_dags/example_external_task_marker_dag.py
[2023-12-03T18:41:57.486+0000] {logging_mixin.py:154} INFO - [2023-12-03T18:41:57.485+0000] {dag.py:2941} INFO - Sync 2 DAGs
[2023-12-03T18:41:57.510+0000] {logging_mixin.py:154} INFO - [2023-12-03T18:41:57.509+0000] {dag.py:3722} INFO - Setting next_dagrun for example_external_task_marker_child to None, run_after=None
[2023-12-03T18:41:57.517+0000] {logging_mixin.py:154} INFO - [2023-12-03T18:41:57.517+0000] {dag.py:3722} INFO - Setting next_dagrun for example_external_task_marker_parent to None, run_after=None
[2023-12-03T18:41:57.549+0000] {processor.py:179} INFO - Processing /home/airflow/.local/lib/python3.8/site-packages/airflow/example_dags/example_external_task_marker_dag.py took 0.124 seconds
[2023-12-03T18:42:27.871+0000] {processor.py:157} INFO - Started process (PID=112) to work on /home/airflow/.local/lib/python3.8/site-packages/airflow/example_dags/example_external_task_marker_dag.py
[2023-12-03T18:42:27.872+0000] {processor.py:829} INFO - Processing file /home/airflow/.local/lib/python3.8/site-packages/airflow/example_dags/example_external_task_marker_dag.py for tasks to queue
[2023-12-03T18:42:27.876+0000] {logging_mixin.py:154} INFO - [2023-12-03T18:42:27.876+0000] {dagbag.py:536} INFO - Filling up the DagBag from /home/airflow/.local/lib/python3.8/site-packages/airflow/example_dags/example_external_task_marker_dag.py
[2023-12-03T18:42:27.886+0000] {processor.py:839} INFO - DAG(s) dict_keys(['example_external_task_marker_child', 'example_external_task_marker_parent']) retrieved from /home/airflow/.local/lib/python3.8/site-packages/airflow/example_dags/example_external_task_marker_dag.py
[2023-12-03T18:42:27.926+0000] {logging_mixin.py:154} INFO - [2023-12-03T18:42:27.925+0000] {dag.py:2941} INFO - Sync 2 DAGs
[2023-12-03T18:42:27.949+0000] {logging_mixin.py:154} INFO - [2023-12-03T18:42:27.949+0000] {dag.py:3722} INFO - Setting next_dagrun for example_external_task_marker_child to None, run_after=None
[2023-12-03T18:42:27.955+0000] {logging_mixin.py:154} INFO - [2023-12-03T18:42:27.955+0000] {dag.py:3722} INFO - Setting next_dagrun for example_external_task_marker_parent to None, run_after=None
[2023-12-03T18:42:27.986+0000] {processor.py:179} INFO - Processing /home/airflow/.local/lib/python3.8/site-packages/airflow/example_dags/example_external_task_marker_dag.py took 0.121 seconds
[2023-12-03T18:42:59.108+0000] {processor.py:157} INFO - Started process (PID=168) to work on /home/airflow/.local/lib/python3.8/site-packages/airflow/example_dags/example_external_task_marker_dag.py
[2023-12-03T18:42:59.109+0000] {processor.py:829} INFO - Processing file /home/airflow/.local/lib/python3.8/site-packages/airflow/example_dags/example_external_task_marker_dag.py for tasks to queue
[2023-12-03T18:42:59.113+0000] {logging_mixin.py:154} INFO - [2023-12-03T18:42:59.112+0000] {dagbag.py:536} INFO - Filling up the DagBag from /home/airflow/.local/lib/python3.8/site-packages/airflow/example_dags/example_external_task_marker_dag.py
[2023-12-03T18:42:59.122+0000] {processor.py:839} INFO - DAG(s) dict_keys(['example_external_task_marker_parent', 'example_external_task_marker_child']) retrieved from /home/airflow/.local/lib/python3.8/site-packages/airflow/example_dags/example_external_task_marker_dag.py
[2023-12-03T18:42:59.162+0000] {logging_mixin.py:154} INFO - [2023-12-03T18:42:59.162+0000] {dag.py:2941} INFO - Sync 2 DAGs
[2023-12-03T18:42:59.182+0000] {logging_mixin.py:154} INFO - [2023-12-03T18:42:59.182+0000] {dag.py:3722} INFO - Setting next_dagrun for example_external_task_marker_child to None, run_after=None
[2023-12-03T18:42:59.189+0000] {logging_mixin.py:154} INFO - [2023-12-03T18:42:59.189+0000] {dag.py:3722} INFO - Setting next_dagrun for example_external_task_marker_parent to None, run_after=None
[2023-12-03T18:42:59.223+0000] {processor.py:179} INFO - Processing /home/airflow/.local/lib/python3.8/site-packages/airflow/example_dags/example_external_task_marker_dag.py took 0.124 seconds
[2023-12-03T18:43:29.908+0000] {processor.py:157} INFO - Started process (PID=223) to work on /home/airflow/.local/lib/python3.8/site-packages/airflow/example_dags/example_external_task_marker_dag.py
[2023-12-03T18:43:29.909+0000] {processor.py:829} INFO - Processing file /home/airflow/.local/lib/python3.8/site-packages/airflow/example_dags/example_external_task_marker_dag.py for tasks to queue
[2023-12-03T18:43:29.913+0000] {logging_mixin.py:154} INFO - [2023-12-03T18:43:29.912+0000] {dagbag.py:536} INFO - Filling up the DagBag from /home/airflow/.local/lib/python3.8/site-packages/airflow/example_dags/example_external_task_marker_dag.py
[2023-12-03T18:43:29.923+0000] {processor.py:839} INFO - DAG(s) dict_keys(['example_external_task_marker_child', 'example_external_task_marker_parent']) retrieved from /home/airflow/.local/lib/python3.8/site-packages/airflow/example_dags/example_external_task_marker_dag.py
[2023-12-03T18:43:29.960+0000] {logging_mixin.py:154} INFO - [2023-12-03T18:43:29.960+0000] {dag.py:2941} INFO - Sync 2 DAGs
[2023-12-03T18:43:29.986+0000] {logging_mixin.py:154} INFO - [2023-12-03T18:43:29.986+0000] {dag.py:3722} INFO - Setting next_dagrun for example_external_task_marker_child to None, run_after=None
[2023-12-03T18:43:29.995+0000] {logging_mixin.py:154} INFO - [2023-12-03T18:43:29.994+0000] {dag.py:3722} INFO - Setting next_dagrun for example_external_task_marker_parent to None, run_after=None
[2023-12-03T18:43:30.028+0000] {processor.py:179} INFO - Processing /home/airflow/.local/lib/python3.8/site-packages/airflow/example_dags/example_external_task_marker_dag.py took 0.125 seconds
[2023-12-03T18:44:00.675+0000] {processor.py:157} INFO - Started process (PID=278) to work on /home/airflow/.local/lib/python3.8/site-packages/airflow/example_dags/example_external_task_marker_dag.py
[2023-12-03T18:44:00.677+0000] {processor.py:829} INFO - Processing file /home/airflow/.local/lib/python3.8/site-packages/airflow/example_dags/example_external_task_marker_dag.py for tasks to queue
[2023-12-03T18:44:00.680+0000] {logging_mixin.py:154} INFO - [2023-12-03T18:44:00.680+0000] {dagbag.py:536} INFO - Filling up the DagBag from /home/airflow/.local/lib/python3.8/site-packages/airflow/example_dags/example_external_task_marker_dag.py
[2023-12-03T18:44:00.689+0000] {processor.py:839} INFO - DAG(s) dict_keys(['example_external_task_marker_child', 'example_external_task_marker_parent']) retrieved from /home/airflow/.local/lib/python3.8/site-packages/airflow/example_dags/example_external_task_marker_dag.py
[2023-12-03T18:44:00.728+0000] {logging_mixin.py:154} INFO - [2023-12-03T18:44:00.728+0000] {dag.py:2941} INFO - Sync 2 DAGs
[2023-12-03T18:44:00.749+0000] {logging_mixin.py:154} INFO - [2023-12-03T18:44:00.749+0000] {dag.py:3722} INFO - Setting next_dagrun for example_external_task_marker_child to None, run_after=None
[2023-12-03T18:44:00.757+0000] {logging_mixin.py:154} INFO - [2023-12-03T18:44:00.757+0000] {dag.py:3722} INFO - Setting next_dagrun for example_external_task_marker_parent to None, run_after=None
[2023-12-03T18:44:00.786+0000] {processor.py:179} INFO - Processing /home/airflow/.local/lib/python3.8/site-packages/airflow/example_dags/example_external_task_marker_dag.py took 0.116 seconds
[2023-12-03T18:44:31.357+0000] {processor.py:157} INFO - Started process (PID=333) to work on /home/airflow/.local/lib/python3.8/site-packages/airflow/example_dags/example_external_task_marker_dag.py
[2023-12-03T18:44:31.359+0000] {processor.py:829} INFO - Processing file /home/airflow/.local/lib/python3.8/site-packages/airflow/example_dags/example_external_task_marker_dag.py for tasks to queue
[2023-12-03T18:44:31.365+0000] {logging_mixin.py:154} INFO - [2023-12-03T18:44:31.364+0000] {dagbag.py:536} INFO - Filling up the DagBag from /home/airflow/.local/lib/python3.8/site-packages/airflow/example_dags/example_external_task_marker_dag.py
[2023-12-03T18:44:31.376+0000] {processor.py:839} INFO - DAG(s) dict_keys(['example_external_task_marker_child', 'example_external_task_marker_parent']) retrieved from /home/airflow/.local/lib/python3.8/site-packages/airflow/example_dags/example_external_task_marker_dag.py
[2023-12-03T18:44:31.416+0000] {logging_mixin.py:154} INFO - [2023-12-03T18:44:31.416+0000] {dag.py:2941} INFO - Sync 2 DAGs
[2023-12-03T18:44:31.441+0000] {logging_mixin.py:154} INFO - [2023-12-03T18:44:31.441+0000] {dag.py:3722} INFO - Setting next_dagrun for example_external_task_marker_child to None, run_after=None
[2023-12-03T18:44:31.448+0000] {logging_mixin.py:154} INFO - [2023-12-03T18:44:31.448+0000] {dag.py:3722} INFO - Setting next_dagrun for example_external_task_marker_parent to None, run_after=None
[2023-12-03T18:44:31.480+0000] {processor.py:179} INFO - Processing /home/airflow/.local/lib/python3.8/site-packages/airflow/example_dags/example_external_task_marker_dag.py took 0.127 seconds
[2023-12-03T18:48:28.723+0000] {processor.py:157} INFO - Started process (PID=61) to work on /home/airflow/.local/lib/python3.8/site-packages/airflow/example_dags/example_external_task_marker_dag.py
[2023-12-03T18:48:28.724+0000] {processor.py:829} INFO - Processing file /home/airflow/.local/lib/python3.8/site-packages/airflow/example_dags/example_external_task_marker_dag.py for tasks to queue
[2023-12-03T18:48:28.729+0000] {logging_mixin.py:154} INFO - [2023-12-03T18:48:28.728+0000] {dagbag.py:536} INFO - Filling up the DagBag from /home/airflow/.local/lib/python3.8/site-packages/airflow/example_dags/example_external_task_marker_dag.py
[2023-12-03T18:48:28.740+0000] {processor.py:839} INFO - DAG(s) dict_keys(['example_external_task_marker_parent', 'example_external_task_marker_child']) retrieved from /home/airflow/.local/lib/python3.8/site-packages/airflow/example_dags/example_external_task_marker_dag.py
[2023-12-03T18:48:28.768+0000] {logging_mixin.py:154} INFO - [2023-12-03T18:48:28.767+0000] {dag.py:2941} INFO - Sync 2 DAGs
[2023-12-03T18:48:28.797+0000] {logging_mixin.py:154} INFO - [2023-12-03T18:48:28.796+0000] {dag.py:3722} INFO - Setting next_dagrun for example_external_task_marker_child to None, run_after=None
[2023-12-03T18:48:28.805+0000] {logging_mixin.py:154} INFO - [2023-12-03T18:48:28.804+0000] {dag.py:3722} INFO - Setting next_dagrun for example_external_task_marker_parent to None, run_after=None
[2023-12-03T18:48:28.843+0000] {processor.py:179} INFO - Processing /home/airflow/.local/lib/python3.8/site-packages/airflow/example_dags/example_external_task_marker_dag.py took 0.124 seconds
[2023-12-03T18:48:59.754+0000] {processor.py:157} INFO - Started process (PID=116) to work on /home/airflow/.local/lib/python3.8/site-packages/airflow/example_dags/example_external_task_marker_dag.py
[2023-12-03T18:48:59.755+0000] {processor.py:829} INFO - Processing file /home/airflow/.local/lib/python3.8/site-packages/airflow/example_dags/example_external_task_marker_dag.py for tasks to queue
[2023-12-03T18:48:59.759+0000] {logging_mixin.py:154} INFO - [2023-12-03T18:48:59.758+0000] {dagbag.py:536} INFO - Filling up the DagBag from /home/airflow/.local/lib/python3.8/site-packages/airflow/example_dags/example_external_task_marker_dag.py
[2023-12-03T18:48:59.775+0000] {processor.py:839} INFO - DAG(s) dict_keys(['example_external_task_marker_parent', 'example_external_task_marker_child']) retrieved from /home/airflow/.local/lib/python3.8/site-packages/airflow/example_dags/example_external_task_marker_dag.py
[2023-12-03T18:48:59.824+0000] {logging_mixin.py:154} INFO - [2023-12-03T18:48:59.824+0000] {dag.py:2941} INFO - Sync 2 DAGs
[2023-12-03T18:48:59.851+0000] {logging_mixin.py:154} INFO - [2023-12-03T18:48:59.851+0000] {dag.py:3722} INFO - Setting next_dagrun for example_external_task_marker_child to None, run_after=None
[2023-12-03T18:48:59.860+0000] {logging_mixin.py:154} INFO - [2023-12-03T18:48:59.859+0000] {dag.py:3722} INFO - Setting next_dagrun for example_external_task_marker_parent to None, run_after=None
[2023-12-03T18:48:59.892+0000] {processor.py:179} INFO - Processing /home/airflow/.local/lib/python3.8/site-packages/airflow/example_dags/example_external_task_marker_dag.py took 0.143 seconds
[2023-12-03T18:49:30.057+0000] {processor.py:157} INFO - Started process (PID=171) to work on /home/airflow/.local/lib/python3.8/site-packages/airflow/example_dags/example_external_task_marker_dag.py
[2023-12-03T18:49:30.058+0000] {processor.py:829} INFO - Processing file /home/airflow/.local/lib/python3.8/site-packages/airflow/example_dags/example_external_task_marker_dag.py for tasks to queue
[2023-12-03T18:49:30.062+0000] {logging_mixin.py:154} INFO - [2023-12-03T18:49:30.061+0000] {dagbag.py:536} INFO - Filling up the DagBag from /home/airflow/.local/lib/python3.8/site-packages/airflow/example_dags/example_external_task_marker_dag.py
[2023-12-03T18:49:30.072+0000] {processor.py:839} INFO - DAG(s) dict_keys(['example_external_task_marker_child', 'example_external_task_marker_parent']) retrieved from /home/airflow/.local/lib/python3.8/site-packages/airflow/example_dags/example_external_task_marker_dag.py
[2023-12-03T18:49:30.116+0000] {logging_mixin.py:154} INFO - [2023-12-03T18:49:30.116+0000] {dag.py:2941} INFO - Sync 2 DAGs
[2023-12-03T18:49:30.138+0000] {logging_mixin.py:154} INFO - [2023-12-03T18:49:30.137+0000] {dag.py:3722} INFO - Setting next_dagrun for example_external_task_marker_child to None, run_after=None
[2023-12-03T18:49:30.147+0000] {logging_mixin.py:154} INFO - [2023-12-03T18:49:30.146+0000] {dag.py:3722} INFO - Setting next_dagrun for example_external_task_marker_parent to None, run_after=None
[2023-12-03T18:49:30.208+0000] {processor.py:179} INFO - Processing /home/airflow/.local/lib/python3.8/site-packages/airflow/example_dags/example_external_task_marker_dag.py took 0.156 seconds
