[2023-12-03T18:18:47.883+0000] {processor.py:157} INFO - Started process (PID=56) to work on /home/airflow/.local/lib/python3.8/site-packages/airflow/example_dags/example_branch_labels.py
[2023-12-03T18:18:47.885+0000] {processor.py:829} INFO - Processing file /home/airflow/.local/lib/python3.8/site-packages/airflow/example_dags/example_branch_labels.py for tasks to queue
[2023-12-03T18:18:47.889+0000] {logging_mixin.py:154} INFO - [2023-12-03T18:18:47.889+0000] {dagbag.py:536} INFO - Filling up the DagBag from /home/airflow/.local/lib/python3.8/site-packages/airflow/example_dags/example_branch_labels.py
[2023-12-03T18:18:47.906+0000] {processor.py:839} INFO - DAG(s) dict_keys(['example_branch_labels']) retrieved from /home/airflow/.local/lib/python3.8/site-packages/airflow/example_dags/example_branch_labels.py
[2023-12-03T18:18:47.951+0000] {logging_mixin.py:154} INFO - [2023-12-03T18:18:47.950+0000] {dag.py:2941} INFO - Sync 1 DAGs
[2023-12-03T18:18:47.996+0000] {logging_mixin.py:154} INFO - [2023-12-03T18:18:47.996+0000] {dag.py:3722} INFO - Setting next_dagrun for example_branch_labels to 2023-12-02T00:00:00+00:00, run_after=2023-12-03T00:00:00+00:00
[2023-12-03T18:18:48.043+0000] {processor.py:179} INFO - Processing /home/airflow/.local/lib/python3.8/site-packages/airflow/example_dags/example_branch_labels.py took 0.165 seconds
[2023-12-03T18:19:18.972+0000] {processor.py:157} INFO - Started process (PID=110) to work on /home/airflow/.local/lib/python3.8/site-packages/airflow/example_dags/example_branch_labels.py
[2023-12-03T18:19:18.974+0000] {processor.py:829} INFO - Processing file /home/airflow/.local/lib/python3.8/site-packages/airflow/example_dags/example_branch_labels.py for tasks to queue
[2023-12-03T18:19:18.980+0000] {logging_mixin.py:154} INFO - [2023-12-03T18:19:18.979+0000] {dagbag.py:536} INFO - Filling up the DagBag from /home/airflow/.local/lib/python3.8/site-packages/airflow/example_dags/example_branch_labels.py
[2023-12-03T18:19:19.005+0000] {processor.py:839} INFO - DAG(s) dict_keys(['example_branch_labels']) retrieved from /home/airflow/.local/lib/python3.8/site-packages/airflow/example_dags/example_branch_labels.py
[2023-12-03T18:19:19.096+0000] {logging_mixin.py:154} INFO - [2023-12-03T18:19:19.095+0000] {dag.py:2941} INFO - Sync 1 DAGs
[2023-12-03T18:19:19.143+0000] {logging_mixin.py:154} INFO - [2023-12-03T18:19:19.143+0000] {dag.py:3722} INFO - Setting next_dagrun for example_branch_labels to 2023-12-02T00:00:00+00:00, run_after=2023-12-03T00:00:00+00:00
[2023-12-03T18:19:19.189+0000] {processor.py:179} INFO - Processing /home/airflow/.local/lib/python3.8/site-packages/airflow/example_dags/example_branch_labels.py took 0.223 seconds
[2023-12-03T18:19:49.916+0000] {processor.py:157} INFO - Started process (PID=164) to work on /home/airflow/.local/lib/python3.8/site-packages/airflow/example_dags/example_branch_labels.py
[2023-12-03T18:19:49.917+0000] {processor.py:829} INFO - Processing file /home/airflow/.local/lib/python3.8/site-packages/airflow/example_dags/example_branch_labels.py for tasks to queue
[2023-12-03T18:19:49.922+0000] {logging_mixin.py:154} INFO - [2023-12-03T18:19:49.922+0000] {dagbag.py:536} INFO - Filling up the DagBag from /home/airflow/.local/lib/python3.8/site-packages/airflow/example_dags/example_branch_labels.py
[2023-12-03T18:19:49.938+0000] {processor.py:839} INFO - DAG(s) dict_keys(['example_branch_labels']) retrieved from /home/airflow/.local/lib/python3.8/site-packages/airflow/example_dags/example_branch_labels.py
[2023-12-03T18:19:49.961+0000] {logging_mixin.py:154} INFO - [2023-12-03T18:19:49.960+0000] {dag.py:2941} INFO - Sync 1 DAGs
[2023-12-03T18:19:50.008+0000] {logging_mixin.py:154} INFO - [2023-12-03T18:19:50.008+0000] {dag.py:3722} INFO - Setting next_dagrun for example_branch_labels to 2023-12-02T00:00:00+00:00, run_after=2023-12-03T00:00:00+00:00
[2023-12-03T18:19:50.049+0000] {processor.py:179} INFO - Processing /home/airflow/.local/lib/python3.8/site-packages/airflow/example_dags/example_branch_labels.py took 0.140 seconds
[2023-12-03T18:20:20.252+0000] {processor.py:157} INFO - Started process (PID=218) to work on /home/airflow/.local/lib/python3.8/site-packages/airflow/example_dags/example_branch_labels.py
[2023-12-03T18:20:20.254+0000] {processor.py:829} INFO - Processing file /home/airflow/.local/lib/python3.8/site-packages/airflow/example_dags/example_branch_labels.py for tasks to queue
[2023-12-03T18:20:20.259+0000] {logging_mixin.py:154} INFO - [2023-12-03T18:20:20.258+0000] {dagbag.py:536} INFO - Filling up the DagBag from /home/airflow/.local/lib/python3.8/site-packages/airflow/example_dags/example_branch_labels.py
[2023-12-03T18:20:20.274+0000] {processor.py:839} INFO - DAG(s) dict_keys(['example_branch_labels']) retrieved from /home/airflow/.local/lib/python3.8/site-packages/airflow/example_dags/example_branch_labels.py
[2023-12-03T18:20:20.320+0000] {logging_mixin.py:154} INFO - [2023-12-03T18:20:20.319+0000] {dag.py:2941} INFO - Sync 1 DAGs
[2023-12-03T18:20:20.376+0000] {logging_mixin.py:154} INFO - [2023-12-03T18:20:20.376+0000] {dag.py:3722} INFO - Setting next_dagrun for example_branch_labels to 2023-12-02T00:00:00+00:00, run_after=2023-12-03T00:00:00+00:00
[2023-12-03T18:20:20.414+0000] {processor.py:179} INFO - Processing /home/airflow/.local/lib/python3.8/site-packages/airflow/example_dags/example_branch_labels.py took 0.169 seconds
[2023-12-03T18:20:51.152+0000] {processor.py:157} INFO - Started process (PID=272) to work on /home/airflow/.local/lib/python3.8/site-packages/airflow/example_dags/example_branch_labels.py
[2023-12-03T18:20:51.154+0000] {processor.py:829} INFO - Processing file /home/airflow/.local/lib/python3.8/site-packages/airflow/example_dags/example_branch_labels.py for tasks to queue
[2023-12-03T18:20:51.159+0000] {logging_mixin.py:154} INFO - [2023-12-03T18:20:51.158+0000] {dagbag.py:536} INFO - Filling up the DagBag from /home/airflow/.local/lib/python3.8/site-packages/airflow/example_dags/example_branch_labels.py
[2023-12-03T18:20:51.177+0000] {processor.py:839} INFO - DAG(s) dict_keys(['example_branch_labels']) retrieved from /home/airflow/.local/lib/python3.8/site-packages/airflow/example_dags/example_branch_labels.py
[2023-12-03T18:20:51.276+0000] {logging_mixin.py:154} INFO - [2023-12-03T18:20:51.275+0000] {dag.py:2941} INFO - Sync 1 DAGs
[2023-12-03T18:20:51.326+0000] {logging_mixin.py:154} INFO - [2023-12-03T18:20:51.326+0000] {dag.py:3722} INFO - Setting next_dagrun for example_branch_labels to 2023-12-02T00:00:00+00:00, run_after=2023-12-03T00:00:00+00:00
[2023-12-03T18:20:51.385+0000] {processor.py:179} INFO - Processing /home/airflow/.local/lib/python3.8/site-packages/airflow/example_dags/example_branch_labels.py took 0.241 seconds
[2023-12-03T18:21:22.034+0000] {processor.py:157} INFO - Started process (PID=333) to work on /home/airflow/.local/lib/python3.8/site-packages/airflow/example_dags/example_branch_labels.py
[2023-12-03T18:21:22.035+0000] {processor.py:829} INFO - Processing file /home/airflow/.local/lib/python3.8/site-packages/airflow/example_dags/example_branch_labels.py for tasks to queue
[2023-12-03T18:21:22.039+0000] {logging_mixin.py:154} INFO - [2023-12-03T18:21:22.039+0000] {dagbag.py:536} INFO - Filling up the DagBag from /home/airflow/.local/lib/python3.8/site-packages/airflow/example_dags/example_branch_labels.py
[2023-12-03T18:21:22.054+0000] {processor.py:839} INFO - DAG(s) dict_keys(['example_branch_labels']) retrieved from /home/airflow/.local/lib/python3.8/site-packages/airflow/example_dags/example_branch_labels.py
[2023-12-03T18:21:22.076+0000] {logging_mixin.py:154} INFO - [2023-12-03T18:21:22.076+0000] {dag.py:2941} INFO - Sync 1 DAGs
[2023-12-03T18:21:22.120+0000] {logging_mixin.py:154} INFO - [2023-12-03T18:21:22.120+0000] {dag.py:3722} INFO - Setting next_dagrun for example_branch_labels to 2023-12-02T00:00:00+00:00, run_after=2023-12-03T00:00:00+00:00
[2023-12-03T18:21:22.153+0000] {processor.py:179} INFO - Processing /home/airflow/.local/lib/python3.8/site-packages/airflow/example_dags/example_branch_labels.py took 0.124 seconds
[2023-12-03T18:21:52.765+0000] {processor.py:157} INFO - Started process (PID=387) to work on /home/airflow/.local/lib/python3.8/site-packages/airflow/example_dags/example_branch_labels.py
[2023-12-03T18:21:52.768+0000] {processor.py:829} INFO - Processing file /home/airflow/.local/lib/python3.8/site-packages/airflow/example_dags/example_branch_labels.py for tasks to queue
[2023-12-03T18:21:52.773+0000] {logging_mixin.py:154} INFO - [2023-12-03T18:21:52.772+0000] {dagbag.py:536} INFO - Filling up the DagBag from /home/airflow/.local/lib/python3.8/site-packages/airflow/example_dags/example_branch_labels.py
[2023-12-03T18:21:52.794+0000] {processor.py:839} INFO - DAG(s) dict_keys(['example_branch_labels']) retrieved from /home/airflow/.local/lib/python3.8/site-packages/airflow/example_dags/example_branch_labels.py
[2023-12-03T18:21:52.842+0000] {logging_mixin.py:154} INFO - [2023-12-03T18:21:52.841+0000] {dag.py:2941} INFO - Sync 1 DAGs
[2023-12-03T18:21:52.885+0000] {logging_mixin.py:154} INFO - [2023-12-03T18:21:52.885+0000] {dag.py:3722} INFO - Setting next_dagrun for example_branch_labels to 2023-12-02T00:00:00+00:00, run_after=2023-12-03T00:00:00+00:00
[2023-12-03T18:21:52.920+0000] {processor.py:179} INFO - Processing /home/airflow/.local/lib/python3.8/site-packages/airflow/example_dags/example_branch_labels.py took 0.162 seconds
[2023-12-03T18:22:23.898+0000] {processor.py:157} INFO - Started process (PID=441) to work on /home/airflow/.local/lib/python3.8/site-packages/airflow/example_dags/example_branch_labels.py
[2023-12-03T18:22:23.902+0000] {processor.py:829} INFO - Processing file /home/airflow/.local/lib/python3.8/site-packages/airflow/example_dags/example_branch_labels.py for tasks to queue
[2023-12-03T18:22:23.909+0000] {logging_mixin.py:154} INFO - [2023-12-03T18:22:23.908+0000] {dagbag.py:536} INFO - Filling up the DagBag from /home/airflow/.local/lib/python3.8/site-packages/airflow/example_dags/example_branch_labels.py
[2023-12-03T18:22:23.933+0000] {processor.py:839} INFO - DAG(s) dict_keys(['example_branch_labels']) retrieved from /home/airflow/.local/lib/python3.8/site-packages/airflow/example_dags/example_branch_labels.py
[2023-12-03T18:22:23.993+0000] {logging_mixin.py:154} INFO - [2023-12-03T18:22:23.993+0000] {dag.py:2941} INFO - Sync 1 DAGs
[2023-12-03T18:22:24.082+0000] {logging_mixin.py:154} INFO - [2023-12-03T18:22:24.081+0000] {dag.py:3722} INFO - Setting next_dagrun for example_branch_labels to 2023-12-02T00:00:00+00:00, run_after=2023-12-03T00:00:00+00:00
[2023-12-03T18:22:24.138+0000] {processor.py:179} INFO - Processing /home/airflow/.local/lib/python3.8/site-packages/airflow/example_dags/example_branch_labels.py took 0.253 seconds
[2023-12-03T18:23:57.746+0000] {processor.py:157} INFO - Started process (PID=56) to work on /home/airflow/.local/lib/python3.8/site-packages/airflow/example_dags/example_branch_labels.py
[2023-12-03T18:23:57.748+0000] {processor.py:829} INFO - Processing file /home/airflow/.local/lib/python3.8/site-packages/airflow/example_dags/example_branch_labels.py for tasks to queue
[2023-12-03T18:23:57.752+0000] {logging_mixin.py:154} INFO - [2023-12-03T18:23:57.751+0000] {dagbag.py:536} INFO - Filling up the DagBag from /home/airflow/.local/lib/python3.8/site-packages/airflow/example_dags/example_branch_labels.py
[2023-12-03T18:23:57.773+0000] {processor.py:839} INFO - DAG(s) dict_keys(['example_branch_labels']) retrieved from /home/airflow/.local/lib/python3.8/site-packages/airflow/example_dags/example_branch_labels.py
[2023-12-03T18:23:57.820+0000] {logging_mixin.py:154} INFO - [2023-12-03T18:23:57.819+0000] {dag.py:2941} INFO - Sync 1 DAGs
[2023-12-03T18:23:57.866+0000] {logging_mixin.py:154} INFO - [2023-12-03T18:23:57.865+0000] {dag.py:3722} INFO - Setting next_dagrun for example_branch_labels to 2023-12-02T00:00:00+00:00, run_after=2023-12-03T00:00:00+00:00
[2023-12-03T18:23:57.910+0000] {processor.py:179} INFO - Processing /home/airflow/.local/lib/python3.8/site-packages/airflow/example_dags/example_branch_labels.py took 0.170 seconds
[2023-12-03T18:24:28.808+0000] {processor.py:157} INFO - Started process (PID=110) to work on /home/airflow/.local/lib/python3.8/site-packages/airflow/example_dags/example_branch_labels.py
[2023-12-03T18:24:28.810+0000] {processor.py:829} INFO - Processing file /home/airflow/.local/lib/python3.8/site-packages/airflow/example_dags/example_branch_labels.py for tasks to queue
[2023-12-03T18:24:28.814+0000] {logging_mixin.py:154} INFO - [2023-12-03T18:24:28.813+0000] {dagbag.py:536} INFO - Filling up the DagBag from /home/airflow/.local/lib/python3.8/site-packages/airflow/example_dags/example_branch_labels.py
[2023-12-03T18:24:28.831+0000] {processor.py:839} INFO - DAG(s) dict_keys(['example_branch_labels']) retrieved from /home/airflow/.local/lib/python3.8/site-packages/airflow/example_dags/example_branch_labels.py
[2023-12-03T18:24:28.864+0000] {logging_mixin.py:154} INFO - [2023-12-03T18:24:28.864+0000] {dag.py:2941} INFO - Sync 1 DAGs
[2023-12-03T18:24:28.900+0000] {logging_mixin.py:154} INFO - [2023-12-03T18:24:28.899+0000] {dag.py:3722} INFO - Setting next_dagrun for example_branch_labels to 2023-12-02T00:00:00+00:00, run_after=2023-12-03T00:00:00+00:00
[2023-12-03T18:24:28.933+0000] {processor.py:179} INFO - Processing /home/airflow/.local/lib/python3.8/site-packages/airflow/example_dags/example_branch_labels.py took 0.130 seconds
[2023-12-03T18:24:59.979+0000] {processor.py:157} INFO - Started process (PID=164) to work on /home/airflow/.local/lib/python3.8/site-packages/airflow/example_dags/example_branch_labels.py
[2023-12-03T18:24:59.980+0000] {processor.py:829} INFO - Processing file /home/airflow/.local/lib/python3.8/site-packages/airflow/example_dags/example_branch_labels.py for tasks to queue
[2023-12-03T18:24:59.984+0000] {logging_mixin.py:154} INFO - [2023-12-03T18:24:59.983+0000] {dagbag.py:536} INFO - Filling up the DagBag from /home/airflow/.local/lib/python3.8/site-packages/airflow/example_dags/example_branch_labels.py
[2023-12-03T18:24:59.994+0000] {processor.py:839} INFO - DAG(s) dict_keys(['example_branch_labels']) retrieved from /home/airflow/.local/lib/python3.8/site-packages/airflow/example_dags/example_branch_labels.py
[2023-12-03T18:25:00.021+0000] {logging_mixin.py:154} INFO - [2023-12-03T18:25:00.021+0000] {dag.py:2941} INFO - Sync 1 DAGs
[2023-12-03T18:25:00.052+0000] {logging_mixin.py:154} INFO - [2023-12-03T18:25:00.051+0000] {dag.py:3722} INFO - Setting next_dagrun for example_branch_labels to 2023-12-02T00:00:00+00:00, run_after=2023-12-03T00:00:00+00:00
[2023-12-03T18:25:00.084+0000] {processor.py:179} INFO - Processing /home/airflow/.local/lib/python3.8/site-packages/airflow/example_dags/example_branch_labels.py took 0.108 seconds
[2023-12-03T18:25:30.409+0000] {processor.py:157} INFO - Started process (PID=218) to work on /home/airflow/.local/lib/python3.8/site-packages/airflow/example_dags/example_branch_labels.py
[2023-12-03T18:25:30.411+0000] {processor.py:829} INFO - Processing file /home/airflow/.local/lib/python3.8/site-packages/airflow/example_dags/example_branch_labels.py for tasks to queue
[2023-12-03T18:25:30.414+0000] {logging_mixin.py:154} INFO - [2023-12-03T18:25:30.414+0000] {dagbag.py:536} INFO - Filling up the DagBag from /home/airflow/.local/lib/python3.8/site-packages/airflow/example_dags/example_branch_labels.py
[2023-12-03T18:25:30.427+0000] {processor.py:839} INFO - DAG(s) dict_keys(['example_branch_labels']) retrieved from /home/airflow/.local/lib/python3.8/site-packages/airflow/example_dags/example_branch_labels.py
[2023-12-03T18:25:30.456+0000] {logging_mixin.py:154} INFO - [2023-12-03T18:25:30.455+0000] {dag.py:2941} INFO - Sync 1 DAGs
[2023-12-03T18:25:30.489+0000] {logging_mixin.py:154} INFO - [2023-12-03T18:25:30.488+0000] {dag.py:3722} INFO - Setting next_dagrun for example_branch_labels to 2023-12-02T00:00:00+00:00, run_after=2023-12-03T00:00:00+00:00
[2023-12-03T18:25:30.529+0000] {processor.py:179} INFO - Processing /home/airflow/.local/lib/python3.8/site-packages/airflow/example_dags/example_branch_labels.py took 0.124 seconds
[2023-12-03T18:26:01.075+0000] {processor.py:157} INFO - Started process (PID=272) to work on /home/airflow/.local/lib/python3.8/site-packages/airflow/example_dags/example_branch_labels.py
[2023-12-03T18:26:01.077+0000] {processor.py:829} INFO - Processing file /home/airflow/.local/lib/python3.8/site-packages/airflow/example_dags/example_branch_labels.py for tasks to queue
[2023-12-03T18:26:01.080+0000] {logging_mixin.py:154} INFO - [2023-12-03T18:26:01.079+0000] {dagbag.py:536} INFO - Filling up the DagBag from /home/airflow/.local/lib/python3.8/site-packages/airflow/example_dags/example_branch_labels.py
[2023-12-03T18:26:01.090+0000] {processor.py:839} INFO - DAG(s) dict_keys(['example_branch_labels']) retrieved from /home/airflow/.local/lib/python3.8/site-packages/airflow/example_dags/example_branch_labels.py
[2023-12-03T18:26:01.122+0000] {logging_mixin.py:154} INFO - [2023-12-03T18:26:01.122+0000] {dag.py:2941} INFO - Sync 1 DAGs
[2023-12-03T18:26:01.154+0000] {logging_mixin.py:154} INFO - [2023-12-03T18:26:01.154+0000] {dag.py:3722} INFO - Setting next_dagrun for example_branch_labels to 2023-12-02T00:00:00+00:00, run_after=2023-12-03T00:00:00+00:00
[2023-12-03T18:26:01.195+0000] {processor.py:179} INFO - Processing /home/airflow/.local/lib/python3.8/site-packages/airflow/example_dags/example_branch_labels.py took 0.124 seconds
[2023-12-03T18:26:31.286+0000] {processor.py:157} INFO - Started process (PID=326) to work on /home/airflow/.local/lib/python3.8/site-packages/airflow/example_dags/example_branch_labels.py
[2023-12-03T18:26:31.288+0000] {processor.py:829} INFO - Processing file /home/airflow/.local/lib/python3.8/site-packages/airflow/example_dags/example_branch_labels.py for tasks to queue
[2023-12-03T18:26:31.296+0000] {logging_mixin.py:154} INFO - [2023-12-03T18:26:31.295+0000] {dagbag.py:536} INFO - Filling up the DagBag from /home/airflow/.local/lib/python3.8/site-packages/airflow/example_dags/example_branch_labels.py
[2023-12-03T18:26:31.308+0000] {processor.py:839} INFO - DAG(s) dict_keys(['example_branch_labels']) retrieved from /home/airflow/.local/lib/python3.8/site-packages/airflow/example_dags/example_branch_labels.py
[2023-12-03T18:26:31.342+0000] {logging_mixin.py:154} INFO - [2023-12-03T18:26:31.342+0000] {dag.py:2941} INFO - Sync 1 DAGs
[2023-12-03T18:26:31.376+0000] {logging_mixin.py:154} INFO - [2023-12-03T18:26:31.376+0000] {dag.py:3722} INFO - Setting next_dagrun for example_branch_labels to 2023-12-02T00:00:00+00:00, run_after=2023-12-03T00:00:00+00:00
[2023-12-03T18:26:31.404+0000] {processor.py:179} INFO - Processing /home/airflow/.local/lib/python3.8/site-packages/airflow/example_dags/example_branch_labels.py took 0.127 seconds
[2023-12-03T18:27:02.179+0000] {processor.py:157} INFO - Started process (PID=380) to work on /home/airflow/.local/lib/python3.8/site-packages/airflow/example_dags/example_branch_labels.py
[2023-12-03T18:27:02.180+0000] {processor.py:829} INFO - Processing file /home/airflow/.local/lib/python3.8/site-packages/airflow/example_dags/example_branch_labels.py for tasks to queue
[2023-12-03T18:27:02.183+0000] {logging_mixin.py:154} INFO - [2023-12-03T18:27:02.183+0000] {dagbag.py:536} INFO - Filling up the DagBag from /home/airflow/.local/lib/python3.8/site-packages/airflow/example_dags/example_branch_labels.py
[2023-12-03T18:27:02.194+0000] {processor.py:839} INFO - DAG(s) dict_keys(['example_branch_labels']) retrieved from /home/airflow/.local/lib/python3.8/site-packages/airflow/example_dags/example_branch_labels.py
[2023-12-03T18:27:02.241+0000] {logging_mixin.py:154} INFO - [2023-12-03T18:27:02.240+0000] {dag.py:2941} INFO - Sync 1 DAGs
[2023-12-03T18:27:02.283+0000] {logging_mixin.py:154} INFO - [2023-12-03T18:27:02.283+0000] {dag.py:3722} INFO - Setting next_dagrun for example_branch_labels to 2023-12-02T00:00:00+00:00, run_after=2023-12-03T00:00:00+00:00
[2023-12-03T18:27:02.316+0000] {processor.py:179} INFO - Processing /home/airflow/.local/lib/python3.8/site-packages/airflow/example_dags/example_branch_labels.py took 0.141 seconds
[2023-12-03T18:27:32.419+0000] {processor.py:157} INFO - Started process (PID=434) to work on /home/airflow/.local/lib/python3.8/site-packages/airflow/example_dags/example_branch_labels.py
[2023-12-03T18:27:32.420+0000] {processor.py:829} INFO - Processing file /home/airflow/.local/lib/python3.8/site-packages/airflow/example_dags/example_branch_labels.py for tasks to queue
[2023-12-03T18:27:32.425+0000] {logging_mixin.py:154} INFO - [2023-12-03T18:27:32.424+0000] {dagbag.py:536} INFO - Filling up the DagBag from /home/airflow/.local/lib/python3.8/site-packages/airflow/example_dags/example_branch_labels.py
[2023-12-03T18:27:32.437+0000] {processor.py:839} INFO - DAG(s) dict_keys(['example_branch_labels']) retrieved from /home/airflow/.local/lib/python3.8/site-packages/airflow/example_dags/example_branch_labels.py
[2023-12-03T18:27:32.475+0000] {logging_mixin.py:154} INFO - [2023-12-03T18:27:32.475+0000] {dag.py:2941} INFO - Sync 1 DAGs
[2023-12-03T18:27:32.516+0000] {logging_mixin.py:154} INFO - [2023-12-03T18:27:32.516+0000] {dag.py:3722} INFO - Setting next_dagrun for example_branch_labels to 2023-12-02T00:00:00+00:00, run_after=2023-12-03T00:00:00+00:00
[2023-12-03T18:27:32.559+0000] {processor.py:179} INFO - Processing /home/airflow/.local/lib/python3.8/site-packages/airflow/example_dags/example_branch_labels.py took 0.146 seconds
[2023-12-03T18:28:02.943+0000] {processor.py:157} INFO - Started process (PID=488) to work on /home/airflow/.local/lib/python3.8/site-packages/airflow/example_dags/example_branch_labels.py
[2023-12-03T18:28:02.945+0000] {processor.py:829} INFO - Processing file /home/airflow/.local/lib/python3.8/site-packages/airflow/example_dags/example_branch_labels.py for tasks to queue
[2023-12-03T18:28:02.949+0000] {logging_mixin.py:154} INFO - [2023-12-03T18:28:02.948+0000] {dagbag.py:536} INFO - Filling up the DagBag from /home/airflow/.local/lib/python3.8/site-packages/airflow/example_dags/example_branch_labels.py
[2023-12-03T18:28:02.963+0000] {processor.py:839} INFO - DAG(s) dict_keys(['example_branch_labels']) retrieved from /home/airflow/.local/lib/python3.8/site-packages/airflow/example_dags/example_branch_labels.py
[2023-12-03T18:28:03.005+0000] {logging_mixin.py:154} INFO - [2023-12-03T18:28:03.005+0000] {dag.py:2941} INFO - Sync 1 DAGs
[2023-12-03T18:28:03.059+0000] {logging_mixin.py:154} INFO - [2023-12-03T18:28:03.058+0000] {dag.py:3722} INFO - Setting next_dagrun for example_branch_labels to 2023-12-02T00:00:00+00:00, run_after=2023-12-03T00:00:00+00:00
[2023-12-03T18:28:03.093+0000] {processor.py:179} INFO - Processing /home/airflow/.local/lib/python3.8/site-packages/airflow/example_dags/example_branch_labels.py took 0.154 seconds
[2023-12-03T18:28:33.629+0000] {processor.py:157} INFO - Started process (PID=542) to work on /home/airflow/.local/lib/python3.8/site-packages/airflow/example_dags/example_branch_labels.py
[2023-12-03T18:28:33.630+0000] {processor.py:829} INFO - Processing file /home/airflow/.local/lib/python3.8/site-packages/airflow/example_dags/example_branch_labels.py for tasks to queue
[2023-12-03T18:28:33.634+0000] {logging_mixin.py:154} INFO - [2023-12-03T18:28:33.634+0000] {dagbag.py:536} INFO - Filling up the DagBag from /home/airflow/.local/lib/python3.8/site-packages/airflow/example_dags/example_branch_labels.py
[2023-12-03T18:28:33.648+0000] {processor.py:839} INFO - DAG(s) dict_keys(['example_branch_labels']) retrieved from /home/airflow/.local/lib/python3.8/site-packages/airflow/example_dags/example_branch_labels.py
[2023-12-03T18:28:33.686+0000] {logging_mixin.py:154} INFO - [2023-12-03T18:28:33.686+0000] {dag.py:2941} INFO - Sync 1 DAGs
[2023-12-03T18:28:33.729+0000] {logging_mixin.py:154} INFO - [2023-12-03T18:28:33.729+0000] {dag.py:3722} INFO - Setting next_dagrun for example_branch_labels to 2023-12-02T00:00:00+00:00, run_after=2023-12-03T00:00:00+00:00
[2023-12-03T18:28:33.763+0000] {processor.py:179} INFO - Processing /home/airflow/.local/lib/python3.8/site-packages/airflow/example_dags/example_branch_labels.py took 0.139 seconds
[2023-12-03T18:29:49.667+0000] {processor.py:157} INFO - Started process (PID=57) to work on /home/airflow/.local/lib/python3.8/site-packages/airflow/example_dags/example_branch_labels.py
[2023-12-03T18:29:49.669+0000] {processor.py:829} INFO - Processing file /home/airflow/.local/lib/python3.8/site-packages/airflow/example_dags/example_branch_labels.py for tasks to queue
[2023-12-03T18:29:49.672+0000] {logging_mixin.py:154} INFO - [2023-12-03T18:29:49.672+0000] {dagbag.py:536} INFO - Filling up the DagBag from /home/airflow/.local/lib/python3.8/site-packages/airflow/example_dags/example_branch_labels.py
[2023-12-03T18:29:49.683+0000] {processor.py:839} INFO - DAG(s) dict_keys(['example_branch_labels']) retrieved from /home/airflow/.local/lib/python3.8/site-packages/airflow/example_dags/example_branch_labels.py
[2023-12-03T18:29:49.714+0000] {logging_mixin.py:154} INFO - [2023-12-03T18:29:49.713+0000] {dag.py:2941} INFO - Sync 1 DAGs
[2023-12-03T18:29:49.747+0000] {logging_mixin.py:154} INFO - [2023-12-03T18:29:49.747+0000] {dag.py:3722} INFO - Setting next_dagrun for example_branch_labels to 2023-12-02T00:00:00+00:00, run_after=2023-12-03T00:00:00+00:00
[2023-12-03T18:29:49.958+0000] {processor.py:179} INFO - Processing /home/airflow/.local/lib/python3.8/site-packages/airflow/example_dags/example_branch_labels.py took 0.295 seconds
[2023-12-03T18:30:20.042+0000] {processor.py:157} INFO - Started process (PID=112) to work on /home/airflow/.local/lib/python3.8/site-packages/airflow/example_dags/example_branch_labels.py
[2023-12-03T18:30:20.043+0000] {processor.py:829} INFO - Processing file /home/airflow/.local/lib/python3.8/site-packages/airflow/example_dags/example_branch_labels.py for tasks to queue
[2023-12-03T18:30:20.047+0000] {logging_mixin.py:154} INFO - [2023-12-03T18:30:20.046+0000] {dagbag.py:536} INFO - Filling up the DagBag from /home/airflow/.local/lib/python3.8/site-packages/airflow/example_dags/example_branch_labels.py
[2023-12-03T18:30:20.057+0000] {processor.py:839} INFO - DAG(s) dict_keys(['example_branch_labels']) retrieved from /home/airflow/.local/lib/python3.8/site-packages/airflow/example_dags/example_branch_labels.py
[2023-12-03T18:30:20.090+0000] {logging_mixin.py:154} INFO - [2023-12-03T18:30:20.089+0000] {dag.py:2941} INFO - Sync 1 DAGs
[2023-12-03T18:30:20.125+0000] {logging_mixin.py:154} INFO - [2023-12-03T18:30:20.124+0000] {dag.py:3722} INFO - Setting next_dagrun for example_branch_labels to 2023-12-02T00:00:00+00:00, run_after=2023-12-03T00:00:00+00:00
[2023-12-03T18:30:20.336+0000] {processor.py:179} INFO - Processing /home/airflow/.local/lib/python3.8/site-packages/airflow/example_dags/example_branch_labels.py took 0.298 seconds
[2023-12-03T18:30:51.144+0000] {processor.py:157} INFO - Started process (PID=167) to work on /home/airflow/.local/lib/python3.8/site-packages/airflow/example_dags/example_branch_labels.py
[2023-12-03T18:30:51.145+0000] {processor.py:829} INFO - Processing file /home/airflow/.local/lib/python3.8/site-packages/airflow/example_dags/example_branch_labels.py for tasks to queue
[2023-12-03T18:30:51.149+0000] {logging_mixin.py:154} INFO - [2023-12-03T18:30:51.149+0000] {dagbag.py:536} INFO - Filling up the DagBag from /home/airflow/.local/lib/python3.8/site-packages/airflow/example_dags/example_branch_labels.py
[2023-12-03T18:30:51.171+0000] {processor.py:839} INFO - DAG(s) dict_keys(['example_branch_labels']) retrieved from /home/airflow/.local/lib/python3.8/site-packages/airflow/example_dags/example_branch_labels.py
[2023-12-03T18:30:51.225+0000] {logging_mixin.py:154} INFO - [2023-12-03T18:30:51.225+0000] {dag.py:2941} INFO - Sync 1 DAGs
[2023-12-03T18:30:51.268+0000] {logging_mixin.py:154} INFO - [2023-12-03T18:30:51.268+0000] {dag.py:3722} INFO - Setting next_dagrun for example_branch_labels to 2023-12-02T00:00:00+00:00, run_after=2023-12-03T00:00:00+00:00
[2023-12-03T18:30:51.445+0000] {processor.py:179} INFO - Processing /home/airflow/.local/lib/python3.8/site-packages/airflow/example_dags/example_branch_labels.py took 0.306 seconds
[2023-12-03T18:31:22.224+0000] {processor.py:157} INFO - Started process (PID=226) to work on /home/airflow/.local/lib/python3.8/site-packages/airflow/example_dags/example_branch_labels.py
[2023-12-03T18:31:22.226+0000] {processor.py:829} INFO - Processing file /home/airflow/.local/lib/python3.8/site-packages/airflow/example_dags/example_branch_labels.py for tasks to queue
[2023-12-03T18:31:22.230+0000] {logging_mixin.py:154} INFO - [2023-12-03T18:31:22.230+0000] {dagbag.py:536} INFO - Filling up the DagBag from /home/airflow/.local/lib/python3.8/site-packages/airflow/example_dags/example_branch_labels.py
[2023-12-03T18:31:22.248+0000] {processor.py:839} INFO - DAG(s) dict_keys(['example_branch_labels']) retrieved from /home/airflow/.local/lib/python3.8/site-packages/airflow/example_dags/example_branch_labels.py
[2023-12-03T18:31:22.292+0000] {logging_mixin.py:154} INFO - [2023-12-03T18:31:22.291+0000] {dag.py:2941} INFO - Sync 1 DAGs
[2023-12-03T18:31:22.337+0000] {logging_mixin.py:154} INFO - [2023-12-03T18:31:22.336+0000] {dag.py:3722} INFO - Setting next_dagrun for example_branch_labels to 2023-12-02T00:00:00+00:00, run_after=2023-12-03T00:00:00+00:00
[2023-12-03T18:31:22.607+0000] {processor.py:179} INFO - Processing /home/airflow/.local/lib/python3.8/site-packages/airflow/example_dags/example_branch_labels.py took 0.393 seconds
[2023-12-03T18:31:53.481+0000] {processor.py:157} INFO - Started process (PID=285) to work on /home/airflow/.local/lib/python3.8/site-packages/airflow/example_dags/example_branch_labels.py
[2023-12-03T18:31:53.482+0000] {processor.py:829} INFO - Processing file /home/airflow/.local/lib/python3.8/site-packages/airflow/example_dags/example_branch_labels.py for tasks to queue
[2023-12-03T18:31:53.486+0000] {logging_mixin.py:154} INFO - [2023-12-03T18:31:53.485+0000] {dagbag.py:536} INFO - Filling up the DagBag from /home/airflow/.local/lib/python3.8/site-packages/airflow/example_dags/example_branch_labels.py
[2023-12-03T18:31:53.499+0000] {processor.py:839} INFO - DAG(s) dict_keys(['example_branch_labels']) retrieved from /home/airflow/.local/lib/python3.8/site-packages/airflow/example_dags/example_branch_labels.py
[2023-12-03T18:31:53.536+0000] {logging_mixin.py:154} INFO - [2023-12-03T18:31:53.535+0000] {dag.py:2941} INFO - Sync 1 DAGs
[2023-12-03T18:31:53.582+0000] {logging_mixin.py:154} INFO - [2023-12-03T18:31:53.582+0000] {dag.py:3722} INFO - Setting next_dagrun for example_branch_labels to 2023-12-02T00:00:00+00:00, run_after=2023-12-03T00:00:00+00:00
[2023-12-03T18:31:53.809+0000] {processor.py:179} INFO - Processing /home/airflow/.local/lib/python3.8/site-packages/airflow/example_dags/example_branch_labels.py took 0.333 seconds
[2023-12-03T18:32:24.171+0000] {processor.py:157} INFO - Started process (PID=340) to work on /home/airflow/.local/lib/python3.8/site-packages/airflow/example_dags/example_branch_labels.py
[2023-12-03T18:32:24.173+0000] {processor.py:829} INFO - Processing file /home/airflow/.local/lib/python3.8/site-packages/airflow/example_dags/example_branch_labels.py for tasks to queue
[2023-12-03T18:32:24.178+0000] {logging_mixin.py:154} INFO - [2023-12-03T18:32:24.177+0000] {dagbag.py:536} INFO - Filling up the DagBag from /home/airflow/.local/lib/python3.8/site-packages/airflow/example_dags/example_branch_labels.py
[2023-12-03T18:32:24.193+0000] {processor.py:839} INFO - DAG(s) dict_keys(['example_branch_labels']) retrieved from /home/airflow/.local/lib/python3.8/site-packages/airflow/example_dags/example_branch_labels.py
[2023-12-03T18:32:24.231+0000] {logging_mixin.py:154} INFO - [2023-12-03T18:32:24.231+0000] {dag.py:2941} INFO - Sync 1 DAGs
[2023-12-03T18:32:24.271+0000] {logging_mixin.py:154} INFO - [2023-12-03T18:32:24.271+0000] {dag.py:3722} INFO - Setting next_dagrun for example_branch_labels to 2023-12-02T00:00:00+00:00, run_after=2023-12-03T00:00:00+00:00
[2023-12-03T18:32:24.502+0000] {processor.py:179} INFO - Processing /home/airflow/.local/lib/python3.8/site-packages/airflow/example_dags/example_branch_labels.py took 0.337 seconds
[2023-12-03T18:32:55.248+0000] {processor.py:157} INFO - Started process (PID=395) to work on /home/airflow/.local/lib/python3.8/site-packages/airflow/example_dags/example_branch_labels.py
[2023-12-03T18:32:55.249+0000] {processor.py:829} INFO - Processing file /home/airflow/.local/lib/python3.8/site-packages/airflow/example_dags/example_branch_labels.py for tasks to queue
[2023-12-03T18:32:55.253+0000] {logging_mixin.py:154} INFO - [2023-12-03T18:32:55.253+0000] {dagbag.py:536} INFO - Filling up the DagBag from /home/airflow/.local/lib/python3.8/site-packages/airflow/example_dags/example_branch_labels.py
[2023-12-03T18:32:55.265+0000] {processor.py:839} INFO - DAG(s) dict_keys(['example_branch_labels']) retrieved from /home/airflow/.local/lib/python3.8/site-packages/airflow/example_dags/example_branch_labels.py
[2023-12-03T18:32:55.315+0000] {logging_mixin.py:154} INFO - [2023-12-03T18:32:55.315+0000] {dag.py:2941} INFO - Sync 1 DAGs
[2023-12-03T18:32:55.530+0000] {logging_mixin.py:154} INFO - [2023-12-03T18:32:55.530+0000] {dag.py:3722} INFO - Setting next_dagrun for example_branch_labels to 2023-12-02T00:00:00+00:00, run_after=2023-12-03T00:00:00+00:00
[2023-12-03T18:32:55.571+0000] {processor.py:179} INFO - Processing /home/airflow/.local/lib/python3.8/site-packages/airflow/example_dags/example_branch_labels.py took 0.329 seconds
[2023-12-03T18:33:25.963+0000] {processor.py:157} INFO - Started process (PID=457) to work on /home/airflow/.local/lib/python3.8/site-packages/airflow/example_dags/example_branch_labels.py
[2023-12-03T18:33:25.964+0000] {processor.py:829} INFO - Processing file /home/airflow/.local/lib/python3.8/site-packages/airflow/example_dags/example_branch_labels.py for tasks to queue
[2023-12-03T18:33:25.969+0000] {logging_mixin.py:154} INFO - [2023-12-03T18:33:25.968+0000] {dagbag.py:536} INFO - Filling up the DagBag from /home/airflow/.local/lib/python3.8/site-packages/airflow/example_dags/example_branch_labels.py
[2023-12-03T18:33:25.987+0000] {processor.py:839} INFO - DAG(s) dict_keys(['example_branch_labels']) retrieved from /home/airflow/.local/lib/python3.8/site-packages/airflow/example_dags/example_branch_labels.py
[2023-12-03T18:33:26.019+0000] {logging_mixin.py:154} INFO - [2023-12-03T18:33:26.019+0000] {dag.py:2941} INFO - Sync 1 DAGs
[2023-12-03T18:33:26.221+0000] {logging_mixin.py:154} INFO - [2023-12-03T18:33:26.221+0000] {dag.py:3722} INFO - Setting next_dagrun for example_branch_labels to 2023-12-02T00:00:00+00:00, run_after=2023-12-03T00:00:00+00:00
[2023-12-03T18:33:26.266+0000] {processor.py:179} INFO - Processing /home/airflow/.local/lib/python3.8/site-packages/airflow/example_dags/example_branch_labels.py took 0.310 seconds
[2023-12-03T18:33:56.631+0000] {processor.py:157} INFO - Started process (PID=512) to work on /home/airflow/.local/lib/python3.8/site-packages/airflow/example_dags/example_branch_labels.py
[2023-12-03T18:33:56.633+0000] {processor.py:829} INFO - Processing file /home/airflow/.local/lib/python3.8/site-packages/airflow/example_dags/example_branch_labels.py for tasks to queue
[2023-12-03T18:33:56.637+0000] {logging_mixin.py:154} INFO - [2023-12-03T18:33:56.636+0000] {dagbag.py:536} INFO - Filling up the DagBag from /home/airflow/.local/lib/python3.8/site-packages/airflow/example_dags/example_branch_labels.py
[2023-12-03T18:33:56.649+0000] {processor.py:839} INFO - DAG(s) dict_keys(['example_branch_labels']) retrieved from /home/airflow/.local/lib/python3.8/site-packages/airflow/example_dags/example_branch_labels.py
[2023-12-03T18:33:56.690+0000] {logging_mixin.py:154} INFO - [2023-12-03T18:33:56.690+0000] {dag.py:2941} INFO - Sync 1 DAGs
[2023-12-03T18:33:56.886+0000] {logging_mixin.py:154} INFO - [2023-12-03T18:33:56.886+0000] {dag.py:3722} INFO - Setting next_dagrun for example_branch_labels to 2023-12-02T00:00:00+00:00, run_after=2023-12-03T00:00:00+00:00
[2023-12-03T18:33:56.924+0000] {processor.py:179} INFO - Processing /home/airflow/.local/lib/python3.8/site-packages/airflow/example_dags/example_branch_labels.py took 0.297 seconds
[2023-12-03T18:34:27.460+0000] {processor.py:157} INFO - Started process (PID=567) to work on /home/airflow/.local/lib/python3.8/site-packages/airflow/example_dags/example_branch_labels.py
[2023-12-03T18:34:27.461+0000] {processor.py:829} INFO - Processing file /home/airflow/.local/lib/python3.8/site-packages/airflow/example_dags/example_branch_labels.py for tasks to queue
[2023-12-03T18:34:27.465+0000] {logging_mixin.py:154} INFO - [2023-12-03T18:34:27.464+0000] {dagbag.py:536} INFO - Filling up the DagBag from /home/airflow/.local/lib/python3.8/site-packages/airflow/example_dags/example_branch_labels.py
[2023-12-03T18:34:27.476+0000] {processor.py:839} INFO - DAG(s) dict_keys(['example_branch_labels']) retrieved from /home/airflow/.local/lib/python3.8/site-packages/airflow/example_dags/example_branch_labels.py
[2023-12-03T18:34:27.505+0000] {logging_mixin.py:154} INFO - [2023-12-03T18:34:27.505+0000] {dag.py:2941} INFO - Sync 1 DAGs
[2023-12-03T18:34:27.726+0000] {logging_mixin.py:154} INFO - [2023-12-03T18:34:27.726+0000] {dag.py:3722} INFO - Setting next_dagrun for example_branch_labels to 2023-12-02T00:00:00+00:00, run_after=2023-12-03T00:00:00+00:00
[2023-12-03T18:34:27.765+0000] {processor.py:179} INFO - Processing /home/airflow/.local/lib/python3.8/site-packages/airflow/example_dags/example_branch_labels.py took 0.310 seconds
[2023-12-03T18:34:58.228+0000] {processor.py:157} INFO - Started process (PID=622) to work on /home/airflow/.local/lib/python3.8/site-packages/airflow/example_dags/example_branch_labels.py
[2023-12-03T18:34:58.231+0000] {processor.py:829} INFO - Processing file /home/airflow/.local/lib/python3.8/site-packages/airflow/example_dags/example_branch_labels.py for tasks to queue
[2023-12-03T18:34:58.240+0000] {logging_mixin.py:154} INFO - [2023-12-03T18:34:58.238+0000] {dagbag.py:536} INFO - Filling up the DagBag from /home/airflow/.local/lib/python3.8/site-packages/airflow/example_dags/example_branch_labels.py
[2023-12-03T18:34:58.269+0000] {processor.py:839} INFO - DAG(s) dict_keys(['example_branch_labels']) retrieved from /home/airflow/.local/lib/python3.8/site-packages/airflow/example_dags/example_branch_labels.py
[2023-12-03T18:34:58.313+0000] {logging_mixin.py:154} INFO - [2023-12-03T18:34:58.313+0000] {dag.py:2941} INFO - Sync 1 DAGs
[2023-12-03T18:34:58.499+0000] {logging_mixin.py:154} INFO - [2023-12-03T18:34:58.499+0000] {dag.py:3722} INFO - Setting next_dagrun for example_branch_labels to 2023-12-02T00:00:00+00:00, run_after=2023-12-03T00:00:00+00:00
[2023-12-03T18:34:58.533+0000] {processor.py:179} INFO - Processing /home/airflow/.local/lib/python3.8/site-packages/airflow/example_dags/example_branch_labels.py took 0.316 seconds
[2023-12-03T18:35:29.186+0000] {processor.py:157} INFO - Started process (PID=677) to work on /home/airflow/.local/lib/python3.8/site-packages/airflow/example_dags/example_branch_labels.py
[2023-12-03T18:35:29.187+0000] {processor.py:829} INFO - Processing file /home/airflow/.local/lib/python3.8/site-packages/airflow/example_dags/example_branch_labels.py for tasks to queue
[2023-12-03T18:35:29.191+0000] {logging_mixin.py:154} INFO - [2023-12-03T18:35:29.191+0000] {dagbag.py:536} INFO - Filling up the DagBag from /home/airflow/.local/lib/python3.8/site-packages/airflow/example_dags/example_branch_labels.py
[2023-12-03T18:35:29.203+0000] {processor.py:839} INFO - DAG(s) dict_keys(['example_branch_labels']) retrieved from /home/airflow/.local/lib/python3.8/site-packages/airflow/example_dags/example_branch_labels.py
[2023-12-03T18:35:29.241+0000] {logging_mixin.py:154} INFO - [2023-12-03T18:35:29.241+0000] {dag.py:2941} INFO - Sync 1 DAGs
[2023-12-03T18:35:29.458+0000] {logging_mixin.py:154} INFO - [2023-12-03T18:35:29.458+0000] {dag.py:3722} INFO - Setting next_dagrun for example_branch_labels to 2023-12-02T00:00:00+00:00, run_after=2023-12-03T00:00:00+00:00
[2023-12-03T18:35:29.491+0000] {processor.py:179} INFO - Processing /home/airflow/.local/lib/python3.8/site-packages/airflow/example_dags/example_branch_labels.py took 0.314 seconds
[2023-12-03T18:35:59.653+0000] {processor.py:157} INFO - Started process (PID=733) to work on /home/airflow/.local/lib/python3.8/site-packages/airflow/example_dags/example_branch_labels.py
[2023-12-03T18:35:59.655+0000] {processor.py:829} INFO - Processing file /home/airflow/.local/lib/python3.8/site-packages/airflow/example_dags/example_branch_labels.py for tasks to queue
[2023-12-03T18:35:59.661+0000] {logging_mixin.py:154} INFO - [2023-12-03T18:35:59.660+0000] {dagbag.py:536} INFO - Filling up the DagBag from /home/airflow/.local/lib/python3.8/site-packages/airflow/example_dags/example_branch_labels.py
[2023-12-03T18:35:59.673+0000] {processor.py:839} INFO - DAG(s) dict_keys(['example_branch_labels']) retrieved from /home/airflow/.local/lib/python3.8/site-packages/airflow/example_dags/example_branch_labels.py
[2023-12-03T18:35:59.703+0000] {logging_mixin.py:154} INFO - [2023-12-03T18:35:59.703+0000] {dag.py:2941} INFO - Sync 1 DAGs
[2023-12-03T18:35:59.742+0000] {logging_mixin.py:154} INFO - [2023-12-03T18:35:59.742+0000] {dag.py:3722} INFO - Setting next_dagrun for example_branch_labels to 2023-12-02T00:00:00+00:00, run_after=2023-12-03T00:00:00+00:00
[2023-12-03T18:35:59.785+0000] {processor.py:179} INFO - Processing /home/airflow/.local/lib/python3.8/site-packages/airflow/example_dags/example_branch_labels.py took 0.136 seconds
[2023-12-03T18:36:30.121+0000] {processor.py:157} INFO - Started process (PID=787) to work on /home/airflow/.local/lib/python3.8/site-packages/airflow/example_dags/example_branch_labels.py
[2023-12-03T18:36:30.123+0000] {processor.py:829} INFO - Processing file /home/airflow/.local/lib/python3.8/site-packages/airflow/example_dags/example_branch_labels.py for tasks to queue
[2023-12-03T18:36:30.128+0000] {logging_mixin.py:154} INFO - [2023-12-03T18:36:30.127+0000] {dagbag.py:536} INFO - Filling up the DagBag from /home/airflow/.local/lib/python3.8/site-packages/airflow/example_dags/example_branch_labels.py
[2023-12-03T18:36:30.144+0000] {processor.py:839} INFO - DAG(s) dict_keys(['example_branch_labels']) retrieved from /home/airflow/.local/lib/python3.8/site-packages/airflow/example_dags/example_branch_labels.py
[2023-12-03T18:36:30.182+0000] {logging_mixin.py:154} INFO - [2023-12-03T18:36:30.182+0000] {dag.py:2941} INFO - Sync 1 DAGs
[2023-12-03T18:36:30.223+0000] {logging_mixin.py:154} INFO - [2023-12-03T18:36:30.222+0000] {dag.py:3722} INFO - Setting next_dagrun for example_branch_labels to 2023-12-02T00:00:00+00:00, run_after=2023-12-03T00:00:00+00:00
[2023-12-03T18:36:30.255+0000] {processor.py:179} INFO - Processing /home/airflow/.local/lib/python3.8/site-packages/airflow/example_dags/example_branch_labels.py took 0.140 seconds
[2023-12-03T18:37:01.103+0000] {processor.py:157} INFO - Started process (PID=842) to work on /home/airflow/.local/lib/python3.8/site-packages/airflow/example_dags/example_branch_labels.py
[2023-12-03T18:37:01.104+0000] {processor.py:829} INFO - Processing file /home/airflow/.local/lib/python3.8/site-packages/airflow/example_dags/example_branch_labels.py for tasks to queue
[2023-12-03T18:37:01.109+0000] {logging_mixin.py:154} INFO - [2023-12-03T18:37:01.108+0000] {dagbag.py:536} INFO - Filling up the DagBag from /home/airflow/.local/lib/python3.8/site-packages/airflow/example_dags/example_branch_labels.py
[2023-12-03T18:37:01.123+0000] {processor.py:839} INFO - DAG(s) dict_keys(['example_branch_labels']) retrieved from /home/airflow/.local/lib/python3.8/site-packages/airflow/example_dags/example_branch_labels.py
[2023-12-03T18:37:01.163+0000] {logging_mixin.py:154} INFO - [2023-12-03T18:37:01.163+0000] {dag.py:2941} INFO - Sync 1 DAGs
[2023-12-03T18:37:01.209+0000] {logging_mixin.py:154} INFO - [2023-12-03T18:37:01.208+0000] {dag.py:3722} INFO - Setting next_dagrun for example_branch_labels to 2023-12-02T00:00:00+00:00, run_after=2023-12-03T00:00:00+00:00
[2023-12-03T18:37:01.258+0000] {processor.py:179} INFO - Processing /home/airflow/.local/lib/python3.8/site-packages/airflow/example_dags/example_branch_labels.py took 0.161 seconds
[2023-12-03T18:37:32.192+0000] {processor.py:157} INFO - Started process (PID=897) to work on /home/airflow/.local/lib/python3.8/site-packages/airflow/example_dags/example_branch_labels.py
[2023-12-03T18:37:32.195+0000] {processor.py:829} INFO - Processing file /home/airflow/.local/lib/python3.8/site-packages/airflow/example_dags/example_branch_labels.py for tasks to queue
[2023-12-03T18:37:32.205+0000] {logging_mixin.py:154} INFO - [2023-12-03T18:37:32.203+0000] {dagbag.py:536} INFO - Filling up the DagBag from /home/airflow/.local/lib/python3.8/site-packages/airflow/example_dags/example_branch_labels.py
[2023-12-03T18:37:32.237+0000] {processor.py:839} INFO - DAG(s) dict_keys(['example_branch_labels']) retrieved from /home/airflow/.local/lib/python3.8/site-packages/airflow/example_dags/example_branch_labels.py
[2023-12-03T18:37:32.291+0000] {logging_mixin.py:154} INFO - [2023-12-03T18:37:32.290+0000] {dag.py:2941} INFO - Sync 1 DAGs
[2023-12-03T18:37:32.334+0000] {logging_mixin.py:154} INFO - [2023-12-03T18:37:32.334+0000] {dag.py:3722} INFO - Setting next_dagrun for example_branch_labels to 2023-12-02T00:00:00+00:00, run_after=2023-12-03T00:00:00+00:00
[2023-12-03T18:37:32.367+0000] {processor.py:179} INFO - Processing /home/airflow/.local/lib/python3.8/site-packages/airflow/example_dags/example_branch_labels.py took 0.185 seconds
[2023-12-03T18:38:02.877+0000] {processor.py:157} INFO - Started process (PID=952) to work on /home/airflow/.local/lib/python3.8/site-packages/airflow/example_dags/example_branch_labels.py
[2023-12-03T18:38:02.879+0000] {processor.py:829} INFO - Processing file /home/airflow/.local/lib/python3.8/site-packages/airflow/example_dags/example_branch_labels.py for tasks to queue
[2023-12-03T18:38:02.887+0000] {logging_mixin.py:154} INFO - [2023-12-03T18:38:02.886+0000] {dagbag.py:536} INFO - Filling up the DagBag from /home/airflow/.local/lib/python3.8/site-packages/airflow/example_dags/example_branch_labels.py
[2023-12-03T18:38:02.903+0000] {processor.py:839} INFO - DAG(s) dict_keys(['example_branch_labels']) retrieved from /home/airflow/.local/lib/python3.8/site-packages/airflow/example_dags/example_branch_labels.py
[2023-12-03T18:38:02.937+0000] {logging_mixin.py:154} INFO - [2023-12-03T18:38:02.937+0000] {dag.py:2941} INFO - Sync 1 DAGs
[2023-12-03T18:38:02.976+0000] {logging_mixin.py:154} INFO - [2023-12-03T18:38:02.975+0000] {dag.py:3722} INFO - Setting next_dagrun for example_branch_labels to 2023-12-02T00:00:00+00:00, run_after=2023-12-03T00:00:00+00:00
[2023-12-03T18:38:03.005+0000] {processor.py:179} INFO - Processing /home/airflow/.local/lib/python3.8/site-packages/airflow/example_dags/example_branch_labels.py took 0.137 seconds
[2023-12-03T18:38:33.280+0000] {processor.py:157} INFO - Started process (PID=1007) to work on /home/airflow/.local/lib/python3.8/site-packages/airflow/example_dags/example_branch_labels.py
[2023-12-03T18:38:33.283+0000] {processor.py:829} INFO - Processing file /home/airflow/.local/lib/python3.8/site-packages/airflow/example_dags/example_branch_labels.py for tasks to queue
[2023-12-03T18:38:33.287+0000] {logging_mixin.py:154} INFO - [2023-12-03T18:38:33.287+0000] {dagbag.py:536} INFO - Filling up the DagBag from /home/airflow/.local/lib/python3.8/site-packages/airflow/example_dags/example_branch_labels.py
[2023-12-03T18:38:33.301+0000] {processor.py:839} INFO - DAG(s) dict_keys(['example_branch_labels']) retrieved from /home/airflow/.local/lib/python3.8/site-packages/airflow/example_dags/example_branch_labels.py
[2023-12-03T18:38:33.337+0000] {logging_mixin.py:154} INFO - [2023-12-03T18:38:33.336+0000] {dag.py:2941} INFO - Sync 1 DAGs
[2023-12-03T18:38:33.372+0000] {logging_mixin.py:154} INFO - [2023-12-03T18:38:33.372+0000] {dag.py:3722} INFO - Setting next_dagrun for example_branch_labels to 2023-12-02T00:00:00+00:00, run_after=2023-12-03T00:00:00+00:00
[2023-12-03T18:38:33.412+0000] {processor.py:179} INFO - Processing /home/airflow/.local/lib/python3.8/site-packages/airflow/example_dags/example_branch_labels.py took 0.145 seconds
[2023-12-03T18:39:04.130+0000] {processor.py:157} INFO - Started process (PID=1062) to work on /home/airflow/.local/lib/python3.8/site-packages/airflow/example_dags/example_branch_labels.py
[2023-12-03T18:39:04.132+0000] {processor.py:829} INFO - Processing file /home/airflow/.local/lib/python3.8/site-packages/airflow/example_dags/example_branch_labels.py for tasks to queue
[2023-12-03T18:39:04.142+0000] {logging_mixin.py:154} INFO - [2023-12-03T18:39:04.140+0000] {dagbag.py:536} INFO - Filling up the DagBag from /home/airflow/.local/lib/python3.8/site-packages/airflow/example_dags/example_branch_labels.py
[2023-12-03T18:39:04.181+0000] {processor.py:839} INFO - DAG(s) dict_keys(['example_branch_labels']) retrieved from /home/airflow/.local/lib/python3.8/site-packages/airflow/example_dags/example_branch_labels.py
[2023-12-03T18:39:04.212+0000] {logging_mixin.py:154} INFO - [2023-12-03T18:39:04.212+0000] {dag.py:2941} INFO - Sync 1 DAGs
[2023-12-03T18:39:04.247+0000] {logging_mixin.py:154} INFO - [2023-12-03T18:39:04.247+0000] {dag.py:3722} INFO - Setting next_dagrun for example_branch_labels to 2023-12-02T00:00:00+00:00, run_after=2023-12-03T00:00:00+00:00
[2023-12-03T18:39:04.274+0000] {processor.py:179} INFO - Processing /home/airflow/.local/lib/python3.8/site-packages/airflow/example_dags/example_branch_labels.py took 0.155 seconds
[2023-12-03T18:39:34.423+0000] {processor.py:157} INFO - Started process (PID=1117) to work on /home/airflow/.local/lib/python3.8/site-packages/airflow/example_dags/example_branch_labels.py
[2023-12-03T18:39:34.425+0000] {processor.py:829} INFO - Processing file /home/airflow/.local/lib/python3.8/site-packages/airflow/example_dags/example_branch_labels.py for tasks to queue
[2023-12-03T18:39:34.433+0000] {logging_mixin.py:154} INFO - [2023-12-03T18:39:34.432+0000] {dagbag.py:536} INFO - Filling up the DagBag from /home/airflow/.local/lib/python3.8/site-packages/airflow/example_dags/example_branch_labels.py
[2023-12-03T18:39:34.445+0000] {processor.py:839} INFO - DAG(s) dict_keys(['example_branch_labels']) retrieved from /home/airflow/.local/lib/python3.8/site-packages/airflow/example_dags/example_branch_labels.py
[2023-12-03T18:39:34.480+0000] {logging_mixin.py:154} INFO - [2023-12-03T18:39:34.480+0000] {dag.py:2941} INFO - Sync 1 DAGs
[2023-12-03T18:39:34.518+0000] {logging_mixin.py:154} INFO - [2023-12-03T18:39:34.518+0000] {dag.py:3722} INFO - Setting next_dagrun for example_branch_labels to 2023-12-02T00:00:00+00:00, run_after=2023-12-03T00:00:00+00:00
[2023-12-03T18:39:34.563+0000] {processor.py:179} INFO - Processing /home/airflow/.local/lib/python3.8/site-packages/airflow/example_dags/example_branch_labels.py took 0.152 seconds
[2023-12-03T18:40:04.997+0000] {processor.py:157} INFO - Started process (PID=1172) to work on /home/airflow/.local/lib/python3.8/site-packages/airflow/example_dags/example_branch_labels.py
[2023-12-03T18:40:04.999+0000] {processor.py:829} INFO - Processing file /home/airflow/.local/lib/python3.8/site-packages/airflow/example_dags/example_branch_labels.py for tasks to queue
[2023-12-03T18:40:05.005+0000] {logging_mixin.py:154} INFO - [2023-12-03T18:40:05.004+0000] {dagbag.py:536} INFO - Filling up the DagBag from /home/airflow/.local/lib/python3.8/site-packages/airflow/example_dags/example_branch_labels.py
[2023-12-03T18:40:05.021+0000] {processor.py:839} INFO - DAG(s) dict_keys(['example_branch_labels']) retrieved from /home/airflow/.local/lib/python3.8/site-packages/airflow/example_dags/example_branch_labels.py
[2023-12-03T18:40:05.058+0000] {logging_mixin.py:154} INFO - [2023-12-03T18:40:05.058+0000] {dag.py:2941} INFO - Sync 1 DAGs
[2023-12-03T18:40:05.112+0000] {logging_mixin.py:154} INFO - [2023-12-03T18:40:05.111+0000] {dag.py:3722} INFO - Setting next_dagrun for example_branch_labels to 2023-12-02T00:00:00+00:00, run_after=2023-12-03T00:00:00+00:00
[2023-12-03T18:40:05.149+0000] {processor.py:179} INFO - Processing /home/airflow/.local/lib/python3.8/site-packages/airflow/example_dags/example_branch_labels.py took 0.158 seconds
[2023-12-03T18:41:32.148+0000] {processor.py:157} INFO - Started process (PID=57) to work on /home/airflow/.local/lib/python3.8/site-packages/airflow/example_dags/example_branch_labels.py
[2023-12-03T18:41:32.150+0000] {processor.py:829} INFO - Processing file /home/airflow/.local/lib/python3.8/site-packages/airflow/example_dags/example_branch_labels.py for tasks to queue
[2023-12-03T18:41:32.154+0000] {logging_mixin.py:154} INFO - [2023-12-03T18:41:32.153+0000] {dagbag.py:536} INFO - Filling up the DagBag from /home/airflow/.local/lib/python3.8/site-packages/airflow/example_dags/example_branch_labels.py
[2023-12-03T18:41:32.168+0000] {processor.py:839} INFO - DAG(s) dict_keys(['example_branch_labels']) retrieved from /home/airflow/.local/lib/python3.8/site-packages/airflow/example_dags/example_branch_labels.py
[2023-12-03T18:41:32.189+0000] {logging_mixin.py:154} INFO - [2023-12-03T18:41:32.189+0000] {dag.py:2941} INFO - Sync 1 DAGs
[2023-12-03T18:41:32.237+0000] {logging_mixin.py:154} INFO - [2023-12-03T18:41:32.237+0000] {dag.py:3722} INFO - Setting next_dagrun for example_branch_labels to 2023-12-02T00:00:00+00:00, run_after=2023-12-03T00:00:00+00:00
[2023-12-03T18:41:32.273+0000] {processor.py:179} INFO - Processing /home/airflow/.local/lib/python3.8/site-packages/airflow/example_dags/example_branch_labels.py took 0.130 seconds
[2023-12-03T18:41:57.251+0000] {processor.py:157} INFO - Started process (PID=56) to work on /home/airflow/.local/lib/python3.8/site-packages/airflow/example_dags/example_branch_labels.py
[2023-12-03T18:41:57.253+0000] {processor.py:829} INFO - Processing file /home/airflow/.local/lib/python3.8/site-packages/airflow/example_dags/example_branch_labels.py for tasks to queue
[2023-12-03T18:41:57.257+0000] {logging_mixin.py:154} INFO - [2023-12-03T18:41:57.256+0000] {dagbag.py:536} INFO - Filling up the DagBag from /home/airflow/.local/lib/python3.8/site-packages/airflow/example_dags/example_branch_labels.py
[2023-12-03T18:41:57.268+0000] {processor.py:839} INFO - DAG(s) dict_keys(['example_branch_labels']) retrieved from /home/airflow/.local/lib/python3.8/site-packages/airflow/example_dags/example_branch_labels.py
[2023-12-03T18:41:57.307+0000] {logging_mixin.py:154} INFO - [2023-12-03T18:41:57.306+0000] {dag.py:2941} INFO - Sync 1 DAGs
[2023-12-03T18:41:57.344+0000] {logging_mixin.py:154} INFO - [2023-12-03T18:41:57.344+0000] {dag.py:3722} INFO - Setting next_dagrun for example_branch_labels to 2023-12-02T00:00:00+00:00, run_after=2023-12-03T00:00:00+00:00
[2023-12-03T18:41:57.381+0000] {processor.py:179} INFO - Processing /home/airflow/.local/lib/python3.8/site-packages/airflow/example_dags/example_branch_labels.py took 0.135 seconds
[2023-12-03T18:42:27.832+0000] {processor.py:157} INFO - Started process (PID=111) to work on /home/airflow/.local/lib/python3.8/site-packages/airflow/example_dags/example_branch_labels.py
[2023-12-03T18:42:27.834+0000] {processor.py:829} INFO - Processing file /home/airflow/.local/lib/python3.8/site-packages/airflow/example_dags/example_branch_labels.py for tasks to queue
[2023-12-03T18:42:27.838+0000] {logging_mixin.py:154} INFO - [2023-12-03T18:42:27.837+0000] {dagbag.py:536} INFO - Filling up the DagBag from /home/airflow/.local/lib/python3.8/site-packages/airflow/example_dags/example_branch_labels.py
[2023-12-03T18:42:27.851+0000] {processor.py:839} INFO - DAG(s) dict_keys(['example_branch_labels']) retrieved from /home/airflow/.local/lib/python3.8/site-packages/airflow/example_dags/example_branch_labels.py
[2023-12-03T18:42:27.886+0000] {logging_mixin.py:154} INFO - [2023-12-03T18:42:27.886+0000] {dag.py:2941} INFO - Sync 1 DAGs
[2023-12-03T18:42:27.930+0000] {logging_mixin.py:154} INFO - [2023-12-03T18:42:27.929+0000] {dag.py:3722} INFO - Setting next_dagrun for example_branch_labels to 2023-12-02T00:00:00+00:00, run_after=2023-12-03T00:00:00+00:00
[2023-12-03T18:42:27.962+0000] {processor.py:179} INFO - Processing /home/airflow/.local/lib/python3.8/site-packages/airflow/example_dags/example_branch_labels.py took 0.135 seconds
[2023-12-03T18:42:58.958+0000] {processor.py:157} INFO - Started process (PID=167) to work on /home/airflow/.local/lib/python3.8/site-packages/airflow/example_dags/example_branch_labels.py
[2023-12-03T18:42:58.959+0000] {processor.py:829} INFO - Processing file /home/airflow/.local/lib/python3.8/site-packages/airflow/example_dags/example_branch_labels.py for tasks to queue
[2023-12-03T18:42:58.962+0000] {logging_mixin.py:154} INFO - [2023-12-03T18:42:58.962+0000] {dagbag.py:536} INFO - Filling up the DagBag from /home/airflow/.local/lib/python3.8/site-packages/airflow/example_dags/example_branch_labels.py
[2023-12-03T18:42:58.976+0000] {processor.py:839} INFO - DAG(s) dict_keys(['example_branch_labels']) retrieved from /home/airflow/.local/lib/python3.8/site-packages/airflow/example_dags/example_branch_labels.py
[2023-12-03T18:42:59.006+0000] {logging_mixin.py:154} INFO - [2023-12-03T18:42:59.006+0000] {dag.py:2941} INFO - Sync 1 DAGs
[2023-12-03T18:42:59.041+0000] {logging_mixin.py:154} INFO - [2023-12-03T18:42:59.041+0000] {dag.py:3722} INFO - Setting next_dagrun for example_branch_labels to 2023-12-02T00:00:00+00:00, run_after=2023-12-03T00:00:00+00:00
[2023-12-03T18:42:59.071+0000] {processor.py:179} INFO - Processing /home/airflow/.local/lib/python3.8/site-packages/airflow/example_dags/example_branch_labels.py took 0.119 seconds
[2023-12-03T18:43:29.820+0000] {processor.py:157} INFO - Started process (PID=222) to work on /home/airflow/.local/lib/python3.8/site-packages/airflow/example_dags/example_branch_labels.py
[2023-12-03T18:43:29.821+0000] {processor.py:829} INFO - Processing file /home/airflow/.local/lib/python3.8/site-packages/airflow/example_dags/example_branch_labels.py for tasks to queue
[2023-12-03T18:43:29.825+0000] {logging_mixin.py:154} INFO - [2023-12-03T18:43:29.824+0000] {dagbag.py:536} INFO - Filling up the DagBag from /home/airflow/.local/lib/python3.8/site-packages/airflow/example_dags/example_branch_labels.py
[2023-12-03T18:43:29.835+0000] {processor.py:839} INFO - DAG(s) dict_keys(['example_branch_labels']) retrieved from /home/airflow/.local/lib/python3.8/site-packages/airflow/example_dags/example_branch_labels.py
[2023-12-03T18:43:29.871+0000] {logging_mixin.py:154} INFO - [2023-12-03T18:43:29.871+0000] {dag.py:2941} INFO - Sync 1 DAGs
[2023-12-03T18:43:29.915+0000] {logging_mixin.py:154} INFO - [2023-12-03T18:43:29.914+0000] {dag.py:3722} INFO - Setting next_dagrun for example_branch_labels to 2023-12-02T00:00:00+00:00, run_after=2023-12-03T00:00:00+00:00
[2023-12-03T18:43:29.948+0000] {processor.py:179} INFO - Processing /home/airflow/.local/lib/python3.8/site-packages/airflow/example_dags/example_branch_labels.py took 0.131 seconds
[2023-12-03T18:44:00.657+0000] {processor.py:157} INFO - Started process (PID=277) to work on /home/airflow/.local/lib/python3.8/site-packages/airflow/example_dags/example_branch_labels.py
[2023-12-03T18:44:00.659+0000] {processor.py:829} INFO - Processing file /home/airflow/.local/lib/python3.8/site-packages/airflow/example_dags/example_branch_labels.py for tasks to queue
[2023-12-03T18:44:00.662+0000] {logging_mixin.py:154} INFO - [2023-12-03T18:44:00.661+0000] {dagbag.py:536} INFO - Filling up the DagBag from /home/airflow/.local/lib/python3.8/site-packages/airflow/example_dags/example_branch_labels.py
[2023-12-03T18:44:00.672+0000] {processor.py:839} INFO - DAG(s) dict_keys(['example_branch_labels']) retrieved from /home/airflow/.local/lib/python3.8/site-packages/airflow/example_dags/example_branch_labels.py
[2023-12-03T18:44:00.714+0000] {logging_mixin.py:154} INFO - [2023-12-03T18:44:00.713+0000] {dag.py:2941} INFO - Sync 1 DAGs
[2023-12-03T18:44:00.746+0000] {logging_mixin.py:154} INFO - [2023-12-03T18:44:00.745+0000] {dag.py:3722} INFO - Setting next_dagrun for example_branch_labels to 2023-12-02T00:00:00+00:00, run_after=2023-12-03T00:00:00+00:00
[2023-12-03T18:44:00.793+0000] {processor.py:179} INFO - Processing /home/airflow/.local/lib/python3.8/site-packages/airflow/example_dags/example_branch_labels.py took 0.140 seconds
[2023-12-03T18:44:31.270+0000] {processor.py:157} INFO - Started process (PID=332) to work on /home/airflow/.local/lib/python3.8/site-packages/airflow/example_dags/example_branch_labels.py
[2023-12-03T18:44:31.271+0000] {processor.py:829} INFO - Processing file /home/airflow/.local/lib/python3.8/site-packages/airflow/example_dags/example_branch_labels.py for tasks to queue
[2023-12-03T18:44:31.277+0000] {logging_mixin.py:154} INFO - [2023-12-03T18:44:31.276+0000] {dagbag.py:536} INFO - Filling up the DagBag from /home/airflow/.local/lib/python3.8/site-packages/airflow/example_dags/example_branch_labels.py
[2023-12-03T18:44:31.289+0000] {processor.py:839} INFO - DAG(s) dict_keys(['example_branch_labels']) retrieved from /home/airflow/.local/lib/python3.8/site-packages/airflow/example_dags/example_branch_labels.py
[2023-12-03T18:44:31.321+0000] {logging_mixin.py:154} INFO - [2023-12-03T18:44:31.321+0000] {dag.py:2941} INFO - Sync 1 DAGs
[2023-12-03T18:44:31.357+0000] {logging_mixin.py:154} INFO - [2023-12-03T18:44:31.357+0000] {dag.py:3722} INFO - Setting next_dagrun for example_branch_labels to 2023-12-02T00:00:00+00:00, run_after=2023-12-03T00:00:00+00:00
[2023-12-03T18:44:31.391+0000] {processor.py:179} INFO - Processing /home/airflow/.local/lib/python3.8/site-packages/airflow/example_dags/example_branch_labels.py took 0.126 seconds
[2023-12-03T18:48:28.706+0000] {processor.py:157} INFO - Started process (PID=60) to work on /home/airflow/.local/lib/python3.8/site-packages/airflow/example_dags/example_branch_labels.py
[2023-12-03T18:48:28.707+0000] {processor.py:829} INFO - Processing file /home/airflow/.local/lib/python3.8/site-packages/airflow/example_dags/example_branch_labels.py for tasks to queue
[2023-12-03T18:48:28.713+0000] {logging_mixin.py:154} INFO - [2023-12-03T18:48:28.712+0000] {dagbag.py:536} INFO - Filling up the DagBag from /home/airflow/.local/lib/python3.8/site-packages/airflow/example_dags/example_branch_labels.py
[2023-12-03T18:48:28.732+0000] {processor.py:839} INFO - DAG(s) dict_keys(['example_branch_labels']) retrieved from /home/airflow/.local/lib/python3.8/site-packages/airflow/example_dags/example_branch_labels.py
[2023-12-03T18:48:28.756+0000] {logging_mixin.py:154} INFO - [2023-12-03T18:48:28.755+0000] {dag.py:2941} INFO - Sync 1 DAGs
[2023-12-03T18:48:28.802+0000] {logging_mixin.py:154} INFO - [2023-12-03T18:48:28.801+0000] {dag.py:3722} INFO - Setting next_dagrun for example_branch_labels to 2023-12-02T00:00:00+00:00, run_after=2023-12-03T00:00:00+00:00
[2023-12-03T18:48:28.843+0000] {processor.py:179} INFO - Processing /home/airflow/.local/lib/python3.8/site-packages/airflow/example_dags/example_branch_labels.py took 0.141 seconds
[2023-12-03T18:48:59.599+0000] {processor.py:157} INFO - Started process (PID=115) to work on /home/airflow/.local/lib/python3.8/site-packages/airflow/example_dags/example_branch_labels.py
[2023-12-03T18:48:59.602+0000] {processor.py:829} INFO - Processing file /home/airflow/.local/lib/python3.8/site-packages/airflow/example_dags/example_branch_labels.py for tasks to queue
[2023-12-03T18:48:59.611+0000] {logging_mixin.py:154} INFO - [2023-12-03T18:48:59.610+0000] {dagbag.py:536} INFO - Filling up the DagBag from /home/airflow/.local/lib/python3.8/site-packages/airflow/example_dags/example_branch_labels.py
[2023-12-03T18:48:59.643+0000] {processor.py:839} INFO - DAG(s) dict_keys(['example_branch_labels']) retrieved from /home/airflow/.local/lib/python3.8/site-packages/airflow/example_dags/example_branch_labels.py
[2023-12-03T18:48:59.697+0000] {logging_mixin.py:154} INFO - [2023-12-03T18:48:59.697+0000] {dag.py:2941} INFO - Sync 1 DAGs
[2023-12-03T18:48:59.757+0000] {logging_mixin.py:154} INFO - [2023-12-03T18:48:59.757+0000] {dag.py:3722} INFO - Setting next_dagrun for example_branch_labels to 2023-12-02T00:00:00+00:00, run_after=2023-12-03T00:00:00+00:00
[2023-12-03T18:48:59.793+0000] {processor.py:179} INFO - Processing /home/airflow/.local/lib/python3.8/site-packages/airflow/example_dags/example_branch_labels.py took 0.208 seconds
[2023-12-03T18:49:29.893+0000] {processor.py:157} INFO - Started process (PID=170) to work on /home/airflow/.local/lib/python3.8/site-packages/airflow/example_dags/example_branch_labels.py
[2023-12-03T18:49:29.895+0000] {processor.py:829} INFO - Processing file /home/airflow/.local/lib/python3.8/site-packages/airflow/example_dags/example_branch_labels.py for tasks to queue
[2023-12-03T18:49:29.899+0000] {logging_mixin.py:154} INFO - [2023-12-03T18:49:29.899+0000] {dagbag.py:536} INFO - Filling up the DagBag from /home/airflow/.local/lib/python3.8/site-packages/airflow/example_dags/example_branch_labels.py
[2023-12-03T18:49:29.914+0000] {processor.py:839} INFO - DAG(s) dict_keys(['example_branch_labels']) retrieved from /home/airflow/.local/lib/python3.8/site-packages/airflow/example_dags/example_branch_labels.py
[2023-12-03T18:49:29.944+0000] {logging_mixin.py:154} INFO - [2023-12-03T18:49:29.944+0000] {dag.py:2941} INFO - Sync 1 DAGs
[2023-12-03T18:49:29.978+0000] {logging_mixin.py:154} INFO - [2023-12-03T18:49:29.978+0000] {dag.py:3722} INFO - Setting next_dagrun for example_branch_labels to 2023-12-02T00:00:00+00:00, run_after=2023-12-03T00:00:00+00:00
[2023-12-03T18:49:30.021+0000] {processor.py:179} INFO - Processing /home/airflow/.local/lib/python3.8/site-packages/airflow/example_dags/example_branch_labels.py took 0.134 seconds
