[2023-12-03T18:18:45.005+0000] {processor.py:157} INFO - Started process (PID=36) to work on /home/airflow/.local/lib/python3.8/site-packages/airflow/example_dags/example_branch_operator.py
[2023-12-03T18:18:45.007+0000] {processor.py:829} INFO - Processing file /home/airflow/.local/lib/python3.8/site-packages/airflow/example_dags/example_branch_operator.py for tasks to queue
[2023-12-03T18:18:45.014+0000] {logging_mixin.py:154} INFO - [2023-12-03T18:18:45.013+0000] {dagbag.py:536} INFO - Filling up the DagBag from /home/airflow/.local/lib/python3.8/site-packages/airflow/example_dags/example_branch_operator.py
[2023-12-03T18:18:45.041+0000] {processor.py:839} INFO - DAG(s) dict_keys(['example_branch_operator']) retrieved from /home/airflow/.local/lib/python3.8/site-packages/airflow/example_dags/example_branch_operator.py
[2023-12-03T18:18:45.137+0000] {logging_mixin.py:154} INFO - [2023-12-03T18:18:45.137+0000] {dag.py:2941} INFO - Sync 1 DAGs
[2023-12-03T18:18:45.209+0000] {logging_mixin.py:154} INFO - [2023-12-03T18:18:45.208+0000] {dag.py:3722} INFO - Setting next_dagrun for example_branch_operator to 2023-12-02T00:00:00+00:00, run_after=2023-12-03T00:00:00+00:00
[2023-12-03T18:18:45.260+0000] {processor.py:179} INFO - Processing /home/airflow/.local/lib/python3.8/site-packages/airflow/example_dags/example_branch_operator.py took 0.261 seconds
[2023-12-03T18:19:15.459+0000] {processor.py:157} INFO - Started process (PID=90) to work on /home/airflow/.local/lib/python3.8/site-packages/airflow/example_dags/example_branch_operator.py
[2023-12-03T18:19:15.462+0000] {processor.py:829} INFO - Processing file /home/airflow/.local/lib/python3.8/site-packages/airflow/example_dags/example_branch_operator.py for tasks to queue
[2023-12-03T18:19:15.470+0000] {logging_mixin.py:154} INFO - [2023-12-03T18:19:15.469+0000] {dagbag.py:536} INFO - Filling up the DagBag from /home/airflow/.local/lib/python3.8/site-packages/airflow/example_dags/example_branch_operator.py
[2023-12-03T18:19:15.499+0000] {processor.py:839} INFO - DAG(s) dict_keys(['example_branch_operator']) retrieved from /home/airflow/.local/lib/python3.8/site-packages/airflow/example_dags/example_branch_operator.py
[2023-12-03T18:19:15.563+0000] {logging_mixin.py:154} INFO - [2023-12-03T18:19:15.562+0000] {dag.py:2941} INFO - Sync 1 DAGs
[2023-12-03T18:19:15.625+0000] {logging_mixin.py:154} INFO - [2023-12-03T18:19:15.624+0000] {dag.py:3722} INFO - Setting next_dagrun for example_branch_operator to 2023-12-02T00:00:00+00:00, run_after=2023-12-03T00:00:00+00:00
[2023-12-03T18:19:15.678+0000] {processor.py:179} INFO - Processing /home/airflow/.local/lib/python3.8/site-packages/airflow/example_dags/example_branch_operator.py took 0.232 seconds
[2023-12-03T18:19:46.298+0000] {processor.py:157} INFO - Started process (PID=144) to work on /home/airflow/.local/lib/python3.8/site-packages/airflow/example_dags/example_branch_operator.py
[2023-12-03T18:19:46.300+0000] {processor.py:829} INFO - Processing file /home/airflow/.local/lib/python3.8/site-packages/airflow/example_dags/example_branch_operator.py for tasks to queue
[2023-12-03T18:19:46.309+0000] {logging_mixin.py:154} INFO - [2023-12-03T18:19:46.307+0000] {dagbag.py:536} INFO - Filling up the DagBag from /home/airflow/.local/lib/python3.8/site-packages/airflow/example_dags/example_branch_operator.py
[2023-12-03T18:19:46.342+0000] {processor.py:839} INFO - DAG(s) dict_keys(['example_branch_operator']) retrieved from /home/airflow/.local/lib/python3.8/site-packages/airflow/example_dags/example_branch_operator.py
[2023-12-03T18:19:46.373+0000] {logging_mixin.py:154} INFO - [2023-12-03T18:19:46.373+0000] {dag.py:2941} INFO - Sync 1 DAGs
[2023-12-03T18:19:46.440+0000] {logging_mixin.py:154} INFO - [2023-12-03T18:19:46.439+0000] {dag.py:3722} INFO - Setting next_dagrun for example_branch_operator to 2023-12-02T00:00:00+00:00, run_after=2023-12-03T00:00:00+00:00
[2023-12-03T18:19:46.487+0000] {processor.py:179} INFO - Processing /home/airflow/.local/lib/python3.8/site-packages/airflow/example_dags/example_branch_operator.py took 0.197 seconds
[2023-12-03T18:20:16.903+0000] {processor.py:157} INFO - Started process (PID=198) to work on /home/airflow/.local/lib/python3.8/site-packages/airflow/example_dags/example_branch_operator.py
[2023-12-03T18:20:16.906+0000] {processor.py:829} INFO - Processing file /home/airflow/.local/lib/python3.8/site-packages/airflow/example_dags/example_branch_operator.py for tasks to queue
[2023-12-03T18:20:16.913+0000] {logging_mixin.py:154} INFO - [2023-12-03T18:20:16.912+0000] {dagbag.py:536} INFO - Filling up the DagBag from /home/airflow/.local/lib/python3.8/site-packages/airflow/example_dags/example_branch_operator.py
[2023-12-03T18:20:16.950+0000] {processor.py:839} INFO - DAG(s) dict_keys(['example_branch_operator']) retrieved from /home/airflow/.local/lib/python3.8/site-packages/airflow/example_dags/example_branch_operator.py
[2023-12-03T18:20:16.990+0000] {logging_mixin.py:154} INFO - [2023-12-03T18:20:16.989+0000] {dag.py:2941} INFO - Sync 1 DAGs
[2023-12-03T18:20:17.025+0000] {logging_mixin.py:154} INFO - [2023-12-03T18:20:17.025+0000] {dag.py:3722} INFO - Setting next_dagrun for example_branch_operator to 2023-12-02T00:00:00+00:00, run_after=2023-12-03T00:00:00+00:00
[2023-12-03T18:20:17.070+0000] {processor.py:179} INFO - Processing /home/airflow/.local/lib/python3.8/site-packages/airflow/example_dags/example_branch_operator.py took 0.178 seconds
[2023-12-03T18:20:47.276+0000] {processor.py:157} INFO - Started process (PID=252) to work on /home/airflow/.local/lib/python3.8/site-packages/airflow/example_dags/example_branch_operator.py
[2023-12-03T18:20:47.278+0000] {processor.py:829} INFO - Processing file /home/airflow/.local/lib/python3.8/site-packages/airflow/example_dags/example_branch_operator.py for tasks to queue
[2023-12-03T18:20:47.287+0000] {logging_mixin.py:154} INFO - [2023-12-03T18:20:47.286+0000] {dagbag.py:536} INFO - Filling up the DagBag from /home/airflow/.local/lib/python3.8/site-packages/airflow/example_dags/example_branch_operator.py
[2023-12-03T18:20:47.315+0000] {processor.py:839} INFO - DAG(s) dict_keys(['example_branch_operator']) retrieved from /home/airflow/.local/lib/python3.8/site-packages/airflow/example_dags/example_branch_operator.py
[2023-12-03T18:20:47.361+0000] {logging_mixin.py:154} INFO - [2023-12-03T18:20:47.360+0000] {dag.py:2941} INFO - Sync 1 DAGs
[2023-12-03T18:20:47.414+0000] {logging_mixin.py:154} INFO - [2023-12-03T18:20:47.414+0000] {dag.py:3722} INFO - Setting next_dagrun for example_branch_operator to 2023-12-02T00:00:00+00:00, run_after=2023-12-03T00:00:00+00:00
[2023-12-03T18:20:47.455+0000] {processor.py:179} INFO - Processing /home/airflow/.local/lib/python3.8/site-packages/airflow/example_dags/example_branch_operator.py took 0.188 seconds
[2023-12-03T18:21:17.983+0000] {processor.py:157} INFO - Started process (PID=306) to work on /home/airflow/.local/lib/python3.8/site-packages/airflow/example_dags/example_branch_operator.py
[2023-12-03T18:21:17.985+0000] {processor.py:829} INFO - Processing file /home/airflow/.local/lib/python3.8/site-packages/airflow/example_dags/example_branch_operator.py for tasks to queue
[2023-12-03T18:21:17.993+0000] {logging_mixin.py:154} INFO - [2023-12-03T18:21:17.992+0000] {dagbag.py:536} INFO - Filling up the DagBag from /home/airflow/.local/lib/python3.8/site-packages/airflow/example_dags/example_branch_operator.py
[2023-12-03T18:21:18.022+0000] {processor.py:839} INFO - DAG(s) dict_keys(['example_branch_operator']) retrieved from /home/airflow/.local/lib/python3.8/site-packages/airflow/example_dags/example_branch_operator.py
[2023-12-03T18:21:18.055+0000] {logging_mixin.py:154} INFO - [2023-12-03T18:21:18.054+0000] {dag.py:2941} INFO - Sync 1 DAGs
[2023-12-03T18:21:18.097+0000] {logging_mixin.py:154} INFO - [2023-12-03T18:21:18.097+0000] {dag.py:3722} INFO - Setting next_dagrun for example_branch_operator to 2023-12-02T00:00:00+00:00, run_after=2023-12-03T00:00:00+00:00
[2023-12-03T18:21:18.137+0000] {processor.py:179} INFO - Processing /home/airflow/.local/lib/python3.8/site-packages/airflow/example_dags/example_branch_operator.py took 0.164 seconds
[2023-12-03T18:21:48.291+0000] {processor.py:157} INFO - Started process (PID=360) to work on /home/airflow/.local/lib/python3.8/site-packages/airflow/example_dags/example_branch_operator.py
[2023-12-03T18:21:48.293+0000] {processor.py:829} INFO - Processing file /home/airflow/.local/lib/python3.8/site-packages/airflow/example_dags/example_branch_operator.py for tasks to queue
[2023-12-03T18:21:48.298+0000] {logging_mixin.py:154} INFO - [2023-12-03T18:21:48.297+0000] {dagbag.py:536} INFO - Filling up the DagBag from /home/airflow/.local/lib/python3.8/site-packages/airflow/example_dags/example_branch_operator.py
[2023-12-03T18:21:48.311+0000] {processor.py:839} INFO - DAG(s) dict_keys(['example_branch_operator']) retrieved from /home/airflow/.local/lib/python3.8/site-packages/airflow/example_dags/example_branch_operator.py
[2023-12-03T18:21:48.343+0000] {logging_mixin.py:154} INFO - [2023-12-03T18:21:48.343+0000] {dag.py:2941} INFO - Sync 1 DAGs
[2023-12-03T18:21:48.373+0000] {logging_mixin.py:154} INFO - [2023-12-03T18:21:48.373+0000] {dag.py:3722} INFO - Setting next_dagrun for example_branch_operator to 2023-12-02T00:00:00+00:00, run_after=2023-12-03T00:00:00+00:00
[2023-12-03T18:21:48.409+0000] {processor.py:179} INFO - Processing /home/airflow/.local/lib/python3.8/site-packages/airflow/example_dags/example_branch_operator.py took 0.123 seconds
[2023-12-03T18:22:18.588+0000] {processor.py:157} INFO - Started process (PID=414) to work on /home/airflow/.local/lib/python3.8/site-packages/airflow/example_dags/example_branch_operator.py
[2023-12-03T18:22:18.591+0000] {processor.py:829} INFO - Processing file /home/airflow/.local/lib/python3.8/site-packages/airflow/example_dags/example_branch_operator.py for tasks to queue
[2023-12-03T18:22:18.600+0000] {logging_mixin.py:154} INFO - [2023-12-03T18:22:18.599+0000] {dagbag.py:536} INFO - Filling up the DagBag from /home/airflow/.local/lib/python3.8/site-packages/airflow/example_dags/example_branch_operator.py
[2023-12-03T18:22:18.627+0000] {processor.py:839} INFO - DAG(s) dict_keys(['example_branch_operator']) retrieved from /home/airflow/.local/lib/python3.8/site-packages/airflow/example_dags/example_branch_operator.py
[2023-12-03T18:22:18.687+0000] {logging_mixin.py:154} INFO - [2023-12-03T18:22:18.686+0000] {dag.py:2941} INFO - Sync 1 DAGs
[2023-12-03T18:22:18.749+0000] {logging_mixin.py:154} INFO - [2023-12-03T18:22:18.749+0000] {dag.py:3722} INFO - Setting next_dagrun for example_branch_operator to 2023-12-02T00:00:00+00:00, run_after=2023-12-03T00:00:00+00:00
[2023-12-03T18:22:18.786+0000] {processor.py:179} INFO - Processing /home/airflow/.local/lib/python3.8/site-packages/airflow/example_dags/example_branch_operator.py took 0.208 seconds
[2023-12-03T18:22:49.197+0000] {processor.py:157} INFO - Started process (PID=468) to work on /home/airflow/.local/lib/python3.8/site-packages/airflow/example_dags/example_branch_operator.py
[2023-12-03T18:22:49.200+0000] {processor.py:829} INFO - Processing file /home/airflow/.local/lib/python3.8/site-packages/airflow/example_dags/example_branch_operator.py for tasks to queue
[2023-12-03T18:22:49.207+0000] {logging_mixin.py:154} INFO - [2023-12-03T18:22:49.205+0000] {dagbag.py:536} INFO - Filling up the DagBag from /home/airflow/.local/lib/python3.8/site-packages/airflow/example_dags/example_branch_operator.py
[2023-12-03T18:22:49.237+0000] {processor.py:839} INFO - DAG(s) dict_keys(['example_branch_operator']) retrieved from /home/airflow/.local/lib/python3.8/site-packages/airflow/example_dags/example_branch_operator.py
[2023-12-03T18:22:49.295+0000] {logging_mixin.py:154} INFO - [2023-12-03T18:22:49.295+0000] {dag.py:2941} INFO - Sync 1 DAGs
[2023-12-03T18:22:49.352+0000] {logging_mixin.py:154} INFO - [2023-12-03T18:22:49.352+0000] {dag.py:3722} INFO - Setting next_dagrun for example_branch_operator to 2023-12-02T00:00:00+00:00, run_after=2023-12-03T00:00:00+00:00
[2023-12-03T18:22:49.394+0000] {processor.py:179} INFO - Processing /home/airflow/.local/lib/python3.8/site-packages/airflow/example_dags/example_branch_operator.py took 0.206 seconds
[2023-12-03T18:23:54.914+0000] {processor.py:157} INFO - Started process (PID=36) to work on /home/airflow/.local/lib/python3.8/site-packages/airflow/example_dags/example_branch_operator.py
[2023-12-03T18:23:54.916+0000] {processor.py:829} INFO - Processing file /home/airflow/.local/lib/python3.8/site-packages/airflow/example_dags/example_branch_operator.py for tasks to queue
[2023-12-03T18:23:54.920+0000] {logging_mixin.py:154} INFO - [2023-12-03T18:23:54.919+0000] {dagbag.py:536} INFO - Filling up the DagBag from /home/airflow/.local/lib/python3.8/site-packages/airflow/example_dags/example_branch_operator.py
[2023-12-03T18:23:54.947+0000] {processor.py:839} INFO - DAG(s) dict_keys(['example_branch_operator']) retrieved from /home/airflow/.local/lib/python3.8/site-packages/airflow/example_dags/example_branch_operator.py
[2023-12-03T18:23:55.008+0000] {logging_mixin.py:154} INFO - [2023-12-03T18:23:55.008+0000] {dag.py:2941} INFO - Sync 1 DAGs
[2023-12-03T18:23:55.066+0000] {logging_mixin.py:154} INFO - [2023-12-03T18:23:55.066+0000] {dag.py:3722} INFO - Setting next_dagrun for example_branch_operator to 2023-12-02T00:00:00+00:00, run_after=2023-12-03T00:00:00+00:00
[2023-12-03T18:23:55.114+0000] {processor.py:179} INFO - Processing /home/airflow/.local/lib/python3.8/site-packages/airflow/example_dags/example_branch_operator.py took 0.207 seconds
[2023-12-03T18:24:25.285+0000] {processor.py:157} INFO - Started process (PID=90) to work on /home/airflow/.local/lib/python3.8/site-packages/airflow/example_dags/example_branch_operator.py
[2023-12-03T18:24:25.288+0000] {processor.py:829} INFO - Processing file /home/airflow/.local/lib/python3.8/site-packages/airflow/example_dags/example_branch_operator.py for tasks to queue
[2023-12-03T18:24:25.292+0000] {logging_mixin.py:154} INFO - [2023-12-03T18:24:25.291+0000] {dagbag.py:536} INFO - Filling up the DagBag from /home/airflow/.local/lib/python3.8/site-packages/airflow/example_dags/example_branch_operator.py
[2023-12-03T18:24:25.306+0000] {processor.py:839} INFO - DAG(s) dict_keys(['example_branch_operator']) retrieved from /home/airflow/.local/lib/python3.8/site-packages/airflow/example_dags/example_branch_operator.py
[2023-12-03T18:24:25.340+0000] {logging_mixin.py:154} INFO - [2023-12-03T18:24:25.339+0000] {dag.py:2941} INFO - Sync 1 DAGs
[2023-12-03T18:24:25.378+0000] {logging_mixin.py:154} INFO - [2023-12-03T18:24:25.378+0000] {dag.py:3722} INFO - Setting next_dagrun for example_branch_operator to 2023-12-02T00:00:00+00:00, run_after=2023-12-03T00:00:00+00:00
[2023-12-03T18:24:25.418+0000] {processor.py:179} INFO - Processing /home/airflow/.local/lib/python3.8/site-packages/airflow/example_dags/example_branch_operator.py took 0.143 seconds
[2023-12-03T18:24:55.595+0000] {processor.py:157} INFO - Started process (PID=144) to work on /home/airflow/.local/lib/python3.8/site-packages/airflow/example_dags/example_branch_operator.py
[2023-12-03T18:24:55.597+0000] {processor.py:829} INFO - Processing file /home/airflow/.local/lib/python3.8/site-packages/airflow/example_dags/example_branch_operator.py for tasks to queue
[2023-12-03T18:24:55.605+0000] {logging_mixin.py:154} INFO - [2023-12-03T18:24:55.604+0000] {dagbag.py:536} INFO - Filling up the DagBag from /home/airflow/.local/lib/python3.8/site-packages/airflow/example_dags/example_branch_operator.py
[2023-12-03T18:24:55.637+0000] {processor.py:839} INFO - DAG(s) dict_keys(['example_branch_operator']) retrieved from /home/airflow/.local/lib/python3.8/site-packages/airflow/example_dags/example_branch_operator.py
[2023-12-03T18:24:55.680+0000] {logging_mixin.py:154} INFO - [2023-12-03T18:24:55.679+0000] {dag.py:2941} INFO - Sync 1 DAGs
[2023-12-03T18:24:55.730+0000] {logging_mixin.py:154} INFO - [2023-12-03T18:24:55.730+0000] {dag.py:3722} INFO - Setting next_dagrun for example_branch_operator to 2023-12-02T00:00:00+00:00, run_after=2023-12-03T00:00:00+00:00
[2023-12-03T18:24:55.774+0000] {processor.py:179} INFO - Processing /home/airflow/.local/lib/python3.8/site-packages/airflow/example_dags/example_branch_operator.py took 0.190 seconds
[2023-12-03T18:25:26.048+0000] {processor.py:157} INFO - Started process (PID=198) to work on /home/airflow/.local/lib/python3.8/site-packages/airflow/example_dags/example_branch_operator.py
[2023-12-03T18:25:26.049+0000] {processor.py:829} INFO - Processing file /home/airflow/.local/lib/python3.8/site-packages/airflow/example_dags/example_branch_operator.py for tasks to queue
[2023-12-03T18:25:26.054+0000] {logging_mixin.py:154} INFO - [2023-12-03T18:25:26.053+0000] {dagbag.py:536} INFO - Filling up the DagBag from /home/airflow/.local/lib/python3.8/site-packages/airflow/example_dags/example_branch_operator.py
[2023-12-03T18:25:26.067+0000] {processor.py:839} INFO - DAG(s) dict_keys(['example_branch_operator']) retrieved from /home/airflow/.local/lib/python3.8/site-packages/airflow/example_dags/example_branch_operator.py
[2023-12-03T18:25:26.100+0000] {logging_mixin.py:154} INFO - [2023-12-03T18:25:26.100+0000] {dag.py:2941} INFO - Sync 1 DAGs
[2023-12-03T18:25:26.138+0000] {logging_mixin.py:154} INFO - [2023-12-03T18:25:26.138+0000] {dag.py:3722} INFO - Setting next_dagrun for example_branch_operator to 2023-12-02T00:00:00+00:00, run_after=2023-12-03T00:00:00+00:00
[2023-12-03T18:25:26.165+0000] {processor.py:179} INFO - Processing /home/airflow/.local/lib/python3.8/site-packages/airflow/example_dags/example_branch_operator.py took 0.123 seconds
[2023-12-03T18:25:56.723+0000] {processor.py:157} INFO - Started process (PID=252) to work on /home/airflow/.local/lib/python3.8/site-packages/airflow/example_dags/example_branch_operator.py
[2023-12-03T18:25:56.724+0000] {processor.py:829} INFO - Processing file /home/airflow/.local/lib/python3.8/site-packages/airflow/example_dags/example_branch_operator.py for tasks to queue
[2023-12-03T18:25:56.729+0000] {logging_mixin.py:154} INFO - [2023-12-03T18:25:56.729+0000] {dagbag.py:536} INFO - Filling up the DagBag from /home/airflow/.local/lib/python3.8/site-packages/airflow/example_dags/example_branch_operator.py
[2023-12-03T18:25:56.745+0000] {processor.py:839} INFO - DAG(s) dict_keys(['example_branch_operator']) retrieved from /home/airflow/.local/lib/python3.8/site-packages/airflow/example_dags/example_branch_operator.py
[2023-12-03T18:25:56.784+0000] {logging_mixin.py:154} INFO - [2023-12-03T18:25:56.784+0000] {dag.py:2941} INFO - Sync 1 DAGs
[2023-12-03T18:25:56.832+0000] {logging_mixin.py:154} INFO - [2023-12-03T18:25:56.832+0000] {dag.py:3722} INFO - Setting next_dagrun for example_branch_operator to 2023-12-02T00:00:00+00:00, run_after=2023-12-03T00:00:00+00:00
[2023-12-03T18:25:56.872+0000] {processor.py:179} INFO - Processing /home/airflow/.local/lib/python3.8/site-packages/airflow/example_dags/example_branch_operator.py took 0.155 seconds
[2023-12-03T18:26:27.356+0000] {processor.py:157} INFO - Started process (PID=306) to work on /home/airflow/.local/lib/python3.8/site-packages/airflow/example_dags/example_branch_operator.py
[2023-12-03T18:26:27.357+0000] {processor.py:829} INFO - Processing file /home/airflow/.local/lib/python3.8/site-packages/airflow/example_dags/example_branch_operator.py for tasks to queue
[2023-12-03T18:26:27.363+0000] {logging_mixin.py:154} INFO - [2023-12-03T18:26:27.362+0000] {dagbag.py:536} INFO - Filling up the DagBag from /home/airflow/.local/lib/python3.8/site-packages/airflow/example_dags/example_branch_operator.py
[2023-12-03T18:26:27.379+0000] {processor.py:839} INFO - DAG(s) dict_keys(['example_branch_operator']) retrieved from /home/airflow/.local/lib/python3.8/site-packages/airflow/example_dags/example_branch_operator.py
[2023-12-03T18:26:27.422+0000] {logging_mixin.py:154} INFO - [2023-12-03T18:26:27.421+0000] {dag.py:2941} INFO - Sync 1 DAGs
[2023-12-03T18:26:27.462+0000] {logging_mixin.py:154} INFO - [2023-12-03T18:26:27.462+0000] {dag.py:3722} INFO - Setting next_dagrun for example_branch_operator to 2023-12-02T00:00:00+00:00, run_after=2023-12-03T00:00:00+00:00
[2023-12-03T18:26:27.496+0000] {processor.py:179} INFO - Processing /home/airflow/.local/lib/python3.8/site-packages/airflow/example_dags/example_branch_operator.py took 0.145 seconds
[2023-12-03T18:26:57.733+0000] {processor.py:157} INFO - Started process (PID=360) to work on /home/airflow/.local/lib/python3.8/site-packages/airflow/example_dags/example_branch_operator.py
[2023-12-03T18:26:57.734+0000] {processor.py:829} INFO - Processing file /home/airflow/.local/lib/python3.8/site-packages/airflow/example_dags/example_branch_operator.py for tasks to queue
[2023-12-03T18:26:57.739+0000] {logging_mixin.py:154} INFO - [2023-12-03T18:26:57.738+0000] {dagbag.py:536} INFO - Filling up the DagBag from /home/airflow/.local/lib/python3.8/site-packages/airflow/example_dags/example_branch_operator.py
[2023-12-03T18:26:57.753+0000] {processor.py:839} INFO - DAG(s) dict_keys(['example_branch_operator']) retrieved from /home/airflow/.local/lib/python3.8/site-packages/airflow/example_dags/example_branch_operator.py
[2023-12-03T18:26:57.809+0000] {logging_mixin.py:154} INFO - [2023-12-03T18:26:57.809+0000] {dag.py:2941} INFO - Sync 1 DAGs
[2023-12-03T18:26:57.850+0000] {logging_mixin.py:154} INFO - [2023-12-03T18:26:57.849+0000] {dag.py:3722} INFO - Setting next_dagrun for example_branch_operator to 2023-12-02T00:00:00+00:00, run_after=2023-12-03T00:00:00+00:00
[2023-12-03T18:26:57.877+0000] {processor.py:179} INFO - Processing /home/airflow/.local/lib/python3.8/site-packages/airflow/example_dags/example_branch_operator.py took 0.150 seconds
[2023-12-03T18:27:28.156+0000] {processor.py:157} INFO - Started process (PID=414) to work on /home/airflow/.local/lib/python3.8/site-packages/airflow/example_dags/example_branch_operator.py
[2023-12-03T18:27:28.157+0000] {processor.py:829} INFO - Processing file /home/airflow/.local/lib/python3.8/site-packages/airflow/example_dags/example_branch_operator.py for tasks to queue
[2023-12-03T18:27:28.161+0000] {logging_mixin.py:154} INFO - [2023-12-03T18:27:28.161+0000] {dagbag.py:536} INFO - Filling up the DagBag from /home/airflow/.local/lib/python3.8/site-packages/airflow/example_dags/example_branch_operator.py
[2023-12-03T18:27:28.176+0000] {processor.py:839} INFO - DAG(s) dict_keys(['example_branch_operator']) retrieved from /home/airflow/.local/lib/python3.8/site-packages/airflow/example_dags/example_branch_operator.py
[2023-12-03T18:27:28.216+0000] {logging_mixin.py:154} INFO - [2023-12-03T18:27:28.216+0000] {dag.py:2941} INFO - Sync 1 DAGs
[2023-12-03T18:27:28.258+0000] {logging_mixin.py:154} INFO - [2023-12-03T18:27:28.258+0000] {dag.py:3722} INFO - Setting next_dagrun for example_branch_operator to 2023-12-02T00:00:00+00:00, run_after=2023-12-03T00:00:00+00:00
[2023-12-03T18:27:28.294+0000] {processor.py:179} INFO - Processing /home/airflow/.local/lib/python3.8/site-packages/airflow/example_dags/example_branch_operator.py took 0.142 seconds
[2023-12-03T18:27:58.723+0000] {processor.py:157} INFO - Started process (PID=468) to work on /home/airflow/.local/lib/python3.8/site-packages/airflow/example_dags/example_branch_operator.py
[2023-12-03T18:27:58.724+0000] {processor.py:829} INFO - Processing file /home/airflow/.local/lib/python3.8/site-packages/airflow/example_dags/example_branch_operator.py for tasks to queue
[2023-12-03T18:27:58.729+0000] {logging_mixin.py:154} INFO - [2023-12-03T18:27:58.728+0000] {dagbag.py:536} INFO - Filling up the DagBag from /home/airflow/.local/lib/python3.8/site-packages/airflow/example_dags/example_branch_operator.py
[2023-12-03T18:27:58.761+0000] {processor.py:839} INFO - DAG(s) dict_keys(['example_branch_operator']) retrieved from /home/airflow/.local/lib/python3.8/site-packages/airflow/example_dags/example_branch_operator.py
[2023-12-03T18:27:58.807+0000] {logging_mixin.py:154} INFO - [2023-12-03T18:27:58.807+0000] {dag.py:2941} INFO - Sync 1 DAGs
[2023-12-03T18:27:58.851+0000] {logging_mixin.py:154} INFO - [2023-12-03T18:27:58.851+0000] {dag.py:3722} INFO - Setting next_dagrun for example_branch_operator to 2023-12-02T00:00:00+00:00, run_after=2023-12-03T00:00:00+00:00
[2023-12-03T18:27:58.890+0000] {processor.py:179} INFO - Processing /home/airflow/.local/lib/python3.8/site-packages/airflow/example_dags/example_branch_operator.py took 0.172 seconds
[2023-12-03T18:28:29.398+0000] {processor.py:157} INFO - Started process (PID=522) to work on /home/airflow/.local/lib/python3.8/site-packages/airflow/example_dags/example_branch_operator.py
[2023-12-03T18:28:29.401+0000] {processor.py:829} INFO - Processing file /home/airflow/.local/lib/python3.8/site-packages/airflow/example_dags/example_branch_operator.py for tasks to queue
[2023-12-03T18:28:29.409+0000] {logging_mixin.py:154} INFO - [2023-12-03T18:28:29.407+0000] {dagbag.py:536} INFO - Filling up the DagBag from /home/airflow/.local/lib/python3.8/site-packages/airflow/example_dags/example_branch_operator.py
[2023-12-03T18:28:29.441+0000] {processor.py:839} INFO - DAG(s) dict_keys(['example_branch_operator']) retrieved from /home/airflow/.local/lib/python3.8/site-packages/airflow/example_dags/example_branch_operator.py
[2023-12-03T18:28:29.501+0000] {logging_mixin.py:154} INFO - [2023-12-03T18:28:29.501+0000] {dag.py:2941} INFO - Sync 1 DAGs
[2023-12-03T18:28:29.537+0000] {logging_mixin.py:154} INFO - [2023-12-03T18:28:29.537+0000] {dag.py:3722} INFO - Setting next_dagrun for example_branch_operator to 2023-12-02T00:00:00+00:00, run_after=2023-12-03T00:00:00+00:00
[2023-12-03T18:28:29.566+0000] {processor.py:179} INFO - Processing /home/airflow/.local/lib/python3.8/site-packages/airflow/example_dags/example_branch_operator.py took 0.178 seconds
[2023-12-03T18:29:46.314+0000] {processor.py:157} INFO - Started process (PID=37) to work on /home/airflow/.local/lib/python3.8/site-packages/airflow/example_dags/example_branch_operator.py
[2023-12-03T18:29:46.316+0000] {processor.py:829} INFO - Processing file /home/airflow/.local/lib/python3.8/site-packages/airflow/example_dags/example_branch_operator.py for tasks to queue
[2023-12-03T18:29:46.321+0000] {logging_mixin.py:154} INFO - [2023-12-03T18:29:46.320+0000] {dagbag.py:536} INFO - Filling up the DagBag from /home/airflow/.local/lib/python3.8/site-packages/airflow/example_dags/example_branch_operator.py
[2023-12-03T18:29:46.343+0000] {processor.py:839} INFO - DAG(s) dict_keys(['example_branch_operator']) retrieved from /home/airflow/.local/lib/python3.8/site-packages/airflow/example_dags/example_branch_operator.py
[2023-12-03T18:29:46.397+0000] {logging_mixin.py:154} INFO - [2023-12-03T18:29:46.397+0000] {dag.py:2941} INFO - Sync 1 DAGs
[2023-12-03T18:29:46.444+0000] {logging_mixin.py:154} INFO - [2023-12-03T18:29:46.443+0000] {dag.py:3722} INFO - Setting next_dagrun for example_branch_operator to 2023-12-02T00:00:00+00:00, run_after=2023-12-03T00:00:00+00:00
[2023-12-03T18:29:46.480+0000] {processor.py:179} INFO - Processing /home/airflow/.local/lib/python3.8/site-packages/airflow/example_dags/example_branch_operator.py took 0.171 seconds
[2023-12-03T18:30:16.572+0000] {processor.py:157} INFO - Started process (PID=91) to work on /home/airflow/.local/lib/python3.8/site-packages/airflow/example_dags/example_branch_operator.py
[2023-12-03T18:30:16.574+0000] {processor.py:829} INFO - Processing file /home/airflow/.local/lib/python3.8/site-packages/airflow/example_dags/example_branch_operator.py for tasks to queue
[2023-12-03T18:30:16.580+0000] {logging_mixin.py:154} INFO - [2023-12-03T18:30:16.579+0000] {dagbag.py:536} INFO - Filling up the DagBag from /home/airflow/.local/lib/python3.8/site-packages/airflow/example_dags/example_branch_operator.py
[2023-12-03T18:30:16.605+0000] {processor.py:839} INFO - DAG(s) dict_keys(['example_branch_operator']) retrieved from /home/airflow/.local/lib/python3.8/site-packages/airflow/example_dags/example_branch_operator.py
[2023-12-03T18:30:16.657+0000] {logging_mixin.py:154} INFO - [2023-12-03T18:30:16.657+0000] {dag.py:2941} INFO - Sync 1 DAGs
[2023-12-03T18:30:16.692+0000] {logging_mixin.py:154} INFO - [2023-12-03T18:30:16.692+0000] {dag.py:3722} INFO - Setting next_dagrun for example_branch_operator to 2023-12-02T00:00:00+00:00, run_after=2023-12-03T00:00:00+00:00
[2023-12-03T18:30:16.722+0000] {processor.py:179} INFO - Processing /home/airflow/.local/lib/python3.8/site-packages/airflow/example_dags/example_branch_operator.py took 0.161 seconds
[2023-12-03T18:30:47.516+0000] {processor.py:157} INFO - Started process (PID=147) to work on /home/airflow/.local/lib/python3.8/site-packages/airflow/example_dags/example_branch_operator.py
[2023-12-03T18:30:47.517+0000] {processor.py:829} INFO - Processing file /home/airflow/.local/lib/python3.8/site-packages/airflow/example_dags/example_branch_operator.py for tasks to queue
[2023-12-03T18:30:47.521+0000] {logging_mixin.py:154} INFO - [2023-12-03T18:30:47.520+0000] {dagbag.py:536} INFO - Filling up the DagBag from /home/airflow/.local/lib/python3.8/site-packages/airflow/example_dags/example_branch_operator.py
[2023-12-03T18:30:47.537+0000] {processor.py:839} INFO - DAG(s) dict_keys(['example_branch_operator']) retrieved from /home/airflow/.local/lib/python3.8/site-packages/airflow/example_dags/example_branch_operator.py
[2023-12-03T18:30:47.570+0000] {logging_mixin.py:154} INFO - [2023-12-03T18:30:47.570+0000] {dag.py:2941} INFO - Sync 1 DAGs
[2023-12-03T18:30:47.602+0000] {logging_mixin.py:154} INFO - [2023-12-03T18:30:47.602+0000] {dag.py:3722} INFO - Setting next_dagrun for example_branch_operator to 2023-12-02T00:00:00+00:00, run_after=2023-12-03T00:00:00+00:00
[2023-12-03T18:30:47.627+0000] {processor.py:179} INFO - Processing /home/airflow/.local/lib/python3.8/site-packages/airflow/example_dags/example_branch_operator.py took 0.115 seconds
[2023-12-03T18:31:18.650+0000] {processor.py:157} INFO - Started process (PID=206) to work on /home/airflow/.local/lib/python3.8/site-packages/airflow/example_dags/example_branch_operator.py
[2023-12-03T18:31:18.652+0000] {processor.py:829} INFO - Processing file /home/airflow/.local/lib/python3.8/site-packages/airflow/example_dags/example_branch_operator.py for tasks to queue
[2023-12-03T18:31:18.656+0000] {logging_mixin.py:154} INFO - [2023-12-03T18:31:18.655+0000] {dagbag.py:536} INFO - Filling up the DagBag from /home/airflow/.local/lib/python3.8/site-packages/airflow/example_dags/example_branch_operator.py
[2023-12-03T18:31:18.672+0000] {processor.py:839} INFO - DAG(s) dict_keys(['example_branch_operator']) retrieved from /home/airflow/.local/lib/python3.8/site-packages/airflow/example_dags/example_branch_operator.py
[2023-12-03T18:31:18.721+0000] {logging_mixin.py:154} INFO - [2023-12-03T18:31:18.721+0000] {dag.py:2941} INFO - Sync 1 DAGs
[2023-12-03T18:31:18.763+0000] {logging_mixin.py:154} INFO - [2023-12-03T18:31:18.763+0000] {dag.py:3722} INFO - Setting next_dagrun for example_branch_operator to 2023-12-02T00:00:00+00:00, run_after=2023-12-03T00:00:00+00:00
[2023-12-03T18:31:18.803+0000] {processor.py:179} INFO - Processing /home/airflow/.local/lib/python3.8/site-packages/airflow/example_dags/example_branch_operator.py took 0.159 seconds
[2023-12-03T18:31:49.020+0000] {processor.py:157} INFO - Started process (PID=265) to work on /home/airflow/.local/lib/python3.8/site-packages/airflow/example_dags/example_branch_operator.py
[2023-12-03T18:31:49.021+0000] {processor.py:829} INFO - Processing file /home/airflow/.local/lib/python3.8/site-packages/airflow/example_dags/example_branch_operator.py for tasks to queue
[2023-12-03T18:31:49.025+0000] {logging_mixin.py:154} INFO - [2023-12-03T18:31:49.025+0000] {dagbag.py:536} INFO - Filling up the DagBag from /home/airflow/.local/lib/python3.8/site-packages/airflow/example_dags/example_branch_operator.py
[2023-12-03T18:31:49.038+0000] {processor.py:839} INFO - DAG(s) dict_keys(['example_branch_operator']) retrieved from /home/airflow/.local/lib/python3.8/site-packages/airflow/example_dags/example_branch_operator.py
[2023-12-03T18:31:49.074+0000] {logging_mixin.py:154} INFO - [2023-12-03T18:31:49.073+0000] {dag.py:2941} INFO - Sync 1 DAGs
[2023-12-03T18:31:49.110+0000] {logging_mixin.py:154} INFO - [2023-12-03T18:31:49.110+0000] {dag.py:3722} INFO - Setting next_dagrun for example_branch_operator to 2023-12-02T00:00:00+00:00, run_after=2023-12-03T00:00:00+00:00
[2023-12-03T18:31:49.147+0000] {processor.py:179} INFO - Processing /home/airflow/.local/lib/python3.8/site-packages/airflow/example_dags/example_branch_operator.py took 0.132 seconds
[2023-12-03T18:32:19.965+0000] {processor.py:157} INFO - Started process (PID=320) to work on /home/airflow/.local/lib/python3.8/site-packages/airflow/example_dags/example_branch_operator.py
[2023-12-03T18:32:19.966+0000] {processor.py:829} INFO - Processing file /home/airflow/.local/lib/python3.8/site-packages/airflow/example_dags/example_branch_operator.py for tasks to queue
[2023-12-03T18:32:19.970+0000] {logging_mixin.py:154} INFO - [2023-12-03T18:32:19.970+0000] {dagbag.py:536} INFO - Filling up the DagBag from /home/airflow/.local/lib/python3.8/site-packages/airflow/example_dags/example_branch_operator.py
[2023-12-03T18:32:19.983+0000] {processor.py:839} INFO - DAG(s) dict_keys(['example_branch_operator']) retrieved from /home/airflow/.local/lib/python3.8/site-packages/airflow/example_dags/example_branch_operator.py
[2023-12-03T18:32:20.015+0000] {logging_mixin.py:154} INFO - [2023-12-03T18:32:20.015+0000] {dag.py:2941} INFO - Sync 1 DAGs
[2023-12-03T18:32:20.080+0000] {logging_mixin.py:154} INFO - [2023-12-03T18:32:20.079+0000] {dag.py:3722} INFO - Setting next_dagrun for example_branch_operator to 2023-12-02T00:00:00+00:00, run_after=2023-12-03T00:00:00+00:00
[2023-12-03T18:32:20.118+0000] {processor.py:179} INFO - Processing /home/airflow/.local/lib/python3.8/site-packages/airflow/example_dags/example_branch_operator.py took 0.157 seconds
[2023-12-03T18:32:50.247+0000] {processor.py:157} INFO - Started process (PID=375) to work on /home/airflow/.local/lib/python3.8/site-packages/airflow/example_dags/example_branch_operator.py
[2023-12-03T18:32:50.249+0000] {processor.py:829} INFO - Processing file /home/airflow/.local/lib/python3.8/site-packages/airflow/example_dags/example_branch_operator.py for tasks to queue
[2023-12-03T18:32:50.254+0000] {logging_mixin.py:154} INFO - [2023-12-03T18:32:50.253+0000] {dagbag.py:536} INFO - Filling up the DagBag from /home/airflow/.local/lib/python3.8/site-packages/airflow/example_dags/example_branch_operator.py
[2023-12-03T18:32:50.268+0000] {processor.py:839} INFO - DAG(s) dict_keys(['example_branch_operator']) retrieved from /home/airflow/.local/lib/python3.8/site-packages/airflow/example_dags/example_branch_operator.py
[2023-12-03T18:32:50.308+0000] {logging_mixin.py:154} INFO - [2023-12-03T18:32:50.308+0000] {dag.py:2941} INFO - Sync 1 DAGs
[2023-12-03T18:32:50.339+0000] {logging_mixin.py:154} INFO - [2023-12-03T18:32:50.339+0000] {dag.py:3722} INFO - Setting next_dagrun for example_branch_operator to 2023-12-02T00:00:00+00:00, run_after=2023-12-03T00:00:00+00:00
[2023-12-03T18:32:50.368+0000] {processor.py:179} INFO - Processing /home/airflow/.local/lib/python3.8/site-packages/airflow/example_dags/example_branch_operator.py took 0.125 seconds
[2023-12-03T18:33:21.292+0000] {processor.py:157} INFO - Started process (PID=430) to work on /home/airflow/.local/lib/python3.8/site-packages/airflow/example_dags/example_branch_operator.py
[2023-12-03T18:33:21.295+0000] {processor.py:829} INFO - Processing file /home/airflow/.local/lib/python3.8/site-packages/airflow/example_dags/example_branch_operator.py for tasks to queue
[2023-12-03T18:33:21.303+0000] {logging_mixin.py:154} INFO - [2023-12-03T18:33:21.303+0000] {dagbag.py:536} INFO - Filling up the DagBag from /home/airflow/.local/lib/python3.8/site-packages/airflow/example_dags/example_branch_operator.py
[2023-12-03T18:33:21.326+0000] {processor.py:839} INFO - DAG(s) dict_keys(['example_branch_operator']) retrieved from /home/airflow/.local/lib/python3.8/site-packages/airflow/example_dags/example_branch_operator.py
[2023-12-03T18:33:21.367+0000] {logging_mixin.py:154} INFO - [2023-12-03T18:33:21.367+0000] {dag.py:2941} INFO - Sync 1 DAGs
[2023-12-03T18:33:21.408+0000] {logging_mixin.py:154} INFO - [2023-12-03T18:33:21.408+0000] {dag.py:3722} INFO - Setting next_dagrun for example_branch_operator to 2023-12-02T00:00:00+00:00, run_after=2023-12-03T00:00:00+00:00
[2023-12-03T18:33:21.443+0000] {processor.py:179} INFO - Processing /home/airflow/.local/lib/python3.8/site-packages/airflow/example_dags/example_branch_operator.py took 0.162 seconds
[2023-12-03T18:33:52.136+0000] {processor.py:157} INFO - Started process (PID=485) to work on /home/airflow/.local/lib/python3.8/site-packages/airflow/example_dags/example_branch_operator.py
[2023-12-03T18:33:52.137+0000] {processor.py:829} INFO - Processing file /home/airflow/.local/lib/python3.8/site-packages/airflow/example_dags/example_branch_operator.py for tasks to queue
[2023-12-03T18:33:52.143+0000] {logging_mixin.py:154} INFO - [2023-12-03T18:33:52.141+0000] {dagbag.py:536} INFO - Filling up the DagBag from /home/airflow/.local/lib/python3.8/site-packages/airflow/example_dags/example_branch_operator.py
[2023-12-03T18:33:52.159+0000] {processor.py:839} INFO - DAG(s) dict_keys(['example_branch_operator']) retrieved from /home/airflow/.local/lib/python3.8/site-packages/airflow/example_dags/example_branch_operator.py
[2023-12-03T18:33:52.209+0000] {logging_mixin.py:154} INFO - [2023-12-03T18:33:52.209+0000] {dag.py:2941} INFO - Sync 1 DAGs
[2023-12-03T18:33:52.264+0000] {logging_mixin.py:154} INFO - [2023-12-03T18:33:52.263+0000] {dag.py:3722} INFO - Setting next_dagrun for example_branch_operator to 2023-12-02T00:00:00+00:00, run_after=2023-12-03T00:00:00+00:00
[2023-12-03T18:33:52.298+0000] {processor.py:179} INFO - Processing /home/airflow/.local/lib/python3.8/site-packages/airflow/example_dags/example_branch_operator.py took 0.168 seconds
[2023-12-03T18:34:22.788+0000] {processor.py:157} INFO - Started process (PID=540) to work on /home/airflow/.local/lib/python3.8/site-packages/airflow/example_dags/example_branch_operator.py
[2023-12-03T18:34:22.790+0000] {processor.py:829} INFO - Processing file /home/airflow/.local/lib/python3.8/site-packages/airflow/example_dags/example_branch_operator.py for tasks to queue
[2023-12-03T18:34:22.794+0000] {logging_mixin.py:154} INFO - [2023-12-03T18:34:22.793+0000] {dagbag.py:536} INFO - Filling up the DagBag from /home/airflow/.local/lib/python3.8/site-packages/airflow/example_dags/example_branch_operator.py
[2023-12-03T18:34:22.817+0000] {processor.py:839} INFO - DAG(s) dict_keys(['example_branch_operator']) retrieved from /home/airflow/.local/lib/python3.8/site-packages/airflow/example_dags/example_branch_operator.py
[2023-12-03T18:34:22.852+0000] {logging_mixin.py:154} INFO - [2023-12-03T18:34:22.851+0000] {dag.py:2941} INFO - Sync 1 DAGs
[2023-12-03T18:34:22.886+0000] {logging_mixin.py:154} INFO - [2023-12-03T18:34:22.886+0000] {dag.py:3722} INFO - Setting next_dagrun for example_branch_operator to 2023-12-02T00:00:00+00:00, run_after=2023-12-03T00:00:00+00:00
[2023-12-03T18:34:22.924+0000] {processor.py:179} INFO - Processing /home/airflow/.local/lib/python3.8/site-packages/airflow/example_dags/example_branch_operator.py took 0.141 seconds
[2023-12-03T18:34:53.520+0000] {processor.py:157} INFO - Started process (PID=595) to work on /home/airflow/.local/lib/python3.8/site-packages/airflow/example_dags/example_branch_operator.py
[2023-12-03T18:34:53.521+0000] {processor.py:829} INFO - Processing file /home/airflow/.local/lib/python3.8/site-packages/airflow/example_dags/example_branch_operator.py for tasks to queue
[2023-12-03T18:34:53.526+0000] {logging_mixin.py:154} INFO - [2023-12-03T18:34:53.525+0000] {dagbag.py:536} INFO - Filling up the DagBag from /home/airflow/.local/lib/python3.8/site-packages/airflow/example_dags/example_branch_operator.py
[2023-12-03T18:34:53.544+0000] {processor.py:839} INFO - DAG(s) dict_keys(['example_branch_operator']) retrieved from /home/airflow/.local/lib/python3.8/site-packages/airflow/example_dags/example_branch_operator.py
[2023-12-03T18:34:53.582+0000] {logging_mixin.py:154} INFO - [2023-12-03T18:34:53.582+0000] {dag.py:2941} INFO - Sync 1 DAGs
[2023-12-03T18:34:53.622+0000] {logging_mixin.py:154} INFO - [2023-12-03T18:34:53.622+0000] {dag.py:3722} INFO - Setting next_dagrun for example_branch_operator to 2023-12-02T00:00:00+00:00, run_after=2023-12-03T00:00:00+00:00
[2023-12-03T18:34:53.658+0000] {processor.py:179} INFO - Processing /home/airflow/.local/lib/python3.8/site-packages/airflow/example_dags/example_branch_operator.py took 0.144 seconds
[2023-12-03T18:35:23.848+0000] {processor.py:157} INFO - Started process (PID=650) to work on /home/airflow/.local/lib/python3.8/site-packages/airflow/example_dags/example_branch_operator.py
[2023-12-03T18:35:23.849+0000] {processor.py:829} INFO - Processing file /home/airflow/.local/lib/python3.8/site-packages/airflow/example_dags/example_branch_operator.py for tasks to queue
[2023-12-03T18:35:23.854+0000] {logging_mixin.py:154} INFO - [2023-12-03T18:35:23.853+0000] {dagbag.py:536} INFO - Filling up the DagBag from /home/airflow/.local/lib/python3.8/site-packages/airflow/example_dags/example_branch_operator.py
[2023-12-03T18:35:23.873+0000] {processor.py:839} INFO - DAG(s) dict_keys(['example_branch_operator']) retrieved from /home/airflow/.local/lib/python3.8/site-packages/airflow/example_dags/example_branch_operator.py
[2023-12-03T18:35:23.930+0000] {logging_mixin.py:154} INFO - [2023-12-03T18:35:23.929+0000] {dag.py:2941} INFO - Sync 1 DAGs
[2023-12-03T18:35:23.980+0000] {logging_mixin.py:154} INFO - [2023-12-03T18:35:23.980+0000] {dag.py:3722} INFO - Setting next_dagrun for example_branch_operator to 2023-12-02T00:00:00+00:00, run_after=2023-12-03T00:00:00+00:00
[2023-12-03T18:35:24.014+0000] {processor.py:179} INFO - Processing /home/airflow/.local/lib/python3.8/site-packages/airflow/example_dags/example_branch_operator.py took 0.173 seconds
[2023-12-03T18:35:54.825+0000] {processor.py:157} INFO - Started process (PID=705) to work on /home/airflow/.local/lib/python3.8/site-packages/airflow/example_dags/example_branch_operator.py
[2023-12-03T18:35:54.826+0000] {processor.py:829} INFO - Processing file /home/airflow/.local/lib/python3.8/site-packages/airflow/example_dags/example_branch_operator.py for tasks to queue
[2023-12-03T18:35:54.831+0000] {logging_mixin.py:154} INFO - [2023-12-03T18:35:54.830+0000] {dagbag.py:536} INFO - Filling up the DagBag from /home/airflow/.local/lib/python3.8/site-packages/airflow/example_dags/example_branch_operator.py
[2023-12-03T18:35:54.848+0000] {processor.py:839} INFO - DAG(s) dict_keys(['example_branch_operator']) retrieved from /home/airflow/.local/lib/python3.8/site-packages/airflow/example_dags/example_branch_operator.py
[2023-12-03T18:35:54.896+0000] {logging_mixin.py:154} INFO - [2023-12-03T18:35:54.895+0000] {dag.py:2941} INFO - Sync 1 DAGs
[2023-12-03T18:35:54.944+0000] {logging_mixin.py:154} INFO - [2023-12-03T18:35:54.944+0000] {dag.py:3722} INFO - Setting next_dagrun for example_branch_operator to 2023-12-02T00:00:00+00:00, run_after=2023-12-03T00:00:00+00:00
[2023-12-03T18:35:54.996+0000] {processor.py:179} INFO - Processing /home/airflow/.local/lib/python3.8/site-packages/airflow/example_dags/example_branch_operator.py took 0.176 seconds
[2023-12-03T18:36:25.662+0000] {processor.py:157} INFO - Started process (PID=760) to work on /home/airflow/.local/lib/python3.8/site-packages/airflow/example_dags/example_branch_operator.py
[2023-12-03T18:36:25.664+0000] {processor.py:829} INFO - Processing file /home/airflow/.local/lib/python3.8/site-packages/airflow/example_dags/example_branch_operator.py for tasks to queue
[2023-12-03T18:36:25.668+0000] {logging_mixin.py:154} INFO - [2023-12-03T18:36:25.667+0000] {dagbag.py:536} INFO - Filling up the DagBag from /home/airflow/.local/lib/python3.8/site-packages/airflow/example_dags/example_branch_operator.py
[2023-12-03T18:36:25.684+0000] {processor.py:839} INFO - DAG(s) dict_keys(['example_branch_operator']) retrieved from /home/airflow/.local/lib/python3.8/site-packages/airflow/example_dags/example_branch_operator.py
[2023-12-03T18:36:25.718+0000] {logging_mixin.py:154} INFO - [2023-12-03T18:36:25.718+0000] {dag.py:2941} INFO - Sync 1 DAGs
[2023-12-03T18:36:25.753+0000] {logging_mixin.py:154} INFO - [2023-12-03T18:36:25.753+0000] {dag.py:3722} INFO - Setting next_dagrun for example_branch_operator to 2023-12-02T00:00:00+00:00, run_after=2023-12-03T00:00:00+00:00
[2023-12-03T18:36:25.789+0000] {processor.py:179} INFO - Processing /home/airflow/.local/lib/python3.8/site-packages/airflow/example_dags/example_branch_operator.py took 0.133 seconds
[2023-12-03T18:36:56.472+0000] {processor.py:157} INFO - Started process (PID=822) to work on /home/airflow/.local/lib/python3.8/site-packages/airflow/example_dags/example_branch_operator.py
[2023-12-03T18:36:56.474+0000] {processor.py:829} INFO - Processing file /home/airflow/.local/lib/python3.8/site-packages/airflow/example_dags/example_branch_operator.py for tasks to queue
[2023-12-03T18:36:56.478+0000] {logging_mixin.py:154} INFO - [2023-12-03T18:36:56.477+0000] {dagbag.py:536} INFO - Filling up the DagBag from /home/airflow/.local/lib/python3.8/site-packages/airflow/example_dags/example_branch_operator.py
[2023-12-03T18:36:56.497+0000] {processor.py:839} INFO - DAG(s) dict_keys(['example_branch_operator']) retrieved from /home/airflow/.local/lib/python3.8/site-packages/airflow/example_dags/example_branch_operator.py
[2023-12-03T18:36:56.534+0000] {logging_mixin.py:154} INFO - [2023-12-03T18:36:56.534+0000] {dag.py:2941} INFO - Sync 1 DAGs
[2023-12-03T18:36:56.588+0000] {logging_mixin.py:154} INFO - [2023-12-03T18:36:56.588+0000] {dag.py:3722} INFO - Setting next_dagrun for example_branch_operator to 2023-12-02T00:00:00+00:00, run_after=2023-12-03T00:00:00+00:00
[2023-12-03T18:36:56.635+0000] {processor.py:179} INFO - Processing /home/airflow/.local/lib/python3.8/site-packages/airflow/example_dags/example_branch_operator.py took 0.170 seconds
[2023-12-03T18:37:27.084+0000] {processor.py:157} INFO - Started process (PID=877) to work on /home/airflow/.local/lib/python3.8/site-packages/airflow/example_dags/example_branch_operator.py
[2023-12-03T18:37:27.085+0000] {processor.py:829} INFO - Processing file /home/airflow/.local/lib/python3.8/site-packages/airflow/example_dags/example_branch_operator.py for tasks to queue
[2023-12-03T18:37:27.088+0000] {logging_mixin.py:154} INFO - [2023-12-03T18:37:27.088+0000] {dagbag.py:536} INFO - Filling up the DagBag from /home/airflow/.local/lib/python3.8/site-packages/airflow/example_dags/example_branch_operator.py
[2023-12-03T18:37:27.101+0000] {processor.py:839} INFO - DAG(s) dict_keys(['example_branch_operator']) retrieved from /home/airflow/.local/lib/python3.8/site-packages/airflow/example_dags/example_branch_operator.py
[2023-12-03T18:37:27.131+0000] {logging_mixin.py:154} INFO - [2023-12-03T18:37:27.131+0000] {dag.py:2941} INFO - Sync 1 DAGs
[2023-12-03T18:37:27.162+0000] {logging_mixin.py:154} INFO - [2023-12-03T18:37:27.161+0000] {dag.py:3722} INFO - Setting next_dagrun for example_branch_operator to 2023-12-02T00:00:00+00:00, run_after=2023-12-03T00:00:00+00:00
[2023-12-03T18:37:27.198+0000] {processor.py:179} INFO - Processing /home/airflow/.local/lib/python3.8/site-packages/airflow/example_dags/example_branch_operator.py took 0.118 seconds
[2023-12-03T18:37:57.837+0000] {processor.py:157} INFO - Started process (PID=932) to work on /home/airflow/.local/lib/python3.8/site-packages/airflow/example_dags/example_branch_operator.py
[2023-12-03T18:37:57.839+0000] {processor.py:829} INFO - Processing file /home/airflow/.local/lib/python3.8/site-packages/airflow/example_dags/example_branch_operator.py for tasks to queue
[2023-12-03T18:37:57.846+0000] {logging_mixin.py:154} INFO - [2023-12-03T18:37:57.845+0000] {dagbag.py:536} INFO - Filling up the DagBag from /home/airflow/.local/lib/python3.8/site-packages/airflow/example_dags/example_branch_operator.py
[2023-12-03T18:37:57.872+0000] {processor.py:839} INFO - DAG(s) dict_keys(['example_branch_operator']) retrieved from /home/airflow/.local/lib/python3.8/site-packages/airflow/example_dags/example_branch_operator.py
[2023-12-03T18:37:57.913+0000] {logging_mixin.py:154} INFO - [2023-12-03T18:37:57.913+0000] {dag.py:2941} INFO - Sync 1 DAGs
[2023-12-03T18:37:57.952+0000] {logging_mixin.py:154} INFO - [2023-12-03T18:37:57.952+0000] {dag.py:3722} INFO - Setting next_dagrun for example_branch_operator to 2023-12-02T00:00:00+00:00, run_after=2023-12-03T00:00:00+00:00
[2023-12-03T18:37:57.995+0000] {processor.py:179} INFO - Processing /home/airflow/.local/lib/python3.8/site-packages/airflow/example_dags/example_branch_operator.py took 0.164 seconds
[2023-12-03T18:38:28.323+0000] {processor.py:157} INFO - Started process (PID=987) to work on /home/airflow/.local/lib/python3.8/site-packages/airflow/example_dags/example_branch_operator.py
[2023-12-03T18:38:28.324+0000] {processor.py:829} INFO - Processing file /home/airflow/.local/lib/python3.8/site-packages/airflow/example_dags/example_branch_operator.py for tasks to queue
[2023-12-03T18:38:28.328+0000] {logging_mixin.py:154} INFO - [2023-12-03T18:38:28.328+0000] {dagbag.py:536} INFO - Filling up the DagBag from /home/airflow/.local/lib/python3.8/site-packages/airflow/example_dags/example_branch_operator.py
[2023-12-03T18:38:28.343+0000] {processor.py:839} INFO - DAG(s) dict_keys(['example_branch_operator']) retrieved from /home/airflow/.local/lib/python3.8/site-packages/airflow/example_dags/example_branch_operator.py
[2023-12-03T18:38:28.378+0000] {logging_mixin.py:154} INFO - [2023-12-03T18:38:28.377+0000] {dag.py:2941} INFO - Sync 1 DAGs
[2023-12-03T18:38:28.416+0000] {logging_mixin.py:154} INFO - [2023-12-03T18:38:28.416+0000] {dag.py:3722} INFO - Setting next_dagrun for example_branch_operator to 2023-12-02T00:00:00+00:00, run_after=2023-12-03T00:00:00+00:00
[2023-12-03T18:38:28.442+0000] {processor.py:179} INFO - Processing /home/airflow/.local/lib/python3.8/site-packages/airflow/example_dags/example_branch_operator.py took 0.124 seconds
[2023-12-03T18:38:58.958+0000] {processor.py:157} INFO - Started process (PID=1042) to work on /home/airflow/.local/lib/python3.8/site-packages/airflow/example_dags/example_branch_operator.py
[2023-12-03T18:38:58.960+0000] {processor.py:829} INFO - Processing file /home/airflow/.local/lib/python3.8/site-packages/airflow/example_dags/example_branch_operator.py for tasks to queue
[2023-12-03T18:38:58.965+0000] {logging_mixin.py:154} INFO - [2023-12-03T18:38:58.964+0000] {dagbag.py:536} INFO - Filling up the DagBag from /home/airflow/.local/lib/python3.8/site-packages/airflow/example_dags/example_branch_operator.py
[2023-12-03T18:38:58.978+0000] {processor.py:839} INFO - DAG(s) dict_keys(['example_branch_operator']) retrieved from /home/airflow/.local/lib/python3.8/site-packages/airflow/example_dags/example_branch_operator.py
[2023-12-03T18:38:59.008+0000] {logging_mixin.py:154} INFO - [2023-12-03T18:38:59.008+0000] {dag.py:2941} INFO - Sync 1 DAGs
[2023-12-03T18:38:59.045+0000] {logging_mixin.py:154} INFO - [2023-12-03T18:38:59.044+0000] {dag.py:3722} INFO - Setting next_dagrun for example_branch_operator to 2023-12-02T00:00:00+00:00, run_after=2023-12-03T00:00:00+00:00
[2023-12-03T18:38:59.086+0000] {processor.py:179} INFO - Processing /home/airflow/.local/lib/python3.8/site-packages/airflow/example_dags/example_branch_operator.py took 0.134 seconds
[2023-12-03T18:39:30.111+0000] {processor.py:157} INFO - Started process (PID=1097) to work on /home/airflow/.local/lib/python3.8/site-packages/airflow/example_dags/example_branch_operator.py
[2023-12-03T18:39:30.112+0000] {processor.py:829} INFO - Processing file /home/airflow/.local/lib/python3.8/site-packages/airflow/example_dags/example_branch_operator.py for tasks to queue
[2023-12-03T18:39:30.119+0000] {logging_mixin.py:154} INFO - [2023-12-03T18:39:30.118+0000] {dagbag.py:536} INFO - Filling up the DagBag from /home/airflow/.local/lib/python3.8/site-packages/airflow/example_dags/example_branch_operator.py
[2023-12-03T18:39:30.132+0000] {processor.py:839} INFO - DAG(s) dict_keys(['example_branch_operator']) retrieved from /home/airflow/.local/lib/python3.8/site-packages/airflow/example_dags/example_branch_operator.py
[2023-12-03T18:39:30.166+0000] {logging_mixin.py:154} INFO - [2023-12-03T18:39:30.166+0000] {dag.py:2941} INFO - Sync 1 DAGs
[2023-12-03T18:39:30.204+0000] {logging_mixin.py:154} INFO - [2023-12-03T18:39:30.204+0000] {dag.py:3722} INFO - Setting next_dagrun for example_branch_operator to 2023-12-02T00:00:00+00:00, run_after=2023-12-03T00:00:00+00:00
[2023-12-03T18:39:30.231+0000] {processor.py:179} INFO - Processing /home/airflow/.local/lib/python3.8/site-packages/airflow/example_dags/example_branch_operator.py took 0.124 seconds
[2023-12-03T18:40:00.461+0000] {processor.py:157} INFO - Started process (PID=1152) to work on /home/airflow/.local/lib/python3.8/site-packages/airflow/example_dags/example_branch_operator.py
[2023-12-03T18:40:00.462+0000] {processor.py:829} INFO - Processing file /home/airflow/.local/lib/python3.8/site-packages/airflow/example_dags/example_branch_operator.py for tasks to queue
[2023-12-03T18:40:00.466+0000] {logging_mixin.py:154} INFO - [2023-12-03T18:40:00.465+0000] {dagbag.py:536} INFO - Filling up the DagBag from /home/airflow/.local/lib/python3.8/site-packages/airflow/example_dags/example_branch_operator.py
[2023-12-03T18:40:00.478+0000] {processor.py:839} INFO - DAG(s) dict_keys(['example_branch_operator']) retrieved from /home/airflow/.local/lib/python3.8/site-packages/airflow/example_dags/example_branch_operator.py
[2023-12-03T18:40:00.513+0000] {logging_mixin.py:154} INFO - [2023-12-03T18:40:00.512+0000] {dag.py:2941} INFO - Sync 1 DAGs
[2023-12-03T18:40:00.544+0000] {logging_mixin.py:154} INFO - [2023-12-03T18:40:00.544+0000] {dag.py:3722} INFO - Setting next_dagrun for example_branch_operator to 2023-12-02T00:00:00+00:00, run_after=2023-12-03T00:00:00+00:00
[2023-12-03T18:40:00.572+0000] {processor.py:179} INFO - Processing /home/airflow/.local/lib/python3.8/site-packages/airflow/example_dags/example_branch_operator.py took 0.115 seconds
[2023-12-03T18:41:29.872+0000] {processor.py:157} INFO - Started process (PID=37) to work on /home/airflow/.local/lib/python3.8/site-packages/airflow/example_dags/example_branch_operator.py
[2023-12-03T18:41:29.873+0000] {processor.py:829} INFO - Processing file /home/airflow/.local/lib/python3.8/site-packages/airflow/example_dags/example_branch_operator.py for tasks to queue
[2023-12-03T18:41:29.876+0000] {logging_mixin.py:154} INFO - [2023-12-03T18:41:29.876+0000] {dagbag.py:536} INFO - Filling up the DagBag from /home/airflow/.local/lib/python3.8/site-packages/airflow/example_dags/example_branch_operator.py
[2023-12-03T18:41:29.896+0000] {processor.py:839} INFO - DAG(s) dict_keys(['example_branch_operator']) retrieved from /home/airflow/.local/lib/python3.8/site-packages/airflow/example_dags/example_branch_operator.py
[2023-12-03T18:41:29.916+0000] {logging_mixin.py:154} INFO - [2023-12-03T18:41:29.916+0000] {dag.py:2941} INFO - Sync 1 DAGs
[2023-12-03T18:41:29.962+0000] {logging_mixin.py:154} INFO - [2023-12-03T18:41:29.962+0000] {dag.py:3722} INFO - Setting next_dagrun for example_branch_operator to 2023-12-02T00:00:00+00:00, run_after=2023-12-03T00:00:00+00:00
[2023-12-03T18:41:29.999+0000] {processor.py:179} INFO - Processing /home/airflow/.local/lib/python3.8/site-packages/airflow/example_dags/example_branch_operator.py took 0.133 seconds
[2023-12-03T18:41:54.952+0000] {processor.py:157} INFO - Started process (PID=36) to work on /home/airflow/.local/lib/python3.8/site-packages/airflow/example_dags/example_branch_operator.py
[2023-12-03T18:41:54.953+0000] {processor.py:829} INFO - Processing file /home/airflow/.local/lib/python3.8/site-packages/airflow/example_dags/example_branch_operator.py for tasks to queue
[2023-12-03T18:41:54.957+0000] {logging_mixin.py:154} INFO - [2023-12-03T18:41:54.956+0000] {dagbag.py:536} INFO - Filling up the DagBag from /home/airflow/.local/lib/python3.8/site-packages/airflow/example_dags/example_branch_operator.py
[2023-12-03T18:41:54.976+0000] {processor.py:839} INFO - DAG(s) dict_keys(['example_branch_operator']) retrieved from /home/airflow/.local/lib/python3.8/site-packages/airflow/example_dags/example_branch_operator.py
[2023-12-03T18:41:55.018+0000] {logging_mixin.py:154} INFO - [2023-12-03T18:41:55.017+0000] {dag.py:2941} INFO - Sync 1 DAGs
[2023-12-03T18:41:55.054+0000] {logging_mixin.py:154} INFO - [2023-12-03T18:41:55.053+0000] {dag.py:3722} INFO - Setting next_dagrun for example_branch_operator to 2023-12-02T00:00:00+00:00, run_after=2023-12-03T00:00:00+00:00
[2023-12-03T18:41:55.086+0000] {processor.py:179} INFO - Processing /home/airflow/.local/lib/python3.8/site-packages/airflow/example_dags/example_branch_operator.py took 0.139 seconds
[2023-12-03T18:42:25.612+0000] {processor.py:157} INFO - Started process (PID=91) to work on /home/airflow/.local/lib/python3.8/site-packages/airflow/example_dags/example_branch_operator.py
[2023-12-03T18:42:25.614+0000] {processor.py:829} INFO - Processing file /home/airflow/.local/lib/python3.8/site-packages/airflow/example_dags/example_branch_operator.py for tasks to queue
[2023-12-03T18:42:25.617+0000] {logging_mixin.py:154} INFO - [2023-12-03T18:42:25.617+0000] {dagbag.py:536} INFO - Filling up the DagBag from /home/airflow/.local/lib/python3.8/site-packages/airflow/example_dags/example_branch_operator.py
[2023-12-03T18:42:25.633+0000] {processor.py:839} INFO - DAG(s) dict_keys(['example_branch_operator']) retrieved from /home/airflow/.local/lib/python3.8/site-packages/airflow/example_dags/example_branch_operator.py
[2023-12-03T18:42:25.671+0000] {logging_mixin.py:154} INFO - [2023-12-03T18:42:25.670+0000] {dag.py:2941} INFO - Sync 1 DAGs
[2023-12-03T18:42:25.710+0000] {logging_mixin.py:154} INFO - [2023-12-03T18:42:25.710+0000] {dag.py:3722} INFO - Setting next_dagrun for example_branch_operator to 2023-12-02T00:00:00+00:00, run_after=2023-12-03T00:00:00+00:00
[2023-12-03T18:42:25.753+0000] {processor.py:179} INFO - Processing /home/airflow/.local/lib/python3.8/site-packages/airflow/example_dags/example_branch_operator.py took 0.146 seconds
[2023-12-03T18:42:56.609+0000] {processor.py:157} INFO - Started process (PID=147) to work on /home/airflow/.local/lib/python3.8/site-packages/airflow/example_dags/example_branch_operator.py
[2023-12-03T18:42:56.610+0000] {processor.py:829} INFO - Processing file /home/airflow/.local/lib/python3.8/site-packages/airflow/example_dags/example_branch_operator.py for tasks to queue
[2023-12-03T18:42:56.614+0000] {logging_mixin.py:154} INFO - [2023-12-03T18:42:56.613+0000] {dagbag.py:536} INFO - Filling up the DagBag from /home/airflow/.local/lib/python3.8/site-packages/airflow/example_dags/example_branch_operator.py
[2023-12-03T18:42:56.627+0000] {processor.py:839} INFO - DAG(s) dict_keys(['example_branch_operator']) retrieved from /home/airflow/.local/lib/python3.8/site-packages/airflow/example_dags/example_branch_operator.py
[2023-12-03T18:42:56.661+0000] {logging_mixin.py:154} INFO - [2023-12-03T18:42:56.661+0000] {dag.py:2941} INFO - Sync 1 DAGs
[2023-12-03T18:42:56.700+0000] {logging_mixin.py:154} INFO - [2023-12-03T18:42:56.700+0000] {dag.py:3722} INFO - Setting next_dagrun for example_branch_operator to 2023-12-02T00:00:00+00:00, run_after=2023-12-03T00:00:00+00:00
[2023-12-03T18:42:56.730+0000] {processor.py:179} INFO - Processing /home/airflow/.local/lib/python3.8/site-packages/airflow/example_dags/example_branch_operator.py took 0.127 seconds
[2023-12-03T18:43:27.364+0000] {processor.py:157} INFO - Started process (PID=202) to work on /home/airflow/.local/lib/python3.8/site-packages/airflow/example_dags/example_branch_operator.py
[2023-12-03T18:43:27.365+0000] {processor.py:829} INFO - Processing file /home/airflow/.local/lib/python3.8/site-packages/airflow/example_dags/example_branch_operator.py for tasks to queue
[2023-12-03T18:43:27.369+0000] {logging_mixin.py:154} INFO - [2023-12-03T18:43:27.368+0000] {dagbag.py:536} INFO - Filling up the DagBag from /home/airflow/.local/lib/python3.8/site-packages/airflow/example_dags/example_branch_operator.py
[2023-12-03T18:43:27.387+0000] {processor.py:839} INFO - DAG(s) dict_keys(['example_branch_operator']) retrieved from /home/airflow/.local/lib/python3.8/site-packages/airflow/example_dags/example_branch_operator.py
[2023-12-03T18:43:27.424+0000] {logging_mixin.py:154} INFO - [2023-12-03T18:43:27.424+0000] {dag.py:2941} INFO - Sync 1 DAGs
[2023-12-03T18:43:27.457+0000] {logging_mixin.py:154} INFO - [2023-12-03T18:43:27.457+0000] {dag.py:3722} INFO - Setting next_dagrun for example_branch_operator to 2023-12-02T00:00:00+00:00, run_after=2023-12-03T00:00:00+00:00
[2023-12-03T18:43:27.498+0000] {processor.py:179} INFO - Processing /home/airflow/.local/lib/python3.8/site-packages/airflow/example_dags/example_branch_operator.py took 0.138 seconds
[2023-12-03T18:43:58.186+0000] {processor.py:157} INFO - Started process (PID=257) to work on /home/airflow/.local/lib/python3.8/site-packages/airflow/example_dags/example_branch_operator.py
[2023-12-03T18:43:58.188+0000] {processor.py:829} INFO - Processing file /home/airflow/.local/lib/python3.8/site-packages/airflow/example_dags/example_branch_operator.py for tasks to queue
[2023-12-03T18:43:58.192+0000] {logging_mixin.py:154} INFO - [2023-12-03T18:43:58.192+0000] {dagbag.py:536} INFO - Filling up the DagBag from /home/airflow/.local/lib/python3.8/site-packages/airflow/example_dags/example_branch_operator.py
[2023-12-03T18:43:58.205+0000] {processor.py:839} INFO - DAG(s) dict_keys(['example_branch_operator']) retrieved from /home/airflow/.local/lib/python3.8/site-packages/airflow/example_dags/example_branch_operator.py
[2023-12-03T18:43:58.250+0000] {logging_mixin.py:154} INFO - [2023-12-03T18:43:58.250+0000] {dag.py:2941} INFO - Sync 1 DAGs
[2023-12-03T18:43:58.297+0000] {logging_mixin.py:154} INFO - [2023-12-03T18:43:58.297+0000] {dag.py:3722} INFO - Setting next_dagrun for example_branch_operator to 2023-12-02T00:00:00+00:00, run_after=2023-12-03T00:00:00+00:00
[2023-12-03T18:43:58.341+0000] {processor.py:179} INFO - Processing /home/airflow/.local/lib/python3.8/site-packages/airflow/example_dags/example_branch_operator.py took 0.161 seconds
[2023-12-03T18:44:29.165+0000] {processor.py:157} INFO - Started process (PID=312) to work on /home/airflow/.local/lib/python3.8/site-packages/airflow/example_dags/example_branch_operator.py
[2023-12-03T18:44:29.167+0000] {processor.py:829} INFO - Processing file /home/airflow/.local/lib/python3.8/site-packages/airflow/example_dags/example_branch_operator.py for tasks to queue
[2023-12-03T18:44:29.171+0000] {logging_mixin.py:154} INFO - [2023-12-03T18:44:29.170+0000] {dagbag.py:536} INFO - Filling up the DagBag from /home/airflow/.local/lib/python3.8/site-packages/airflow/example_dags/example_branch_operator.py
[2023-12-03T18:44:29.186+0000] {processor.py:839} INFO - DAG(s) dict_keys(['example_branch_operator']) retrieved from /home/airflow/.local/lib/python3.8/site-packages/airflow/example_dags/example_branch_operator.py
[2023-12-03T18:44:29.222+0000] {logging_mixin.py:154} INFO - [2023-12-03T18:44:29.221+0000] {dag.py:2941} INFO - Sync 1 DAGs
[2023-12-03T18:44:29.262+0000] {logging_mixin.py:154} INFO - [2023-12-03T18:44:29.261+0000] {dag.py:3722} INFO - Setting next_dagrun for example_branch_operator to 2023-12-02T00:00:00+00:00, run_after=2023-12-03T00:00:00+00:00
[2023-12-03T18:44:29.305+0000] {processor.py:179} INFO - Processing /home/airflow/.local/lib/python3.8/site-packages/airflow/example_dags/example_branch_operator.py took 0.148 seconds
[2023-12-03T18:48:26.360+0000] {processor.py:157} INFO - Started process (PID=40) to work on /home/airflow/.local/lib/python3.8/site-packages/airflow/example_dags/example_branch_operator.py
[2023-12-03T18:48:26.362+0000] {processor.py:829} INFO - Processing file /home/airflow/.local/lib/python3.8/site-packages/airflow/example_dags/example_branch_operator.py for tasks to queue
[2023-12-03T18:48:26.367+0000] {logging_mixin.py:154} INFO - [2023-12-03T18:48:26.366+0000] {dagbag.py:536} INFO - Filling up the DagBag from /home/airflow/.local/lib/python3.8/site-packages/airflow/example_dags/example_branch_operator.py
[2023-12-03T18:48:26.391+0000] {processor.py:839} INFO - DAG(s) dict_keys(['example_branch_operator']) retrieved from /home/airflow/.local/lib/python3.8/site-packages/airflow/example_dags/example_branch_operator.py
[2023-12-03T18:48:26.416+0000] {logging_mixin.py:154} INFO - [2023-12-03T18:48:26.416+0000] {dag.py:2941} INFO - Sync 1 DAGs
[2023-12-03T18:48:26.462+0000] {logging_mixin.py:154} INFO - [2023-12-03T18:48:26.461+0000] {dag.py:3722} INFO - Setting next_dagrun for example_branch_operator to 2023-12-02T00:00:00+00:00, run_after=2023-12-03T00:00:00+00:00
[2023-12-03T18:48:26.509+0000] {processor.py:179} INFO - Processing /home/airflow/.local/lib/python3.8/site-packages/airflow/example_dags/example_branch_operator.py took 0.155 seconds
[2023-12-03T18:48:57.002+0000] {processor.py:157} INFO - Started process (PID=95) to work on /home/airflow/.local/lib/python3.8/site-packages/airflow/example_dags/example_branch_operator.py
[2023-12-03T18:48:57.003+0000] {processor.py:829} INFO - Processing file /home/airflow/.local/lib/python3.8/site-packages/airflow/example_dags/example_branch_operator.py for tasks to queue
[2023-12-03T18:48:57.007+0000] {logging_mixin.py:154} INFO - [2023-12-03T18:48:57.006+0000] {dagbag.py:536} INFO - Filling up the DagBag from /home/airflow/.local/lib/python3.8/site-packages/airflow/example_dags/example_branch_operator.py
[2023-12-03T18:48:57.019+0000] {processor.py:839} INFO - DAG(s) dict_keys(['example_branch_operator']) retrieved from /home/airflow/.local/lib/python3.8/site-packages/airflow/example_dags/example_branch_operator.py
[2023-12-03T18:48:57.053+0000] {logging_mixin.py:154} INFO - [2023-12-03T18:48:57.053+0000] {dag.py:2941} INFO - Sync 1 DAGs
[2023-12-03T18:48:57.097+0000] {logging_mixin.py:154} INFO - [2023-12-03T18:48:57.097+0000] {dag.py:3722} INFO - Setting next_dagrun for example_branch_operator to 2023-12-02T00:00:00+00:00, run_after=2023-12-03T00:00:00+00:00
[2023-12-03T18:48:57.142+0000] {processor.py:179} INFO - Processing /home/airflow/.local/lib/python3.8/site-packages/airflow/example_dags/example_branch_operator.py took 0.145 seconds
[2023-12-03T18:49:27.589+0000] {processor.py:157} INFO - Started process (PID=150) to work on /home/airflow/.local/lib/python3.8/site-packages/airflow/example_dags/example_branch_operator.py
[2023-12-03T18:49:27.591+0000] {processor.py:829} INFO - Processing file /home/airflow/.local/lib/python3.8/site-packages/airflow/example_dags/example_branch_operator.py for tasks to queue
[2023-12-03T18:49:27.597+0000] {logging_mixin.py:154} INFO - [2023-12-03T18:49:27.596+0000] {dagbag.py:536} INFO - Filling up the DagBag from /home/airflow/.local/lib/python3.8/site-packages/airflow/example_dags/example_branch_operator.py
[2023-12-03T18:49:27.622+0000] {processor.py:839} INFO - DAG(s) dict_keys(['example_branch_operator']) retrieved from /home/airflow/.local/lib/python3.8/site-packages/airflow/example_dags/example_branch_operator.py
[2023-12-03T18:49:27.688+0000] {logging_mixin.py:154} INFO - [2023-12-03T18:49:27.687+0000] {dag.py:2941} INFO - Sync 1 DAGs
[2023-12-03T18:49:27.720+0000] {logging_mixin.py:154} INFO - [2023-12-03T18:49:27.720+0000] {dag.py:3722} INFO - Setting next_dagrun for example_branch_operator to 2023-12-02T00:00:00+00:00, run_after=2023-12-03T00:00:00+00:00
[2023-12-03T18:49:27.746+0000] {processor.py:179} INFO - Processing /home/airflow/.local/lib/python3.8/site-packages/airflow/example_dags/example_branch_operator.py took 0.164 seconds
