[2023-12-03T18:18:46.599+0000] {processor.py:157} INFO - Started process (PID=45) to work on /home/airflow/.local/lib/python3.8/site-packages/airflow/example_dags/example_time_delta_sensor_async.py
[2023-12-03T18:18:46.601+0000] {processor.py:829} INFO - Processing file /home/airflow/.local/lib/python3.8/site-packages/airflow/example_dags/example_time_delta_sensor_async.py for tasks to queue
[2023-12-03T18:18:46.605+0000] {logging_mixin.py:154} INFO - [2023-12-03T18:18:46.604+0000] {dagbag.py:536} INFO - Filling up the DagBag from /home/airflow/.local/lib/python3.8/site-packages/airflow/example_dags/example_time_delta_sensor_async.py
[2023-12-03T18:18:46.619+0000] {processor.py:839} INFO - DAG(s) dict_keys(['example_time_delta_sensor_async']) retrieved from /home/airflow/.local/lib/python3.8/site-packages/airflow/example_dags/example_time_delta_sensor_async.py
[2023-12-03T18:18:46.682+0000] {logging_mixin.py:154} INFO - [2023-12-03T18:18:46.681+0000] {dag.py:2941} INFO - Sync 1 DAGs
[2023-12-03T18:18:46.720+0000] {logging_mixin.py:154} INFO - [2023-12-03T18:18:46.720+0000] {dag.py:3722} INFO - Setting next_dagrun for example_time_delta_sensor_async to None, run_after=None
[2023-12-03T18:18:46.760+0000] {processor.py:179} INFO - Processing /home/airflow/.local/lib/python3.8/site-packages/airflow/example_dags/example_time_delta_sensor_async.py took 0.167 seconds
[2023-12-03T18:19:17.654+0000] {processor.py:157} INFO - Started process (PID=99) to work on /home/airflow/.local/lib/python3.8/site-packages/airflow/example_dags/example_time_delta_sensor_async.py
[2023-12-03T18:19:17.655+0000] {processor.py:829} INFO - Processing file /home/airflow/.local/lib/python3.8/site-packages/airflow/example_dags/example_time_delta_sensor_async.py for tasks to queue
[2023-12-03T18:19:17.658+0000] {logging_mixin.py:154} INFO - [2023-12-03T18:19:17.658+0000] {dagbag.py:536} INFO - Filling up the DagBag from /home/airflow/.local/lib/python3.8/site-packages/airflow/example_dags/example_time_delta_sensor_async.py
[2023-12-03T18:19:17.665+0000] {processor.py:839} INFO - DAG(s) dict_keys(['example_time_delta_sensor_async']) retrieved from /home/airflow/.local/lib/python3.8/site-packages/airflow/example_dags/example_time_delta_sensor_async.py
[2023-12-03T18:19:17.691+0000] {logging_mixin.py:154} INFO - [2023-12-03T18:19:17.691+0000] {dag.py:2941} INFO - Sync 1 DAGs
[2023-12-03T18:19:17.710+0000] {logging_mixin.py:154} INFO - [2023-12-03T18:19:17.709+0000] {dag.py:3722} INFO - Setting next_dagrun for example_time_delta_sensor_async to None, run_after=None
[2023-12-03T18:19:17.752+0000] {processor.py:179} INFO - Processing /home/airflow/.local/lib/python3.8/site-packages/airflow/example_dags/example_time_delta_sensor_async.py took 0.103 seconds
[2023-12-03T18:19:48.398+0000] {processor.py:157} INFO - Started process (PID=153) to work on /home/airflow/.local/lib/python3.8/site-packages/airflow/example_dags/example_time_delta_sensor_async.py
[2023-12-03T18:19:48.400+0000] {processor.py:829} INFO - Processing file /home/airflow/.local/lib/python3.8/site-packages/airflow/example_dags/example_time_delta_sensor_async.py for tasks to queue
[2023-12-03T18:19:48.405+0000] {logging_mixin.py:154} INFO - [2023-12-03T18:19:48.405+0000] {dagbag.py:536} INFO - Filling up the DagBag from /home/airflow/.local/lib/python3.8/site-packages/airflow/example_dags/example_time_delta_sensor_async.py
[2023-12-03T18:19:48.416+0000] {processor.py:839} INFO - DAG(s) dict_keys(['example_time_delta_sensor_async']) retrieved from /home/airflow/.local/lib/python3.8/site-packages/airflow/example_dags/example_time_delta_sensor_async.py
[2023-12-03T18:19:48.439+0000] {logging_mixin.py:154} INFO - [2023-12-03T18:19:48.439+0000] {dag.py:2941} INFO - Sync 1 DAGs
[2023-12-03T18:19:48.466+0000] {logging_mixin.py:154} INFO - [2023-12-03T18:19:48.465+0000] {dag.py:3722} INFO - Setting next_dagrun for example_time_delta_sensor_async to None, run_after=None
[2023-12-03T18:19:48.507+0000] {processor.py:179} INFO - Processing /home/airflow/.local/lib/python3.8/site-packages/airflow/example_dags/example_time_delta_sensor_async.py took 0.113 seconds
[2023-12-03T18:20:19.084+0000] {processor.py:157} INFO - Started process (PID=207) to work on /home/airflow/.local/lib/python3.8/site-packages/airflow/example_dags/example_time_delta_sensor_async.py
[2023-12-03T18:20:19.086+0000] {processor.py:829} INFO - Processing file /home/airflow/.local/lib/python3.8/site-packages/airflow/example_dags/example_time_delta_sensor_async.py for tasks to queue
[2023-12-03T18:20:19.091+0000] {logging_mixin.py:154} INFO - [2023-12-03T18:20:19.090+0000] {dagbag.py:536} INFO - Filling up the DagBag from /home/airflow/.local/lib/python3.8/site-packages/airflow/example_dags/example_time_delta_sensor_async.py
[2023-12-03T18:20:19.100+0000] {processor.py:839} INFO - DAG(s) dict_keys(['example_time_delta_sensor_async']) retrieved from /home/airflow/.local/lib/python3.8/site-packages/airflow/example_dags/example_time_delta_sensor_async.py
[2023-12-03T18:20:19.141+0000] {logging_mixin.py:154} INFO - [2023-12-03T18:20:19.140+0000] {dag.py:2941} INFO - Sync 1 DAGs
[2023-12-03T18:20:19.170+0000] {logging_mixin.py:154} INFO - [2023-12-03T18:20:19.170+0000] {dag.py:3722} INFO - Setting next_dagrun for example_time_delta_sensor_async to None, run_after=None
[2023-12-03T18:20:19.207+0000] {processor.py:179} INFO - Processing /home/airflow/.local/lib/python3.8/site-packages/airflow/example_dags/example_time_delta_sensor_async.py took 0.131 seconds
[2023-12-03T18:20:49.386+0000] {processor.py:157} INFO - Started process (PID=261) to work on /home/airflow/.local/lib/python3.8/site-packages/airflow/example_dags/example_time_delta_sensor_async.py
[2023-12-03T18:20:49.388+0000] {processor.py:829} INFO - Processing file /home/airflow/.local/lib/python3.8/site-packages/airflow/example_dags/example_time_delta_sensor_async.py for tasks to queue
[2023-12-03T18:20:49.393+0000] {logging_mixin.py:154} INFO - [2023-12-03T18:20:49.392+0000] {dagbag.py:536} INFO - Filling up the DagBag from /home/airflow/.local/lib/python3.8/site-packages/airflow/example_dags/example_time_delta_sensor_async.py
[2023-12-03T18:20:49.401+0000] {processor.py:839} INFO - DAG(s) dict_keys(['example_time_delta_sensor_async']) retrieved from /home/airflow/.local/lib/python3.8/site-packages/airflow/example_dags/example_time_delta_sensor_async.py
[2023-12-03T18:20:49.441+0000] {logging_mixin.py:154} INFO - [2023-12-03T18:20:49.441+0000] {dag.py:2941} INFO - Sync 1 DAGs
[2023-12-03T18:20:49.469+0000] {logging_mixin.py:154} INFO - [2023-12-03T18:20:49.469+0000] {dag.py:3722} INFO - Setting next_dagrun for example_time_delta_sensor_async to None, run_after=None
[2023-12-03T18:20:49.506+0000] {processor.py:179} INFO - Processing /home/airflow/.local/lib/python3.8/site-packages/airflow/example_dags/example_time_delta_sensor_async.py took 0.124 seconds
[2023-12-03T18:21:19.902+0000] {processor.py:157} INFO - Started process (PID=314) to work on /home/airflow/.local/lib/python3.8/site-packages/airflow/example_dags/example_time_delta_sensor_async.py
[2023-12-03T18:21:19.904+0000] {processor.py:829} INFO - Processing file /home/airflow/.local/lib/python3.8/site-packages/airflow/example_dags/example_time_delta_sensor_async.py for tasks to queue
[2023-12-03T18:21:19.908+0000] {logging_mixin.py:154} INFO - [2023-12-03T18:21:19.907+0000] {dagbag.py:536} INFO - Filling up the DagBag from /home/airflow/.local/lib/python3.8/site-packages/airflow/example_dags/example_time_delta_sensor_async.py
[2023-12-03T18:21:19.916+0000] {processor.py:839} INFO - DAG(s) dict_keys(['example_time_delta_sensor_async']) retrieved from /home/airflow/.local/lib/python3.8/site-packages/airflow/example_dags/example_time_delta_sensor_async.py
[2023-12-03T18:21:19.936+0000] {logging_mixin.py:154} INFO - [2023-12-03T18:21:19.935+0000] {dag.py:2941} INFO - Sync 1 DAGs
[2023-12-03T18:21:19.963+0000] {logging_mixin.py:154} INFO - [2023-12-03T18:21:19.963+0000] {dag.py:3722} INFO - Setting next_dagrun for example_time_delta_sensor_async to None, run_after=None
[2023-12-03T18:21:20.010+0000] {processor.py:179} INFO - Processing /home/airflow/.local/lib/python3.8/site-packages/airflow/example_dags/example_time_delta_sensor_async.py took 0.113 seconds
[2023-12-03T18:21:50.180+0000] {processor.py:157} INFO - Started process (PID=368) to work on /home/airflow/.local/lib/python3.8/site-packages/airflow/example_dags/example_time_delta_sensor_async.py
[2023-12-03T18:21:50.182+0000] {processor.py:829} INFO - Processing file /home/airflow/.local/lib/python3.8/site-packages/airflow/example_dags/example_time_delta_sensor_async.py for tasks to queue
[2023-12-03T18:21:50.186+0000] {logging_mixin.py:154} INFO - [2023-12-03T18:21:50.186+0000] {dagbag.py:536} INFO - Filling up the DagBag from /home/airflow/.local/lib/python3.8/site-packages/airflow/example_dags/example_time_delta_sensor_async.py
[2023-12-03T18:21:50.197+0000] {processor.py:839} INFO - DAG(s) dict_keys(['example_time_delta_sensor_async']) retrieved from /home/airflow/.local/lib/python3.8/site-packages/airflow/example_dags/example_time_delta_sensor_async.py
[2023-12-03T18:21:50.239+0000] {logging_mixin.py:154} INFO - [2023-12-03T18:21:50.238+0000] {dag.py:2941} INFO - Sync 1 DAGs
[2023-12-03T18:21:50.267+0000] {logging_mixin.py:154} INFO - [2023-12-03T18:21:50.267+0000] {dag.py:3722} INFO - Setting next_dagrun for example_time_delta_sensor_async to None, run_after=None
[2023-12-03T18:21:50.305+0000] {processor.py:179} INFO - Processing /home/airflow/.local/lib/python3.8/site-packages/airflow/example_dags/example_time_delta_sensor_async.py took 0.130 seconds
[2023-12-03T18:22:20.437+0000] {processor.py:157} INFO - Started process (PID=422) to work on /home/airflow/.local/lib/python3.8/site-packages/airflow/example_dags/example_time_delta_sensor_async.py
[2023-12-03T18:22:20.439+0000] {processor.py:829} INFO - Processing file /home/airflow/.local/lib/python3.8/site-packages/airflow/example_dags/example_time_delta_sensor_async.py for tasks to queue
[2023-12-03T18:22:20.444+0000] {logging_mixin.py:154} INFO - [2023-12-03T18:22:20.443+0000] {dagbag.py:536} INFO - Filling up the DagBag from /home/airflow/.local/lib/python3.8/site-packages/airflow/example_dags/example_time_delta_sensor_async.py
[2023-12-03T18:22:20.453+0000] {processor.py:839} INFO - DAG(s) dict_keys(['example_time_delta_sensor_async']) retrieved from /home/airflow/.local/lib/python3.8/site-packages/airflow/example_dags/example_time_delta_sensor_async.py
[2023-12-03T18:22:20.490+0000] {logging_mixin.py:154} INFO - [2023-12-03T18:22:20.490+0000] {dag.py:2941} INFO - Sync 1 DAGs
[2023-12-03T18:22:20.518+0000] {logging_mixin.py:154} INFO - [2023-12-03T18:22:20.517+0000] {dag.py:3722} INFO - Setting next_dagrun for example_time_delta_sensor_async to None, run_after=None
[2023-12-03T18:22:20.554+0000] {processor.py:179} INFO - Processing /home/airflow/.local/lib/python3.8/site-packages/airflow/example_dags/example_time_delta_sensor_async.py took 0.122 seconds
[2023-12-03T18:23:56.331+0000] {processor.py:157} INFO - Started process (PID=45) to work on /home/airflow/.local/lib/python3.8/site-packages/airflow/example_dags/example_time_delta_sensor_async.py
[2023-12-03T18:23:56.334+0000] {processor.py:829} INFO - Processing file /home/airflow/.local/lib/python3.8/site-packages/airflow/example_dags/example_time_delta_sensor_async.py for tasks to queue
[2023-12-03T18:23:56.339+0000] {logging_mixin.py:154} INFO - [2023-12-03T18:23:56.338+0000] {dagbag.py:536} INFO - Filling up the DagBag from /home/airflow/.local/lib/python3.8/site-packages/airflow/example_dags/example_time_delta_sensor_async.py
[2023-12-03T18:23:56.355+0000] {processor.py:839} INFO - DAG(s) dict_keys(['example_time_delta_sensor_async']) retrieved from /home/airflow/.local/lib/python3.8/site-packages/airflow/example_dags/example_time_delta_sensor_async.py
[2023-12-03T18:23:56.378+0000] {logging_mixin.py:154} INFO - [2023-12-03T18:23:56.377+0000] {dag.py:2941} INFO - Sync 1 DAGs
[2023-12-03T18:23:56.403+0000] {logging_mixin.py:154} INFO - [2023-12-03T18:23:56.403+0000] {dag.py:3722} INFO - Setting next_dagrun for example_time_delta_sensor_async to None, run_after=None
[2023-12-03T18:23:56.460+0000] {processor.py:179} INFO - Processing /home/airflow/.local/lib/python3.8/site-packages/airflow/example_dags/example_time_delta_sensor_async.py took 0.135 seconds
[2023-12-03T18:24:27.484+0000] {processor.py:157} INFO - Started process (PID=99) to work on /home/airflow/.local/lib/python3.8/site-packages/airflow/example_dags/example_time_delta_sensor_async.py
[2023-12-03T18:24:27.486+0000] {processor.py:829} INFO - Processing file /home/airflow/.local/lib/python3.8/site-packages/airflow/example_dags/example_time_delta_sensor_async.py for tasks to queue
[2023-12-03T18:24:27.492+0000] {logging_mixin.py:154} INFO - [2023-12-03T18:24:27.491+0000] {dagbag.py:536} INFO - Filling up the DagBag from /home/airflow/.local/lib/python3.8/site-packages/airflow/example_dags/example_time_delta_sensor_async.py
[2023-12-03T18:24:27.505+0000] {processor.py:839} INFO - DAG(s) dict_keys(['example_time_delta_sensor_async']) retrieved from /home/airflow/.local/lib/python3.8/site-packages/airflow/example_dags/example_time_delta_sensor_async.py
[2023-12-03T18:24:27.543+0000] {logging_mixin.py:154} INFO - [2023-12-03T18:24:27.542+0000] {dag.py:2941} INFO - Sync 1 DAGs
[2023-12-03T18:24:27.569+0000] {logging_mixin.py:154} INFO - [2023-12-03T18:24:27.569+0000] {dag.py:3722} INFO - Setting next_dagrun for example_time_delta_sensor_async to None, run_after=None
[2023-12-03T18:24:27.602+0000] {processor.py:179} INFO - Processing /home/airflow/.local/lib/python3.8/site-packages/airflow/example_dags/example_time_delta_sensor_async.py took 0.127 seconds
[2023-12-03T18:24:57.806+0000] {processor.py:157} INFO - Started process (PID=153) to work on /home/airflow/.local/lib/python3.8/site-packages/airflow/example_dags/example_time_delta_sensor_async.py
[2023-12-03T18:24:57.808+0000] {processor.py:829} INFO - Processing file /home/airflow/.local/lib/python3.8/site-packages/airflow/example_dags/example_time_delta_sensor_async.py for tasks to queue
[2023-12-03T18:24:57.813+0000] {logging_mixin.py:154} INFO - [2023-12-03T18:24:57.812+0000] {dagbag.py:536} INFO - Filling up the DagBag from /home/airflow/.local/lib/python3.8/site-packages/airflow/example_dags/example_time_delta_sensor_async.py
[2023-12-03T18:24:57.826+0000] {processor.py:839} INFO - DAG(s) dict_keys(['example_time_delta_sensor_async']) retrieved from /home/airflow/.local/lib/python3.8/site-packages/airflow/example_dags/example_time_delta_sensor_async.py
[2023-12-03T18:24:57.874+0000] {logging_mixin.py:154} INFO - [2023-12-03T18:24:57.873+0000] {dag.py:2941} INFO - Sync 1 DAGs
[2023-12-03T18:24:57.906+0000] {logging_mixin.py:154} INFO - [2023-12-03T18:24:57.906+0000] {dag.py:3722} INFO - Setting next_dagrun for example_time_delta_sensor_async to None, run_after=None
[2023-12-03T18:24:57.933+0000] {processor.py:179} INFO - Processing /home/airflow/.local/lib/python3.8/site-packages/airflow/example_dags/example_time_delta_sensor_async.py took 0.136 seconds
[2023-12-03T18:25:28.390+0000] {processor.py:157} INFO - Started process (PID=207) to work on /home/airflow/.local/lib/python3.8/site-packages/airflow/example_dags/example_time_delta_sensor_async.py
[2023-12-03T18:25:28.392+0000] {processor.py:829} INFO - Processing file /home/airflow/.local/lib/python3.8/site-packages/airflow/example_dags/example_time_delta_sensor_async.py for tasks to queue
[2023-12-03T18:25:28.396+0000] {logging_mixin.py:154} INFO - [2023-12-03T18:25:28.396+0000] {dagbag.py:536} INFO - Filling up the DagBag from /home/airflow/.local/lib/python3.8/site-packages/airflow/example_dags/example_time_delta_sensor_async.py
[2023-12-03T18:25:28.405+0000] {processor.py:839} INFO - DAG(s) dict_keys(['example_time_delta_sensor_async']) retrieved from /home/airflow/.local/lib/python3.8/site-packages/airflow/example_dags/example_time_delta_sensor_async.py
[2023-12-03T18:25:28.434+0000] {logging_mixin.py:154} INFO - [2023-12-03T18:25:28.433+0000] {dag.py:2941} INFO - Sync 1 DAGs
[2023-12-03T18:25:28.455+0000] {logging_mixin.py:154} INFO - [2023-12-03T18:25:28.455+0000] {dag.py:3722} INFO - Setting next_dagrun for example_time_delta_sensor_async to None, run_after=None
[2023-12-03T18:25:28.482+0000] {processor.py:179} INFO - Processing /home/airflow/.local/lib/python3.8/site-packages/airflow/example_dags/example_time_delta_sensor_async.py took 0.096 seconds
[2023-12-03T18:25:59.019+0000] {processor.py:157} INFO - Started process (PID=261) to work on /home/airflow/.local/lib/python3.8/site-packages/airflow/example_dags/example_time_delta_sensor_async.py
[2023-12-03T18:25:59.021+0000] {processor.py:829} INFO - Processing file /home/airflow/.local/lib/python3.8/site-packages/airflow/example_dags/example_time_delta_sensor_async.py for tasks to queue
[2023-12-03T18:25:59.026+0000] {logging_mixin.py:154} INFO - [2023-12-03T18:25:59.025+0000] {dagbag.py:536} INFO - Filling up the DagBag from /home/airflow/.local/lib/python3.8/site-packages/airflow/example_dags/example_time_delta_sensor_async.py
[2023-12-03T18:25:59.034+0000] {processor.py:839} INFO - DAG(s) dict_keys(['example_time_delta_sensor_async']) retrieved from /home/airflow/.local/lib/python3.8/site-packages/airflow/example_dags/example_time_delta_sensor_async.py
[2023-12-03T18:25:59.068+0000] {logging_mixin.py:154} INFO - [2023-12-03T18:25:59.067+0000] {dag.py:2941} INFO - Sync 1 DAGs
[2023-12-03T18:25:59.089+0000] {logging_mixin.py:154} INFO - [2023-12-03T18:25:59.089+0000] {dag.py:3722} INFO - Setting next_dagrun for example_time_delta_sensor_async to None, run_after=None
[2023-12-03T18:25:59.124+0000] {processor.py:179} INFO - Processing /home/airflow/.local/lib/python3.8/site-packages/airflow/example_dags/example_time_delta_sensor_async.py took 0.110 seconds
[2023-12-03T18:26:29.340+0000] {processor.py:157} INFO - Started process (PID=315) to work on /home/airflow/.local/lib/python3.8/site-packages/airflow/example_dags/example_time_delta_sensor_async.py
[2023-12-03T18:26:29.342+0000] {processor.py:829} INFO - Processing file /home/airflow/.local/lib/python3.8/site-packages/airflow/example_dags/example_time_delta_sensor_async.py for tasks to queue
[2023-12-03T18:26:29.348+0000] {logging_mixin.py:154} INFO - [2023-12-03T18:26:29.347+0000] {dagbag.py:536} INFO - Filling up the DagBag from /home/airflow/.local/lib/python3.8/site-packages/airflow/example_dags/example_time_delta_sensor_async.py
[2023-12-03T18:26:29.355+0000] {processor.py:839} INFO - DAG(s) dict_keys(['example_time_delta_sensor_async']) retrieved from /home/airflow/.local/lib/python3.8/site-packages/airflow/example_dags/example_time_delta_sensor_async.py
[2023-12-03T18:26:29.386+0000] {logging_mixin.py:154} INFO - [2023-12-03T18:26:29.386+0000] {dag.py:2941} INFO - Sync 1 DAGs
[2023-12-03T18:26:29.404+0000] {logging_mixin.py:154} INFO - [2023-12-03T18:26:29.403+0000] {dag.py:3722} INFO - Setting next_dagrun for example_time_delta_sensor_async to None, run_after=None
[2023-12-03T18:26:29.448+0000] {processor.py:179} INFO - Processing /home/airflow/.local/lib/python3.8/site-packages/airflow/example_dags/example_time_delta_sensor_async.py took 0.118 seconds
[2023-12-03T18:26:59.891+0000] {processor.py:157} INFO - Started process (PID=369) to work on /home/airflow/.local/lib/python3.8/site-packages/airflow/example_dags/example_time_delta_sensor_async.py
[2023-12-03T18:26:59.892+0000] {processor.py:829} INFO - Processing file /home/airflow/.local/lib/python3.8/site-packages/airflow/example_dags/example_time_delta_sensor_async.py for tasks to queue
[2023-12-03T18:26:59.896+0000] {logging_mixin.py:154} INFO - [2023-12-03T18:26:59.895+0000] {dagbag.py:536} INFO - Filling up the DagBag from /home/airflow/.local/lib/python3.8/site-packages/airflow/example_dags/example_time_delta_sensor_async.py
[2023-12-03T18:26:59.903+0000] {processor.py:839} INFO - DAG(s) dict_keys(['example_time_delta_sensor_async']) retrieved from /home/airflow/.local/lib/python3.8/site-packages/airflow/example_dags/example_time_delta_sensor_async.py
[2023-12-03T18:26:59.960+0000] {logging_mixin.py:154} INFO - [2023-12-03T18:26:59.960+0000] {dag.py:2941} INFO - Sync 1 DAGs
[2023-12-03T18:26:59.984+0000] {logging_mixin.py:154} INFO - [2023-12-03T18:26:59.984+0000] {dag.py:3722} INFO - Setting next_dagrun for example_time_delta_sensor_async to None, run_after=None
[2023-12-03T18:27:00.018+0000] {processor.py:179} INFO - Processing /home/airflow/.local/lib/python3.8/site-packages/airflow/example_dags/example_time_delta_sensor_async.py took 0.131 seconds
[2023-12-03T18:27:30.310+0000] {processor.py:157} INFO - Started process (PID=423) to work on /home/airflow/.local/lib/python3.8/site-packages/airflow/example_dags/example_time_delta_sensor_async.py
[2023-12-03T18:27:30.312+0000] {processor.py:829} INFO - Processing file /home/airflow/.local/lib/python3.8/site-packages/airflow/example_dags/example_time_delta_sensor_async.py for tasks to queue
[2023-12-03T18:27:30.317+0000] {logging_mixin.py:154} INFO - [2023-12-03T18:27:30.316+0000] {dagbag.py:536} INFO - Filling up the DagBag from /home/airflow/.local/lib/python3.8/site-packages/airflow/example_dags/example_time_delta_sensor_async.py
[2023-12-03T18:27:30.326+0000] {processor.py:839} INFO - DAG(s) dict_keys(['example_time_delta_sensor_async']) retrieved from /home/airflow/.local/lib/python3.8/site-packages/airflow/example_dags/example_time_delta_sensor_async.py
[2023-12-03T18:27:30.361+0000] {logging_mixin.py:154} INFO - [2023-12-03T18:27:30.361+0000] {dag.py:2941} INFO - Sync 1 DAGs
[2023-12-03T18:27:30.384+0000] {logging_mixin.py:154} INFO - [2023-12-03T18:27:30.383+0000] {dag.py:3722} INFO - Setting next_dagrun for example_time_delta_sensor_async to None, run_after=None
[2023-12-03T18:27:30.420+0000] {processor.py:179} INFO - Processing /home/airflow/.local/lib/python3.8/site-packages/airflow/example_dags/example_time_delta_sensor_async.py took 0.116 seconds
[2023-12-03T18:28:00.812+0000] {processor.py:157} INFO - Started process (PID=477) to work on /home/airflow/.local/lib/python3.8/site-packages/airflow/example_dags/example_time_delta_sensor_async.py
[2023-12-03T18:28:00.814+0000] {processor.py:829} INFO - Processing file /home/airflow/.local/lib/python3.8/site-packages/airflow/example_dags/example_time_delta_sensor_async.py for tasks to queue
[2023-12-03T18:28:00.817+0000] {logging_mixin.py:154} INFO - [2023-12-03T18:28:00.816+0000] {dagbag.py:536} INFO - Filling up the DagBag from /home/airflow/.local/lib/python3.8/site-packages/airflow/example_dags/example_time_delta_sensor_async.py
[2023-12-03T18:28:00.824+0000] {processor.py:839} INFO - DAG(s) dict_keys(['example_time_delta_sensor_async']) retrieved from /home/airflow/.local/lib/python3.8/site-packages/airflow/example_dags/example_time_delta_sensor_async.py
[2023-12-03T18:28:00.853+0000] {logging_mixin.py:154} INFO - [2023-12-03T18:28:00.852+0000] {dag.py:2941} INFO - Sync 1 DAGs
[2023-12-03T18:28:00.872+0000] {logging_mixin.py:154} INFO - [2023-12-03T18:28:00.872+0000] {dag.py:3722} INFO - Setting next_dagrun for example_time_delta_sensor_async to None, run_after=None
[2023-12-03T18:28:00.911+0000] {processor.py:179} INFO - Processing /home/airflow/.local/lib/python3.8/site-packages/airflow/example_dags/example_time_delta_sensor_async.py took 0.103 seconds
[2023-12-03T18:28:31.362+0000] {processor.py:157} INFO - Started process (PID=531) to work on /home/airflow/.local/lib/python3.8/site-packages/airflow/example_dags/example_time_delta_sensor_async.py
[2023-12-03T18:28:31.364+0000] {processor.py:829} INFO - Processing file /home/airflow/.local/lib/python3.8/site-packages/airflow/example_dags/example_time_delta_sensor_async.py for tasks to queue
[2023-12-03T18:28:31.367+0000] {logging_mixin.py:154} INFO - [2023-12-03T18:28:31.367+0000] {dagbag.py:536} INFO - Filling up the DagBag from /home/airflow/.local/lib/python3.8/site-packages/airflow/example_dags/example_time_delta_sensor_async.py
[2023-12-03T18:28:31.377+0000] {processor.py:839} INFO - DAG(s) dict_keys(['example_time_delta_sensor_async']) retrieved from /home/airflow/.local/lib/python3.8/site-packages/airflow/example_dags/example_time_delta_sensor_async.py
[2023-12-03T18:28:31.412+0000] {logging_mixin.py:154} INFO - [2023-12-03T18:28:31.412+0000] {dag.py:2941} INFO - Sync 1 DAGs
[2023-12-03T18:28:31.431+0000] {logging_mixin.py:154} INFO - [2023-12-03T18:28:31.431+0000] {dag.py:3722} INFO - Setting next_dagrun for example_time_delta_sensor_async to None, run_after=None
[2023-12-03T18:28:31.469+0000] {processor.py:179} INFO - Processing /home/airflow/.local/lib/python3.8/site-packages/airflow/example_dags/example_time_delta_sensor_async.py took 0.112 seconds
[2023-12-03T18:29:48.005+0000] {processor.py:157} INFO - Started process (PID=46) to work on /home/airflow/.local/lib/python3.8/site-packages/airflow/example_dags/example_time_delta_sensor_async.py
[2023-12-03T18:29:48.007+0000] {processor.py:829} INFO - Processing file /home/airflow/.local/lib/python3.8/site-packages/airflow/example_dags/example_time_delta_sensor_async.py for tasks to queue
[2023-12-03T18:29:48.011+0000] {logging_mixin.py:154} INFO - [2023-12-03T18:29:48.011+0000] {dagbag.py:536} INFO - Filling up the DagBag from /home/airflow/.local/lib/python3.8/site-packages/airflow/example_dags/example_time_delta_sensor_async.py
[2023-12-03T18:29:48.027+0000] {processor.py:839} INFO - DAG(s) dict_keys(['example_time_delta_sensor_async']) retrieved from /home/airflow/.local/lib/python3.8/site-packages/airflow/example_dags/example_time_delta_sensor_async.py
[2023-12-03T18:29:48.081+0000] {logging_mixin.py:154} INFO - [2023-12-03T18:29:48.081+0000] {dag.py:2941} INFO - Sync 1 DAGs
[2023-12-03T18:29:48.109+0000] {logging_mixin.py:154} INFO - [2023-12-03T18:29:48.108+0000] {dag.py:3722} INFO - Setting next_dagrun for example_time_delta_sensor_async to None, run_after=None
[2023-12-03T18:29:48.149+0000] {processor.py:179} INFO - Processing /home/airflow/.local/lib/python3.8/site-packages/airflow/example_dags/example_time_delta_sensor_async.py took 0.149 seconds
[2023-12-03T18:30:18.613+0000] {processor.py:157} INFO - Started process (PID=101) to work on /home/airflow/.local/lib/python3.8/site-packages/airflow/example_dags/example_time_delta_sensor_async.py
[2023-12-03T18:30:18.614+0000] {processor.py:829} INFO - Processing file /home/airflow/.local/lib/python3.8/site-packages/airflow/example_dags/example_time_delta_sensor_async.py for tasks to queue
[2023-12-03T18:30:18.620+0000] {logging_mixin.py:154} INFO - [2023-12-03T18:30:18.619+0000] {dagbag.py:536} INFO - Filling up the DagBag from /home/airflow/.local/lib/python3.8/site-packages/airflow/example_dags/example_time_delta_sensor_async.py
[2023-12-03T18:30:18.633+0000] {processor.py:839} INFO - DAG(s) dict_keys(['example_time_delta_sensor_async']) retrieved from /home/airflow/.local/lib/python3.8/site-packages/airflow/example_dags/example_time_delta_sensor_async.py
[2023-12-03T18:30:18.679+0000] {logging_mixin.py:154} INFO - [2023-12-03T18:30:18.678+0000] {dag.py:2941} INFO - Sync 1 DAGs
[2023-12-03T18:30:18.706+0000] {logging_mixin.py:154} INFO - [2023-12-03T18:30:18.706+0000] {dag.py:3722} INFO - Setting next_dagrun for example_time_delta_sensor_async to None, run_after=None
[2023-12-03T18:30:18.742+0000] {processor.py:179} INFO - Processing /home/airflow/.local/lib/python3.8/site-packages/airflow/example_dags/example_time_delta_sensor_async.py took 0.137 seconds
[2023-12-03T18:30:49.569+0000] {processor.py:157} INFO - Started process (PID=156) to work on /home/airflow/.local/lib/python3.8/site-packages/airflow/example_dags/example_time_delta_sensor_async.py
[2023-12-03T18:30:49.571+0000] {processor.py:829} INFO - Processing file /home/airflow/.local/lib/python3.8/site-packages/airflow/example_dags/example_time_delta_sensor_async.py for tasks to queue
[2023-12-03T18:30:49.575+0000] {logging_mixin.py:154} INFO - [2023-12-03T18:30:49.574+0000] {dagbag.py:536} INFO - Filling up the DagBag from /home/airflow/.local/lib/python3.8/site-packages/airflow/example_dags/example_time_delta_sensor_async.py
[2023-12-03T18:30:49.584+0000] {processor.py:839} INFO - DAG(s) dict_keys(['example_time_delta_sensor_async']) retrieved from /home/airflow/.local/lib/python3.8/site-packages/airflow/example_dags/example_time_delta_sensor_async.py
[2023-12-03T18:30:49.627+0000] {logging_mixin.py:154} INFO - [2023-12-03T18:30:49.627+0000] {dag.py:2941} INFO - Sync 1 DAGs
[2023-12-03T18:30:49.661+0000] {logging_mixin.py:154} INFO - [2023-12-03T18:30:49.660+0000] {dag.py:3722} INFO - Setting next_dagrun for example_time_delta_sensor_async to None, run_after=None
[2023-12-03T18:30:49.699+0000] {processor.py:179} INFO - Processing /home/airflow/.local/lib/python3.8/site-packages/airflow/example_dags/example_time_delta_sensor_async.py took 0.136 seconds
[2023-12-03T18:31:20.084+0000] {processor.py:157} INFO - Started process (PID=215) to work on /home/airflow/.local/lib/python3.8/site-packages/airflow/example_dags/example_time_delta_sensor_async.py
[2023-12-03T18:31:20.085+0000] {processor.py:829} INFO - Processing file /home/airflow/.local/lib/python3.8/site-packages/airflow/example_dags/example_time_delta_sensor_async.py for tasks to queue
[2023-12-03T18:31:20.090+0000] {logging_mixin.py:154} INFO - [2023-12-03T18:31:20.089+0000] {dagbag.py:536} INFO - Filling up the DagBag from /home/airflow/.local/lib/python3.8/site-packages/airflow/example_dags/example_time_delta_sensor_async.py
[2023-12-03T18:31:20.098+0000] {processor.py:839} INFO - DAG(s) dict_keys(['example_time_delta_sensor_async']) retrieved from /home/airflow/.local/lib/python3.8/site-packages/airflow/example_dags/example_time_delta_sensor_async.py
[2023-12-03T18:31:20.138+0000] {logging_mixin.py:154} INFO - [2023-12-03T18:31:20.137+0000] {dag.py:2941} INFO - Sync 1 DAGs
[2023-12-03T18:31:20.166+0000] {logging_mixin.py:154} INFO - [2023-12-03T18:31:20.166+0000] {dag.py:3722} INFO - Setting next_dagrun for example_time_delta_sensor_async to None, run_after=None
[2023-12-03T18:31:20.208+0000] {processor.py:179} INFO - Processing /home/airflow/.local/lib/python3.8/site-packages/airflow/example_dags/example_time_delta_sensor_async.py took 0.130 seconds
[2023-12-03T18:31:50.516+0000] {processor.py:157} INFO - Started process (PID=273) to work on /home/airflow/.local/lib/python3.8/site-packages/airflow/example_dags/example_time_delta_sensor_async.py
[2023-12-03T18:31:50.517+0000] {processor.py:829} INFO - Processing file /home/airflow/.local/lib/python3.8/site-packages/airflow/example_dags/example_time_delta_sensor_async.py for tasks to queue
[2023-12-03T18:31:50.521+0000] {logging_mixin.py:154} INFO - [2023-12-03T18:31:50.521+0000] {dagbag.py:536} INFO - Filling up the DagBag from /home/airflow/.local/lib/python3.8/site-packages/airflow/example_dags/example_time_delta_sensor_async.py
[2023-12-03T18:31:50.528+0000] {processor.py:839} INFO - DAG(s) dict_keys(['example_time_delta_sensor_async']) retrieved from /home/airflow/.local/lib/python3.8/site-packages/airflow/example_dags/example_time_delta_sensor_async.py
[2023-12-03T18:31:50.564+0000] {logging_mixin.py:154} INFO - [2023-12-03T18:31:50.563+0000] {dag.py:2941} INFO - Sync 1 DAGs
[2023-12-03T18:31:50.587+0000] {logging_mixin.py:154} INFO - [2023-12-03T18:31:50.586+0000] {dag.py:3722} INFO - Setting next_dagrun for example_time_delta_sensor_async to None, run_after=None
[2023-12-03T18:31:50.632+0000] {processor.py:179} INFO - Processing /home/airflow/.local/lib/python3.8/site-packages/airflow/example_dags/example_time_delta_sensor_async.py took 0.121 seconds
[2023-12-03T18:32:21.094+0000] {processor.py:157} INFO - Started process (PID=328) to work on /home/airflow/.local/lib/python3.8/site-packages/airflow/example_dags/example_time_delta_sensor_async.py
[2023-12-03T18:32:21.095+0000] {processor.py:829} INFO - Processing file /home/airflow/.local/lib/python3.8/site-packages/airflow/example_dags/example_time_delta_sensor_async.py for tasks to queue
[2023-12-03T18:32:21.099+0000] {logging_mixin.py:154} INFO - [2023-12-03T18:32:21.099+0000] {dagbag.py:536} INFO - Filling up the DagBag from /home/airflow/.local/lib/python3.8/site-packages/airflow/example_dags/example_time_delta_sensor_async.py
[2023-12-03T18:32:21.106+0000] {processor.py:839} INFO - DAG(s) dict_keys(['example_time_delta_sensor_async']) retrieved from /home/airflow/.local/lib/python3.8/site-packages/airflow/example_dags/example_time_delta_sensor_async.py
[2023-12-03T18:32:21.135+0000] {logging_mixin.py:154} INFO - [2023-12-03T18:32:21.135+0000] {dag.py:2941} INFO - Sync 1 DAGs
[2023-12-03T18:32:21.157+0000] {logging_mixin.py:154} INFO - [2023-12-03T18:32:21.157+0000] {dag.py:3722} INFO - Setting next_dagrun for example_time_delta_sensor_async to None, run_after=None
[2023-12-03T18:32:21.189+0000] {processor.py:179} INFO - Processing /home/airflow/.local/lib/python3.8/site-packages/airflow/example_dags/example_time_delta_sensor_async.py took 0.099 seconds
[2023-12-03T18:32:51.240+0000] {processor.py:157} INFO - Started process (PID=383) to work on /home/airflow/.local/lib/python3.8/site-packages/airflow/example_dags/example_time_delta_sensor_async.py
[2023-12-03T18:32:51.241+0000] {processor.py:829} INFO - Processing file /home/airflow/.local/lib/python3.8/site-packages/airflow/example_dags/example_time_delta_sensor_async.py for tasks to queue
[2023-12-03T18:32:51.244+0000] {logging_mixin.py:154} INFO - [2023-12-03T18:32:51.244+0000] {dagbag.py:536} INFO - Filling up the DagBag from /home/airflow/.local/lib/python3.8/site-packages/airflow/example_dags/example_time_delta_sensor_async.py
[2023-12-03T18:32:51.251+0000] {processor.py:839} INFO - DAG(s) dict_keys(['example_time_delta_sensor_async']) retrieved from /home/airflow/.local/lib/python3.8/site-packages/airflow/example_dags/example_time_delta_sensor_async.py
[2023-12-03T18:32:51.279+0000] {logging_mixin.py:154} INFO - [2023-12-03T18:32:51.279+0000] {dag.py:2941} INFO - Sync 1 DAGs
[2023-12-03T18:32:51.297+0000] {logging_mixin.py:154} INFO - [2023-12-03T18:32:51.296+0000] {dag.py:3722} INFO - Setting next_dagrun for example_time_delta_sensor_async to None, run_after=None
[2023-12-03T18:32:51.333+0000] {processor.py:179} INFO - Processing /home/airflow/.local/lib/python3.8/site-packages/airflow/example_dags/example_time_delta_sensor_async.py took 0.099 seconds
[2023-12-03T18:33:22.538+0000] {processor.py:157} INFO - Started process (PID=438) to work on /home/airflow/.local/lib/python3.8/site-packages/airflow/example_dags/example_time_delta_sensor_async.py
[2023-12-03T18:33:22.540+0000] {processor.py:829} INFO - Processing file /home/airflow/.local/lib/python3.8/site-packages/airflow/example_dags/example_time_delta_sensor_async.py for tasks to queue
[2023-12-03T18:33:22.548+0000] {logging_mixin.py:154} INFO - [2023-12-03T18:33:22.546+0000] {dagbag.py:536} INFO - Filling up the DagBag from /home/airflow/.local/lib/python3.8/site-packages/airflow/example_dags/example_time_delta_sensor_async.py
[2023-12-03T18:33:22.562+0000] {processor.py:839} INFO - DAG(s) dict_keys(['example_time_delta_sensor_async']) retrieved from /home/airflow/.local/lib/python3.8/site-packages/airflow/example_dags/example_time_delta_sensor_async.py
[2023-12-03T18:33:22.620+0000] {logging_mixin.py:154} INFO - [2023-12-03T18:33:22.620+0000] {dag.py:2941} INFO - Sync 1 DAGs
[2023-12-03T18:33:22.658+0000] {logging_mixin.py:154} INFO - [2023-12-03T18:33:22.657+0000] {dag.py:3722} INFO - Setting next_dagrun for example_time_delta_sensor_async to None, run_after=None
[2023-12-03T18:33:22.874+0000] {processor.py:179} INFO - Processing /home/airflow/.local/lib/python3.8/site-packages/airflow/example_dags/example_time_delta_sensor_async.py took 0.350 seconds
[2023-12-03T18:33:53.309+0000] {processor.py:157} INFO - Started process (PID=493) to work on /home/airflow/.local/lib/python3.8/site-packages/airflow/example_dags/example_time_delta_sensor_async.py
[2023-12-03T18:33:53.310+0000] {processor.py:829} INFO - Processing file /home/airflow/.local/lib/python3.8/site-packages/airflow/example_dags/example_time_delta_sensor_async.py for tasks to queue
[2023-12-03T18:33:53.315+0000] {logging_mixin.py:154} INFO - [2023-12-03T18:33:53.314+0000] {dagbag.py:536} INFO - Filling up the DagBag from /home/airflow/.local/lib/python3.8/site-packages/airflow/example_dags/example_time_delta_sensor_async.py
[2023-12-03T18:33:53.323+0000] {processor.py:839} INFO - DAG(s) dict_keys(['example_time_delta_sensor_async']) retrieved from /home/airflow/.local/lib/python3.8/site-packages/airflow/example_dags/example_time_delta_sensor_async.py
[2023-12-03T18:33:53.360+0000] {logging_mixin.py:154} INFO - [2023-12-03T18:33:53.359+0000] {dag.py:2941} INFO - Sync 1 DAGs
[2023-12-03T18:33:53.383+0000] {logging_mixin.py:154} INFO - [2023-12-03T18:33:53.382+0000] {dag.py:3722} INFO - Setting next_dagrun for example_time_delta_sensor_async to None, run_after=None
[2023-12-03T18:33:53.585+0000] {processor.py:179} INFO - Processing /home/airflow/.local/lib/python3.8/site-packages/airflow/example_dags/example_time_delta_sensor_async.py took 0.281 seconds
[2023-12-03T18:34:24.343+0000] {processor.py:157} INFO - Started process (PID=548) to work on /home/airflow/.local/lib/python3.8/site-packages/airflow/example_dags/example_time_delta_sensor_async.py
[2023-12-03T18:34:24.345+0000] {processor.py:829} INFO - Processing file /home/airflow/.local/lib/python3.8/site-packages/airflow/example_dags/example_time_delta_sensor_async.py for tasks to queue
[2023-12-03T18:34:24.352+0000] {logging_mixin.py:154} INFO - [2023-12-03T18:34:24.351+0000] {dagbag.py:536} INFO - Filling up the DagBag from /home/airflow/.local/lib/python3.8/site-packages/airflow/example_dags/example_time_delta_sensor_async.py
[2023-12-03T18:34:24.365+0000] {processor.py:839} INFO - DAG(s) dict_keys(['example_time_delta_sensor_async']) retrieved from /home/airflow/.local/lib/python3.8/site-packages/airflow/example_dags/example_time_delta_sensor_async.py
[2023-12-03T18:34:24.403+0000] {logging_mixin.py:154} INFO - [2023-12-03T18:34:24.403+0000] {dag.py:2941} INFO - Sync 1 DAGs
[2023-12-03T18:34:24.425+0000] {logging_mixin.py:154} INFO - [2023-12-03T18:34:24.425+0000] {dag.py:3722} INFO - Setting next_dagrun for example_time_delta_sensor_async to None, run_after=None
[2023-12-03T18:34:24.612+0000] {processor.py:179} INFO - Processing /home/airflow/.local/lib/python3.8/site-packages/airflow/example_dags/example_time_delta_sensor_async.py took 0.276 seconds
[2023-12-03T18:34:54.980+0000] {processor.py:157} INFO - Started process (PID=603) to work on /home/airflow/.local/lib/python3.8/site-packages/airflow/example_dags/example_time_delta_sensor_async.py
[2023-12-03T18:34:54.981+0000] {processor.py:829} INFO - Processing file /home/airflow/.local/lib/python3.8/site-packages/airflow/example_dags/example_time_delta_sensor_async.py for tasks to queue
[2023-12-03T18:34:54.986+0000] {logging_mixin.py:154} INFO - [2023-12-03T18:34:54.985+0000] {dagbag.py:536} INFO - Filling up the DagBag from /home/airflow/.local/lib/python3.8/site-packages/airflow/example_dags/example_time_delta_sensor_async.py
[2023-12-03T18:34:54.996+0000] {processor.py:839} INFO - DAG(s) dict_keys(['example_time_delta_sensor_async']) retrieved from /home/airflow/.local/lib/python3.8/site-packages/airflow/example_dags/example_time_delta_sensor_async.py
[2023-12-03T18:34:55.034+0000] {logging_mixin.py:154} INFO - [2023-12-03T18:34:55.034+0000] {dag.py:2941} INFO - Sync 1 DAGs
[2023-12-03T18:34:55.061+0000] {logging_mixin.py:154} INFO - [2023-12-03T18:34:55.061+0000] {dag.py:3722} INFO - Setting next_dagrun for example_time_delta_sensor_async to None, run_after=None
[2023-12-03T18:34:55.297+0000] {processor.py:179} INFO - Processing /home/airflow/.local/lib/python3.8/site-packages/airflow/example_dags/example_time_delta_sensor_async.py took 0.324 seconds
[2023-12-03T18:35:26.181+0000] {processor.py:157} INFO - Started process (PID=664) to work on /home/airflow/.local/lib/python3.8/site-packages/airflow/example_dags/example_time_delta_sensor_async.py
[2023-12-03T18:35:26.183+0000] {processor.py:829} INFO - Processing file /home/airflow/.local/lib/python3.8/site-packages/airflow/example_dags/example_time_delta_sensor_async.py for tasks to queue
[2023-12-03T18:35:26.187+0000] {logging_mixin.py:154} INFO - [2023-12-03T18:35:26.186+0000] {dagbag.py:536} INFO - Filling up the DagBag from /home/airflow/.local/lib/python3.8/site-packages/airflow/example_dags/example_time_delta_sensor_async.py
[2023-12-03T18:35:26.203+0000] {processor.py:839} INFO - DAG(s) dict_keys(['example_time_delta_sensor_async']) retrieved from /home/airflow/.local/lib/python3.8/site-packages/airflow/example_dags/example_time_delta_sensor_async.py
[2023-12-03T18:35:26.271+0000] {logging_mixin.py:154} INFO - [2023-12-03T18:35:26.270+0000] {dag.py:2941} INFO - Sync 1 DAGs
[2023-12-03T18:35:26.301+0000] {logging_mixin.py:154} INFO - [2023-12-03T18:35:26.300+0000] {dag.py:3722} INFO - Setting next_dagrun for example_time_delta_sensor_async to None, run_after=None
[2023-12-03T18:35:26.546+0000] {processor.py:179} INFO - Processing /home/airflow/.local/lib/python3.8/site-packages/airflow/example_dags/example_time_delta_sensor_async.py took 0.372 seconds
[2023-12-03T18:35:57.304+0000] {processor.py:157} INFO - Started process (PID=720) to work on /home/airflow/.local/lib/python3.8/site-packages/airflow/example_dags/example_time_delta_sensor_async.py
[2023-12-03T18:35:57.306+0000] {processor.py:829} INFO - Processing file /home/airflow/.local/lib/python3.8/site-packages/airflow/example_dags/example_time_delta_sensor_async.py for tasks to queue
[2023-12-03T18:35:57.312+0000] {logging_mixin.py:154} INFO - [2023-12-03T18:35:57.311+0000] {dagbag.py:536} INFO - Filling up the DagBag from /home/airflow/.local/lib/python3.8/site-packages/airflow/example_dags/example_time_delta_sensor_async.py
[2023-12-03T18:35:57.326+0000] {processor.py:839} INFO - DAG(s) dict_keys(['example_time_delta_sensor_async']) retrieved from /home/airflow/.local/lib/python3.8/site-packages/airflow/example_dags/example_time_delta_sensor_async.py
[2023-12-03T18:35:57.376+0000] {logging_mixin.py:154} INFO - [2023-12-03T18:35:57.376+0000] {dag.py:2941} INFO - Sync 1 DAGs
[2023-12-03T18:35:57.402+0000] {logging_mixin.py:154} INFO - [2023-12-03T18:35:57.402+0000] {dag.py:3722} INFO - Setting next_dagrun for example_time_delta_sensor_async to None, run_after=None
[2023-12-03T18:35:57.453+0000] {processor.py:179} INFO - Processing /home/airflow/.local/lib/python3.8/site-packages/airflow/example_dags/example_time_delta_sensor_async.py took 0.157 seconds
[2023-12-03T18:36:27.546+0000] {processor.py:157} INFO - Started process (PID=775) to work on /home/airflow/.local/lib/python3.8/site-packages/airflow/example_dags/example_time_delta_sensor_async.py
[2023-12-03T18:36:27.549+0000] {processor.py:829} INFO - Processing file /home/airflow/.local/lib/python3.8/site-packages/airflow/example_dags/example_time_delta_sensor_async.py for tasks to queue
[2023-12-03T18:36:27.557+0000] {logging_mixin.py:154} INFO - [2023-12-03T18:36:27.556+0000] {dagbag.py:536} INFO - Filling up the DagBag from /home/airflow/.local/lib/python3.8/site-packages/airflow/example_dags/example_time_delta_sensor_async.py
[2023-12-03T18:36:27.565+0000] {processor.py:839} INFO - DAG(s) dict_keys(['example_time_delta_sensor_async']) retrieved from /home/airflow/.local/lib/python3.8/site-packages/airflow/example_dags/example_time_delta_sensor_async.py
[2023-12-03T18:36:27.605+0000] {logging_mixin.py:154} INFO - [2023-12-03T18:36:27.605+0000] {dag.py:2941} INFO - Sync 1 DAGs
[2023-12-03T18:36:27.626+0000] {logging_mixin.py:154} INFO - [2023-12-03T18:36:27.625+0000] {dag.py:3722} INFO - Setting next_dagrun for example_time_delta_sensor_async to None, run_after=None
[2023-12-03T18:36:27.662+0000] {processor.py:179} INFO - Processing /home/airflow/.local/lib/python3.8/site-packages/airflow/example_dags/example_time_delta_sensor_async.py took 0.128 seconds
[2023-12-03T18:36:58.552+0000] {processor.py:157} INFO - Started process (PID=830) to work on /home/airflow/.local/lib/python3.8/site-packages/airflow/example_dags/example_time_delta_sensor_async.py
[2023-12-03T18:36:58.554+0000] {processor.py:829} INFO - Processing file /home/airflow/.local/lib/python3.8/site-packages/airflow/example_dags/example_time_delta_sensor_async.py for tasks to queue
[2023-12-03T18:36:58.559+0000] {logging_mixin.py:154} INFO - [2023-12-03T18:36:58.558+0000] {dagbag.py:536} INFO - Filling up the DagBag from /home/airflow/.local/lib/python3.8/site-packages/airflow/example_dags/example_time_delta_sensor_async.py
[2023-12-03T18:36:58.570+0000] {processor.py:839} INFO - DAG(s) dict_keys(['example_time_delta_sensor_async']) retrieved from /home/airflow/.local/lib/python3.8/site-packages/airflow/example_dags/example_time_delta_sensor_async.py
[2023-12-03T18:36:58.615+0000] {logging_mixin.py:154} INFO - [2023-12-03T18:36:58.614+0000] {dag.py:2941} INFO - Sync 1 DAGs
[2023-12-03T18:36:58.639+0000] {logging_mixin.py:154} INFO - [2023-12-03T18:36:58.639+0000] {dag.py:3722} INFO - Setting next_dagrun for example_time_delta_sensor_async to None, run_after=None
[2023-12-03T18:36:58.678+0000] {processor.py:179} INFO - Processing /home/airflow/.local/lib/python3.8/site-packages/airflow/example_dags/example_time_delta_sensor_async.py took 0.134 seconds
[2023-12-03T18:37:28.961+0000] {processor.py:157} INFO - Started process (PID=885) to work on /home/airflow/.local/lib/python3.8/site-packages/airflow/example_dags/example_time_delta_sensor_async.py
[2023-12-03T18:37:28.962+0000] {processor.py:829} INFO - Processing file /home/airflow/.local/lib/python3.8/site-packages/airflow/example_dags/example_time_delta_sensor_async.py for tasks to queue
[2023-12-03T18:37:28.966+0000] {logging_mixin.py:154} INFO - [2023-12-03T18:37:28.965+0000] {dagbag.py:536} INFO - Filling up the DagBag from /home/airflow/.local/lib/python3.8/site-packages/airflow/example_dags/example_time_delta_sensor_async.py
[2023-12-03T18:37:28.972+0000] {processor.py:839} INFO - DAG(s) dict_keys(['example_time_delta_sensor_async']) retrieved from /home/airflow/.local/lib/python3.8/site-packages/airflow/example_dags/example_time_delta_sensor_async.py
[2023-12-03T18:37:28.998+0000] {logging_mixin.py:154} INFO - [2023-12-03T18:37:28.998+0000] {dag.py:2941} INFO - Sync 1 DAGs
[2023-12-03T18:37:29.015+0000] {logging_mixin.py:154} INFO - [2023-12-03T18:37:29.014+0000] {dag.py:3722} INFO - Setting next_dagrun for example_time_delta_sensor_async to None, run_after=None
[2023-12-03T18:37:29.042+0000] {processor.py:179} INFO - Processing /home/airflow/.local/lib/python3.8/site-packages/airflow/example_dags/example_time_delta_sensor_async.py took 0.087 seconds
[2023-12-03T18:37:59.831+0000] {processor.py:157} INFO - Started process (PID=940) to work on /home/airflow/.local/lib/python3.8/site-packages/airflow/example_dags/example_time_delta_sensor_async.py
[2023-12-03T18:37:59.832+0000] {processor.py:829} INFO - Processing file /home/airflow/.local/lib/python3.8/site-packages/airflow/example_dags/example_time_delta_sensor_async.py for tasks to queue
[2023-12-03T18:37:59.836+0000] {logging_mixin.py:154} INFO - [2023-12-03T18:37:59.835+0000] {dagbag.py:536} INFO - Filling up the DagBag from /home/airflow/.local/lib/python3.8/site-packages/airflow/example_dags/example_time_delta_sensor_async.py
[2023-12-03T18:37:59.846+0000] {processor.py:839} INFO - DAG(s) dict_keys(['example_time_delta_sensor_async']) retrieved from /home/airflow/.local/lib/python3.8/site-packages/airflow/example_dags/example_time_delta_sensor_async.py
[2023-12-03T18:37:59.887+0000] {logging_mixin.py:154} INFO - [2023-12-03T18:37:59.886+0000] {dag.py:2941} INFO - Sync 1 DAGs
[2023-12-03T18:37:59.911+0000] {logging_mixin.py:154} INFO - [2023-12-03T18:37:59.910+0000] {dag.py:3722} INFO - Setting next_dagrun for example_time_delta_sensor_async to None, run_after=None
[2023-12-03T18:37:59.953+0000] {processor.py:179} INFO - Processing /home/airflow/.local/lib/python3.8/site-packages/airflow/example_dags/example_time_delta_sensor_async.py took 0.128 seconds
[2023-12-03T18:38:30.138+0000] {processor.py:157} INFO - Started process (PID=995) to work on /home/airflow/.local/lib/python3.8/site-packages/airflow/example_dags/example_time_delta_sensor_async.py
[2023-12-03T18:38:30.139+0000] {processor.py:829} INFO - Processing file /home/airflow/.local/lib/python3.8/site-packages/airflow/example_dags/example_time_delta_sensor_async.py for tasks to queue
[2023-12-03T18:38:30.145+0000] {logging_mixin.py:154} INFO - [2023-12-03T18:38:30.144+0000] {dagbag.py:536} INFO - Filling up the DagBag from /home/airflow/.local/lib/python3.8/site-packages/airflow/example_dags/example_time_delta_sensor_async.py
[2023-12-03T18:38:30.152+0000] {processor.py:839} INFO - DAG(s) dict_keys(['example_time_delta_sensor_async']) retrieved from /home/airflow/.local/lib/python3.8/site-packages/airflow/example_dags/example_time_delta_sensor_async.py
[2023-12-03T18:38:30.184+0000] {logging_mixin.py:154} INFO - [2023-12-03T18:38:30.184+0000] {dag.py:2941} INFO - Sync 1 DAGs
[2023-12-03T18:38:30.205+0000] {logging_mixin.py:154} INFO - [2023-12-03T18:38:30.204+0000] {dag.py:3722} INFO - Setting next_dagrun for example_time_delta_sensor_async to None, run_after=None
[2023-12-03T18:38:30.239+0000] {processor.py:179} INFO - Processing /home/airflow/.local/lib/python3.8/site-packages/airflow/example_dags/example_time_delta_sensor_async.py took 0.105 seconds
[2023-12-03T18:39:00.731+0000] {processor.py:157} INFO - Started process (PID=1050) to work on /home/airflow/.local/lib/python3.8/site-packages/airflow/example_dags/example_time_delta_sensor_async.py
[2023-12-03T18:39:00.732+0000] {processor.py:829} INFO - Processing file /home/airflow/.local/lib/python3.8/site-packages/airflow/example_dags/example_time_delta_sensor_async.py for tasks to queue
[2023-12-03T18:39:00.737+0000] {logging_mixin.py:154} INFO - [2023-12-03T18:39:00.736+0000] {dagbag.py:536} INFO - Filling up the DagBag from /home/airflow/.local/lib/python3.8/site-packages/airflow/example_dags/example_time_delta_sensor_async.py
[2023-12-03T18:39:00.746+0000] {processor.py:839} INFO - DAG(s) dict_keys(['example_time_delta_sensor_async']) retrieved from /home/airflow/.local/lib/python3.8/site-packages/airflow/example_dags/example_time_delta_sensor_async.py
[2023-12-03T18:39:00.780+0000] {logging_mixin.py:154} INFO - [2023-12-03T18:39:00.780+0000] {dag.py:2941} INFO - Sync 1 DAGs
[2023-12-03T18:39:00.802+0000] {logging_mixin.py:154} INFO - [2023-12-03T18:39:00.802+0000] {dag.py:3722} INFO - Setting next_dagrun for example_time_delta_sensor_async to None, run_after=None
[2023-12-03T18:39:00.837+0000] {processor.py:179} INFO - Processing /home/airflow/.local/lib/python3.8/site-packages/airflow/example_dags/example_time_delta_sensor_async.py took 0.111 seconds
[2023-12-03T18:39:31.033+0000] {processor.py:157} INFO - Started process (PID=1105) to work on /home/airflow/.local/lib/python3.8/site-packages/airflow/example_dags/example_time_delta_sensor_async.py
[2023-12-03T18:39:31.035+0000] {processor.py:829} INFO - Processing file /home/airflow/.local/lib/python3.8/site-packages/airflow/example_dags/example_time_delta_sensor_async.py for tasks to queue
[2023-12-03T18:39:31.043+0000] {logging_mixin.py:154} INFO - [2023-12-03T18:39:31.042+0000] {dagbag.py:536} INFO - Filling up the DagBag from /home/airflow/.local/lib/python3.8/site-packages/airflow/example_dags/example_time_delta_sensor_async.py
[2023-12-03T18:39:31.056+0000] {processor.py:839} INFO - DAG(s) dict_keys(['example_time_delta_sensor_async']) retrieved from /home/airflow/.local/lib/python3.8/site-packages/airflow/example_dags/example_time_delta_sensor_async.py
[2023-12-03T18:39:31.104+0000] {logging_mixin.py:154} INFO - [2023-12-03T18:39:31.104+0000] {dag.py:2941} INFO - Sync 1 DAGs
[2023-12-03T18:39:31.138+0000] {logging_mixin.py:154} INFO - [2023-12-03T18:39:31.138+0000] {dag.py:3722} INFO - Setting next_dagrun for example_time_delta_sensor_async to None, run_after=None
[2023-12-03T18:39:31.179+0000] {processor.py:179} INFO - Processing /home/airflow/.local/lib/python3.8/site-packages/airflow/example_dags/example_time_delta_sensor_async.py took 0.154 seconds
[2023-12-03T18:40:01.307+0000] {processor.py:157} INFO - Started process (PID=1160) to work on /home/airflow/.local/lib/python3.8/site-packages/airflow/example_dags/example_time_delta_sensor_async.py
[2023-12-03T18:40:01.308+0000] {processor.py:829} INFO - Processing file /home/airflow/.local/lib/python3.8/site-packages/airflow/example_dags/example_time_delta_sensor_async.py for tasks to queue
[2023-12-03T18:40:01.314+0000] {logging_mixin.py:154} INFO - [2023-12-03T18:40:01.313+0000] {dagbag.py:536} INFO - Filling up the DagBag from /home/airflow/.local/lib/python3.8/site-packages/airflow/example_dags/example_time_delta_sensor_async.py
[2023-12-03T18:40:01.327+0000] {processor.py:839} INFO - DAG(s) dict_keys(['example_time_delta_sensor_async']) retrieved from /home/airflow/.local/lib/python3.8/site-packages/airflow/example_dags/example_time_delta_sensor_async.py
[2023-12-03T18:40:01.378+0000] {logging_mixin.py:154} INFO - [2023-12-03T18:40:01.378+0000] {dag.py:2941} INFO - Sync 1 DAGs
[2023-12-03T18:40:01.404+0000] {logging_mixin.py:154} INFO - [2023-12-03T18:40:01.403+0000] {dag.py:3722} INFO - Setting next_dagrun for example_time_delta_sensor_async to None, run_after=None
[2023-12-03T18:40:01.451+0000] {processor.py:179} INFO - Processing /home/airflow/.local/lib/python3.8/site-packages/airflow/example_dags/example_time_delta_sensor_async.py took 0.150 seconds
[2023-12-03T18:41:31.229+0000] {processor.py:157} INFO - Started process (PID=46) to work on /home/airflow/.local/lib/python3.8/site-packages/airflow/example_dags/example_time_delta_sensor_async.py
[2023-12-03T18:41:31.230+0000] {processor.py:829} INFO - Processing file /home/airflow/.local/lib/python3.8/site-packages/airflow/example_dags/example_time_delta_sensor_async.py for tasks to queue
[2023-12-03T18:41:31.235+0000] {logging_mixin.py:154} INFO - [2023-12-03T18:41:31.234+0000] {dagbag.py:536} INFO - Filling up the DagBag from /home/airflow/.local/lib/python3.8/site-packages/airflow/example_dags/example_time_delta_sensor_async.py
[2023-12-03T18:41:31.257+0000] {processor.py:839} INFO - DAG(s) dict_keys(['example_time_delta_sensor_async']) retrieved from /home/airflow/.local/lib/python3.8/site-packages/airflow/example_dags/example_time_delta_sensor_async.py
[2023-12-03T18:41:31.282+0000] {logging_mixin.py:154} INFO - [2023-12-03T18:41:31.282+0000] {dag.py:2941} INFO - Sync 1 DAGs
[2023-12-03T18:41:31.312+0000] {logging_mixin.py:154} INFO - [2023-12-03T18:41:31.311+0000] {dag.py:3722} INFO - Setting next_dagrun for example_time_delta_sensor_async to None, run_after=None
[2023-12-03T18:41:31.364+0000] {processor.py:179} INFO - Processing /home/airflow/.local/lib/python3.8/site-packages/airflow/example_dags/example_time_delta_sensor_async.py took 0.141 seconds
[2023-12-03T18:41:56.058+0000] {processor.py:157} INFO - Started process (PID=45) to work on /home/airflow/.local/lib/python3.8/site-packages/airflow/example_dags/example_time_delta_sensor_async.py
[2023-12-03T18:41:56.059+0000] {processor.py:829} INFO - Processing file /home/airflow/.local/lib/python3.8/site-packages/airflow/example_dags/example_time_delta_sensor_async.py for tasks to queue
[2023-12-03T18:41:56.063+0000] {logging_mixin.py:154} INFO - [2023-12-03T18:41:56.062+0000] {dagbag.py:536} INFO - Filling up the DagBag from /home/airflow/.local/lib/python3.8/site-packages/airflow/example_dags/example_time_delta_sensor_async.py
[2023-12-03T18:41:56.075+0000] {processor.py:839} INFO - DAG(s) dict_keys(['example_time_delta_sensor_async']) retrieved from /home/airflow/.local/lib/python3.8/site-packages/airflow/example_dags/example_time_delta_sensor_async.py
[2023-12-03T18:41:56.122+0000] {logging_mixin.py:154} INFO - [2023-12-03T18:41:56.122+0000] {dag.py:2941} INFO - Sync 1 DAGs
[2023-12-03T18:41:56.147+0000] {logging_mixin.py:154} INFO - [2023-12-03T18:41:56.147+0000] {dag.py:3722} INFO - Setting next_dagrun for example_time_delta_sensor_async to None, run_after=None
[2023-12-03T18:41:56.180+0000] {processor.py:179} INFO - Processing /home/airflow/.local/lib/python3.8/site-packages/airflow/example_dags/example_time_delta_sensor_async.py took 0.126 seconds
[2023-12-03T18:42:26.792+0000] {processor.py:157} INFO - Started process (PID=100) to work on /home/airflow/.local/lib/python3.8/site-packages/airflow/example_dags/example_time_delta_sensor_async.py
[2023-12-03T18:42:26.793+0000] {processor.py:829} INFO - Processing file /home/airflow/.local/lib/python3.8/site-packages/airflow/example_dags/example_time_delta_sensor_async.py for tasks to queue
[2023-12-03T18:42:26.797+0000] {logging_mixin.py:154} INFO - [2023-12-03T18:42:26.797+0000] {dagbag.py:536} INFO - Filling up the DagBag from /home/airflow/.local/lib/python3.8/site-packages/airflow/example_dags/example_time_delta_sensor_async.py
[2023-12-03T18:42:26.807+0000] {processor.py:839} INFO - DAG(s) dict_keys(['example_time_delta_sensor_async']) retrieved from /home/airflow/.local/lib/python3.8/site-packages/airflow/example_dags/example_time_delta_sensor_async.py
[2023-12-03T18:42:26.840+0000] {logging_mixin.py:154} INFO - [2023-12-03T18:42:26.840+0000] {dag.py:2941} INFO - Sync 1 DAGs
[2023-12-03T18:42:26.861+0000] {logging_mixin.py:154} INFO - [2023-12-03T18:42:26.860+0000] {dag.py:3722} INFO - Setting next_dagrun for example_time_delta_sensor_async to None, run_after=None
[2023-12-03T18:42:26.904+0000] {processor.py:179} INFO - Processing /home/airflow/.local/lib/python3.8/site-packages/airflow/example_dags/example_time_delta_sensor_async.py took 0.119 seconds
[2023-12-03T18:42:57.643+0000] {processor.py:157} INFO - Started process (PID=156) to work on /home/airflow/.local/lib/python3.8/site-packages/airflow/example_dags/example_time_delta_sensor_async.py
[2023-12-03T18:42:57.644+0000] {processor.py:829} INFO - Processing file /home/airflow/.local/lib/python3.8/site-packages/airflow/example_dags/example_time_delta_sensor_async.py for tasks to queue
[2023-12-03T18:42:57.648+0000] {logging_mixin.py:154} INFO - [2023-12-03T18:42:57.647+0000] {dagbag.py:536} INFO - Filling up the DagBag from /home/airflow/.local/lib/python3.8/site-packages/airflow/example_dags/example_time_delta_sensor_async.py
[2023-12-03T18:42:57.656+0000] {processor.py:839} INFO - DAG(s) dict_keys(['example_time_delta_sensor_async']) retrieved from /home/airflow/.local/lib/python3.8/site-packages/airflow/example_dags/example_time_delta_sensor_async.py
[2023-12-03T18:42:57.686+0000] {logging_mixin.py:154} INFO - [2023-12-03T18:42:57.686+0000] {dag.py:2941} INFO - Sync 1 DAGs
[2023-12-03T18:42:57.706+0000] {logging_mixin.py:154} INFO - [2023-12-03T18:42:57.706+0000] {dag.py:3722} INFO - Setting next_dagrun for example_time_delta_sensor_async to None, run_after=None
[2023-12-03T18:42:57.752+0000] {processor.py:179} INFO - Processing /home/airflow/.local/lib/python3.8/site-packages/airflow/example_dags/example_time_delta_sensor_async.py took 0.113 seconds
[2023-12-03T18:43:28.740+0000] {processor.py:157} INFO - Started process (PID=211) to work on /home/airflow/.local/lib/python3.8/site-packages/airflow/example_dags/example_time_delta_sensor_async.py
[2023-12-03T18:43:28.742+0000] {processor.py:829} INFO - Processing file /home/airflow/.local/lib/python3.8/site-packages/airflow/example_dags/example_time_delta_sensor_async.py for tasks to queue
[2023-12-03T18:43:28.746+0000] {logging_mixin.py:154} INFO - [2023-12-03T18:43:28.745+0000] {dagbag.py:536} INFO - Filling up the DagBag from /home/airflow/.local/lib/python3.8/site-packages/airflow/example_dags/example_time_delta_sensor_async.py
[2023-12-03T18:43:28.758+0000] {processor.py:839} INFO - DAG(s) dict_keys(['example_time_delta_sensor_async']) retrieved from /home/airflow/.local/lib/python3.8/site-packages/airflow/example_dags/example_time_delta_sensor_async.py
[2023-12-03T18:43:28.800+0000] {logging_mixin.py:154} INFO - [2023-12-03T18:43:28.800+0000] {dag.py:2941} INFO - Sync 1 DAGs
[2023-12-03T18:43:28.822+0000] {logging_mixin.py:154} INFO - [2023-12-03T18:43:28.822+0000] {dag.py:3722} INFO - Setting next_dagrun for example_time_delta_sensor_async to None, run_after=None
[2023-12-03T18:43:28.865+0000] {processor.py:179} INFO - Processing /home/airflow/.local/lib/python3.8/site-packages/airflow/example_dags/example_time_delta_sensor_async.py took 0.129 seconds
[2023-12-03T18:43:59.284+0000] {processor.py:157} INFO - Started process (PID=266) to work on /home/airflow/.local/lib/python3.8/site-packages/airflow/example_dags/example_time_delta_sensor_async.py
[2023-12-03T18:43:59.286+0000] {processor.py:829} INFO - Processing file /home/airflow/.local/lib/python3.8/site-packages/airflow/example_dags/example_time_delta_sensor_async.py for tasks to queue
[2023-12-03T18:43:59.290+0000] {logging_mixin.py:154} INFO - [2023-12-03T18:43:59.290+0000] {dagbag.py:536} INFO - Filling up the DagBag from /home/airflow/.local/lib/python3.8/site-packages/airflow/example_dags/example_time_delta_sensor_async.py
[2023-12-03T18:43:59.302+0000] {processor.py:839} INFO - DAG(s) dict_keys(['example_time_delta_sensor_async']) retrieved from /home/airflow/.local/lib/python3.8/site-packages/airflow/example_dags/example_time_delta_sensor_async.py
[2023-12-03T18:43:59.335+0000] {logging_mixin.py:154} INFO - [2023-12-03T18:43:59.335+0000] {dag.py:2941} INFO - Sync 1 DAGs
[2023-12-03T18:43:59.359+0000] {logging_mixin.py:154} INFO - [2023-12-03T18:43:59.359+0000] {dag.py:3722} INFO - Setting next_dagrun for example_time_delta_sensor_async to None, run_after=None
[2023-12-03T18:43:59.385+0000] {processor.py:179} INFO - Processing /home/airflow/.local/lib/python3.8/site-packages/airflow/example_dags/example_time_delta_sensor_async.py took 0.105 seconds
[2023-12-03T18:44:30.295+0000] {processor.py:157} INFO - Started process (PID=321) to work on /home/airflow/.local/lib/python3.8/site-packages/airflow/example_dags/example_time_delta_sensor_async.py
[2023-12-03T18:44:30.296+0000] {processor.py:829} INFO - Processing file /home/airflow/.local/lib/python3.8/site-packages/airflow/example_dags/example_time_delta_sensor_async.py for tasks to queue
[2023-12-03T18:44:30.300+0000] {logging_mixin.py:154} INFO - [2023-12-03T18:44:30.299+0000] {dagbag.py:536} INFO - Filling up the DagBag from /home/airflow/.local/lib/python3.8/site-packages/airflow/example_dags/example_time_delta_sensor_async.py
[2023-12-03T18:44:30.307+0000] {processor.py:839} INFO - DAG(s) dict_keys(['example_time_delta_sensor_async']) retrieved from /home/airflow/.local/lib/python3.8/site-packages/airflow/example_dags/example_time_delta_sensor_async.py
[2023-12-03T18:44:30.344+0000] {logging_mixin.py:154} INFO - [2023-12-03T18:44:30.343+0000] {dag.py:2941} INFO - Sync 1 DAGs
[2023-12-03T18:44:30.366+0000] {logging_mixin.py:154} INFO - [2023-12-03T18:44:30.366+0000] {dag.py:3722} INFO - Setting next_dagrun for example_time_delta_sensor_async to None, run_after=None
[2023-12-03T18:44:30.403+0000] {processor.py:179} INFO - Processing /home/airflow/.local/lib/python3.8/site-packages/airflow/example_dags/example_time_delta_sensor_async.py took 0.113 seconds
[2023-12-03T18:48:27.419+0000] {processor.py:157} INFO - Started process (PID=49) to work on /home/airflow/.local/lib/python3.8/site-packages/airflow/example_dags/example_time_delta_sensor_async.py
[2023-12-03T18:48:27.421+0000] {processor.py:829} INFO - Processing file /home/airflow/.local/lib/python3.8/site-packages/airflow/example_dags/example_time_delta_sensor_async.py for tasks to queue
[2023-12-03T18:48:27.424+0000] {logging_mixin.py:154} INFO - [2023-12-03T18:48:27.424+0000] {dagbag.py:536} INFO - Filling up the DagBag from /home/airflow/.local/lib/python3.8/site-packages/airflow/example_dags/example_time_delta_sensor_async.py
[2023-12-03T18:48:27.436+0000] {processor.py:839} INFO - DAG(s) dict_keys(['example_time_delta_sensor_async']) retrieved from /home/airflow/.local/lib/python3.8/site-packages/airflow/example_dags/example_time_delta_sensor_async.py
[2023-12-03T18:48:27.456+0000] {logging_mixin.py:154} INFO - [2023-12-03T18:48:27.456+0000] {dag.py:2941} INFO - Sync 1 DAGs
[2023-12-03T18:48:27.482+0000] {logging_mixin.py:154} INFO - [2023-12-03T18:48:27.482+0000] {dag.py:3722} INFO - Setting next_dagrun for example_time_delta_sensor_async to None, run_after=None
[2023-12-03T18:48:27.514+0000] {processor.py:179} INFO - Processing /home/airflow/.local/lib/python3.8/site-packages/airflow/example_dags/example_time_delta_sensor_async.py took 0.100 seconds
[2023-12-03T18:48:58.234+0000] {processor.py:157} INFO - Started process (PID=104) to work on /home/airflow/.local/lib/python3.8/site-packages/airflow/example_dags/example_time_delta_sensor_async.py
[2023-12-03T18:48:58.236+0000] {processor.py:829} INFO - Processing file /home/airflow/.local/lib/python3.8/site-packages/airflow/example_dags/example_time_delta_sensor_async.py for tasks to queue
[2023-12-03T18:48:58.240+0000] {logging_mixin.py:154} INFO - [2023-12-03T18:48:58.239+0000] {dagbag.py:536} INFO - Filling up the DagBag from /home/airflow/.local/lib/python3.8/site-packages/airflow/example_dags/example_time_delta_sensor_async.py
[2023-12-03T18:48:58.250+0000] {processor.py:839} INFO - DAG(s) dict_keys(['example_time_delta_sensor_async']) retrieved from /home/airflow/.local/lib/python3.8/site-packages/airflow/example_dags/example_time_delta_sensor_async.py
[2023-12-03T18:48:58.290+0000] {logging_mixin.py:154} INFO - [2023-12-03T18:48:58.290+0000] {dag.py:2941} INFO - Sync 1 DAGs
[2023-12-03T18:48:58.315+0000] {logging_mixin.py:154} INFO - [2023-12-03T18:48:58.315+0000] {dag.py:3722} INFO - Setting next_dagrun for example_time_delta_sensor_async to None, run_after=None
[2023-12-03T18:48:58.362+0000] {processor.py:179} INFO - Processing /home/airflow/.local/lib/python3.8/site-packages/airflow/example_dags/example_time_delta_sensor_async.py took 0.133 seconds
[2023-12-03T18:49:28.656+0000] {processor.py:157} INFO - Started process (PID=159) to work on /home/airflow/.local/lib/python3.8/site-packages/airflow/example_dags/example_time_delta_sensor_async.py
[2023-12-03T18:49:28.657+0000] {processor.py:829} INFO - Processing file /home/airflow/.local/lib/python3.8/site-packages/airflow/example_dags/example_time_delta_sensor_async.py for tasks to queue
[2023-12-03T18:49:28.660+0000] {logging_mixin.py:154} INFO - [2023-12-03T18:49:28.660+0000] {dagbag.py:536} INFO - Filling up the DagBag from /home/airflow/.local/lib/python3.8/site-packages/airflow/example_dags/example_time_delta_sensor_async.py
[2023-12-03T18:49:28.667+0000] {processor.py:839} INFO - DAG(s) dict_keys(['example_time_delta_sensor_async']) retrieved from /home/airflow/.local/lib/python3.8/site-packages/airflow/example_dags/example_time_delta_sensor_async.py
[2023-12-03T18:49:28.695+0000] {logging_mixin.py:154} INFO - [2023-12-03T18:49:28.695+0000] {dag.py:2941} INFO - Sync 1 DAGs
[2023-12-03T18:49:28.712+0000] {logging_mixin.py:154} INFO - [2023-12-03T18:49:28.712+0000] {dag.py:3722} INFO - Setting next_dagrun for example_time_delta_sensor_async to None, run_after=None
[2023-12-03T18:49:28.745+0000] {processor.py:179} INFO - Processing /home/airflow/.local/lib/python3.8/site-packages/airflow/example_dags/example_time_delta_sensor_async.py took 0.093 seconds
