[2023-12-03T18:18:48.273+0000] {processor.py:157} INFO - Started process (PID=60) to work on /home/airflow/.local/lib/python3.8/site-packages/airflow/example_dags/example_dynamic_task_mapping_with_no_taskflow_operators.py
[2023-12-03T18:18:48.275+0000] {processor.py:829} INFO - Processing file /home/airflow/.local/lib/python3.8/site-packages/airflow/example_dags/example_dynamic_task_mapping_with_no_taskflow_operators.py for tasks to queue
[2023-12-03T18:18:48.280+0000] {logging_mixin.py:154} INFO - [2023-12-03T18:18:48.279+0000] {dagbag.py:536} INFO - Filling up the DagBag from /home/airflow/.local/lib/python3.8/site-packages/airflow/example_dags/example_dynamic_task_mapping_with_no_taskflow_operators.py
[2023-12-03T18:18:48.296+0000] {processor.py:839} INFO - DAG(s) dict_keys(['example_dynamic_task_mapping_with_no_taskflow_operators']) retrieved from /home/airflow/.local/lib/python3.8/site-packages/airflow/example_dags/example_dynamic_task_mapping_with_no_taskflow_operators.py
[2023-12-03T18:18:48.335+0000] {logging_mixin.py:154} INFO - [2023-12-03T18:18:48.334+0000] {dag.py:2941} INFO - Sync 1 DAGs
[2023-12-03T18:18:48.393+0000] {logging_mixin.py:154} INFO - [2023-12-03T18:18:48.392+0000] {dag.py:3722} INFO - Setting next_dagrun for example_dynamic_task_mapping_with_no_taskflow_operators to 2023-12-02T18:18:48.391474+00:00, run_after=2023-12-03T18:18:48.391474+00:00
[2023-12-03T18:18:48.438+0000] {processor.py:179} INFO - Processing /home/airflow/.local/lib/python3.8/site-packages/airflow/example_dags/example_dynamic_task_mapping_with_no_taskflow_operators.py took 0.169 seconds
[2023-12-03T18:19:19.404+0000] {processor.py:157} INFO - Started process (PID=114) to work on /home/airflow/.local/lib/python3.8/site-packages/airflow/example_dags/example_dynamic_task_mapping_with_no_taskflow_operators.py
[2023-12-03T18:19:19.405+0000] {processor.py:829} INFO - Processing file /home/airflow/.local/lib/python3.8/site-packages/airflow/example_dags/example_dynamic_task_mapping_with_no_taskflow_operators.py for tasks to queue
[2023-12-03T18:19:19.409+0000] {logging_mixin.py:154} INFO - [2023-12-03T18:19:19.408+0000] {dagbag.py:536} INFO - Filling up the DagBag from /home/airflow/.local/lib/python3.8/site-packages/airflow/example_dags/example_dynamic_task_mapping_with_no_taskflow_operators.py
[2023-12-03T18:19:19.419+0000] {processor.py:839} INFO - DAG(s) dict_keys(['example_dynamic_task_mapping_with_no_taskflow_operators']) retrieved from /home/airflow/.local/lib/python3.8/site-packages/airflow/example_dags/example_dynamic_task_mapping_with_no_taskflow_operators.py
[2023-12-03T18:19:19.447+0000] {logging_mixin.py:154} INFO - [2023-12-03T18:19:19.447+0000] {dag.py:2941} INFO - Sync 1 DAGs
[2023-12-03T18:19:19.482+0000] {logging_mixin.py:154} INFO - [2023-12-03T18:19:19.482+0000] {dag.py:3722} INFO - Setting next_dagrun for example_dynamic_task_mapping_with_no_taskflow_operators to 2023-12-02T18:19:19.482159+00:00, run_after=2023-12-03T18:19:19.482159+00:00
[2023-12-03T18:19:19.512+0000] {processor.py:179} INFO - Processing /home/airflow/.local/lib/python3.8/site-packages/airflow/example_dags/example_dynamic_task_mapping_with_no_taskflow_operators.py took 0.112 seconds
[2023-12-03T18:19:50.442+0000] {processor.py:157} INFO - Started process (PID=168) to work on /home/airflow/.local/lib/python3.8/site-packages/airflow/example_dags/example_dynamic_task_mapping_with_no_taskflow_operators.py
[2023-12-03T18:19:50.444+0000] {processor.py:829} INFO - Processing file /home/airflow/.local/lib/python3.8/site-packages/airflow/example_dags/example_dynamic_task_mapping_with_no_taskflow_operators.py for tasks to queue
[2023-12-03T18:19:50.450+0000] {logging_mixin.py:154} INFO - [2023-12-03T18:19:50.449+0000] {dagbag.py:536} INFO - Filling up the DagBag from /home/airflow/.local/lib/python3.8/site-packages/airflow/example_dags/example_dynamic_task_mapping_with_no_taskflow_operators.py
[2023-12-03T18:19:50.467+0000] {processor.py:839} INFO - DAG(s) dict_keys(['example_dynamic_task_mapping_with_no_taskflow_operators']) retrieved from /home/airflow/.local/lib/python3.8/site-packages/airflow/example_dags/example_dynamic_task_mapping_with_no_taskflow_operators.py
[2023-12-03T18:19:50.499+0000] {logging_mixin.py:154} INFO - [2023-12-03T18:19:50.498+0000] {dag.py:2941} INFO - Sync 1 DAGs
[2023-12-03T18:19:50.557+0000] {logging_mixin.py:154} INFO - [2023-12-03T18:19:50.556+0000] {dag.py:3722} INFO - Setting next_dagrun for example_dynamic_task_mapping_with_no_taskflow_operators to 2023-12-02T18:19:50.556318+00:00, run_after=2023-12-03T18:19:50.556318+00:00
[2023-12-03T18:19:50.627+0000] {processor.py:179} INFO - Processing /home/airflow/.local/lib/python3.8/site-packages/airflow/example_dags/example_dynamic_task_mapping_with_no_taskflow_operators.py took 0.191 seconds
[2023-12-03T18:20:20.781+0000] {processor.py:157} INFO - Started process (PID=222) to work on /home/airflow/.local/lib/python3.8/site-packages/airflow/example_dags/example_dynamic_task_mapping_with_no_taskflow_operators.py
[2023-12-03T18:20:20.784+0000] {processor.py:829} INFO - Processing file /home/airflow/.local/lib/python3.8/site-packages/airflow/example_dags/example_dynamic_task_mapping_with_no_taskflow_operators.py for tasks to queue
[2023-12-03T18:20:20.791+0000] {logging_mixin.py:154} INFO - [2023-12-03T18:20:20.789+0000] {dagbag.py:536} INFO - Filling up the DagBag from /home/airflow/.local/lib/python3.8/site-packages/airflow/example_dags/example_dynamic_task_mapping_with_no_taskflow_operators.py
[2023-12-03T18:20:20.811+0000] {processor.py:839} INFO - DAG(s) dict_keys(['example_dynamic_task_mapping_with_no_taskflow_operators']) retrieved from /home/airflow/.local/lib/python3.8/site-packages/airflow/example_dags/example_dynamic_task_mapping_with_no_taskflow_operators.py
[2023-12-03T18:20:20.854+0000] {logging_mixin.py:154} INFO - [2023-12-03T18:20:20.854+0000] {dag.py:2941} INFO - Sync 1 DAGs
[2023-12-03T18:20:20.903+0000] {logging_mixin.py:154} INFO - [2023-12-03T18:20:20.902+0000] {dag.py:3722} INFO - Setting next_dagrun for example_dynamic_task_mapping_with_no_taskflow_operators to 2023-12-02T18:20:20.902400+00:00, run_after=2023-12-03T18:20:20.902400+00:00
[2023-12-03T18:20:20.936+0000] {processor.py:179} INFO - Processing /home/airflow/.local/lib/python3.8/site-packages/airflow/example_dags/example_dynamic_task_mapping_with_no_taskflow_operators.py took 0.160 seconds
[2023-12-03T18:20:51.749+0000] {processor.py:157} INFO - Started process (PID=283) to work on /home/airflow/.local/lib/python3.8/site-packages/airflow/example_dags/example_dynamic_task_mapping_with_no_taskflow_operators.py
[2023-12-03T18:20:51.752+0000] {processor.py:829} INFO - Processing file /home/airflow/.local/lib/python3.8/site-packages/airflow/example_dags/example_dynamic_task_mapping_with_no_taskflow_operators.py for tasks to queue
[2023-12-03T18:20:51.760+0000] {logging_mixin.py:154} INFO - [2023-12-03T18:20:51.760+0000] {dagbag.py:536} INFO - Filling up the DagBag from /home/airflow/.local/lib/python3.8/site-packages/airflow/example_dags/example_dynamic_task_mapping_with_no_taskflow_operators.py
[2023-12-03T18:20:51.777+0000] {processor.py:839} INFO - DAG(s) dict_keys(['example_dynamic_task_mapping_with_no_taskflow_operators']) retrieved from /home/airflow/.local/lib/python3.8/site-packages/airflow/example_dags/example_dynamic_task_mapping_with_no_taskflow_operators.py
[2023-12-03T18:20:51.851+0000] {logging_mixin.py:154} INFO - [2023-12-03T18:20:51.851+0000] {dag.py:2941} INFO - Sync 1 DAGs
[2023-12-03T18:20:51.918+0000] {logging_mixin.py:154} INFO - [2023-12-03T18:20:51.918+0000] {dag.py:3722} INFO - Setting next_dagrun for example_dynamic_task_mapping_with_no_taskflow_operators to 2023-12-02T18:20:51.917866+00:00, run_after=2023-12-03T18:20:51.917866+00:00
[2023-12-03T18:20:51.965+0000] {processor.py:179} INFO - Processing /home/airflow/.local/lib/python3.8/site-packages/airflow/example_dags/example_dynamic_task_mapping_with_no_taskflow_operators.py took 0.227 seconds
[2023-12-03T18:21:22.561+0000] {processor.py:157} INFO - Started process (PID=337) to work on /home/airflow/.local/lib/python3.8/site-packages/airflow/example_dags/example_dynamic_task_mapping_with_no_taskflow_operators.py
[2023-12-03T18:21:22.563+0000] {processor.py:829} INFO - Processing file /home/airflow/.local/lib/python3.8/site-packages/airflow/example_dags/example_dynamic_task_mapping_with_no_taskflow_operators.py for tasks to queue
[2023-12-03T18:21:22.567+0000] {logging_mixin.py:154} INFO - [2023-12-03T18:21:22.567+0000] {dagbag.py:536} INFO - Filling up the DagBag from /home/airflow/.local/lib/python3.8/site-packages/airflow/example_dags/example_dynamic_task_mapping_with_no_taskflow_operators.py
[2023-12-03T18:21:22.580+0000] {processor.py:839} INFO - DAG(s) dict_keys(['example_dynamic_task_mapping_with_no_taskflow_operators']) retrieved from /home/airflow/.local/lib/python3.8/site-packages/airflow/example_dags/example_dynamic_task_mapping_with_no_taskflow_operators.py
[2023-12-03T18:21:22.601+0000] {logging_mixin.py:154} INFO - [2023-12-03T18:21:22.601+0000] {dag.py:2941} INFO - Sync 1 DAGs
[2023-12-03T18:21:22.644+0000] {logging_mixin.py:154} INFO - [2023-12-03T18:21:22.643+0000] {dag.py:3722} INFO - Setting next_dagrun for example_dynamic_task_mapping_with_no_taskflow_operators to 2023-12-02T18:21:22.643488+00:00, run_after=2023-12-03T18:21:22.643488+00:00
[2023-12-03T18:21:22.677+0000] {processor.py:179} INFO - Processing /home/airflow/.local/lib/python3.8/site-packages/airflow/example_dags/example_dynamic_task_mapping_with_no_taskflow_operators.py took 0.124 seconds
[2023-12-03T18:21:53.162+0000] {processor.py:157} INFO - Started process (PID=391) to work on /home/airflow/.local/lib/python3.8/site-packages/airflow/example_dags/example_dynamic_task_mapping_with_no_taskflow_operators.py
[2023-12-03T18:21:53.165+0000] {processor.py:829} INFO - Processing file /home/airflow/.local/lib/python3.8/site-packages/airflow/example_dags/example_dynamic_task_mapping_with_no_taskflow_operators.py for tasks to queue
[2023-12-03T18:21:53.173+0000] {logging_mixin.py:154} INFO - [2023-12-03T18:21:53.172+0000] {dagbag.py:536} INFO - Filling up the DagBag from /home/airflow/.local/lib/python3.8/site-packages/airflow/example_dags/example_dynamic_task_mapping_with_no_taskflow_operators.py
[2023-12-03T18:21:53.191+0000] {processor.py:839} INFO - DAG(s) dict_keys(['example_dynamic_task_mapping_with_no_taskflow_operators']) retrieved from /home/airflow/.local/lib/python3.8/site-packages/airflow/example_dags/example_dynamic_task_mapping_with_no_taskflow_operators.py
[2023-12-03T18:21:53.239+0000] {logging_mixin.py:154} INFO - [2023-12-03T18:21:53.238+0000] {dag.py:2941} INFO - Sync 1 DAGs
[2023-12-03T18:21:53.279+0000] {logging_mixin.py:154} INFO - [2023-12-03T18:21:53.279+0000] {dag.py:3722} INFO - Setting next_dagrun for example_dynamic_task_mapping_with_no_taskflow_operators to 2023-12-02T18:21:53.278987+00:00, run_after=2023-12-03T18:21:53.278987+00:00
[2023-12-03T18:21:53.314+0000] {processor.py:179} INFO - Processing /home/airflow/.local/lib/python3.8/site-packages/airflow/example_dags/example_dynamic_task_mapping_with_no_taskflow_operators.py took 0.161 seconds
[2023-12-03T18:22:24.446+0000] {processor.py:157} INFO - Started process (PID=445) to work on /home/airflow/.local/lib/python3.8/site-packages/airflow/example_dags/example_dynamic_task_mapping_with_no_taskflow_operators.py
[2023-12-03T18:22:24.448+0000] {processor.py:829} INFO - Processing file /home/airflow/.local/lib/python3.8/site-packages/airflow/example_dags/example_dynamic_task_mapping_with_no_taskflow_operators.py for tasks to queue
[2023-12-03T18:22:24.454+0000] {logging_mixin.py:154} INFO - [2023-12-03T18:22:24.453+0000] {dagbag.py:536} INFO - Filling up the DagBag from /home/airflow/.local/lib/python3.8/site-packages/airflow/example_dags/example_dynamic_task_mapping_with_no_taskflow_operators.py
[2023-12-03T18:22:24.473+0000] {processor.py:839} INFO - DAG(s) dict_keys(['example_dynamic_task_mapping_with_no_taskflow_operators']) retrieved from /home/airflow/.local/lib/python3.8/site-packages/airflow/example_dags/example_dynamic_task_mapping_with_no_taskflow_operators.py
[2023-12-03T18:22:24.536+0000] {logging_mixin.py:154} INFO - [2023-12-03T18:22:24.536+0000] {dag.py:2941} INFO - Sync 1 DAGs
[2023-12-03T18:22:24.604+0000] {logging_mixin.py:154} INFO - [2023-12-03T18:22:24.603+0000] {dag.py:3722} INFO - Setting next_dagrun for example_dynamic_task_mapping_with_no_taskflow_operators to 2023-12-02T18:22:24.603261+00:00, run_after=2023-12-03T18:22:24.603261+00:00
[2023-12-03T18:22:24.660+0000] {processor.py:179} INFO - Processing /home/airflow/.local/lib/python3.8/site-packages/airflow/example_dags/example_dynamic_task_mapping_with_no_taskflow_operators.py took 0.223 seconds
[2023-12-03T18:23:58.167+0000] {processor.py:157} INFO - Started process (PID=60) to work on /home/airflow/.local/lib/python3.8/site-packages/airflow/example_dags/example_dynamic_task_mapping_with_no_taskflow_operators.py
[2023-12-03T18:23:58.170+0000] {processor.py:829} INFO - Processing file /home/airflow/.local/lib/python3.8/site-packages/airflow/example_dags/example_dynamic_task_mapping_with_no_taskflow_operators.py for tasks to queue
[2023-12-03T18:23:58.177+0000] {logging_mixin.py:154} INFO - [2023-12-03T18:23:58.176+0000] {dagbag.py:536} INFO - Filling up the DagBag from /home/airflow/.local/lib/python3.8/site-packages/airflow/example_dags/example_dynamic_task_mapping_with_no_taskflow_operators.py
[2023-12-03T18:23:58.201+0000] {processor.py:839} INFO - DAG(s) dict_keys(['example_dynamic_task_mapping_with_no_taskflow_operators']) retrieved from /home/airflow/.local/lib/python3.8/site-packages/airflow/example_dags/example_dynamic_task_mapping_with_no_taskflow_operators.py
[2023-12-03T18:23:58.237+0000] {logging_mixin.py:154} INFO - [2023-12-03T18:23:58.236+0000] {dag.py:2941} INFO - Sync 1 DAGs
[2023-12-03T18:23:58.286+0000] {logging_mixin.py:154} INFO - [2023-12-03T18:23:58.286+0000] {dag.py:3722} INFO - Setting next_dagrun for example_dynamic_task_mapping_with_no_taskflow_operators to 2023-12-02T18:23:58.285640+00:00, run_after=2023-12-03T18:23:58.285640+00:00
[2023-12-03T18:23:58.324+0000] {processor.py:179} INFO - Processing /home/airflow/.local/lib/python3.8/site-packages/airflow/example_dags/example_dynamic_task_mapping_with_no_taskflow_operators.py took 0.170 seconds
[2023-12-03T18:24:29.307+0000] {processor.py:157} INFO - Started process (PID=114) to work on /home/airflow/.local/lib/python3.8/site-packages/airflow/example_dags/example_dynamic_task_mapping_with_no_taskflow_operators.py
[2023-12-03T18:24:29.310+0000] {processor.py:829} INFO - Processing file /home/airflow/.local/lib/python3.8/site-packages/airflow/example_dags/example_dynamic_task_mapping_with_no_taskflow_operators.py for tasks to queue
[2023-12-03T18:24:29.315+0000] {logging_mixin.py:154} INFO - [2023-12-03T18:24:29.314+0000] {dagbag.py:536} INFO - Filling up the DagBag from /home/airflow/.local/lib/python3.8/site-packages/airflow/example_dags/example_dynamic_task_mapping_with_no_taskflow_operators.py
[2023-12-03T18:24:29.331+0000] {processor.py:839} INFO - DAG(s) dict_keys(['example_dynamic_task_mapping_with_no_taskflow_operators']) retrieved from /home/airflow/.local/lib/python3.8/site-packages/airflow/example_dags/example_dynamic_task_mapping_with_no_taskflow_operators.py
[2023-12-03T18:24:29.368+0000] {logging_mixin.py:154} INFO - [2023-12-03T18:24:29.368+0000] {dag.py:2941} INFO - Sync 1 DAGs
[2023-12-03T18:24:29.424+0000] {logging_mixin.py:154} INFO - [2023-12-03T18:24:29.423+0000] {dag.py:3722} INFO - Setting next_dagrun for example_dynamic_task_mapping_with_no_taskflow_operators to 2023-12-02T18:24:29.423112+00:00, run_after=2023-12-03T18:24:29.423112+00:00
[2023-12-03T18:24:29.466+0000] {processor.py:179} INFO - Processing /home/airflow/.local/lib/python3.8/site-packages/airflow/example_dags/example_dynamic_task_mapping_with_no_taskflow_operators.py took 0.166 seconds
[2023-12-03T18:25:00.471+0000] {processor.py:157} INFO - Started process (PID=168) to work on /home/airflow/.local/lib/python3.8/site-packages/airflow/example_dags/example_dynamic_task_mapping_with_no_taskflow_operators.py
[2023-12-03T18:25:00.472+0000] {processor.py:829} INFO - Processing file /home/airflow/.local/lib/python3.8/site-packages/airflow/example_dags/example_dynamic_task_mapping_with_no_taskflow_operators.py for tasks to queue
[2023-12-03T18:25:00.477+0000] {logging_mixin.py:154} INFO - [2023-12-03T18:25:00.476+0000] {dagbag.py:536} INFO - Filling up the DagBag from /home/airflow/.local/lib/python3.8/site-packages/airflow/example_dags/example_dynamic_task_mapping_with_no_taskflow_operators.py
[2023-12-03T18:25:00.495+0000] {processor.py:839} INFO - DAG(s) dict_keys(['example_dynamic_task_mapping_with_no_taskflow_operators']) retrieved from /home/airflow/.local/lib/python3.8/site-packages/airflow/example_dags/example_dynamic_task_mapping_with_no_taskflow_operators.py
[2023-12-03T18:25:00.550+0000] {logging_mixin.py:154} INFO - [2023-12-03T18:25:00.549+0000] {dag.py:2941} INFO - Sync 1 DAGs
[2023-12-03T18:25:00.595+0000] {logging_mixin.py:154} INFO - [2023-12-03T18:25:00.594+0000] {dag.py:3722} INFO - Setting next_dagrun for example_dynamic_task_mapping_with_no_taskflow_operators to 2023-12-02T18:25:00.594396+00:00, run_after=2023-12-03T18:25:00.594396+00:00
[2023-12-03T18:25:00.627+0000] {processor.py:179} INFO - Processing /home/airflow/.local/lib/python3.8/site-packages/airflow/example_dags/example_dynamic_task_mapping_with_no_taskflow_operators.py took 0.161 seconds
[2023-12-03T18:25:30.759+0000] {processor.py:157} INFO - Started process (PID=222) to work on /home/airflow/.local/lib/python3.8/site-packages/airflow/example_dags/example_dynamic_task_mapping_with_no_taskflow_operators.py
[2023-12-03T18:25:30.761+0000] {processor.py:829} INFO - Processing file /home/airflow/.local/lib/python3.8/site-packages/airflow/example_dags/example_dynamic_task_mapping_with_no_taskflow_operators.py for tasks to queue
[2023-12-03T18:25:30.765+0000] {logging_mixin.py:154} INFO - [2023-12-03T18:25:30.764+0000] {dagbag.py:536} INFO - Filling up the DagBag from /home/airflow/.local/lib/python3.8/site-packages/airflow/example_dags/example_dynamic_task_mapping_with_no_taskflow_operators.py
[2023-12-03T18:25:30.773+0000] {processor.py:839} INFO - DAG(s) dict_keys(['example_dynamic_task_mapping_with_no_taskflow_operators']) retrieved from /home/airflow/.local/lib/python3.8/site-packages/airflow/example_dags/example_dynamic_task_mapping_with_no_taskflow_operators.py
[2023-12-03T18:25:30.813+0000] {logging_mixin.py:154} INFO - [2023-12-03T18:25:30.812+0000] {dag.py:2941} INFO - Sync 1 DAGs
[2023-12-03T18:25:30.847+0000] {logging_mixin.py:154} INFO - [2023-12-03T18:25:30.847+0000] {dag.py:3722} INFO - Setting next_dagrun for example_dynamic_task_mapping_with_no_taskflow_operators to 2023-12-02T18:25:30.847122+00:00, run_after=2023-12-03T18:25:30.847122+00:00
[2023-12-03T18:25:30.880+0000] {processor.py:179} INFO - Processing /home/airflow/.local/lib/python3.8/site-packages/airflow/example_dags/example_dynamic_task_mapping_with_no_taskflow_operators.py took 0.125 seconds
[2023-12-03T18:26:01.407+0000] {processor.py:157} INFO - Started process (PID=276) to work on /home/airflow/.local/lib/python3.8/site-packages/airflow/example_dags/example_dynamic_task_mapping_with_no_taskflow_operators.py
[2023-12-03T18:26:01.408+0000] {processor.py:829} INFO - Processing file /home/airflow/.local/lib/python3.8/site-packages/airflow/example_dags/example_dynamic_task_mapping_with_no_taskflow_operators.py for tasks to queue
[2023-12-03T18:26:01.412+0000] {logging_mixin.py:154} INFO - [2023-12-03T18:26:01.411+0000] {dagbag.py:536} INFO - Filling up the DagBag from /home/airflow/.local/lib/python3.8/site-packages/airflow/example_dags/example_dynamic_task_mapping_with_no_taskflow_operators.py
[2023-12-03T18:26:01.423+0000] {processor.py:839} INFO - DAG(s) dict_keys(['example_dynamic_task_mapping_with_no_taskflow_operators']) retrieved from /home/airflow/.local/lib/python3.8/site-packages/airflow/example_dags/example_dynamic_task_mapping_with_no_taskflow_operators.py
[2023-12-03T18:26:01.453+0000] {logging_mixin.py:154} INFO - [2023-12-03T18:26:01.453+0000] {dag.py:2941} INFO - Sync 1 DAGs
[2023-12-03T18:26:01.496+0000] {logging_mixin.py:154} INFO - [2023-12-03T18:26:01.495+0000] {dag.py:3722} INFO - Setting next_dagrun for example_dynamic_task_mapping_with_no_taskflow_operators to 2023-12-02T18:26:01.495478+00:00, run_after=2023-12-03T18:26:01.495478+00:00
[2023-12-03T18:26:01.530+0000] {processor.py:179} INFO - Processing /home/airflow/.local/lib/python3.8/site-packages/airflow/example_dags/example_dynamic_task_mapping_with_no_taskflow_operators.py took 0.129 seconds
[2023-12-03T18:26:31.657+0000] {processor.py:157} INFO - Started process (PID=330) to work on /home/airflow/.local/lib/python3.8/site-packages/airflow/example_dags/example_dynamic_task_mapping_with_no_taskflow_operators.py
[2023-12-03T18:26:31.659+0000] {processor.py:829} INFO - Processing file /home/airflow/.local/lib/python3.8/site-packages/airflow/example_dags/example_dynamic_task_mapping_with_no_taskflow_operators.py for tasks to queue
[2023-12-03T18:26:31.664+0000] {logging_mixin.py:154} INFO - [2023-12-03T18:26:31.663+0000] {dagbag.py:536} INFO - Filling up the DagBag from /home/airflow/.local/lib/python3.8/site-packages/airflow/example_dags/example_dynamic_task_mapping_with_no_taskflow_operators.py
[2023-12-03T18:26:31.674+0000] {processor.py:839} INFO - DAG(s) dict_keys(['example_dynamic_task_mapping_with_no_taskflow_operators']) retrieved from /home/airflow/.local/lib/python3.8/site-packages/airflow/example_dags/example_dynamic_task_mapping_with_no_taskflow_operators.py
[2023-12-03T18:26:31.705+0000] {logging_mixin.py:154} INFO - [2023-12-03T18:26:31.704+0000] {dag.py:2941} INFO - Sync 1 DAGs
[2023-12-03T18:26:31.737+0000] {logging_mixin.py:154} INFO - [2023-12-03T18:26:31.737+0000] {dag.py:3722} INFO - Setting next_dagrun for example_dynamic_task_mapping_with_no_taskflow_operators to 2023-12-02T18:26:31.736908+00:00, run_after=2023-12-03T18:26:31.736908+00:00
[2023-12-03T18:26:31.773+0000] {processor.py:179} INFO - Processing /home/airflow/.local/lib/python3.8/site-packages/airflow/example_dags/example_dynamic_task_mapping_with_no_taskflow_operators.py took 0.121 seconds
[2023-12-03T18:27:02.508+0000] {processor.py:157} INFO - Started process (PID=384) to work on /home/airflow/.local/lib/python3.8/site-packages/airflow/example_dags/example_dynamic_task_mapping_with_no_taskflow_operators.py
[2023-12-03T18:27:02.509+0000] {processor.py:829} INFO - Processing file /home/airflow/.local/lib/python3.8/site-packages/airflow/example_dags/example_dynamic_task_mapping_with_no_taskflow_operators.py for tasks to queue
[2023-12-03T18:27:02.512+0000] {logging_mixin.py:154} INFO - [2023-12-03T18:27:02.512+0000] {dagbag.py:536} INFO - Filling up the DagBag from /home/airflow/.local/lib/python3.8/site-packages/airflow/example_dags/example_dynamic_task_mapping_with_no_taskflow_operators.py
[2023-12-03T18:27:02.522+0000] {processor.py:839} INFO - DAG(s) dict_keys(['example_dynamic_task_mapping_with_no_taskflow_operators']) retrieved from /home/airflow/.local/lib/python3.8/site-packages/airflow/example_dags/example_dynamic_task_mapping_with_no_taskflow_operators.py
[2023-12-03T18:27:02.550+0000] {logging_mixin.py:154} INFO - [2023-12-03T18:27:02.550+0000] {dag.py:2941} INFO - Sync 1 DAGs
[2023-12-03T18:27:02.584+0000] {logging_mixin.py:154} INFO - [2023-12-03T18:27:02.584+0000] {dag.py:3722} INFO - Setting next_dagrun for example_dynamic_task_mapping_with_no_taskflow_operators to 2023-12-02T18:27:02.583804+00:00, run_after=2023-12-03T18:27:02.583804+00:00
[2023-12-03T18:27:02.629+0000] {processor.py:179} INFO - Processing /home/airflow/.local/lib/python3.8/site-packages/airflow/example_dags/example_dynamic_task_mapping_with_no_taskflow_operators.py took 0.127 seconds
[2023-12-03T18:27:32.777+0000] {processor.py:157} INFO - Started process (PID=438) to work on /home/airflow/.local/lib/python3.8/site-packages/airflow/example_dags/example_dynamic_task_mapping_with_no_taskflow_operators.py
[2023-12-03T18:27:32.779+0000] {processor.py:829} INFO - Processing file /home/airflow/.local/lib/python3.8/site-packages/airflow/example_dags/example_dynamic_task_mapping_with_no_taskflow_operators.py for tasks to queue
[2023-12-03T18:27:32.784+0000] {logging_mixin.py:154} INFO - [2023-12-03T18:27:32.783+0000] {dagbag.py:536} INFO - Filling up the DagBag from /home/airflow/.local/lib/python3.8/site-packages/airflow/example_dags/example_dynamic_task_mapping_with_no_taskflow_operators.py
[2023-12-03T18:27:32.795+0000] {processor.py:839} INFO - DAG(s) dict_keys(['example_dynamic_task_mapping_with_no_taskflow_operators']) retrieved from /home/airflow/.local/lib/python3.8/site-packages/airflow/example_dags/example_dynamic_task_mapping_with_no_taskflow_operators.py
[2023-12-03T18:27:32.831+0000] {logging_mixin.py:154} INFO - [2023-12-03T18:27:32.830+0000] {dag.py:2941} INFO - Sync 1 DAGs
[2023-12-03T18:27:32.869+0000] {logging_mixin.py:154} INFO - [2023-12-03T18:27:32.869+0000] {dag.py:3722} INFO - Setting next_dagrun for example_dynamic_task_mapping_with_no_taskflow_operators to 2023-12-02T18:27:32.868812+00:00, run_after=2023-12-03T18:27:32.868812+00:00
[2023-12-03T18:27:32.902+0000] {processor.py:179} INFO - Processing /home/airflow/.local/lib/python3.8/site-packages/airflow/example_dags/example_dynamic_task_mapping_with_no_taskflow_operators.py took 0.136 seconds
[2023-12-03T18:28:03.288+0000] {processor.py:157} INFO - Started process (PID=492) to work on /home/airflow/.local/lib/python3.8/site-packages/airflow/example_dags/example_dynamic_task_mapping_with_no_taskflow_operators.py
[2023-12-03T18:28:03.290+0000] {processor.py:829} INFO - Processing file /home/airflow/.local/lib/python3.8/site-packages/airflow/example_dags/example_dynamic_task_mapping_with_no_taskflow_operators.py for tasks to queue
[2023-12-03T18:28:03.294+0000] {logging_mixin.py:154} INFO - [2023-12-03T18:28:03.293+0000] {dagbag.py:536} INFO - Filling up the DagBag from /home/airflow/.local/lib/python3.8/site-packages/airflow/example_dags/example_dynamic_task_mapping_with_no_taskflow_operators.py
[2023-12-03T18:28:03.306+0000] {processor.py:839} INFO - DAG(s) dict_keys(['example_dynamic_task_mapping_with_no_taskflow_operators']) retrieved from /home/airflow/.local/lib/python3.8/site-packages/airflow/example_dags/example_dynamic_task_mapping_with_no_taskflow_operators.py
[2023-12-03T18:28:03.335+0000] {logging_mixin.py:154} INFO - [2023-12-03T18:28:03.335+0000] {dag.py:2941} INFO - Sync 1 DAGs
[2023-12-03T18:28:03.384+0000] {logging_mixin.py:154} INFO - [2023-12-03T18:28:03.383+0000] {dag.py:3722} INFO - Setting next_dagrun for example_dynamic_task_mapping_with_no_taskflow_operators to 2023-12-02T18:28:03.382602+00:00, run_after=2023-12-03T18:28:03.382602+00:00
[2023-12-03T18:28:03.416+0000] {processor.py:179} INFO - Processing /home/airflow/.local/lib/python3.8/site-packages/airflow/example_dags/example_dynamic_task_mapping_with_no_taskflow_operators.py took 0.132 seconds
[2023-12-03T18:28:33.965+0000] {processor.py:157} INFO - Started process (PID=546) to work on /home/airflow/.local/lib/python3.8/site-packages/airflow/example_dags/example_dynamic_task_mapping_with_no_taskflow_operators.py
[2023-12-03T18:28:33.967+0000] {processor.py:829} INFO - Processing file /home/airflow/.local/lib/python3.8/site-packages/airflow/example_dags/example_dynamic_task_mapping_with_no_taskflow_operators.py for tasks to queue
[2023-12-03T18:28:33.970+0000] {logging_mixin.py:154} INFO - [2023-12-03T18:28:33.970+0000] {dagbag.py:536} INFO - Filling up the DagBag from /home/airflow/.local/lib/python3.8/site-packages/airflow/example_dags/example_dynamic_task_mapping_with_no_taskflow_operators.py
[2023-12-03T18:28:33.981+0000] {processor.py:839} INFO - DAG(s) dict_keys(['example_dynamic_task_mapping_with_no_taskflow_operators']) retrieved from /home/airflow/.local/lib/python3.8/site-packages/airflow/example_dags/example_dynamic_task_mapping_with_no_taskflow_operators.py
[2023-12-03T18:28:34.013+0000] {logging_mixin.py:154} INFO - [2023-12-03T18:28:34.013+0000] {dag.py:2941} INFO - Sync 1 DAGs
[2023-12-03T18:28:34.049+0000] {logging_mixin.py:154} INFO - [2023-12-03T18:28:34.048+0000] {dag.py:3722} INFO - Setting next_dagrun for example_dynamic_task_mapping_with_no_taskflow_operators to 2023-12-02T18:28:34.048297+00:00, run_after=2023-12-03T18:28:34.048297+00:00
[2023-12-03T18:28:34.084+0000] {processor.py:179} INFO - Processing /home/airflow/.local/lib/python3.8/site-packages/airflow/example_dags/example_dynamic_task_mapping_with_no_taskflow_operators.py took 0.124 seconds
[2023-12-03T18:29:50.440+0000] {processor.py:157} INFO - Started process (PID=61) to work on /home/airflow/.local/lib/python3.8/site-packages/airflow/example_dags/example_dynamic_task_mapping_with_no_taskflow_operators.py
[2023-12-03T18:29:50.441+0000] {processor.py:829} INFO - Processing file /home/airflow/.local/lib/python3.8/site-packages/airflow/example_dags/example_dynamic_task_mapping_with_no_taskflow_operators.py for tasks to queue
[2023-12-03T18:29:50.445+0000] {logging_mixin.py:154} INFO - [2023-12-03T18:29:50.444+0000] {dagbag.py:536} INFO - Filling up the DagBag from /home/airflow/.local/lib/python3.8/site-packages/airflow/example_dags/example_dynamic_task_mapping_with_no_taskflow_operators.py
[2023-12-03T18:29:50.455+0000] {processor.py:839} INFO - DAG(s) dict_keys(['example_dynamic_task_mapping_with_no_taskflow_operators']) retrieved from /home/airflow/.local/lib/python3.8/site-packages/airflow/example_dags/example_dynamic_task_mapping_with_no_taskflow_operators.py
[2023-12-03T18:29:50.484+0000] {logging_mixin.py:154} INFO - [2023-12-03T18:29:50.484+0000] {dag.py:2941} INFO - Sync 1 DAGs
[2023-12-03T18:29:50.531+0000] {logging_mixin.py:154} INFO - [2023-12-03T18:29:50.531+0000] {dag.py:3722} INFO - Setting next_dagrun for example_dynamic_task_mapping_with_no_taskflow_operators to 2023-12-02T18:29:50.530665+00:00, run_after=2023-12-03T18:29:50.530665+00:00
[2023-12-03T18:29:50.750+0000] {processor.py:179} INFO - Processing /home/airflow/.local/lib/python3.8/site-packages/airflow/example_dags/example_dynamic_task_mapping_with_no_taskflow_operators.py took 0.315 seconds
[2023-12-03T18:30:21.735+0000] {processor.py:157} INFO - Started process (PID=116) to work on /home/airflow/.local/lib/python3.8/site-packages/airflow/example_dags/example_dynamic_task_mapping_with_no_taskflow_operators.py
[2023-12-03T18:30:21.737+0000] {processor.py:829} INFO - Processing file /home/airflow/.local/lib/python3.8/site-packages/airflow/example_dags/example_dynamic_task_mapping_with_no_taskflow_operators.py for tasks to queue
[2023-12-03T18:30:21.743+0000] {logging_mixin.py:154} INFO - [2023-12-03T18:30:21.742+0000] {dagbag.py:536} INFO - Filling up the DagBag from /home/airflow/.local/lib/python3.8/site-packages/airflow/example_dags/example_dynamic_task_mapping_with_no_taskflow_operators.py
[2023-12-03T18:30:21.761+0000] {processor.py:839} INFO - DAG(s) dict_keys(['example_dynamic_task_mapping_with_no_taskflow_operators']) retrieved from /home/airflow/.local/lib/python3.8/site-packages/airflow/example_dags/example_dynamic_task_mapping_with_no_taskflow_operators.py
[2023-12-03T18:30:21.812+0000] {logging_mixin.py:154} INFO - [2023-12-03T18:30:21.811+0000] {dag.py:2941} INFO - Sync 1 DAGs
[2023-12-03T18:30:21.994+0000] {logging_mixin.py:154} INFO - [2023-12-03T18:30:21.994+0000] {dag.py:3722} INFO - Setting next_dagrun for example_dynamic_task_mapping_with_no_taskflow_operators to 2023-12-02T18:30:21.993914+00:00, run_after=2023-12-03T18:30:21.993914+00:00
[2023-12-03T18:30:22.026+0000] {processor.py:179} INFO - Processing /home/airflow/.local/lib/python3.8/site-packages/airflow/example_dags/example_dynamic_task_mapping_with_no_taskflow_operators.py took 0.299 seconds
[2023-12-03T18:30:52.984+0000] {processor.py:157} INFO - Started process (PID=171) to work on /home/airflow/.local/lib/python3.8/site-packages/airflow/example_dags/example_dynamic_task_mapping_with_no_taskflow_operators.py
[2023-12-03T18:30:52.985+0000] {processor.py:829} INFO - Processing file /home/airflow/.local/lib/python3.8/site-packages/airflow/example_dags/example_dynamic_task_mapping_with_no_taskflow_operators.py for tasks to queue
[2023-12-03T18:30:52.988+0000] {logging_mixin.py:154} INFO - [2023-12-03T18:30:52.988+0000] {dagbag.py:536} INFO - Filling up the DagBag from /home/airflow/.local/lib/python3.8/site-packages/airflow/example_dags/example_dynamic_task_mapping_with_no_taskflow_operators.py
[2023-12-03T18:30:52.997+0000] {processor.py:839} INFO - DAG(s) dict_keys(['example_dynamic_task_mapping_with_no_taskflow_operators']) retrieved from /home/airflow/.local/lib/python3.8/site-packages/airflow/example_dags/example_dynamic_task_mapping_with_no_taskflow_operators.py
[2023-12-03T18:30:53.025+0000] {logging_mixin.py:154} INFO - [2023-12-03T18:30:53.025+0000] {dag.py:2941} INFO - Sync 1 DAGs
[2023-12-03T18:30:53.208+0000] {logging_mixin.py:154} INFO - [2023-12-03T18:30:53.208+0000] {dag.py:3722} INFO - Setting next_dagrun for example_dynamic_task_mapping_with_no_taskflow_operators to 2023-12-02T18:30:53.208081+00:00, run_after=2023-12-03T18:30:53.208081+00:00
[2023-12-03T18:30:53.235+0000] {processor.py:179} INFO - Processing /home/airflow/.local/lib/python3.8/site-packages/airflow/example_dags/example_dynamic_task_mapping_with_no_taskflow_operators.py took 0.256 seconds
[2023-12-03T18:31:24.099+0000] {processor.py:157} INFO - Started process (PID=234) to work on /home/airflow/.local/lib/python3.8/site-packages/airflow/example_dags/example_dynamic_task_mapping_with_no_taskflow_operators.py
[2023-12-03T18:31:24.101+0000] {processor.py:829} INFO - Processing file /home/airflow/.local/lib/python3.8/site-packages/airflow/example_dags/example_dynamic_task_mapping_with_no_taskflow_operators.py for tasks to queue
[2023-12-03T18:31:24.106+0000] {logging_mixin.py:154} INFO - [2023-12-03T18:31:24.105+0000] {dagbag.py:536} INFO - Filling up the DagBag from /home/airflow/.local/lib/python3.8/site-packages/airflow/example_dags/example_dynamic_task_mapping_with_no_taskflow_operators.py
[2023-12-03T18:31:24.117+0000] {processor.py:839} INFO - DAG(s) dict_keys(['example_dynamic_task_mapping_with_no_taskflow_operators']) retrieved from /home/airflow/.local/lib/python3.8/site-packages/airflow/example_dags/example_dynamic_task_mapping_with_no_taskflow_operators.py
[2023-12-03T18:31:24.152+0000] {logging_mixin.py:154} INFO - [2023-12-03T18:31:24.152+0000] {dag.py:2941} INFO - Sync 1 DAGs
[2023-12-03T18:31:24.393+0000] {logging_mixin.py:154} INFO - [2023-12-03T18:31:24.393+0000] {dag.py:3722} INFO - Setting next_dagrun for example_dynamic_task_mapping_with_no_taskflow_operators to 2023-12-02T18:31:24.393194+00:00, run_after=2023-12-03T18:31:24.393194+00:00
[2023-12-03T18:31:24.439+0000] {processor.py:179} INFO - Processing /home/airflow/.local/lib/python3.8/site-packages/airflow/example_dags/example_dynamic_task_mapping_with_no_taskflow_operators.py took 0.345 seconds
[2023-12-03T18:31:55.318+0000] {processor.py:157} INFO - Started process (PID=289) to work on /home/airflow/.local/lib/python3.8/site-packages/airflow/example_dags/example_dynamic_task_mapping_with_no_taskflow_operators.py
[2023-12-03T18:31:55.319+0000] {processor.py:829} INFO - Processing file /home/airflow/.local/lib/python3.8/site-packages/airflow/example_dags/example_dynamic_task_mapping_with_no_taskflow_operators.py for tasks to queue
[2023-12-03T18:31:55.323+0000] {logging_mixin.py:154} INFO - [2023-12-03T18:31:55.322+0000] {dagbag.py:536} INFO - Filling up the DagBag from /home/airflow/.local/lib/python3.8/site-packages/airflow/example_dags/example_dynamic_task_mapping_with_no_taskflow_operators.py
[2023-12-03T18:31:55.333+0000] {processor.py:839} INFO - DAG(s) dict_keys(['example_dynamic_task_mapping_with_no_taskflow_operators']) retrieved from /home/airflow/.local/lib/python3.8/site-packages/airflow/example_dags/example_dynamic_task_mapping_with_no_taskflow_operators.py
[2023-12-03T18:31:55.362+0000] {logging_mixin.py:154} INFO - [2023-12-03T18:31:55.362+0000] {dag.py:2941} INFO - Sync 1 DAGs
[2023-12-03T18:31:55.581+0000] {logging_mixin.py:154} INFO - [2023-12-03T18:31:55.580+0000] {dag.py:3722} INFO - Setting next_dagrun for example_dynamic_task_mapping_with_no_taskflow_operators to 2023-12-02T18:31:55.580463+00:00, run_after=2023-12-03T18:31:55.580463+00:00
[2023-12-03T18:31:55.630+0000] {processor.py:179} INFO - Processing /home/airflow/.local/lib/python3.8/site-packages/airflow/example_dags/example_dynamic_task_mapping_with_no_taskflow_operators.py took 0.316 seconds
[2023-12-03T18:32:26.055+0000] {processor.py:157} INFO - Started process (PID=351) to work on /home/airflow/.local/lib/python3.8/site-packages/airflow/example_dags/example_dynamic_task_mapping_with_no_taskflow_operators.py
[2023-12-03T18:32:26.057+0000] {processor.py:829} INFO - Processing file /home/airflow/.local/lib/python3.8/site-packages/airflow/example_dags/example_dynamic_task_mapping_with_no_taskflow_operators.py for tasks to queue
[2023-12-03T18:32:26.061+0000] {logging_mixin.py:154} INFO - [2023-12-03T18:32:26.060+0000] {dagbag.py:536} INFO - Filling up the DagBag from /home/airflow/.local/lib/python3.8/site-packages/airflow/example_dags/example_dynamic_task_mapping_with_no_taskflow_operators.py
[2023-12-03T18:32:26.074+0000] {processor.py:839} INFO - DAG(s) dict_keys(['example_dynamic_task_mapping_with_no_taskflow_operators']) retrieved from /home/airflow/.local/lib/python3.8/site-packages/airflow/example_dags/example_dynamic_task_mapping_with_no_taskflow_operators.py
[2023-12-03T18:32:26.111+0000] {logging_mixin.py:154} INFO - [2023-12-03T18:32:26.110+0000] {dag.py:2941} INFO - Sync 1 DAGs
[2023-12-03T18:32:26.321+0000] {logging_mixin.py:154} INFO - [2023-12-03T18:32:26.320+0000] {dag.py:3722} INFO - Setting next_dagrun for example_dynamic_task_mapping_with_no_taskflow_operators to 2023-12-02T18:32:26.320522+00:00, run_after=2023-12-03T18:32:26.320522+00:00
[2023-12-03T18:32:26.360+0000] {processor.py:179} INFO - Processing /home/airflow/.local/lib/python3.8/site-packages/airflow/example_dags/example_dynamic_task_mapping_with_no_taskflow_operators.py took 0.312 seconds
[2023-12-03T18:32:57.328+0000] {processor.py:157} INFO - Started process (PID=406) to work on /home/airflow/.local/lib/python3.8/site-packages/airflow/example_dags/example_dynamic_task_mapping_with_no_taskflow_operators.py
[2023-12-03T18:32:57.330+0000] {processor.py:829} INFO - Processing file /home/airflow/.local/lib/python3.8/site-packages/airflow/example_dags/example_dynamic_task_mapping_with_no_taskflow_operators.py for tasks to queue
[2023-12-03T18:32:57.337+0000] {logging_mixin.py:154} INFO - [2023-12-03T18:32:57.336+0000] {dagbag.py:536} INFO - Filling up the DagBag from /home/airflow/.local/lib/python3.8/site-packages/airflow/example_dags/example_dynamic_task_mapping_with_no_taskflow_operators.py
[2023-12-03T18:32:57.355+0000] {processor.py:839} INFO - DAG(s) dict_keys(['example_dynamic_task_mapping_with_no_taskflow_operators']) retrieved from /home/airflow/.local/lib/python3.8/site-packages/airflow/example_dags/example_dynamic_task_mapping_with_no_taskflow_operators.py
[2023-12-03T18:32:57.408+0000] {logging_mixin.py:154} INFO - [2023-12-03T18:32:57.408+0000] {dag.py:2941} INFO - Sync 1 DAGs
[2023-12-03T18:32:57.592+0000] {logging_mixin.py:154} INFO - [2023-12-03T18:32:57.592+0000] {dag.py:3722} INFO - Setting next_dagrun for example_dynamic_task_mapping_with_no_taskflow_operators to 2023-12-02T18:32:57.592390+00:00, run_after=2023-12-03T18:32:57.592390+00:00
[2023-12-03T18:32:57.624+0000] {processor.py:179} INFO - Processing /home/airflow/.local/lib/python3.8/site-packages/airflow/example_dags/example_dynamic_task_mapping_with_no_taskflow_operators.py took 0.304 seconds
[2023-12-03T18:33:27.749+0000] {processor.py:157} INFO - Started process (PID=461) to work on /home/airflow/.local/lib/python3.8/site-packages/airflow/example_dags/example_dynamic_task_mapping_with_no_taskflow_operators.py
[2023-12-03T18:33:27.750+0000] {processor.py:829} INFO - Processing file /home/airflow/.local/lib/python3.8/site-packages/airflow/example_dags/example_dynamic_task_mapping_with_no_taskflow_operators.py for tasks to queue
[2023-12-03T18:33:27.754+0000] {logging_mixin.py:154} INFO - [2023-12-03T18:33:27.753+0000] {dagbag.py:536} INFO - Filling up the DagBag from /home/airflow/.local/lib/python3.8/site-packages/airflow/example_dags/example_dynamic_task_mapping_with_no_taskflow_operators.py
[2023-12-03T18:33:27.763+0000] {processor.py:839} INFO - DAG(s) dict_keys(['example_dynamic_task_mapping_with_no_taskflow_operators']) retrieved from /home/airflow/.local/lib/python3.8/site-packages/airflow/example_dags/example_dynamic_task_mapping_with_no_taskflow_operators.py
[2023-12-03T18:33:27.790+0000] {logging_mixin.py:154} INFO - [2023-12-03T18:33:27.790+0000] {dag.py:2941} INFO - Sync 1 DAGs
[2023-12-03T18:33:27.973+0000] {logging_mixin.py:154} INFO - [2023-12-03T18:33:27.973+0000] {dag.py:3722} INFO - Setting next_dagrun for example_dynamic_task_mapping_with_no_taskflow_operators to 2023-12-02T18:33:27.972937+00:00, run_after=2023-12-03T18:33:27.972937+00:00
[2023-12-03T18:33:28.000+0000] {processor.py:179} INFO - Processing /home/airflow/.local/lib/python3.8/site-packages/airflow/example_dags/example_dynamic_task_mapping_with_no_taskflow_operators.py took 0.256 seconds
[2023-12-03T18:33:58.351+0000] {processor.py:157} INFO - Started process (PID=516) to work on /home/airflow/.local/lib/python3.8/site-packages/airflow/example_dags/example_dynamic_task_mapping_with_no_taskflow_operators.py
[2023-12-03T18:33:58.353+0000] {processor.py:829} INFO - Processing file /home/airflow/.local/lib/python3.8/site-packages/airflow/example_dags/example_dynamic_task_mapping_with_no_taskflow_operators.py for tasks to queue
[2023-12-03T18:33:58.358+0000] {logging_mixin.py:154} INFO - [2023-12-03T18:33:58.357+0000] {dagbag.py:536} INFO - Filling up the DagBag from /home/airflow/.local/lib/python3.8/site-packages/airflow/example_dags/example_dynamic_task_mapping_with_no_taskflow_operators.py
[2023-12-03T18:33:58.368+0000] {processor.py:839} INFO - DAG(s) dict_keys(['example_dynamic_task_mapping_with_no_taskflow_operators']) retrieved from /home/airflow/.local/lib/python3.8/site-packages/airflow/example_dags/example_dynamic_task_mapping_with_no_taskflow_operators.py
[2023-12-03T18:33:58.406+0000] {logging_mixin.py:154} INFO - [2023-12-03T18:33:58.405+0000] {dag.py:2941} INFO - Sync 1 DAGs
[2023-12-03T18:33:58.630+0000] {logging_mixin.py:154} INFO - [2023-12-03T18:33:58.630+0000] {dag.py:3722} INFO - Setting next_dagrun for example_dynamic_task_mapping_with_no_taskflow_operators to 2023-12-02T18:33:58.629846+00:00, run_after=2023-12-03T18:33:58.629846+00:00
[2023-12-03T18:33:58.660+0000] {processor.py:179} INFO - Processing /home/airflow/.local/lib/python3.8/site-packages/airflow/example_dags/example_dynamic_task_mapping_with_no_taskflow_operators.py took 0.314 seconds
[2023-12-03T18:34:29.216+0000] {processor.py:157} INFO - Started process (PID=571) to work on /home/airflow/.local/lib/python3.8/site-packages/airflow/example_dags/example_dynamic_task_mapping_with_no_taskflow_operators.py
[2023-12-03T18:34:29.217+0000] {processor.py:829} INFO - Processing file /home/airflow/.local/lib/python3.8/site-packages/airflow/example_dags/example_dynamic_task_mapping_with_no_taskflow_operators.py for tasks to queue
[2023-12-03T18:34:29.220+0000] {logging_mixin.py:154} INFO - [2023-12-03T18:34:29.220+0000] {dagbag.py:536} INFO - Filling up the DagBag from /home/airflow/.local/lib/python3.8/site-packages/airflow/example_dags/example_dynamic_task_mapping_with_no_taskflow_operators.py
[2023-12-03T18:34:29.230+0000] {processor.py:839} INFO - DAG(s) dict_keys(['example_dynamic_task_mapping_with_no_taskflow_operators']) retrieved from /home/airflow/.local/lib/python3.8/site-packages/airflow/example_dags/example_dynamic_task_mapping_with_no_taskflow_operators.py
[2023-12-03T18:34:29.252+0000] {logging_mixin.py:154} INFO - [2023-12-03T18:34:29.251+0000] {dag.py:2941} INFO - Sync 1 DAGs
[2023-12-03T18:34:29.446+0000] {logging_mixin.py:154} INFO - [2023-12-03T18:34:29.446+0000] {dag.py:3722} INFO - Setting next_dagrun for example_dynamic_task_mapping_with_no_taskflow_operators to 2023-12-02T18:34:29.445917+00:00, run_after=2023-12-03T18:34:29.445917+00:00
[2023-12-03T18:34:29.485+0000] {processor.py:179} INFO - Processing /home/airflow/.local/lib/python3.8/site-packages/airflow/example_dags/example_dynamic_task_mapping_with_no_taskflow_operators.py took 0.280 seconds
[2023-12-03T18:35:00.024+0000] {processor.py:157} INFO - Started process (PID=626) to work on /home/airflow/.local/lib/python3.8/site-packages/airflow/example_dags/example_dynamic_task_mapping_with_no_taskflow_operators.py
[2023-12-03T18:35:00.025+0000] {processor.py:829} INFO - Processing file /home/airflow/.local/lib/python3.8/site-packages/airflow/example_dags/example_dynamic_task_mapping_with_no_taskflow_operators.py for tasks to queue
[2023-12-03T18:35:00.029+0000] {logging_mixin.py:154} INFO - [2023-12-03T18:35:00.028+0000] {dagbag.py:536} INFO - Filling up the DagBag from /home/airflow/.local/lib/python3.8/site-packages/airflow/example_dags/example_dynamic_task_mapping_with_no_taskflow_operators.py
[2023-12-03T18:35:00.038+0000] {processor.py:839} INFO - DAG(s) dict_keys(['example_dynamic_task_mapping_with_no_taskflow_operators']) retrieved from /home/airflow/.local/lib/python3.8/site-packages/airflow/example_dags/example_dynamic_task_mapping_with_no_taskflow_operators.py
[2023-12-03T18:35:00.070+0000] {logging_mixin.py:154} INFO - [2023-12-03T18:35:00.070+0000] {dag.py:2941} INFO - Sync 1 DAGs
[2023-12-03T18:35:00.264+0000] {logging_mixin.py:154} INFO - [2023-12-03T18:35:00.264+0000] {dag.py:3722} INFO - Setting next_dagrun for example_dynamic_task_mapping_with_no_taskflow_operators to 2023-12-02T18:35:00.264398+00:00, run_after=2023-12-03T18:35:00.264398+00:00
[2023-12-03T18:35:00.292+0000] {processor.py:179} INFO - Processing /home/airflow/.local/lib/python3.8/site-packages/airflow/example_dags/example_dynamic_task_mapping_with_no_taskflow_operators.py took 0.273 seconds
[2023-12-03T18:35:30.948+0000] {processor.py:157} INFO - Started process (PID=681) to work on /home/airflow/.local/lib/python3.8/site-packages/airflow/example_dags/example_dynamic_task_mapping_with_no_taskflow_operators.py
[2023-12-03T18:35:30.949+0000] {processor.py:829} INFO - Processing file /home/airflow/.local/lib/python3.8/site-packages/airflow/example_dags/example_dynamic_task_mapping_with_no_taskflow_operators.py for tasks to queue
[2023-12-03T18:35:30.953+0000] {logging_mixin.py:154} INFO - [2023-12-03T18:35:30.952+0000] {dagbag.py:536} INFO - Filling up the DagBag from /home/airflow/.local/lib/python3.8/site-packages/airflow/example_dags/example_dynamic_task_mapping_with_no_taskflow_operators.py
[2023-12-03T18:35:30.961+0000] {processor.py:839} INFO - DAG(s) dict_keys(['example_dynamic_task_mapping_with_no_taskflow_operators']) retrieved from /home/airflow/.local/lib/python3.8/site-packages/airflow/example_dags/example_dynamic_task_mapping_with_no_taskflow_operators.py
[2023-12-03T18:35:30.986+0000] {logging_mixin.py:154} INFO - [2023-12-03T18:35:30.986+0000] {dag.py:2941} INFO - Sync 1 DAGs
[2023-12-03T18:35:31.176+0000] {logging_mixin.py:154} INFO - [2023-12-03T18:35:31.176+0000] {dag.py:3722} INFO - Setting next_dagrun for example_dynamic_task_mapping_with_no_taskflow_operators to 2023-12-02T18:35:31.176237+00:00, run_after=2023-12-03T18:35:31.176237+00:00
[2023-12-03T18:35:31.203+0000] {processor.py:179} INFO - Processing /home/airflow/.local/lib/python3.8/site-packages/airflow/example_dags/example_dynamic_task_mapping_with_no_taskflow_operators.py took 0.260 seconds
[2023-12-03T18:36:01.944+0000] {processor.py:157} INFO - Started process (PID=736) to work on /home/airflow/.local/lib/python3.8/site-packages/airflow/example_dags/example_dynamic_task_mapping_with_no_taskflow_operators.py
[2023-12-03T18:36:01.946+0000] {processor.py:829} INFO - Processing file /home/airflow/.local/lib/python3.8/site-packages/airflow/example_dags/example_dynamic_task_mapping_with_no_taskflow_operators.py for tasks to queue
[2023-12-03T18:36:01.952+0000] {logging_mixin.py:154} INFO - [2023-12-03T18:36:01.951+0000] {dagbag.py:536} INFO - Filling up the DagBag from /home/airflow/.local/lib/python3.8/site-packages/airflow/example_dags/example_dynamic_task_mapping_with_no_taskflow_operators.py
[2023-12-03T18:36:01.965+0000] {processor.py:839} INFO - DAG(s) dict_keys(['example_dynamic_task_mapping_with_no_taskflow_operators']) retrieved from /home/airflow/.local/lib/python3.8/site-packages/airflow/example_dags/example_dynamic_task_mapping_with_no_taskflow_operators.py
[2023-12-03T18:36:02.002+0000] {logging_mixin.py:154} INFO - [2023-12-03T18:36:02.002+0000] {dag.py:2941} INFO - Sync 1 DAGs
[2023-12-03T18:36:02.038+0000] {logging_mixin.py:154} INFO - [2023-12-03T18:36:02.038+0000] {dag.py:3722} INFO - Setting next_dagrun for example_dynamic_task_mapping_with_no_taskflow_operators to 2023-12-02T18:36:02.038319+00:00, run_after=2023-12-03T18:36:02.038319+00:00
[2023-12-03T18:36:02.080+0000] {processor.py:179} INFO - Processing /home/airflow/.local/lib/python3.8/site-packages/airflow/example_dags/example_dynamic_task_mapping_with_no_taskflow_operators.py took 0.141 seconds
[2023-12-03T18:36:32.489+0000] {processor.py:157} INFO - Started process (PID=791) to work on /home/airflow/.local/lib/python3.8/site-packages/airflow/example_dags/example_dynamic_task_mapping_with_no_taskflow_operators.py
[2023-12-03T18:36:32.490+0000] {processor.py:829} INFO - Processing file /home/airflow/.local/lib/python3.8/site-packages/airflow/example_dags/example_dynamic_task_mapping_with_no_taskflow_operators.py for tasks to queue
[2023-12-03T18:36:32.494+0000] {logging_mixin.py:154} INFO - [2023-12-03T18:36:32.493+0000] {dagbag.py:536} INFO - Filling up the DagBag from /home/airflow/.local/lib/python3.8/site-packages/airflow/example_dags/example_dynamic_task_mapping_with_no_taskflow_operators.py
[2023-12-03T18:36:32.505+0000] {processor.py:839} INFO - DAG(s) dict_keys(['example_dynamic_task_mapping_with_no_taskflow_operators']) retrieved from /home/airflow/.local/lib/python3.8/site-packages/airflow/example_dags/example_dynamic_task_mapping_with_no_taskflow_operators.py
[2023-12-03T18:36:32.538+0000] {logging_mixin.py:154} INFO - [2023-12-03T18:36:32.537+0000] {dag.py:2941} INFO - Sync 1 DAGs
[2023-12-03T18:36:32.571+0000] {logging_mixin.py:154} INFO - [2023-12-03T18:36:32.571+0000] {dag.py:3722} INFO - Setting next_dagrun for example_dynamic_task_mapping_with_no_taskflow_operators to 2023-12-02T18:36:32.571013+00:00, run_after=2023-12-03T18:36:32.571013+00:00
[2023-12-03T18:36:32.597+0000] {processor.py:179} INFO - Processing /home/airflow/.local/lib/python3.8/site-packages/airflow/example_dags/example_dynamic_task_mapping_with_no_taskflow_operators.py took 0.113 seconds
[2023-12-03T18:37:03.396+0000] {processor.py:157} INFO - Started process (PID=846) to work on /home/airflow/.local/lib/python3.8/site-packages/airflow/example_dags/example_dynamic_task_mapping_with_no_taskflow_operators.py
[2023-12-03T18:37:03.397+0000] {processor.py:829} INFO - Processing file /home/airflow/.local/lib/python3.8/site-packages/airflow/example_dags/example_dynamic_task_mapping_with_no_taskflow_operators.py for tasks to queue
[2023-12-03T18:37:03.402+0000] {logging_mixin.py:154} INFO - [2023-12-03T18:37:03.401+0000] {dagbag.py:536} INFO - Filling up the DagBag from /home/airflow/.local/lib/python3.8/site-packages/airflow/example_dags/example_dynamic_task_mapping_with_no_taskflow_operators.py
[2023-12-03T18:37:03.413+0000] {processor.py:839} INFO - DAG(s) dict_keys(['example_dynamic_task_mapping_with_no_taskflow_operators']) retrieved from /home/airflow/.local/lib/python3.8/site-packages/airflow/example_dags/example_dynamic_task_mapping_with_no_taskflow_operators.py
[2023-12-03T18:37:03.447+0000] {logging_mixin.py:154} INFO - [2023-12-03T18:37:03.446+0000] {dag.py:2941} INFO - Sync 1 DAGs
[2023-12-03T18:37:03.485+0000] {logging_mixin.py:154} INFO - [2023-12-03T18:37:03.485+0000] {dag.py:3722} INFO - Setting next_dagrun for example_dynamic_task_mapping_with_no_taskflow_operators to 2023-12-02T18:37:03.484544+00:00, run_after=2023-12-03T18:37:03.484544+00:00
[2023-12-03T18:37:03.529+0000] {processor.py:179} INFO - Processing /home/airflow/.local/lib/python3.8/site-packages/airflow/example_dags/example_dynamic_task_mapping_with_no_taskflow_operators.py took 0.138 seconds
[2023-12-03T18:37:33.650+0000] {processor.py:157} INFO - Started process (PID=901) to work on /home/airflow/.local/lib/python3.8/site-packages/airflow/example_dags/example_dynamic_task_mapping_with_no_taskflow_operators.py
[2023-12-03T18:37:33.652+0000] {processor.py:829} INFO - Processing file /home/airflow/.local/lib/python3.8/site-packages/airflow/example_dags/example_dynamic_task_mapping_with_no_taskflow_operators.py for tasks to queue
[2023-12-03T18:37:33.659+0000] {logging_mixin.py:154} INFO - [2023-12-03T18:37:33.658+0000] {dagbag.py:536} INFO - Filling up the DagBag from /home/airflow/.local/lib/python3.8/site-packages/airflow/example_dags/example_dynamic_task_mapping_with_no_taskflow_operators.py
[2023-12-03T18:37:33.678+0000] {processor.py:839} INFO - DAG(s) dict_keys(['example_dynamic_task_mapping_with_no_taskflow_operators']) retrieved from /home/airflow/.local/lib/python3.8/site-packages/airflow/example_dags/example_dynamic_task_mapping_with_no_taskflow_operators.py
[2023-12-03T18:37:33.735+0000] {logging_mixin.py:154} INFO - [2023-12-03T18:37:33.735+0000] {dag.py:2941} INFO - Sync 1 DAGs
[2023-12-03T18:37:33.774+0000] {logging_mixin.py:154} INFO - [2023-12-03T18:37:33.774+0000] {dag.py:3722} INFO - Setting next_dagrun for example_dynamic_task_mapping_with_no_taskflow_operators to 2023-12-02T18:37:33.773737+00:00, run_after=2023-12-03T18:37:33.773737+00:00
[2023-12-03T18:37:33.807+0000] {processor.py:179} INFO - Processing /home/airflow/.local/lib/python3.8/site-packages/airflow/example_dags/example_dynamic_task_mapping_with_no_taskflow_operators.py took 0.169 seconds
[2023-12-03T18:38:04.223+0000] {processor.py:157} INFO - Started process (PID=956) to work on /home/airflow/.local/lib/python3.8/site-packages/airflow/example_dags/example_dynamic_task_mapping_with_no_taskflow_operators.py
[2023-12-03T18:38:04.225+0000] {processor.py:829} INFO - Processing file /home/airflow/.local/lib/python3.8/site-packages/airflow/example_dags/example_dynamic_task_mapping_with_no_taskflow_operators.py for tasks to queue
[2023-12-03T18:38:04.229+0000] {logging_mixin.py:154} INFO - [2023-12-03T18:38:04.228+0000] {dagbag.py:536} INFO - Filling up the DagBag from /home/airflow/.local/lib/python3.8/site-packages/airflow/example_dags/example_dynamic_task_mapping_with_no_taskflow_operators.py
[2023-12-03T18:38:04.240+0000] {processor.py:839} INFO - DAG(s) dict_keys(['example_dynamic_task_mapping_with_no_taskflow_operators']) retrieved from /home/airflow/.local/lib/python3.8/site-packages/airflow/example_dags/example_dynamic_task_mapping_with_no_taskflow_operators.py
[2023-12-03T18:38:04.270+0000] {logging_mixin.py:154} INFO - [2023-12-03T18:38:04.270+0000] {dag.py:2941} INFO - Sync 1 DAGs
[2023-12-03T18:38:04.310+0000] {logging_mixin.py:154} INFO - [2023-12-03T18:38:04.309+0000] {dag.py:3722} INFO - Setting next_dagrun for example_dynamic_task_mapping_with_no_taskflow_operators to 2023-12-02T18:38:04.309173+00:00, run_after=2023-12-03T18:38:04.309173+00:00
[2023-12-03T18:38:04.344+0000] {processor.py:179} INFO - Processing /home/airflow/.local/lib/python3.8/site-packages/airflow/example_dags/example_dynamic_task_mapping_with_no_taskflow_operators.py took 0.126 seconds
[2023-12-03T18:38:34.654+0000] {processor.py:157} INFO - Started process (PID=1011) to work on /home/airflow/.local/lib/python3.8/site-packages/airflow/example_dags/example_dynamic_task_mapping_with_no_taskflow_operators.py
[2023-12-03T18:38:34.655+0000] {processor.py:829} INFO - Processing file /home/airflow/.local/lib/python3.8/site-packages/airflow/example_dags/example_dynamic_task_mapping_with_no_taskflow_operators.py for tasks to queue
[2023-12-03T18:38:34.658+0000] {logging_mixin.py:154} INFO - [2023-12-03T18:38:34.658+0000] {dagbag.py:536} INFO - Filling up the DagBag from /home/airflow/.local/lib/python3.8/site-packages/airflow/example_dags/example_dynamic_task_mapping_with_no_taskflow_operators.py
[2023-12-03T18:38:34.667+0000] {processor.py:839} INFO - DAG(s) dict_keys(['example_dynamic_task_mapping_with_no_taskflow_operators']) retrieved from /home/airflow/.local/lib/python3.8/site-packages/airflow/example_dags/example_dynamic_task_mapping_with_no_taskflow_operators.py
[2023-12-03T18:38:34.695+0000] {logging_mixin.py:154} INFO - [2023-12-03T18:38:34.695+0000] {dag.py:2941} INFO - Sync 1 DAGs
[2023-12-03T18:38:34.726+0000] {logging_mixin.py:154} INFO - [2023-12-03T18:38:34.726+0000] {dag.py:3722} INFO - Setting next_dagrun for example_dynamic_task_mapping_with_no_taskflow_operators to 2023-12-02T18:38:34.726014+00:00, run_after=2023-12-03T18:38:34.726014+00:00
[2023-12-03T18:38:34.763+0000] {processor.py:179} INFO - Processing /home/airflow/.local/lib/python3.8/site-packages/airflow/example_dags/example_dynamic_task_mapping_with_no_taskflow_operators.py took 0.114 seconds
[2023-12-03T18:39:05.517+0000] {processor.py:157} INFO - Started process (PID=1066) to work on /home/airflow/.local/lib/python3.8/site-packages/airflow/example_dags/example_dynamic_task_mapping_with_no_taskflow_operators.py
[2023-12-03T18:39:05.518+0000] {processor.py:829} INFO - Processing file /home/airflow/.local/lib/python3.8/site-packages/airflow/example_dags/example_dynamic_task_mapping_with_no_taskflow_operators.py for tasks to queue
[2023-12-03T18:39:05.522+0000] {logging_mixin.py:154} INFO - [2023-12-03T18:39:05.522+0000] {dagbag.py:536} INFO - Filling up the DagBag from /home/airflow/.local/lib/python3.8/site-packages/airflow/example_dags/example_dynamic_task_mapping_with_no_taskflow_operators.py
[2023-12-03T18:39:05.533+0000] {processor.py:839} INFO - DAG(s) dict_keys(['example_dynamic_task_mapping_with_no_taskflow_operators']) retrieved from /home/airflow/.local/lib/python3.8/site-packages/airflow/example_dags/example_dynamic_task_mapping_with_no_taskflow_operators.py
[2023-12-03T18:39:05.562+0000] {logging_mixin.py:154} INFO - [2023-12-03T18:39:05.562+0000] {dag.py:2941} INFO - Sync 1 DAGs
[2023-12-03T18:39:05.600+0000] {logging_mixin.py:154} INFO - [2023-12-03T18:39:05.600+0000] {dag.py:3722} INFO - Setting next_dagrun for example_dynamic_task_mapping_with_no_taskflow_operators to 2023-12-02T18:39:05.599924+00:00, run_after=2023-12-03T18:39:05.599924+00:00
[2023-12-03T18:39:05.626+0000] {processor.py:179} INFO - Processing /home/airflow/.local/lib/python3.8/site-packages/airflow/example_dags/example_dynamic_task_mapping_with_no_taskflow_operators.py took 0.113 seconds
[2023-12-03T18:39:35.820+0000] {processor.py:157} INFO - Started process (PID=1121) to work on /home/airflow/.local/lib/python3.8/site-packages/airflow/example_dags/example_dynamic_task_mapping_with_no_taskflow_operators.py
[2023-12-03T18:39:35.821+0000] {processor.py:829} INFO - Processing file /home/airflow/.local/lib/python3.8/site-packages/airflow/example_dags/example_dynamic_task_mapping_with_no_taskflow_operators.py for tasks to queue
[2023-12-03T18:39:35.824+0000] {logging_mixin.py:154} INFO - [2023-12-03T18:39:35.824+0000] {dagbag.py:536} INFO - Filling up the DagBag from /home/airflow/.local/lib/python3.8/site-packages/airflow/example_dags/example_dynamic_task_mapping_with_no_taskflow_operators.py
[2023-12-03T18:39:35.834+0000] {processor.py:839} INFO - DAG(s) dict_keys(['example_dynamic_task_mapping_with_no_taskflow_operators']) retrieved from /home/airflow/.local/lib/python3.8/site-packages/airflow/example_dags/example_dynamic_task_mapping_with_no_taskflow_operators.py
[2023-12-03T18:39:35.860+0000] {logging_mixin.py:154} INFO - [2023-12-03T18:39:35.860+0000] {dag.py:2941} INFO - Sync 1 DAGs
[2023-12-03T18:39:35.887+0000] {logging_mixin.py:154} INFO - [2023-12-03T18:39:35.887+0000] {dag.py:3722} INFO - Setting next_dagrun for example_dynamic_task_mapping_with_no_taskflow_operators to 2023-12-02T18:39:35.886858+00:00, run_after=2023-12-03T18:39:35.886858+00:00
[2023-12-03T18:39:35.911+0000] {processor.py:179} INFO - Processing /home/airflow/.local/lib/python3.8/site-packages/airflow/example_dags/example_dynamic_task_mapping_with_no_taskflow_operators.py took 0.096 seconds
[2023-12-03T18:40:06.227+0000] {processor.py:157} INFO - Started process (PID=1176) to work on /home/airflow/.local/lib/python3.8/site-packages/airflow/example_dags/example_dynamic_task_mapping_with_no_taskflow_operators.py
[2023-12-03T18:40:06.228+0000] {processor.py:829} INFO - Processing file /home/airflow/.local/lib/python3.8/site-packages/airflow/example_dags/example_dynamic_task_mapping_with_no_taskflow_operators.py for tasks to queue
[2023-12-03T18:40:06.233+0000] {logging_mixin.py:154} INFO - [2023-12-03T18:40:06.232+0000] {dagbag.py:536} INFO - Filling up the DagBag from /home/airflow/.local/lib/python3.8/site-packages/airflow/example_dags/example_dynamic_task_mapping_with_no_taskflow_operators.py
[2023-12-03T18:40:06.244+0000] {processor.py:839} INFO - DAG(s) dict_keys(['example_dynamic_task_mapping_with_no_taskflow_operators']) retrieved from /home/airflow/.local/lib/python3.8/site-packages/airflow/example_dags/example_dynamic_task_mapping_with_no_taskflow_operators.py
[2023-12-03T18:40:06.273+0000] {logging_mixin.py:154} INFO - [2023-12-03T18:40:06.273+0000] {dag.py:2941} INFO - Sync 1 DAGs
[2023-12-03T18:40:06.308+0000] {logging_mixin.py:154} INFO - [2023-12-03T18:40:06.308+0000] {dag.py:3722} INFO - Setting next_dagrun for example_dynamic_task_mapping_with_no_taskflow_operators to 2023-12-02T18:40:06.307743+00:00, run_after=2023-12-03T18:40:06.307743+00:00
[2023-12-03T18:40:06.344+0000] {processor.py:179} INFO - Processing /home/airflow/.local/lib/python3.8/site-packages/airflow/example_dags/example_dynamic_task_mapping_with_no_taskflow_operators.py took 0.122 seconds
[2023-12-03T18:41:32.656+0000] {processor.py:157} INFO - Started process (PID=61) to work on /home/airflow/.local/lib/python3.8/site-packages/airflow/example_dags/example_dynamic_task_mapping_with_no_taskflow_operators.py
[2023-12-03T18:41:32.658+0000] {processor.py:829} INFO - Processing file /home/airflow/.local/lib/python3.8/site-packages/airflow/example_dags/example_dynamic_task_mapping_with_no_taskflow_operators.py for tasks to queue
[2023-12-03T18:41:32.663+0000] {logging_mixin.py:154} INFO - [2023-12-03T18:41:32.662+0000] {dagbag.py:536} INFO - Filling up the DagBag from /home/airflow/.local/lib/python3.8/site-packages/airflow/example_dags/example_dynamic_task_mapping_with_no_taskflow_operators.py
[2023-12-03T18:41:32.683+0000] {processor.py:839} INFO - DAG(s) dict_keys(['example_dynamic_task_mapping_with_no_taskflow_operators']) retrieved from /home/airflow/.local/lib/python3.8/site-packages/airflow/example_dags/example_dynamic_task_mapping_with_no_taskflow_operators.py
[2023-12-03T18:41:32.712+0000] {logging_mixin.py:154} INFO - [2023-12-03T18:41:32.712+0000] {dag.py:2941} INFO - Sync 1 DAGs
[2023-12-03T18:41:32.755+0000] {logging_mixin.py:154} INFO - [2023-12-03T18:41:32.755+0000] {dag.py:3722} INFO - Setting next_dagrun for example_dynamic_task_mapping_with_no_taskflow_operators to 2023-12-02T18:41:32.754970+00:00, run_after=2023-12-03T18:41:32.754970+00:00
[2023-12-03T18:41:33.020+0000] {processor.py:179} INFO - Processing /home/airflow/.local/lib/python3.8/site-packages/airflow/example_dags/example_dynamic_task_mapping_with_no_taskflow_operators.py took 0.376 seconds
[2023-12-03T18:41:57.630+0000] {processor.py:157} INFO - Started process (PID=60) to work on /home/airflow/.local/lib/python3.8/site-packages/airflow/example_dags/example_dynamic_task_mapping_with_no_taskflow_operators.py
[2023-12-03T18:41:57.632+0000] {processor.py:829} INFO - Processing file /home/airflow/.local/lib/python3.8/site-packages/airflow/example_dags/example_dynamic_task_mapping_with_no_taskflow_operators.py for tasks to queue
[2023-12-03T18:41:57.636+0000] {logging_mixin.py:154} INFO - [2023-12-03T18:41:57.635+0000] {dagbag.py:536} INFO - Filling up the DagBag from /home/airflow/.local/lib/python3.8/site-packages/airflow/example_dags/example_dynamic_task_mapping_with_no_taskflow_operators.py
[2023-12-03T18:41:57.648+0000] {processor.py:839} INFO - DAG(s) dict_keys(['example_dynamic_task_mapping_with_no_taskflow_operators']) retrieved from /home/airflow/.local/lib/python3.8/site-packages/airflow/example_dags/example_dynamic_task_mapping_with_no_taskflow_operators.py
[2023-12-03T18:41:57.684+0000] {logging_mixin.py:154} INFO - [2023-12-03T18:41:57.684+0000] {dag.py:2941} INFO - Sync 1 DAGs
[2023-12-03T18:41:57.724+0000] {logging_mixin.py:154} INFO - [2023-12-03T18:41:57.723+0000] {dag.py:3722} INFO - Setting next_dagrun for example_dynamic_task_mapping_with_no_taskflow_operators to 2023-12-02T18:41:57.723488+00:00, run_after=2023-12-03T18:41:57.723488+00:00
[2023-12-03T18:41:57.762+0000] {processor.py:179} INFO - Processing /home/airflow/.local/lib/python3.8/site-packages/airflow/example_dags/example_dynamic_task_mapping_with_no_taskflow_operators.py took 0.138 seconds
[2023-12-03T18:42:28.163+0000] {processor.py:157} INFO - Started process (PID=115) to work on /home/airflow/.local/lib/python3.8/site-packages/airflow/example_dags/example_dynamic_task_mapping_with_no_taskflow_operators.py
[2023-12-03T18:42:28.165+0000] {processor.py:829} INFO - Processing file /home/airflow/.local/lib/python3.8/site-packages/airflow/example_dags/example_dynamic_task_mapping_with_no_taskflow_operators.py for tasks to queue
[2023-12-03T18:42:28.169+0000] {logging_mixin.py:154} INFO - [2023-12-03T18:42:28.168+0000] {dagbag.py:536} INFO - Filling up the DagBag from /home/airflow/.local/lib/python3.8/site-packages/airflow/example_dags/example_dynamic_task_mapping_with_no_taskflow_operators.py
[2023-12-03T18:42:28.180+0000] {processor.py:839} INFO - DAG(s) dict_keys(['example_dynamic_task_mapping_with_no_taskflow_operators']) retrieved from /home/airflow/.local/lib/python3.8/site-packages/airflow/example_dags/example_dynamic_task_mapping_with_no_taskflow_operators.py
[2023-12-03T18:42:28.222+0000] {logging_mixin.py:154} INFO - [2023-12-03T18:42:28.222+0000] {dag.py:2941} INFO - Sync 1 DAGs
[2023-12-03T18:42:28.270+0000] {logging_mixin.py:154} INFO - [2023-12-03T18:42:28.270+0000] {dag.py:3722} INFO - Setting next_dagrun for example_dynamic_task_mapping_with_no_taskflow_operators to 2023-12-02T18:42:28.269634+00:00, run_after=2023-12-03T18:42:28.269634+00:00
[2023-12-03T18:42:28.313+0000] {processor.py:179} INFO - Processing /home/airflow/.local/lib/python3.8/site-packages/airflow/example_dags/example_dynamic_task_mapping_with_no_taskflow_operators.py took 0.156 seconds
[2023-12-03T18:42:59.406+0000] {processor.py:157} INFO - Started process (PID=171) to work on /home/airflow/.local/lib/python3.8/site-packages/airflow/example_dags/example_dynamic_task_mapping_with_no_taskflow_operators.py
[2023-12-03T18:42:59.407+0000] {processor.py:829} INFO - Processing file /home/airflow/.local/lib/python3.8/site-packages/airflow/example_dags/example_dynamic_task_mapping_with_no_taskflow_operators.py for tasks to queue
[2023-12-03T18:42:59.411+0000] {logging_mixin.py:154} INFO - [2023-12-03T18:42:59.410+0000] {dagbag.py:536} INFO - Filling up the DagBag from /home/airflow/.local/lib/python3.8/site-packages/airflow/example_dags/example_dynamic_task_mapping_with_no_taskflow_operators.py
[2023-12-03T18:42:59.424+0000] {processor.py:839} INFO - DAG(s) dict_keys(['example_dynamic_task_mapping_with_no_taskflow_operators']) retrieved from /home/airflow/.local/lib/python3.8/site-packages/airflow/example_dags/example_dynamic_task_mapping_with_no_taskflow_operators.py
[2023-12-03T18:42:59.458+0000] {logging_mixin.py:154} INFO - [2023-12-03T18:42:59.458+0000] {dag.py:2941} INFO - Sync 1 DAGs
[2023-12-03T18:42:59.501+0000] {logging_mixin.py:154} INFO - [2023-12-03T18:42:59.500+0000] {dag.py:3722} INFO - Setting next_dagrun for example_dynamic_task_mapping_with_no_taskflow_operators to 2023-12-02T18:42:59.500485+00:00, run_after=2023-12-03T18:42:59.500485+00:00
[2023-12-03T18:42:59.536+0000] {processor.py:179} INFO - Processing /home/airflow/.local/lib/python3.8/site-packages/airflow/example_dags/example_dynamic_task_mapping_with_no_taskflow_operators.py took 0.136 seconds
[2023-12-03T18:43:30.164+0000] {processor.py:157} INFO - Started process (PID=226) to work on /home/airflow/.local/lib/python3.8/site-packages/airflow/example_dags/example_dynamic_task_mapping_with_no_taskflow_operators.py
[2023-12-03T18:43:30.165+0000] {processor.py:829} INFO - Processing file /home/airflow/.local/lib/python3.8/site-packages/airflow/example_dags/example_dynamic_task_mapping_with_no_taskflow_operators.py for tasks to queue
[2023-12-03T18:43:30.169+0000] {logging_mixin.py:154} INFO - [2023-12-03T18:43:30.169+0000] {dagbag.py:536} INFO - Filling up the DagBag from /home/airflow/.local/lib/python3.8/site-packages/airflow/example_dags/example_dynamic_task_mapping_with_no_taskflow_operators.py
[2023-12-03T18:43:30.179+0000] {processor.py:839} INFO - DAG(s) dict_keys(['example_dynamic_task_mapping_with_no_taskflow_operators']) retrieved from /home/airflow/.local/lib/python3.8/site-packages/airflow/example_dags/example_dynamic_task_mapping_with_no_taskflow_operators.py
[2023-12-03T18:43:30.209+0000] {logging_mixin.py:154} INFO - [2023-12-03T18:43:30.209+0000] {dag.py:2941} INFO - Sync 1 DAGs
[2023-12-03T18:43:30.249+0000] {logging_mixin.py:154} INFO - [2023-12-03T18:43:30.249+0000] {dag.py:3722} INFO - Setting next_dagrun for example_dynamic_task_mapping_with_no_taskflow_operators to 2023-12-02T18:43:30.249138+00:00, run_after=2023-12-03T18:43:30.249138+00:00
[2023-12-03T18:43:30.284+0000] {processor.py:179} INFO - Processing /home/airflow/.local/lib/python3.8/site-packages/airflow/example_dags/example_dynamic_task_mapping_with_no_taskflow_operators.py took 0.124 seconds
[2023-12-03T18:44:00.986+0000] {processor.py:157} INFO - Started process (PID=281) to work on /home/airflow/.local/lib/python3.8/site-packages/airflow/example_dags/example_dynamic_task_mapping_with_no_taskflow_operators.py
[2023-12-03T18:44:00.988+0000] {processor.py:829} INFO - Processing file /home/airflow/.local/lib/python3.8/site-packages/airflow/example_dags/example_dynamic_task_mapping_with_no_taskflow_operators.py for tasks to queue
[2023-12-03T18:44:00.992+0000] {logging_mixin.py:154} INFO - [2023-12-03T18:44:00.991+0000] {dagbag.py:536} INFO - Filling up the DagBag from /home/airflow/.local/lib/python3.8/site-packages/airflow/example_dags/example_dynamic_task_mapping_with_no_taskflow_operators.py
[2023-12-03T18:44:01.003+0000] {processor.py:839} INFO - DAG(s) dict_keys(['example_dynamic_task_mapping_with_no_taskflow_operators']) retrieved from /home/airflow/.local/lib/python3.8/site-packages/airflow/example_dags/example_dynamic_task_mapping_with_no_taskflow_operators.py
[2023-12-03T18:44:01.036+0000] {logging_mixin.py:154} INFO - [2023-12-03T18:44:01.035+0000] {dag.py:2941} INFO - Sync 1 DAGs
[2023-12-03T18:44:01.073+0000] {logging_mixin.py:154} INFO - [2023-12-03T18:44:01.072+0000] {dag.py:3722} INFO - Setting next_dagrun for example_dynamic_task_mapping_with_no_taskflow_operators to 2023-12-02T18:44:01.072171+00:00, run_after=2023-12-03T18:44:01.072171+00:00
[2023-12-03T18:44:01.113+0000] {processor.py:179} INFO - Processing /home/airflow/.local/lib/python3.8/site-packages/airflow/example_dags/example_dynamic_task_mapping_with_no_taskflow_operators.py took 0.133 seconds
[2023-12-03T18:44:31.583+0000] {processor.py:157} INFO - Started process (PID=336) to work on /home/airflow/.local/lib/python3.8/site-packages/airflow/example_dags/example_dynamic_task_mapping_with_no_taskflow_operators.py
[2023-12-03T18:44:31.584+0000] {processor.py:829} INFO - Processing file /home/airflow/.local/lib/python3.8/site-packages/airflow/example_dags/example_dynamic_task_mapping_with_no_taskflow_operators.py for tasks to queue
[2023-12-03T18:44:31.588+0000] {logging_mixin.py:154} INFO - [2023-12-03T18:44:31.587+0000] {dagbag.py:536} INFO - Filling up the DagBag from /home/airflow/.local/lib/python3.8/site-packages/airflow/example_dags/example_dynamic_task_mapping_with_no_taskflow_operators.py
[2023-12-03T18:44:31.597+0000] {processor.py:839} INFO - DAG(s) dict_keys(['example_dynamic_task_mapping_with_no_taskflow_operators']) retrieved from /home/airflow/.local/lib/python3.8/site-packages/airflow/example_dags/example_dynamic_task_mapping_with_no_taskflow_operators.py
[2023-12-03T18:44:31.627+0000] {logging_mixin.py:154} INFO - [2023-12-03T18:44:31.627+0000] {dag.py:2941} INFO - Sync 1 DAGs
[2023-12-03T18:44:31.664+0000] {logging_mixin.py:154} INFO - [2023-12-03T18:44:31.664+0000] {dag.py:3722} INFO - Setting next_dagrun for example_dynamic_task_mapping_with_no_taskflow_operators to 2023-12-02T18:44:31.664194+00:00, run_after=2023-12-03T18:44:31.664194+00:00
[2023-12-03T18:44:31.698+0000] {processor.py:179} INFO - Processing /home/airflow/.local/lib/python3.8/site-packages/airflow/example_dags/example_dynamic_task_mapping_with_no_taskflow_operators.py took 0.119 seconds
[2023-12-03T18:48:29.062+0000] {processor.py:157} INFO - Started process (PID=64) to work on /home/airflow/.local/lib/python3.8/site-packages/airflow/example_dags/example_dynamic_task_mapping_with_no_taskflow_operators.py
[2023-12-03T18:48:29.063+0000] {processor.py:829} INFO - Processing file /home/airflow/.local/lib/python3.8/site-packages/airflow/example_dags/example_dynamic_task_mapping_with_no_taskflow_operators.py for tasks to queue
[2023-12-03T18:48:29.067+0000] {logging_mixin.py:154} INFO - [2023-12-03T18:48:29.066+0000] {dagbag.py:536} INFO - Filling up the DagBag from /home/airflow/.local/lib/python3.8/site-packages/airflow/example_dags/example_dynamic_task_mapping_with_no_taskflow_operators.py
[2023-12-03T18:48:29.077+0000] {processor.py:839} INFO - DAG(s) dict_keys(['example_dynamic_task_mapping_with_no_taskflow_operators']) retrieved from /home/airflow/.local/lib/python3.8/site-packages/airflow/example_dags/example_dynamic_task_mapping_with_no_taskflow_operators.py
[2023-12-03T18:48:29.097+0000] {logging_mixin.py:154} INFO - [2023-12-03T18:48:29.097+0000] {dag.py:2941} INFO - Sync 1 DAGs
[2023-12-03T18:48:29.132+0000] {logging_mixin.py:154} INFO - [2023-12-03T18:48:29.132+0000] {dag.py:3722} INFO - Setting next_dagrun for example_dynamic_task_mapping_with_no_taskflow_operators to 2023-12-02T18:48:29.131987+00:00, run_after=2023-12-03T18:48:29.131987+00:00
[2023-12-03T18:48:29.172+0000] {processor.py:179} INFO - Processing /home/airflow/.local/lib/python3.8/site-packages/airflow/example_dags/example_dynamic_task_mapping_with_no_taskflow_operators.py took 0.116 seconds
[2023-12-03T18:49:00.013+0000] {processor.py:157} INFO - Started process (PID=119) to work on /home/airflow/.local/lib/python3.8/site-packages/airflow/example_dags/example_dynamic_task_mapping_with_no_taskflow_operators.py
[2023-12-03T18:49:00.014+0000] {processor.py:829} INFO - Processing file /home/airflow/.local/lib/python3.8/site-packages/airflow/example_dags/example_dynamic_task_mapping_with_no_taskflow_operators.py for tasks to queue
[2023-12-03T18:49:00.019+0000] {logging_mixin.py:154} INFO - [2023-12-03T18:49:00.018+0000] {dagbag.py:536} INFO - Filling up the DagBag from /home/airflow/.local/lib/python3.8/site-packages/airflow/example_dags/example_dynamic_task_mapping_with_no_taskflow_operators.py
[2023-12-03T18:49:00.029+0000] {processor.py:839} INFO - DAG(s) dict_keys(['example_dynamic_task_mapping_with_no_taskflow_operators']) retrieved from /home/airflow/.local/lib/python3.8/site-packages/airflow/example_dags/example_dynamic_task_mapping_with_no_taskflow_operators.py
[2023-12-03T18:49:00.060+0000] {logging_mixin.py:154} INFO - [2023-12-03T18:49:00.060+0000] {dag.py:2941} INFO - Sync 1 DAGs
[2023-12-03T18:49:00.098+0000] {logging_mixin.py:154} INFO - [2023-12-03T18:49:00.098+0000] {dag.py:3722} INFO - Setting next_dagrun for example_dynamic_task_mapping_with_no_taskflow_operators to 2023-12-02T18:49:00.098037+00:00, run_after=2023-12-03T18:49:00.098037+00:00
[2023-12-03T18:49:00.141+0000] {processor.py:179} INFO - Processing /home/airflow/.local/lib/python3.8/site-packages/airflow/example_dags/example_dynamic_task_mapping_with_no_taskflow_operators.py took 0.133 seconds
[2023-12-03T18:49:30.401+0000] {processor.py:157} INFO - Started process (PID=174) to work on /home/airflow/.local/lib/python3.8/site-packages/airflow/example_dags/example_dynamic_task_mapping_with_no_taskflow_operators.py
[2023-12-03T18:49:30.402+0000] {processor.py:829} INFO - Processing file /home/airflow/.local/lib/python3.8/site-packages/airflow/example_dags/example_dynamic_task_mapping_with_no_taskflow_operators.py for tasks to queue
[2023-12-03T18:49:30.406+0000] {logging_mixin.py:154} INFO - [2023-12-03T18:49:30.406+0000] {dagbag.py:536} INFO - Filling up the DagBag from /home/airflow/.local/lib/python3.8/site-packages/airflow/example_dags/example_dynamic_task_mapping_with_no_taskflow_operators.py
[2023-12-03T18:49:30.429+0000] {processor.py:839} INFO - DAG(s) dict_keys(['example_dynamic_task_mapping_with_no_taskflow_operators']) retrieved from /home/airflow/.local/lib/python3.8/site-packages/airflow/example_dags/example_dynamic_task_mapping_with_no_taskflow_operators.py
[2023-12-03T18:49:30.466+0000] {logging_mixin.py:154} INFO - [2023-12-03T18:49:30.465+0000] {dag.py:2941} INFO - Sync 1 DAGs
[2023-12-03T18:49:30.499+0000] {logging_mixin.py:154} INFO - [2023-12-03T18:49:30.498+0000] {dag.py:3722} INFO - Setting next_dagrun for example_dynamic_task_mapping_with_no_taskflow_operators to 2023-12-02T18:49:30.498468+00:00, run_after=2023-12-03T18:49:30.498468+00:00
[2023-12-03T18:49:30.537+0000] {processor.py:179} INFO - Processing /home/airflow/.local/lib/python3.8/site-packages/airflow/example_dags/example_dynamic_task_mapping_with_no_taskflow_operators.py took 0.141 seconds
