[2023-12-03T18:18:49.674+0000] {processor.py:157} INFO - Started process (PID=73) to work on /home/airflow/.local/lib/python3.8/site-packages/airflow/example_dags/example_task_group.py
[2023-12-03T18:18:49.676+0000] {processor.py:829} INFO - Processing file /home/airflow/.local/lib/python3.8/site-packages/airflow/example_dags/example_task_group.py for tasks to queue
[2023-12-03T18:18:49.681+0000] {logging_mixin.py:154} INFO - [2023-12-03T18:18:49.680+0000] {dagbag.py:536} INFO - Filling up the DagBag from /home/airflow/.local/lib/python3.8/site-packages/airflow/example_dags/example_task_group.py
[2023-12-03T18:18:49.696+0000] {processor.py:839} INFO - DAG(s) dict_keys(['example_task_group']) retrieved from /home/airflow/.local/lib/python3.8/site-packages/airflow/example_dags/example_task_group.py
[2023-12-03T18:18:49.737+0000] {logging_mixin.py:154} INFO - [2023-12-03T18:18:49.737+0000] {dag.py:2941} INFO - Sync 1 DAGs
[2023-12-03T18:18:49.788+0000] {logging_mixin.py:154} INFO - [2023-12-03T18:18:49.788+0000] {dag.py:3722} INFO - Setting next_dagrun for example_task_group to 2023-12-02T18:18:49.787903+00:00, run_after=2023-12-03T18:18:49.787903+00:00
[2023-12-03T18:18:49.836+0000] {processor.py:179} INFO - Processing /home/airflow/.local/lib/python3.8/site-packages/airflow/example_dags/example_task_group.py took 0.168 seconds
[2023-12-03T18:19:20.769+0000] {processor.py:157} INFO - Started process (PID=127) to work on /home/airflow/.local/lib/python3.8/site-packages/airflow/example_dags/example_task_group.py
[2023-12-03T18:19:20.771+0000] {processor.py:829} INFO - Processing file /home/airflow/.local/lib/python3.8/site-packages/airflow/example_dags/example_task_group.py for tasks to queue
[2023-12-03T18:19:20.777+0000] {logging_mixin.py:154} INFO - [2023-12-03T18:19:20.776+0000] {dagbag.py:536} INFO - Filling up the DagBag from /home/airflow/.local/lib/python3.8/site-packages/airflow/example_dags/example_task_group.py
[2023-12-03T18:19:20.791+0000] {processor.py:839} INFO - DAG(s) dict_keys(['example_task_group']) retrieved from /home/airflow/.local/lib/python3.8/site-packages/airflow/example_dags/example_task_group.py
[2023-12-03T18:19:20.834+0000] {logging_mixin.py:154} INFO - [2023-12-03T18:19:20.833+0000] {dag.py:2941} INFO - Sync 1 DAGs
[2023-12-03T18:19:20.874+0000] {logging_mixin.py:154} INFO - [2023-12-03T18:19:20.874+0000] {dag.py:3722} INFO - Setting next_dagrun for example_task_group to 2023-12-02T18:19:20.873781+00:00, run_after=2023-12-03T18:19:20.873781+00:00
[2023-12-03T18:19:20.921+0000] {processor.py:179} INFO - Processing /home/airflow/.local/lib/python3.8/site-packages/airflow/example_dags/example_task_group.py took 0.163 seconds
[2023-12-03T18:19:51.962+0000] {processor.py:157} INFO - Started process (PID=188) to work on /home/airflow/.local/lib/python3.8/site-packages/airflow/example_dags/example_task_group.py
[2023-12-03T18:19:51.963+0000] {processor.py:829} INFO - Processing file /home/airflow/.local/lib/python3.8/site-packages/airflow/example_dags/example_task_group.py for tasks to queue
[2023-12-03T18:19:51.968+0000] {logging_mixin.py:154} INFO - [2023-12-03T18:19:51.968+0000] {dagbag.py:536} INFO - Filling up the DagBag from /home/airflow/.local/lib/python3.8/site-packages/airflow/example_dags/example_task_group.py
[2023-12-03T18:19:51.990+0000] {processor.py:839} INFO - DAG(s) dict_keys(['example_task_group']) retrieved from /home/airflow/.local/lib/python3.8/site-packages/airflow/example_dags/example_task_group.py
[2023-12-03T18:19:52.020+0000] {logging_mixin.py:154} INFO - [2023-12-03T18:19:52.020+0000] {dag.py:2941} INFO - Sync 1 DAGs
[2023-12-03T18:19:52.081+0000] {logging_mixin.py:154} INFO - [2023-12-03T18:19:52.080+0000] {dag.py:3722} INFO - Setting next_dagrun for example_task_group to 2023-12-02T18:19:52.080395+00:00, run_after=2023-12-03T18:19:52.080395+00:00
[2023-12-03T18:19:52.132+0000] {processor.py:179} INFO - Processing /home/airflow/.local/lib/python3.8/site-packages/airflow/example_dags/example_task_group.py took 0.177 seconds
[2023-12-03T18:20:22.320+0000] {processor.py:157} INFO - Started process (PID=242) to work on /home/airflow/.local/lib/python3.8/site-packages/airflow/example_dags/example_task_group.py
[2023-12-03T18:20:22.321+0000] {processor.py:829} INFO - Processing file /home/airflow/.local/lib/python3.8/site-packages/airflow/example_dags/example_task_group.py for tasks to queue
[2023-12-03T18:20:22.325+0000] {logging_mixin.py:154} INFO - [2023-12-03T18:20:22.324+0000] {dagbag.py:536} INFO - Filling up the DagBag from /home/airflow/.local/lib/python3.8/site-packages/airflow/example_dags/example_task_group.py
[2023-12-03T18:20:22.335+0000] {processor.py:839} INFO - DAG(s) dict_keys(['example_task_group']) retrieved from /home/airflow/.local/lib/python3.8/site-packages/airflow/example_dags/example_task_group.py
[2023-12-03T18:20:22.370+0000] {logging_mixin.py:154} INFO - [2023-12-03T18:20:22.369+0000] {dag.py:2941} INFO - Sync 1 DAGs
[2023-12-03T18:20:22.399+0000] {logging_mixin.py:154} INFO - [2023-12-03T18:20:22.399+0000] {dag.py:3722} INFO - Setting next_dagrun for example_task_group to 2023-12-02T18:20:22.398985+00:00, run_after=2023-12-03T18:20:22.398985+00:00
[2023-12-03T18:20:22.426+0000] {processor.py:179} INFO - Processing /home/airflow/.local/lib/python3.8/site-packages/airflow/example_dags/example_task_group.py took 0.110 seconds
[2023-12-03T18:20:53.400+0000] {processor.py:157} INFO - Started process (PID=296) to work on /home/airflow/.local/lib/python3.8/site-packages/airflow/example_dags/example_task_group.py
[2023-12-03T18:20:53.402+0000] {processor.py:829} INFO - Processing file /home/airflow/.local/lib/python3.8/site-packages/airflow/example_dags/example_task_group.py for tasks to queue
[2023-12-03T18:20:53.407+0000] {logging_mixin.py:154} INFO - [2023-12-03T18:20:53.406+0000] {dagbag.py:536} INFO - Filling up the DagBag from /home/airflow/.local/lib/python3.8/site-packages/airflow/example_dags/example_task_group.py
[2023-12-03T18:20:53.420+0000] {processor.py:839} INFO - DAG(s) dict_keys(['example_task_group']) retrieved from /home/airflow/.local/lib/python3.8/site-packages/airflow/example_dags/example_task_group.py
[2023-12-03T18:20:53.465+0000] {logging_mixin.py:154} INFO - [2023-12-03T18:20:53.464+0000] {dag.py:2941} INFO - Sync 1 DAGs
[2023-12-03T18:20:53.515+0000] {logging_mixin.py:154} INFO - [2023-12-03T18:20:53.515+0000] {dag.py:3722} INFO - Setting next_dagrun for example_task_group to 2023-12-02T18:20:53.514883+00:00, run_after=2023-12-03T18:20:53.514883+00:00
[2023-12-03T18:20:53.560+0000] {processor.py:179} INFO - Processing /home/airflow/.local/lib/python3.8/site-packages/airflow/example_dags/example_task_group.py took 0.167 seconds
[2023-12-03T18:21:23.974+0000] {processor.py:157} INFO - Started process (PID=350) to work on /home/airflow/.local/lib/python3.8/site-packages/airflow/example_dags/example_task_group.py
[2023-12-03T18:21:23.977+0000] {processor.py:829} INFO - Processing file /home/airflow/.local/lib/python3.8/site-packages/airflow/example_dags/example_task_group.py for tasks to queue
[2023-12-03T18:21:23.982+0000] {logging_mixin.py:154} INFO - [2023-12-03T18:21:23.981+0000] {dagbag.py:536} INFO - Filling up the DagBag from /home/airflow/.local/lib/python3.8/site-packages/airflow/example_dags/example_task_group.py
[2023-12-03T18:21:24.007+0000] {processor.py:839} INFO - DAG(s) dict_keys(['example_task_group']) retrieved from /home/airflow/.local/lib/python3.8/site-packages/airflow/example_dags/example_task_group.py
[2023-12-03T18:21:24.034+0000] {logging_mixin.py:154} INFO - [2023-12-03T18:21:24.034+0000] {dag.py:2941} INFO - Sync 1 DAGs
[2023-12-03T18:21:24.079+0000] {logging_mixin.py:154} INFO - [2023-12-03T18:21:24.079+0000] {dag.py:3722} INFO - Setting next_dagrun for example_task_group to 2023-12-02T18:21:24.078998+00:00, run_after=2023-12-03T18:21:24.078998+00:00
[2023-12-03T18:21:24.114+0000] {processor.py:179} INFO - Processing /home/airflow/.local/lib/python3.8/site-packages/airflow/example_dags/example_task_group.py took 0.150 seconds
[2023-12-03T18:21:54.695+0000] {processor.py:157} INFO - Started process (PID=404) to work on /home/airflow/.local/lib/python3.8/site-packages/airflow/example_dags/example_task_group.py
[2023-12-03T18:21:54.697+0000] {processor.py:829} INFO - Processing file /home/airflow/.local/lib/python3.8/site-packages/airflow/example_dags/example_task_group.py for tasks to queue
[2023-12-03T18:21:54.703+0000] {logging_mixin.py:154} INFO - [2023-12-03T18:21:54.702+0000] {dagbag.py:536} INFO - Filling up the DagBag from /home/airflow/.local/lib/python3.8/site-packages/airflow/example_dags/example_task_group.py
[2023-12-03T18:21:54.720+0000] {processor.py:839} INFO - DAG(s) dict_keys(['example_task_group']) retrieved from /home/airflow/.local/lib/python3.8/site-packages/airflow/example_dags/example_task_group.py
[2023-12-03T18:21:54.762+0000] {logging_mixin.py:154} INFO - [2023-12-03T18:21:54.762+0000] {dag.py:2941} INFO - Sync 1 DAGs
[2023-12-03T18:21:54.808+0000] {logging_mixin.py:154} INFO - [2023-12-03T18:21:54.807+0000] {dag.py:3722} INFO - Setting next_dagrun for example_task_group to 2023-12-02T18:21:54.807309+00:00, run_after=2023-12-03T18:21:54.807309+00:00
[2023-12-03T18:21:54.842+0000] {processor.py:179} INFO - Processing /home/airflow/.local/lib/python3.8/site-packages/airflow/example_dags/example_task_group.py took 0.153 seconds
[2023-12-03T18:22:26.620+0000] {processor.py:157} INFO - Started process (PID=458) to work on /home/airflow/.local/lib/python3.8/site-packages/airflow/example_dags/example_task_group.py
[2023-12-03T18:22:26.622+0000] {processor.py:829} INFO - Processing file /home/airflow/.local/lib/python3.8/site-packages/airflow/example_dags/example_task_group.py for tasks to queue
[2023-12-03T18:22:26.627+0000] {logging_mixin.py:154} INFO - [2023-12-03T18:22:26.626+0000] {dagbag.py:536} INFO - Filling up the DagBag from /home/airflow/.local/lib/python3.8/site-packages/airflow/example_dags/example_task_group.py
[2023-12-03T18:22:26.641+0000] {processor.py:839} INFO - DAG(s) dict_keys(['example_task_group']) retrieved from /home/airflow/.local/lib/python3.8/site-packages/airflow/example_dags/example_task_group.py
[2023-12-03T18:22:26.684+0000] {logging_mixin.py:154} INFO - [2023-12-03T18:22:26.683+0000] {dag.py:2941} INFO - Sync 1 DAGs
[2023-12-03T18:22:26.726+0000] {logging_mixin.py:154} INFO - [2023-12-03T18:22:26.725+0000] {dag.py:3722} INFO - Setting next_dagrun for example_task_group to 2023-12-02T18:22:26.725459+00:00, run_after=2023-12-03T18:22:26.725459+00:00
[2023-12-03T18:22:26.767+0000] {processor.py:179} INFO - Processing /home/airflow/.local/lib/python3.8/site-packages/airflow/example_dags/example_task_group.py took 0.153 seconds
[2023-12-03T18:24:00.011+0000] {processor.py:157} INFO - Started process (PID=73) to work on /home/airflow/.local/lib/python3.8/site-packages/airflow/example_dags/example_task_group.py
[2023-12-03T18:24:00.014+0000] {processor.py:829} INFO - Processing file /home/airflow/.local/lib/python3.8/site-packages/airflow/example_dags/example_task_group.py for tasks to queue
[2023-12-03T18:24:00.021+0000] {logging_mixin.py:154} INFO - [2023-12-03T18:24:00.020+0000] {dagbag.py:536} INFO - Filling up the DagBag from /home/airflow/.local/lib/python3.8/site-packages/airflow/example_dags/example_task_group.py
[2023-12-03T18:24:00.037+0000] {processor.py:839} INFO - DAG(s) dict_keys(['example_task_group']) retrieved from /home/airflow/.local/lib/python3.8/site-packages/airflow/example_dags/example_task_group.py
[2023-12-03T18:24:00.096+0000] {logging_mixin.py:154} INFO - [2023-12-03T18:24:00.096+0000] {dag.py:2941} INFO - Sync 1 DAGs
[2023-12-03T18:24:00.135+0000] {logging_mixin.py:154} INFO - [2023-12-03T18:24:00.135+0000] {dag.py:3722} INFO - Setting next_dagrun for example_task_group to 2023-12-02T18:24:00.135115+00:00, run_after=2023-12-03T18:24:00.135115+00:00
[2023-12-03T18:24:00.177+0000] {processor.py:179} INFO - Processing /home/airflow/.local/lib/python3.8/site-packages/airflow/example_dags/example_task_group.py took 0.174 seconds
[2023-12-03T18:24:30.753+0000] {processor.py:157} INFO - Started process (PID=127) to work on /home/airflow/.local/lib/python3.8/site-packages/airflow/example_dags/example_task_group.py
[2023-12-03T18:24:30.755+0000] {processor.py:829} INFO - Processing file /home/airflow/.local/lib/python3.8/site-packages/airflow/example_dags/example_task_group.py for tasks to queue
[2023-12-03T18:24:30.759+0000] {logging_mixin.py:154} INFO - [2023-12-03T18:24:30.758+0000] {dagbag.py:536} INFO - Filling up the DagBag from /home/airflow/.local/lib/python3.8/site-packages/airflow/example_dags/example_task_group.py
[2023-12-03T18:24:30.769+0000] {processor.py:839} INFO - DAG(s) dict_keys(['example_task_group']) retrieved from /home/airflow/.local/lib/python3.8/site-packages/airflow/example_dags/example_task_group.py
[2023-12-03T18:24:30.803+0000] {logging_mixin.py:154} INFO - [2023-12-03T18:24:30.803+0000] {dag.py:2941} INFO - Sync 1 DAGs
[2023-12-03T18:24:30.836+0000] {logging_mixin.py:154} INFO - [2023-12-03T18:24:30.836+0000] {dag.py:3722} INFO - Setting next_dagrun for example_task_group to 2023-12-02T18:24:30.836009+00:00, run_after=2023-12-03T18:24:30.836009+00:00
[2023-12-03T18:24:30.871+0000] {processor.py:179} INFO - Processing /home/airflow/.local/lib/python3.8/site-packages/airflow/example_dags/example_task_group.py took 0.123 seconds
[2023-12-03T18:25:01.509+0000] {processor.py:157} INFO - Started process (PID=181) to work on /home/airflow/.local/lib/python3.8/site-packages/airflow/example_dags/example_task_group.py
[2023-12-03T18:25:01.511+0000] {processor.py:829} INFO - Processing file /home/airflow/.local/lib/python3.8/site-packages/airflow/example_dags/example_task_group.py for tasks to queue
[2023-12-03T18:25:01.515+0000] {logging_mixin.py:154} INFO - [2023-12-03T18:25:01.514+0000] {dagbag.py:536} INFO - Filling up the DagBag from /home/airflow/.local/lib/python3.8/site-packages/airflow/example_dags/example_task_group.py
[2023-12-03T18:25:01.525+0000] {processor.py:839} INFO - DAG(s) dict_keys(['example_task_group']) retrieved from /home/airflow/.local/lib/python3.8/site-packages/airflow/example_dags/example_task_group.py
[2023-12-03T18:25:01.559+0000] {logging_mixin.py:154} INFO - [2023-12-03T18:25:01.558+0000] {dag.py:2941} INFO - Sync 1 DAGs
[2023-12-03T18:25:01.593+0000] {logging_mixin.py:154} INFO - [2023-12-03T18:25:01.593+0000] {dag.py:3722} INFO - Setting next_dagrun for example_task_group to 2023-12-02T18:25:01.593099+00:00, run_after=2023-12-03T18:25:01.593099+00:00
[2023-12-03T18:25:01.625+0000] {processor.py:179} INFO - Processing /home/airflow/.local/lib/python3.8/site-packages/airflow/example_dags/example_task_group.py took 0.121 seconds
[2023-12-03T18:25:32.123+0000] {processor.py:157} INFO - Started process (PID=235) to work on /home/airflow/.local/lib/python3.8/site-packages/airflow/example_dags/example_task_group.py
[2023-12-03T18:25:32.124+0000] {processor.py:829} INFO - Processing file /home/airflow/.local/lib/python3.8/site-packages/airflow/example_dags/example_task_group.py for tasks to queue
[2023-12-03T18:25:32.130+0000] {logging_mixin.py:154} INFO - [2023-12-03T18:25:32.129+0000] {dagbag.py:536} INFO - Filling up the DagBag from /home/airflow/.local/lib/python3.8/site-packages/airflow/example_dags/example_task_group.py
[2023-12-03T18:25:32.142+0000] {processor.py:839} INFO - DAG(s) dict_keys(['example_task_group']) retrieved from /home/airflow/.local/lib/python3.8/site-packages/airflow/example_dags/example_task_group.py
[2023-12-03T18:25:32.172+0000] {logging_mixin.py:154} INFO - [2023-12-03T18:25:32.171+0000] {dag.py:2941} INFO - Sync 1 DAGs
[2023-12-03T18:25:32.211+0000] {logging_mixin.py:154} INFO - [2023-12-03T18:25:32.211+0000] {dag.py:3722} INFO - Setting next_dagrun for example_task_group to 2023-12-02T18:25:32.210927+00:00, run_after=2023-12-03T18:25:32.210927+00:00
[2023-12-03T18:25:32.242+0000] {processor.py:179} INFO - Processing /home/airflow/.local/lib/python3.8/site-packages/airflow/example_dags/example_task_group.py took 0.124 seconds
[2023-12-03T18:26:02.619+0000] {processor.py:157} INFO - Started process (PID=289) to work on /home/airflow/.local/lib/python3.8/site-packages/airflow/example_dags/example_task_group.py
[2023-12-03T18:26:02.621+0000] {processor.py:829} INFO - Processing file /home/airflow/.local/lib/python3.8/site-packages/airflow/example_dags/example_task_group.py for tasks to queue
[2023-12-03T18:26:02.626+0000] {logging_mixin.py:154} INFO - [2023-12-03T18:26:02.625+0000] {dagbag.py:536} INFO - Filling up the DagBag from /home/airflow/.local/lib/python3.8/site-packages/airflow/example_dags/example_task_group.py
[2023-12-03T18:26:02.640+0000] {processor.py:839} INFO - DAG(s) dict_keys(['example_task_group']) retrieved from /home/airflow/.local/lib/python3.8/site-packages/airflow/example_dags/example_task_group.py
[2023-12-03T18:26:02.672+0000] {logging_mixin.py:154} INFO - [2023-12-03T18:26:02.671+0000] {dag.py:2941} INFO - Sync 1 DAGs
[2023-12-03T18:26:02.706+0000] {logging_mixin.py:154} INFO - [2023-12-03T18:26:02.706+0000] {dag.py:3722} INFO - Setting next_dagrun for example_task_group to 2023-12-02T18:26:02.706018+00:00, run_after=2023-12-03T18:26:02.706018+00:00
[2023-12-03T18:26:02.735+0000] {processor.py:179} INFO - Processing /home/airflow/.local/lib/python3.8/site-packages/airflow/example_dags/example_task_group.py took 0.119 seconds
[2023-12-03T18:26:32.962+0000] {processor.py:157} INFO - Started process (PID=343) to work on /home/airflow/.local/lib/python3.8/site-packages/airflow/example_dags/example_task_group.py
[2023-12-03T18:26:32.964+0000] {processor.py:829} INFO - Processing file /home/airflow/.local/lib/python3.8/site-packages/airflow/example_dags/example_task_group.py for tasks to queue
[2023-12-03T18:26:32.968+0000] {logging_mixin.py:154} INFO - [2023-12-03T18:26:32.967+0000] {dagbag.py:536} INFO - Filling up the DagBag from /home/airflow/.local/lib/python3.8/site-packages/airflow/example_dags/example_task_group.py
[2023-12-03T18:26:32.982+0000] {processor.py:839} INFO - DAG(s) dict_keys(['example_task_group']) retrieved from /home/airflow/.local/lib/python3.8/site-packages/airflow/example_dags/example_task_group.py
[2023-12-03T18:26:33.028+0000] {logging_mixin.py:154} INFO - [2023-12-03T18:26:33.028+0000] {dag.py:2941} INFO - Sync 1 DAGs
[2023-12-03T18:26:33.071+0000] {logging_mixin.py:154} INFO - [2023-12-03T18:26:33.070+0000] {dag.py:3722} INFO - Setting next_dagrun for example_task_group to 2023-12-02T18:26:33.070357+00:00, run_after=2023-12-03T18:26:33.070357+00:00
[2023-12-03T18:26:33.105+0000] {processor.py:179} INFO - Processing /home/airflow/.local/lib/python3.8/site-packages/airflow/example_dags/example_task_group.py took 0.149 seconds
[2023-12-03T18:27:03.734+0000] {processor.py:157} INFO - Started process (PID=397) to work on /home/airflow/.local/lib/python3.8/site-packages/airflow/example_dags/example_task_group.py
[2023-12-03T18:27:03.736+0000] {processor.py:829} INFO - Processing file /home/airflow/.local/lib/python3.8/site-packages/airflow/example_dags/example_task_group.py for tasks to queue
[2023-12-03T18:27:03.740+0000] {logging_mixin.py:154} INFO - [2023-12-03T18:27:03.740+0000] {dagbag.py:536} INFO - Filling up the DagBag from /home/airflow/.local/lib/python3.8/site-packages/airflow/example_dags/example_task_group.py
[2023-12-03T18:27:03.752+0000] {processor.py:839} INFO - DAG(s) dict_keys(['example_task_group']) retrieved from /home/airflow/.local/lib/python3.8/site-packages/airflow/example_dags/example_task_group.py
[2023-12-03T18:27:03.789+0000] {logging_mixin.py:154} INFO - [2023-12-03T18:27:03.789+0000] {dag.py:2941} INFO - Sync 1 DAGs
[2023-12-03T18:27:03.827+0000] {logging_mixin.py:154} INFO - [2023-12-03T18:27:03.826+0000] {dag.py:3722} INFO - Setting next_dagrun for example_task_group to 2023-12-02T18:27:03.826345+00:00, run_after=2023-12-03T18:27:03.826345+00:00
[2023-12-03T18:27:03.861+0000] {processor.py:179} INFO - Processing /home/airflow/.local/lib/python3.8/site-packages/airflow/example_dags/example_task_group.py took 0.133 seconds
[2023-12-03T18:27:34.301+0000] {processor.py:157} INFO - Started process (PID=451) to work on /home/airflow/.local/lib/python3.8/site-packages/airflow/example_dags/example_task_group.py
[2023-12-03T18:27:34.302+0000] {processor.py:829} INFO - Processing file /home/airflow/.local/lib/python3.8/site-packages/airflow/example_dags/example_task_group.py for tasks to queue
[2023-12-03T18:27:34.307+0000] {logging_mixin.py:154} INFO - [2023-12-03T18:27:34.306+0000] {dagbag.py:536} INFO - Filling up the DagBag from /home/airflow/.local/lib/python3.8/site-packages/airflow/example_dags/example_task_group.py
[2023-12-03T18:27:34.318+0000] {processor.py:839} INFO - DAG(s) dict_keys(['example_task_group']) retrieved from /home/airflow/.local/lib/python3.8/site-packages/airflow/example_dags/example_task_group.py
[2023-12-03T18:27:34.355+0000] {logging_mixin.py:154} INFO - [2023-12-03T18:27:34.355+0000] {dag.py:2941} INFO - Sync 1 DAGs
[2023-12-03T18:27:34.388+0000] {logging_mixin.py:154} INFO - [2023-12-03T18:27:34.388+0000] {dag.py:3722} INFO - Setting next_dagrun for example_task_group to 2023-12-02T18:27:34.388117+00:00, run_after=2023-12-03T18:27:34.388117+00:00
[2023-12-03T18:27:34.426+0000] {processor.py:179} INFO - Processing /home/airflow/.local/lib/python3.8/site-packages/airflow/example_dags/example_task_group.py took 0.131 seconds
[2023-12-03T18:28:04.506+0000] {processor.py:157} INFO - Started process (PID=505) to work on /home/airflow/.local/lib/python3.8/site-packages/airflow/example_dags/example_task_group.py
[2023-12-03T18:28:04.507+0000] {processor.py:829} INFO - Processing file /home/airflow/.local/lib/python3.8/site-packages/airflow/example_dags/example_task_group.py for tasks to queue
[2023-12-03T18:28:04.511+0000] {logging_mixin.py:154} INFO - [2023-12-03T18:28:04.510+0000] {dagbag.py:536} INFO - Filling up the DagBag from /home/airflow/.local/lib/python3.8/site-packages/airflow/example_dags/example_task_group.py
[2023-12-03T18:28:04.522+0000] {processor.py:839} INFO - DAG(s) dict_keys(['example_task_group']) retrieved from /home/airflow/.local/lib/python3.8/site-packages/airflow/example_dags/example_task_group.py
[2023-12-03T18:28:04.555+0000] {logging_mixin.py:154} INFO - [2023-12-03T18:28:04.554+0000] {dag.py:2941} INFO - Sync 1 DAGs
[2023-12-03T18:28:04.588+0000] {logging_mixin.py:154} INFO - [2023-12-03T18:28:04.588+0000] {dag.py:3722} INFO - Setting next_dagrun for example_task_group to 2023-12-02T18:28:04.587896+00:00, run_after=2023-12-03T18:28:04.587896+00:00
[2023-12-03T18:28:04.624+0000] {processor.py:179} INFO - Processing /home/airflow/.local/lib/python3.8/site-packages/airflow/example_dags/example_task_group.py took 0.123 seconds
[2023-12-03T18:29:52.358+0000] {processor.py:157} INFO - Started process (PID=74) to work on /home/airflow/.local/lib/python3.8/site-packages/airflow/example_dags/example_task_group.py
[2023-12-03T18:29:52.359+0000] {processor.py:829} INFO - Processing file /home/airflow/.local/lib/python3.8/site-packages/airflow/example_dags/example_task_group.py for tasks to queue
[2023-12-03T18:29:52.363+0000] {logging_mixin.py:154} INFO - [2023-12-03T18:29:52.362+0000] {dagbag.py:536} INFO - Filling up the DagBag from /home/airflow/.local/lib/python3.8/site-packages/airflow/example_dags/example_task_group.py
[2023-12-03T18:29:52.379+0000] {processor.py:839} INFO - DAG(s) dict_keys(['example_task_group']) retrieved from /home/airflow/.local/lib/python3.8/site-packages/airflow/example_dags/example_task_group.py
[2023-12-03T18:29:52.417+0000] {logging_mixin.py:154} INFO - [2023-12-03T18:29:52.417+0000] {dag.py:2941} INFO - Sync 1 DAGs
[2023-12-03T18:29:52.464+0000] {logging_mixin.py:154} INFO - [2023-12-03T18:29:52.463+0000] {dag.py:3722} INFO - Setting next_dagrun for example_task_group to 2023-12-02T18:29:52.463321+00:00, run_after=2023-12-03T18:29:52.463321+00:00
[2023-12-03T18:29:52.500+0000] {processor.py:179} INFO - Processing /home/airflow/.local/lib/python3.8/site-packages/airflow/example_dags/example_task_group.py took 0.148 seconds
[2023-12-03T18:30:23.257+0000] {processor.py:157} INFO - Started process (PID=129) to work on /home/airflow/.local/lib/python3.8/site-packages/airflow/example_dags/example_task_group.py
[2023-12-03T18:30:23.258+0000] {processor.py:829} INFO - Processing file /home/airflow/.local/lib/python3.8/site-packages/airflow/example_dags/example_task_group.py for tasks to queue
[2023-12-03T18:30:23.262+0000] {logging_mixin.py:154} INFO - [2023-12-03T18:30:23.262+0000] {dagbag.py:536} INFO - Filling up the DagBag from /home/airflow/.local/lib/python3.8/site-packages/airflow/example_dags/example_task_group.py
[2023-12-03T18:30:23.273+0000] {processor.py:839} INFO - DAG(s) dict_keys(['example_task_group']) retrieved from /home/airflow/.local/lib/python3.8/site-packages/airflow/example_dags/example_task_group.py
[2023-12-03T18:30:23.307+0000] {logging_mixin.py:154} INFO - [2023-12-03T18:30:23.307+0000] {dag.py:2941} INFO - Sync 1 DAGs
[2023-12-03T18:30:23.339+0000] {logging_mixin.py:154} INFO - [2023-12-03T18:30:23.338+0000] {dag.py:3722} INFO - Setting next_dagrun for example_task_group to 2023-12-02T18:30:23.338627+00:00, run_after=2023-12-03T18:30:23.338627+00:00
[2023-12-03T18:30:23.375+0000] {processor.py:179} INFO - Processing /home/airflow/.local/lib/python3.8/site-packages/airflow/example_dags/example_task_group.py took 0.121 seconds
[2023-12-03T18:30:54.739+0000] {processor.py:157} INFO - Started process (PID=184) to work on /home/airflow/.local/lib/python3.8/site-packages/airflow/example_dags/example_task_group.py
[2023-12-03T18:30:54.741+0000] {processor.py:829} INFO - Processing file /home/airflow/.local/lib/python3.8/site-packages/airflow/example_dags/example_task_group.py for tasks to queue
[2023-12-03T18:30:54.746+0000] {logging_mixin.py:154} INFO - [2023-12-03T18:30:54.745+0000] {dagbag.py:536} INFO - Filling up the DagBag from /home/airflow/.local/lib/python3.8/site-packages/airflow/example_dags/example_task_group.py
[2023-12-03T18:30:54.757+0000] {processor.py:839} INFO - DAG(s) dict_keys(['example_task_group']) retrieved from /home/airflow/.local/lib/python3.8/site-packages/airflow/example_dags/example_task_group.py
[2023-12-03T18:30:54.793+0000] {logging_mixin.py:154} INFO - [2023-12-03T18:30:54.792+0000] {dag.py:2941} INFO - Sync 1 DAGs
[2023-12-03T18:30:54.838+0000] {logging_mixin.py:154} INFO - [2023-12-03T18:30:54.838+0000] {dag.py:3722} INFO - Setting next_dagrun for example_task_group to 2023-12-02T18:30:54.838005+00:00, run_after=2023-12-03T18:30:54.838005+00:00
[2023-12-03T18:30:54.874+0000] {processor.py:179} INFO - Processing /home/airflow/.local/lib/python3.8/site-packages/airflow/example_dags/example_task_group.py took 0.142 seconds
[2023-12-03T18:31:26.058+0000] {processor.py:157} INFO - Started process (PID=254) to work on /home/airflow/.local/lib/python3.8/site-packages/airflow/example_dags/example_task_group.py
[2023-12-03T18:31:26.060+0000] {processor.py:829} INFO - Processing file /home/airflow/.local/lib/python3.8/site-packages/airflow/example_dags/example_task_group.py for tasks to queue
[2023-12-03T18:31:26.064+0000] {logging_mixin.py:154} INFO - [2023-12-03T18:31:26.064+0000] {dagbag.py:536} INFO - Filling up the DagBag from /home/airflow/.local/lib/python3.8/site-packages/airflow/example_dags/example_task_group.py
[2023-12-03T18:31:26.076+0000] {processor.py:839} INFO - DAG(s) dict_keys(['example_task_group']) retrieved from /home/airflow/.local/lib/python3.8/site-packages/airflow/example_dags/example_task_group.py
[2023-12-03T18:31:26.114+0000] {logging_mixin.py:154} INFO - [2023-12-03T18:31:26.114+0000] {dag.py:2941} INFO - Sync 1 DAGs
[2023-12-03T18:31:26.154+0000] {logging_mixin.py:154} INFO - [2023-12-03T18:31:26.154+0000] {dag.py:3722} INFO - Setting next_dagrun for example_task_group to 2023-12-02T18:31:26.153815+00:00, run_after=2023-12-03T18:31:26.153815+00:00
[2023-12-03T18:31:26.193+0000] {processor.py:179} INFO - Processing /home/airflow/.local/lib/python3.8/site-packages/airflow/example_dags/example_task_group.py took 0.141 seconds
[2023-12-03T18:31:58.119+0000] {processor.py:157} INFO - Started process (PID=309) to work on /home/airflow/.local/lib/python3.8/site-packages/airflow/example_dags/example_task_group.py
[2023-12-03T18:31:58.122+0000] {processor.py:829} INFO - Processing file /home/airflow/.local/lib/python3.8/site-packages/airflow/example_dags/example_task_group.py for tasks to queue
[2023-12-03T18:31:58.126+0000] {logging_mixin.py:154} INFO - [2023-12-03T18:31:58.125+0000] {dagbag.py:536} INFO - Filling up the DagBag from /home/airflow/.local/lib/python3.8/site-packages/airflow/example_dags/example_task_group.py
[2023-12-03T18:31:58.139+0000] {processor.py:839} INFO - DAG(s) dict_keys(['example_task_group']) retrieved from /home/airflow/.local/lib/python3.8/site-packages/airflow/example_dags/example_task_group.py
[2023-12-03T18:31:58.174+0000] {logging_mixin.py:154} INFO - [2023-12-03T18:31:58.174+0000] {dag.py:2941} INFO - Sync 1 DAGs
[2023-12-03T18:31:58.383+0000] {logging_mixin.py:154} INFO - [2023-12-03T18:31:58.383+0000] {dag.py:3722} INFO - Setting next_dagrun for example_task_group to 2023-12-02T18:31:58.382776+00:00, run_after=2023-12-03T18:31:58.382776+00:00
[2023-12-03T18:31:58.424+0000] {processor.py:179} INFO - Processing /home/airflow/.local/lib/python3.8/site-packages/airflow/example_dags/example_task_group.py took 0.311 seconds
[2023-12-03T18:32:29.117+0000] {processor.py:157} INFO - Started process (PID=364) to work on /home/airflow/.local/lib/python3.8/site-packages/airflow/example_dags/example_task_group.py
[2023-12-03T18:32:29.119+0000] {processor.py:829} INFO - Processing file /home/airflow/.local/lib/python3.8/site-packages/airflow/example_dags/example_task_group.py for tasks to queue
[2023-12-03T18:32:29.122+0000] {logging_mixin.py:154} INFO - [2023-12-03T18:32:29.122+0000] {dagbag.py:536} INFO - Filling up the DagBag from /home/airflow/.local/lib/python3.8/site-packages/airflow/example_dags/example_task_group.py
[2023-12-03T18:32:29.134+0000] {processor.py:839} INFO - DAG(s) dict_keys(['example_task_group']) retrieved from /home/airflow/.local/lib/python3.8/site-packages/airflow/example_dags/example_task_group.py
[2023-12-03T18:32:29.163+0000] {logging_mixin.py:154} INFO - [2023-12-03T18:32:29.163+0000] {dag.py:2941} INFO - Sync 1 DAGs
[2023-12-03T18:32:29.191+0000] {logging_mixin.py:154} INFO - [2023-12-03T18:32:29.191+0000] {dag.py:3722} INFO - Setting next_dagrun for example_task_group to 2023-12-02T18:32:29.190763+00:00, run_after=2023-12-03T18:32:29.190763+00:00
[2023-12-03T18:32:29.220+0000] {processor.py:179} INFO - Processing /home/airflow/.local/lib/python3.8/site-packages/airflow/example_dags/example_task_group.py took 0.111 seconds
[2023-12-03T18:32:59.860+0000] {processor.py:157} INFO - Started process (PID=419) to work on /home/airflow/.local/lib/python3.8/site-packages/airflow/example_dags/example_task_group.py
[2023-12-03T18:32:59.862+0000] {processor.py:829} INFO - Processing file /home/airflow/.local/lib/python3.8/site-packages/airflow/example_dags/example_task_group.py for tasks to queue
[2023-12-03T18:32:59.870+0000] {logging_mixin.py:154} INFO - [2023-12-03T18:32:59.869+0000] {dagbag.py:536} INFO - Filling up the DagBag from /home/airflow/.local/lib/python3.8/site-packages/airflow/example_dags/example_task_group.py
[2023-12-03T18:32:59.888+0000] {processor.py:839} INFO - DAG(s) dict_keys(['example_task_group']) retrieved from /home/airflow/.local/lib/python3.8/site-packages/airflow/example_dags/example_task_group.py
[2023-12-03T18:32:59.921+0000] {logging_mixin.py:154} INFO - [2023-12-03T18:32:59.921+0000] {dag.py:2941} INFO - Sync 1 DAGs
[2023-12-03T18:32:59.953+0000] {logging_mixin.py:154} INFO - [2023-12-03T18:32:59.953+0000] {dag.py:3722} INFO - Setting next_dagrun for example_task_group to 2023-12-02T18:32:59.953031+00:00, run_after=2023-12-03T18:32:59.953031+00:00
[2023-12-03T18:32:59.991+0000] {processor.py:179} INFO - Processing /home/airflow/.local/lib/python3.8/site-packages/airflow/example_dags/example_task_group.py took 0.141 seconds
[2023-12-03T18:33:30.767+0000] {processor.py:157} INFO - Started process (PID=474) to work on /home/airflow/.local/lib/python3.8/site-packages/airflow/example_dags/example_task_group.py
[2023-12-03T18:33:30.768+0000] {processor.py:829} INFO - Processing file /home/airflow/.local/lib/python3.8/site-packages/airflow/example_dags/example_task_group.py for tasks to queue
[2023-12-03T18:33:30.773+0000] {logging_mixin.py:154} INFO - [2023-12-03T18:33:30.773+0000] {dagbag.py:536} INFO - Filling up the DagBag from /home/airflow/.local/lib/python3.8/site-packages/airflow/example_dags/example_task_group.py
[2023-12-03T18:33:30.786+0000] {processor.py:839} INFO - DAG(s) dict_keys(['example_task_group']) retrieved from /home/airflow/.local/lib/python3.8/site-packages/airflow/example_dags/example_task_group.py
[2023-12-03T18:33:30.819+0000] {logging_mixin.py:154} INFO - [2023-12-03T18:33:30.819+0000] {dag.py:2941} INFO - Sync 1 DAGs
[2023-12-03T18:33:30.852+0000] {logging_mixin.py:154} INFO - [2023-12-03T18:33:30.852+0000] {dag.py:3722} INFO - Setting next_dagrun for example_task_group to 2023-12-02T18:33:30.852361+00:00, run_after=2023-12-03T18:33:30.852361+00:00
[2023-12-03T18:33:30.889+0000] {processor.py:179} INFO - Processing /home/airflow/.local/lib/python3.8/site-packages/airflow/example_dags/example_task_group.py took 0.127 seconds
[2023-12-03T18:34:01.799+0000] {processor.py:157} INFO - Started process (PID=529) to work on /home/airflow/.local/lib/python3.8/site-packages/airflow/example_dags/example_task_group.py
[2023-12-03T18:34:01.800+0000] {processor.py:829} INFO - Processing file /home/airflow/.local/lib/python3.8/site-packages/airflow/example_dags/example_task_group.py for tasks to queue
[2023-12-03T18:34:01.804+0000] {logging_mixin.py:154} INFO - [2023-12-03T18:34:01.803+0000] {dagbag.py:536} INFO - Filling up the DagBag from /home/airflow/.local/lib/python3.8/site-packages/airflow/example_dags/example_task_group.py
[2023-12-03T18:34:01.814+0000] {processor.py:839} INFO - DAG(s) dict_keys(['example_task_group']) retrieved from /home/airflow/.local/lib/python3.8/site-packages/airflow/example_dags/example_task_group.py
[2023-12-03T18:34:02.007+0000] {logging_mixin.py:154} INFO - [2023-12-03T18:34:02.007+0000] {dag.py:2941} INFO - Sync 1 DAGs
[2023-12-03T18:34:02.041+0000] {logging_mixin.py:154} INFO - [2023-12-03T18:34:02.041+0000] {dag.py:3722} INFO - Setting next_dagrun for example_task_group to 2023-12-02T18:34:02.040632+00:00, run_after=2023-12-03T18:34:02.040632+00:00
[2023-12-03T18:34:02.080+0000] {processor.py:179} INFO - Processing /home/airflow/.local/lib/python3.8/site-packages/airflow/example_dags/example_task_group.py took 0.285 seconds
[2023-12-03T18:34:32.259+0000] {processor.py:157} INFO - Started process (PID=584) to work on /home/airflow/.local/lib/python3.8/site-packages/airflow/example_dags/example_task_group.py
[2023-12-03T18:34:32.260+0000] {processor.py:829} INFO - Processing file /home/airflow/.local/lib/python3.8/site-packages/airflow/example_dags/example_task_group.py for tasks to queue
[2023-12-03T18:34:32.264+0000] {logging_mixin.py:154} INFO - [2023-12-03T18:34:32.264+0000] {dagbag.py:536} INFO - Filling up the DagBag from /home/airflow/.local/lib/python3.8/site-packages/airflow/example_dags/example_task_group.py
[2023-12-03T18:34:32.276+0000] {processor.py:839} INFO - DAG(s) dict_keys(['example_task_group']) retrieved from /home/airflow/.local/lib/python3.8/site-packages/airflow/example_dags/example_task_group.py
[2023-12-03T18:34:32.463+0000] {logging_mixin.py:154} INFO - [2023-12-03T18:34:32.462+0000] {dag.py:2941} INFO - Sync 1 DAGs
[2023-12-03T18:34:32.495+0000] {logging_mixin.py:154} INFO - [2023-12-03T18:34:32.495+0000] {dag.py:3722} INFO - Setting next_dagrun for example_task_group to 2023-12-02T18:34:32.494937+00:00, run_after=2023-12-03T18:34:32.494937+00:00
[2023-12-03T18:34:32.521+0000] {processor.py:179} INFO - Processing /home/airflow/.local/lib/python3.8/site-packages/airflow/example_dags/example_task_group.py took 0.267 seconds
[2023-12-03T18:35:02.731+0000] {processor.py:157} INFO - Started process (PID=639) to work on /home/airflow/.local/lib/python3.8/site-packages/airflow/example_dags/example_task_group.py
[2023-12-03T18:35:02.732+0000] {processor.py:829} INFO - Processing file /home/airflow/.local/lib/python3.8/site-packages/airflow/example_dags/example_task_group.py for tasks to queue
[2023-12-03T18:35:02.736+0000] {logging_mixin.py:154} INFO - [2023-12-03T18:35:02.735+0000] {dagbag.py:536} INFO - Filling up the DagBag from /home/airflow/.local/lib/python3.8/site-packages/airflow/example_dags/example_task_group.py
[2023-12-03T18:35:02.746+0000] {processor.py:839} INFO - DAG(s) dict_keys(['example_task_group']) retrieved from /home/airflow/.local/lib/python3.8/site-packages/airflow/example_dags/example_task_group.py
[2023-12-03T18:35:02.963+0000] {logging_mixin.py:154} INFO - [2023-12-03T18:35:02.963+0000] {dag.py:2941} INFO - Sync 1 DAGs
[2023-12-03T18:35:02.992+0000] {logging_mixin.py:154} INFO - [2023-12-03T18:35:02.992+0000] {dag.py:3722} INFO - Setting next_dagrun for example_task_group to 2023-12-02T18:35:02.992276+00:00, run_after=2023-12-03T18:35:02.992276+00:00
[2023-12-03T18:35:03.029+0000] {processor.py:179} INFO - Processing /home/airflow/.local/lib/python3.8/site-packages/airflow/example_dags/example_task_group.py took 0.302 seconds
[2023-12-03T18:35:33.960+0000] {processor.py:157} INFO - Started process (PID=694) to work on /home/airflow/.local/lib/python3.8/site-packages/airflow/example_dags/example_task_group.py
[2023-12-03T18:35:33.961+0000] {processor.py:829} INFO - Processing file /home/airflow/.local/lib/python3.8/site-packages/airflow/example_dags/example_task_group.py for tasks to queue
[2023-12-03T18:35:33.965+0000] {logging_mixin.py:154} INFO - [2023-12-03T18:35:33.965+0000] {dagbag.py:536} INFO - Filling up the DagBag from /home/airflow/.local/lib/python3.8/site-packages/airflow/example_dags/example_task_group.py
[2023-12-03T18:35:33.977+0000] {processor.py:839} INFO - DAG(s) dict_keys(['example_task_group']) retrieved from /home/airflow/.local/lib/python3.8/site-packages/airflow/example_dags/example_task_group.py
[2023-12-03T18:35:34.228+0000] {logging_mixin.py:154} INFO - [2023-12-03T18:35:34.227+0000] {dag.py:2941} INFO - Sync 1 DAGs
[2023-12-03T18:35:34.261+0000] {logging_mixin.py:154} INFO - [2023-12-03T18:35:34.260+0000] {dag.py:3722} INFO - Setting next_dagrun for example_task_group to 2023-12-02T18:35:34.260508+00:00, run_after=2023-12-03T18:35:34.260508+00:00
[2023-12-03T18:35:34.300+0000] {processor.py:179} INFO - Processing /home/airflow/.local/lib/python3.8/site-packages/airflow/example_dags/example_task_group.py took 0.345 seconds
[2023-12-03T18:36:04.339+0000] {processor.py:157} INFO - Started process (PID=749) to work on /home/airflow/.local/lib/python3.8/site-packages/airflow/example_dags/example_task_group.py
[2023-12-03T18:36:04.341+0000] {processor.py:829} INFO - Processing file /home/airflow/.local/lib/python3.8/site-packages/airflow/example_dags/example_task_group.py for tasks to queue
[2023-12-03T18:36:04.345+0000] {logging_mixin.py:154} INFO - [2023-12-03T18:36:04.344+0000] {dagbag.py:536} INFO - Filling up the DagBag from /home/airflow/.local/lib/python3.8/site-packages/airflow/example_dags/example_task_group.py
[2023-12-03T18:36:04.355+0000] {processor.py:839} INFO - DAG(s) dict_keys(['example_task_group']) retrieved from /home/airflow/.local/lib/python3.8/site-packages/airflow/example_dags/example_task_group.py
[2023-12-03T18:36:04.388+0000] {logging_mixin.py:154} INFO - [2023-12-03T18:36:04.387+0000] {dag.py:2941} INFO - Sync 1 DAGs
[2023-12-03T18:36:04.420+0000] {logging_mixin.py:154} INFO - [2023-12-03T18:36:04.420+0000] {dag.py:3722} INFO - Setting next_dagrun for example_task_group to 2023-12-02T18:36:04.419709+00:00, run_after=2023-12-03T18:36:04.419709+00:00
[2023-12-03T18:36:04.456+0000] {processor.py:179} INFO - Processing /home/airflow/.local/lib/python3.8/site-packages/airflow/example_dags/example_task_group.py took 0.121 seconds
[2023-12-03T18:36:34.888+0000] {processor.py:157} INFO - Started process (PID=804) to work on /home/airflow/.local/lib/python3.8/site-packages/airflow/example_dags/example_task_group.py
[2023-12-03T18:36:34.890+0000] {processor.py:829} INFO - Processing file /home/airflow/.local/lib/python3.8/site-packages/airflow/example_dags/example_task_group.py for tasks to queue
[2023-12-03T18:36:34.894+0000] {logging_mixin.py:154} INFO - [2023-12-03T18:36:34.894+0000] {dagbag.py:536} INFO - Filling up the DagBag from /home/airflow/.local/lib/python3.8/site-packages/airflow/example_dags/example_task_group.py
[2023-12-03T18:36:34.907+0000] {processor.py:839} INFO - DAG(s) dict_keys(['example_task_group']) retrieved from /home/airflow/.local/lib/python3.8/site-packages/airflow/example_dags/example_task_group.py
[2023-12-03T18:36:34.943+0000] {logging_mixin.py:154} INFO - [2023-12-03T18:36:34.943+0000] {dag.py:2941} INFO - Sync 1 DAGs
[2023-12-03T18:36:34.984+0000] {logging_mixin.py:154} INFO - [2023-12-03T18:36:34.983+0000] {dag.py:3722} INFO - Setting next_dagrun for example_task_group to 2023-12-02T18:36:34.983430+00:00, run_after=2023-12-03T18:36:34.983430+00:00
[2023-12-03T18:36:35.027+0000] {processor.py:179} INFO - Processing /home/airflow/.local/lib/python3.8/site-packages/airflow/example_dags/example_task_group.py took 0.146 seconds
[2023-12-03T18:37:05.797+0000] {processor.py:157} INFO - Started process (PID=859) to work on /home/airflow/.local/lib/python3.8/site-packages/airflow/example_dags/example_task_group.py
[2023-12-03T18:37:05.799+0000] {processor.py:829} INFO - Processing file /home/airflow/.local/lib/python3.8/site-packages/airflow/example_dags/example_task_group.py for tasks to queue
[2023-12-03T18:37:05.804+0000] {logging_mixin.py:154} INFO - [2023-12-03T18:37:05.803+0000] {dagbag.py:536} INFO - Filling up the DagBag from /home/airflow/.local/lib/python3.8/site-packages/airflow/example_dags/example_task_group.py
[2023-12-03T18:37:05.823+0000] {processor.py:839} INFO - DAG(s) dict_keys(['example_task_group']) retrieved from /home/airflow/.local/lib/python3.8/site-packages/airflow/example_dags/example_task_group.py
[2023-12-03T18:37:05.872+0000] {logging_mixin.py:154} INFO - [2023-12-03T18:37:05.872+0000] {dag.py:2941} INFO - Sync 1 DAGs
[2023-12-03T18:37:05.917+0000] {logging_mixin.py:154} INFO - [2023-12-03T18:37:05.917+0000] {dag.py:3722} INFO - Setting next_dagrun for example_task_group to 2023-12-02T18:37:05.916803+00:00, run_after=2023-12-03T18:37:05.916803+00:00
[2023-12-03T18:37:05.953+0000] {processor.py:179} INFO - Processing /home/airflow/.local/lib/python3.8/site-packages/airflow/example_dags/example_task_group.py took 0.171 seconds
[2023-12-03T18:37:36.123+0000] {processor.py:157} INFO - Started process (PID=914) to work on /home/airflow/.local/lib/python3.8/site-packages/airflow/example_dags/example_task_group.py
[2023-12-03T18:37:36.124+0000] {processor.py:829} INFO - Processing file /home/airflow/.local/lib/python3.8/site-packages/airflow/example_dags/example_task_group.py for tasks to queue
[2023-12-03T18:37:36.129+0000] {logging_mixin.py:154} INFO - [2023-12-03T18:37:36.128+0000] {dagbag.py:536} INFO - Filling up the DagBag from /home/airflow/.local/lib/python3.8/site-packages/airflow/example_dags/example_task_group.py
[2023-12-03T18:37:36.139+0000] {processor.py:839} INFO - DAG(s) dict_keys(['example_task_group']) retrieved from /home/airflow/.local/lib/python3.8/site-packages/airflow/example_dags/example_task_group.py
[2023-12-03T18:37:36.179+0000] {logging_mixin.py:154} INFO - [2023-12-03T18:37:36.178+0000] {dag.py:2941} INFO - Sync 1 DAGs
[2023-12-03T18:37:36.219+0000] {logging_mixin.py:154} INFO - [2023-12-03T18:37:36.219+0000] {dag.py:3722} INFO - Setting next_dagrun for example_task_group to 2023-12-02T18:37:36.218810+00:00, run_after=2023-12-03T18:37:36.218810+00:00
[2023-12-03T18:37:36.260+0000] {processor.py:179} INFO - Processing /home/airflow/.local/lib/python3.8/site-packages/airflow/example_dags/example_task_group.py took 0.140 seconds
[2023-12-03T18:38:06.572+0000] {processor.py:157} INFO - Started process (PID=969) to work on /home/airflow/.local/lib/python3.8/site-packages/airflow/example_dags/example_task_group.py
[2023-12-03T18:38:06.574+0000] {processor.py:829} INFO - Processing file /home/airflow/.local/lib/python3.8/site-packages/airflow/example_dags/example_task_group.py for tasks to queue
[2023-12-03T18:38:06.579+0000] {logging_mixin.py:154} INFO - [2023-12-03T18:38:06.579+0000] {dagbag.py:536} INFO - Filling up the DagBag from /home/airflow/.local/lib/python3.8/site-packages/airflow/example_dags/example_task_group.py
[2023-12-03T18:38:06.592+0000] {processor.py:839} INFO - DAG(s) dict_keys(['example_task_group']) retrieved from /home/airflow/.local/lib/python3.8/site-packages/airflow/example_dags/example_task_group.py
[2023-12-03T18:38:06.624+0000] {logging_mixin.py:154} INFO - [2023-12-03T18:38:06.623+0000] {dag.py:2941} INFO - Sync 1 DAGs
[2023-12-03T18:38:06.664+0000] {logging_mixin.py:154} INFO - [2023-12-03T18:38:06.663+0000] {dag.py:3722} INFO - Setting next_dagrun for example_task_group to 2023-12-02T18:38:06.663526+00:00, run_after=2023-12-03T18:38:06.663526+00:00
[2023-12-03T18:38:06.701+0000] {processor.py:179} INFO - Processing /home/airflow/.local/lib/python3.8/site-packages/airflow/example_dags/example_task_group.py took 0.136 seconds
[2023-12-03T18:38:37.201+0000] {processor.py:157} INFO - Started process (PID=1024) to work on /home/airflow/.local/lib/python3.8/site-packages/airflow/example_dags/example_task_group.py
[2023-12-03T18:38:37.203+0000] {processor.py:829} INFO - Processing file /home/airflow/.local/lib/python3.8/site-packages/airflow/example_dags/example_task_group.py for tasks to queue
[2023-12-03T18:38:37.211+0000] {logging_mixin.py:154} INFO - [2023-12-03T18:38:37.210+0000] {dagbag.py:536} INFO - Filling up the DagBag from /home/airflow/.local/lib/python3.8/site-packages/airflow/example_dags/example_task_group.py
[2023-12-03T18:38:37.234+0000] {processor.py:839} INFO - DAG(s) dict_keys(['example_task_group']) retrieved from /home/airflow/.local/lib/python3.8/site-packages/airflow/example_dags/example_task_group.py
[2023-12-03T18:38:37.278+0000] {logging_mixin.py:154} INFO - [2023-12-03T18:38:37.278+0000] {dag.py:2941} INFO - Sync 1 DAGs
[2023-12-03T18:38:37.309+0000] {logging_mixin.py:154} INFO - [2023-12-03T18:38:37.309+0000] {dag.py:3722} INFO - Setting next_dagrun for example_task_group to 2023-12-02T18:38:37.309360+00:00, run_after=2023-12-03T18:38:37.309360+00:00
[2023-12-03T18:38:37.338+0000] {processor.py:179} INFO - Processing /home/airflow/.local/lib/python3.8/site-packages/airflow/example_dags/example_task_group.py took 0.149 seconds
[2023-12-03T18:39:07.824+0000] {processor.py:157} INFO - Started process (PID=1079) to work on /home/airflow/.local/lib/python3.8/site-packages/airflow/example_dags/example_task_group.py
[2023-12-03T18:39:07.825+0000] {processor.py:829} INFO - Processing file /home/airflow/.local/lib/python3.8/site-packages/airflow/example_dags/example_task_group.py for tasks to queue
[2023-12-03T18:39:07.829+0000] {logging_mixin.py:154} INFO - [2023-12-03T18:39:07.828+0000] {dagbag.py:536} INFO - Filling up the DagBag from /home/airflow/.local/lib/python3.8/site-packages/airflow/example_dags/example_task_group.py
[2023-12-03T18:39:07.840+0000] {processor.py:839} INFO - DAG(s) dict_keys(['example_task_group']) retrieved from /home/airflow/.local/lib/python3.8/site-packages/airflow/example_dags/example_task_group.py
[2023-12-03T18:39:07.877+0000] {logging_mixin.py:154} INFO - [2023-12-03T18:39:07.877+0000] {dag.py:2941} INFO - Sync 1 DAGs
[2023-12-03T18:39:07.912+0000] {logging_mixin.py:154} INFO - [2023-12-03T18:39:07.911+0000] {dag.py:3722} INFO - Setting next_dagrun for example_task_group to 2023-12-02T18:39:07.911320+00:00, run_after=2023-12-03T18:39:07.911320+00:00
[2023-12-03T18:39:07.942+0000] {processor.py:179} INFO - Processing /home/airflow/.local/lib/python3.8/site-packages/airflow/example_dags/example_task_group.py took 0.122 seconds
[2023-12-03T18:39:38.918+0000] {processor.py:157} INFO - Started process (PID=1134) to work on /home/airflow/.local/lib/python3.8/site-packages/airflow/example_dags/example_task_group.py
[2023-12-03T18:39:38.919+0000] {processor.py:829} INFO - Processing file /home/airflow/.local/lib/python3.8/site-packages/airflow/example_dags/example_task_group.py for tasks to queue
[2023-12-03T18:39:38.924+0000] {logging_mixin.py:154} INFO - [2023-12-03T18:39:38.923+0000] {dagbag.py:536} INFO - Filling up the DagBag from /home/airflow/.local/lib/python3.8/site-packages/airflow/example_dags/example_task_group.py
[2023-12-03T18:39:38.936+0000] {processor.py:839} INFO - DAG(s) dict_keys(['example_task_group']) retrieved from /home/airflow/.local/lib/python3.8/site-packages/airflow/example_dags/example_task_group.py
[2023-12-03T18:39:38.968+0000] {logging_mixin.py:154} INFO - [2023-12-03T18:39:38.968+0000] {dag.py:2941} INFO - Sync 1 DAGs
[2023-12-03T18:39:39.003+0000] {logging_mixin.py:154} INFO - [2023-12-03T18:39:39.003+0000] {dag.py:3722} INFO - Setting next_dagrun for example_task_group to 2023-12-02T18:39:39.002686+00:00, run_after=2023-12-03T18:39:39.002686+00:00
[2023-12-03T18:39:39.033+0000] {processor.py:179} INFO - Processing /home/airflow/.local/lib/python3.8/site-packages/airflow/example_dags/example_task_group.py took 0.122 seconds
[2023-12-03T18:40:09.426+0000] {processor.py:157} INFO - Started process (PID=1189) to work on /home/airflow/.local/lib/python3.8/site-packages/airflow/example_dags/example_task_group.py
[2023-12-03T18:40:09.427+0000] {processor.py:829} INFO - Processing file /home/airflow/.local/lib/python3.8/site-packages/airflow/example_dags/example_task_group.py for tasks to queue
[2023-12-03T18:40:09.431+0000] {logging_mixin.py:154} INFO - [2023-12-03T18:40:09.431+0000] {dagbag.py:536} INFO - Filling up the DagBag from /home/airflow/.local/lib/python3.8/site-packages/airflow/example_dags/example_task_group.py
[2023-12-03T18:40:09.446+0000] {processor.py:839} INFO - DAG(s) dict_keys(['example_task_group']) retrieved from /home/airflow/.local/lib/python3.8/site-packages/airflow/example_dags/example_task_group.py
[2023-12-03T18:40:09.488+0000] {logging_mixin.py:154} INFO - [2023-12-03T18:40:09.487+0000] {dag.py:2941} INFO - Sync 1 DAGs
[2023-12-03T18:40:09.525+0000] {logging_mixin.py:154} INFO - [2023-12-03T18:40:09.525+0000] {dag.py:3722} INFO - Setting next_dagrun for example_task_group to 2023-12-02T18:40:09.525027+00:00, run_after=2023-12-03T18:40:09.525027+00:00
[2023-12-03T18:40:09.561+0000] {processor.py:179} INFO - Processing /home/airflow/.local/lib/python3.8/site-packages/airflow/example_dags/example_task_group.py took 0.140 seconds
[2023-12-03T18:41:34.632+0000] {processor.py:157} INFO - Started process (PID=74) to work on /home/airflow/.local/lib/python3.8/site-packages/airflow/example_dags/example_task_group.py
[2023-12-03T18:41:34.634+0000] {processor.py:829} INFO - Processing file /home/airflow/.local/lib/python3.8/site-packages/airflow/example_dags/example_task_group.py for tasks to queue
[2023-12-03T18:41:34.637+0000] {logging_mixin.py:154} INFO - [2023-12-03T18:41:34.637+0000] {dagbag.py:536} INFO - Filling up the DagBag from /home/airflow/.local/lib/python3.8/site-packages/airflow/example_dags/example_task_group.py
[2023-12-03T18:41:34.648+0000] {processor.py:839} INFO - DAG(s) dict_keys(['example_task_group']) retrieved from /home/airflow/.local/lib/python3.8/site-packages/airflow/example_dags/example_task_group.py
[2023-12-03T18:41:34.698+0000] {logging_mixin.py:154} INFO - [2023-12-03T18:41:34.698+0000] {dag.py:2941} INFO - Sync 1 DAGs
[2023-12-03T18:41:34.742+0000] {logging_mixin.py:154} INFO - [2023-12-03T18:41:34.742+0000] {dag.py:3722} INFO - Setting next_dagrun for example_task_group to 2023-12-02T18:41:34.741378+00:00, run_after=2023-12-03T18:41:34.741378+00:00
[2023-12-03T18:41:34.776+0000] {processor.py:179} INFO - Processing /home/airflow/.local/lib/python3.8/site-packages/airflow/example_dags/example_task_group.py took 0.149 seconds
[2023-12-03T18:41:58.844+0000] {processor.py:157} INFO - Started process (PID=73) to work on /home/airflow/.local/lib/python3.8/site-packages/airflow/example_dags/example_task_group.py
[2023-12-03T18:41:58.846+0000] {processor.py:829} INFO - Processing file /home/airflow/.local/lib/python3.8/site-packages/airflow/example_dags/example_task_group.py for tasks to queue
[2023-12-03T18:41:58.850+0000] {logging_mixin.py:154} INFO - [2023-12-03T18:41:58.849+0000] {dagbag.py:536} INFO - Filling up the DagBag from /home/airflow/.local/lib/python3.8/site-packages/airflow/example_dags/example_task_group.py
[2023-12-03T18:41:58.864+0000] {processor.py:839} INFO - DAG(s) dict_keys(['example_task_group']) retrieved from /home/airflow/.local/lib/python3.8/site-packages/airflow/example_dags/example_task_group.py
[2023-12-03T18:41:58.900+0000] {logging_mixin.py:154} INFO - [2023-12-03T18:41:58.899+0000] {dag.py:2941} INFO - Sync 1 DAGs
[2023-12-03T18:41:58.941+0000] {logging_mixin.py:154} INFO - [2023-12-03T18:41:58.940+0000] {dag.py:3722} INFO - Setting next_dagrun for example_task_group to 2023-12-02T18:41:58.940464+00:00, run_after=2023-12-03T18:41:58.940464+00:00
[2023-12-03T18:41:58.977+0000] {processor.py:179} INFO - Processing /home/airflow/.local/lib/python3.8/site-packages/airflow/example_dags/example_task_group.py took 0.139 seconds
[2023-12-03T18:42:29.591+0000] {processor.py:157} INFO - Started process (PID=128) to work on /home/airflow/.local/lib/python3.8/site-packages/airflow/example_dags/example_task_group.py
[2023-12-03T18:42:29.593+0000] {processor.py:829} INFO - Processing file /home/airflow/.local/lib/python3.8/site-packages/airflow/example_dags/example_task_group.py for tasks to queue
[2023-12-03T18:42:29.597+0000] {logging_mixin.py:154} INFO - [2023-12-03T18:42:29.596+0000] {dagbag.py:536} INFO - Filling up the DagBag from /home/airflow/.local/lib/python3.8/site-packages/airflow/example_dags/example_task_group.py
[2023-12-03T18:42:29.610+0000] {processor.py:839} INFO - DAG(s) dict_keys(['example_task_group']) retrieved from /home/airflow/.local/lib/python3.8/site-packages/airflow/example_dags/example_task_group.py
[2023-12-03T18:42:29.652+0000] {logging_mixin.py:154} INFO - [2023-12-03T18:42:29.651+0000] {dag.py:2941} INFO - Sync 1 DAGs
[2023-12-03T18:42:29.697+0000] {logging_mixin.py:154} INFO - [2023-12-03T18:42:29.697+0000] {dag.py:3722} INFO - Setting next_dagrun for example_task_group to 2023-12-02T18:42:29.696967+00:00, run_after=2023-12-03T18:42:29.696967+00:00
[2023-12-03T18:42:29.744+0000] {processor.py:179} INFO - Processing /home/airflow/.local/lib/python3.8/site-packages/airflow/example_dags/example_task_group.py took 0.158 seconds
[2023-12-03T18:43:00.616+0000] {processor.py:157} INFO - Started process (PID=184) to work on /home/airflow/.local/lib/python3.8/site-packages/airflow/example_dags/example_task_group.py
[2023-12-03T18:43:00.617+0000] {processor.py:829} INFO - Processing file /home/airflow/.local/lib/python3.8/site-packages/airflow/example_dags/example_task_group.py for tasks to queue
[2023-12-03T18:43:00.621+0000] {logging_mixin.py:154} INFO - [2023-12-03T18:43:00.621+0000] {dagbag.py:536} INFO - Filling up the DagBag from /home/airflow/.local/lib/python3.8/site-packages/airflow/example_dags/example_task_group.py
[2023-12-03T18:43:00.635+0000] {processor.py:839} INFO - DAG(s) dict_keys(['example_task_group']) retrieved from /home/airflow/.local/lib/python3.8/site-packages/airflow/example_dags/example_task_group.py
[2023-12-03T18:43:00.681+0000] {logging_mixin.py:154} INFO - [2023-12-03T18:43:00.680+0000] {dag.py:2941} INFO - Sync 1 DAGs
[2023-12-03T18:43:00.725+0000] {logging_mixin.py:154} INFO - [2023-12-03T18:43:00.724+0000] {dag.py:3722} INFO - Setting next_dagrun for example_task_group to 2023-12-02T18:43:00.724496+00:00, run_after=2023-12-03T18:43:00.724496+00:00
[2023-12-03T18:43:00.755+0000] {processor.py:179} INFO - Processing /home/airflow/.local/lib/python3.8/site-packages/airflow/example_dags/example_task_group.py took 0.145 seconds
[2023-12-03T18:43:31.304+0000] {processor.py:157} INFO - Started process (PID=239) to work on /home/airflow/.local/lib/python3.8/site-packages/airflow/example_dags/example_task_group.py
[2023-12-03T18:43:31.305+0000] {processor.py:829} INFO - Processing file /home/airflow/.local/lib/python3.8/site-packages/airflow/example_dags/example_task_group.py for tasks to queue
[2023-12-03T18:43:31.309+0000] {logging_mixin.py:154} INFO - [2023-12-03T18:43:31.309+0000] {dagbag.py:536} INFO - Filling up the DagBag from /home/airflow/.local/lib/python3.8/site-packages/airflow/example_dags/example_task_group.py
[2023-12-03T18:43:31.324+0000] {processor.py:839} INFO - DAG(s) dict_keys(['example_task_group']) retrieved from /home/airflow/.local/lib/python3.8/site-packages/airflow/example_dags/example_task_group.py
[2023-12-03T18:43:31.361+0000] {logging_mixin.py:154} INFO - [2023-12-03T18:43:31.360+0000] {dag.py:2941} INFO - Sync 1 DAGs
[2023-12-03T18:43:31.396+0000] {logging_mixin.py:154} INFO - [2023-12-03T18:43:31.396+0000] {dag.py:3722} INFO - Setting next_dagrun for example_task_group to 2023-12-02T18:43:31.395694+00:00, run_after=2023-12-03T18:43:31.395694+00:00
[2023-12-03T18:43:31.429+0000] {processor.py:179} INFO - Processing /home/airflow/.local/lib/python3.8/site-packages/airflow/example_dags/example_task_group.py took 0.130 seconds
[2023-12-03T18:44:02.363+0000] {processor.py:157} INFO - Started process (PID=294) to work on /home/airflow/.local/lib/python3.8/site-packages/airflow/example_dags/example_task_group.py
[2023-12-03T18:44:02.365+0000] {processor.py:829} INFO - Processing file /home/airflow/.local/lib/python3.8/site-packages/airflow/example_dags/example_task_group.py for tasks to queue
[2023-12-03T18:44:02.370+0000] {logging_mixin.py:154} INFO - [2023-12-03T18:44:02.369+0000] {dagbag.py:536} INFO - Filling up the DagBag from /home/airflow/.local/lib/python3.8/site-packages/airflow/example_dags/example_task_group.py
[2023-12-03T18:44:02.384+0000] {processor.py:839} INFO - DAG(s) dict_keys(['example_task_group']) retrieved from /home/airflow/.local/lib/python3.8/site-packages/airflow/example_dags/example_task_group.py
[2023-12-03T18:44:02.419+0000] {logging_mixin.py:154} INFO - [2023-12-03T18:44:02.418+0000] {dag.py:2941} INFO - Sync 1 DAGs
[2023-12-03T18:44:02.455+0000] {logging_mixin.py:154} INFO - [2023-12-03T18:44:02.455+0000] {dag.py:3722} INFO - Setting next_dagrun for example_task_group to 2023-12-02T18:44:02.455163+00:00, run_after=2023-12-03T18:44:02.455163+00:00
[2023-12-03T18:44:02.494+0000] {processor.py:179} INFO - Processing /home/airflow/.local/lib/python3.8/site-packages/airflow/example_dags/example_task_group.py took 0.138 seconds
[2023-12-03T18:44:32.718+0000] {processor.py:157} INFO - Started process (PID=349) to work on /home/airflow/.local/lib/python3.8/site-packages/airflow/example_dags/example_task_group.py
[2023-12-03T18:44:32.719+0000] {processor.py:829} INFO - Processing file /home/airflow/.local/lib/python3.8/site-packages/airflow/example_dags/example_task_group.py for tasks to queue
[2023-12-03T18:44:32.723+0000] {logging_mixin.py:154} INFO - [2023-12-03T18:44:32.722+0000] {dagbag.py:536} INFO - Filling up the DagBag from /home/airflow/.local/lib/python3.8/site-packages/airflow/example_dags/example_task_group.py
[2023-12-03T18:44:32.733+0000] {processor.py:839} INFO - DAG(s) dict_keys(['example_task_group']) retrieved from /home/airflow/.local/lib/python3.8/site-packages/airflow/example_dags/example_task_group.py
[2023-12-03T18:44:32.764+0000] {logging_mixin.py:154} INFO - [2023-12-03T18:44:32.763+0000] {dag.py:2941} INFO - Sync 1 DAGs
[2023-12-03T18:44:32.800+0000] {logging_mixin.py:154} INFO - [2023-12-03T18:44:32.800+0000] {dag.py:3722} INFO - Setting next_dagrun for example_task_group to 2023-12-02T18:44:32.799851+00:00, run_after=2023-12-03T18:44:32.799851+00:00
[2023-12-03T18:44:32.844+0000] {processor.py:179} INFO - Processing /home/airflow/.local/lib/python3.8/site-packages/airflow/example_dags/example_task_group.py took 0.131 seconds
[2023-12-03T18:48:30.559+0000] {processor.py:157} INFO - Started process (PID=77) to work on /home/airflow/.local/lib/python3.8/site-packages/airflow/example_dags/example_task_group.py
[2023-12-03T18:48:30.561+0000] {processor.py:829} INFO - Processing file /home/airflow/.local/lib/python3.8/site-packages/airflow/example_dags/example_task_group.py for tasks to queue
[2023-12-03T18:48:30.564+0000] {logging_mixin.py:154} INFO - [2023-12-03T18:48:30.564+0000] {dagbag.py:536} INFO - Filling up the DagBag from /home/airflow/.local/lib/python3.8/site-packages/airflow/example_dags/example_task_group.py
[2023-12-03T18:48:30.576+0000] {processor.py:839} INFO - DAG(s) dict_keys(['example_task_group']) retrieved from /home/airflow/.local/lib/python3.8/site-packages/airflow/example_dags/example_task_group.py
[2023-12-03T18:48:30.597+0000] {logging_mixin.py:154} INFO - [2023-12-03T18:48:30.596+0000] {dag.py:2941} INFO - Sync 1 DAGs
[2023-12-03T18:48:30.636+0000] {logging_mixin.py:154} INFO - [2023-12-03T18:48:30.636+0000] {dag.py:3722} INFO - Setting next_dagrun for example_task_group to 2023-12-02T18:48:30.635767+00:00, run_after=2023-12-03T18:48:30.635767+00:00
[2023-12-03T18:48:30.684+0000] {processor.py:179} INFO - Processing /home/airflow/.local/lib/python3.8/site-packages/airflow/example_dags/example_task_group.py took 0.129 seconds
[2023-12-03T18:49:01.467+0000] {processor.py:157} INFO - Started process (PID=132) to work on /home/airflow/.local/lib/python3.8/site-packages/airflow/example_dags/example_task_group.py
[2023-12-03T18:49:01.469+0000] {processor.py:829} INFO - Processing file /home/airflow/.local/lib/python3.8/site-packages/airflow/example_dags/example_task_group.py for tasks to queue
[2023-12-03T18:49:01.474+0000] {logging_mixin.py:154} INFO - [2023-12-03T18:49:01.473+0000] {dagbag.py:536} INFO - Filling up the DagBag from /home/airflow/.local/lib/python3.8/site-packages/airflow/example_dags/example_task_group.py
[2023-12-03T18:49:01.494+0000] {processor.py:839} INFO - DAG(s) dict_keys(['example_task_group']) retrieved from /home/airflow/.local/lib/python3.8/site-packages/airflow/example_dags/example_task_group.py
[2023-12-03T18:49:01.556+0000] {logging_mixin.py:154} INFO - [2023-12-03T18:49:01.556+0000] {dag.py:2941} INFO - Sync 1 DAGs
[2023-12-03T18:49:01.605+0000] {logging_mixin.py:154} INFO - [2023-12-03T18:49:01.604+0000] {dag.py:3722} INFO - Setting next_dagrun for example_task_group to 2023-12-02T18:49:01.604056+00:00, run_after=2023-12-03T18:49:01.604056+00:00
[2023-12-03T18:49:01.642+0000] {processor.py:179} INFO - Processing /home/airflow/.local/lib/python3.8/site-packages/airflow/example_dags/example_task_group.py took 0.183 seconds
[2023-12-03T18:49:31.969+0000] {processor.py:157} INFO - Started process (PID=187) to work on /home/airflow/.local/lib/python3.8/site-packages/airflow/example_dags/example_task_group.py
[2023-12-03T18:49:31.971+0000] {processor.py:829} INFO - Processing file /home/airflow/.local/lib/python3.8/site-packages/airflow/example_dags/example_task_group.py for tasks to queue
[2023-12-03T18:49:31.978+0000] {logging_mixin.py:154} INFO - [2023-12-03T18:49:31.977+0000] {dagbag.py:536} INFO - Filling up the DagBag from /home/airflow/.local/lib/python3.8/site-packages/airflow/example_dags/example_task_group.py
[2023-12-03T18:49:31.998+0000] {processor.py:839} INFO - DAG(s) dict_keys(['example_task_group']) retrieved from /home/airflow/.local/lib/python3.8/site-packages/airflow/example_dags/example_task_group.py
[2023-12-03T18:49:32.049+0000] {logging_mixin.py:154} INFO - [2023-12-03T18:49:32.049+0000] {dag.py:2941} INFO - Sync 1 DAGs
[2023-12-03T18:49:32.084+0000] {logging_mixin.py:154} INFO - [2023-12-03T18:49:32.083+0000] {dag.py:3722} INFO - Setting next_dagrun for example_task_group to 2023-12-02T18:49:32.083440+00:00, run_after=2023-12-03T18:49:32.083440+00:00
[2023-12-03T18:49:32.116+0000] {processor.py:179} INFO - Processing /home/airflow/.local/lib/python3.8/site-packages/airflow/example_dags/example_task_group.py took 0.158 seconds
