[2023-12-03T18:18:48.110+0000] {processor.py:157} INFO - Started process (PID=59) to work on /home/airflow/.local/lib/python3.8/site-packages/airflow/example_dags/tutorial.py
[2023-12-03T18:18:48.112+0000] {processor.py:829} INFO - Processing file /home/airflow/.local/lib/python3.8/site-packages/airflow/example_dags/tutorial.py for tasks to queue
[2023-12-03T18:18:48.117+0000] {logging_mixin.py:154} INFO - [2023-12-03T18:18:48.116+0000] {dagbag.py:536} INFO - Filling up the DagBag from /home/airflow/.local/lib/python3.8/site-packages/airflow/example_dags/tutorial.py
[2023-12-03T18:18:48.132+0000] {processor.py:839} INFO - DAG(s) dict_keys(['tutorial']) retrieved from /home/airflow/.local/lib/python3.8/site-packages/airflow/example_dags/tutorial.py
[2023-12-03T18:18:48.177+0000] {logging_mixin.py:154} INFO - [2023-12-03T18:18:48.177+0000] {dag.py:2941} INFO - Sync 1 DAGs
[2023-12-03T18:18:48.245+0000] {logging_mixin.py:154} INFO - [2023-12-03T18:18:48.244+0000] {dag.py:3722} INFO - Setting next_dagrun for tutorial to 2023-12-02T18:18:48.244365+00:00, run_after=2023-12-03T18:18:48.244365+00:00
[2023-12-03T18:18:48.284+0000] {processor.py:179} INFO - Processing /home/airflow/.local/lib/python3.8/site-packages/airflow/example_dags/tutorial.py took 0.181 seconds
[2023-12-03T18:19:19.265+0000] {processor.py:157} INFO - Started process (PID=113) to work on /home/airflow/.local/lib/python3.8/site-packages/airflow/example_dags/tutorial.py
[2023-12-03T18:19:19.267+0000] {processor.py:829} INFO - Processing file /home/airflow/.local/lib/python3.8/site-packages/airflow/example_dags/tutorial.py for tasks to queue
[2023-12-03T18:19:19.271+0000] {logging_mixin.py:154} INFO - [2023-12-03T18:19:19.271+0000] {dagbag.py:536} INFO - Filling up the DagBag from /home/airflow/.local/lib/python3.8/site-packages/airflow/example_dags/tutorial.py
[2023-12-03T18:19:19.285+0000] {processor.py:839} INFO - DAG(s) dict_keys(['tutorial']) retrieved from /home/airflow/.local/lib/python3.8/site-packages/airflow/example_dags/tutorial.py
[2023-12-03T18:19:19.320+0000] {logging_mixin.py:154} INFO - [2023-12-03T18:19:19.319+0000] {dag.py:2941} INFO - Sync 1 DAGs
[2023-12-03T18:19:19.355+0000] {logging_mixin.py:154} INFO - [2023-12-03T18:19:19.355+0000] {dag.py:3722} INFO - Setting next_dagrun for tutorial to 2023-12-02T18:19:19.355220+00:00, run_after=2023-12-03T18:19:19.355220+00:00
[2023-12-03T18:19:19.392+0000] {processor.py:179} INFO - Processing /home/airflow/.local/lib/python3.8/site-packages/airflow/example_dags/tutorial.py took 0.134 seconds
[2023-12-03T18:19:50.265+0000] {processor.py:157} INFO - Started process (PID=167) to work on /home/airflow/.local/lib/python3.8/site-packages/airflow/example_dags/tutorial.py
[2023-12-03T18:19:50.266+0000] {processor.py:829} INFO - Processing file /home/airflow/.local/lib/python3.8/site-packages/airflow/example_dags/tutorial.py for tasks to queue
[2023-12-03T18:19:50.270+0000] {logging_mixin.py:154} INFO - [2023-12-03T18:19:50.269+0000] {dagbag.py:536} INFO - Filling up the DagBag from /home/airflow/.local/lib/python3.8/site-packages/airflow/example_dags/tutorial.py
[2023-12-03T18:19:50.280+0000] {processor.py:839} INFO - DAG(s) dict_keys(['tutorial']) retrieved from /home/airflow/.local/lib/python3.8/site-packages/airflow/example_dags/tutorial.py
[2023-12-03T18:19:50.297+0000] {logging_mixin.py:154} INFO - [2023-12-03T18:19:50.297+0000] {dag.py:2941} INFO - Sync 1 DAGs
[2023-12-03T18:19:50.337+0000] {logging_mixin.py:154} INFO - [2023-12-03T18:19:50.336+0000] {dag.py:3722} INFO - Setting next_dagrun for tutorial to 2023-12-02T18:19:50.336433+00:00, run_after=2023-12-03T18:19:50.336433+00:00
[2023-12-03T18:19:50.387+0000] {processor.py:179} INFO - Processing /home/airflow/.local/lib/python3.8/site-packages/airflow/example_dags/tutorial.py took 0.128 seconds
[2023-12-03T18:20:20.629+0000] {processor.py:157} INFO - Started process (PID=221) to work on /home/airflow/.local/lib/python3.8/site-packages/airflow/example_dags/tutorial.py
[2023-12-03T18:20:20.630+0000] {processor.py:829} INFO - Processing file /home/airflow/.local/lib/python3.8/site-packages/airflow/example_dags/tutorial.py for tasks to queue
[2023-12-03T18:20:20.635+0000] {logging_mixin.py:154} INFO - [2023-12-03T18:20:20.634+0000] {dagbag.py:536} INFO - Filling up the DagBag from /home/airflow/.local/lib/python3.8/site-packages/airflow/example_dags/tutorial.py
[2023-12-03T18:20:20.645+0000] {processor.py:839} INFO - DAG(s) dict_keys(['tutorial']) retrieved from /home/airflow/.local/lib/python3.8/site-packages/airflow/example_dags/tutorial.py
[2023-12-03T18:20:20.676+0000] {logging_mixin.py:154} INFO - [2023-12-03T18:20:20.675+0000] {dag.py:2941} INFO - Sync 1 DAGs
[2023-12-03T18:20:20.712+0000] {logging_mixin.py:154} INFO - [2023-12-03T18:20:20.712+0000] {dag.py:3722} INFO - Setting next_dagrun for tutorial to 2023-12-02T18:20:20.712316+00:00, run_after=2023-12-03T18:20:20.712316+00:00
[2023-12-03T18:20:20.746+0000] {processor.py:179} INFO - Processing /home/airflow/.local/lib/python3.8/site-packages/airflow/example_dags/tutorial.py took 0.123 seconds
[2023-12-03T18:20:51.737+0000] {processor.py:157} INFO - Started process (PID=282) to work on /home/airflow/.local/lib/python3.8/site-packages/airflow/example_dags/tutorial.py
[2023-12-03T18:20:51.739+0000] {processor.py:829} INFO - Processing file /home/airflow/.local/lib/python3.8/site-packages/airflow/example_dags/tutorial.py for tasks to queue
[2023-12-03T18:20:51.746+0000] {logging_mixin.py:154} INFO - [2023-12-03T18:20:51.746+0000] {dagbag.py:536} INFO - Filling up the DagBag from /home/airflow/.local/lib/python3.8/site-packages/airflow/example_dags/tutorial.py
[2023-12-03T18:20:51.762+0000] {processor.py:839} INFO - DAG(s) dict_keys(['tutorial']) retrieved from /home/airflow/.local/lib/python3.8/site-packages/airflow/example_dags/tutorial.py
[2023-12-03T18:20:51.843+0000] {logging_mixin.py:154} INFO - [2023-12-03T18:20:51.843+0000] {dag.py:2941} INFO - Sync 1 DAGs
[2023-12-03T18:20:51.921+0000] {logging_mixin.py:154} INFO - [2023-12-03T18:20:51.920+0000] {dag.py:3722} INFO - Setting next_dagrun for tutorial to 2023-12-02T18:20:51.919886+00:00, run_after=2023-12-03T18:20:51.919886+00:00
[2023-12-03T18:20:51.965+0000] {processor.py:179} INFO - Processing /home/airflow/.local/lib/python3.8/site-packages/airflow/example_dags/tutorial.py took 0.241 seconds
[2023-12-03T18:21:22.397+0000] {processor.py:157} INFO - Started process (PID=336) to work on /home/airflow/.local/lib/python3.8/site-packages/airflow/example_dags/tutorial.py
[2023-12-03T18:21:22.400+0000] {processor.py:829} INFO - Processing file /home/airflow/.local/lib/python3.8/site-packages/airflow/example_dags/tutorial.py for tasks to queue
[2023-12-03T18:21:22.406+0000] {logging_mixin.py:154} INFO - [2023-12-03T18:21:22.405+0000] {dagbag.py:536} INFO - Filling up the DagBag from /home/airflow/.local/lib/python3.8/site-packages/airflow/example_dags/tutorial.py
[2023-12-03T18:21:22.423+0000] {processor.py:839} INFO - DAG(s) dict_keys(['tutorial']) retrieved from /home/airflow/.local/lib/python3.8/site-packages/airflow/example_dags/tutorial.py
[2023-12-03T18:21:22.453+0000] {logging_mixin.py:154} INFO - [2023-12-03T18:21:22.453+0000] {dag.py:2941} INFO - Sync 1 DAGs
[2023-12-03T18:21:22.504+0000] {logging_mixin.py:154} INFO - [2023-12-03T18:21:22.504+0000] {dag.py:3722} INFO - Setting next_dagrun for tutorial to 2023-12-02T18:21:22.503685+00:00, run_after=2023-12-03T18:21:22.503685+00:00
[2023-12-03T18:21:22.557+0000] {processor.py:179} INFO - Processing /home/airflow/.local/lib/python3.8/site-packages/airflow/example_dags/tutorial.py took 0.172 seconds
[2023-12-03T18:21:53.137+0000] {processor.py:157} INFO - Started process (PID=390) to work on /home/airflow/.local/lib/python3.8/site-packages/airflow/example_dags/tutorial.py
[2023-12-03T18:21:53.139+0000] {processor.py:829} INFO - Processing file /home/airflow/.local/lib/python3.8/site-packages/airflow/example_dags/tutorial.py for tasks to queue
[2023-12-03T18:21:53.143+0000] {logging_mixin.py:154} INFO - [2023-12-03T18:21:53.142+0000] {dagbag.py:536} INFO - Filling up the DagBag from /home/airflow/.local/lib/python3.8/site-packages/airflow/example_dags/tutorial.py
[2023-12-03T18:21:53.153+0000] {processor.py:839} INFO - DAG(s) dict_keys(['tutorial']) retrieved from /home/airflow/.local/lib/python3.8/site-packages/airflow/example_dags/tutorial.py
[2023-12-03T18:21:53.203+0000] {logging_mixin.py:154} INFO - [2023-12-03T18:21:53.203+0000] {dag.py:2941} INFO - Sync 1 DAGs
[2023-12-03T18:21:53.241+0000] {logging_mixin.py:154} INFO - [2023-12-03T18:21:53.241+0000] {dag.py:3722} INFO - Setting next_dagrun for tutorial to 2023-12-02T18:21:53.240829+00:00, run_after=2023-12-03T18:21:53.240829+00:00
[2023-12-03T18:21:53.288+0000] {processor.py:179} INFO - Processing /home/airflow/.local/lib/python3.8/site-packages/airflow/example_dags/tutorial.py took 0.155 seconds
[2023-12-03T18:22:24.430+0000] {processor.py:157} INFO - Started process (PID=444) to work on /home/airflow/.local/lib/python3.8/site-packages/airflow/example_dags/tutorial.py
[2023-12-03T18:22:24.433+0000] {processor.py:829} INFO - Processing file /home/airflow/.local/lib/python3.8/site-packages/airflow/example_dags/tutorial.py for tasks to queue
[2023-12-03T18:22:24.440+0000] {logging_mixin.py:154} INFO - [2023-12-03T18:22:24.439+0000] {dagbag.py:536} INFO - Filling up the DagBag from /home/airflow/.local/lib/python3.8/site-packages/airflow/example_dags/tutorial.py
[2023-12-03T18:22:24.455+0000] {processor.py:839} INFO - DAG(s) dict_keys(['tutorial']) retrieved from /home/airflow/.local/lib/python3.8/site-packages/airflow/example_dags/tutorial.py
[2023-12-03T18:22:24.503+0000] {logging_mixin.py:154} INFO - [2023-12-03T18:22:24.503+0000] {dag.py:2941} INFO - Sync 1 DAGs
[2023-12-03T18:22:24.570+0000] {logging_mixin.py:154} INFO - [2023-12-03T18:22:24.570+0000] {dag.py:3722} INFO - Setting next_dagrun for tutorial to 2023-12-02T18:22:24.569526+00:00, run_after=2023-12-03T18:22:24.569526+00:00
[2023-12-03T18:22:24.636+0000] {processor.py:179} INFO - Processing /home/airflow/.local/lib/python3.8/site-packages/airflow/example_dags/tutorial.py took 0.214 seconds
[2023-12-03T18:23:58.149+0000] {processor.py:157} INFO - Started process (PID=59) to work on /home/airflow/.local/lib/python3.8/site-packages/airflow/example_dags/tutorial.py
[2023-12-03T18:23:58.152+0000] {processor.py:829} INFO - Processing file /home/airflow/.local/lib/python3.8/site-packages/airflow/example_dags/tutorial.py for tasks to queue
[2023-12-03T18:23:58.159+0000] {logging_mixin.py:154} INFO - [2023-12-03T18:23:58.158+0000] {dagbag.py:536} INFO - Filling up the DagBag from /home/airflow/.local/lib/python3.8/site-packages/airflow/example_dags/tutorial.py
[2023-12-03T18:23:58.182+0000] {processor.py:839} INFO - DAG(s) dict_keys(['tutorial']) retrieved from /home/airflow/.local/lib/python3.8/site-packages/airflow/example_dags/tutorial.py
[2023-12-03T18:23:58.232+0000] {logging_mixin.py:154} INFO - [2023-12-03T18:23:58.232+0000] {dag.py:2941} INFO - Sync 1 DAGs
[2023-12-03T18:23:58.283+0000] {logging_mixin.py:154} INFO - [2023-12-03T18:23:58.282+0000] {dag.py:3722} INFO - Setting next_dagrun for tutorial to 2023-12-02T18:23:58.282128+00:00, run_after=2023-12-03T18:23:58.282128+00:00
[2023-12-03T18:23:58.320+0000] {processor.py:179} INFO - Processing /home/airflow/.local/lib/python3.8/site-packages/airflow/example_dags/tutorial.py took 0.181 seconds
[2023-12-03T18:24:29.153+0000] {processor.py:157} INFO - Started process (PID=113) to work on /home/airflow/.local/lib/python3.8/site-packages/airflow/example_dags/tutorial.py
[2023-12-03T18:24:29.154+0000] {processor.py:829} INFO - Processing file /home/airflow/.local/lib/python3.8/site-packages/airflow/example_dags/tutorial.py for tasks to queue
[2023-12-03T18:24:29.157+0000] {logging_mixin.py:154} INFO - [2023-12-03T18:24:29.156+0000] {dagbag.py:536} INFO - Filling up the DagBag from /home/airflow/.local/lib/python3.8/site-packages/airflow/example_dags/tutorial.py
[2023-12-03T18:24:29.165+0000] {processor.py:839} INFO - DAG(s) dict_keys(['tutorial']) retrieved from /home/airflow/.local/lib/python3.8/site-packages/airflow/example_dags/tutorial.py
[2023-12-03T18:24:29.194+0000] {logging_mixin.py:154} INFO - [2023-12-03T18:24:29.193+0000] {dag.py:2941} INFO - Sync 1 DAGs
[2023-12-03T18:24:29.231+0000] {logging_mixin.py:154} INFO - [2023-12-03T18:24:29.230+0000] {dag.py:3722} INFO - Setting next_dagrun for tutorial to 2023-12-02T18:24:29.230434+00:00, run_after=2023-12-03T18:24:29.230434+00:00
[2023-12-03T18:24:29.269+0000] {processor.py:179} INFO - Processing /home/airflow/.local/lib/python3.8/site-packages/airflow/example_dags/tutorial.py took 0.121 seconds
[2023-12-03T18:25:00.307+0000] {processor.py:157} INFO - Started process (PID=167) to work on /home/airflow/.local/lib/python3.8/site-packages/airflow/example_dags/tutorial.py
[2023-12-03T18:25:00.310+0000] {processor.py:829} INFO - Processing file /home/airflow/.local/lib/python3.8/site-packages/airflow/example_dags/tutorial.py for tasks to queue
[2023-12-03T18:25:00.318+0000] {logging_mixin.py:154} INFO - [2023-12-03T18:25:00.316+0000] {dagbag.py:536} INFO - Filling up the DagBag from /home/airflow/.local/lib/python3.8/site-packages/airflow/example_dags/tutorial.py
[2023-12-03T18:25:00.334+0000] {processor.py:839} INFO - DAG(s) dict_keys(['tutorial']) retrieved from /home/airflow/.local/lib/python3.8/site-packages/airflow/example_dags/tutorial.py
[2023-12-03T18:25:00.365+0000] {logging_mixin.py:154} INFO - [2023-12-03T18:25:00.365+0000] {dag.py:2941} INFO - Sync 1 DAGs
[2023-12-03T18:25:00.394+0000] {logging_mixin.py:154} INFO - [2023-12-03T18:25:00.394+0000] {dag.py:3722} INFO - Setting next_dagrun for tutorial to 2023-12-02T18:25:00.394176+00:00, run_after=2023-12-03T18:25:00.394176+00:00
[2023-12-03T18:25:00.434+0000] {processor.py:179} INFO - Processing /home/airflow/.local/lib/python3.8/site-packages/airflow/example_dags/tutorial.py took 0.136 seconds
[2023-12-03T18:25:30.727+0000] {processor.py:157} INFO - Started process (PID=221) to work on /home/airflow/.local/lib/python3.8/site-packages/airflow/example_dags/tutorial.py
[2023-12-03T18:25:30.729+0000] {processor.py:829} INFO - Processing file /home/airflow/.local/lib/python3.8/site-packages/airflow/example_dags/tutorial.py for tasks to queue
[2023-12-03T18:25:30.733+0000] {logging_mixin.py:154} INFO - [2023-12-03T18:25:30.732+0000] {dagbag.py:536} INFO - Filling up the DagBag from /home/airflow/.local/lib/python3.8/site-packages/airflow/example_dags/tutorial.py
[2023-12-03T18:25:30.741+0000] {processor.py:839} INFO - DAG(s) dict_keys(['tutorial']) retrieved from /home/airflow/.local/lib/python3.8/site-packages/airflow/example_dags/tutorial.py
[2023-12-03T18:25:30.774+0000] {logging_mixin.py:154} INFO - [2023-12-03T18:25:30.773+0000] {dag.py:2941} INFO - Sync 1 DAGs
[2023-12-03T18:25:30.821+0000] {logging_mixin.py:154} INFO - [2023-12-03T18:25:30.821+0000] {dag.py:3722} INFO - Setting next_dagrun for tutorial to 2023-12-02T18:25:30.820780+00:00, run_after=2023-12-03T18:25:30.820780+00:00
[2023-12-03T18:25:30.863+0000] {processor.py:179} INFO - Processing /home/airflow/.local/lib/python3.8/site-packages/airflow/example_dags/tutorial.py took 0.140 seconds
[2023-12-03T18:26:01.385+0000] {processor.py:157} INFO - Started process (PID=275) to work on /home/airflow/.local/lib/python3.8/site-packages/airflow/example_dags/tutorial.py
[2023-12-03T18:26:01.387+0000] {processor.py:829} INFO - Processing file /home/airflow/.local/lib/python3.8/site-packages/airflow/example_dags/tutorial.py for tasks to queue
[2023-12-03T18:26:01.391+0000] {logging_mixin.py:154} INFO - [2023-12-03T18:26:01.390+0000] {dagbag.py:536} INFO - Filling up the DagBag from /home/airflow/.local/lib/python3.8/site-packages/airflow/example_dags/tutorial.py
[2023-12-03T18:26:01.400+0000] {processor.py:839} INFO - DAG(s) dict_keys(['tutorial']) retrieved from /home/airflow/.local/lib/python3.8/site-packages/airflow/example_dags/tutorial.py
[2023-12-03T18:26:01.432+0000] {logging_mixin.py:154} INFO - [2023-12-03T18:26:01.432+0000] {dag.py:2941} INFO - Sync 1 DAGs
[2023-12-03T18:26:01.470+0000] {logging_mixin.py:154} INFO - [2023-12-03T18:26:01.470+0000] {dag.py:3722} INFO - Setting next_dagrun for tutorial to 2023-12-02T18:26:01.469947+00:00, run_after=2023-12-03T18:26:01.469947+00:00
[2023-12-03T18:26:01.514+0000] {processor.py:179} INFO - Processing /home/airflow/.local/lib/python3.8/site-packages/airflow/example_dags/tutorial.py took 0.133 seconds
[2023-12-03T18:26:31.613+0000] {processor.py:157} INFO - Started process (PID=329) to work on /home/airflow/.local/lib/python3.8/site-packages/airflow/example_dags/tutorial.py
[2023-12-03T18:26:31.616+0000] {processor.py:829} INFO - Processing file /home/airflow/.local/lib/python3.8/site-packages/airflow/example_dags/tutorial.py for tasks to queue
[2023-12-03T18:26:31.621+0000] {logging_mixin.py:154} INFO - [2023-12-03T18:26:31.621+0000] {dagbag.py:536} INFO - Filling up the DagBag from /home/airflow/.local/lib/python3.8/site-packages/airflow/example_dags/tutorial.py
[2023-12-03T18:26:31.631+0000] {processor.py:839} INFO - DAG(s) dict_keys(['tutorial']) retrieved from /home/airflow/.local/lib/python3.8/site-packages/airflow/example_dags/tutorial.py
[2023-12-03T18:26:31.665+0000] {logging_mixin.py:154} INFO - [2023-12-03T18:26:31.665+0000] {dag.py:2941} INFO - Sync 1 DAGs
[2023-12-03T18:26:31.702+0000] {logging_mixin.py:154} INFO - [2023-12-03T18:26:31.702+0000] {dag.py:3722} INFO - Setting next_dagrun for tutorial to 2023-12-02T18:26:31.701849+00:00, run_after=2023-12-03T18:26:31.701849+00:00
[2023-12-03T18:26:31.749+0000] {processor.py:179} INFO - Processing /home/airflow/.local/lib/python3.8/site-packages/airflow/example_dags/tutorial.py took 0.144 seconds
[2023-12-03T18:27:02.495+0000] {processor.py:157} INFO - Started process (PID=383) to work on /home/airflow/.local/lib/python3.8/site-packages/airflow/example_dags/tutorial.py
[2023-12-03T18:27:02.497+0000] {processor.py:829} INFO - Processing file /home/airflow/.local/lib/python3.8/site-packages/airflow/example_dags/tutorial.py for tasks to queue
[2023-12-03T18:27:02.503+0000] {logging_mixin.py:154} INFO - [2023-12-03T18:27:02.502+0000] {dagbag.py:536} INFO - Filling up the DagBag from /home/airflow/.local/lib/python3.8/site-packages/airflow/example_dags/tutorial.py
[2023-12-03T18:27:02.519+0000] {processor.py:839} INFO - DAG(s) dict_keys(['tutorial']) retrieved from /home/airflow/.local/lib/python3.8/site-packages/airflow/example_dags/tutorial.py
[2023-12-03T18:27:02.571+0000] {logging_mixin.py:154} INFO - [2023-12-03T18:27:02.570+0000] {dag.py:2941} INFO - Sync 1 DAGs
[2023-12-03T18:27:02.613+0000] {logging_mixin.py:154} INFO - [2023-12-03T18:27:02.613+0000] {dag.py:3722} INFO - Setting next_dagrun for tutorial to 2023-12-02T18:27:02.613293+00:00, run_after=2023-12-03T18:27:02.613293+00:00
[2023-12-03T18:27:02.646+0000] {processor.py:179} INFO - Processing /home/airflow/.local/lib/python3.8/site-packages/airflow/example_dags/tutorial.py took 0.156 seconds
[2023-12-03T18:27:32.754+0000] {processor.py:157} INFO - Started process (PID=437) to work on /home/airflow/.local/lib/python3.8/site-packages/airflow/example_dags/tutorial.py
[2023-12-03T18:27:32.755+0000] {processor.py:829} INFO - Processing file /home/airflow/.local/lib/python3.8/site-packages/airflow/example_dags/tutorial.py for tasks to queue
[2023-12-03T18:27:32.759+0000] {logging_mixin.py:154} INFO - [2023-12-03T18:27:32.758+0000] {dagbag.py:536} INFO - Filling up the DagBag from /home/airflow/.local/lib/python3.8/site-packages/airflow/example_dags/tutorial.py
[2023-12-03T18:27:32.773+0000] {processor.py:839} INFO - DAG(s) dict_keys(['tutorial']) retrieved from /home/airflow/.local/lib/python3.8/site-packages/airflow/example_dags/tutorial.py
[2023-12-03T18:27:32.815+0000] {logging_mixin.py:154} INFO - [2023-12-03T18:27:32.815+0000] {dag.py:2941} INFO - Sync 1 DAGs
[2023-12-03T18:27:32.859+0000] {logging_mixin.py:154} INFO - [2023-12-03T18:27:32.858+0000] {dag.py:3722} INFO - Setting next_dagrun for tutorial to 2023-12-02T18:27:32.858484+00:00, run_after=2023-12-03T18:27:32.858484+00:00
[2023-12-03T18:27:32.892+0000] {processor.py:179} INFO - Processing /home/airflow/.local/lib/python3.8/site-packages/airflow/example_dags/tutorial.py took 0.143 seconds
[2023-12-03T18:28:03.219+0000] {processor.py:157} INFO - Started process (PID=491) to work on /home/airflow/.local/lib/python3.8/site-packages/airflow/example_dags/tutorial.py
[2023-12-03T18:28:03.220+0000] {processor.py:829} INFO - Processing file /home/airflow/.local/lib/python3.8/site-packages/airflow/example_dags/tutorial.py for tasks to queue
[2023-12-03T18:28:03.225+0000] {logging_mixin.py:154} INFO - [2023-12-03T18:28:03.224+0000] {dagbag.py:536} INFO - Filling up the DagBag from /home/airflow/.local/lib/python3.8/site-packages/airflow/example_dags/tutorial.py
[2023-12-03T18:28:03.234+0000] {processor.py:839} INFO - DAG(s) dict_keys(['tutorial']) retrieved from /home/airflow/.local/lib/python3.8/site-packages/airflow/example_dags/tutorial.py
[2023-12-03T18:28:03.266+0000] {logging_mixin.py:154} INFO - [2023-12-03T18:28:03.265+0000] {dag.py:2941} INFO - Sync 1 DAGs
[2023-12-03T18:28:03.302+0000] {logging_mixin.py:154} INFO - [2023-12-03T18:28:03.302+0000] {dag.py:3722} INFO - Setting next_dagrun for tutorial to 2023-12-02T18:28:03.301731+00:00, run_after=2023-12-03T18:28:03.301731+00:00
[2023-12-03T18:28:03.334+0000] {processor.py:179} INFO - Processing /home/airflow/.local/lib/python3.8/site-packages/airflow/example_dags/tutorial.py took 0.120 seconds
[2023-12-03T18:28:33.952+0000] {processor.py:157} INFO - Started process (PID=545) to work on /home/airflow/.local/lib/python3.8/site-packages/airflow/example_dags/tutorial.py
[2023-12-03T18:28:33.954+0000] {processor.py:829} INFO - Processing file /home/airflow/.local/lib/python3.8/site-packages/airflow/example_dags/tutorial.py for tasks to queue
[2023-12-03T18:28:33.958+0000] {logging_mixin.py:154} INFO - [2023-12-03T18:28:33.958+0000] {dagbag.py:536} INFO - Filling up the DagBag from /home/airflow/.local/lib/python3.8/site-packages/airflow/example_dags/tutorial.py
[2023-12-03T18:28:33.970+0000] {processor.py:839} INFO - DAG(s) dict_keys(['tutorial']) retrieved from /home/airflow/.local/lib/python3.8/site-packages/airflow/example_dags/tutorial.py
[2023-12-03T18:28:34.006+0000] {logging_mixin.py:154} INFO - [2023-12-03T18:28:34.006+0000] {dag.py:2941} INFO - Sync 1 DAGs
[2023-12-03T18:28:34.043+0000] {logging_mixin.py:154} INFO - [2023-12-03T18:28:34.043+0000] {dag.py:3722} INFO - Setting next_dagrun for tutorial to 2023-12-02T18:28:34.043155+00:00, run_after=2023-12-03T18:28:34.043155+00:00
[2023-12-03T18:28:34.084+0000] {processor.py:179} INFO - Processing /home/airflow/.local/lib/python3.8/site-packages/airflow/example_dags/tutorial.py took 0.137 seconds
[2023-12-03T18:29:50.177+0000] {processor.py:157} INFO - Started process (PID=60) to work on /home/airflow/.local/lib/python3.8/site-packages/airflow/example_dags/tutorial.py
[2023-12-03T18:29:50.179+0000] {processor.py:829} INFO - Processing file /home/airflow/.local/lib/python3.8/site-packages/airflow/example_dags/tutorial.py for tasks to queue
[2023-12-03T18:29:50.186+0000] {logging_mixin.py:154} INFO - [2023-12-03T18:29:50.185+0000] {dagbag.py:536} INFO - Filling up the DagBag from /home/airflow/.local/lib/python3.8/site-packages/airflow/example_dags/tutorial.py
[2023-12-03T18:29:50.201+0000] {processor.py:839} INFO - DAG(s) dict_keys(['tutorial']) retrieved from /home/airflow/.local/lib/python3.8/site-packages/airflow/example_dags/tutorial.py
[2023-12-03T18:29:50.235+0000] {logging_mixin.py:154} INFO - [2023-12-03T18:29:50.235+0000] {dag.py:2941} INFO - Sync 1 DAGs
[2023-12-03T18:29:50.271+0000] {logging_mixin.py:154} INFO - [2023-12-03T18:29:50.271+0000] {dag.py:3722} INFO - Setting next_dagrun for tutorial to 2023-12-02T18:29:50.271107+00:00, run_after=2023-12-03T18:29:50.271107+00:00
[2023-12-03T18:29:50.502+0000] {processor.py:179} INFO - Processing /home/airflow/.local/lib/python3.8/site-packages/airflow/example_dags/tutorial.py took 0.334 seconds
[2023-12-03T18:30:21.370+0000] {processor.py:157} INFO - Started process (PID=115) to work on /home/airflow/.local/lib/python3.8/site-packages/airflow/example_dags/tutorial.py
[2023-12-03T18:30:21.373+0000] {processor.py:829} INFO - Processing file /home/airflow/.local/lib/python3.8/site-packages/airflow/example_dags/tutorial.py for tasks to queue
[2023-12-03T18:30:21.381+0000] {logging_mixin.py:154} INFO - [2023-12-03T18:30:21.380+0000] {dagbag.py:536} INFO - Filling up the DagBag from /home/airflow/.local/lib/python3.8/site-packages/airflow/example_dags/tutorial.py
[2023-12-03T18:30:21.397+0000] {processor.py:839} INFO - DAG(s) dict_keys(['tutorial']) retrieved from /home/airflow/.local/lib/python3.8/site-packages/airflow/example_dags/tutorial.py
[2023-12-03T18:30:21.427+0000] {logging_mixin.py:154} INFO - [2023-12-03T18:30:21.427+0000] {dag.py:2941} INFO - Sync 1 DAGs
[2023-12-03T18:30:21.619+0000] {logging_mixin.py:154} INFO - [2023-12-03T18:30:21.619+0000] {dag.py:3722} INFO - Setting next_dagrun for tutorial to 2023-12-02T18:30:21.618953+00:00, run_after=2023-12-03T18:30:21.618953+00:00
[2023-12-03T18:30:21.658+0000] {processor.py:179} INFO - Processing /home/airflow/.local/lib/python3.8/site-packages/airflow/example_dags/tutorial.py took 0.301 seconds
[2023-12-03T18:30:52.601+0000] {processor.py:157} INFO - Started process (PID=170) to work on /home/airflow/.local/lib/python3.8/site-packages/airflow/example_dags/tutorial.py
[2023-12-03T18:30:52.603+0000] {processor.py:829} INFO - Processing file /home/airflow/.local/lib/python3.8/site-packages/airflow/example_dags/tutorial.py for tasks to queue
[2023-12-03T18:30:52.611+0000] {logging_mixin.py:154} INFO - [2023-12-03T18:30:52.610+0000] {dagbag.py:536} INFO - Filling up the DagBag from /home/airflow/.local/lib/python3.8/site-packages/airflow/example_dags/tutorial.py
[2023-12-03T18:30:52.628+0000] {processor.py:839} INFO - DAG(s) dict_keys(['tutorial']) retrieved from /home/airflow/.local/lib/python3.8/site-packages/airflow/example_dags/tutorial.py
[2023-12-03T18:30:52.700+0000] {logging_mixin.py:154} INFO - [2023-12-03T18:30:52.698+0000] {dag.py:2941} INFO - Sync 1 DAGs
[2023-12-03T18:30:52.918+0000] {logging_mixin.py:154} INFO - [2023-12-03T18:30:52.918+0000] {dag.py:3722} INFO - Setting next_dagrun for tutorial to 2023-12-02T18:30:52.917918+00:00, run_after=2023-12-03T18:30:52.917918+00:00
[2023-12-03T18:30:52.952+0000] {processor.py:179} INFO - Processing /home/airflow/.local/lib/python3.8/site-packages/airflow/example_dags/tutorial.py took 0.360 seconds
[2023-12-03T18:31:23.725+0000] {processor.py:157} INFO - Started process (PID=233) to work on /home/airflow/.local/lib/python3.8/site-packages/airflow/example_dags/tutorial.py
[2023-12-03T18:31:23.726+0000] {processor.py:829} INFO - Processing file /home/airflow/.local/lib/python3.8/site-packages/airflow/example_dags/tutorial.py for tasks to queue
[2023-12-03T18:31:23.730+0000] {logging_mixin.py:154} INFO - [2023-12-03T18:31:23.730+0000] {dagbag.py:536} INFO - Filling up the DagBag from /home/airflow/.local/lib/python3.8/site-packages/airflow/example_dags/tutorial.py
[2023-12-03T18:31:23.741+0000] {processor.py:839} INFO - DAG(s) dict_keys(['tutorial']) retrieved from /home/airflow/.local/lib/python3.8/site-packages/airflow/example_dags/tutorial.py
[2023-12-03T18:31:23.782+0000] {logging_mixin.py:154} INFO - [2023-12-03T18:31:23.781+0000] {dag.py:2941} INFO - Sync 1 DAGs
[2023-12-03T18:31:24.046+0000] {logging_mixin.py:154} INFO - [2023-12-03T18:31:24.046+0000] {dag.py:3722} INFO - Setting next_dagrun for tutorial to 2023-12-02T18:31:24.045896+00:00, run_after=2023-12-03T18:31:24.045896+00:00
[2023-12-03T18:31:24.085+0000] {processor.py:179} INFO - Processing /home/airflow/.local/lib/python3.8/site-packages/airflow/example_dags/tutorial.py took 0.368 seconds
[2023-12-03T18:31:54.959+0000] {processor.py:157} INFO - Started process (PID=288) to work on /home/airflow/.local/lib/python3.8/site-packages/airflow/example_dags/tutorial.py
[2023-12-03T18:31:54.960+0000] {processor.py:829} INFO - Processing file /home/airflow/.local/lib/python3.8/site-packages/airflow/example_dags/tutorial.py for tasks to queue
[2023-12-03T18:31:54.964+0000] {logging_mixin.py:154} INFO - [2023-12-03T18:31:54.964+0000] {dagbag.py:536} INFO - Filling up the DagBag from /home/airflow/.local/lib/python3.8/site-packages/airflow/example_dags/tutorial.py
[2023-12-03T18:31:54.980+0000] {processor.py:839} INFO - DAG(s) dict_keys(['tutorial']) retrieved from /home/airflow/.local/lib/python3.8/site-packages/airflow/example_dags/tutorial.py
[2023-12-03T18:31:55.014+0000] {logging_mixin.py:154} INFO - [2023-12-03T18:31:55.013+0000] {dag.py:2941} INFO - Sync 1 DAGs
[2023-12-03T18:31:55.239+0000] {logging_mixin.py:154} INFO - [2023-12-03T18:31:55.239+0000] {dag.py:3722} INFO - Setting next_dagrun for tutorial to 2023-12-02T18:31:55.239170+00:00, run_after=2023-12-03T18:31:55.239170+00:00
[2023-12-03T18:31:55.278+0000] {processor.py:179} INFO - Processing /home/airflow/.local/lib/python3.8/site-packages/airflow/example_dags/tutorial.py took 0.327 seconds
[2023-12-03T18:32:25.561+0000] {processor.py:157} INFO - Started process (PID=343) to work on /home/airflow/.local/lib/python3.8/site-packages/airflow/example_dags/tutorial.py
[2023-12-03T18:32:25.563+0000] {processor.py:829} INFO - Processing file /home/airflow/.local/lib/python3.8/site-packages/airflow/example_dags/tutorial.py for tasks to queue
[2023-12-03T18:32:25.570+0000] {logging_mixin.py:154} INFO - [2023-12-03T18:32:25.569+0000] {dagbag.py:536} INFO - Filling up the DagBag from /home/airflow/.local/lib/python3.8/site-packages/airflow/example_dags/tutorial.py
[2023-12-03T18:32:25.589+0000] {processor.py:839} INFO - DAG(s) dict_keys(['tutorial']) retrieved from /home/airflow/.local/lib/python3.8/site-packages/airflow/example_dags/tutorial.py
[2023-12-03T18:32:25.654+0000] {logging_mixin.py:154} INFO - [2023-12-03T18:32:25.653+0000] {dag.py:2941} INFO - Sync 1 DAGs
[2023-12-03T18:32:25.910+0000] {logging_mixin.py:154} INFO - [2023-12-03T18:32:25.910+0000] {dag.py:3722} INFO - Setting next_dagrun for tutorial to 2023-12-02T18:32:25.910143+00:00, run_after=2023-12-03T18:32:25.910143+00:00
[2023-12-03T18:32:25.949+0000] {processor.py:179} INFO - Processing /home/airflow/.local/lib/python3.8/site-packages/airflow/example_dags/tutorial.py took 0.394 seconds
[2023-12-03T18:32:56.314+0000] {processor.py:157} INFO - Started process (PID=405) to work on /home/airflow/.local/lib/python3.8/site-packages/airflow/example_dags/tutorial.py
[2023-12-03T18:32:56.316+0000] {processor.py:829} INFO - Processing file /home/airflow/.local/lib/python3.8/site-packages/airflow/example_dags/tutorial.py for tasks to queue
[2023-12-03T18:32:56.324+0000] {logging_mixin.py:154} INFO - [2023-12-03T18:32:56.323+0000] {dagbag.py:536} INFO - Filling up the DagBag from /home/airflow/.local/lib/python3.8/site-packages/airflow/example_dags/tutorial.py
[2023-12-03T18:32:56.340+0000] {processor.py:839} INFO - DAG(s) dict_keys(['tutorial']) retrieved from /home/airflow/.local/lib/python3.8/site-packages/airflow/example_dags/tutorial.py
[2023-12-03T18:32:56.401+0000] {logging_mixin.py:154} INFO - [2023-12-03T18:32:56.401+0000] {dag.py:2941} INFO - Sync 1 DAGs
[2023-12-03T18:32:56.611+0000] {logging_mixin.py:154} INFO - [2023-12-03T18:32:56.611+0000] {dag.py:3722} INFO - Setting next_dagrun for tutorial to 2023-12-02T18:32:56.611060+00:00, run_after=2023-12-03T18:32:56.611060+00:00
[2023-12-03T18:32:56.641+0000] {processor.py:179} INFO - Processing /home/airflow/.local/lib/python3.8/site-packages/airflow/example_dags/tutorial.py took 0.339 seconds
[2023-12-03T18:33:27.427+0000] {processor.py:157} INFO - Started process (PID=460) to work on /home/airflow/.local/lib/python3.8/site-packages/airflow/example_dags/tutorial.py
[2023-12-03T18:33:27.428+0000] {processor.py:829} INFO - Processing file /home/airflow/.local/lib/python3.8/site-packages/airflow/example_dags/tutorial.py for tasks to queue
[2023-12-03T18:33:27.432+0000] {logging_mixin.py:154} INFO - [2023-12-03T18:33:27.431+0000] {dagbag.py:536} INFO - Filling up the DagBag from /home/airflow/.local/lib/python3.8/site-packages/airflow/example_dags/tutorial.py
[2023-12-03T18:33:27.440+0000] {processor.py:839} INFO - DAG(s) dict_keys(['tutorial']) retrieved from /home/airflow/.local/lib/python3.8/site-packages/airflow/example_dags/tutorial.py
[2023-12-03T18:33:27.469+0000] {logging_mixin.py:154} INFO - [2023-12-03T18:33:27.469+0000] {dag.py:2941} INFO - Sync 1 DAGs
[2023-12-03T18:33:27.665+0000] {logging_mixin.py:154} INFO - [2023-12-03T18:33:27.664+0000] {dag.py:3722} INFO - Setting next_dagrun for tutorial to 2023-12-02T18:33:27.664516+00:00, run_after=2023-12-03T18:33:27.664516+00:00
[2023-12-03T18:33:27.703+0000] {processor.py:179} INFO - Processing /home/airflow/.local/lib/python3.8/site-packages/airflow/example_dags/tutorial.py took 0.288 seconds
[2023-12-03T18:33:58.030+0000] {processor.py:157} INFO - Started process (PID=515) to work on /home/airflow/.local/lib/python3.8/site-packages/airflow/example_dags/tutorial.py
[2023-12-03T18:33:58.031+0000] {processor.py:829} INFO - Processing file /home/airflow/.local/lib/python3.8/site-packages/airflow/example_dags/tutorial.py for tasks to queue
[2023-12-03T18:33:58.037+0000] {logging_mixin.py:154} INFO - [2023-12-03T18:33:58.036+0000] {dagbag.py:536} INFO - Filling up the DagBag from /home/airflow/.local/lib/python3.8/site-packages/airflow/example_dags/tutorial.py
[2023-12-03T18:33:58.046+0000] {processor.py:839} INFO - DAG(s) dict_keys(['tutorial']) retrieved from /home/airflow/.local/lib/python3.8/site-packages/airflow/example_dags/tutorial.py
[2023-12-03T18:33:58.081+0000] {logging_mixin.py:154} INFO - [2023-12-03T18:33:58.080+0000] {dag.py:2941} INFO - Sync 1 DAGs
[2023-12-03T18:33:58.272+0000] {logging_mixin.py:154} INFO - [2023-12-03T18:33:58.271+0000] {dag.py:3722} INFO - Setting next_dagrun for tutorial to 2023-12-02T18:33:58.271528+00:00, run_after=2023-12-03T18:33:58.271528+00:00
[2023-12-03T18:33:58.312+0000] {processor.py:179} INFO - Processing /home/airflow/.local/lib/python3.8/site-packages/airflow/example_dags/tutorial.py took 0.287 seconds
[2023-12-03T18:34:28.910+0000] {processor.py:157} INFO - Started process (PID=570) to work on /home/airflow/.local/lib/python3.8/site-packages/airflow/example_dags/tutorial.py
[2023-12-03T18:34:28.911+0000] {processor.py:829} INFO - Processing file /home/airflow/.local/lib/python3.8/site-packages/airflow/example_dags/tutorial.py for tasks to queue
[2023-12-03T18:34:28.915+0000] {logging_mixin.py:154} INFO - [2023-12-03T18:34:28.914+0000] {dagbag.py:536} INFO - Filling up the DagBag from /home/airflow/.local/lib/python3.8/site-packages/airflow/example_dags/tutorial.py
[2023-12-03T18:34:28.924+0000] {processor.py:839} INFO - DAG(s) dict_keys(['tutorial']) retrieved from /home/airflow/.local/lib/python3.8/site-packages/airflow/example_dags/tutorial.py
[2023-12-03T18:34:28.958+0000] {logging_mixin.py:154} INFO - [2023-12-03T18:34:28.957+0000] {dag.py:2941} INFO - Sync 1 DAGs
[2023-12-03T18:34:29.145+0000] {logging_mixin.py:154} INFO - [2023-12-03T18:34:29.145+0000] {dag.py:3722} INFO - Setting next_dagrun for tutorial to 2023-12-02T18:34:29.145217+00:00, run_after=2023-12-03T18:34:29.145217+00:00
[2023-12-03T18:34:29.178+0000] {processor.py:179} INFO - Processing /home/airflow/.local/lib/python3.8/site-packages/airflow/example_dags/tutorial.py took 0.273 seconds
[2023-12-03T18:34:59.685+0000] {processor.py:157} INFO - Started process (PID=625) to work on /home/airflow/.local/lib/python3.8/site-packages/airflow/example_dags/tutorial.py
[2023-12-03T18:34:59.687+0000] {processor.py:829} INFO - Processing file /home/airflow/.local/lib/python3.8/site-packages/airflow/example_dags/tutorial.py for tasks to queue
[2023-12-03T18:34:59.694+0000] {logging_mixin.py:154} INFO - [2023-12-03T18:34:59.692+0000] {dagbag.py:536} INFO - Filling up the DagBag from /home/airflow/.local/lib/python3.8/site-packages/airflow/example_dags/tutorial.py
[2023-12-03T18:34:59.712+0000] {processor.py:839} INFO - DAG(s) dict_keys(['tutorial']) retrieved from /home/airflow/.local/lib/python3.8/site-packages/airflow/example_dags/tutorial.py
[2023-12-03T18:34:59.765+0000] {logging_mixin.py:154} INFO - [2023-12-03T18:34:59.765+0000] {dag.py:2941} INFO - Sync 1 DAGs
[2023-12-03T18:34:59.959+0000] {logging_mixin.py:154} INFO - [2023-12-03T18:34:59.959+0000] {dag.py:3722} INFO - Setting next_dagrun for tutorial to 2023-12-02T18:34:59.959429+00:00, run_after=2023-12-03T18:34:59.959429+00:00
[2023-12-03T18:34:59.987+0000] {processor.py:179} INFO - Processing /home/airflow/.local/lib/python3.8/site-packages/airflow/example_dags/tutorial.py took 0.314 seconds
[2023-12-03T18:35:30.625+0000] {processor.py:157} INFO - Started process (PID=680) to work on /home/airflow/.local/lib/python3.8/site-packages/airflow/example_dags/tutorial.py
[2023-12-03T18:35:30.627+0000] {processor.py:829} INFO - Processing file /home/airflow/.local/lib/python3.8/site-packages/airflow/example_dags/tutorial.py for tasks to queue
[2023-12-03T18:35:30.633+0000] {logging_mixin.py:154} INFO - [2023-12-03T18:35:30.632+0000] {dagbag.py:536} INFO - Filling up the DagBag from /home/airflow/.local/lib/python3.8/site-packages/airflow/example_dags/tutorial.py
[2023-12-03T18:35:30.649+0000] {processor.py:839} INFO - DAG(s) dict_keys(['tutorial']) retrieved from /home/airflow/.local/lib/python3.8/site-packages/airflow/example_dags/tutorial.py
[2023-12-03T18:35:30.704+0000] {logging_mixin.py:154} INFO - [2023-12-03T18:35:30.703+0000] {dag.py:2941} INFO - Sync 1 DAGs
[2023-12-03T18:35:30.890+0000] {logging_mixin.py:154} INFO - [2023-12-03T18:35:30.889+0000] {dag.py:3722} INFO - Setting next_dagrun for tutorial to 2023-12-02T18:35:30.889655+00:00, run_after=2023-12-03T18:35:30.889655+00:00
[2023-12-03T18:35:30.919+0000] {processor.py:179} INFO - Processing /home/airflow/.local/lib/python3.8/site-packages/airflow/example_dags/tutorial.py took 0.304 seconds
[2023-12-03T18:36:01.781+0000] {processor.py:157} INFO - Started process (PID=735) to work on /home/airflow/.local/lib/python3.8/site-packages/airflow/example_dags/tutorial.py
[2023-12-03T18:36:01.782+0000] {processor.py:829} INFO - Processing file /home/airflow/.local/lib/python3.8/site-packages/airflow/example_dags/tutorial.py for tasks to queue
[2023-12-03T18:36:01.787+0000] {logging_mixin.py:154} INFO - [2023-12-03T18:36:01.786+0000] {dagbag.py:536} INFO - Filling up the DagBag from /home/airflow/.local/lib/python3.8/site-packages/airflow/example_dags/tutorial.py
[2023-12-03T18:36:01.798+0000] {processor.py:839} INFO - DAG(s) dict_keys(['tutorial']) retrieved from /home/airflow/.local/lib/python3.8/site-packages/airflow/example_dags/tutorial.py
[2023-12-03T18:36:01.836+0000] {logging_mixin.py:154} INFO - [2023-12-03T18:36:01.836+0000] {dag.py:2941} INFO - Sync 1 DAGs
[2023-12-03T18:36:01.874+0000] {logging_mixin.py:154} INFO - [2023-12-03T18:36:01.874+0000] {dag.py:3722} INFO - Setting next_dagrun for tutorial to 2023-12-02T18:36:01.873992+00:00, run_after=2023-12-03T18:36:01.873992+00:00
[2023-12-03T18:36:01.907+0000] {processor.py:179} INFO - Processing /home/airflow/.local/lib/python3.8/site-packages/airflow/example_dags/tutorial.py took 0.132 seconds
[2023-12-03T18:36:32.327+0000] {processor.py:157} INFO - Started process (PID=790) to work on /home/airflow/.local/lib/python3.8/site-packages/airflow/example_dags/tutorial.py
[2023-12-03T18:36:32.328+0000] {processor.py:829} INFO - Processing file /home/airflow/.local/lib/python3.8/site-packages/airflow/example_dags/tutorial.py for tasks to queue
[2023-12-03T18:36:32.332+0000] {logging_mixin.py:154} INFO - [2023-12-03T18:36:32.331+0000] {dagbag.py:536} INFO - Filling up the DagBag from /home/airflow/.local/lib/python3.8/site-packages/airflow/example_dags/tutorial.py
[2023-12-03T18:36:32.343+0000] {processor.py:839} INFO - DAG(s) dict_keys(['tutorial']) retrieved from /home/airflow/.local/lib/python3.8/site-packages/airflow/example_dags/tutorial.py
[2023-12-03T18:36:32.377+0000] {logging_mixin.py:154} INFO - [2023-12-03T18:36:32.376+0000] {dag.py:2941} INFO - Sync 1 DAGs
[2023-12-03T18:36:32.427+0000] {logging_mixin.py:154} INFO - [2023-12-03T18:36:32.427+0000] {dag.py:3722} INFO - Setting next_dagrun for tutorial to 2023-12-02T18:36:32.426603+00:00, run_after=2023-12-03T18:36:32.426603+00:00
[2023-12-03T18:36:32.465+0000] {processor.py:179} INFO - Processing /home/airflow/.local/lib/python3.8/site-packages/airflow/example_dags/tutorial.py took 0.144 seconds
[2023-12-03T18:37:03.236+0000] {processor.py:157} INFO - Started process (PID=845) to work on /home/airflow/.local/lib/python3.8/site-packages/airflow/example_dags/tutorial.py
[2023-12-03T18:37:03.237+0000] {processor.py:829} INFO - Processing file /home/airflow/.local/lib/python3.8/site-packages/airflow/example_dags/tutorial.py for tasks to queue
[2023-12-03T18:37:03.242+0000] {logging_mixin.py:154} INFO - [2023-12-03T18:37:03.242+0000] {dagbag.py:536} INFO - Filling up the DagBag from /home/airflow/.local/lib/python3.8/site-packages/airflow/example_dags/tutorial.py
[2023-12-03T18:37:03.253+0000] {processor.py:839} INFO - DAG(s) dict_keys(['tutorial']) retrieved from /home/airflow/.local/lib/python3.8/site-packages/airflow/example_dags/tutorial.py
[2023-12-03T18:37:03.292+0000] {logging_mixin.py:154} INFO - [2023-12-03T18:37:03.291+0000] {dag.py:2941} INFO - Sync 1 DAGs
[2023-12-03T18:37:03.336+0000] {logging_mixin.py:154} INFO - [2023-12-03T18:37:03.335+0000] {dag.py:3722} INFO - Setting next_dagrun for tutorial to 2023-12-02T18:37:03.335528+00:00, run_after=2023-12-03T18:37:03.335528+00:00
[2023-12-03T18:37:03.372+0000] {processor.py:179} INFO - Processing /home/airflow/.local/lib/python3.8/site-packages/airflow/example_dags/tutorial.py took 0.144 seconds
[2023-12-03T18:37:33.621+0000] {processor.py:157} INFO - Started process (PID=900) to work on /home/airflow/.local/lib/python3.8/site-packages/airflow/example_dags/tutorial.py
[2023-12-03T18:37:33.622+0000] {processor.py:829} INFO - Processing file /home/airflow/.local/lib/python3.8/site-packages/airflow/example_dags/tutorial.py for tasks to queue
[2023-12-03T18:37:33.629+0000] {logging_mixin.py:154} INFO - [2023-12-03T18:37:33.628+0000] {dagbag.py:536} INFO - Filling up the DagBag from /home/airflow/.local/lib/python3.8/site-packages/airflow/example_dags/tutorial.py
[2023-12-03T18:37:33.643+0000] {processor.py:839} INFO - DAG(s) dict_keys(['tutorial']) retrieved from /home/airflow/.local/lib/python3.8/site-packages/airflow/example_dags/tutorial.py
[2023-12-03T18:37:33.679+0000] {logging_mixin.py:154} INFO - [2023-12-03T18:37:33.679+0000] {dag.py:2941} INFO - Sync 1 DAGs
[2023-12-03T18:37:33.737+0000] {logging_mixin.py:154} INFO - [2023-12-03T18:37:33.736+0000] {dag.py:3722} INFO - Setting next_dagrun for tutorial to 2023-12-02T18:37:33.736584+00:00, run_after=2023-12-03T18:37:33.736584+00:00
[2023-12-03T18:37:33.780+0000] {processor.py:179} INFO - Processing /home/airflow/.local/lib/python3.8/site-packages/airflow/example_dags/tutorial.py took 0.167 seconds
[2023-12-03T18:38:04.054+0000] {processor.py:157} INFO - Started process (PID=955) to work on /home/airflow/.local/lib/python3.8/site-packages/airflow/example_dags/tutorial.py
[2023-12-03T18:38:04.056+0000] {processor.py:829} INFO - Processing file /home/airflow/.local/lib/python3.8/site-packages/airflow/example_dags/tutorial.py for tasks to queue
[2023-12-03T18:38:04.060+0000] {logging_mixin.py:154} INFO - [2023-12-03T18:38:04.060+0000] {dagbag.py:536} INFO - Filling up the DagBag from /home/airflow/.local/lib/python3.8/site-packages/airflow/example_dags/tutorial.py
[2023-12-03T18:38:04.071+0000] {processor.py:839} INFO - DAG(s) dict_keys(['tutorial']) retrieved from /home/airflow/.local/lib/python3.8/site-packages/airflow/example_dags/tutorial.py
[2023-12-03T18:38:04.105+0000] {logging_mixin.py:154} INFO - [2023-12-03T18:38:04.104+0000] {dag.py:2941} INFO - Sync 1 DAGs
[2023-12-03T18:38:04.141+0000] {logging_mixin.py:154} INFO - [2023-12-03T18:38:04.141+0000] {dag.py:3722} INFO - Setting next_dagrun for tutorial to 2023-12-02T18:38:04.140958+00:00, run_after=2023-12-03T18:38:04.140958+00:00
[2023-12-03T18:38:04.193+0000] {processor.py:179} INFO - Processing /home/airflow/.local/lib/python3.8/site-packages/airflow/example_dags/tutorial.py took 0.143 seconds
[2023-12-03T18:38:34.490+0000] {processor.py:157} INFO - Started process (PID=1010) to work on /home/airflow/.local/lib/python3.8/site-packages/airflow/example_dags/tutorial.py
[2023-12-03T18:38:34.492+0000] {processor.py:829} INFO - Processing file /home/airflow/.local/lib/python3.8/site-packages/airflow/example_dags/tutorial.py for tasks to queue
[2023-12-03T18:38:34.495+0000] {logging_mixin.py:154} INFO - [2023-12-03T18:38:34.495+0000] {dagbag.py:536} INFO - Filling up the DagBag from /home/airflow/.local/lib/python3.8/site-packages/airflow/example_dags/tutorial.py
[2023-12-03T18:38:34.504+0000] {processor.py:839} INFO - DAG(s) dict_keys(['tutorial']) retrieved from /home/airflow/.local/lib/python3.8/site-packages/airflow/example_dags/tutorial.py
[2023-12-03T18:38:34.552+0000] {logging_mixin.py:154} INFO - [2023-12-03T18:38:34.552+0000] {dag.py:2941} INFO - Sync 1 DAGs
[2023-12-03T18:38:34.589+0000] {logging_mixin.py:154} INFO - [2023-12-03T18:38:34.589+0000] {dag.py:3722} INFO - Setting next_dagrun for tutorial to 2023-12-02T18:38:34.588693+00:00, run_after=2023-12-03T18:38:34.588693+00:00
[2023-12-03T18:38:34.619+0000] {processor.py:179} INFO - Processing /home/airflow/.local/lib/python3.8/site-packages/airflow/example_dags/tutorial.py took 0.133 seconds
[2023-12-03T18:39:05.360+0000] {processor.py:157} INFO - Started process (PID=1065) to work on /home/airflow/.local/lib/python3.8/site-packages/airflow/example_dags/tutorial.py
[2023-12-03T18:39:05.361+0000] {processor.py:829} INFO - Processing file /home/airflow/.local/lib/python3.8/site-packages/airflow/example_dags/tutorial.py for tasks to queue
[2023-12-03T18:39:05.365+0000] {logging_mixin.py:154} INFO - [2023-12-03T18:39:05.364+0000] {dagbag.py:536} INFO - Filling up the DagBag from /home/airflow/.local/lib/python3.8/site-packages/airflow/example_dags/tutorial.py
[2023-12-03T18:39:05.373+0000] {processor.py:839} INFO - DAG(s) dict_keys(['tutorial']) retrieved from /home/airflow/.local/lib/python3.8/site-packages/airflow/example_dags/tutorial.py
[2023-12-03T18:39:05.404+0000] {logging_mixin.py:154} INFO - [2023-12-03T18:39:05.403+0000] {dag.py:2941} INFO - Sync 1 DAGs
[2023-12-03T18:39:05.439+0000] {logging_mixin.py:154} INFO - [2023-12-03T18:39:05.439+0000] {dag.py:3722} INFO - Setting next_dagrun for tutorial to 2023-12-02T18:39:05.438901+00:00, run_after=2023-12-03T18:39:05.438901+00:00
[2023-12-03T18:39:05.481+0000] {processor.py:179} INFO - Processing /home/airflow/.local/lib/python3.8/site-packages/airflow/example_dags/tutorial.py took 0.128 seconds
[2023-12-03T18:39:35.650+0000] {processor.py:157} INFO - Started process (PID=1120) to work on /home/airflow/.local/lib/python3.8/site-packages/airflow/example_dags/tutorial.py
[2023-12-03T18:39:35.653+0000] {processor.py:829} INFO - Processing file /home/airflow/.local/lib/python3.8/site-packages/airflow/example_dags/tutorial.py for tasks to queue
[2023-12-03T18:39:35.660+0000] {logging_mixin.py:154} INFO - [2023-12-03T18:39:35.659+0000] {dagbag.py:536} INFO - Filling up the DagBag from /home/airflow/.local/lib/python3.8/site-packages/airflow/example_dags/tutorial.py
[2023-12-03T18:39:35.680+0000] {processor.py:839} INFO - DAG(s) dict_keys(['tutorial']) retrieved from /home/airflow/.local/lib/python3.8/site-packages/airflow/example_dags/tutorial.py
[2023-12-03T18:39:35.728+0000] {logging_mixin.py:154} INFO - [2023-12-03T18:39:35.728+0000] {dag.py:2941} INFO - Sync 1 DAGs
[2023-12-03T18:39:35.758+0000] {logging_mixin.py:154} INFO - [2023-12-03T18:39:35.757+0000] {dag.py:3722} INFO - Setting next_dagrun for tutorial to 2023-12-02T18:39:35.757705+00:00, run_after=2023-12-03T18:39:35.757705+00:00
[2023-12-03T18:39:35.787+0000] {processor.py:179} INFO - Processing /home/airflow/.local/lib/python3.8/site-packages/airflow/example_dags/tutorial.py took 0.147 seconds
[2023-12-03T18:40:06.077+0000] {processor.py:157} INFO - Started process (PID=1175) to work on /home/airflow/.local/lib/python3.8/site-packages/airflow/example_dags/tutorial.py
[2023-12-03T18:40:06.079+0000] {processor.py:829} INFO - Processing file /home/airflow/.local/lib/python3.8/site-packages/airflow/example_dags/tutorial.py for tasks to queue
[2023-12-03T18:40:06.083+0000] {logging_mixin.py:154} INFO - [2023-12-03T18:40:06.082+0000] {dagbag.py:536} INFO - Filling up the DagBag from /home/airflow/.local/lib/python3.8/site-packages/airflow/example_dags/tutorial.py
[2023-12-03T18:40:06.095+0000] {processor.py:839} INFO - DAG(s) dict_keys(['tutorial']) retrieved from /home/airflow/.local/lib/python3.8/site-packages/airflow/example_dags/tutorial.py
[2023-12-03T18:40:06.130+0000] {logging_mixin.py:154} INFO - [2023-12-03T18:40:06.129+0000] {dag.py:2941} INFO - Sync 1 DAGs
[2023-12-03T18:40:06.168+0000] {logging_mixin.py:154} INFO - [2023-12-03T18:40:06.168+0000] {dag.py:3722} INFO - Setting next_dagrun for tutorial to 2023-12-02T18:40:06.168043+00:00, run_after=2023-12-03T18:40:06.168043+00:00
[2023-12-03T18:40:06.209+0000] {processor.py:179} INFO - Processing /home/airflow/.local/lib/python3.8/site-packages/airflow/example_dags/tutorial.py took 0.136 seconds
[2023-12-03T18:41:32.457+0000] {processor.py:157} INFO - Started process (PID=60) to work on /home/airflow/.local/lib/python3.8/site-packages/airflow/example_dags/tutorial.py
[2023-12-03T18:41:32.459+0000] {processor.py:829} INFO - Processing file /home/airflow/.local/lib/python3.8/site-packages/airflow/example_dags/tutorial.py for tasks to queue
[2023-12-03T18:41:32.463+0000] {logging_mixin.py:154} INFO - [2023-12-03T18:41:32.462+0000] {dagbag.py:536} INFO - Filling up the DagBag from /home/airflow/.local/lib/python3.8/site-packages/airflow/example_dags/tutorial.py
[2023-12-03T18:41:32.474+0000] {processor.py:839} INFO - DAG(s) dict_keys(['tutorial']) retrieved from /home/airflow/.local/lib/python3.8/site-packages/airflow/example_dags/tutorial.py
[2023-12-03T18:41:32.497+0000] {logging_mixin.py:154} INFO - [2023-12-03T18:41:32.496+0000] {dag.py:2941} INFO - Sync 1 DAGs
[2023-12-03T18:41:32.548+0000] {logging_mixin.py:154} INFO - [2023-12-03T18:41:32.547+0000] {dag.py:3722} INFO - Setting next_dagrun for tutorial to 2023-12-02T18:41:32.547194+00:00, run_after=2023-12-03T18:41:32.547194+00:00
[2023-12-03T18:41:32.597+0000] {processor.py:179} INFO - Processing /home/airflow/.local/lib/python3.8/site-packages/airflow/example_dags/tutorial.py took 0.146 seconds
[2023-12-03T18:41:57.590+0000] {processor.py:157} INFO - Started process (PID=59) to work on /home/airflow/.local/lib/python3.8/site-packages/airflow/example_dags/tutorial.py
[2023-12-03T18:41:57.591+0000] {processor.py:829} INFO - Processing file /home/airflow/.local/lib/python3.8/site-packages/airflow/example_dags/tutorial.py for tasks to queue
[2023-12-03T18:41:57.595+0000] {logging_mixin.py:154} INFO - [2023-12-03T18:41:57.595+0000] {dagbag.py:536} INFO - Filling up the DagBag from /home/airflow/.local/lib/python3.8/site-packages/airflow/example_dags/tutorial.py
[2023-12-03T18:41:57.606+0000] {processor.py:839} INFO - DAG(s) dict_keys(['tutorial']) retrieved from /home/airflow/.local/lib/python3.8/site-packages/airflow/example_dags/tutorial.py
[2023-12-03T18:41:57.642+0000] {logging_mixin.py:154} INFO - [2023-12-03T18:41:57.641+0000] {dag.py:2941} INFO - Sync 1 DAGs
[2023-12-03T18:41:57.684+0000] {logging_mixin.py:154} INFO - [2023-12-03T18:41:57.684+0000] {dag.py:3722} INFO - Setting next_dagrun for tutorial to 2023-12-02T18:41:57.684297+00:00, run_after=2023-12-03T18:41:57.684297+00:00
[2023-12-03T18:41:57.727+0000] {processor.py:179} INFO - Processing /home/airflow/.local/lib/python3.8/site-packages/airflow/example_dags/tutorial.py took 0.142 seconds
[2023-12-03T18:42:28.032+0000] {processor.py:157} INFO - Started process (PID=114) to work on /home/airflow/.local/lib/python3.8/site-packages/airflow/example_dags/tutorial.py
[2023-12-03T18:42:28.034+0000] {processor.py:829} INFO - Processing file /home/airflow/.local/lib/python3.8/site-packages/airflow/example_dags/tutorial.py for tasks to queue
[2023-12-03T18:42:28.038+0000] {logging_mixin.py:154} INFO - [2023-12-03T18:42:28.037+0000] {dagbag.py:536} INFO - Filling up the DagBag from /home/airflow/.local/lib/python3.8/site-packages/airflow/example_dags/tutorial.py
[2023-12-03T18:42:28.049+0000] {processor.py:839} INFO - DAG(s) dict_keys(['tutorial']) retrieved from /home/airflow/.local/lib/python3.8/site-packages/airflow/example_dags/tutorial.py
[2023-12-03T18:42:28.088+0000] {logging_mixin.py:154} INFO - [2023-12-03T18:42:28.087+0000] {dag.py:2941} INFO - Sync 1 DAGs
[2023-12-03T18:42:28.133+0000] {logging_mixin.py:154} INFO - [2023-12-03T18:42:28.133+0000] {dag.py:3722} INFO - Setting next_dagrun for tutorial to 2023-12-02T18:42:28.132687+00:00, run_after=2023-12-03T18:42:28.132687+00:00
[2023-12-03T18:42:28.169+0000] {processor.py:179} INFO - Processing /home/airflow/.local/lib/python3.8/site-packages/airflow/example_dags/tutorial.py took 0.142 seconds
[2023-12-03T18:42:59.260+0000] {processor.py:157} INFO - Started process (PID=170) to work on /home/airflow/.local/lib/python3.8/site-packages/airflow/example_dags/tutorial.py
[2023-12-03T18:42:59.261+0000] {processor.py:829} INFO - Processing file /home/airflow/.local/lib/python3.8/site-packages/airflow/example_dags/tutorial.py for tasks to queue
[2023-12-03T18:42:59.265+0000] {logging_mixin.py:154} INFO - [2023-12-03T18:42:59.264+0000] {dagbag.py:536} INFO - Filling up the DagBag from /home/airflow/.local/lib/python3.8/site-packages/airflow/example_dags/tutorial.py
[2023-12-03T18:42:59.273+0000] {processor.py:839} INFO - DAG(s) dict_keys(['tutorial']) retrieved from /home/airflow/.local/lib/python3.8/site-packages/airflow/example_dags/tutorial.py
[2023-12-03T18:42:59.301+0000] {logging_mixin.py:154} INFO - [2023-12-03T18:42:59.300+0000] {dag.py:2941} INFO - Sync 1 DAGs
[2023-12-03T18:42:59.329+0000] {logging_mixin.py:154} INFO - [2023-12-03T18:42:59.329+0000] {dag.py:3722} INFO - Setting next_dagrun for tutorial to 2023-12-02T18:42:59.328898+00:00, run_after=2023-12-03T18:42:59.328898+00:00
[2023-12-03T18:42:59.373+0000] {processor.py:179} INFO - Processing /home/airflow/.local/lib/python3.8/site-packages/airflow/example_dags/tutorial.py took 0.117 seconds
[2023-12-03T18:43:30.067+0000] {processor.py:157} INFO - Started process (PID=225) to work on /home/airflow/.local/lib/python3.8/site-packages/airflow/example_dags/tutorial.py
[2023-12-03T18:43:30.068+0000] {processor.py:829} INFO - Processing file /home/airflow/.local/lib/python3.8/site-packages/airflow/example_dags/tutorial.py for tasks to queue
[2023-12-03T18:43:30.073+0000] {logging_mixin.py:154} INFO - [2023-12-03T18:43:30.072+0000] {dagbag.py:536} INFO - Filling up the DagBag from /home/airflow/.local/lib/python3.8/site-packages/airflow/example_dags/tutorial.py
[2023-12-03T18:43:30.082+0000] {processor.py:839} INFO - DAG(s) dict_keys(['tutorial']) retrieved from /home/airflow/.local/lib/python3.8/site-packages/airflow/example_dags/tutorial.py
[2023-12-03T18:43:30.113+0000] {logging_mixin.py:154} INFO - [2023-12-03T18:43:30.113+0000] {dag.py:2941} INFO - Sync 1 DAGs
[2023-12-03T18:43:30.148+0000] {logging_mixin.py:154} INFO - [2023-12-03T18:43:30.147+0000] {dag.py:3722} INFO - Setting next_dagrun for tutorial to 2023-12-02T18:43:30.147597+00:00, run_after=2023-12-03T18:43:30.147597+00:00
[2023-12-03T18:43:30.182+0000] {processor.py:179} INFO - Processing /home/airflow/.local/lib/python3.8/site-packages/airflow/example_dags/tutorial.py took 0.122 seconds
[2023-12-03T18:44:00.975+0000] {processor.py:157} INFO - Started process (PID=280) to work on /home/airflow/.local/lib/python3.8/site-packages/airflow/example_dags/tutorial.py
[2023-12-03T18:44:00.977+0000] {processor.py:829} INFO - Processing file /home/airflow/.local/lib/python3.8/site-packages/airflow/example_dags/tutorial.py for tasks to queue
[2023-12-03T18:44:00.981+0000] {logging_mixin.py:154} INFO - [2023-12-03T18:44:00.981+0000] {dagbag.py:536} INFO - Filling up the DagBag from /home/airflow/.local/lib/python3.8/site-packages/airflow/example_dags/tutorial.py
[2023-12-03T18:44:00.994+0000] {processor.py:839} INFO - DAG(s) dict_keys(['tutorial']) retrieved from /home/airflow/.local/lib/python3.8/site-packages/airflow/example_dags/tutorial.py
[2023-12-03T18:44:01.029+0000] {logging_mixin.py:154} INFO - [2023-12-03T18:44:01.029+0000] {dag.py:2941} INFO - Sync 1 DAGs
[2023-12-03T18:44:01.067+0000] {logging_mixin.py:154} INFO - [2023-12-03T18:44:01.067+0000] {dag.py:3722} INFO - Setting next_dagrun for tutorial to 2023-12-02T18:44:01.067220+00:00, run_after=2023-12-03T18:44:01.067220+00:00
[2023-12-03T18:44:01.113+0000] {processor.py:179} INFO - Processing /home/airflow/.local/lib/python3.8/site-packages/airflow/example_dags/tutorial.py took 0.145 seconds
[2023-12-03T18:44:31.520+0000] {processor.py:157} INFO - Started process (PID=335) to work on /home/airflow/.local/lib/python3.8/site-packages/airflow/example_dags/tutorial.py
[2023-12-03T18:44:31.522+0000] {processor.py:829} INFO - Processing file /home/airflow/.local/lib/python3.8/site-packages/airflow/example_dags/tutorial.py for tasks to queue
[2023-12-03T18:44:31.525+0000] {logging_mixin.py:154} INFO - [2023-12-03T18:44:31.525+0000] {dagbag.py:536} INFO - Filling up the DagBag from /home/airflow/.local/lib/python3.8/site-packages/airflow/example_dags/tutorial.py
[2023-12-03T18:44:31.534+0000] {processor.py:839} INFO - DAG(s) dict_keys(['tutorial']) retrieved from /home/airflow/.local/lib/python3.8/site-packages/airflow/example_dags/tutorial.py
[2023-12-03T18:44:31.564+0000] {logging_mixin.py:154} INFO - [2023-12-03T18:44:31.564+0000] {dag.py:2941} INFO - Sync 1 DAGs
[2023-12-03T18:44:31.604+0000] {logging_mixin.py:154} INFO - [2023-12-03T18:44:31.604+0000] {dag.py:3722} INFO - Setting next_dagrun for tutorial to 2023-12-02T18:44:31.603780+00:00, run_after=2023-12-03T18:44:31.603780+00:00
[2023-12-03T18:44:31.638+0000] {processor.py:179} INFO - Processing /home/airflow/.local/lib/python3.8/site-packages/airflow/example_dags/tutorial.py took 0.123 seconds
[2023-12-03T18:48:29.051+0000] {processor.py:157} INFO - Started process (PID=63) to work on /home/airflow/.local/lib/python3.8/site-packages/airflow/example_dags/tutorial.py
[2023-12-03T18:48:29.053+0000] {processor.py:829} INFO - Processing file /home/airflow/.local/lib/python3.8/site-packages/airflow/example_dags/tutorial.py for tasks to queue
[2023-12-03T18:48:29.056+0000] {logging_mixin.py:154} INFO - [2023-12-03T18:48:29.056+0000] {dagbag.py:536} INFO - Filling up the DagBag from /home/airflow/.local/lib/python3.8/site-packages/airflow/example_dags/tutorial.py
[2023-12-03T18:48:29.067+0000] {processor.py:839} INFO - DAG(s) dict_keys(['tutorial']) retrieved from /home/airflow/.local/lib/python3.8/site-packages/airflow/example_dags/tutorial.py
[2023-12-03T18:48:29.086+0000] {logging_mixin.py:154} INFO - [2023-12-03T18:48:29.086+0000] {dag.py:2941} INFO - Sync 1 DAGs
[2023-12-03T18:48:29.132+0000] {logging_mixin.py:154} INFO - [2023-12-03T18:48:29.132+0000] {dag.py:3722} INFO - Setting next_dagrun for tutorial to 2023-12-02T18:48:29.131840+00:00, run_after=2023-12-03T18:48:29.131840+00:00
[2023-12-03T18:48:29.172+0000] {processor.py:179} INFO - Processing /home/airflow/.local/lib/python3.8/site-packages/airflow/example_dags/tutorial.py took 0.127 seconds
[2023-12-03T18:48:59.928+0000] {processor.py:157} INFO - Started process (PID=118) to work on /home/airflow/.local/lib/python3.8/site-packages/airflow/example_dags/tutorial.py
[2023-12-03T18:48:59.930+0000] {processor.py:829} INFO - Processing file /home/airflow/.local/lib/python3.8/site-packages/airflow/example_dags/tutorial.py for tasks to queue
[2023-12-03T18:48:59.935+0000] {logging_mixin.py:154} INFO - [2023-12-03T18:48:59.935+0000] {dagbag.py:536} INFO - Filling up the DagBag from /home/airflow/.local/lib/python3.8/site-packages/airflow/example_dags/tutorial.py
[2023-12-03T18:48:59.947+0000] {processor.py:839} INFO - DAG(s) dict_keys(['tutorial']) retrieved from /home/airflow/.local/lib/python3.8/site-packages/airflow/example_dags/tutorial.py
[2023-12-03T18:48:59.989+0000] {logging_mixin.py:154} INFO - [2023-12-03T18:48:59.988+0000] {dag.py:2941} INFO - Sync 1 DAGs
[2023-12-03T18:49:00.040+0000] {logging_mixin.py:154} INFO - [2023-12-03T18:49:00.040+0000] {dag.py:3722} INFO - Setting next_dagrun for tutorial to 2023-12-02T18:49:00.039578+00:00, run_after=2023-12-03T18:49:00.039578+00:00
[2023-12-03T18:49:00.075+0000] {processor.py:179} INFO - Processing /home/airflow/.local/lib/python3.8/site-packages/airflow/example_dags/tutorial.py took 0.152 seconds
[2023-12-03T18:49:30.249+0000] {processor.py:157} INFO - Started process (PID=173) to work on /home/airflow/.local/lib/python3.8/site-packages/airflow/example_dags/tutorial.py
[2023-12-03T18:49:30.250+0000] {processor.py:829} INFO - Processing file /home/airflow/.local/lib/python3.8/site-packages/airflow/example_dags/tutorial.py for tasks to queue
[2023-12-03T18:49:30.253+0000] {logging_mixin.py:154} INFO - [2023-12-03T18:49:30.253+0000] {dagbag.py:536} INFO - Filling up the DagBag from /home/airflow/.local/lib/python3.8/site-packages/airflow/example_dags/tutorial.py
[2023-12-03T18:49:30.262+0000] {processor.py:839} INFO - DAG(s) dict_keys(['tutorial']) retrieved from /home/airflow/.local/lib/python3.8/site-packages/airflow/example_dags/tutorial.py
[2023-12-03T18:49:30.292+0000] {logging_mixin.py:154} INFO - [2023-12-03T18:49:30.292+0000] {dag.py:2941} INFO - Sync 1 DAGs
[2023-12-03T18:49:30.327+0000] {logging_mixin.py:154} INFO - [2023-12-03T18:49:30.327+0000] {dag.py:3722} INFO - Setting next_dagrun for tutorial to 2023-12-02T18:49:30.327028+00:00, run_after=2023-12-03T18:49:30.327028+00:00
[2023-12-03T18:49:30.366+0000] {processor.py:179} INFO - Processing /home/airflow/.local/lib/python3.8/site-packages/airflow/example_dags/tutorial.py took 0.122 seconds
