[2023-12-03T18:18:50.098+0000] {processor.py:157} INFO - Started process (PID=76) to work on /home/airflow/.local/lib/python3.8/site-packages/airflow/example_dags/tutorial_dag.py
[2023-12-03T18:18:50.100+0000] {processor.py:829} INFO - Processing file /home/airflow/.local/lib/python3.8/site-packages/airflow/example_dags/tutorial_dag.py for tasks to queue
[2023-12-03T18:18:50.106+0000] {logging_mixin.py:154} INFO - [2023-12-03T18:18:50.105+0000] {dagbag.py:536} INFO - Filling up the DagBag from /home/airflow/.local/lib/python3.8/site-packages/airflow/example_dags/tutorial_dag.py
[2023-12-03T18:18:50.119+0000] {processor.py:839} INFO - DAG(s) dict_keys(['tutorial_dag']) retrieved from /home/airflow/.local/lib/python3.8/site-packages/airflow/example_dags/tutorial_dag.py
[2023-12-03T18:18:50.155+0000] {logging_mixin.py:154} INFO - [2023-12-03T18:18:50.155+0000] {dag.py:2941} INFO - Sync 1 DAGs
[2023-12-03T18:18:50.179+0000] {logging_mixin.py:154} INFO - [2023-12-03T18:18:50.178+0000] {dag.py:3722} INFO - Setting next_dagrun for tutorial_dag to None, run_after=None
[2023-12-03T18:18:50.217+0000] {processor.py:179} INFO - Processing /home/airflow/.local/lib/python3.8/site-packages/airflow/example_dags/tutorial_dag.py took 0.125 seconds
[2023-12-03T18:19:21.107+0000] {processor.py:157} INFO - Started process (PID=130) to work on /home/airflow/.local/lib/python3.8/site-packages/airflow/example_dags/tutorial_dag.py
[2023-12-03T18:19:21.109+0000] {processor.py:829} INFO - Processing file /home/airflow/.local/lib/python3.8/site-packages/airflow/example_dags/tutorial_dag.py for tasks to queue
[2023-12-03T18:19:21.113+0000] {logging_mixin.py:154} INFO - [2023-12-03T18:19:21.113+0000] {dagbag.py:536} INFO - Filling up the DagBag from /home/airflow/.local/lib/python3.8/site-packages/airflow/example_dags/tutorial_dag.py
[2023-12-03T18:19:21.126+0000] {processor.py:839} INFO - DAG(s) dict_keys(['tutorial_dag']) retrieved from /home/airflow/.local/lib/python3.8/site-packages/airflow/example_dags/tutorial_dag.py
[2023-12-03T18:19:21.159+0000] {logging_mixin.py:154} INFO - [2023-12-03T18:19:21.159+0000] {dag.py:2941} INFO - Sync 1 DAGs
[2023-12-03T18:19:21.180+0000] {logging_mixin.py:154} INFO - [2023-12-03T18:19:21.179+0000] {dag.py:3722} INFO - Setting next_dagrun for tutorial_dag to None, run_after=None
[2023-12-03T18:19:21.213+0000] {processor.py:179} INFO - Processing /home/airflow/.local/lib/python3.8/site-packages/airflow/example_dags/tutorial_dag.py took 0.111 seconds
[2023-12-03T18:19:52.263+0000] {processor.py:157} INFO - Started process (PID=191) to work on /home/airflow/.local/lib/python3.8/site-packages/airflow/example_dags/tutorial_dag.py
[2023-12-03T18:19:52.267+0000] {processor.py:829} INFO - Processing file /home/airflow/.local/lib/python3.8/site-packages/airflow/example_dags/tutorial_dag.py for tasks to queue
[2023-12-03T18:19:52.272+0000] {logging_mixin.py:154} INFO - [2023-12-03T18:19:52.271+0000] {dagbag.py:536} INFO - Filling up the DagBag from /home/airflow/.local/lib/python3.8/site-packages/airflow/example_dags/tutorial_dag.py
[2023-12-03T18:19:52.285+0000] {processor.py:839} INFO - DAG(s) dict_keys(['tutorial_dag']) retrieved from /home/airflow/.local/lib/python3.8/site-packages/airflow/example_dags/tutorial_dag.py
[2023-12-03T18:19:52.317+0000] {logging_mixin.py:154} INFO - [2023-12-03T18:19:52.316+0000] {dag.py:2941} INFO - Sync 1 DAGs
[2023-12-03T18:19:52.361+0000] {logging_mixin.py:154} INFO - [2023-12-03T18:19:52.360+0000] {dag.py:3722} INFO - Setting next_dagrun for tutorial_dag to None, run_after=None
[2023-12-03T18:19:52.423+0000] {processor.py:179} INFO - Processing /home/airflow/.local/lib/python3.8/site-packages/airflow/example_dags/tutorial_dag.py took 0.168 seconds
[2023-12-03T18:20:22.690+0000] {processor.py:157} INFO - Started process (PID=245) to work on /home/airflow/.local/lib/python3.8/site-packages/airflow/example_dags/tutorial_dag.py
[2023-12-03T18:20:22.692+0000] {processor.py:829} INFO - Processing file /home/airflow/.local/lib/python3.8/site-packages/airflow/example_dags/tutorial_dag.py for tasks to queue
[2023-12-03T18:20:22.696+0000] {logging_mixin.py:154} INFO - [2023-12-03T18:20:22.695+0000] {dagbag.py:536} INFO - Filling up the DagBag from /home/airflow/.local/lib/python3.8/site-packages/airflow/example_dags/tutorial_dag.py
[2023-12-03T18:20:22.706+0000] {processor.py:839} INFO - DAG(s) dict_keys(['tutorial_dag']) retrieved from /home/airflow/.local/lib/python3.8/site-packages/airflow/example_dags/tutorial_dag.py
[2023-12-03T18:20:22.743+0000] {logging_mixin.py:154} INFO - [2023-12-03T18:20:22.743+0000] {dag.py:2941} INFO - Sync 1 DAGs
[2023-12-03T18:20:22.770+0000] {logging_mixin.py:154} INFO - [2023-12-03T18:20:22.770+0000] {dag.py:3722} INFO - Setting next_dagrun for tutorial_dag to None, run_after=None
[2023-12-03T18:20:22.811+0000] {processor.py:179} INFO - Processing /home/airflow/.local/lib/python3.8/site-packages/airflow/example_dags/tutorial_dag.py took 0.126 seconds
[2023-12-03T18:20:53.669+0000] {processor.py:157} INFO - Started process (PID=299) to work on /home/airflow/.local/lib/python3.8/site-packages/airflow/example_dags/tutorial_dag.py
[2023-12-03T18:20:53.671+0000] {processor.py:829} INFO - Processing file /home/airflow/.local/lib/python3.8/site-packages/airflow/example_dags/tutorial_dag.py for tasks to queue
[2023-12-03T18:20:53.675+0000] {logging_mixin.py:154} INFO - [2023-12-03T18:20:53.674+0000] {dagbag.py:536} INFO - Filling up the DagBag from /home/airflow/.local/lib/python3.8/site-packages/airflow/example_dags/tutorial_dag.py
[2023-12-03T18:20:53.685+0000] {processor.py:839} INFO - DAG(s) dict_keys(['tutorial_dag']) retrieved from /home/airflow/.local/lib/python3.8/site-packages/airflow/example_dags/tutorial_dag.py
[2023-12-03T18:20:53.729+0000] {logging_mixin.py:154} INFO - [2023-12-03T18:20:53.729+0000] {dag.py:2941} INFO - Sync 1 DAGs
[2023-12-03T18:20:53.761+0000] {logging_mixin.py:154} INFO - [2023-12-03T18:20:53.761+0000] {dag.py:3722} INFO - Setting next_dagrun for tutorial_dag to None, run_after=None
[2023-12-03T18:20:53.804+0000] {processor.py:179} INFO - Processing /home/airflow/.local/lib/python3.8/site-packages/airflow/example_dags/tutorial_dag.py took 0.142 seconds
[2023-12-03T18:21:24.254+0000] {processor.py:157} INFO - Started process (PID=353) to work on /home/airflow/.local/lib/python3.8/site-packages/airflow/example_dags/tutorial_dag.py
[2023-12-03T18:21:24.256+0000] {processor.py:829} INFO - Processing file /home/airflow/.local/lib/python3.8/site-packages/airflow/example_dags/tutorial_dag.py for tasks to queue
[2023-12-03T18:21:24.259+0000] {logging_mixin.py:154} INFO - [2023-12-03T18:21:24.258+0000] {dagbag.py:536} INFO - Filling up the DagBag from /home/airflow/.local/lib/python3.8/site-packages/airflow/example_dags/tutorial_dag.py
[2023-12-03T18:21:24.268+0000] {processor.py:839} INFO - DAG(s) dict_keys(['tutorial_dag']) retrieved from /home/airflow/.local/lib/python3.8/site-packages/airflow/example_dags/tutorial_dag.py
[2023-12-03T18:21:24.286+0000] {logging_mixin.py:154} INFO - [2023-12-03T18:21:24.285+0000] {dag.py:2941} INFO - Sync 1 DAGs
[2023-12-03T18:21:24.311+0000] {logging_mixin.py:154} INFO - [2023-12-03T18:21:24.311+0000] {dag.py:3722} INFO - Setting next_dagrun for tutorial_dag to None, run_after=None
[2023-12-03T18:21:24.339+0000] {processor.py:179} INFO - Processing /home/airflow/.local/lib/python3.8/site-packages/airflow/example_dags/tutorial_dag.py took 0.090 seconds
[2023-12-03T18:21:55.120+0000] {processor.py:157} INFO - Started process (PID=407) to work on /home/airflow/.local/lib/python3.8/site-packages/airflow/example_dags/tutorial_dag.py
[2023-12-03T18:21:55.121+0000] {processor.py:829} INFO - Processing file /home/airflow/.local/lib/python3.8/site-packages/airflow/example_dags/tutorial_dag.py for tasks to queue
[2023-12-03T18:21:55.126+0000] {logging_mixin.py:154} INFO - [2023-12-03T18:21:55.125+0000] {dagbag.py:536} INFO - Filling up the DagBag from /home/airflow/.local/lib/python3.8/site-packages/airflow/example_dags/tutorial_dag.py
[2023-12-03T18:21:55.136+0000] {processor.py:839} INFO - DAG(s) dict_keys(['tutorial_dag']) retrieved from /home/airflow/.local/lib/python3.8/site-packages/airflow/example_dags/tutorial_dag.py
[2023-12-03T18:21:55.179+0000] {logging_mixin.py:154} INFO - [2023-12-03T18:21:55.178+0000] {dag.py:2941} INFO - Sync 1 DAGs
[2023-12-03T18:21:55.219+0000] {logging_mixin.py:154} INFO - [2023-12-03T18:21:55.218+0000] {dag.py:3722} INFO - Setting next_dagrun for tutorial_dag to None, run_after=None
[2023-12-03T18:21:55.268+0000] {processor.py:179} INFO - Processing /home/airflow/.local/lib/python3.8/site-packages/airflow/example_dags/tutorial_dag.py took 0.154 seconds
[2023-12-03T18:22:27.019+0000] {processor.py:157} INFO - Started process (PID=461) to work on /home/airflow/.local/lib/python3.8/site-packages/airflow/example_dags/tutorial_dag.py
[2023-12-03T18:22:27.022+0000] {processor.py:829} INFO - Processing file /home/airflow/.local/lib/python3.8/site-packages/airflow/example_dags/tutorial_dag.py for tasks to queue
[2023-12-03T18:22:27.026+0000] {logging_mixin.py:154} INFO - [2023-12-03T18:22:27.026+0000] {dagbag.py:536} INFO - Filling up the DagBag from /home/airflow/.local/lib/python3.8/site-packages/airflow/example_dags/tutorial_dag.py
[2023-12-03T18:22:27.035+0000] {processor.py:839} INFO - DAG(s) dict_keys(['tutorial_dag']) retrieved from /home/airflow/.local/lib/python3.8/site-packages/airflow/example_dags/tutorial_dag.py
[2023-12-03T18:22:27.068+0000] {logging_mixin.py:154} INFO - [2023-12-03T18:22:27.068+0000] {dag.py:2941} INFO - Sync 1 DAGs
[2023-12-03T18:22:27.091+0000] {logging_mixin.py:154} INFO - [2023-12-03T18:22:27.090+0000] {dag.py:3722} INFO - Setting next_dagrun for tutorial_dag to None, run_after=None
[2023-12-03T18:22:27.126+0000] {processor.py:179} INFO - Processing /home/airflow/.local/lib/python3.8/site-packages/airflow/example_dags/tutorial_dag.py took 0.116 seconds
[2023-12-03T18:24:00.282+0000] {processor.py:157} INFO - Started process (PID=76) to work on /home/airflow/.local/lib/python3.8/site-packages/airflow/example_dags/tutorial_dag.py
[2023-12-03T18:24:00.284+0000] {processor.py:829} INFO - Processing file /home/airflow/.local/lib/python3.8/site-packages/airflow/example_dags/tutorial_dag.py for tasks to queue
[2023-12-03T18:24:00.291+0000] {logging_mixin.py:154} INFO - [2023-12-03T18:24:00.290+0000] {dagbag.py:536} INFO - Filling up the DagBag from /home/airflow/.local/lib/python3.8/site-packages/airflow/example_dags/tutorial_dag.py
[2023-12-03T18:24:00.311+0000] {processor.py:839} INFO - DAG(s) dict_keys(['tutorial_dag']) retrieved from /home/airflow/.local/lib/python3.8/site-packages/airflow/example_dags/tutorial_dag.py
[2023-12-03T18:24:00.346+0000] {logging_mixin.py:154} INFO - [2023-12-03T18:24:00.345+0000] {dag.py:2941} INFO - Sync 1 DAGs
[2023-12-03T18:24:00.372+0000] {logging_mixin.py:154} INFO - [2023-12-03T18:24:00.372+0000] {dag.py:3722} INFO - Setting next_dagrun for tutorial_dag to None, run_after=None
[2023-12-03T18:24:00.411+0000] {processor.py:179} INFO - Processing /home/airflow/.local/lib/python3.8/site-packages/airflow/example_dags/tutorial_dag.py took 0.140 seconds
[2023-12-03T18:24:31.131+0000] {processor.py:157} INFO - Started process (PID=130) to work on /home/airflow/.local/lib/python3.8/site-packages/airflow/example_dags/tutorial_dag.py
[2023-12-03T18:24:31.132+0000] {processor.py:829} INFO - Processing file /home/airflow/.local/lib/python3.8/site-packages/airflow/example_dags/tutorial_dag.py for tasks to queue
[2023-12-03T18:24:31.137+0000] {logging_mixin.py:154} INFO - [2023-12-03T18:24:31.136+0000] {dagbag.py:536} INFO - Filling up the DagBag from /home/airflow/.local/lib/python3.8/site-packages/airflow/example_dags/tutorial_dag.py
[2023-12-03T18:24:31.147+0000] {processor.py:839} INFO - DAG(s) dict_keys(['tutorial_dag']) retrieved from /home/airflow/.local/lib/python3.8/site-packages/airflow/example_dags/tutorial_dag.py
[2023-12-03T18:24:31.181+0000] {logging_mixin.py:154} INFO - [2023-12-03T18:24:31.181+0000] {dag.py:2941} INFO - Sync 1 DAGs
[2023-12-03T18:24:31.209+0000] {logging_mixin.py:154} INFO - [2023-12-03T18:24:31.209+0000] {dag.py:3722} INFO - Setting next_dagrun for tutorial_dag to None, run_after=None
[2023-12-03T18:24:31.258+0000] {processor.py:179} INFO - Processing /home/airflow/.local/lib/python3.8/site-packages/airflow/example_dags/tutorial_dag.py took 0.132 seconds
[2023-12-03T18:25:01.798+0000] {processor.py:157} INFO - Started process (PID=184) to work on /home/airflow/.local/lib/python3.8/site-packages/airflow/example_dags/tutorial_dag.py
[2023-12-03T18:25:01.800+0000] {processor.py:829} INFO - Processing file /home/airflow/.local/lib/python3.8/site-packages/airflow/example_dags/tutorial_dag.py for tasks to queue
[2023-12-03T18:25:01.803+0000] {logging_mixin.py:154} INFO - [2023-12-03T18:25:01.802+0000] {dagbag.py:536} INFO - Filling up the DagBag from /home/airflow/.local/lib/python3.8/site-packages/airflow/example_dags/tutorial_dag.py
[2023-12-03T18:25:01.810+0000] {processor.py:839} INFO - DAG(s) dict_keys(['tutorial_dag']) retrieved from /home/airflow/.local/lib/python3.8/site-packages/airflow/example_dags/tutorial_dag.py
[2023-12-03T18:25:01.837+0000] {logging_mixin.py:154} INFO - [2023-12-03T18:25:01.837+0000] {dag.py:2941} INFO - Sync 1 DAGs
[2023-12-03T18:25:01.873+0000] {logging_mixin.py:154} INFO - [2023-12-03T18:25:01.872+0000] {dag.py:3722} INFO - Setting next_dagrun for tutorial_dag to None, run_after=None
[2023-12-03T18:25:01.912+0000] {processor.py:179} INFO - Processing /home/airflow/.local/lib/python3.8/site-packages/airflow/example_dags/tutorial_dag.py took 0.117 seconds
[2023-12-03T18:25:32.478+0000] {processor.py:157} INFO - Started process (PID=238) to work on /home/airflow/.local/lib/python3.8/site-packages/airflow/example_dags/tutorial_dag.py
[2023-12-03T18:25:32.479+0000] {processor.py:829} INFO - Processing file /home/airflow/.local/lib/python3.8/site-packages/airflow/example_dags/tutorial_dag.py for tasks to queue
[2023-12-03T18:25:32.482+0000] {logging_mixin.py:154} INFO - [2023-12-03T18:25:32.482+0000] {dagbag.py:536} INFO - Filling up the DagBag from /home/airflow/.local/lib/python3.8/site-packages/airflow/example_dags/tutorial_dag.py
[2023-12-03T18:25:32.490+0000] {processor.py:839} INFO - DAG(s) dict_keys(['tutorial_dag']) retrieved from /home/airflow/.local/lib/python3.8/site-packages/airflow/example_dags/tutorial_dag.py
[2023-12-03T18:25:32.523+0000] {logging_mixin.py:154} INFO - [2023-12-03T18:25:32.523+0000] {dag.py:2941} INFO - Sync 1 DAGs
[2023-12-03T18:25:32.557+0000] {logging_mixin.py:154} INFO - [2023-12-03T18:25:32.557+0000] {dag.py:3722} INFO - Setting next_dagrun for tutorial_dag to None, run_after=None
[2023-12-03T18:25:32.609+0000] {processor.py:179} INFO - Processing /home/airflow/.local/lib/python3.8/site-packages/airflow/example_dags/tutorial_dag.py took 0.137 seconds
[2023-12-03T18:26:02.831+0000] {processor.py:157} INFO - Started process (PID=292) to work on /home/airflow/.local/lib/python3.8/site-packages/airflow/example_dags/tutorial_dag.py
[2023-12-03T18:26:02.832+0000] {processor.py:829} INFO - Processing file /home/airflow/.local/lib/python3.8/site-packages/airflow/example_dags/tutorial_dag.py for tasks to queue
[2023-12-03T18:26:02.837+0000] {logging_mixin.py:154} INFO - [2023-12-03T18:26:02.836+0000] {dagbag.py:536} INFO - Filling up the DagBag from /home/airflow/.local/lib/python3.8/site-packages/airflow/example_dags/tutorial_dag.py
[2023-12-03T18:26:02.844+0000] {processor.py:839} INFO - DAG(s) dict_keys(['tutorial_dag']) retrieved from /home/airflow/.local/lib/python3.8/site-packages/airflow/example_dags/tutorial_dag.py
[2023-12-03T18:26:02.875+0000] {logging_mixin.py:154} INFO - [2023-12-03T18:26:02.875+0000] {dag.py:2941} INFO - Sync 1 DAGs
[2023-12-03T18:26:02.895+0000] {logging_mixin.py:154} INFO - [2023-12-03T18:26:02.894+0000] {dag.py:3722} INFO - Setting next_dagrun for tutorial_dag to None, run_after=None
[2023-12-03T18:26:02.930+0000] {processor.py:179} INFO - Processing /home/airflow/.local/lib/python3.8/site-packages/airflow/example_dags/tutorial_dag.py took 0.104 seconds
[2023-12-03T18:26:33.301+0000] {processor.py:157} INFO - Started process (PID=346) to work on /home/airflow/.local/lib/python3.8/site-packages/airflow/example_dags/tutorial_dag.py
[2023-12-03T18:26:33.303+0000] {processor.py:829} INFO - Processing file /home/airflow/.local/lib/python3.8/site-packages/airflow/example_dags/tutorial_dag.py for tasks to queue
[2023-12-03T18:26:33.307+0000] {logging_mixin.py:154} INFO - [2023-12-03T18:26:33.307+0000] {dagbag.py:536} INFO - Filling up the DagBag from /home/airflow/.local/lib/python3.8/site-packages/airflow/example_dags/tutorial_dag.py
[2023-12-03T18:26:33.316+0000] {processor.py:839} INFO - DAG(s) dict_keys(['tutorial_dag']) retrieved from /home/airflow/.local/lib/python3.8/site-packages/airflow/example_dags/tutorial_dag.py
[2023-12-03T18:26:33.350+0000] {logging_mixin.py:154} INFO - [2023-12-03T18:26:33.349+0000] {dag.py:2941} INFO - Sync 1 DAGs
[2023-12-03T18:26:33.372+0000] {logging_mixin.py:154} INFO - [2023-12-03T18:26:33.371+0000] {dag.py:3722} INFO - Setting next_dagrun for tutorial_dag to None, run_after=None
[2023-12-03T18:26:33.401+0000] {processor.py:179} INFO - Processing /home/airflow/.local/lib/python3.8/site-packages/airflow/example_dags/tutorial_dag.py took 0.105 seconds
[2023-12-03T18:27:04.065+0000] {processor.py:157} INFO - Started process (PID=400) to work on /home/airflow/.local/lib/python3.8/site-packages/airflow/example_dags/tutorial_dag.py
[2023-12-03T18:27:04.067+0000] {processor.py:829} INFO - Processing file /home/airflow/.local/lib/python3.8/site-packages/airflow/example_dags/tutorial_dag.py for tasks to queue
[2023-12-03T18:27:04.070+0000] {logging_mixin.py:154} INFO - [2023-12-03T18:27:04.070+0000] {dagbag.py:536} INFO - Filling up the DagBag from /home/airflow/.local/lib/python3.8/site-packages/airflow/example_dags/tutorial_dag.py
[2023-12-03T18:27:04.079+0000] {processor.py:839} INFO - DAG(s) dict_keys(['tutorial_dag']) retrieved from /home/airflow/.local/lib/python3.8/site-packages/airflow/example_dags/tutorial_dag.py
[2023-12-03T18:27:04.111+0000] {logging_mixin.py:154} INFO - [2023-12-03T18:27:04.111+0000] {dag.py:2941} INFO - Sync 1 DAGs
[2023-12-03T18:27:04.133+0000] {logging_mixin.py:154} INFO - [2023-12-03T18:27:04.133+0000] {dag.py:3722} INFO - Setting next_dagrun for tutorial_dag to None, run_after=None
[2023-12-03T18:27:04.167+0000] {processor.py:179} INFO - Processing /home/airflow/.local/lib/python3.8/site-packages/airflow/example_dags/tutorial_dag.py took 0.107 seconds
[2023-12-03T18:27:34.633+0000] {processor.py:157} INFO - Started process (PID=454) to work on /home/airflow/.local/lib/python3.8/site-packages/airflow/example_dags/tutorial_dag.py
[2023-12-03T18:27:34.635+0000] {processor.py:829} INFO - Processing file /home/airflow/.local/lib/python3.8/site-packages/airflow/example_dags/tutorial_dag.py for tasks to queue
[2023-12-03T18:27:34.639+0000] {logging_mixin.py:154} INFO - [2023-12-03T18:27:34.638+0000] {dagbag.py:536} INFO - Filling up the DagBag from /home/airflow/.local/lib/python3.8/site-packages/airflow/example_dags/tutorial_dag.py
[2023-12-03T18:27:34.648+0000] {processor.py:839} INFO - DAG(s) dict_keys(['tutorial_dag']) retrieved from /home/airflow/.local/lib/python3.8/site-packages/airflow/example_dags/tutorial_dag.py
[2023-12-03T18:27:34.681+0000] {logging_mixin.py:154} INFO - [2023-12-03T18:27:34.680+0000] {dag.py:2941} INFO - Sync 1 DAGs
[2023-12-03T18:27:34.701+0000] {logging_mixin.py:154} INFO - [2023-12-03T18:27:34.701+0000] {dag.py:3722} INFO - Setting next_dagrun for tutorial_dag to None, run_after=None
[2023-12-03T18:27:34.739+0000] {processor.py:179} INFO - Processing /home/airflow/.local/lib/python3.8/site-packages/airflow/example_dags/tutorial_dag.py took 0.112 seconds
[2023-12-03T18:28:04.841+0000] {processor.py:157} INFO - Started process (PID=508) to work on /home/airflow/.local/lib/python3.8/site-packages/airflow/example_dags/tutorial_dag.py
[2023-12-03T18:28:04.843+0000] {processor.py:829} INFO - Processing file /home/airflow/.local/lib/python3.8/site-packages/airflow/example_dags/tutorial_dag.py for tasks to queue
[2023-12-03T18:28:04.850+0000] {logging_mixin.py:154} INFO - [2023-12-03T18:28:04.849+0000] {dagbag.py:536} INFO - Filling up the DagBag from /home/airflow/.local/lib/python3.8/site-packages/airflow/example_dags/tutorial_dag.py
[2023-12-03T18:28:04.864+0000] {processor.py:839} INFO - DAG(s) dict_keys(['tutorial_dag']) retrieved from /home/airflow/.local/lib/python3.8/site-packages/airflow/example_dags/tutorial_dag.py
[2023-12-03T18:28:04.891+0000] {logging_mixin.py:154} INFO - [2023-12-03T18:28:04.891+0000] {dag.py:2941} INFO - Sync 1 DAGs
[2023-12-03T18:28:04.912+0000] {logging_mixin.py:154} INFO - [2023-12-03T18:28:04.912+0000] {dag.py:3722} INFO - Setting next_dagrun for tutorial_dag to None, run_after=None
[2023-12-03T18:28:04.960+0000] {processor.py:179} INFO - Processing /home/airflow/.local/lib/python3.8/site-packages/airflow/example_dags/tutorial_dag.py took 0.128 seconds
[2023-12-03T18:29:52.593+0000] {processor.py:157} INFO - Started process (PID=77) to work on /home/airflow/.local/lib/python3.8/site-packages/airflow/example_dags/tutorial_dag.py
[2023-12-03T18:29:52.595+0000] {processor.py:829} INFO - Processing file /home/airflow/.local/lib/python3.8/site-packages/airflow/example_dags/tutorial_dag.py for tasks to queue
[2023-12-03T18:29:52.599+0000] {logging_mixin.py:154} INFO - [2023-12-03T18:29:52.598+0000] {dagbag.py:536} INFO - Filling up the DagBag from /home/airflow/.local/lib/python3.8/site-packages/airflow/example_dags/tutorial_dag.py
[2023-12-03T18:29:52.608+0000] {processor.py:839} INFO - DAG(s) dict_keys(['tutorial_dag']) retrieved from /home/airflow/.local/lib/python3.8/site-packages/airflow/example_dags/tutorial_dag.py
[2023-12-03T18:29:52.641+0000] {logging_mixin.py:154} INFO - [2023-12-03T18:29:52.640+0000] {dag.py:2941} INFO - Sync 1 DAGs
[2023-12-03T18:29:52.659+0000] {logging_mixin.py:154} INFO - [2023-12-03T18:29:52.658+0000] {dag.py:3722} INFO - Setting next_dagrun for tutorial_dag to None, run_after=None
[2023-12-03T18:29:52.693+0000] {processor.py:179} INFO - Processing /home/airflow/.local/lib/python3.8/site-packages/airflow/example_dags/tutorial_dag.py took 0.104 seconds
[2023-12-03T18:30:23.463+0000] {processor.py:157} INFO - Started process (PID=132) to work on /home/airflow/.local/lib/python3.8/site-packages/airflow/example_dags/tutorial_dag.py
[2023-12-03T18:30:23.464+0000] {processor.py:829} INFO - Processing file /home/airflow/.local/lib/python3.8/site-packages/airflow/example_dags/tutorial_dag.py for tasks to queue
[2023-12-03T18:30:23.468+0000] {logging_mixin.py:154} INFO - [2023-12-03T18:30:23.467+0000] {dagbag.py:536} INFO - Filling up the DagBag from /home/airflow/.local/lib/python3.8/site-packages/airflow/example_dags/tutorial_dag.py
[2023-12-03T18:30:23.475+0000] {processor.py:839} INFO - DAG(s) dict_keys(['tutorial_dag']) retrieved from /home/airflow/.local/lib/python3.8/site-packages/airflow/example_dags/tutorial_dag.py
[2023-12-03T18:30:23.506+0000] {logging_mixin.py:154} INFO - [2023-12-03T18:30:23.505+0000] {dag.py:2941} INFO - Sync 1 DAGs
[2023-12-03T18:30:23.525+0000] {logging_mixin.py:154} INFO - [2023-12-03T18:30:23.525+0000] {dag.py:3722} INFO - Setting next_dagrun for tutorial_dag to None, run_after=None
[2023-12-03T18:30:23.558+0000] {processor.py:179} INFO - Processing /home/airflow/.local/lib/python3.8/site-packages/airflow/example_dags/tutorial_dag.py took 0.099 seconds
[2023-12-03T18:30:55.056+0000] {processor.py:157} INFO - Started process (PID=187) to work on /home/airflow/.local/lib/python3.8/site-packages/airflow/example_dags/tutorial_dag.py
[2023-12-03T18:30:55.058+0000] {processor.py:829} INFO - Processing file /home/airflow/.local/lib/python3.8/site-packages/airflow/example_dags/tutorial_dag.py for tasks to queue
[2023-12-03T18:30:55.064+0000] {logging_mixin.py:154} INFO - [2023-12-03T18:30:55.063+0000] {dagbag.py:536} INFO - Filling up the DagBag from /home/airflow/.local/lib/python3.8/site-packages/airflow/example_dags/tutorial_dag.py
[2023-12-03T18:30:55.073+0000] {processor.py:839} INFO - DAG(s) dict_keys(['tutorial_dag']) retrieved from /home/airflow/.local/lib/python3.8/site-packages/airflow/example_dags/tutorial_dag.py
[2023-12-03T18:30:55.104+0000] {logging_mixin.py:154} INFO - [2023-12-03T18:30:55.103+0000] {dag.py:2941} INFO - Sync 1 DAGs
[2023-12-03T18:30:55.123+0000] {logging_mixin.py:154} INFO - [2023-12-03T18:30:55.123+0000] {dag.py:3722} INFO - Setting next_dagrun for tutorial_dag to None, run_after=None
[2023-12-03T18:30:55.152+0000] {processor.py:179} INFO - Processing /home/airflow/.local/lib/python3.8/site-packages/airflow/example_dags/tutorial_dag.py took 0.104 seconds
[2023-12-03T18:31:26.386+0000] {processor.py:157} INFO - Started process (PID=257) to work on /home/airflow/.local/lib/python3.8/site-packages/airflow/example_dags/tutorial_dag.py
[2023-12-03T18:31:26.388+0000] {processor.py:829} INFO - Processing file /home/airflow/.local/lib/python3.8/site-packages/airflow/example_dags/tutorial_dag.py for tasks to queue
[2023-12-03T18:31:26.392+0000] {logging_mixin.py:154} INFO - [2023-12-03T18:31:26.391+0000] {dagbag.py:536} INFO - Filling up the DagBag from /home/airflow/.local/lib/python3.8/site-packages/airflow/example_dags/tutorial_dag.py
[2023-12-03T18:31:26.400+0000] {processor.py:839} INFO - DAG(s) dict_keys(['tutorial_dag']) retrieved from /home/airflow/.local/lib/python3.8/site-packages/airflow/example_dags/tutorial_dag.py
[2023-12-03T18:31:26.432+0000] {logging_mixin.py:154} INFO - [2023-12-03T18:31:26.432+0000] {dag.py:2941} INFO - Sync 1 DAGs
[2023-12-03T18:31:26.454+0000] {logging_mixin.py:154} INFO - [2023-12-03T18:31:26.454+0000] {dag.py:3722} INFO - Setting next_dagrun for tutorial_dag to None, run_after=None
[2023-12-03T18:31:26.488+0000] {processor.py:179} INFO - Processing /home/airflow/.local/lib/python3.8/site-packages/airflow/example_dags/tutorial_dag.py took 0.106 seconds
[2023-12-03T18:31:58.469+0000] {processor.py:157} INFO - Started process (PID=312) to work on /home/airflow/.local/lib/python3.8/site-packages/airflow/example_dags/tutorial_dag.py
[2023-12-03T18:31:58.471+0000] {processor.py:829} INFO - Processing file /home/airflow/.local/lib/python3.8/site-packages/airflow/example_dags/tutorial_dag.py for tasks to queue
[2023-12-03T18:31:58.475+0000] {logging_mixin.py:154} INFO - [2023-12-03T18:31:58.474+0000] {dagbag.py:536} INFO - Filling up the DagBag from /home/airflow/.local/lib/python3.8/site-packages/airflow/example_dags/tutorial_dag.py
[2023-12-03T18:31:58.485+0000] {processor.py:839} INFO - DAG(s) dict_keys(['tutorial_dag']) retrieved from /home/airflow/.local/lib/python3.8/site-packages/airflow/example_dags/tutorial_dag.py
[2023-12-03T18:31:58.521+0000] {logging_mixin.py:154} INFO - [2023-12-03T18:31:58.521+0000] {dag.py:2941} INFO - Sync 1 DAGs
[2023-12-03T18:31:58.542+0000] {logging_mixin.py:154} INFO - [2023-12-03T18:31:58.542+0000] {dag.py:3722} INFO - Setting next_dagrun for tutorial_dag to None, run_after=None
[2023-12-03T18:31:58.578+0000] {processor.py:179} INFO - Processing /home/airflow/.local/lib/python3.8/site-packages/airflow/example_dags/tutorial_dag.py took 0.114 seconds
[2023-12-03T18:32:29.454+0000] {processor.py:157} INFO - Started process (PID=367) to work on /home/airflow/.local/lib/python3.8/site-packages/airflow/example_dags/tutorial_dag.py
[2023-12-03T18:32:29.456+0000] {processor.py:829} INFO - Processing file /home/airflow/.local/lib/python3.8/site-packages/airflow/example_dags/tutorial_dag.py for tasks to queue
[2023-12-03T18:32:29.463+0000] {logging_mixin.py:154} INFO - [2023-12-03T18:32:29.462+0000] {dagbag.py:536} INFO - Filling up the DagBag from /home/airflow/.local/lib/python3.8/site-packages/airflow/example_dags/tutorial_dag.py
[2023-12-03T18:32:29.480+0000] {processor.py:839} INFO - DAG(s) dict_keys(['tutorial_dag']) retrieved from /home/airflow/.local/lib/python3.8/site-packages/airflow/example_dags/tutorial_dag.py
[2023-12-03T18:32:29.512+0000] {logging_mixin.py:154} INFO - [2023-12-03T18:32:29.511+0000] {dag.py:2941} INFO - Sync 1 DAGs
[2023-12-03T18:32:29.532+0000] {logging_mixin.py:154} INFO - [2023-12-03T18:32:29.531+0000] {dag.py:3722} INFO - Setting next_dagrun for tutorial_dag to None, run_after=None
[2023-12-03T18:32:29.573+0000] {processor.py:179} INFO - Processing /home/airflow/.local/lib/python3.8/site-packages/airflow/example_dags/tutorial_dag.py took 0.128 seconds
[2023-12-03T18:33:00.235+0000] {processor.py:157} INFO - Started process (PID=422) to work on /home/airflow/.local/lib/python3.8/site-packages/airflow/example_dags/tutorial_dag.py
[2023-12-03T18:33:00.236+0000] {processor.py:829} INFO - Processing file /home/airflow/.local/lib/python3.8/site-packages/airflow/example_dags/tutorial_dag.py for tasks to queue
[2023-12-03T18:33:00.240+0000] {logging_mixin.py:154} INFO - [2023-12-03T18:33:00.240+0000] {dagbag.py:536} INFO - Filling up the DagBag from /home/airflow/.local/lib/python3.8/site-packages/airflow/example_dags/tutorial_dag.py
[2023-12-03T18:33:00.250+0000] {processor.py:839} INFO - DAG(s) dict_keys(['tutorial_dag']) retrieved from /home/airflow/.local/lib/python3.8/site-packages/airflow/example_dags/tutorial_dag.py
[2023-12-03T18:33:00.278+0000] {logging_mixin.py:154} INFO - [2023-12-03T18:33:00.278+0000] {dag.py:2941} INFO - Sync 1 DAGs
[2023-12-03T18:33:00.296+0000] {logging_mixin.py:154} INFO - [2023-12-03T18:33:00.296+0000] {dag.py:3722} INFO - Setting next_dagrun for tutorial_dag to None, run_after=None
[2023-12-03T18:33:00.330+0000] {processor.py:179} INFO - Processing /home/airflow/.local/lib/python3.8/site-packages/airflow/example_dags/tutorial_dag.py took 0.102 seconds
[2023-12-03T18:33:31.099+0000] {processor.py:157} INFO - Started process (PID=477) to work on /home/airflow/.local/lib/python3.8/site-packages/airflow/example_dags/tutorial_dag.py
[2023-12-03T18:33:31.101+0000] {processor.py:829} INFO - Processing file /home/airflow/.local/lib/python3.8/site-packages/airflow/example_dags/tutorial_dag.py for tasks to queue
[2023-12-03T18:33:31.105+0000] {logging_mixin.py:154} INFO - [2023-12-03T18:33:31.104+0000] {dagbag.py:536} INFO - Filling up the DagBag from /home/airflow/.local/lib/python3.8/site-packages/airflow/example_dags/tutorial_dag.py
[2023-12-03T18:33:31.115+0000] {processor.py:839} INFO - DAG(s) dict_keys(['tutorial_dag']) retrieved from /home/airflow/.local/lib/python3.8/site-packages/airflow/example_dags/tutorial_dag.py
[2023-12-03T18:33:31.155+0000] {logging_mixin.py:154} INFO - [2023-12-03T18:33:31.155+0000] {dag.py:2941} INFO - Sync 1 DAGs
[2023-12-03T18:33:31.190+0000] {logging_mixin.py:154} INFO - [2023-12-03T18:33:31.190+0000] {dag.py:3722} INFO - Setting next_dagrun for tutorial_dag to None, run_after=None
[2023-12-03T18:33:31.224+0000] {processor.py:179} INFO - Processing /home/airflow/.local/lib/python3.8/site-packages/airflow/example_dags/tutorial_dag.py took 0.133 seconds
[2023-12-03T18:34:02.324+0000] {processor.py:157} INFO - Started process (PID=532) to work on /home/airflow/.local/lib/python3.8/site-packages/airflow/example_dags/tutorial_dag.py
[2023-12-03T18:34:02.325+0000] {processor.py:829} INFO - Processing file /home/airflow/.local/lib/python3.8/site-packages/airflow/example_dags/tutorial_dag.py for tasks to queue
[2023-12-03T18:34:02.329+0000] {logging_mixin.py:154} INFO - [2023-12-03T18:34:02.328+0000] {dagbag.py:536} INFO - Filling up the DagBag from /home/airflow/.local/lib/python3.8/site-packages/airflow/example_dags/tutorial_dag.py
[2023-12-03T18:34:02.337+0000] {processor.py:839} INFO - DAG(s) dict_keys(['tutorial_dag']) retrieved from /home/airflow/.local/lib/python3.8/site-packages/airflow/example_dags/tutorial_dag.py
[2023-12-03T18:34:02.368+0000] {logging_mixin.py:154} INFO - [2023-12-03T18:34:02.367+0000] {dag.py:2941} INFO - Sync 1 DAGs
[2023-12-03T18:34:02.386+0000] {logging_mixin.py:154} INFO - [2023-12-03T18:34:02.386+0000] {dag.py:3722} INFO - Setting next_dagrun for tutorial_dag to None, run_after=None
[2023-12-03T18:34:02.419+0000] {processor.py:179} INFO - Processing /home/airflow/.local/lib/python3.8/site-packages/airflow/example_dags/tutorial_dag.py took 0.100 seconds
[2023-12-03T18:34:32.941+0000] {processor.py:157} INFO - Started process (PID=587) to work on /home/airflow/.local/lib/python3.8/site-packages/airflow/example_dags/tutorial_dag.py
[2023-12-03T18:34:32.943+0000] {processor.py:829} INFO - Processing file /home/airflow/.local/lib/python3.8/site-packages/airflow/example_dags/tutorial_dag.py for tasks to queue
[2023-12-03T18:34:32.947+0000] {logging_mixin.py:154} INFO - [2023-12-03T18:34:32.946+0000] {dagbag.py:536} INFO - Filling up the DagBag from /home/airflow/.local/lib/python3.8/site-packages/airflow/example_dags/tutorial_dag.py
[2023-12-03T18:34:32.955+0000] {processor.py:839} INFO - DAG(s) dict_keys(['tutorial_dag']) retrieved from /home/airflow/.local/lib/python3.8/site-packages/airflow/example_dags/tutorial_dag.py
[2023-12-03T18:34:33.157+0000] {logging_mixin.py:154} INFO - [2023-12-03T18:34:33.156+0000] {dag.py:2941} INFO - Sync 1 DAGs
[2023-12-03T18:34:33.175+0000] {logging_mixin.py:154} INFO - [2023-12-03T18:34:33.175+0000] {dag.py:3722} INFO - Setting next_dagrun for tutorial_dag to None, run_after=None
[2023-12-03T18:34:33.202+0000] {processor.py:179} INFO - Processing /home/airflow/.local/lib/python3.8/site-packages/airflow/example_dags/tutorial_dag.py took 0.267 seconds
[2023-12-03T18:35:03.532+0000] {processor.py:157} INFO - Started process (PID=643) to work on /home/airflow/.local/lib/python3.8/site-packages/airflow/example_dags/tutorial_dag.py
[2023-12-03T18:35:03.534+0000] {processor.py:829} INFO - Processing file /home/airflow/.local/lib/python3.8/site-packages/airflow/example_dags/tutorial_dag.py for tasks to queue
[2023-12-03T18:35:03.539+0000] {logging_mixin.py:154} INFO - [2023-12-03T18:35:03.538+0000] {dagbag.py:536} INFO - Filling up the DagBag from /home/airflow/.local/lib/python3.8/site-packages/airflow/example_dags/tutorial_dag.py
[2023-12-03T18:35:03.549+0000] {processor.py:839} INFO - DAG(s) dict_keys(['tutorial_dag']) retrieved from /home/airflow/.local/lib/python3.8/site-packages/airflow/example_dags/tutorial_dag.py
[2023-12-03T18:35:03.801+0000] {logging_mixin.py:154} INFO - [2023-12-03T18:35:03.801+0000] {dag.py:2941} INFO - Sync 1 DAGs
[2023-12-03T18:35:03.821+0000] {logging_mixin.py:154} INFO - [2023-12-03T18:35:03.821+0000] {dag.py:3722} INFO - Setting next_dagrun for tutorial_dag to None, run_after=None
[2023-12-03T18:35:03.863+0000] {processor.py:179} INFO - Processing /home/airflow/.local/lib/python3.8/site-packages/airflow/example_dags/tutorial_dag.py took 0.338 seconds
[2023-12-03T18:35:34.439+0000] {processor.py:157} INFO - Started process (PID=698) to work on /home/airflow/.local/lib/python3.8/site-packages/airflow/example_dags/tutorial_dag.py
[2023-12-03T18:35:34.440+0000] {processor.py:829} INFO - Processing file /home/airflow/.local/lib/python3.8/site-packages/airflow/example_dags/tutorial_dag.py for tasks to queue
[2023-12-03T18:35:34.443+0000] {logging_mixin.py:154} INFO - [2023-12-03T18:35:34.443+0000] {dagbag.py:536} INFO - Filling up the DagBag from /home/airflow/.local/lib/python3.8/site-packages/airflow/example_dags/tutorial_dag.py
[2023-12-03T18:35:34.454+0000] {processor.py:839} INFO - DAG(s) dict_keys(['tutorial_dag']) retrieved from /home/airflow/.local/lib/python3.8/site-packages/airflow/example_dags/tutorial_dag.py
[2023-12-03T18:35:34.682+0000] {logging_mixin.py:154} INFO - [2023-12-03T18:35:34.682+0000] {dag.py:2941} INFO - Sync 1 DAGs
[2023-12-03T18:35:34.705+0000] {logging_mixin.py:154} INFO - [2023-12-03T18:35:34.705+0000] {dag.py:3722} INFO - Setting next_dagrun for tutorial_dag to None, run_after=None
[2023-12-03T18:35:34.736+0000] {processor.py:179} INFO - Processing /home/airflow/.local/lib/python3.8/site-packages/airflow/example_dags/tutorial_dag.py took 0.302 seconds
[2023-12-03T18:36:05.584+0000] {processor.py:157} INFO - Started process (PID=753) to work on /home/airflow/.local/lib/python3.8/site-packages/airflow/example_dags/tutorial_dag.py
[2023-12-03T18:36:05.586+0000] {processor.py:829} INFO - Processing file /home/airflow/.local/lib/python3.8/site-packages/airflow/example_dags/tutorial_dag.py for tasks to queue
[2023-12-03T18:36:05.593+0000] {logging_mixin.py:154} INFO - [2023-12-03T18:36:05.592+0000] {dagbag.py:536} INFO - Filling up the DagBag from /home/airflow/.local/lib/python3.8/site-packages/airflow/example_dags/tutorial_dag.py
[2023-12-03T18:36:05.610+0000] {processor.py:839} INFO - DAG(s) dict_keys(['tutorial_dag']) retrieved from /home/airflow/.local/lib/python3.8/site-packages/airflow/example_dags/tutorial_dag.py
[2023-12-03T18:36:05.662+0000] {logging_mixin.py:154} INFO - [2023-12-03T18:36:05.661+0000] {dag.py:2941} INFO - Sync 1 DAGs
[2023-12-03T18:36:05.696+0000] {logging_mixin.py:154} INFO - [2023-12-03T18:36:05.695+0000] {dag.py:3722} INFO - Setting next_dagrun for tutorial_dag to None, run_after=None
[2023-12-03T18:36:05.738+0000] {processor.py:179} INFO - Processing /home/airflow/.local/lib/python3.8/site-packages/airflow/example_dags/tutorial_dag.py took 0.164 seconds
[2023-12-03T18:36:36.206+0000] {processor.py:157} INFO - Started process (PID=808) to work on /home/airflow/.local/lib/python3.8/site-packages/airflow/example_dags/tutorial_dag.py
[2023-12-03T18:36:36.209+0000] {processor.py:829} INFO - Processing file /home/airflow/.local/lib/python3.8/site-packages/airflow/example_dags/tutorial_dag.py for tasks to queue
[2023-12-03T18:36:36.218+0000] {logging_mixin.py:154} INFO - [2023-12-03T18:36:36.216+0000] {dagbag.py:536} INFO - Filling up the DagBag from /home/airflow/.local/lib/python3.8/site-packages/airflow/example_dags/tutorial_dag.py
[2023-12-03T18:36:36.240+0000] {processor.py:839} INFO - DAG(s) dict_keys(['tutorial_dag']) retrieved from /home/airflow/.local/lib/python3.8/site-packages/airflow/example_dags/tutorial_dag.py
[2023-12-03T18:36:36.291+0000] {logging_mixin.py:154} INFO - [2023-12-03T18:36:36.290+0000] {dag.py:2941} INFO - Sync 1 DAGs
[2023-12-03T18:36:36.327+0000] {logging_mixin.py:154} INFO - [2023-12-03T18:36:36.327+0000] {dag.py:3722} INFO - Setting next_dagrun for tutorial_dag to None, run_after=None
[2023-12-03T18:36:36.377+0000] {processor.py:179} INFO - Processing /home/airflow/.local/lib/python3.8/site-packages/airflow/example_dags/tutorial_dag.py took 0.182 seconds
[2023-12-03T18:37:07.044+0000] {processor.py:157} INFO - Started process (PID=863) to work on /home/airflow/.local/lib/python3.8/site-packages/airflow/example_dags/tutorial_dag.py
[2023-12-03T18:37:07.046+0000] {processor.py:829} INFO - Processing file /home/airflow/.local/lib/python3.8/site-packages/airflow/example_dags/tutorial_dag.py for tasks to queue
[2023-12-03T18:37:07.052+0000] {logging_mixin.py:154} INFO - [2023-12-03T18:37:07.051+0000] {dagbag.py:536} INFO - Filling up the DagBag from /home/airflow/.local/lib/python3.8/site-packages/airflow/example_dags/tutorial_dag.py
[2023-12-03T18:37:07.064+0000] {processor.py:839} INFO - DAG(s) dict_keys(['tutorial_dag']) retrieved from /home/airflow/.local/lib/python3.8/site-packages/airflow/example_dags/tutorial_dag.py
[2023-12-03T18:37:07.104+0000] {logging_mixin.py:154} INFO - [2023-12-03T18:37:07.103+0000] {dag.py:2941} INFO - Sync 1 DAGs
[2023-12-03T18:37:07.134+0000] {logging_mixin.py:154} INFO - [2023-12-03T18:37:07.134+0000] {dag.py:3722} INFO - Setting next_dagrun for tutorial_dag to None, run_after=None
[2023-12-03T18:37:07.182+0000] {processor.py:179} INFO - Processing /home/airflow/.local/lib/python3.8/site-packages/airflow/example_dags/tutorial_dag.py took 0.145 seconds
[2023-12-03T18:37:37.414+0000] {processor.py:157} INFO - Started process (PID=918) to work on /home/airflow/.local/lib/python3.8/site-packages/airflow/example_dags/tutorial_dag.py
[2023-12-03T18:37:37.417+0000] {processor.py:829} INFO - Processing file /home/airflow/.local/lib/python3.8/site-packages/airflow/example_dags/tutorial_dag.py for tasks to queue
[2023-12-03T18:37:37.424+0000] {logging_mixin.py:154} INFO - [2023-12-03T18:37:37.423+0000] {dagbag.py:536} INFO - Filling up the DagBag from /home/airflow/.local/lib/python3.8/site-packages/airflow/example_dags/tutorial_dag.py
[2023-12-03T18:37:37.433+0000] {processor.py:839} INFO - DAG(s) dict_keys(['tutorial_dag']) retrieved from /home/airflow/.local/lib/python3.8/site-packages/airflow/example_dags/tutorial_dag.py
[2023-12-03T18:37:37.472+0000] {logging_mixin.py:154} INFO - [2023-12-03T18:37:37.471+0000] {dag.py:2941} INFO - Sync 1 DAGs
[2023-12-03T18:37:37.496+0000] {logging_mixin.py:154} INFO - [2023-12-03T18:37:37.496+0000] {dag.py:3722} INFO - Setting next_dagrun for tutorial_dag to None, run_after=None
[2023-12-03T18:37:37.542+0000] {processor.py:179} INFO - Processing /home/airflow/.local/lib/python3.8/site-packages/airflow/example_dags/tutorial_dag.py took 0.138 seconds
[2023-12-03T18:38:07.926+0000] {processor.py:157} INFO - Started process (PID=973) to work on /home/airflow/.local/lib/python3.8/site-packages/airflow/example_dags/tutorial_dag.py
[2023-12-03T18:38:07.928+0000] {processor.py:829} INFO - Processing file /home/airflow/.local/lib/python3.8/site-packages/airflow/example_dags/tutorial_dag.py for tasks to queue
[2023-12-03T18:38:07.935+0000] {logging_mixin.py:154} INFO - [2023-12-03T18:38:07.934+0000] {dagbag.py:536} INFO - Filling up the DagBag from /home/airflow/.local/lib/python3.8/site-packages/airflow/example_dags/tutorial_dag.py
[2023-12-03T18:38:07.943+0000] {processor.py:839} INFO - DAG(s) dict_keys(['tutorial_dag']) retrieved from /home/airflow/.local/lib/python3.8/site-packages/airflow/example_dags/tutorial_dag.py
[2023-12-03T18:38:07.973+0000] {logging_mixin.py:154} INFO - [2023-12-03T18:38:07.973+0000] {dag.py:2941} INFO - Sync 1 DAGs
[2023-12-03T18:38:07.993+0000] {logging_mixin.py:154} INFO - [2023-12-03T18:38:07.993+0000] {dag.py:3722} INFO - Setting next_dagrun for tutorial_dag to None, run_after=None
[2023-12-03T18:38:08.041+0000] {processor.py:179} INFO - Processing /home/airflow/.local/lib/python3.8/site-packages/airflow/example_dags/tutorial_dag.py took 0.127 seconds
[2023-12-03T18:38:38.565+0000] {processor.py:157} INFO - Started process (PID=1028) to work on /home/airflow/.local/lib/python3.8/site-packages/airflow/example_dags/tutorial_dag.py
[2023-12-03T18:38:38.567+0000] {processor.py:829} INFO - Processing file /home/airflow/.local/lib/python3.8/site-packages/airflow/example_dags/tutorial_dag.py for tasks to queue
[2023-12-03T18:38:38.571+0000] {logging_mixin.py:154} INFO - [2023-12-03T18:38:38.571+0000] {dagbag.py:536} INFO - Filling up the DagBag from /home/airflow/.local/lib/python3.8/site-packages/airflow/example_dags/tutorial_dag.py
[2023-12-03T18:38:38.579+0000] {processor.py:839} INFO - DAG(s) dict_keys(['tutorial_dag']) retrieved from /home/airflow/.local/lib/python3.8/site-packages/airflow/example_dags/tutorial_dag.py
[2023-12-03T18:38:38.638+0000] {logging_mixin.py:154} INFO - [2023-12-03T18:38:38.637+0000] {dag.py:2941} INFO - Sync 1 DAGs
[2023-12-03T18:38:38.666+0000] {logging_mixin.py:154} INFO - [2023-12-03T18:38:38.665+0000] {dag.py:3722} INFO - Setting next_dagrun for tutorial_dag to None, run_after=None
[2023-12-03T18:38:38.719+0000] {processor.py:179} INFO - Processing /home/airflow/.local/lib/python3.8/site-packages/airflow/example_dags/tutorial_dag.py took 0.162 seconds
[2023-12-03T18:39:09.099+0000] {processor.py:157} INFO - Started process (PID=1083) to work on /home/airflow/.local/lib/python3.8/site-packages/airflow/example_dags/tutorial_dag.py
[2023-12-03T18:39:09.102+0000] {processor.py:829} INFO - Processing file /home/airflow/.local/lib/python3.8/site-packages/airflow/example_dags/tutorial_dag.py for tasks to queue
[2023-12-03T18:39:09.111+0000] {logging_mixin.py:154} INFO - [2023-12-03T18:39:09.109+0000] {dagbag.py:536} INFO - Filling up the DagBag from /home/airflow/.local/lib/python3.8/site-packages/airflow/example_dags/tutorial_dag.py
[2023-12-03T18:39:09.127+0000] {processor.py:839} INFO - DAG(s) dict_keys(['tutorial_dag']) retrieved from /home/airflow/.local/lib/python3.8/site-packages/airflow/example_dags/tutorial_dag.py
[2023-12-03T18:39:09.166+0000] {logging_mixin.py:154} INFO - [2023-12-03T18:39:09.165+0000] {dag.py:2941} INFO - Sync 1 DAGs
[2023-12-03T18:39:09.192+0000] {logging_mixin.py:154} INFO - [2023-12-03T18:39:09.191+0000] {dag.py:3722} INFO - Setting next_dagrun for tutorial_dag to None, run_after=None
[2023-12-03T18:39:09.238+0000] {processor.py:179} INFO - Processing /home/airflow/.local/lib/python3.8/site-packages/airflow/example_dags/tutorial_dag.py took 0.153 seconds
[2023-12-03T18:39:39.290+0000] {processor.py:157} INFO - Started process (PID=1137) to work on /home/airflow/.local/lib/python3.8/site-packages/airflow/example_dags/tutorial_dag.py
[2023-12-03T18:39:39.291+0000] {processor.py:829} INFO - Processing file /home/airflow/.local/lib/python3.8/site-packages/airflow/example_dags/tutorial_dag.py for tasks to queue
[2023-12-03T18:39:39.295+0000] {logging_mixin.py:154} INFO - [2023-12-03T18:39:39.295+0000] {dagbag.py:536} INFO - Filling up the DagBag from /home/airflow/.local/lib/python3.8/site-packages/airflow/example_dags/tutorial_dag.py
[2023-12-03T18:39:39.303+0000] {processor.py:839} INFO - DAG(s) dict_keys(['tutorial_dag']) retrieved from /home/airflow/.local/lib/python3.8/site-packages/airflow/example_dags/tutorial_dag.py
[2023-12-03T18:39:39.334+0000] {logging_mixin.py:154} INFO - [2023-12-03T18:39:39.334+0000] {dag.py:2941} INFO - Sync 1 DAGs
[2023-12-03T18:39:39.352+0000] {logging_mixin.py:154} INFO - [2023-12-03T18:39:39.352+0000] {dag.py:3722} INFO - Setting next_dagrun for tutorial_dag to None, run_after=None
[2023-12-03T18:39:39.391+0000] {processor.py:179} INFO - Processing /home/airflow/.local/lib/python3.8/site-packages/airflow/example_dags/tutorial_dag.py took 0.106 seconds
[2023-12-03T18:40:09.605+0000] {processor.py:157} INFO - Started process (PID=1191) to work on /home/airflow/.local/lib/python3.8/site-packages/airflow/example_dags/tutorial_dag.py
[2023-12-03T18:40:09.606+0000] {processor.py:829} INFO - Processing file /home/airflow/.local/lib/python3.8/site-packages/airflow/example_dags/tutorial_dag.py for tasks to queue
[2023-12-03T18:40:09.610+0000] {logging_mixin.py:154} INFO - [2023-12-03T18:40:09.610+0000] {dagbag.py:536} INFO - Filling up the DagBag from /home/airflow/.local/lib/python3.8/site-packages/airflow/example_dags/tutorial_dag.py
[2023-12-03T18:40:09.620+0000] {processor.py:839} INFO - DAG(s) dict_keys(['tutorial_dag']) retrieved from /home/airflow/.local/lib/python3.8/site-packages/airflow/example_dags/tutorial_dag.py
[2023-12-03T18:40:09.653+0000] {logging_mixin.py:154} INFO - [2023-12-03T18:40:09.653+0000] {dag.py:2941} INFO - Sync 1 DAGs
[2023-12-03T18:40:09.683+0000] {logging_mixin.py:154} INFO - [2023-12-03T18:40:09.682+0000] {dag.py:3722} INFO - Setting next_dagrun for tutorial_dag to None, run_after=None
[2023-12-03T18:40:09.724+0000] {processor.py:179} INFO - Processing /home/airflow/.local/lib/python3.8/site-packages/airflow/example_dags/tutorial_dag.py took 0.125 seconds
[2023-12-03T18:41:34.901+0000] {processor.py:157} INFO - Started process (PID=77) to work on /home/airflow/.local/lib/python3.8/site-packages/airflow/example_dags/tutorial_dag.py
[2023-12-03T18:41:34.903+0000] {processor.py:829} INFO - Processing file /home/airflow/.local/lib/python3.8/site-packages/airflow/example_dags/tutorial_dag.py for tasks to queue
[2023-12-03T18:41:34.908+0000] {logging_mixin.py:154} INFO - [2023-12-03T18:41:34.907+0000] {dagbag.py:536} INFO - Filling up the DagBag from /home/airflow/.local/lib/python3.8/site-packages/airflow/example_dags/tutorial_dag.py
[2023-12-03T18:41:34.917+0000] {processor.py:839} INFO - DAG(s) dict_keys(['tutorial_dag']) retrieved from /home/airflow/.local/lib/python3.8/site-packages/airflow/example_dags/tutorial_dag.py
[2023-12-03T18:41:34.948+0000] {logging_mixin.py:154} INFO - [2023-12-03T18:41:34.947+0000] {dag.py:2941} INFO - Sync 1 DAGs
[2023-12-03T18:41:34.970+0000] {logging_mixin.py:154} INFO - [2023-12-03T18:41:34.969+0000] {dag.py:3722} INFO - Setting next_dagrun for tutorial_dag to None, run_after=None
[2023-12-03T18:41:35.004+0000] {processor.py:179} INFO - Processing /home/airflow/.local/lib/python3.8/site-packages/airflow/example_dags/tutorial_dag.py took 0.108 seconds
[2023-12-03T18:41:59.138+0000] {processor.py:157} INFO - Started process (PID=76) to work on /home/airflow/.local/lib/python3.8/site-packages/airflow/example_dags/tutorial_dag.py
[2023-12-03T18:41:59.140+0000] {processor.py:829} INFO - Processing file /home/airflow/.local/lib/python3.8/site-packages/airflow/example_dags/tutorial_dag.py for tasks to queue
[2023-12-03T18:41:59.144+0000] {logging_mixin.py:154} INFO - [2023-12-03T18:41:59.143+0000] {dagbag.py:536} INFO - Filling up the DagBag from /home/airflow/.local/lib/python3.8/site-packages/airflow/example_dags/tutorial_dag.py
[2023-12-03T18:41:59.155+0000] {processor.py:839} INFO - DAG(s) dict_keys(['tutorial_dag']) retrieved from /home/airflow/.local/lib/python3.8/site-packages/airflow/example_dags/tutorial_dag.py
[2023-12-03T18:41:59.192+0000] {logging_mixin.py:154} INFO - [2023-12-03T18:41:59.191+0000] {dag.py:2941} INFO - Sync 1 DAGs
[2023-12-03T18:41:59.217+0000] {logging_mixin.py:154} INFO - [2023-12-03T18:41:59.216+0000] {dag.py:3722} INFO - Setting next_dagrun for tutorial_dag to None, run_after=None
[2023-12-03T18:41:59.251+0000] {processor.py:179} INFO - Processing /home/airflow/.local/lib/python3.8/site-packages/airflow/example_dags/tutorial_dag.py took 0.123 seconds
[2023-12-03T18:42:29.861+0000] {processor.py:157} INFO - Started process (PID=131) to work on /home/airflow/.local/lib/python3.8/site-packages/airflow/example_dags/tutorial_dag.py
[2023-12-03T18:42:29.862+0000] {processor.py:829} INFO - Processing file /home/airflow/.local/lib/python3.8/site-packages/airflow/example_dags/tutorial_dag.py for tasks to queue
[2023-12-03T18:42:29.866+0000] {logging_mixin.py:154} INFO - [2023-12-03T18:42:29.865+0000] {dagbag.py:536} INFO - Filling up the DagBag from /home/airflow/.local/lib/python3.8/site-packages/airflow/example_dags/tutorial_dag.py
[2023-12-03T18:42:29.874+0000] {processor.py:839} INFO - DAG(s) dict_keys(['tutorial_dag']) retrieved from /home/airflow/.local/lib/python3.8/site-packages/airflow/example_dags/tutorial_dag.py
[2023-12-03T18:42:29.908+0000] {logging_mixin.py:154} INFO - [2023-12-03T18:42:29.908+0000] {dag.py:2941} INFO - Sync 1 DAGs
[2023-12-03T18:42:29.930+0000] {logging_mixin.py:154} INFO - [2023-12-03T18:42:29.929+0000] {dag.py:3722} INFO - Setting next_dagrun for tutorial_dag to None, run_after=None
[2023-12-03T18:42:29.972+0000] {processor.py:179} INFO - Processing /home/airflow/.local/lib/python3.8/site-packages/airflow/example_dags/tutorial_dag.py took 0.116 seconds
[2023-12-03T18:43:00.850+0000] {processor.py:157} INFO - Started process (PID=187) to work on /home/airflow/.local/lib/python3.8/site-packages/airflow/example_dags/tutorial_dag.py
[2023-12-03T18:43:00.851+0000] {processor.py:829} INFO - Processing file /home/airflow/.local/lib/python3.8/site-packages/airflow/example_dags/tutorial_dag.py for tasks to queue
[2023-12-03T18:43:00.856+0000] {logging_mixin.py:154} INFO - [2023-12-03T18:43:00.855+0000] {dagbag.py:536} INFO - Filling up the DagBag from /home/airflow/.local/lib/python3.8/site-packages/airflow/example_dags/tutorial_dag.py
[2023-12-03T18:43:00.867+0000] {processor.py:839} INFO - DAG(s) dict_keys(['tutorial_dag']) retrieved from /home/airflow/.local/lib/python3.8/site-packages/airflow/example_dags/tutorial_dag.py
[2023-12-03T18:43:00.907+0000] {logging_mixin.py:154} INFO - [2023-12-03T18:43:00.907+0000] {dag.py:2941} INFO - Sync 1 DAGs
[2023-12-03T18:43:00.934+0000] {logging_mixin.py:154} INFO - [2023-12-03T18:43:00.934+0000] {dag.py:3722} INFO - Setting next_dagrun for tutorial_dag to None, run_after=None
[2023-12-03T18:43:00.980+0000] {processor.py:179} INFO - Processing /home/airflow/.local/lib/python3.8/site-packages/airflow/example_dags/tutorial_dag.py took 0.136 seconds
[2023-12-03T18:43:31.588+0000] {processor.py:157} INFO - Started process (PID=242) to work on /home/airflow/.local/lib/python3.8/site-packages/airflow/example_dags/tutorial_dag.py
[2023-12-03T18:43:31.589+0000] {processor.py:829} INFO - Processing file /home/airflow/.local/lib/python3.8/site-packages/airflow/example_dags/tutorial_dag.py for tasks to queue
[2023-12-03T18:43:31.593+0000] {logging_mixin.py:154} INFO - [2023-12-03T18:43:31.593+0000] {dagbag.py:536} INFO - Filling up the DagBag from /home/airflow/.local/lib/python3.8/site-packages/airflow/example_dags/tutorial_dag.py
[2023-12-03T18:43:31.601+0000] {processor.py:839} INFO - DAG(s) dict_keys(['tutorial_dag']) retrieved from /home/airflow/.local/lib/python3.8/site-packages/airflow/example_dags/tutorial_dag.py
[2023-12-03T18:43:31.635+0000] {logging_mixin.py:154} INFO - [2023-12-03T18:43:31.635+0000] {dag.py:2941} INFO - Sync 1 DAGs
[2023-12-03T18:43:31.655+0000] {logging_mixin.py:154} INFO - [2023-12-03T18:43:31.654+0000] {dag.py:3722} INFO - Setting next_dagrun for tutorial_dag to None, run_after=None
[2023-12-03T18:43:31.689+0000] {processor.py:179} INFO - Processing /home/airflow/.local/lib/python3.8/site-packages/airflow/example_dags/tutorial_dag.py took 0.105 seconds
[2023-12-03T18:44:02.615+0000] {processor.py:157} INFO - Started process (PID=297) to work on /home/airflow/.local/lib/python3.8/site-packages/airflow/example_dags/tutorial_dag.py
[2023-12-03T18:44:02.616+0000] {processor.py:829} INFO - Processing file /home/airflow/.local/lib/python3.8/site-packages/airflow/example_dags/tutorial_dag.py for tasks to queue
[2023-12-03T18:44:02.619+0000] {logging_mixin.py:154} INFO - [2023-12-03T18:44:02.619+0000] {dagbag.py:536} INFO - Filling up the DagBag from /home/airflow/.local/lib/python3.8/site-packages/airflow/example_dags/tutorial_dag.py
[2023-12-03T18:44:02.627+0000] {processor.py:839} INFO - DAG(s) dict_keys(['tutorial_dag']) retrieved from /home/airflow/.local/lib/python3.8/site-packages/airflow/example_dags/tutorial_dag.py
[2023-12-03T18:44:02.657+0000] {logging_mixin.py:154} INFO - [2023-12-03T18:44:02.657+0000] {dag.py:2941} INFO - Sync 1 DAGs
[2023-12-03T18:44:02.681+0000] {logging_mixin.py:154} INFO - [2023-12-03T18:44:02.681+0000] {dag.py:3722} INFO - Setting next_dagrun for tutorial_dag to None, run_after=None
[2023-12-03T18:44:02.716+0000] {processor.py:179} INFO - Processing /home/airflow/.local/lib/python3.8/site-packages/airflow/example_dags/tutorial_dag.py took 0.107 seconds
[2023-12-03T18:44:33.054+0000] {processor.py:157} INFO - Started process (PID=352) to work on /home/airflow/.local/lib/python3.8/site-packages/airflow/example_dags/tutorial_dag.py
[2023-12-03T18:44:33.057+0000] {processor.py:829} INFO - Processing file /home/airflow/.local/lib/python3.8/site-packages/airflow/example_dags/tutorial_dag.py for tasks to queue
[2023-12-03T18:44:33.062+0000] {logging_mixin.py:154} INFO - [2023-12-03T18:44:33.061+0000] {dagbag.py:536} INFO - Filling up the DagBag from /home/airflow/.local/lib/python3.8/site-packages/airflow/example_dags/tutorial_dag.py
[2023-12-03T18:44:33.070+0000] {processor.py:839} INFO - DAG(s) dict_keys(['tutorial_dag']) retrieved from /home/airflow/.local/lib/python3.8/site-packages/airflow/example_dags/tutorial_dag.py
[2023-12-03T18:44:33.102+0000] {logging_mixin.py:154} INFO - [2023-12-03T18:44:33.102+0000] {dag.py:2941} INFO - Sync 1 DAGs
[2023-12-03T18:44:33.126+0000] {logging_mixin.py:154} INFO - [2023-12-03T18:44:33.125+0000] {dag.py:3722} INFO - Setting next_dagrun for tutorial_dag to None, run_after=None
[2023-12-03T18:44:33.165+0000] {processor.py:179} INFO - Processing /home/airflow/.local/lib/python3.8/site-packages/airflow/example_dags/tutorial_dag.py took 0.117 seconds
[2023-12-03T18:48:30.949+0000] {processor.py:157} INFO - Started process (PID=80) to work on /home/airflow/.local/lib/python3.8/site-packages/airflow/example_dags/tutorial_dag.py
[2023-12-03T18:48:30.950+0000] {processor.py:829} INFO - Processing file /home/airflow/.local/lib/python3.8/site-packages/airflow/example_dags/tutorial_dag.py for tasks to queue
[2023-12-03T18:48:30.954+0000] {logging_mixin.py:154} INFO - [2023-12-03T18:48:30.953+0000] {dagbag.py:536} INFO - Filling up the DagBag from /home/airflow/.local/lib/python3.8/site-packages/airflow/example_dags/tutorial_dag.py
[2023-12-03T18:48:30.963+0000] {processor.py:839} INFO - DAG(s) dict_keys(['tutorial_dag']) retrieved from /home/airflow/.local/lib/python3.8/site-packages/airflow/example_dags/tutorial_dag.py
[2023-12-03T18:48:30.984+0000] {logging_mixin.py:154} INFO - [2023-12-03T18:48:30.983+0000] {dag.py:2941} INFO - Sync 1 DAGs
[2023-12-03T18:48:31.010+0000] {logging_mixin.py:154} INFO - [2023-12-03T18:48:31.010+0000] {dag.py:3722} INFO - Setting next_dagrun for tutorial_dag to None, run_after=None
[2023-12-03T18:48:31.047+0000] {processor.py:179} INFO - Processing /home/airflow/.local/lib/python3.8/site-packages/airflow/example_dags/tutorial_dag.py took 0.103 seconds
[2023-12-03T18:49:01.925+0000] {processor.py:157} INFO - Started process (PID=135) to work on /home/airflow/.local/lib/python3.8/site-packages/airflow/example_dags/tutorial_dag.py
[2023-12-03T18:49:01.927+0000] {processor.py:829} INFO - Processing file /home/airflow/.local/lib/python3.8/site-packages/airflow/example_dags/tutorial_dag.py for tasks to queue
[2023-12-03T18:49:01.931+0000] {logging_mixin.py:154} INFO - [2023-12-03T18:49:01.931+0000] {dagbag.py:536} INFO - Filling up the DagBag from /home/airflow/.local/lib/python3.8/site-packages/airflow/example_dags/tutorial_dag.py
[2023-12-03T18:49:01.944+0000] {processor.py:839} INFO - DAG(s) dict_keys(['tutorial_dag']) retrieved from /home/airflow/.local/lib/python3.8/site-packages/airflow/example_dags/tutorial_dag.py
[2023-12-03T18:49:02.002+0000] {logging_mixin.py:154} INFO - [2023-12-03T18:49:02.001+0000] {dag.py:2941} INFO - Sync 1 DAGs
[2023-12-03T18:49:02.039+0000] {logging_mixin.py:154} INFO - [2023-12-03T18:49:02.039+0000] {dag.py:3722} INFO - Setting next_dagrun for tutorial_dag to None, run_after=None
[2023-12-03T18:49:02.074+0000] {processor.py:179} INFO - Processing /home/airflow/.local/lib/python3.8/site-packages/airflow/example_dags/tutorial_dag.py took 0.155 seconds
[2023-12-03T18:49:32.158+0000] {processor.py:157} INFO - Started process (PID=189) to work on /home/airflow/.local/lib/python3.8/site-packages/airflow/example_dags/tutorial_dag.py
[2023-12-03T18:49:32.160+0000] {processor.py:829} INFO - Processing file /home/airflow/.local/lib/python3.8/site-packages/airflow/example_dags/tutorial_dag.py for tasks to queue
[2023-12-03T18:49:32.163+0000] {logging_mixin.py:154} INFO - [2023-12-03T18:49:32.163+0000] {dagbag.py:536} INFO - Filling up the DagBag from /home/airflow/.local/lib/python3.8/site-packages/airflow/example_dags/tutorial_dag.py
[2023-12-03T18:49:32.171+0000] {processor.py:839} INFO - DAG(s) dict_keys(['tutorial_dag']) retrieved from /home/airflow/.local/lib/python3.8/site-packages/airflow/example_dags/tutorial_dag.py
[2023-12-03T18:49:32.201+0000] {logging_mixin.py:154} INFO - [2023-12-03T18:49:32.201+0000] {dag.py:2941} INFO - Sync 1 DAGs
[2023-12-03T18:49:32.222+0000] {logging_mixin.py:154} INFO - [2023-12-03T18:49:32.222+0000] {dag.py:3722} INFO - Setting next_dagrun for tutorial_dag to None, run_after=None
[2023-12-03T18:49:32.263+0000] {processor.py:179} INFO - Processing /home/airflow/.local/lib/python3.8/site-packages/airflow/example_dags/tutorial_dag.py took 0.110 seconds
