[2023-12-03T18:29:46.026+0000] {processor.py:157} INFO - Started process (PID=35) to work on /opt/airflow/dags/good_mornig.py
[2023-12-03T18:29:46.027+0000] {processor.py:829} INFO - Processing file /opt/airflow/dags/good_mornig.py for tasks to queue
[2023-12-03T18:29:46.031+0000] {logging_mixin.py:154} INFO - [2023-12-03T18:29:46.030+0000] {dagbag.py:536} INFO - Filling up the DagBag from /opt/airflow/dags/good_mornig.py
[2023-12-03T18:29:46.065+0000] {processor.py:839} INFO - DAG(s) dict_keys(['good_morning_1']) retrieved from /opt/airflow/dags/good_mornig.py
[2023-12-03T18:29:46.478+0000] {logging_mixin.py:154} INFO - [2023-12-03T18:29:46.477+0000] {manager.py:499} INFO - Created Permission View: %s
[2023-12-03T18:29:46.501+0000] {logging_mixin.py:154} INFO - [2023-12-03T18:29:46.500+0000] {manager.py:499} INFO - Created Permission View: %s
[2023-12-03T18:29:46.517+0000] {logging_mixin.py:154} INFO - [2023-12-03T18:29:46.517+0000] {manager.py:499} INFO - Created Permission View: %s
[2023-12-03T18:29:46.519+0000] {logging_mixin.py:154} INFO - [2023-12-03T18:29:46.518+0000] {dag.py:2941} INFO - Sync 1 DAGs
[2023-12-03T18:29:46.743+0000] {logging_mixin.py:154} INFO - [2023-12-03T18:29:46.743+0000] {dag.py:2963} INFO - Creating ORM DAG for good_morning_1
[2023-12-03T18:29:46.767+0000] {logging_mixin.py:154} INFO - [2023-12-03T18:29:46.767+0000] {dag.py:3722} INFO - Setting next_dagrun for good_morning_1 to 2023-12-03T17:10:00+00:00, run_after=2023-12-03T18:10:00+00:00
[2023-12-03T18:29:46.816+0000] {processor.py:179} INFO - Processing /opt/airflow/dags/good_mornig.py took 0.795 seconds
[2023-12-03T18:30:16.901+0000] {processor.py:157} INFO - Started process (PID=93) to work on /opt/airflow/dags/good_mornig.py
[2023-12-03T18:30:16.902+0000] {processor.py:829} INFO - Processing file /opt/airflow/dags/good_mornig.py for tasks to queue
[2023-12-03T18:30:16.907+0000] {logging_mixin.py:154} INFO - [2023-12-03T18:30:16.906+0000] {dagbag.py:536} INFO - Filling up the DagBag from /opt/airflow/dags/good_mornig.py
[2023-12-03T18:30:16.921+0000] {processor.py:839} INFO - DAG(s) dict_keys(['good_morning_1']) retrieved from /opt/airflow/dags/good_mornig.py
[2023-12-03T18:30:16.953+0000] {logging_mixin.py:154} INFO - [2023-12-03T18:30:16.953+0000] {dag.py:2941} INFO - Sync 1 DAGs
[2023-12-03T18:30:16.984+0000] {logging_mixin.py:154} INFO - [2023-12-03T18:30:16.983+0000] {dag.py:3722} INFO - Setting next_dagrun for good_morning_1 to 2023-12-03T17:10:00+00:00, run_after=2023-12-03T18:10:00+00:00
[2023-12-03T18:30:17.010+0000] {processor.py:179} INFO - Processing /opt/airflow/dags/good_mornig.py took 0.118 seconds
[2023-12-03T18:30:47.345+0000] {processor.py:157} INFO - Started process (PID=145) to work on /opt/airflow/dags/good_mornig.py
[2023-12-03T18:30:47.347+0000] {processor.py:829} INFO - Processing file /opt/airflow/dags/good_mornig.py for tasks to queue
[2023-12-03T18:30:47.354+0000] {logging_mixin.py:154} INFO - [2023-12-03T18:30:47.353+0000] {dagbag.py:536} INFO - Filling up the DagBag from /opt/airflow/dags/good_mornig.py
[2023-12-03T18:30:47.372+0000] {processor.py:839} INFO - DAG(s) dict_keys(['good_morning_1']) retrieved from /opt/airflow/dags/good_mornig.py
[2023-12-03T18:30:47.414+0000] {logging_mixin.py:154} INFO - [2023-12-03T18:30:47.414+0000] {dag.py:2941} INFO - Sync 1 DAGs
[2023-12-03T18:30:47.459+0000] {logging_mixin.py:154} INFO - [2023-12-03T18:30:47.459+0000] {dag.py:3722} INFO - Setting next_dagrun for good_morning_1 to 2023-12-03T17:10:00+00:00, run_after=2023-12-03T18:10:00+00:00
[2023-12-03T18:30:47.484+0000] {processor.py:179} INFO - Processing /opt/airflow/dags/good_mornig.py took 0.148 seconds
[2023-12-03T18:31:18.435+0000] {processor.py:157} INFO - Started process (PID=204) to work on /opt/airflow/dags/good_mornig.py
[2023-12-03T18:31:18.437+0000] {processor.py:829} INFO - Processing file /opt/airflow/dags/good_mornig.py for tasks to queue
[2023-12-03T18:31:18.441+0000] {logging_mixin.py:154} INFO - [2023-12-03T18:31:18.440+0000] {dagbag.py:536} INFO - Filling up the DagBag from /opt/airflow/dags/good_mornig.py
[2023-12-03T18:31:18.463+0000] {processor.py:839} INFO - DAG(s) dict_keys(['good_morning_1']) retrieved from /opt/airflow/dags/good_mornig.py
[2023-12-03T18:31:18.512+0000] {logging_mixin.py:154} INFO - [2023-12-03T18:31:18.511+0000] {dag.py:2941} INFO - Sync 1 DAGs
[2023-12-03T18:31:18.565+0000] {logging_mixin.py:154} INFO - [2023-12-03T18:31:18.565+0000] {dag.py:3722} INFO - Setting next_dagrun for good_morning_1 to 2023-12-03T18:10:00+00:00, run_after=2023-12-03T19:10:00+00:00
[2023-12-03T18:31:18.610+0000] {processor.py:179} INFO - Processing /opt/airflow/dags/good_mornig.py took 0.180 seconds
[2023-12-03T18:31:48.823+0000] {processor.py:157} INFO - Started process (PID=263) to work on /opt/airflow/dags/good_mornig.py
[2023-12-03T18:31:48.827+0000] {processor.py:829} INFO - Processing file /opt/airflow/dags/good_mornig.py for tasks to queue
[2023-12-03T18:31:48.834+0000] {logging_mixin.py:154} INFO - [2023-12-03T18:31:48.833+0000] {dagbag.py:536} INFO - Filling up the DagBag from /opt/airflow/dags/good_mornig.py
[2023-12-03T18:31:48.864+0000] {processor.py:839} INFO - DAG(s) dict_keys(['good_morning_1']) retrieved from /opt/airflow/dags/good_mornig.py
[2023-12-03T18:31:48.904+0000] {logging_mixin.py:154} INFO - [2023-12-03T18:31:48.903+0000] {dag.py:2941} INFO - Sync 1 DAGs
[2023-12-03T18:31:48.951+0000] {logging_mixin.py:154} INFO - [2023-12-03T18:31:48.950+0000] {dag.py:3722} INFO - Setting next_dagrun for good_morning_1 to 2023-12-03T18:10:00+00:00, run_after=2023-12-03T19:10:00+00:00
[2023-12-03T18:31:48.988+0000] {processor.py:179} INFO - Processing /opt/airflow/dags/good_mornig.py took 0.178 seconds
[2023-12-03T18:32:19.784+0000] {processor.py:157} INFO - Started process (PID=318) to work on /opt/airflow/dags/good_mornig.py
[2023-12-03T18:32:19.785+0000] {processor.py:829} INFO - Processing file /opt/airflow/dags/good_mornig.py for tasks to queue
[2023-12-03T18:32:19.792+0000] {logging_mixin.py:154} INFO - [2023-12-03T18:32:19.791+0000] {dagbag.py:536} INFO - Filling up the DagBag from /opt/airflow/dags/good_mornig.py
[2023-12-03T18:32:19.820+0000] {processor.py:839} INFO - DAG(s) dict_keys(['good_morning_1']) retrieved from /opt/airflow/dags/good_mornig.py
[2023-12-03T18:32:19.872+0000] {logging_mixin.py:154} INFO - [2023-12-03T18:32:19.871+0000] {dag.py:2941} INFO - Sync 1 DAGs
[2023-12-03T18:32:19.914+0000] {logging_mixin.py:154} INFO - [2023-12-03T18:32:19.914+0000] {dag.py:3722} INFO - Setting next_dagrun for good_morning_1 to 2023-12-03T18:10:00+00:00, run_after=2023-12-03T19:10:00+00:00
[2023-12-03T18:32:19.943+0000] {processor.py:179} INFO - Processing /opt/airflow/dags/good_mornig.py took 0.166 seconds
[2023-12-03T18:32:50.044+0000] {processor.py:157} INFO - Started process (PID=373) to work on /opt/airflow/dags/good_mornig.py
[2023-12-03T18:32:50.047+0000] {processor.py:829} INFO - Processing file /opt/airflow/dags/good_mornig.py for tasks to queue
[2023-12-03T18:32:50.054+0000] {logging_mixin.py:154} INFO - [2023-12-03T18:32:50.053+0000] {dagbag.py:536} INFO - Filling up the DagBag from /opt/airflow/dags/good_mornig.py
[2023-12-03T18:32:50.084+0000] {processor.py:839} INFO - DAG(s) dict_keys(['good_morning_1']) retrieved from /opt/airflow/dags/good_mornig.py
[2023-12-03T18:32:50.139+0000] {logging_mixin.py:154} INFO - [2023-12-03T18:32:50.139+0000] {dag.py:2941} INFO - Sync 1 DAGs
[2023-12-03T18:32:50.175+0000] {logging_mixin.py:154} INFO - [2023-12-03T18:32:50.175+0000] {dag.py:3722} INFO - Setting next_dagrun for good_morning_1 to 2023-12-03T18:10:00+00:00, run_after=2023-12-03T19:10:00+00:00
[2023-12-03T18:32:50.211+0000] {processor.py:179} INFO - Processing /opt/airflow/dags/good_mornig.py took 0.177 seconds
[2023-12-03T18:33:21.080+0000] {processor.py:157} INFO - Started process (PID=428) to work on /opt/airflow/dags/good_mornig.py
[2023-12-03T18:33:21.083+0000] {processor.py:829} INFO - Processing file /opt/airflow/dags/good_mornig.py for tasks to queue
[2023-12-03T18:33:21.090+0000] {logging_mixin.py:154} INFO - [2023-12-03T18:33:21.088+0000] {dagbag.py:536} INFO - Filling up the DagBag from /opt/airflow/dags/good_mornig.py
[2023-12-03T18:33:21.125+0000] {processor.py:839} INFO - DAG(s) dict_keys(['good_morning_1']) retrieved from /opt/airflow/dags/good_mornig.py
[2023-12-03T18:33:21.165+0000] {logging_mixin.py:154} INFO - [2023-12-03T18:33:21.165+0000] {dag.py:2941} INFO - Sync 1 DAGs
[2023-12-03T18:33:21.201+0000] {logging_mixin.py:154} INFO - [2023-12-03T18:33:21.201+0000] {dag.py:3722} INFO - Setting next_dagrun for good_morning_1 to 2023-12-03T18:10:00+00:00, run_after=2023-12-03T19:10:00+00:00
[2023-12-03T18:33:21.241+0000] {processor.py:179} INFO - Processing /opt/airflow/dags/good_mornig.py took 0.169 seconds
[2023-12-03T18:33:51.946+0000] {processor.py:157} INFO - Started process (PID=483) to work on /opt/airflow/dags/good_mornig.py
[2023-12-03T18:33:51.949+0000] {processor.py:829} INFO - Processing file /opt/airflow/dags/good_mornig.py for tasks to queue
[2023-12-03T18:33:51.957+0000] {logging_mixin.py:154} INFO - [2023-12-03T18:33:51.956+0000] {dagbag.py:536} INFO - Filling up the DagBag from /opt/airflow/dags/good_mornig.py
[2023-12-03T18:33:51.989+0000] {processor.py:839} INFO - DAG(s) dict_keys(['good_morning_1']) retrieved from /opt/airflow/dags/good_mornig.py
[2023-12-03T18:33:52.038+0000] {logging_mixin.py:154} INFO - [2023-12-03T18:33:52.038+0000] {dag.py:2941} INFO - Sync 1 DAGs
[2023-12-03T18:33:52.084+0000] {logging_mixin.py:154} INFO - [2023-12-03T18:33:52.083+0000] {dag.py:3722} INFO - Setting next_dagrun for good_morning_1 to 2023-12-03T18:10:00+00:00, run_after=2023-12-03T19:10:00+00:00
[2023-12-03T18:33:52.123+0000] {processor.py:179} INFO - Processing /opt/airflow/dags/good_mornig.py took 0.188 seconds
[2023-12-03T18:34:22.589+0000] {processor.py:157} INFO - Started process (PID=538) to work on /opt/airflow/dags/good_mornig.py
[2023-12-03T18:34:22.592+0000] {processor.py:829} INFO - Processing file /opt/airflow/dags/good_mornig.py for tasks to queue
[2023-12-03T18:34:22.599+0000] {logging_mixin.py:154} INFO - [2023-12-03T18:34:22.598+0000] {dagbag.py:536} INFO - Filling up the DagBag from /opt/airflow/dags/good_mornig.py
[2023-12-03T18:34:22.631+0000] {processor.py:839} INFO - DAG(s) dict_keys(['good_morning_1']) retrieved from /opt/airflow/dags/good_mornig.py
[2023-12-03T18:34:22.669+0000] {logging_mixin.py:154} INFO - [2023-12-03T18:34:22.669+0000] {dag.py:2941} INFO - Sync 1 DAGs
[2023-12-03T18:34:22.704+0000] {logging_mixin.py:154} INFO - [2023-12-03T18:34:22.703+0000] {dag.py:3722} INFO - Setting next_dagrun for good_morning_1 to 2023-12-03T18:10:00+00:00, run_after=2023-12-03T19:10:00+00:00
[2023-12-03T18:34:22.747+0000] {processor.py:179} INFO - Processing /opt/airflow/dags/good_mornig.py took 0.169 seconds
[2023-12-03T18:34:53.314+0000] {processor.py:157} INFO - Started process (PID=593) to work on /opt/airflow/dags/good_mornig.py
[2023-12-03T18:34:53.316+0000] {processor.py:829} INFO - Processing file /opt/airflow/dags/good_mornig.py for tasks to queue
[2023-12-03T18:34:53.324+0000] {logging_mixin.py:154} INFO - [2023-12-03T18:34:53.323+0000] {dagbag.py:536} INFO - Filling up the DagBag from /opt/airflow/dags/good_mornig.py
[2023-12-03T18:34:53.356+0000] {processor.py:839} INFO - DAG(s) dict_keys(['good_morning_1']) retrieved from /opt/airflow/dags/good_mornig.py
[2023-12-03T18:34:53.394+0000] {logging_mixin.py:154} INFO - [2023-12-03T18:34:53.394+0000] {dag.py:2941} INFO - Sync 1 DAGs
[2023-12-03T18:34:53.438+0000] {logging_mixin.py:154} INFO - [2023-12-03T18:34:53.438+0000] {dag.py:3722} INFO - Setting next_dagrun for good_morning_1 to 2023-12-03T18:10:00+00:00, run_after=2023-12-03T19:10:00+00:00
[2023-12-03T18:34:53.484+0000] {processor.py:179} INFO - Processing /opt/airflow/dags/good_mornig.py took 0.180 seconds
[2023-12-03T18:35:23.656+0000] {processor.py:157} INFO - Started process (PID=648) to work on /opt/airflow/dags/good_mornig.py
[2023-12-03T18:35:23.658+0000] {processor.py:829} INFO - Processing file /opt/airflow/dags/good_mornig.py for tasks to queue
[2023-12-03T18:35:23.665+0000] {logging_mixin.py:154} INFO - [2023-12-03T18:35:23.664+0000] {dagbag.py:536} INFO - Filling up the DagBag from /opt/airflow/dags/good_mornig.py
[2023-12-03T18:35:23.697+0000] {processor.py:839} INFO - DAG(s) dict_keys(['good_morning_1']) retrieved from /opt/airflow/dags/good_mornig.py
[2023-12-03T18:35:23.749+0000] {logging_mixin.py:154} INFO - [2023-12-03T18:35:23.749+0000] {dag.py:2941} INFO - Sync 1 DAGs
[2023-12-03T18:35:23.800+0000] {logging_mixin.py:154} INFO - [2023-12-03T18:35:23.800+0000] {dag.py:3722} INFO - Setting next_dagrun for good_morning_1 to 2023-12-03T18:10:00+00:00, run_after=2023-12-03T19:10:00+00:00
[2023-12-03T18:35:23.840+0000] {processor.py:179} INFO - Processing /opt/airflow/dags/good_mornig.py took 0.193 seconds
[2023-12-03T18:35:54.601+0000] {processor.py:157} INFO - Started process (PID=703) to work on /opt/airflow/dags/good_mornig.py
[2023-12-03T18:35:54.604+0000] {processor.py:829} INFO - Processing file /opt/airflow/dags/good_mornig.py for tasks to queue
[2023-12-03T18:35:54.614+0000] {logging_mixin.py:154} INFO - [2023-12-03T18:35:54.613+0000] {dagbag.py:536} INFO - Filling up the DagBag from /opt/airflow/dags/good_mornig.py
[2023-12-03T18:35:54.644+0000] {processor.py:839} INFO - DAG(s) dict_keys(['good_morning_1']) retrieved from /opt/airflow/dags/good_mornig.py
[2023-12-03T18:35:54.687+0000] {logging_mixin.py:154} INFO - [2023-12-03T18:35:54.687+0000] {dag.py:2941} INFO - Sync 1 DAGs
[2023-12-03T18:35:54.738+0000] {logging_mixin.py:154} INFO - [2023-12-03T18:35:54.737+0000] {dag.py:3722} INFO - Setting next_dagrun for good_morning_1 to 2023-12-03T18:10:00+00:00, run_after=2023-12-03T19:10:00+00:00
[2023-12-03T18:35:54.786+0000] {processor.py:179} INFO - Processing /opt/airflow/dags/good_mornig.py took 0.194 seconds
[2023-12-03T18:36:25.469+0000] {processor.py:157} INFO - Started process (PID=758) to work on /opt/airflow/dags/good_mornig.py
[2023-12-03T18:36:25.470+0000] {processor.py:829} INFO - Processing file /opt/airflow/dags/good_mornig.py for tasks to queue
[2023-12-03T18:36:25.476+0000] {logging_mixin.py:154} INFO - [2023-12-03T18:36:25.475+0000] {dagbag.py:536} INFO - Filling up the DagBag from /opt/airflow/dags/good_mornig.py
[2023-12-03T18:36:25.491+0000] {processor.py:839} INFO - DAG(s) dict_keys(['good_morning_1']) retrieved from /opt/airflow/dags/good_mornig.py
[2023-12-03T18:36:25.524+0000] {logging_mixin.py:154} INFO - [2023-12-03T18:36:25.523+0000] {dag.py:2941} INFO - Sync 1 DAGs
[2023-12-03T18:36:25.570+0000] {logging_mixin.py:154} INFO - [2023-12-03T18:36:25.570+0000] {dag.py:3722} INFO - Setting next_dagrun for good_morning_1 to 2023-12-03T18:10:00+00:00, run_after=2023-12-03T19:10:00+00:00
[2023-12-03T18:36:25.615+0000] {processor.py:179} INFO - Processing /opt/airflow/dags/good_mornig.py took 0.153 seconds
[2023-12-03T18:36:56.080+0000] {processor.py:157} INFO - Started process (PID=813) to work on /opt/airflow/dags/good_mornig.py
[2023-12-03T18:36:56.084+0000] {processor.py:829} INFO - Processing file /opt/airflow/dags/good_mornig.py for tasks to queue
[2023-12-03T18:36:56.104+0000] {logging_mixin.py:154} INFO - [2023-12-03T18:36:56.099+0000] {dagbag.py:536} INFO - Filling up the DagBag from /opt/airflow/dags/good_mornig.py
[2023-12-03T18:36:56.128+0000] {processor.py:839} INFO - DAG(s) dict_keys(['good_morning_1']) retrieved from /opt/airflow/dags/good_mornig.py
[2023-12-03T18:36:56.166+0000] {logging_mixin.py:154} INFO - [2023-12-03T18:36:56.165+0000] {dag.py:2941} INFO - Sync 1 DAGs
[2023-12-03T18:36:56.207+0000] {logging_mixin.py:154} INFO - [2023-12-03T18:36:56.207+0000] {dag.py:3722} INFO - Setting next_dagrun for good_morning_1 to 2023-12-03T18:10:00+00:00, run_after=2023-12-03T19:10:00+00:00
[2023-12-03T18:36:56.426+0000] {processor.py:179} INFO - Processing /opt/airflow/dags/good_mornig.py took 0.359 seconds
[2023-12-03T18:37:26.910+0000] {processor.py:157} INFO - Started process (PID=875) to work on /opt/airflow/dags/good_mornig.py
[2023-12-03T18:37:26.912+0000] {processor.py:829} INFO - Processing file /opt/airflow/dags/good_mornig.py for tasks to queue
[2023-12-03T18:37:26.916+0000] {logging_mixin.py:154} INFO - [2023-12-03T18:37:26.915+0000] {dagbag.py:536} INFO - Filling up the DagBag from /opt/airflow/dags/good_mornig.py
[2023-12-03T18:37:26.933+0000] {processor.py:839} INFO - DAG(s) dict_keys(['good_morning_1']) retrieved from /opt/airflow/dags/good_mornig.py
[2023-12-03T18:37:26.968+0000] {logging_mixin.py:154} INFO - [2023-12-03T18:37:26.968+0000] {dag.py:2941} INFO - Sync 1 DAGs
[2023-12-03T18:37:27.008+0000] {logging_mixin.py:154} INFO - [2023-12-03T18:37:27.008+0000] {dag.py:3722} INFO - Setting next_dagrun for good_morning_1 to 2023-12-03T18:10:00+00:00, run_after=2023-12-03T19:10:00+00:00
[2023-12-03T18:37:27.047+0000] {processor.py:179} INFO - Processing /opt/airflow/dags/good_mornig.py took 0.142 seconds
[2023-12-03T18:37:57.638+0000] {processor.py:157} INFO - Started process (PID=930) to work on /opt/airflow/dags/good_mornig.py
[2023-12-03T18:37:57.640+0000] {processor.py:829} INFO - Processing file /opt/airflow/dags/good_mornig.py for tasks to queue
[2023-12-03T18:37:57.643+0000] {logging_mixin.py:154} INFO - [2023-12-03T18:37:57.643+0000] {dagbag.py:536} INFO - Filling up the DagBag from /opt/airflow/dags/good_mornig.py
[2023-12-03T18:37:57.657+0000] {processor.py:839} INFO - DAG(s) dict_keys(['good_morning_1']) retrieved from /opt/airflow/dags/good_mornig.py
[2023-12-03T18:37:57.712+0000] {logging_mixin.py:154} INFO - [2023-12-03T18:37:57.711+0000] {dag.py:2941} INFO - Sync 1 DAGs
[2023-12-03T18:37:57.759+0000] {logging_mixin.py:154} INFO - [2023-12-03T18:37:57.759+0000] {dag.py:3722} INFO - Setting next_dagrun for good_morning_1 to 2023-12-03T18:10:00+00:00, run_after=2023-12-03T19:10:00+00:00
[2023-12-03T18:37:57.794+0000] {processor.py:179} INFO - Processing /opt/airflow/dags/good_mornig.py took 0.161 seconds
[2023-12-03T18:38:28.113+0000] {processor.py:157} INFO - Started process (PID=985) to work on /opt/airflow/dags/good_mornig.py
[2023-12-03T18:38:28.117+0000] {processor.py:829} INFO - Processing file /opt/airflow/dags/good_mornig.py for tasks to queue
[2023-12-03T18:38:28.126+0000] {logging_mixin.py:154} INFO - [2023-12-03T18:38:28.125+0000] {dagbag.py:536} INFO - Filling up the DagBag from /opt/airflow/dags/good_mornig.py
[2023-12-03T18:38:28.163+0000] {processor.py:839} INFO - DAG(s) dict_keys(['good_morning_1']) retrieved from /opt/airflow/dags/good_mornig.py
[2023-12-03T18:38:28.205+0000] {logging_mixin.py:154} INFO - [2023-12-03T18:38:28.205+0000] {dag.py:2941} INFO - Sync 1 DAGs
[2023-12-03T18:38:28.245+0000] {logging_mixin.py:154} INFO - [2023-12-03T18:38:28.245+0000] {dag.py:3722} INFO - Setting next_dagrun for good_morning_1 to 2023-12-03T18:10:00+00:00, run_after=2023-12-03T19:10:00+00:00
[2023-12-03T18:38:28.285+0000] {processor.py:179} INFO - Processing /opt/airflow/dags/good_mornig.py took 0.183 seconds
[2023-12-03T18:38:58.769+0000] {processor.py:157} INFO - Started process (PID=1040) to work on /opt/airflow/dags/good_mornig.py
[2023-12-03T18:38:58.771+0000] {processor.py:829} INFO - Processing file /opt/airflow/dags/good_mornig.py for tasks to queue
[2023-12-03T18:38:58.779+0000] {logging_mixin.py:154} INFO - [2023-12-03T18:38:58.778+0000] {dagbag.py:536} INFO - Filling up the DagBag from /opt/airflow/dags/good_mornig.py
[2023-12-03T18:38:58.798+0000] {processor.py:839} INFO - DAG(s) dict_keys(['good_morning_1']) retrieved from /opt/airflow/dags/good_mornig.py
[2023-12-03T18:38:58.846+0000] {logging_mixin.py:154} INFO - [2023-12-03T18:38:58.846+0000] {dag.py:2941} INFO - Sync 1 DAGs
[2023-12-03T18:38:58.888+0000] {logging_mixin.py:154} INFO - [2023-12-03T18:38:58.888+0000] {dag.py:3722} INFO - Setting next_dagrun for good_morning_1 to 2023-12-03T18:10:00+00:00, run_after=2023-12-03T19:10:00+00:00
[2023-12-03T18:38:58.919+0000] {processor.py:179} INFO - Processing /opt/airflow/dags/good_mornig.py took 0.158 seconds
[2023-12-03T18:39:29.900+0000] {processor.py:157} INFO - Started process (PID=1095) to work on /opt/airflow/dags/good_mornig.py
[2023-12-03T18:39:29.903+0000] {processor.py:829} INFO - Processing file /opt/airflow/dags/good_mornig.py for tasks to queue
[2023-12-03T18:39:29.910+0000] {logging_mixin.py:154} INFO - [2023-12-03T18:39:29.909+0000] {dagbag.py:536} INFO - Filling up the DagBag from /opt/airflow/dags/good_mornig.py
[2023-12-03T18:39:29.940+0000] {processor.py:839} INFO - DAG(s) dict_keys(['good_morning_1']) retrieved from /opt/airflow/dags/good_mornig.py
[2023-12-03T18:39:29.994+0000] {logging_mixin.py:154} INFO - [2023-12-03T18:39:29.994+0000] {dag.py:2941} INFO - Sync 1 DAGs
[2023-12-03T18:39:30.048+0000] {logging_mixin.py:154} INFO - [2023-12-03T18:39:30.047+0000] {dag.py:3722} INFO - Setting next_dagrun for good_morning_1 to 2023-12-03T18:10:00+00:00, run_after=2023-12-03T19:10:00+00:00
[2023-12-03T18:39:30.085+0000] {processor.py:179} INFO - Processing /opt/airflow/dags/good_mornig.py took 0.195 seconds
[2023-12-03T18:40:00.247+0000] {processor.py:157} INFO - Started process (PID=1150) to work on /opt/airflow/dags/good_mornig.py
[2023-12-03T18:40:00.249+0000] {processor.py:829} INFO - Processing file /opt/airflow/dags/good_mornig.py for tasks to queue
[2023-12-03T18:40:00.257+0000] {logging_mixin.py:154} INFO - [2023-12-03T18:40:00.256+0000] {dagbag.py:536} INFO - Filling up the DagBag from /opt/airflow/dags/good_mornig.py
[2023-12-03T18:40:00.290+0000] {processor.py:839} INFO - DAG(s) dict_keys(['good_morning_1']) retrieved from /opt/airflow/dags/good_mornig.py
[2023-12-03T18:40:00.351+0000] {logging_mixin.py:154} INFO - [2023-12-03T18:40:00.350+0000] {dag.py:2941} INFO - Sync 1 DAGs
[2023-12-03T18:40:00.390+0000] {logging_mixin.py:154} INFO - [2023-12-03T18:40:00.390+0000] {dag.py:3722} INFO - Setting next_dagrun for good_morning_1 to 2023-12-03T18:10:00+00:00, run_after=2023-12-03T19:10:00+00:00
[2023-12-03T18:40:00.427+0000] {processor.py:179} INFO - Processing /opt/airflow/dags/good_mornig.py took 0.188 seconds
[2023-12-03T18:41:29.632+0000] {processor.py:157} INFO - Started process (PID=35) to work on /opt/airflow/dags/good_mornig.py
[2023-12-03T18:41:29.634+0000] {processor.py:829} INFO - Processing file /opt/airflow/dags/good_mornig.py for tasks to queue
[2023-12-03T18:41:29.639+0000] {logging_mixin.py:154} INFO - [2023-12-03T18:41:29.638+0000] {dagbag.py:536} INFO - Filling up the DagBag from /opt/airflow/dags/good_mornig.py
[2023-12-03T18:41:29.670+0000] {processor.py:839} INFO - DAG(s) dict_keys(['good_morning_1']) retrieved from /opt/airflow/dags/good_mornig.py
[2023-12-03T18:41:30.068+0000] {logging_mixin.py:154} INFO - [2023-12-03T18:41:30.068+0000] {dag.py:2941} INFO - Sync 1 DAGs
[2023-12-03T18:41:30.312+0000] {logging_mixin.py:154} INFO - [2023-12-03T18:41:30.312+0000] {dag.py:3722} INFO - Setting next_dagrun for good_morning_1 to 2023-12-03T18:10:00+00:00, run_after=2023-12-03T19:10:00+00:00
[2023-12-03T18:41:30.351+0000] {processor.py:179} INFO - Processing /opt/airflow/dags/good_mornig.py took 0.725 seconds
[2023-12-03T18:41:54.727+0000] {processor.py:157} INFO - Started process (PID=34) to work on /opt/airflow/dags/good_mornig.py
[2023-12-03T18:41:54.730+0000] {processor.py:829} INFO - Processing file /opt/airflow/dags/good_mornig.py for tasks to queue
[2023-12-03T18:41:54.736+0000] {logging_mixin.py:154} INFO - [2023-12-03T18:41:54.735+0000] {dagbag.py:536} INFO - Filling up the DagBag from /opt/airflow/dags/good_mornig.py
[2023-12-03T18:41:54.779+0000] {processor.py:839} INFO - DAG(s) dict_keys(['good_morning_1']) retrieved from /opt/airflow/dags/good_mornig.py
[2023-12-03T18:41:54.826+0000] {logging_mixin.py:154} INFO - [2023-12-03T18:41:54.826+0000] {dag.py:2941} INFO - Sync 1 DAGs
[2023-12-03T18:41:54.875+0000] {logging_mixin.py:154} INFO - [2023-12-03T18:41:54.875+0000] {dag.py:3722} INFO - Setting next_dagrun for good_morning_1 to 2023-12-03T18:10:00+00:00, run_after=2023-12-03T19:10:00+00:00
[2023-12-03T18:41:54.915+0000] {processor.py:179} INFO - Processing /opt/airflow/dags/good_mornig.py took 0.197 seconds
[2023-12-03T18:42:25.431+0000] {processor.py:157} INFO - Started process (PID=89) to work on /opt/airflow/dags/good_mornig.py
[2023-12-03T18:42:25.434+0000] {processor.py:829} INFO - Processing file /opt/airflow/dags/good_mornig.py for tasks to queue
[2023-12-03T18:42:25.441+0000] {logging_mixin.py:154} INFO - [2023-12-03T18:42:25.440+0000] {dagbag.py:536} INFO - Filling up the DagBag from /opt/airflow/dags/good_mornig.py
[2023-12-03T18:42:25.459+0000] {processor.py:839} INFO - DAG(s) dict_keys(['good_morning_1']) retrieved from /opt/airflow/dags/good_mornig.py
[2023-12-03T18:42:25.492+0000] {logging_mixin.py:154} INFO - [2023-12-03T18:42:25.492+0000] {dag.py:2941} INFO - Sync 1 DAGs
[2023-12-03T18:42:25.537+0000] {logging_mixin.py:154} INFO - [2023-12-03T18:42:25.536+0000] {dag.py:3722} INFO - Setting next_dagrun for good_morning_1 to 2023-12-03T18:10:00+00:00, run_after=2023-12-03T19:10:00+00:00
[2023-12-03T18:42:25.575+0000] {processor.py:179} INFO - Processing /opt/airflow/dags/good_mornig.py took 0.154 seconds
[2023-12-03T18:42:56.426+0000] {processor.py:157} INFO - Started process (PID=145) to work on /opt/airflow/dags/good_mornig.py
[2023-12-03T18:42:56.428+0000] {processor.py:829} INFO - Processing file /opt/airflow/dags/good_mornig.py for tasks to queue
[2023-12-03T18:42:56.436+0000] {logging_mixin.py:154} INFO - [2023-12-03T18:42:56.435+0000] {dagbag.py:536} INFO - Filling up the DagBag from /opt/airflow/dags/good_mornig.py
[2023-12-03T18:42:56.457+0000] {processor.py:839} INFO - DAG(s) dict_keys(['good_morning_1']) retrieved from /opt/airflow/dags/good_mornig.py
[2023-12-03T18:42:56.489+0000] {logging_mixin.py:154} INFO - [2023-12-03T18:42:56.489+0000] {dag.py:2941} INFO - Sync 1 DAGs
[2023-12-03T18:42:56.534+0000] {logging_mixin.py:154} INFO - [2023-12-03T18:42:56.533+0000] {dag.py:3722} INFO - Setting next_dagrun for good_morning_1 to 2023-12-03T18:10:00+00:00, run_after=2023-12-03T19:10:00+00:00
[2023-12-03T18:42:56.571+0000] {processor.py:179} INFO - Processing /opt/airflow/dags/good_mornig.py took 0.155 seconds
[2023-12-03T18:43:27.199+0000] {processor.py:157} INFO - Started process (PID=200) to work on /opt/airflow/dags/good_mornig.py
[2023-12-03T18:43:27.201+0000] {processor.py:829} INFO - Processing file /opt/airflow/dags/good_mornig.py for tasks to queue
[2023-12-03T18:43:27.207+0000] {logging_mixin.py:154} INFO - [2023-12-03T18:43:27.206+0000] {dagbag.py:536} INFO - Filling up the DagBag from /opt/airflow/dags/good_mornig.py
[2023-12-03T18:43:27.233+0000] {processor.py:839} INFO - DAG(s) dict_keys(['good_morning_1']) retrieved from /opt/airflow/dags/good_mornig.py
[2023-12-03T18:43:27.277+0000] {logging_mixin.py:154} INFO - [2023-12-03T18:43:27.276+0000] {dag.py:2941} INFO - Sync 1 DAGs
[2023-12-03T18:43:27.334+0000] {logging_mixin.py:154} INFO - [2023-12-03T18:43:27.333+0000] {dag.py:3722} INFO - Setting next_dagrun for good_morning_1 to 2023-12-03T18:10:00+00:00, run_after=2023-12-03T19:10:00+00:00
[2023-12-03T18:43:27.364+0000] {processor.py:179} INFO - Processing /opt/airflow/dags/good_mornig.py took 0.172 seconds
[2023-12-03T18:43:58.013+0000] {processor.py:157} INFO - Started process (PID=255) to work on /opt/airflow/dags/good_mornig.py
[2023-12-03T18:43:58.014+0000] {processor.py:829} INFO - Processing file /opt/airflow/dags/good_mornig.py for tasks to queue
[2023-12-03T18:43:58.018+0000] {logging_mixin.py:154} INFO - [2023-12-03T18:43:58.018+0000] {dagbag.py:536} INFO - Filling up the DagBag from /opt/airflow/dags/good_mornig.py
[2023-12-03T18:43:58.033+0000] {processor.py:839} INFO - DAG(s) dict_keys(['good_morning_1']) retrieved from /opt/airflow/dags/good_mornig.py
[2023-12-03T18:43:58.073+0000] {logging_mixin.py:154} INFO - [2023-12-03T18:43:58.072+0000] {dag.py:2941} INFO - Sync 1 DAGs
[2023-12-03T18:43:58.119+0000] {logging_mixin.py:154} INFO - [2023-12-03T18:43:58.119+0000] {dag.py:3722} INFO - Setting next_dagrun for good_morning_1 to 2023-12-03T18:10:00+00:00, run_after=2023-12-03T19:10:00+00:00
[2023-12-03T18:43:58.148+0000] {processor.py:179} INFO - Processing /opt/airflow/dags/good_mornig.py took 0.140 seconds
[2023-12-03T18:44:28.956+0000] {processor.py:157} INFO - Started process (PID=310) to work on /opt/airflow/dags/good_mornig.py
[2023-12-03T18:44:28.958+0000] {processor.py:829} INFO - Processing file /opt/airflow/dags/good_mornig.py for tasks to queue
[2023-12-03T18:44:28.966+0000] {logging_mixin.py:154} INFO - [2023-12-03T18:44:28.965+0000] {dagbag.py:536} INFO - Filling up the DagBag from /opt/airflow/dags/good_mornig.py
[2023-12-03T18:44:28.984+0000] {processor.py:839} INFO - DAG(s) dict_keys(['good_morning_1']) retrieved from /opt/airflow/dags/good_mornig.py
[2023-12-03T18:44:29.017+0000] {logging_mixin.py:154} INFO - [2023-12-03T18:44:29.017+0000] {dag.py:2941} INFO - Sync 1 DAGs
[2023-12-03T18:44:29.066+0000] {logging_mixin.py:154} INFO - [2023-12-03T18:44:29.066+0000] {dag.py:3722} INFO - Setting next_dagrun for good_morning_1 to 2023-12-03T18:10:00+00:00, run_after=2023-12-03T19:10:00+00:00
[2023-12-03T18:44:29.102+0000] {processor.py:179} INFO - Processing /opt/airflow/dags/good_mornig.py took 0.156 seconds
[2023-12-03T18:48:26.057+0000] {processor.py:157} INFO - Started process (PID=38) to work on /opt/airflow/dags/good_mornig.py
[2023-12-03T18:48:26.060+0000] {processor.py:829} INFO - Processing file /opt/airflow/dags/good_mornig.py for tasks to queue
[2023-12-03T18:48:26.068+0000] {logging_mixin.py:154} INFO - [2023-12-03T18:48:26.067+0000] {dagbag.py:536} INFO - Filling up the DagBag from /opt/airflow/dags/good_mornig.py
[2023-12-03T18:48:26.115+0000] {processor.py:839} INFO - DAG(s) dict_keys(['good_morning_1']) retrieved from /opt/airflow/dags/good_mornig.py
[2023-12-03T18:48:26.497+0000] {logging_mixin.py:154} INFO - [2023-12-03T18:48:26.497+0000] {dag.py:2941} INFO - Sync 1 DAGs
[2023-12-03T18:48:26.547+0000] {logging_mixin.py:154} INFO - [2023-12-03T18:48:26.547+0000] {dag.py:3722} INFO - Setting next_dagrun for good_morning_1 to 2023-12-03T18:10:00+00:00, run_after=2023-12-03T19:10:00+00:00
[2023-12-03T18:48:26.588+0000] {processor.py:179} INFO - Processing /opt/airflow/dags/good_mornig.py took 0.537 seconds
[2023-12-03T18:48:56.819+0000] {processor.py:157} INFO - Started process (PID=93) to work on /opt/airflow/dags/good_mornig.py
[2023-12-03T18:48:56.820+0000] {processor.py:829} INFO - Processing file /opt/airflow/dags/good_mornig.py for tasks to queue
[2023-12-03T18:48:56.824+0000] {logging_mixin.py:154} INFO - [2023-12-03T18:48:56.824+0000] {dagbag.py:536} INFO - Filling up the DagBag from /opt/airflow/dags/good_mornig.py
[2023-12-03T18:48:56.845+0000] {processor.py:839} INFO - DAG(s) dict_keys(['good_morning_1']) retrieved from /opt/airflow/dags/good_mornig.py
[2023-12-03T18:48:56.882+0000] {logging_mixin.py:154} INFO - [2023-12-03T18:48:56.881+0000] {dag.py:2941} INFO - Sync 1 DAGs
[2023-12-03T18:48:56.929+0000] {logging_mixin.py:154} INFO - [2023-12-03T18:48:56.929+0000] {dag.py:3722} INFO - Setting next_dagrun for good_morning_1 to 2023-12-03T18:10:00+00:00, run_after=2023-12-03T19:10:00+00:00
[2023-12-03T18:48:56.961+0000] {processor.py:179} INFO - Processing /opt/airflow/dags/good_mornig.py took 0.148 seconds
[2023-12-03T18:49:27.402+0000] {processor.py:157} INFO - Started process (PID=148) to work on /opt/airflow/dags/good_mornig.py
[2023-12-03T18:49:27.403+0000] {processor.py:829} INFO - Processing file /opt/airflow/dags/good_mornig.py for tasks to queue
[2023-12-03T18:49:27.407+0000] {logging_mixin.py:154} INFO - [2023-12-03T18:49:27.406+0000] {dagbag.py:536} INFO - Filling up the DagBag from /opt/airflow/dags/good_mornig.py
[2023-12-03T18:49:27.424+0000] {processor.py:839} INFO - DAG(s) dict_keys(['good_morning_1']) retrieved from /opt/airflow/dags/good_mornig.py
[2023-12-03T18:49:27.457+0000] {logging_mixin.py:154} INFO - [2023-12-03T18:49:27.456+0000] {dag.py:2941} INFO - Sync 1 DAGs
[2023-12-03T18:49:27.511+0000] {logging_mixin.py:154} INFO - [2023-12-03T18:49:27.511+0000] {dag.py:3722} INFO - Setting next_dagrun for good_morning_1 to 2023-12-03T18:10:00+00:00, run_after=2023-12-03T19:10:00+00:00
[2023-12-03T18:49:27.548+0000] {processor.py:179} INFO - Processing /opt/airflow/dags/good_mornig.py took 0.150 seconds
